2025-07-13 18:48:21,814 - INFO - <BrokerConnection node_id=bootstrap-0 host=kafka:9092 <connecting> [IPv4 ('172.18.0.2', 9092)]>: connecting to kafka:9092 [('172.18.0.2', 9092) IPv4]
2025-07-13 18:48:21,816 - INFO - Probing node bootstrap-0 broker version
2025-07-13 18:48:21,821 - INFO - <BrokerConnection node_id=bootstrap-0 host=kafka:9092 <connecting> [IPv4 ('172.18.0.2', 9092)]>: Connection complete.
2025-07-13 18:48:22,027 - INFO - Broker version identified as 2.5.0
2025-07-13 18:48:22,029 - INFO - Set configuration api_version=(2, 5, 0) to skip auto check_version requests on startup
2025-07-13 18:49:49,491 - INFO - productor: Datos cargados desde /app/data/aeronaves_completo.json.
2025-07-13 18:50:29,884 - INFO - productor: Enviadas 19 aeronaves al topic 'adsb.aeronaves'.
2025-07-13 18:50:29,887 - INFO - <BrokerConnection node_id=1 host=kafka:9092 <connecting> [IPv4 ('172.18.0.2', 9092)]>: connecting to kafka:9092 [('172.18.0.2', 9092) IPv4]
2025-07-13 18:50:29,893 - INFO - <BrokerConnection node_id=1 host=kafka:9092 <connecting> [IPv4 ('172.18.0.2', 9092)]>: Connection complete.
2025-07-13 18:50:29,894 - INFO - <BrokerConnection node_id=bootstrap-0 host=kafka:9092 <connected> [IPv4 ('172.18.0.2', 9092)]>: Closing connection. 
2025-07-13 18:50:39,596 - INFO - productor: Enviadas 400 aeronaves al topic 'adsb.aeronaves'.
2025-07-13 18:50:39,746 - INFO - productor: Enviadas 400 aeronaves al topic 'adsb.aeronaves'.
2025-07-13 18:50:40,618 - INFO - productor: Enviadas 400 aeronaves al topic 'adsb.aeronaves'.
2025-07-13 18:50:40,680 - INFO - productor: Enviadas 400 aeronaves al topic 'adsb.aeronaves'.
2025-07-13 18:50:40,743 - INFO - productor: Enviadas 400 aeronaves al topic 'adsb.aeronaves'.
2025-07-13 18:50:40,771 - INFO - productor: Enviadas 400 aeronaves al topic 'adsb.aeronaves'.
2025-07-13 18:50:40,801 - INFO - productor: Enviadas 400 aeronaves al topic 'adsb.aeronaves'.
2025-07-13 18:50:40,818 - INFO - productor: Enviadas 61 aeronaves al topic 'adsb.aeronaves'.
2025-07-13 18:50:49,623 - INFO - productor: Enviadas 400 aeronaves al topic 'adsb.aeronaves'.
2025-07-13 18:50:49,673 - INFO - productor: Enviadas 400 aeronaves al topic 'adsb.aeronaves'.
2025-07-13 18:50:49,711 - INFO - productor: Enviadas 400 aeronaves al topic 'adsb.aeronaves'.
2025-07-13 18:50:49,932 - INFO - productor: Enviadas 400 aeronaves al topic 'adsb.aeronaves'.
2025-07-13 18:50:49,960 - INFO - productor: Enviadas 400 aeronaves al topic 'adsb.aeronaves'.
2025-07-13 18:50:50,144 - INFO - productor: Enviadas 400 aeronaves al topic 'adsb.aeronaves'.
2025-07-13 18:50:50,181 - INFO - productor: Enviadas 400 aeronaves al topic 'adsb.aeronaves'.
2025-07-13 18:50:50,195 - INFO - productor: Enviadas 145 aeronaves al topic 'adsb.aeronaves'.
2025-07-13 18:50:59,593 - INFO - productor: Enviadas 400 aeronaves al topic 'adsb.aeronaves'.
2025-07-13 18:50:59,639 - INFO - productor: Enviadas 400 aeronaves al topic 'adsb.aeronaves'.
2025-07-13 18:50:59,689 - INFO - productor: Enviadas 400 aeronaves al topic 'adsb.aeronaves'.
2025-07-13 18:50:59,723 - INFO - productor: Enviadas 400 aeronaves al topic 'adsb.aeronaves'.
2025-07-13 18:50:59,773 - INFO - productor: Enviadas 400 aeronaves al topic 'adsb.aeronaves'.
2025-07-13 18:50:59,980 - INFO - productor: Enviadas 400 aeronaves al topic 'adsb.aeronaves'.
2025-07-13 18:51:00,062 - INFO - productor: Enviadas 400 aeronaves al topic 'adsb.aeronaves'.
2025-07-13 18:51:00,123 - INFO - productor: Enviadas 190 aeronaves al topic 'adsb.aeronaves'.
2025-07-13 18:51:09,591 - INFO - productor: Enviadas 400 aeronaves al topic 'adsb.aeronaves'.
2025-07-13 18:51:09,775 - INFO - productor: Enviadas 400 aeronaves al topic 'adsb.aeronaves'.
2025-07-13 18:51:09,872 - INFO - productor: Enviadas 400 aeronaves al topic 'adsb.aeronaves'.
2025-07-13 18:51:10,136 - INFO - productor: Enviadas 400 aeronaves al topic 'adsb.aeronaves'.
2025-07-13 18:51:10,156 - INFO - productor: Enviadas 400 aeronaves al topic 'adsb.aeronaves'.
2025-07-13 18:51:10,237 - INFO - productor: Enviadas 400 aeronaves al topic 'adsb.aeronaves'.
2025-07-13 18:51:10,263 - INFO - productor: Enviadas 400 aeronaves al topic 'adsb.aeronaves'.
2025-07-13 18:51:10,553 - INFO - productor: Enviadas 225 aeronaves al topic 'adsb.aeronaves'.
2025-07-13 18:51:19,683 - INFO - productor: Enviadas 400 aeronaves al topic 'adsb.aeronaves'.
2025-07-13 18:51:19,744 - INFO - productor: Enviadas 400 aeronaves al topic 'adsb.aeronaves'.
2025-07-13 18:51:19,804 - INFO - productor: Enviadas 400 aeronaves al topic 'adsb.aeronaves'.
2025-07-13 18:51:19,883 - INFO - productor: Enviadas 400 aeronaves al topic 'adsb.aeronaves'.
2025-07-13 18:51:20,053 - INFO - productor: Enviadas 400 aeronaves al topic 'adsb.aeronaves'.
2025-07-13 18:51:20,169 - INFO - productor: Enviadas 400 aeronaves al topic 'adsb.aeronaves'.
2025-07-13 18:51:20,216 - INFO - productor: Enviadas 400 aeronaves al topic 'adsb.aeronaves'.
2025-07-13 18:51:20,865 - INFO - productor: Enviadas 254 aeronaves al topic 'adsb.aeronaves'.
2025-07-13 18:51:29,687 - INFO - productor: Enviadas 400 aeronaves al topic 'adsb.aeronaves'.
2025-07-13 18:51:29,995 - INFO - productor: Enviadas 400 aeronaves al topic 'adsb.aeronaves'.
2025-07-13 18:51:30,830 - INFO - productor: Enviadas 400 aeronaves al topic 'adsb.aeronaves'.
2025-07-13 18:51:31,914 - INFO - productor: Enviadas 400 aeronaves al topic 'adsb.aeronaves'.
2025-07-13 18:51:32,083 - INFO - productor: Enviadas 400 aeronaves al topic 'adsb.aeronaves'.
2025-07-13 18:51:32,957 - INFO - productor: Enviadas 400 aeronaves al topic 'adsb.aeronaves'.
2025-07-13 18:51:33,084 - INFO - productor: Enviadas 400 aeronaves al topic 'adsb.aeronaves'.
2025-07-13 18:51:33,113 - INFO - productor: Enviadas 273 aeronaves al topic 'adsb.aeronaves'.
2025-07-13 18:51:39,929 - INFO - productor: Enviadas 400 aeronaves al topic 'adsb.aeronaves'.
2025-07-13 18:51:40,041 - INFO - productor: Enviadas 400 aeronaves al topic 'adsb.aeronaves'.
2025-07-13 18:51:40,100 - INFO - productor: Enviadas 400 aeronaves al topic 'adsb.aeronaves'.
2025-07-13 18:51:40,408 - INFO - productor: Enviadas 400 aeronaves al topic 'adsb.aeronaves'.
2025-07-13 18:51:40,460 - INFO - productor: Enviadas 400 aeronaves al topic 'adsb.aeronaves'.
2025-07-13 18:51:40,680 - INFO - productor: Enviadas 400 aeronaves al topic 'adsb.aeronaves'.
2025-07-13 18:51:40,755 - INFO - productor: Enviadas 400 aeronaves al topic 'adsb.aeronaves'.
2025-07-13 18:51:40,960 - INFO - productor: Enviadas 288 aeronaves al topic 'adsb.aeronaves'.
2025-07-13 18:51:49,577 - INFO - productor: Enviadas 400 aeronaves al topic 'adsb.aeronaves'.
2025-07-13 18:51:49,611 - INFO - productor: Enviadas 400 aeronaves al topic 'adsb.aeronaves'.
2025-07-13 18:51:49,663 - INFO - productor: Enviadas 400 aeronaves al topic 'adsb.aeronaves'.
2025-07-13 18:51:49,705 - INFO - productor: Enviadas 400 aeronaves al topic 'adsb.aeronaves'.
2025-07-13 18:51:49,774 - INFO - productor: Enviadas 400 aeronaves al topic 'adsb.aeronaves'.
2025-07-13 18:51:49,799 - INFO - productor: Enviadas 400 aeronaves al topic 'adsb.aeronaves'.
2025-07-13 18:51:49,827 - INFO - productor: Enviadas 400 aeronaves al topic 'adsb.aeronaves'.
2025-07-13 18:51:49,851 - INFO - productor: Enviadas 307 aeronaves al topic 'adsb.aeronaves'.
2025-07-13 18:51:59,591 - INFO - productor: Enviadas 400 aeronaves al topic 'adsb.aeronaves'.
2025-07-13 18:51:59,708 - INFO - productor: Enviadas 400 aeronaves al topic 'adsb.aeronaves'.
2025-07-13 18:51:59,770 - INFO - productor: Enviadas 400 aeronaves al topic 'adsb.aeronaves'.
2025-07-13 18:52:00,147 - INFO - productor: Enviadas 400 aeronaves al topic 'adsb.aeronaves'.
2025-07-13 18:52:00,513 - INFO - productor: Enviadas 400 aeronaves al topic 'adsb.aeronaves'.
2025-07-13 18:52:00,554 - INFO - productor: Enviadas 400 aeronaves al topic 'adsb.aeronaves'.
2025-07-13 18:52:00,599 - INFO - productor: Enviadas 400 aeronaves al topic 'adsb.aeronaves'.
2025-07-13 18:52:00,648 - INFO - productor: Enviadas 327 aeronaves al topic 'adsb.aeronaves'.
2025-07-13 18:52:09,586 - INFO - productor: Enviadas 400 aeronaves al topic 'adsb.aeronaves'.
2025-07-13 18:52:09,639 - INFO - productor: Enviadas 400 aeronaves al topic 'adsb.aeronaves'.
2025-07-13 18:52:09,681 - INFO - productor: Enviadas 400 aeronaves al topic 'adsb.aeronaves'.
2025-07-13 18:52:09,769 - INFO - productor: Enviadas 400 aeronaves al topic 'adsb.aeronaves'.
2025-07-13 18:52:09,806 - INFO - productor: Enviadas 400 aeronaves al topic 'adsb.aeronaves'.
2025-07-13 18:52:09,823 - INFO - productor: Enviadas 400 aeronaves al topic 'adsb.aeronaves'.
2025-07-13 18:52:09,925 - INFO - productor: Enviadas 400 aeronaves al topic 'adsb.aeronaves'.
2025-07-13 18:52:09,979 - INFO - productor: Enviadas 347 aeronaves al topic 'adsb.aeronaves'.
2025-07-13 18:52:19,615 - INFO - productor: Enviadas 400 aeronaves al topic 'adsb.aeronaves'.
2025-07-13 18:52:19,695 - INFO - productor: Enviadas 400 aeronaves al topic 'adsb.aeronaves'.
2025-07-13 18:52:19,754 - INFO - productor: Enviadas 400 aeronaves al topic 'adsb.aeronaves'.
2025-07-13 18:52:19,780 - INFO - productor: Enviadas 400 aeronaves al topic 'adsb.aeronaves'.
2025-07-13 18:52:19,884 - INFO - productor: Enviadas 400 aeronaves al topic 'adsb.aeronaves'.
2025-07-13 18:52:20,069 - INFO - productor: Enviadas 400 aeronaves al topic 'adsb.aeronaves'.
2025-07-13 18:52:20,122 - INFO - productor: Enviadas 400 aeronaves al topic 'adsb.aeronaves'.
2025-07-13 18:52:20,158 - INFO - productor: Enviadas 360 aeronaves al topic 'adsb.aeronaves'.
2025-07-13 18:52:29,747 - INFO - productor: Enviadas 400 aeronaves al topic 'adsb.aeronaves'.
2025-07-13 18:52:29,848 - INFO - productor: Enviadas 400 aeronaves al topic 'adsb.aeronaves'.
2025-07-13 18:52:29,909 - INFO - productor: Enviadas 400 aeronaves al topic 'adsb.aeronaves'.
2025-07-13 18:52:30,483 - INFO - productor: Enviadas 400 aeronaves al topic 'adsb.aeronaves'.
2025-07-13 18:52:30,526 - INFO - productor: Enviadas 400 aeronaves al topic 'adsb.aeronaves'.
2025-07-13 18:52:30,563 - INFO - productor: Enviadas 400 aeronaves al topic 'adsb.aeronaves'.
2025-07-13 18:52:30,618 - INFO - productor: Enviadas 400 aeronaves al topic 'adsb.aeronaves'.
2025-07-13 18:52:30,816 - INFO - productor: Enviadas 376 aeronaves al topic 'adsb.aeronaves'.
2025-07-13 18:52:39,625 - INFO - productor: Enviadas 400 aeronaves al topic 'adsb.aeronaves'.
2025-07-13 18:52:39,890 - INFO - productor: Enviadas 400 aeronaves al topic 'adsb.aeronaves'.
2025-07-13 18:52:39,929 - INFO - productor: Enviadas 400 aeronaves al topic 'adsb.aeronaves'.
2025-07-13 18:52:39,989 - INFO - productor: Enviadas 400 aeronaves al topic 'adsb.aeronaves'.
2025-07-13 18:52:40,032 - INFO - productor: Enviadas 400 aeronaves al topic 'adsb.aeronaves'.
2025-07-13 18:52:40,073 - INFO - productor: Enviadas 400 aeronaves al topic 'adsb.aeronaves'.
2025-07-13 18:52:40,174 - INFO - productor: Enviadas 400 aeronaves al topic 'adsb.aeronaves'.
2025-07-13 18:52:40,213 - INFO - productor: Enviadas 388 aeronaves al topic 'adsb.aeronaves'.
2025-07-13 18:52:49,603 - INFO - productor: Enviadas 400 aeronaves al topic 'adsb.aeronaves'.
2025-07-13 18:52:49,658 - INFO - productor: Enviadas 400 aeronaves al topic 'adsb.aeronaves'.
2025-07-13 18:52:49,752 - INFO - productor: Enviadas 400 aeronaves al topic 'adsb.aeronaves'.
2025-07-13 18:52:49,814 - INFO - productor: Enviadas 400 aeronaves al topic 'adsb.aeronaves'.
2025-07-13 18:52:49,875 - INFO - productor: Enviadas 400 aeronaves al topic 'adsb.aeronaves'.
2025-07-13 18:52:49,918 - INFO - productor: Enviadas 400 aeronaves al topic 'adsb.aeronaves'.
2025-07-13 18:52:50,138 - INFO - productor: Enviadas 400 aeronaves al topic 'adsb.aeronaves'.
2025-07-13 18:52:50,198 - INFO - productor: Enviadas 400 aeronaves al topic 'adsb.aeronaves'.
2025-07-13 18:52:50,211 - INFO - productor: Enviadas 4 aeronaves al topic 'adsb.aeronaves'.
2025-07-13 18:52:59,630 - INFO - productor: Enviadas 400 aeronaves al topic 'adsb.aeronaves'.
2025-07-13 18:53:00,131 - INFO - productor: Enviadas 400 aeronaves al topic 'adsb.aeronaves'.
2025-07-13 18:53:00,171 - INFO - productor: Enviadas 400 aeronaves al topic 'adsb.aeronaves'.
2025-07-13 18:53:00,274 - INFO - productor: Enviadas 400 aeronaves al topic 'adsb.aeronaves'.
2025-07-13 18:53:00,303 - INFO - productor: Enviadas 400 aeronaves al topic 'adsb.aeronaves'.
2025-07-13 18:53:00,397 - INFO - productor: Enviadas 400 aeronaves al topic 'adsb.aeronaves'.
2025-07-13 18:53:00,474 - INFO - productor: Enviadas 400 aeronaves al topic 'adsb.aeronaves'.
2025-07-13 18:53:00,737 - INFO - productor: Enviadas 400 aeronaves al topic 'adsb.aeronaves'.
2025-07-13 18:53:00,788 - INFO - productor: Enviadas 13 aeronaves al topic 'adsb.aeronaves'.
2025-07-13 18:53:09,619 - INFO - productor: Enviadas 400 aeronaves al topic 'adsb.aeronaves'.
2025-07-13 18:53:09,682 - INFO - productor: Enviadas 400 aeronaves al topic 'adsb.aeronaves'.
2025-07-13 18:53:09,974 - INFO - productor: Enviadas 400 aeronaves al topic 'adsb.aeronaves'.
2025-07-13 18:53:09,995 - INFO - productor: Enviadas 400 aeronaves al topic 'adsb.aeronaves'.
2025-07-13 18:53:10,035 - INFO - productor: Enviadas 400 aeronaves al topic 'adsb.aeronaves'.
2025-07-13 18:53:10,076 - INFO - productor: Enviadas 400 aeronaves al topic 'adsb.aeronaves'.
2025-07-13 18:53:10,126 - INFO - productor: Enviadas 400 aeronaves al topic 'adsb.aeronaves'.
2025-07-13 18:53:10,226 - INFO - productor: Enviadas 400 aeronaves al topic 'adsb.aeronaves'.
2025-07-13 18:53:10,259 - INFO - productor: Enviadas 25 aeronaves al topic 'adsb.aeronaves'.
2025-07-13 18:53:19,577 - INFO - productor: Enviadas 400 aeronaves al topic 'adsb.aeronaves'.
2025-07-13 18:53:19,622 - INFO - productor: Enviadas 400 aeronaves al topic 'adsb.aeronaves'.
2025-07-13 18:53:19,946 - INFO - productor: Enviadas 400 aeronaves al topic 'adsb.aeronaves'.
2025-07-13 18:53:20,026 - INFO - productor: Enviadas 400 aeronaves al topic 'adsb.aeronaves'.
2025-07-13 18:53:20,138 - INFO - productor: Enviadas 400 aeronaves al topic 'adsb.aeronaves'.
2025-07-13 18:53:20,300 - INFO - productor: Enviadas 400 aeronaves al topic 'adsb.aeronaves'.
2025-07-13 18:53:20,602 - INFO - productor: Enviadas 400 aeronaves al topic 'adsb.aeronaves'.
2025-07-13 18:53:20,893 - INFO - productor: Enviadas 400 aeronaves al topic 'adsb.aeronaves'.
2025-07-13 18:53:20,909 - INFO - productor: Enviadas 36 aeronaves al topic 'adsb.aeronaves'.
2025-07-13 18:53:29,600 - INFO - productor: Enviadas 400 aeronaves al topic 'adsb.aeronaves'.
2025-07-13 18:53:29,666 - INFO - productor: Enviadas 400 aeronaves al topic 'adsb.aeronaves'.
2025-07-13 18:53:29,794 - INFO - productor: Enviadas 400 aeronaves al topic 'adsb.aeronaves'.
2025-07-13 18:53:29,900 - INFO - productor: Enviadas 400 aeronaves al topic 'adsb.aeronaves'.
2025-07-13 18:53:29,936 - INFO - productor: Enviadas 400 aeronaves al topic 'adsb.aeronaves'.
2025-07-13 18:53:29,989 - INFO - productor: Enviadas 400 aeronaves al topic 'adsb.aeronaves'.
2025-07-13 18:53:30,371 - INFO - productor: Enviadas 400 aeronaves al topic 'adsb.aeronaves'.
2025-07-13 18:53:30,444 - INFO - productor: Enviadas 400 aeronaves al topic 'adsb.aeronaves'.
2025-07-13 18:53:30,495 - INFO - productor: Enviadas 52 aeronaves al topic 'adsb.aeronaves'.
2025-07-13 18:53:39,584 - INFO - productor: Enviadas 400 aeronaves al topic 'adsb.aeronaves'.
2025-07-13 18:53:39,911 - INFO - productor: Enviadas 400 aeronaves al topic 'adsb.aeronaves'.
2025-07-13 18:53:40,013 - INFO - productor: Enviadas 400 aeronaves al topic 'adsb.aeronaves'.
2025-07-13 18:53:40,217 - INFO - productor: Enviadas 400 aeronaves al topic 'adsb.aeronaves'.
2025-07-13 18:53:40,341 - INFO - productor: Enviadas 400 aeronaves al topic 'adsb.aeronaves'.
2025-07-13 18:53:40,413 - INFO - productor: Enviadas 400 aeronaves al topic 'adsb.aeronaves'.
2025-07-13 18:53:41,299 - INFO - productor: Enviadas 400 aeronaves al topic 'adsb.aeronaves'.
2025-07-13 18:53:41,393 - INFO - productor: Enviadas 400 aeronaves al topic 'adsb.aeronaves'.
2025-07-13 18:53:41,783 - INFO - productor: Enviadas 62 aeronaves al topic 'adsb.aeronaves'.
2025-07-13 18:53:49,879 - INFO - productor: Enviadas 400 aeronaves al topic 'adsb.aeronaves'.
2025-07-13 18:53:49,918 - INFO - productor: Enviadas 400 aeronaves al topic 'adsb.aeronaves'.
2025-07-13 18:53:49,948 - INFO - productor: Enviadas 400 aeronaves al topic 'adsb.aeronaves'.
2025-07-13 18:53:50,182 - INFO - productor: Enviadas 400 aeronaves al topic 'adsb.aeronaves'.
2025-07-13 18:53:50,328 - INFO - productor: Enviadas 400 aeronaves al topic 'adsb.aeronaves'.
2025-07-13 18:53:50,891 - INFO - productor: Enviadas 400 aeronaves al topic 'adsb.aeronaves'.
2025-07-13 18:53:51,218 - INFO - productor: Enviadas 400 aeronaves al topic 'adsb.aeronaves'.
2025-07-13 18:53:51,987 - INFO - productor: Enviadas 400 aeronaves al topic 'adsb.aeronaves'.
2025-07-13 18:53:52,289 - INFO - productor: Enviadas 72 aeronaves al topic 'adsb.aeronaves'.
2025-07-13 18:53:59,597 - INFO - productor: Enviadas 400 aeronaves al topic 'adsb.aeronaves'.
2025-07-13 18:53:59,682 - INFO - productor: Enviadas 400 aeronaves al topic 'adsb.aeronaves'.
2025-07-13 18:53:59,766 - INFO - productor: Enviadas 400 aeronaves al topic 'adsb.aeronaves'.
2025-07-13 18:53:59,796 - INFO - productor: Enviadas 400 aeronaves al topic 'adsb.aeronaves'.
2025-07-13 18:53:59,957 - INFO - productor: Enviadas 400 aeronaves al topic 'adsb.aeronaves'.
2025-07-13 18:54:00,074 - INFO - productor: Enviadas 400 aeronaves al topic 'adsb.aeronaves'.
2025-07-13 18:54:00,153 - INFO - productor: Enviadas 400 aeronaves al topic 'adsb.aeronaves'.
2025-07-13 18:54:00,456 - INFO - productor: Enviadas 400 aeronaves al topic 'adsb.aeronaves'.
2025-07-13 18:54:00,519 - INFO - productor: Enviadas 77 aeronaves al topic 'adsb.aeronaves'.
2025-07-13 18:54:09,590 - INFO - productor: Enviadas 400 aeronaves al topic 'adsb.aeronaves'.
2025-07-13 18:54:09,620 - INFO - productor: Enviadas 400 aeronaves al topic 'adsb.aeronaves'.
2025-07-13 18:54:09,659 - INFO - productor: Enviadas 400 aeronaves al topic 'adsb.aeronaves'.
2025-07-13 18:54:09,707 - INFO - productor: Enviadas 400 aeronaves al topic 'adsb.aeronaves'.
2025-07-13 18:54:09,729 - INFO - productor: Enviadas 400 aeronaves al topic 'adsb.aeronaves'.
2025-07-13 18:54:09,761 - INFO - productor: Enviadas 400 aeronaves al topic 'adsb.aeronaves'.
2025-07-13 18:54:09,815 - INFO - productor: Enviadas 400 aeronaves al topic 'adsb.aeronaves'.
2025-07-13 18:54:09,888 - INFO - productor: Enviadas 400 aeronaves al topic 'adsb.aeronaves'.
2025-07-13 18:54:09,928 - INFO - productor: Enviadas 89 aeronaves al topic 'adsb.aeronaves'.
2025-07-13 18:54:19,636 - INFO - productor: Enviadas 400 aeronaves al topic 'adsb.aeronaves'.
2025-07-13 18:54:19,746 - INFO - productor: Enviadas 400 aeronaves al topic 'adsb.aeronaves'.
2025-07-13 18:54:19,822 - INFO - productor: Enviadas 400 aeronaves al topic 'adsb.aeronaves'.
2025-07-13 18:54:20,349 - INFO - productor: Enviadas 400 aeronaves al topic 'adsb.aeronaves'.
2025-07-13 18:54:20,397 - INFO - productor: Enviadas 400 aeronaves al topic 'adsb.aeronaves'.
2025-07-13 18:54:20,528 - INFO - productor: Enviadas 400 aeronaves al topic 'adsb.aeronaves'.
2025-07-13 18:54:20,571 - INFO - productor: Enviadas 400 aeronaves al topic 'adsb.aeronaves'.
2025-07-13 18:54:20,966 - INFO - productor: Enviadas 400 aeronaves al topic 'adsb.aeronaves'.
2025-07-13 18:54:20,989 - INFO - productor: Enviadas 98 aeronaves al topic 'adsb.aeronaves'.
2025-07-13 18:54:29,576 - INFO - productor: Enviadas 400 aeronaves al topic 'adsb.aeronaves'.
2025-07-13 18:54:29,604 - INFO - productor: Enviadas 400 aeronaves al topic 'adsb.aeronaves'.
2025-07-13 18:54:29,622 - INFO - productor: Enviadas 400 aeronaves al topic 'adsb.aeronaves'.
2025-07-13 18:54:29,648 - INFO - productor: Enviadas 400 aeronaves al topic 'adsb.aeronaves'.
2025-07-13 18:54:29,659 - INFO - productor: Enviadas 400 aeronaves al topic 'adsb.aeronaves'.
2025-07-13 18:54:29,676 - INFO - productor: Enviadas 400 aeronaves al topic 'adsb.aeronaves'.
2025-07-13 18:54:29,704 - INFO - productor: Enviadas 400 aeronaves al topic 'adsb.aeronaves'.
2025-07-13 18:54:29,745 - INFO - productor: Enviadas 400 aeronaves al topic 'adsb.aeronaves'.
2025-07-13 18:54:29,866 - INFO - productor: Enviadas 108 aeronaves al topic 'adsb.aeronaves'.
2025-07-13 18:54:39,586 - INFO - productor: Enviadas 400 aeronaves al topic 'adsb.aeronaves'.
2025-07-13 18:54:39,935 - INFO - productor: Enviadas 400 aeronaves al topic 'adsb.aeronaves'.
2025-07-13 18:54:40,153 - INFO - productor: Enviadas 400 aeronaves al topic 'adsb.aeronaves'.
2025-07-13 18:54:40,177 - INFO - productor: Enviadas 400 aeronaves al topic 'adsb.aeronaves'.
2025-07-13 18:54:40,248 - INFO - productor: Enviadas 400 aeronaves al topic 'adsb.aeronaves'.
2025-07-13 18:54:40,320 - INFO - productor: Enviadas 400 aeronaves al topic 'adsb.aeronaves'.
2025-07-13 18:54:40,384 - INFO - productor: Enviadas 400 aeronaves al topic 'adsb.aeronaves'.
2025-07-13 18:54:40,411 - INFO - productor: Enviadas 400 aeronaves al topic 'adsb.aeronaves'.
2025-07-13 18:54:40,505 - INFO - productor: Enviadas 125 aeronaves al topic 'adsb.aeronaves'.
