=== 2025-07-13T18:01:17Z ===
{
  "Hora UTC": "No disponible",
  "Sectorización aplicable": {
    "sector_CZ_Centro": 0,
    "sector_AD": 0,
    "sector_XK": 0,
    "sector_GB_Oeste": 0,
    "sector_BE_Este": 0,
    "sector_PT_Este": 0,
    "sector_TR_Oeste": 0,
    "sector_SE_Oeste": 0,
    "sector_RU_Oeste": 0,
    "sector_IT_Norte": 0
  }
}
=== 2025-07-13T18:01:22Z ===
{
  "Hora UTC": "No disponible",
  "Sectorización aplicable": {
    "sector_CZ_Centro": 0,
    "sector_AD": 0,
    "sector_XK": 0,
    "sector_GB_Oeste": 0,
    "sector_BE_Este": 0,
    "sector_PT_Este": 0,
    "sector_TR_Oeste": 0,
    "sector_SE_Oeste": 0,
    "sector_RU_Oeste": 0,
    "sector_IT_Norte": 0
  }
}
=== 2025-07-13T18:01:28Z ===
{
  "Hora UTC": "No disponible",
  "Sectorización aplicable": {
    "sector_CZ_Centro": 0,
    "sector_AD": 0,
    "sector_XK": 0,
    "sector_GB_Oeste": 0,
    "sector_BE_Este": 0,
    "sector_PT_Este": 0,
    "sector_TR_Oeste": 0,
    "sector_SE_Oeste": 0,
    "sector_RU_Oeste": 0,
    "sector_IT_Norte": 0
  }
}
=== 2025-07-13T18:01:33Z ===
{
  "Hora UTC": "No disponible",
  "Sectorización aplicable": {
    "sector_CZ_Centro": 0,
    "sector_AD": 0,
    "sector_XK": 0,
    "sector_GB_Oeste": 0,
    "sector_BE_Este": 0,
    "sector_PT_Este": 0,
    "sector_TR_Oeste": 0,
    "sector_SE_Oeste": 0,
    "sector_RU_Oeste": 0,
    "sector_IT_Norte": 0
  }
}
=== 2025-07-13T18:01:38Z ===
{
  "Hora UTC": "No disponible",
  "Sectorización aplicable": {
    "sector_CZ_Centro": 2,
    "sector_AD": 0,
    "sector_XK": 0,
    "sector_GB_Oeste": 0,
    "sector_BE_Este": 0,
    "sector_PT_Este": 0,
    "sector_TR_Oeste": 0,
    "sector_SE_Oeste": 0,
    "sector_RU_Oeste": 0,
    "sector_IT_Norte": 0
  }
}
=== 2025-07-13T18:01:43Z ===
{
  "Hora UTC": "No disponible",
  "Sectorización aplicable": {
    "sector_CZ_Centro": 2,
    "sector_AD": 0,
    "sector_XK": 0,
    "sector_GB_Oeste": 0,
    "sector_BE_Este": 0,
    "sector_PT_Este": 0,
    "sector_TR_Oeste": 0,
    "sector_SE_Oeste": 0,
    "sector_RU_Oeste": 0,
    "sector_IT_Norte": 0
  }
}
=== 2025-07-13T18:01:48Z ===
{
  "Hora UTC": "2025-07-13 18:01:45",
  "Sectorización aplicable": {
    "sector_CZ_Centro": 54,
    "sector_AD": 50,
    "sector_XK": 61,
    "sector_GB_Oeste": 62,
    "sector_BE_Este": 81,
    "sector_PT_Este": 37,
    "sector_TR_Oeste": 35,
    "sector_SE_Oeste": 27,
    "sector_RU_Oeste": 17,
    "sector_IT_Norte": 64
  }
}
=== 2025-07-13T18:01:54Z ===
{
  "Hora UTC": "2025-07-13 18:01:45",
  "Sectorización aplicable": {
    "sector_CZ_Centro": 54,
    "sector_AD": 50,
    "sector_XK": 61,
    "sector_GB_Oeste": 62,
    "sector_BE_Este": 81,
    "sector_PT_Este": 37,
    "sector_TR_Oeste": 35,
    "sector_SE_Oeste": 27,
    "sector_RU_Oeste": 17,
    "sector_IT_Norte": 64
  }
}
=== 2025-07-13T18:01:59Z ===
{
  "Hora UTC": "2025-07-13 18:01:57",
  "Sectorización aplicable": {
    "sector_CZ_Centro": 80,
    "sector_AD": 92,
    "sector_XK": 87,
    "sector_GB_Oeste": 103,
    "sector_BE_Este": 133,
    "sector_PT_Este": 59,
    "sector_TR_Oeste": 58,
    "sector_SE_Oeste": 45,
    "sector_RU_Oeste": 21,
    "sector_IT_Norte": 111
  }
}
=== 2025-07-13T18:02:04Z ===
{
  "Hora UTC": "2025-07-13 18:01:57",
  "Sectorización aplicable": {
    "sector_CZ_Centro": 80,
    "sector_AD": 92,
    "sector_XK": 87,
    "sector_GB_Oeste": 103,
    "sector_BE_Este": 133,
    "sector_PT_Este": 59,
    "sector_TR_Oeste": 58,
    "sector_SE_Oeste": 45,
    "sector_RU_Oeste": 21,
    "sector_IT_Norte": 111
  }
}
=== 2025-07-13T18:02:09Z ===
{
  "Hora UTC": "2025-07-13 18:02:08",
  "Sectorización aplicable": {
    "sector_CZ_Centro": 123,
    "sector_AD": 134,
    "sector_XK": 129,
    "sector_GB_Oeste": 157,
    "sector_BE_Este": 186,
    "sector_PT_Este": 83,
    "sector_TR_Oeste": 84,
    "sector_SE_Oeste": 70,
    "sector_RU_Oeste": 36,
    "sector_IT_Norte": 186
  }
}
=== 2025-07-13T18:02:14Z ===
{
  "Hora UTC": "2025-07-13 18:02:08",
  "Sectorización aplicable": {
    "sector_CZ_Centro": 123,
    "sector_AD": 134,
    "sector_XK": 129,
    "sector_GB_Oeste": 157,
    "sector_BE_Este": 186,
    "sector_PT_Este": 83,
    "sector_TR_Oeste": 84,
    "sector_SE_Oeste": 70,
    "sector_RU_Oeste": 36,
    "sector_IT_Norte": 186
  }
}
=== 2025-07-13T18:02:19Z ===
{
  "Hora UTC": "2025-07-13 18:02:08",
  "Sectorización aplicable": {
    "sector_CZ_Centro": 123,
    "sector_AD": 134,
    "sector_XK": 129,
    "sector_GB_Oeste": 157,
    "sector_BE_Este": 186,
    "sector_PT_Este": 83,
    "sector_TR_Oeste": 84,
    "sector_SE_Oeste": 70,
    "sector_RU_Oeste": 36,
    "sector_IT_Norte": 186
  }
}
=== 2025-07-13T18:02:25Z ===
{
  "Hora UTC": "2025-07-13 18:02:21",
  "Sectorización aplicable": {
    "sector_CZ_Centro": 165,
    "sector_AD": 172,
    "sector_XK": 156,
    "sector_GB_Oeste": 197,
    "sector_BE_Este": 230,
    "sector_PT_Este": 99,
    "sector_TR_Oeste": 102,
    "sector_SE_Oeste": 84,
    "sector_RU_Oeste": 42,
    "sector_IT_Norte": 228
  }
}
=== 2025-07-13T18:02:30Z ===
{
  "Hora UTC": "2025-07-13 18:02:21",
  "Sectorización aplicable": {
    "sector_CZ_Centro": 165,
    "sector_AD": 172,
    "sector_XK": 156,
    "sector_GB_Oeste": 197,
    "sector_BE_Este": 230,
    "sector_PT_Este": 99,
    "sector_TR_Oeste": 102,
    "sector_SE_Oeste": 84,
    "sector_RU_Oeste": 42,
    "sector_IT_Norte": 228
  }
}
=== 2025-07-13T18:02:35Z ===
{
  "Hora UTC": "2025-07-13 18:02:32",
  "Sectorización aplicable": {
    "sector_CZ_Centro": 192,
    "sector_AD": 202,
    "sector_XK": 180,
    "sector_GB_Oeste": 222,
    "sector_BE_Este": 257,
    "sector_PT_Este": 116,
    "sector_TR_Oeste": 120,
    "sector_SE_Oeste": 98,
    "sector_RU_Oeste": 47,
    "sector_IT_Norte": 258
  }
}
=== 2025-07-13T18:02:40Z ===
{
  "Hora UTC": "2025-07-13 18:02:32",
  "Sectorización aplicable": {
    "sector_CZ_Centro": 192,
    "sector_AD": 202,
    "sector_XK": 180,
    "sector_GB_Oeste": 222,
    "sector_BE_Este": 257,
    "sector_PT_Este": 116,
    "sector_TR_Oeste": 120,
    "sector_SE_Oeste": 98,
    "sector_RU_Oeste": 47,
    "sector_IT_Norte": 258
  }
}
=== 2025-07-13T18:02:45Z ===
{
  "Hora UTC": "2025-07-13 18:02:32",
  "Sectorización aplicable": {
    "sector_CZ_Centro": 192,
    "sector_AD": 202,
    "sector_XK": 180,
    "sector_GB_Oeste": 222,
    "sector_BE_Este": 257,
    "sector_PT_Este": 116,
    "sector_TR_Oeste": 120,
    "sector_SE_Oeste": 98,
    "sector_RU_Oeste": 47,
    "sector_IT_Norte": 258
  }
}
=== 2025-07-13T18:02:50Z ===
{
  "Hora UTC": "2025-07-13 18:02:46",
  "Sectorización aplicable": {
    "sector_CZ_Centro": 212,
    "sector_AD": 228,
    "sector_XK": 195,
    "sector_GB_Oeste": 246,
    "sector_BE_Este": 284,
    "sector_PT_Este": 125,
    "sector_TR_Oeste": 137,
    "sector_SE_Oeste": 109,
    "sector_RU_Oeste": 53,
    "sector_IT_Norte": 288
  }
}
=== 2025-07-13T18:02:55Z ===
{
  "Hora UTC": "2025-07-13 18:02:46",
  "Sectorización aplicable": {
    "sector_CZ_Centro": 212,
    "sector_AD": 228,
    "sector_XK": 195,
    "sector_GB_Oeste": 246,
    "sector_BE_Este": 284,
    "sector_PT_Este": 125,
    "sector_TR_Oeste": 137,
    "sector_SE_Oeste": 109,
    "sector_RU_Oeste": 53,
    "sector_IT_Norte": 288
  }
}
=== 2025-07-13T18:03:00Z ===
{
  "Hora UTC": "2025-07-13 18:02:59",
  "Sectorización aplicable": {
    "sector_CZ_Centro": 210,
    "sector_AD": 234,
    "sector_XK": 187,
    "sector_GB_Oeste": 247,
    "sector_BE_Este": 279,
    "sector_PT_Este": 123,
    "sector_TR_Oeste": 142,
    "sector_SE_Oeste": 116,
    "sector_RU_Oeste": 54,
    "sector_IT_Norte": 301
  }
}
=== 2025-07-13T18:03:06Z ===
{
  "Hora UTC": "2025-07-13 18:02:59",
  "Sectorización aplicable": {
    "sector_CZ_Centro": 210,
    "sector_AD": 234,
    "sector_XK": 187,
    "sector_GB_Oeste": 247,
    "sector_BE_Este": 279,
    "sector_PT_Este": 123,
    "sector_TR_Oeste": 142,
    "sector_SE_Oeste": 116,
    "sector_RU_Oeste": 54,
    "sector_IT_Norte": 301
  }
}
=== 2025-07-13T18:03:11Z ===
{
  "Hora UTC": "2025-07-13 18:03:10",
  "Sectorización aplicable": {
    "sector_CZ_Centro": 206,
    "sector_AD": 228,
    "sector_XK": 189,
    "sector_GB_Oeste": 247,
    "sector_BE_Este": 265,
    "sector_PT_Este": 133,
    "sector_TR_Oeste": 143,
    "sector_SE_Oeste": 112,
    "sector_RU_Oeste": 57,
    "sector_IT_Norte": 303
  }
}
=== 2025-07-13T18:03:16Z ===
{
  "Hora UTC": "2025-07-13 18:03:10",
  "Sectorización aplicable": {
    "sector_CZ_Centro": 206,
    "sector_AD": 228,
    "sector_XK": 189,
    "sector_GB_Oeste": 247,
    "sector_BE_Este": 265,
    "sector_PT_Este": 133,
    "sector_TR_Oeste": 143,
    "sector_SE_Oeste": 112,
    "sector_RU_Oeste": 57,
    "sector_IT_Norte": 303
  }
}
=== 2025-07-13T18:03:21Z ===
{
  "Hora UTC": "2025-07-13 18:03:10",
  "Sectorización aplicable": {
    "sector_CZ_Centro": 206,
    "sector_AD": 228,
    "sector_XK": 189,
    "sector_GB_Oeste": 247,
    "sector_BE_Este": 265,
    "sector_PT_Este": 133,
    "sector_TR_Oeste": 143,
    "sector_SE_Oeste": 112,
    "sector_RU_Oeste": 57,
    "sector_IT_Norte": 303
  }
}
=== 2025-07-13T18:03:26Z ===
{
  "Hora UTC": "2025-07-13 18:03:24",
  "Sectorización aplicable": {
    "sector_CZ_Centro": 205,
    "sector_AD": 225,
    "sector_XK": 196,
    "sector_GB_Oeste": 255,
    "sector_BE_Este": 262,
    "sector_PT_Este": 136,
    "sector_TR_Oeste": 145,
    "sector_SE_Oeste": 113,
    "sector_RU_Oeste": 57,
    "sector_IT_Norte": 305
  }
}
=== 2025-07-13T18:03:31Z ===
{
  "Hora UTC": "2025-07-13 18:03:24",
  "Sectorización aplicable": {
    "sector_CZ_Centro": 205,
    "sector_AD": 225,
    "sector_XK": 196,
    "sector_GB_Oeste": 255,
    "sector_BE_Este": 262,
    "sector_PT_Este": 136,
    "sector_TR_Oeste": 145,
    "sector_SE_Oeste": 113,
    "sector_RU_Oeste": 57,
    "sector_IT_Norte": 305
  }
}
=== 2025-07-13T18:03:37Z ===
{
  "Hora UTC": "2025-07-13 18:03:36",
  "Sectorización aplicable": {
    "sector_CZ_Centro": 209,
    "sector_AD": 220,
    "sector_XK": 193,
    "sector_GB_Oeste": 258,
    "sector_BE_Este": 262,
    "sector_PT_Este": 138,
    "sector_TR_Oeste": 132,
    "sector_SE_Oeste": 110,
    "sector_RU_Oeste": 64,
    "sector_IT_Norte": 302
  }
}
=== 2025-07-13T18:03:42Z ===
{
  "Hora UTC": "2025-07-13 18:03:36",
  "Sectorización aplicable": {
    "sector_CZ_Centro": 209,
    "sector_AD": 220,
    "sector_XK": 193,
    "sector_GB_Oeste": 258,
    "sector_BE_Este": 262,
    "sector_PT_Este": 138,
    "sector_TR_Oeste": 132,
    "sector_SE_Oeste": 110,
    "sector_RU_Oeste": 64,
    "sector_IT_Norte": 302
  }
}
=== 2025-07-13T18:03:47Z ===
{
  "Hora UTC": "2025-07-13 18:03:36",
  "Sectorización aplicable": {
    "sector_CZ_Centro": 209,
    "sector_AD": 220,
    "sector_XK": 193,
    "sector_GB_Oeste": 258,
    "sector_BE_Este": 262,
    "sector_PT_Este": 138,
    "sector_TR_Oeste": 132,
    "sector_SE_Oeste": 110,
    "sector_RU_Oeste": 64,
    "sector_IT_Norte": 302
  }
}
=== 2025-07-13T18:03:52Z ===
{
  "Hora UTC": "2025-07-13 18:03:49",
  "Sectorización aplicable": {
    "sector_CZ_Centro": 214,
    "sector_AD": 215,
    "sector_XK": 198,
    "sector_GB_Oeste": 251,
    "sector_BE_Este": 271,
    "sector_PT_Este": 141,
    "sector_TR_Oeste": 138,
    "sector_SE_Oeste": 109,
    "sector_RU_Oeste": 65,
    "sector_IT_Norte": 304
  }
}
=== 2025-07-13T18:03:57Z ===
{
  "Hora UTC": "2025-07-13 18:03:49",
  "Sectorización aplicable": {
    "sector_CZ_Centro": 214,
    "sector_AD": 215,
    "sector_XK": 198,
    "sector_GB_Oeste": 251,
    "sector_BE_Este": 271,
    "sector_PT_Este": 141,
    "sector_TR_Oeste": 138,
    "sector_SE_Oeste": 109,
    "sector_RU_Oeste": 65,
    "sector_IT_Norte": 304
  }
}
=== 2025-07-13T18:04:03Z ===
{
  "Hora UTC": "2025-07-13 18:04:02",
  "Sectorización aplicable": {
    "sector_CZ_Centro": 215,
    "sector_AD": 221,
    "sector_XK": 197,
    "sector_GB_Oeste": 257,
    "sector_BE_Este": 266,
    "sector_PT_Este": 141,
    "sector_TR_Oeste": 139,
    "sector_SE_Oeste": 111,
    "sector_RU_Oeste": 59,
    "sector_IT_Norte": 300
  }
}
=== 2025-07-13T18:04:08Z ===
{
  "Hora UTC": "2025-07-13 18:04:02",
  "Sectorización aplicable": {
    "sector_CZ_Centro": 215,
    "sector_AD": 221,
    "sector_XK": 197,
    "sector_GB_Oeste": 257,
    "sector_BE_Este": 266,
    "sector_PT_Este": 141,
    "sector_TR_Oeste": 139,
    "sector_SE_Oeste": 111,
    "sector_RU_Oeste": 59,
    "sector_IT_Norte": 300
  }
}
=== 2025-07-13T18:04:13Z ===
{
  "Hora UTC": "2025-07-13 18:04:02",
  "Sectorización aplicable": {
    "sector_CZ_Centro": 215,
    "sector_AD": 221,
    "sector_XK": 197,
    "sector_GB_Oeste": 257,
    "sector_BE_Este": 266,
    "sector_PT_Este": 141,
    "sector_TR_Oeste": 139,
    "sector_SE_Oeste": 111,
    "sector_RU_Oeste": 59,
    "sector_IT_Norte": 300
  }
}
=== 2025-07-13T18:04:18Z ===
{
  "Hora UTC": "2025-07-13 18:04:16",
  "Sectorización aplicable": {
    "sector_CZ_Centro": 221,
    "sector_AD": 220,
    "sector_XK": 188,
    "sector_GB_Oeste": 241,
    "sector_BE_Este": 262,
    "sector_PT_Este": 139,
    "sector_TR_Oeste": 141,
    "sector_SE_Oeste": 110,
    "sector_RU_Oeste": 54,
    "sector_IT_Norte": 303
  }
}
=== 2025-07-13T18:04:23Z ===
{
  "Hora UTC": "2025-07-13 18:04:16",
  "Sectorización aplicable": {
    "sector_CZ_Centro": 221,
    "sector_AD": 220,
    "sector_XK": 188,
    "sector_GB_Oeste": 241,
    "sector_BE_Este": 262,
    "sector_PT_Este": 139,
    "sector_TR_Oeste": 141,
    "sector_SE_Oeste": 110,
    "sector_RU_Oeste": 54,
    "sector_IT_Norte": 303
  }
}
=== 2025-07-13T18:04:28Z ===
{
  "Hora UTC": "2025-07-13 18:04:16",
  "Sectorización aplicable": {
    "sector_CZ_Centro": 221,
    "sector_AD": 220,
    "sector_XK": 188,
    "sector_GB_Oeste": 241,
    "sector_BE_Este": 262,
    "sector_PT_Este": 139,
    "sector_TR_Oeste": 141,
    "sector_SE_Oeste": 110,
    "sector_RU_Oeste": 54,
    "sector_IT_Norte": 303
  }
}
=== 2025-07-13T18:04:34Z ===
{
  "Hora UTC": "2025-07-13 18:04:29",
  "Sectorización aplicable": {
    "sector_CZ_Centro": 220,
    "sector_AD": 218,
    "sector_XK": 197,
    "sector_GB_Oeste": 228,
    "sector_BE_Este": 266,
    "sector_PT_Este": 134,
    "sector_TR_Oeste": 154,
    "sector_SE_Oeste": 97,
    "sector_RU_Oeste": 48,
    "sector_IT_Norte": 306
  }
}
=== 2025-07-13T18:04:39Z ===
{
  "Hora UTC": "2025-07-13 18:04:29",
  "Sectorización aplicable": {
    "sector_CZ_Centro": 220,
    "sector_AD": 218,
    "sector_XK": 197,
    "sector_GB_Oeste": 228,
    "sector_BE_Este": 266,
    "sector_PT_Este": 134,
    "sector_TR_Oeste": 154,
    "sector_SE_Oeste": 97,
    "sector_RU_Oeste": 48,
    "sector_IT_Norte": 306
  }
}
=== 2025-07-13T18:04:44Z ===
{
  "Hora UTC": "2025-07-13 18:04:43",
  "Sectorización aplicable": {
    "sector_CZ_Centro": 214,
    "sector_AD": 204,
    "sector_XK": 185,
    "sector_GB_Oeste": 218,
    "sector_BE_Este": 276,
    "sector_PT_Este": 133,
    "sector_TR_Oeste": 162,
    "sector_SE_Oeste": 108,
    "sector_RU_Oeste": 49,
    "sector_IT_Norte": 306
  }
}
=== 2025-07-13T18:04:49Z ===
{
  "Hora UTC": "2025-07-13 18:04:43",
  "Sectorización aplicable": {
    "sector_CZ_Centro": 214,
    "sector_AD": 204,
    "sector_XK": 185,
    "sector_GB_Oeste": 218,
    "sector_BE_Este": 276,
    "sector_PT_Este": 133,
    "sector_TR_Oeste": 162,
    "sector_SE_Oeste": 108,
    "sector_RU_Oeste": 49,
    "sector_IT_Norte": 306
  }
}
=== 2025-07-13T18:04:54Z ===
{
  "Hora UTC": "2025-07-13 18:04:43",
  "Sectorización aplicable": {
    "sector_CZ_Centro": 214,
    "sector_AD": 204,
    "sector_XK": 185,
    "sector_GB_Oeste": 218,
    "sector_BE_Este": 276,
    "sector_PT_Este": 133,
    "sector_TR_Oeste": 162,
    "sector_SE_Oeste": 108,
    "sector_RU_Oeste": 49,
    "sector_IT_Norte": 306
  }
}
=== 2025-07-13T18:05:00Z ===
{
  "Hora UTC": "2025-07-13 18:04:56",
  "Sectorización aplicable": {
    "sector_CZ_Centro": 197,
    "sector_AD": 210,
    "sector_XK": 194,
    "sector_GB_Oeste": 217,
    "sector_BE_Este": 256,
    "sector_PT_Este": 125,
    "sector_TR_Oeste": 161,
    "sector_SE_Oeste": 111,
    "sector_RU_Oeste": 52,
    "sector_IT_Norte": 306
  }
}
=== 2025-07-13T18:05:05Z ===
{
  "Hora UTC": "2025-07-13 18:04:56",
  "Sectorización aplicable": {
    "sector_CZ_Centro": 197,
    "sector_AD": 210,
    "sector_XK": 194,
    "sector_GB_Oeste": 217,
    "sector_BE_Este": 256,
    "sector_PT_Este": 125,
    "sector_TR_Oeste": 161,
    "sector_SE_Oeste": 111,
    "sector_RU_Oeste": 52,
    "sector_IT_Norte": 306
  }
}
=== 2025-07-13T18:05:10Z ===
{
  "Hora UTC": "2025-07-13 18:05:09",
  "Sectorización aplicable": {
    "sector_CZ_Centro": 211,
    "sector_AD": 214,
    "sector_XK": 201,
    "sector_GB_Oeste": 220,
    "sector_BE_Este": 275,
    "sector_PT_Este": 131,
    "sector_TR_Oeste": 152,
    "sector_SE_Oeste": 116,
    "sector_RU_Oeste": 56,
    "sector_IT_Norte": 300
  }
}
=== 2025-07-13T18:05:15Z ===
{
  "Hora UTC": "2025-07-13 18:05:09",
  "Sectorización aplicable": {
    "sector_CZ_Centro": 211,
    "sector_AD": 214,
    "sector_XK": 201,
    "sector_GB_Oeste": 220,
    "sector_BE_Este": 275,
    "sector_PT_Este": 131,
    "sector_TR_Oeste": 152,
    "sector_SE_Oeste": 116,
    "sector_RU_Oeste": 56,
    "sector_IT_Norte": 300
  }
}
=== 2025-07-13T18:05:20Z ===
{
  "Hora UTC": "2025-07-13 18:05:09",
  "Sectorización aplicable": {
    "sector_CZ_Centro": 211,
    "sector_AD": 214,
    "sector_XK": 201,
    "sector_GB_Oeste": 220,
    "sector_BE_Este": 275,
    "sector_PT_Este": 131,
    "sector_TR_Oeste": 152,
    "sector_SE_Oeste": 116,
    "sector_RU_Oeste": 56,
    "sector_IT_Norte": 300
  }
}
=== 2025-07-13T18:05:25Z ===
{
  "Hora UTC": "2025-07-13 18:05:21",
  "Sectorización aplicable": {
    "sector_CZ_Centro": 210,
    "sector_AD": 225,
    "sector_XK": 204,
    "sector_GB_Oeste": 219,
    "sector_BE_Este": 268,
    "sector_PT_Este": 128,
    "sector_TR_Oeste": 154,
    "sector_SE_Oeste": 112,
    "sector_RU_Oeste": 59,
    "sector_IT_Norte": 300
  }
}
=== 2025-07-13T18:05:31Z ===
{
  "Hora UTC": "2025-07-13 18:05:21",
  "Sectorización aplicable": {
    "sector_CZ_Centro": 210,
    "sector_AD": 225,
    "sector_XK": 204,
    "sector_GB_Oeste": 219,
    "sector_BE_Este": 268,
    "sector_PT_Este": 128,
    "sector_TR_Oeste": 154,
    "sector_SE_Oeste": 112,
    "sector_RU_Oeste": 59,
    "sector_IT_Norte": 300
  }
}
=== 2025-07-13T18:05:36Z ===
{
  "Hora UTC": "2025-07-13 18:05:35",
  "Sectorización aplicable": {
    "sector_CZ_Centro": 198,
    "sector_AD": 225,
    "sector_XK": 205,
    "sector_GB_Oeste": 228,
    "sector_BE_Este": 277,
    "sector_PT_Este": 139,
    "sector_TR_Oeste": 154,
    "sector_SE_Oeste": 110,
    "sector_RU_Oeste": 57,
    "sector_IT_Norte": 290
  }
}
=== 2025-07-13T18:05:41Z ===
{
  "Hora UTC": "2025-07-13 18:05:35",
  "Sectorización aplicable": {
    "sector_CZ_Centro": 198,
    "sector_AD": 225,
    "sector_XK": 205,
    "sector_GB_Oeste": 228,
    "sector_BE_Este": 277,
    "sector_PT_Este": 139,
    "sector_TR_Oeste": 154,
    "sector_SE_Oeste": 110,
    "sector_RU_Oeste": 57,
    "sector_IT_Norte": 290
  }
}
=== 2025-07-13T18:05:46Z ===
{
  "Hora UTC": "2025-07-13 18:05:35",
  "Sectorización aplicable": {
    "sector_CZ_Centro": 198,
    "sector_AD": 225,
    "sector_XK": 205,
    "sector_GB_Oeste": 228,
    "sector_BE_Este": 277,
    "sector_PT_Este": 139,
    "sector_TR_Oeste": 154,
    "sector_SE_Oeste": 110,
    "sector_RU_Oeste": 57,
    "sector_IT_Norte": 290
  }
}
=== 2025-07-13T18:05:51Z ===
{
  "Hora UTC": "2025-07-13 18:05:48",
  "Sectorización aplicable": {
    "sector_CZ_Centro": 198,
    "sector_AD": 215,
    "sector_XK": 207,
    "sector_GB_Oeste": 220,
    "sector_BE_Este": 276,
    "sector_PT_Este": 134,
    "sector_TR_Oeste": 153,
    "sector_SE_Oeste": 104,
    "sector_RU_Oeste": 56,
    "sector_IT_Norte": 297
  }
}
=== 2025-07-13T18:05:56Z ===
{
  "Hora UTC": "2025-07-13 18:05:48",
  "Sectorización aplicable": {
    "sector_CZ_Centro": 198,
    "sector_AD": 215,
    "sector_XK": 207,
    "sector_GB_Oeste": 220,
    "sector_BE_Este": 276,
    "sector_PT_Este": 134,
    "sector_TR_Oeste": 153,
    "sector_SE_Oeste": 104,
    "sector_RU_Oeste": 56,
    "sector_IT_Norte": 297
  }
}
=== 2025-07-13T18:06:01Z ===
{
  "Hora UTC": "2025-07-13 18:05:59",
  "Sectorización aplicable": {
    "sector_CZ_Centro": 206,
    "sector_AD": 216,
    "sector_XK": 199,
    "sector_GB_Oeste": 227,
    "sector_BE_Este": 282,
    "sector_PT_Este": 132,
    "sector_TR_Oeste": 166,
    "sector_SE_Oeste": 110,
    "sector_RU_Oeste": 52,
    "sector_IT_Norte": 293
  }
}
=== 2025-07-13T18:06:07Z ===
{
  "Hora UTC": "2025-07-13 18:05:59",
  "Sectorización aplicable": {
    "sector_CZ_Centro": 206,
    "sector_AD": 216,
    "sector_XK": 199,
    "sector_GB_Oeste": 227,
    "sector_BE_Este": 282,
    "sector_PT_Este": 132,
    "sector_TR_Oeste": 166,
    "sector_SE_Oeste": 110,
    "sector_RU_Oeste": 52,
    "sector_IT_Norte": 293
  }
}
=== 2025-07-13T18:06:12Z ===
{
  "Hora UTC": "2025-07-13 18:06:12",
  "Sectorización aplicable": {
    "sector_CZ_Centro": 204,
    "sector_AD": 224,
    "sector_XK": 190,
    "sector_GB_Oeste": 240,
    "sector_BE_Este": 281,
    "sector_PT_Este": 139,
    "sector_TR_Oeste": 166,
    "sector_SE_Oeste": 112,
    "sector_RU_Oeste": 57,
    "sector_IT_Norte": 291
  }
}
