CONTAINER ID   NAME                CPU %     MEM USAGE / LIMIT     MEM %     NET I/O           BLOCK I/O     PIDS
5c4b1b621068   productor           1.41%     210.5MiB / 3.823GiB   5.38%     1.98kB / 823B     2.32MB / 0B   2
cced7653085d   cliente_historico   0.08%     25.62MiB / 3.823GiB   0.65%     7.74kB / 3.67kB   6.25MB / 0B   4
ab5a9941c874   cliente_atm         0.02%     23.6MiB / 3.823GiB    0.60%     4.08kB / 3.12kB   6.06MB / 0B   1
2e19e1c018bd   consumidor_mongo1   0.93%     29.5MiB / 3.823GiB    0.75%     25.5kB / 29.9kB   4.11MB / 0B   8
7bd861cf08c1   sectorizador        0.00%     23.25MiB / 3.823GiB   0.59%     9.46kB / 12kB     6.38MB / 0B   4
8261e05d2b61   consumidor_redis2   0.94%     18.91MiB / 3.823GiB   0.48%     21.7kB / 30.4kB   1.54MB / 0B   2
f20a3e50fea2   consumidor_mongo2   1.33%     29.5MiB / 3.823GiB    0.75%     25.6kB / 29.9kB   3.71MB / 0B   8
d2244dc0c39f   consumidor_redis1   1.09%     18.91MiB / 3.823GiB   0.48%     21.7kB / 29.9kB   2.75MB / 0B   2
9f5359063416   kafka_ui            193.21%   181.1MiB / 3.823GiB   4.63%     1.88kB / 126B     0B / 49.2kB   23
23ba0c1227d1   mongodb             4.69%     74.3MiB / 3.823GiB    1.90%     12.4kB / 14kB     0B / 0B       39
2410c119e440   redis               1.15%     8.312MiB / 3.823GiB   0.21%     18.3kB / 9.24kB   73.7kB / 0B   6
418757c50144   kafka               204.68%   391.2MiB / 3.823GiB   9.99%     115kB / 79.1kB    0B / 238kB    112
CONTAINER ID   NAME                CPU %     MEM USAGE / LIMIT     MEM %     NET I/O           BLOCK I/O     PIDS
5c4b1b621068   productor           0.60%     210.5MiB / 3.823GiB   5.38%     1.98kB / 823B     2.32MB / 0B   2
cced7653085d   cliente_historico   0.10%     25.62MiB / 3.823GiB   0.65%     8.5kB / 3.94kB    6.25MB / 0B   4
ab5a9941c874   cliente_atm         0.02%     23.6MiB / 3.823GiB    0.60%     5.48kB / 5.43kB   6.06MB / 0B   1
2e19e1c018bd   consumidor_mongo1   1.23%     29.5MiB / 3.823GiB    0.75%     27.1kB / 31.1kB   4.11MB / 0B   8
7bd861cf08c1   sectorizador        0.00%     23.25MiB / 3.823GiB   0.59%     9.46kB / 12kB     6.38MB / 0B   4
8261e05d2b61   consumidor_redis2   3.97%     18.91MiB / 3.823GiB   0.48%     23.3kB / 31.6kB   1.54MB / 0B   2
f20a3e50fea2   consumidor_mongo2   14.13%    29.5MiB / 3.823GiB    0.75%     27.1kB / 31.1kB   3.71MB / 0B   8
d2244dc0c39f   consumidor_redis1   0.41%     18.91MiB / 3.823GiB   0.48%     23.3kB / 31.3kB   2.75MB / 0B   2
9f5359063416   kafka_ui            218.22%   184.5MiB / 3.823GiB   4.71%     1.88kB / 126B     0B / 49.2kB   23
23ba0c1227d1   mongodb             3.05%     74.3MiB / 3.823GiB    1.90%     12.7kB / 14.8kB   0B / 0B       39
2410c119e440   redis               3.84%     8.309MiB / 3.823GiB   0.21%     19.7kB / 10kB     73.7kB / 0B   6
418757c50144   kafka               296.88%   497.1MiB / 3.823GiB   12.70%    120kB / 85.5kB    0B / 238kB    165
CONTAINER ID   NAME                CPU %     MEM USAGE / LIMIT     MEM %     NET I/O           BLOCK I/O     PIDS
5c4b1b621068   productor           0.47%     210.5MiB / 3.823GiB   5.38%     1.98kB / 823B     2.32MB / 0B   2
cced7653085d   cliente_historico   0.11%     25.62MiB / 3.823GiB   0.65%     8.5kB / 3.94kB    6.25MB / 0B   4
ab5a9941c874   cliente_atm         0.03%     23.6MiB / 3.823GiB    0.60%     6.74kB / 7.68kB   6.06MB / 0B   1
2e19e1c018bd   consumidor_mongo1   3.42%     29.52MiB / 3.823GiB   0.75%     30.2kB / 33.7kB   4.11MB / 0B   8
7bd861cf08c1   sectorizador        0.00%     23.25MiB / 3.823GiB   0.59%     10.4kB / 13.6kB   6.38MB / 0B   4
8261e05d2b61   consumidor_redis2   10.86%    18.92MiB / 3.823GiB   0.48%     25.5kB / 33.9kB   1.54MB / 0B   2
f20a3e50fea2   consumidor_mongo2   9.22%     29.52MiB / 3.823GiB   0.75%     29.8kB / 33.4kB   3.71MB / 0B   8
d2244dc0c39f   consumidor_redis1   1.83%     18.93MiB / 3.823GiB   0.48%     25.6kB / 33.8kB   2.75MB / 0B   2
9f5359063416   kafka_ui            194.21%   185.1MiB / 3.823GiB   4.73%     1.88kB / 126B     0B / 65.5kB   24
23ba0c1227d1   mongodb             1.49%     74.3MiB / 3.823GiB    1.90%     13.2kB / 16.3kB   0B / 0B       39
2410c119e440   redis               17.70%    8.309MiB / 3.823GiB   0.21%     22.6kB / 11.7kB   73.7kB / 0B   6
418757c50144   kafka               259.09%   511.6MiB / 3.823GiB   13.07%    130kB / 94.7kB    0B / 238kB    152
CONTAINER ID   NAME                CPU %     MEM USAGE / LIMIT     MEM %     NET I/O           BLOCK I/O     PIDS
5c4b1b621068   productor           0.61%     210.7MiB / 3.823GiB   5.38%     2.62kB / 9.04kB   2.32MB / 0B   2
cced7653085d   cliente_historico   0.21%     25.62MiB / 3.823GiB   0.65%     9.26kB / 4.18kB   6.25MB / 0B   4
ab5a9941c874   cliente_atm         1.95%     23.61MiB / 3.823GiB   0.60%     8kB / 9.86kB      6.06MB / 0B   1
2e19e1c018bd   consumidor_mongo1   0.82%     29.52MiB / 3.823GiB   0.75%     31.7kB / 35.2kB   4.11MB / 0B   8
7bd861cf08c1   sectorizador        0.00%     23.25MiB / 3.823GiB   0.59%     10.4kB / 13.6kB   6.38MB / 0B   4
8261e05d2b61   consumidor_redis2   12.70%    18.98MiB / 3.823GiB   0.48%     37.8kB / 52.8kB   1.54MB / 0B   2
f20a3e50fea2   consumidor_mongo2   16.60%    29.67MiB / 3.823GiB   0.76%     44.5kB / 49.7kB   3.71MB / 0B   8
d2244dc0c39f   consumidor_redis1   2.85%     18.93MiB / 3.823GiB   0.48%     27.6kB / 35.6kB   2.75MB / 0B   2
9f5359063416   kafka_ui            200.43%   193.9MiB / 3.823GiB   4.95%     1.88kB / 126B     0B / 65.5kB   24
23ba0c1227d1   mongodb             118.30%   117.3MiB / 3.823GiB   3.00%     27.8kB / 22.2kB   0B / 0B       50
2410c119e440   redis               1.05%     8.316MiB / 3.823GiB   0.21%     41kB / 15.2kB     73.7kB / 0B   6
418757c50144   kafka               52.04%    390.7MiB / 3.823GiB   9.98%     145kB / 118kB     0B / 238kB    111
CONTAINER ID   NAME                CPU %     MEM USAGE / LIMIT     MEM %     NET I/O           BLOCK I/O     PIDS
5c4b1b621068   productor           0.67%     210.7MiB / 3.823GiB   5.38%     2.67kB / 9.08kB   2.32MB / 0B   2
cced7653085d   cliente_historico   0.10%     25.62MiB / 3.823GiB   0.65%     9.26kB / 4.18kB   6.25MB / 0B   4
ab5a9941c874   cliente_atm         3.32%     23.61MiB / 3.823GiB   0.60%     9.39kB / 12.1kB   6.06MB / 0B   1
2e19e1c018bd   consumidor_mongo1   1.35%     29.52MiB / 3.823GiB   0.75%     34.8kB / 37.4kB   4.11MB / 0B   8
7bd861cf08c1   sectorizador        0.00%     23.27MiB / 3.823GiB   0.59%     14kB / 18kB       6.38MB / 0B   4
8261e05d2b61   consumidor_redis2   0.63%     18.98MiB / 3.823GiB   0.48%     39.4kB / 54kB     1.54MB / 0B   2
f20a3e50fea2   consumidor_mongo2   16.05%    29.93MiB / 3.823GiB   0.76%     47kB / 51.8kB     3.71MB / 0B   9
d2244dc0c39f   consumidor_redis1   3.42%     18.94MiB / 3.823GiB   0.48%     29.5kB / 37.3kB   2.75MB / 0B   2
9f5359063416   kafka_ui            172.29%   294.3MiB / 3.823GiB   7.52%     1.88kB / 126B     0B / 168kB    28
23ba0c1227d1   mongodb             1.31%     77.06MiB / 3.823GiB   1.97%     28.2kB / 23.4kB   0B / 0B       39
2410c119e440   redis               3.78%     8.336MiB / 3.823GiB   0.21%     46.7kB / 19.7kB   73.7kB / 0B   12
418757c50144   kafka               218.56%   461.9MiB / 3.823GiB   11.80%    153kB / 126kB     0B / 238kB    143
CONTAINER ID   NAME                CPU %     MEM USAGE / LIMIT     MEM %     NET I/O           BLOCK I/O     PIDS
5c4b1b621068   productor           0.45%     211.5MiB / 3.823GiB   5.40%     3.81kB / 206kB    2.32MB / 0B   2
cced7653085d   cliente_historico   0.09%     25.62MiB / 3.823GiB   0.65%     10.1kB / 4.45kB   6.25MB / 0B   4
ab5a9941c874   cliente_atm         3.76%     23.61MiB / 3.823GiB   0.60%     10.9kB / 14.4kB   6.06MB / 0B   1
2e19e1c018bd   consumidor_mongo1   3.56%     29.52MiB / 3.823GiB   0.75%     36.7kB / 39.1kB   4.11MB / 0B   8
7bd861cf08c1   sectorizador        0.00%     23.27MiB / 3.823GiB   0.59%     14.1kB / 18kB     6.38MB / 0B   4
8261e05d2b61   consumidor_redis2   57.96%    19.83MiB / 3.823GiB   0.51%     303kB / 475kB     1.54MB / 0B   2
f20a3e50fea2   consumidor_mongo2   69.64%    30.82MiB / 3.823GiB   0.79%     282kB / 182kB     3.71MB / 0B   8
d2244dc0c39f   consumidor_redis1   2.27%     18.94MiB / 3.823GiB   0.48%     31.5kB / 39kB     2.75MB / 0B   2
9f5359063416   kafka_ui            127.34%   301.5MiB / 3.823GiB   7.70%     2.2kB / 490B      0B / 168kB    36
23ba0c1227d1   mongodb             39.19%    79.31MiB / 3.823GiB   2.03%     157kB / 60.2kB    0B / 0B       39
2410c119e440   redis               27.68%    9.098MiB / 3.823GiB   0.23%     466kB / 85.5kB    73.7kB / 0B   6
418757c50144   kafka               232.87%   506.3MiB / 3.823GiB   12.94%    357kB / 528kB     0B / 238kB    156
CONTAINER ID   NAME                CPU %     MEM USAGE / LIMIT     MEM %     NET I/O           BLOCK I/O     PIDS
5c4b1b621068   productor           0.48%     211.5MiB / 3.823GiB   5.40%     3.81kB / 206kB    2.32MB / 0B   2
cced7653085d   cliente_historico   0.42%     25.62MiB / 3.823GiB   0.65%     10.1kB / 4.45kB   6.25MB / 0B   4
ab5a9941c874   cliente_atm         2.10%     23.62MiB / 3.823GiB   0.60%     12.2kB / 16.7kB   6.06MB / 0B   1
2e19e1c018bd   consumidor_mongo1   2.30%     29.53MiB / 3.823GiB   0.75%     39.6kB / 41.4kB   4.11MB / 0B   8
7bd861cf08c1   sectorizador        0.00%     23.46MiB / 3.823GiB   0.60%     84kB / 87.3kB     6.38MB / 0B   4
8261e05d2b61   consumidor_redis2   1.32%     19.83MiB / 3.823GiB   0.51%     305kB / 477kB     1.54MB / 0B   2
f20a3e50fea2   consumidor_mongo2   2.20%     30.86MiB / 3.823GiB   0.79%     338kB / 376kB     3.71MB / 0B   8
d2244dc0c39f   consumidor_redis1   3.35%     18.95MiB / 3.823GiB   0.48%     33.4kB / 40.9kB   2.75MB / 0B   2
9f5359063416   kafka_ui            157.53%   278.6MiB / 3.823GiB   7.12%     22.5kB / 3.07kB   0B / 168kB    36
23ba0c1227d1   mongodb             23.44%    87.56MiB / 3.823GiB   2.24%     349kB / 115kB     0B / 0B       52
2410c119e440   redis               1.78%     9.371MiB / 3.823GiB   0.24%     536kB / 156kB     73.7kB / 0B   6
418757c50144   kafka               207.68%   426.2MiB / 3.823GiB   10.89%    366kB / 552kB     0B / 238kB    121
CONTAINER ID   NAME                CPU %     MEM USAGE / LIMIT     MEM %     NET I/O           BLOCK I/O     PIDS
5c4b1b621068   productor           18.37%    211.8MiB / 3.823GiB   5.41%     4.3kB / 363kB     2.32MB / 0B   2
cced7653085d   cliente_historico   0.11%     25.62MiB / 3.823GiB   0.65%     10.9kB / 4.7kB    6.25MB / 0B   4
ab5a9941c874   cliente_atm         3.23%     23.63MiB / 3.823GiB   0.60%     13.6kB / 18.9kB   6.06MB / 0B   1
2e19e1c018bd   consumidor_mongo1   42.22%    30.16MiB / 3.823GiB   0.77%     128kB / 53.8kB    4.11MB / 0B   8
7bd861cf08c1   sectorizador        0.00%     23.46MiB / 3.823GiB   0.60%     84kB / 87.3kB     6.38MB / 0B   4
8261e05d2b61   consumidor_redis2   34.21%    19.84MiB / 3.823GiB   0.51%     411kB / 644kB     1.54MB / 0B   2
f20a3e50fea2   consumidor_mongo2   39.74%    30.87MiB / 3.823GiB   0.79%     428kB / 391kB     3.71MB / 0B   8
d2244dc0c39f   consumidor_redis1   49.91%    19.34MiB / 3.823GiB   0.49%     138kB / 211kB     2.75MB / 0B   2
9f5359063416   kafka_ui            87.19%    277.5MiB / 3.823GiB   7.09%     33.8kB / 4.07kB   0B / 168kB    36
23ba0c1227d1   mongodb             86.99%    106.3MiB / 3.823GiB   2.72%     377kB / 135kB     0B / 0B       46
2410c119e440   redis               15.42%    9.934MiB / 3.823GiB   0.25%     872kB / 207kB     73.7kB / 0B   6
418757c50144   kafka               139.46%   430.9MiB / 3.823GiB   11.01%    530kB / 884kB     0B / 238kB    124
CONTAINER ID   NAME                CPU %     MEM USAGE / LIMIT     MEM %     NET I/O           BLOCK I/O     PIDS
5c4b1b621068   productor           0.00%     211.8MiB / 3.823GiB   5.41%     4.3kB / 363kB     2.32MB / 0B   2
cced7653085d   cliente_historico   0.15%     25.62MiB / 3.823GiB   0.65%     10.9kB / 4.7kB    6.25MB / 0B   4
ab5a9941c874   cliente_atm         0.03%     23.63MiB / 3.823GiB   0.60%     13.6kB / 19kB     6.06MB / 0B   1
2e19e1c018bd   consumidor_mongo1   13.11%    30.45MiB / 3.823GiB   0.78%     158kB / 174kB     4.11MB / 0B   8
7bd861cf08c1   sectorizador        0.00%     23.62MiB / 3.823GiB   0.60%     196kB / 198kB     6.38MB / 0B   4
8261e05d2b61   consumidor_redis2   0.68%     19.84MiB / 3.823GiB   0.51%     412kB / 646kB     1.54MB / 0B   2
f20a3e50fea2   consumidor_mongo2   1.02%     30.87MiB / 3.823GiB   0.79%     455kB / 506kB     3.71MB / 0B   8
d2244dc0c39f   consumidor_redis1   11.82%    19.35MiB / 3.823GiB   0.49%     140kB / 213kB     2.75MB / 0B   2
9f5359063416   kafka_ui            0.55%     288.4MiB / 3.823GiB   7.37%     33.8kB / 4.07kB   0B / 184kB    36
23ba0c1227d1   mongodb             1.17%     81.11MiB / 3.823GiB   2.07%     605kB / 188kB     0B / 0B       39
2410c119e440   redis               12.27%    10.75MiB / 3.823GiB   0.27%     983kB / 320kB     872kB / 0B    6
418757c50144   kafka               368.25%   518MiB / 3.823GiB     13.23%    537kB / 891kB     0B / 238kB    152
CONTAINER ID   NAME                CPU %     MEM USAGE / LIMIT     MEM %     NET I/O           BLOCK I/O     PIDS
5c4b1b621068   productor           18.39%    211.8MiB / 3.823GiB   5.41%     5.13kB / 598kB    2.32MB / 0B   2
cced7653085d   cliente_historico   0.24%     25.62MiB / 3.823GiB   0.65%     11.6kB / 4.96kB   6.25MB / 0B   4
ab5a9941c874   cliente_atm         0.02%     23.64MiB / 3.823GiB   0.60%     15.1kB / 21.2kB   6.06MB / 0B   1
2e19e1c018bd   consumidor_mongo1   83.37%    30.62MiB / 3.823GiB   0.78%     267kB / 215kB     4.11MB / 0B   8
7bd861cf08c1   sectorizador        0.00%     23.62MiB / 3.823GiB   0.60%     196kB / 198kB     6.38MB / 0B   4
8261e05d2b61   consumidor_redis2   67.11%    19.86MiB / 3.823GiB   0.51%     623kB / 978kB     1.54MB / 0B   2
f20a3e50fea2   consumidor_mongo2   71.58%    31.25MiB / 3.823GiB   0.80%     636kB / 575kB     3.71MB / 0B   8
d2244dc0c39f   consumidor_redis1   24.50%    19.67MiB / 3.823GiB   0.50%     246kB / 381kB     2.75MB / 0B   2
9f5359063416   kafka_ui            0.19%     288.4MiB / 3.823GiB   7.37%     33.8kB / 4.07kB   0B / 184kB    36
23ba0c1227d1   mongodb             54.37%    81.31MiB / 3.823GiB   2.08%     708kB / 236kB     0B / 0B       39
2410c119e440   redis               16.60%    11.04MiB / 3.823GiB   0.28%     1.48MB / 396kB    872kB / 0B    6
418757c50144   kafka               204.14%   396.6MiB / 3.823GiB   10.13%    783kB / 1.37MB    0B / 238kB    112
CONTAINER ID   NAME                CPU %     MEM USAGE / LIMIT     MEM %     NET I/O           BLOCK I/O     PIDS
5c4b1b621068   productor           0.62%     211.8MiB / 3.823GiB   5.41%     5.13kB / 598kB    2.32MB / 0B   2
cced7653085d   cliente_historico   0.10%     25.62MiB / 3.823GiB   0.65%     11.6kB / 4.96kB   6.25MB / 0B   4
ab5a9941c874   cliente_atm         0.40%     23.64MiB / 3.823GiB   0.60%     16.4kB / 23.4kB   6.06MB / 0B   1
2e19e1c018bd   consumidor_mongo1   1.40%     30.72MiB / 3.823GiB   0.78%     276kB / 304kB     4.11MB / 0B   8
7bd861cf08c1   sectorizador        70.84%    23.89MiB / 3.823GiB   0.61%     364kB / 362kB     6.38MB / 0B   4
8261e05d2b61   consumidor_redis2   0.44%     19.86MiB / 3.823GiB   0.51%     625kB / 980kB     1.54MB / 0B   2
f20a3e50fea2   consumidor_mongo2   1.19%     31.26MiB / 3.823GiB   0.80%     688kB / 763kB     3.71MB / 0B   8
d2244dc0c39f   consumidor_redis1   0.48%     19.67MiB / 3.823GiB   0.50%     248kB / 383kB     2.75MB / 0B   2
9f5359063416   kafka_ui            22.62%    288.5MiB / 3.823GiB   7.37%     45.2kB / 5.11kB   0B / 184kB    36
23ba0c1227d1   mongodb             0.75%     84.7MiB / 3.823GiB    2.16%     985kB / 296kB     0B / 0B       39
2410c119e440   redis               13.88%    11.07MiB / 3.823GiB   0.28%     1.65MB / 565kB    872kB / 0B    6
418757c50144   kafka               326.68%   530.7MiB / 3.823GiB   13.56%    791kB / 1.39MB    0B / 238kB    147
CONTAINER ID   NAME                CPU %     MEM USAGE / LIMIT     MEM %     NET I/O           BLOCK I/O     PIDS
5c4b1b621068   productor           24.93%    211.8MiB / 3.823GiB   5.41%     5.39kB / 755kB    2.32MB / 0B   2
cced7653085d   cliente_historico   0.09%     25.63MiB / 3.823GiB   0.65%     12.4kB / 5.21kB   6.25MB / 0B   4
ab5a9941c874   cliente_atm         0.04%     23.65MiB / 3.823GiB   0.60%     17.8kB / 25.7kB   6.06MB / 0B   1
2e19e1c018bd   consumidor_mongo1   0.89%     30.72MiB / 3.823GiB   0.78%     278kB / 306kB     4.11MB / 0B   8
7bd861cf08c1   sectorizador        0.00%     23.89MiB / 3.823GiB   0.61%     364kB / 362kB     6.38MB / 0B   4
8261e05d2b61   consumidor_redis2   13.94%    19.86MiB / 3.823GiB   0.51%     689kB / 982kB     1.54MB / 0B   2
f20a3e50fea2   consumidor_mongo2   9.68%     31.27MiB / 3.823GiB   0.80%     689kB / 764kB     3.71MB / 0B   8
d2244dc0c39f   consumidor_redis1   3.69%     19.67MiB / 3.823GiB   0.50%     250kB / 385kB     2.75MB / 0B   2
9f5359063416   kafka_ui            0.15%     288.5MiB / 3.823GiB   7.37%     45.2kB / 5.11kB   0B / 197kB    36
23ba0c1227d1   mongodb             3.50%     84.7MiB / 3.823GiB    2.16%     985kB / 297kB     0B / 0B       39
2410c119e440   redis               13.20%    11.09MiB / 3.823GiB   0.28%     1.65MB / 566kB    872kB / 0B    6
418757c50144   kafka               327.23%   434.5MiB / 3.823GiB   11.10%    954kB / 1.4MB     0B / 238kB    130
CONTAINER ID   NAME                CPU %     MEM USAGE / LIMIT     MEM %     NET I/O           BLOCK I/O     PIDS
5c4b1b621068   productor           0.46%     211.8MiB / 3.823GiB   5.41%     5.77kB / 795kB    2.32MB / 0B   2
cced7653085d   cliente_historico   3.32%     25.63MiB / 3.823GiB   0.65%     12.4kB / 5.21kB   6.25MB / 0B   4
ab5a9941c874   cliente_atm         0.02%     23.66MiB / 3.823GiB   0.60%     19.1kB / 27.9kB   6.06MB / 0B   1
2e19e1c018bd   consumidor_mongo1   1.11%     30.75MiB / 3.823GiB   0.79%     394kB / 434kB     4.11MB / 0B   8
7bd861cf08c1   sectorizador        0.00%     23.89MiB / 3.823GiB   0.61%     364kB / 362kB     6.38MB / 0B   4
8261e05d2b61   consumidor_redis2   6.58%     19.86MiB / 3.823GiB   0.51%     786kB / 1.24MB    1.54MB / 0B   2
f20a3e50fea2   consumidor_mongo2   12.26%    31.27MiB / 3.823GiB   0.80%     864kB / 962kB     3.71MB / 0B   8
d2244dc0c39f   consumidor_redis1   1.30%     19.79MiB / 3.823GiB   0.51%     356kB / 551kB     2.75MB / 0B   2
9f5359063416   kafka_ui            0.32%     288.5MiB / 3.823GiB   7.37%     45.2kB / 5.11kB   0B / 197kB    36
23ba0c1227d1   mongodb             113.51%   141MiB / 3.823GiB     3.60%     1.31MB / 388kB    0B / 0B       54
2410c119e440   redis               1.55%     11.28MiB / 3.823GiB   0.29%     2.07MB / 632kB    872kB / 0B    6
418757c50144   kafka               304.64%   540.6MiB / 3.823GiB   13.81%    1MB / 1.8MB       0B / 238kB    172
CONTAINER ID   NAME                CPU %     MEM USAGE / LIMIT     MEM %     NET I/O           BLOCK I/O     PIDS
5c4b1b621068   productor           41.38%    211.8MiB / 3.823GiB   5.41%     6.29kB / 874kB    2.32MB / 0B   2
cced7653085d   cliente_historico   1.58%     25.63MiB / 3.823GiB   0.65%     13.2kB / 5.54kB   6.25MB / 0B   4
ab5a9941c874   cliente_atm         0.05%     23.66MiB / 3.823GiB   0.60%     20.5kB / 30.2kB   6.06MB / 0B   1
2e19e1c018bd   consumidor_mongo1   17.29%    30.75MiB / 3.823GiB   0.79%     475kB / 436kB     4.11MB / 0B   8
7bd861cf08c1   sectorizador        0.00%     24.03MiB / 3.823GiB   0.61%     573kB / 566kB     6.38MB / 0B   4
8261e05d2b61   consumidor_redis2   10.08%    19.86MiB / 3.823GiB   0.51%     788kB / 1.24MB    1.54MB / 0B   2
f20a3e50fea2   consumidor_mongo2   13.94%    31.27MiB / 3.823GiB   0.80%     866kB / 964kB     3.71MB / 0B   8
d2244dc0c39f   consumidor_redis1   13.68%    19.93MiB / 3.823GiB   0.51%     442kB / 564kB     2.75MB / 0B   2
9f5359063416   kafka_ui            0.24%     288.5MiB / 3.823GiB   7.37%     45.2kB / 5.11kB   0B / 197kB    36
23ba0c1227d1   mongodb             18.92%    85.91MiB / 3.823GiB   2.19%     1.31MB / 389kB    0B / 0B       39
2410c119e440   redis               27.82%    11.21MiB / 3.823GiB   0.29%     2.29MB / 851kB    872kB / 0B    6
418757c50144   kafka               222.97%   526.1MiB / 3.823GiB   13.44%    1.11MB / 1.96MB   0B / 238kB    152
CONTAINER ID   NAME                CPU %     MEM USAGE / LIMIT     MEM %     NET I/O           BLOCK I/O     PIDS
5c4b1b621068   productor           0.32%     212MiB / 3.823GiB     5.42%     6.66kB / 991kB    2.32MB / 0B   2
cced7653085d   cliente_historico   0.13%     25.63MiB / 3.823GiB   0.65%     13.2kB / 5.54kB   6.25MB / 0B   4
ab5a9941c874   cliente_atm         0.02%     23.67MiB / 3.823GiB   0.60%     21.8kB / 32.4kB   6.06MB / 0B   1
2e19e1c018bd   consumidor_mongo1   1.27%     30.88MiB / 3.823GiB   0.79%     626kB / 690kB     4.11MB / 0B   8
7bd861cf08c1   sectorizador        0.00%     24.03MiB / 3.823GiB   0.61%     573kB / 566kB     6.38MB / 0B   4
8261e05d2b61   consumidor_redis2   8.84%     19.86MiB / 3.823GiB   0.51%     843kB / 1.33MB    1.54MB / 0B   2
f20a3e50fea2   consumidor_mongo2   11.86%    31.27MiB / 3.823GiB   0.80%     927kB / 1.03MB    3.71MB / 0B   8
d2244dc0c39f   consumidor_redis1   0.63%     19.93MiB / 3.823GiB   0.51%     568kB / 886kB     2.75MB / 0B   2
9f5359063416   kafka_ui            0.09%     288.5MiB / 3.823GiB   7.37%     45.2kB / 5.11kB   0B / 201kB    36
23ba0c1227d1   mongodb             0.93%     86.23MiB / 3.823GiB   2.20%     1.62MB / 479kB    0B / 0B       39
2410c119e440   redis               0.65%     11.41MiB / 3.823GiB   0.29%     2.69MB / 904kB    872kB / 0B    6
418757c50144   kafka               187.32%   438.8MiB / 3.823GiB   11.21%    1.21MB / 2.21MB   0B / 238kB    127
CONTAINER ID   NAME                CPU %     MEM USAGE / LIMIT     MEM %     NET I/O           BLOCK I/O     PIDS
5c4b1b621068   productor           19.05%    212MiB / 3.823GiB     5.42%     7.32kB / 1.19MB   2.32MB / 0B   2
cced7653085d   cliente_historico   0.06%     25.63MiB / 3.823GiB   0.65%     14kB / 5.79kB     6.25MB / 0B   4
ab5a9941c874   cliente_atm         0.01%     23.67MiB / 3.823GiB   0.60%     23.2kB / 34.7kB   6.06MB / 0B   1
2e19e1c018bd   consumidor_mongo1   9.93%     30.88MiB / 3.823GiB   0.79%     708kB / 695kB     4.11MB / 0B   8
7bd861cf08c1   sectorizador        54.65%    24.13MiB / 3.823GiB   0.62%     812kB / 799kB     6.38MB / 0B   4
8261e05d2b61   consumidor_redis2   0.76%     19.86MiB / 3.823GiB   0.51%     845kB / 1.33MB    1.54MB / 0B   2
f20a3e50fea2   consumidor_mongo2   0.75%     31.27MiB / 3.823GiB   0.80%     929kB / 1.03MB    3.71MB / 0B   8
d2244dc0c39f   consumidor_redis1   5.03%     19.93MiB / 3.823GiB   0.51%     655kB / 899kB     2.75MB / 0B   2
9f5359063416   kafka_ui            0.20%     288.5MiB / 3.823GiB   7.37%     45.2kB / 5.11kB   0B / 201kB    36
23ba0c1227d1   mongodb             1.33%     86.23MiB / 3.823GiB   2.20%     1.63MB / 481kB    0B / 0B       39
2410c119e440   redis               19.92%    11.44MiB / 3.823GiB   0.29%     2.93MB / 1.15MB   872kB / 0B    6
418757c50144   kafka               133.71%   425.2MiB / 3.823GiB   10.86%    1.38MB / 2.38MB   0B / 238kB    127
CONTAINER ID   NAME                CPU %     MEM USAGE / LIMIT     MEM %     NET I/O           BLOCK I/O     PIDS
5c4b1b621068   productor           0.45%     212MiB / 3.823GiB     5.42%     7.45kB / 1.19MB   2.32MB / 0B   2
cced7653085d   cliente_historico   0.10%     25.63MiB / 3.823GiB   0.65%     14kB / 5.79kB     6.25MB / 0B   4
ab5a9941c874   cliente_atm         0.03%     23.67MiB / 3.823GiB   0.60%     24.6kB / 37kB     6.06MB / 0B   1
2e19e1c018bd   consumidor_mongo1   0.64%     31MiB / 3.823GiB      0.79%     914kB / 1.01MB    4.11MB / 0B   8
7bd861cf08c1   sectorizador        0.00%     24.13MiB / 3.823GiB   0.62%     812kB / 799kB     6.38MB / 0B   4
8261e05d2b61   consumidor_redis2   0.55%     19.86MiB / 3.823GiB   0.51%     847kB / 1.33MB    1.54MB / 0B   2
f20a3e50fea2   consumidor_mongo2   1.10%     31.27MiB / 3.823GiB   0.80%     931kB / 1.03MB    3.71MB / 0B   8
d2244dc0c39f   consumidor_redis1   0.65%     20.09MiB / 3.823GiB   0.51%     830kB / 1.3MB     2.75MB / 0B   2
9f5359063416   kafka_ui            0.51%     288.5MiB / 3.823GiB   7.37%     45.2kB / 5.11kB   0B / 201kB    36
23ba0c1227d1   mongodb             157.12%   151.9MiB / 3.823GiB   3.88%     1.94MB / 569kB    0B / 0B       55
2410c119e440   redis               3.10%     11.59MiB / 3.823GiB   0.30%     3.33MB / 1.21MB   872kB / 0B    6
418757c50144   kafka               419.65%   533.5MiB / 3.823GiB   13.63%    1.43MB / 2.62MB   0B / 238kB    166
CONTAINER ID   NAME                CPU %     MEM USAGE / LIMIT     MEM %     NET I/O           BLOCK I/O     PIDS
5c4b1b621068   productor           27.50%    212MiB / 3.823GiB     5.42%     7.91kB / 1.34MB   2.32MB / 0B   2
cced7653085d   cliente_historico   0.84%     25.63MiB / 3.823GiB   0.65%     14.7kB / 6.05kB   6.25MB / 0B   4
ab5a9941c874   cliente_atm         0.07%     23.67MiB / 3.823GiB   0.60%     25.9kB / 39.2kB   6.06MB / 0B   1
2e19e1c018bd   consumidor_mongo1   11.61%    31MiB / 3.823GiB      0.79%     995kB / 1.01MB    4.11MB / 0B   8
7bd861cf08c1   sectorizador        19.78%    24.29MiB / 3.823GiB   0.62%     948kB / 829kB     6.38MB / 0B   4
8261e05d2b61   consumidor_redis2   0.55%     19.86MiB / 3.823GiB   0.51%     849kB / 1.33MB    1.54MB / 0B   2
f20a3e50fea2   consumidor_mongo2   0.91%     31.27MiB / 3.823GiB   0.80%     934kB / 1.04MB    3.71MB / 0B   8
d2244dc0c39f   consumidor_redis1   11.28%    20.09MiB / 3.823GiB   0.51%     919kB / 1.32MB    2.75MB / 0B   2
9f5359063416   kafka_ui            0.59%     288.7MiB / 3.823GiB   7.37%     56.7kB / 6.15kB   0B / 213kB    36
23ba0c1227d1   mongodb             4.90%     90.82MiB / 3.823GiB   2.32%     1.94MB / 574kB    0B / 0B       39
2410c119e440   redis               8.59%     11.54MiB / 3.823GiB   0.29%     3.38MB / 1.35MB   872kB / 0B    6
418757c50144   kafka               235.22%   403.2MiB / 3.823GiB   10.30%    1.6MB / 2.8MB     0B / 238kB    108
CONTAINER ID   NAME                CPU %     MEM USAGE / LIMIT     MEM %     NET I/O           BLOCK I/O     PIDS
5c4b1b621068   productor           0.52%     212MiB / 3.823GiB     5.42%     8.24kB / 1.38MB   2.32MB / 0B   2
cced7653085d   cliente_historico   0.16%     25.63MiB / 3.823GiB   0.65%     14.7kB / 6.05kB   6.25MB / 0B   4
ab5a9941c874   cliente_atm         0.03%     23.67MiB / 3.823GiB   0.60%     27.3kB / 41.4kB   6.06MB / 0B   1
2e19e1c018bd   consumidor_mongo1   0.73%     31.06MiB / 3.823GiB   0.79%     1.2MB / 1.32MB    4.11MB / 0B   8
7bd861cf08c1   sectorizador        51.30%    24.28MiB / 3.823GiB   0.62%     1.08MB / 1.06MB   6.38MB / 0B   4
8261e05d2b61   consumidor_redis2   0.43%     19.86MiB / 3.823GiB   0.51%     851kB / 1.34MB    1.54MB / 0B   2
f20a3e50fea2   consumidor_mongo2   0.70%     31.27MiB / 3.823GiB   0.80%     936kB / 1.04MB    3.71MB / 0B   8
d2244dc0c39f   consumidor_redis1   0.62%     20.14MiB / 3.823GiB   0.51%     1.09MB / 1.72MB   2.75MB / 0B   2
9f5359063416   kafka_ui            0.23%     288.7MiB / 3.823GiB   7.37%     56.7kB / 6.15kB   0B / 213kB    36
23ba0c1227d1   mongodb             2.30%     90.98MiB / 3.823GiB   2.32%     2.25MB / 658kB    0B / 0B       39
2410c119e440   redis               0.98%     11.69MiB / 3.823GiB   0.30%     4.01MB / 1.54MB   872kB / 0B    6
418757c50144   kafka               436.91%   491MiB / 3.823GiB     12.54%    1.64MB / 3.04MB   0B / 238kB    148
CONTAINER ID   NAME                CPU %     MEM USAGE / LIMIT     MEM %     NET I/O           BLOCK I/O     PIDS
5c4b1b621068   productor           20.83%    212MiB / 3.823GiB     5.42%     8.71kB / 1.54MB   2.32MB / 0B   2
cced7653085d   cliente_historico   0.18%     25.63MiB / 3.823GiB   0.65%     15.5kB / 6.3kB    6.25MB / 0B   4
ab5a9941c874   cliente_atm         0.02%     23.67MiB / 3.823GiB   0.60%     28.6kB / 43.6kB   6.06MB / 0B   1
2e19e1c018bd   consumidor_mongo1   0.81%     31.06MiB / 3.823GiB   0.79%     1.2MB / 1.33MB    4.11MB / 0B   8
7bd861cf08c1   sectorizador        0.00%     24.28MiB / 3.823GiB   0.62%     1.08MB / 1.06MB   6.38MB / 0B   4
8261e05d2b61   consumidor_redis2   3.52%     20.17MiB / 3.823GiB   0.52%     935kB / 1.35MB    1.54MB / 0B   2
f20a3e50fea2   consumidor_mongo2   7.43%     31.3MiB / 3.823GiB    0.80%     1.02MB / 1.04MB   3.71MB / 0B   8
d2244dc0c39f   consumidor_redis1   0.44%     20.14MiB / 3.823GiB   0.51%     1.09MB / 1.72MB   2.75MB / 0B   2
9f5359063416   kafka_ui            0.13%     288.7MiB / 3.823GiB   7.37%     56.7kB / 6.15kB   0B / 213kB    36
23ba0c1227d1   mongodb             0.79%     90.98MiB / 3.823GiB   2.32%     2.25MB / 659kB    0B / 0B       39
2410c119e440   redis               2.79%     11.69MiB / 3.823GiB   0.30%     4.02MB / 1.54MB   872kB / 0B    6
418757c50144   kafka               290.30%   461.8MiB / 3.823GiB   11.80%    1.81MB / 3.2MB    0B / 238kB    144
CONTAINER ID   NAME                CPU %     MEM USAGE / LIMIT     MEM %     NET I/O           BLOCK I/O     PIDS
5c4b1b621068   productor           0.40%     212MiB / 3.823GiB     5.42%     9.04kB / 1.58MB   2.32MB / 0B   2
cced7653085d   cliente_historico   0.08%     25.63MiB / 3.823GiB   0.65%     15.5kB / 6.3kB    6.25MB / 0B   4
ab5a9941c874   cliente_atm         3.50%     23.67MiB / 3.823GiB   0.60%     29.9kB / 45.8kB   6.06MB / 0B   1
2e19e1c018bd   consumidor_mongo1   0.76%     31.07MiB / 3.823GiB   0.79%     1.21MB / 1.33MB   4.11MB / 0B   8
7bd861cf08c1   sectorizador        79.73%    24.31MiB / 3.823GiB   0.62%     1.28MB / 1.2MB    6.38MB / 0B   4
8261e05d2b61   consumidor_redis2   0.39%     20.25MiB / 3.823GiB   0.52%     1.12MB / 1.76MB   1.54MB / 0B   2
f20a3e50fea2   consumidor_mongo2   0.91%     31.51MiB / 3.823GiB   0.81%     1.23MB / 1.36MB   3.71MB / 0B   8
d2244dc0c39f   consumidor_redis1   0.49%     20.14MiB / 3.823GiB   0.51%     1.1MB / 1.72MB    2.75MB / 0B   2
9f5359063416   kafka_ui            0.20%     288.7MiB / 3.823GiB   7.37%     56.7kB / 6.15kB   0B / 217kB    36
23ba0c1227d1   mongodb             117.59%   159MiB / 3.823GiB     4.06%     2.57MB / 750kB    0B / 0B       55
2410c119e440   redis               24.79%    11.8MiB / 3.823GiB    0.30%     4.58MB / 1.81MB   872kB / 0B    6
418757c50144   kafka               274.09%   537.1MiB / 3.823GiB   13.72%    1.86MB / 3.45MB   0B / 238kB    152
CONTAINER ID   NAME                CPU %     MEM USAGE / LIMIT     MEM %     NET I/O           BLOCK I/O     PIDS
5c4b1b621068   productor           25.15%    211.8MiB / 3.823GiB   5.41%     9.67kB / 1.78MB   2.32MB / 0B   2
cced7653085d   cliente_historico   0.17%     25.63MiB / 3.823GiB   0.65%     16.2kB / 6.57kB   6.25MB / 0B   4
ab5a9941c874   cliente_atm         0.05%     23.67MiB / 3.823GiB   0.60%     31.2kB / 48.1kB   6.06MB / 0B   1
2e19e1c018bd   consumidor_mongo1   24.53%    31.07MiB / 3.823GiB   0.79%     1.29MB / 1.34MB   4.11MB / 0B   8
7bd861cf08c1   sectorizador        0.00%     24.3MiB / 3.823GiB    0.62%     1.34MB / 1.32MB   6.38MB / 0B   4
8261e05d2b61   consumidor_redis2   14.99%    20.25MiB / 3.823GiB   0.52%     1.21MB / 1.79MB   1.54MB / 0B   2
f20a3e50fea2   consumidor_mongo2   25.14%    31.51MiB / 3.823GiB   0.81%     1.32MB / 1.37MB   3.71MB / 0B   8
d2244dc0c39f   consumidor_redis1   20.17%    20.15MiB / 3.823GiB   0.51%     1.19MB / 1.74MB   2.75MB / 0B   2
9f5359063416   kafka_ui            0.28%     288.7MiB / 3.823GiB   7.37%     56.7kB / 6.15kB   0B / 217kB    36
23ba0c1227d1   mongodb             7.22%     96.2MiB / 3.823GiB    2.46%     2.58MB / 761kB    0B / 0B       39
2410c119e440   redis               9.67%     11.71MiB / 3.823GiB   0.30%     4.74MB / 1.9MB    872kB / 0B    6
418757c50144   kafka               348.91%   471.4MiB / 3.823GiB   12.04%    1.86MB / 3.46MB   0B / 238kB    147
CONTAINER ID   NAME                CPU %     MEM USAGE / LIMIT     MEM %     NET I/O           BLOCK I/O     PIDS
5c4b1b621068   productor           0.45%     211.8MiB / 3.823GiB   5.41%     9.67kB / 1.78MB   2.32MB / 0B   2
cced7653085d   cliente_historico   0.10%     25.63MiB / 3.823GiB   0.65%     16.2kB / 6.57kB   6.25MB / 0B   4
ab5a9941c874   cliente_atm         0.02%     23.67MiB / 3.823GiB   0.60%     32.6kB / 50.4kB   6.06MB / 0B   1
2e19e1c018bd   consumidor_mongo1   9.23%     31.07MiB / 3.823GiB   0.79%     1.32MB / 1.46MB   4.11MB / 0B   8
7bd861cf08c1   sectorizador        0.00%     24.3MiB / 3.823GiB    0.62%     1.34MB / 1.32MB   6.38MB / 0B   4
8261e05d2b61   consumidor_redis2   0.54%     20.25MiB / 3.823GiB   0.52%     1.28MB / 2.02MB   1.54MB / 0B   2
f20a3e50fea2   consumidor_mongo2   1.53%     31.52MiB / 3.823GiB   0.81%     1.4MB / 1.56MB    3.71MB / 0B   8
d2244dc0c39f   consumidor_redis1   1.16%     20.15MiB / 3.823GiB   0.51%     1.2MB / 1.89MB    2.75MB / 0B   2
9f5359063416   kafka_ui            3.15%     289.2MiB / 3.823GiB   7.39%     58.3kB / 6.48kB   0B / 217kB    36
23ba0c1227d1   mongodb             0.75%     96.44MiB / 3.823GiB   2.46%     2.88MB / 840kB    0B / 0B       39
2410c119e440   redis               0.90%     11.82MiB / 3.823GiB   0.30%     5.11MB / 1.94MB   872kB / 0B    6
418757c50144   kafka               350.20%   553.7MiB / 3.823GiB   14.14%    2.07MB / 3.86MB   0B / 238kB    147
CONTAINER ID   NAME                CPU %     MEM USAGE / LIMIT     MEM %     NET I/O           BLOCK I/O     PIDS
5c4b1b621068   productor           23.11%    211.8MiB / 3.823GiB   5.41%     10kB / 1.86MB     2.32MB / 0B   2
cced7653085d   cliente_historico   0.16%     25.64MiB / 3.823GiB   0.65%     17kB / 6.82kB     6.25MB / 0B   4
ab5a9941c874   cliente_atm         0.03%     23.67MiB / 3.823GiB   0.60%     33.9kB / 52.6kB   6.06MB / 0B   1
2e19e1c018bd   consumidor_mongo1   11.90%    31.07MiB / 3.823GiB   0.79%     1.33MB / 1.46MB   4.11MB / 0B   8
7bd861cf08c1   sectorizador        0.00%     24.3MiB / 3.823GiB    0.62%     1.61MB / 1.58MB   6.38MB / 0B   4
8261e05d2b61   consumidor_redis2   0.62%     20.25MiB / 3.823GiB   0.52%     1.28MB / 2.02MB   1.54MB / 0B   2
f20a3e50fea2   consumidor_mongo2   3.24%     31.52MiB / 3.823GiB   0.81%     1.48MB / 1.56MB   3.71MB / 0B   8
d2244dc0c39f   consumidor_redis1   7.15%     20.15MiB / 3.823GiB   0.51%     1.2MB / 1.89MB    2.75MB / 0B   2
9f5359063416   kafka_ui            0.67%     288.8MiB / 3.823GiB   7.38%     68kB / 7.19kB     0B / 233kB    36
23ba0c1227d1   mongodb             1.17%     96.44MiB / 3.823GiB   2.46%     2.88MB / 841kB    0B / 0B       39
2410c119e440   redis               1.13%     11.82MiB / 3.823GiB   0.30%     5.37MB / 2.2MB    872kB / 0B    6
418757c50144   kafka               340.66%   479.7MiB / 3.823GiB   12.25%    2.16MB / 3.96MB   0B / 238kB    145
CONTAINER ID   NAME                CPU %     MEM USAGE / LIMIT     MEM %     NET I/O           BLOCK I/O     PIDS
5c4b1b621068   productor           0.40%     211.9MiB / 3.823GiB   5.41%     10.5kB / 1.97MB   2.32MB / 0B   2
cced7653085d   cliente_historico   0.12%     25.64MiB / 3.823GiB   0.65%     17kB / 6.82kB     6.25MB / 0B   4
ab5a9941c874   cliente_atm         0.02%     23.67MiB / 3.823GiB   0.60%     35.2kB / 54.8kB   6.06MB / 0B   1
2e19e1c018bd   consumidor_mongo1   3.29%     31.87MiB / 3.823GiB   0.81%     1.5MB / 1.65MB    4.11MB / 0B   14
7bd861cf08c1   sectorizador        0.00%     24.3MiB / 3.823GiB    0.62%     1.61MB / 1.58MB   6.38MB / 0B   4
8261e05d2b61   consumidor_redis2   0.39%     20.33MiB / 3.823GiB   0.52%     1.39MB / 2.19MB   1.54MB / 0B   2
f20a3e50fea2   consumidor_mongo2   1.05%     31.52MiB / 3.823GiB   0.81%     1.52MB / 1.68MB   3.71MB / 0B   8
d2244dc0c39f   consumidor_redis1   7.15%     20.15MiB / 3.823GiB   0.51%     1.36MB / 2.13MB   2.75MB / 0B   2
9f5359063416   kafka_ui            0.78%     288.8MiB / 3.823GiB   7.38%     68.1kB / 7.23kB   0B / 233kB    36
23ba0c1227d1   mongodb             161.41%   168.8MiB / 3.823GiB   4.31%     3.2MB / 930kB     0B / 0B       55
2410c119e440   redis               1.79%     11.79MiB / 3.823GiB   0.30%     5.78MB / 2.27MB   872kB / 0B    6
418757c50144   kafka               234.53%   483.4MiB / 3.823GiB   12.35%    2.28MB / 4.28MB   0B / 238kB    127
CONTAINER ID   NAME                CPU %     MEM USAGE / LIMIT     MEM %     NET I/O           BLOCK I/O     PIDS
5c4b1b621068   productor           23.47%    211.9MiB / 3.823GiB   5.41%     11.2kB / 2.17MB   2.32MB / 0B   2
cced7653085d   cliente_historico   0.17%     25.64MiB / 3.823GiB   0.65%     17.8kB / 7.08kB   6.25MB / 0B   4
ab5a9941c874   cliente_atm         0.01%     23.67MiB / 3.823GiB   0.60%     36.6kB / 57.2kB   6.06MB / 0B   1
2e19e1c018bd   consumidor_mongo1   0.53%     31.19MiB / 3.823GiB   0.80%     1.5MB / 1.65MB    4.11MB / 0B   8
7bd861cf08c1   sectorizador        74.85%    24.31MiB / 3.823GiB   0.62%     1.85MB / 1.8MB    6.38MB / 0B   4
8261e05d2b61   consumidor_redis2   16.24%    20.33MiB / 3.823GiB   0.52%     1.5MB / 2.36MB    1.54MB / 0B   2
f20a3e50fea2   consumidor_mongo2   9.53%     31.52MiB / 3.823GiB   0.81%     1.52MB / 1.69MB   3.71MB / 0B   8
d2244dc0c39f   consumidor_redis1   8.64%     20.15MiB / 3.823GiB   0.51%     1.36MB / 2.14MB   2.75MB / 0B   2
9f5359063416   kafka_ui            0.94%     288.8MiB / 3.823GiB   7.38%     68.1kB / 7.23kB   0B / 233kB    36
23ba0c1227d1   mongodb             7.44%     98.45MiB / 3.823GiB   2.52%     3.21MB / 941kB    0B / 0B       39
2410c119e440   redis               23.68%    11.72MiB / 3.823GiB   0.30%     6.17MB / 2.54MB   872kB / 0B    6
418757c50144   kafka               272.51%   495.6MiB / 3.823GiB   12.66%    2.49MB / 4.44MB   0B / 238kB    149
CONTAINER ID   NAME                CPU %     MEM USAGE / LIMIT     MEM %     NET I/O           BLOCK I/O     PIDS
5c4b1b621068   productor           0.32%     211.9MiB / 3.823GiB   5.41%     11.2kB / 2.17MB   2.32MB / 0B   2
cced7653085d   cliente_historico   0.07%     25.64MiB / 3.823GiB   0.65%     17.8kB / 7.08kB   6.25MB / 0B   4
ab5a9941c874   cliente_atm         1.70%     23.67MiB / 3.823GiB   0.60%     37.9kB / 59.4kB   6.06MB / 0B   1
2e19e1c018bd   consumidor_mongo1   0.72%     31.19MiB / 3.823GiB   0.80%     1.5MB / 1.65MB    4.11MB / 0B   8
7bd861cf08c1   sectorizador        0.00%     24.3MiB / 3.823GiB    0.62%     1.88MB / 1.84MB   6.38MB / 0B   4
8261e05d2b61   consumidor_redis2   0.60%     20.43MiB / 3.823GiB   0.52%     1.66MB / 2.62MB   1.54MB / 0B   2
f20a3e50fea2   consumidor_mongo2   1.00%     31.55MiB / 3.823GiB   0.81%     1.81MB / 2.01MB   3.71MB / 0B   8
d2244dc0c39f   consumidor_redis1   6.90%     20.15MiB / 3.823GiB   0.51%     1.36MB / 2.14MB   2.75MB / 0B   2
9f5359063416   kafka_ui            0.32%     288.8MiB / 3.823GiB   7.38%     68.1kB / 7.23kB   0B / 233kB    36
23ba0c1227d1   mongodb             0.87%     100.5MiB / 3.823GiB   2.57%     3.51MB / 1.02MB   0B / 0B       39
2410c119e440   redis               0.84%     11.79MiB / 3.823GiB   0.30%     6.47MB / 2.6MB    872kB / 0B    6
418757c50144   kafka               329.29%   525.8MiB / 3.823GiB   13.43%    2.49MB / 4.69MB   0B / 238kB    151
CONTAINER ID   NAME                CPU %     MEM USAGE / LIMIT     MEM %     NET I/O           BLOCK I/O     PIDS
5c4b1b621068   productor           20.87%    212.1MiB / 3.823GiB   5.42%     11.8kB / 2.37MB   2.32MB / 0B   2
cced7653085d   cliente_historico   0.39%     25.64MiB / 3.823GiB   0.65%     18.5kB / 7.33kB   6.25MB / 0B   4
ab5a9941c874   cliente_atm         2.50%     23.7MiB / 3.823GiB    0.61%     39.3kB / 61.6kB   6.06MB / 0B   1
2e19e1c018bd   consumidor_mongo1   8.73%     31.19MiB / 3.823GiB   0.80%     1.55MB / 1.66MB   4.11MB / 0B   8
7bd861cf08c1   sectorizador        0.00%     24.37MiB / 3.823GiB   0.62%     1.88MB / 1.84MB   6.38MB / 0B   4
8261e05d2b61   consumidor_redis2   16.02%    20.44MiB / 3.823GiB   0.52%     1.75MB / 2.64MB   1.54MB / 0B   2
f20a3e50fea2   consumidor_mongo2   22.36%    31.57MiB / 3.823GiB   0.81%     1.98MB / 2.03MB   3.71MB / 0B   8
d2244dc0c39f   consumidor_redis1   13.91%    20.16MiB / 3.823GiB   0.51%     1.41MB / 2.15MB   2.75MB / 0B   2
9f5359063416   kafka_ui            0.21%     288.8MiB / 3.823GiB   7.38%     68.1kB / 7.23kB   0B / 238kB    36
23ba0c1227d1   mongodb             15.40%    100.9MiB / 3.823GiB   2.58%     3.54MB / 1.04MB   0B / 0B       44
2410c119e440   redis               7.44%     11.79MiB / 3.823GiB   0.30%     6.5MB / 2.62MB    872kB / 0B    6
418757c50144   kafka               271.73%   456.2MiB / 3.823GiB   11.65%    2.7MB / 5.01MB    0B / 238kB    127
CONTAINER ID   NAME                CPU %     MEM USAGE / LIMIT     MEM %     NET I/O           BLOCK I/O       PIDS
5c4b1b621068   productor           0.74%     212.1MiB / 3.823GiB   5.42%     11.8kB / 2.37MB   2.32MB / 0B     2
cced7653085d   cliente_historico   13.95%    25.64MiB / 3.823GiB   0.65%     18.5kB / 7.33kB   6.25MB / 0B     4
ab5a9941c874   cliente_atm         0.84%     23.71MiB / 3.823GiB   0.61%     40.6kB / 63.8kB   6.06MB / 0B     1
2e19e1c018bd   consumidor_mongo1   0.74%     31.19MiB / 3.823GiB   0.80%     1.57MB / 1.72MB   4.11MB / 0B     8
7bd861cf08c1   sectorizador        0.00%     24.37MiB / 3.823GiB   0.62%     2.14MB / 2.1MB    6.38MB / 0B     4
8261e05d2b61   consumidor_redis2   2.50%     20.44MiB / 3.823GiB   0.52%     1.87MB / 2.95MB   1.54MB / 0B     2
f20a3e50fea2   consumidor_mongo2   3.75%     31.57MiB / 3.823GiB   0.81%     2.04MB / 2.26MB   3.71MB / 0B     8
d2244dc0c39f   consumidor_redis1   6.68%     20.15MiB / 3.823GiB   0.51%     1.42MB / 2.23MB   2.75MB / 0B     2
9f5359063416   kafka_ui            0.18%     288.8MiB / 3.823GiB   7.38%     68.1kB / 7.23kB   0B / 238kB      36
23ba0c1227d1   mongodb             113.79%   166.2MiB / 3.823GiB   4.25%     3.83MB / 1.11MB   0B / 0B         55
2410c119e440   redis               3.39%     11.88MiB / 3.823GiB   0.30%     7.14MB / 2.94MB   872kB / 0B      6
418757c50144   kafka               206.22%   445MiB / 3.823GiB     11.37%    2.71MB / 5.1MB    4.1kB / 238kB   125
CONTAINER ID   NAME                CPU %     MEM USAGE / LIMIT     MEM %     NET I/O           BLOCK I/O       PIDS
5c4b1b621068   productor           16.56%    212.1MiB / 3.823GiB   5.42%     12.4kB / 2.56MB   2.32MB / 0B     2
cced7653085d   cliente_historico   0.20%     25.64MiB / 3.823GiB   0.65%     19.3kB / 7.59kB   6.25MB / 0B     4
ab5a9941c874   cliente_atm         2.27%     24.09MiB / 3.823GiB   0.62%     41.9kB / 66.1kB   6.06MB / 0B     1
2e19e1c018bd   consumidor_mongo1   12.25%    31.2MiB / 3.823GiB    0.80%     1.65MB / 1.73MB   4.11MB / 0B     8
7bd861cf08c1   sectorizador        0.00%     24.37MiB / 3.823GiB   0.62%     2.14MB / 2.1MB    6.38MB / 0B     4
8261e05d2b61   consumidor_redis2   22.84%    20.45MiB / 3.823GiB   0.52%     2.02MB / 3.12MB   1.54MB / 0B     2
f20a3e50fea2   consumidor_mongo2   21.21%    31.57MiB / 3.823GiB   0.81%     2.17MB / 2.28MB   3.71MB / 0B     8
d2244dc0c39f   consumidor_redis1   8.12%     20.78MiB / 3.823GiB   0.53%     1.51MB / 2.24MB   2.75MB / 0B     8
9f5359063416   kafka_ui            0.30%     288.8MiB / 3.823GiB   7.38%     79.2kB / 8.27kB   0B / 238kB      36
23ba0c1227d1   mongodb             12.89%    102.5MiB / 3.823GiB   2.62%     3.85MB / 1.13MB   0B / 0B         39
2410c119e440   redis               8.39%     11.89MiB / 3.823GiB   0.30%     7.33MB / 2.98MB   872kB / 0B      6
418757c50144   kafka               190.08%   461.4MiB / 3.823GiB   11.79%    2.91MB / 5.51MB   4.1kB / 238kB   127
CONTAINER ID   NAME                CPU %     MEM USAGE / LIMIT     MEM %     NET I/O           BLOCK I/O       PIDS
5c4b1b621068   productor           0.43%     212.1MiB / 3.823GiB   5.42%     12.4kB / 2.56MB   2.32MB / 0B     2
cced7653085d   cliente_historico   0.09%     25.64MiB / 3.823GiB   0.65%     19.3kB / 7.59kB   6.25MB / 0B     4
ab5a9941c874   cliente_atm         3.09%     24.09MiB / 3.823GiB   0.62%     43.2kB / 68.3kB   6.06MB / 0B     1
2e19e1c018bd   consumidor_mongo1   1.51%     31.2MiB / 3.823GiB    0.80%     1.68MB / 1.85MB   4.11MB / 0B     8
7bd861cf08c1   sectorizador        95.18%    24.37MiB / 3.823GiB   0.62%     2.33MB / 2.21MB   6.38MB / 0B     4
8261e05d2b61   consumidor_redis2   0.55%     20.44MiB / 3.823GiB   0.52%     2.03MB / 3.2MB    1.54MB / 0B     2
f20a3e50fea2   consumidor_mongo2   13.91%    31.57MiB / 3.823GiB   0.81%     2.22MB / 2.45MB   3.71MB / 0B     8
d2244dc0c39f   consumidor_redis1   3.21%     20.15MiB / 3.823GiB   0.51%     1.53MB / 2.4MB    2.75MB / 0B     2
9f5359063416   kafka_ui            0.52%     288.8MiB / 3.823GiB   7.38%     79.3kB / 8.31kB   0B / 250kB      36
23ba0c1227d1   mongodb             2.67%     102.5MiB / 3.823GiB   2.62%     4.14MB / 1.2MB    0B / 0B         39
2410c119e440   redis               39.07%    11.89MiB / 3.823GiB   0.30%     7.66MB / 3.18MB   872kB / 0B      6
418757c50144   kafka               348.72%   488MiB / 3.823GiB     12.47%    2.92MB / 5.52MB   4.1kB / 238kB   149
CONTAINER ID   NAME                CPU %     MEM USAGE / LIMIT     MEM %     NET I/O           BLOCK I/O       PIDS
5c4b1b621068   productor           24.12%    212.3MiB / 3.823GiB   5.42%     12.9kB / 2.76MB   2.32MB / 0B     2
cced7653085d   cliente_historico   0.14%     25.67MiB / 3.823GiB   0.66%     20kB / 7.84kB     6.25MB / 0B     4
ab5a9941c874   cliente_atm         2.47%     24.09MiB / 3.823GiB   0.62%     44.7kB / 70.6kB   6.06MB / 0B     1
2e19e1c018bd   consumidor_mongo1   11.79%    31.21MiB / 3.823GiB   0.80%     1.77MB / 1.86MB   4.11MB / 0B     8
7bd861cf08c1   sectorizador        0.00%     24.37MiB / 3.823GiB   0.62%     2.41MB / 2.36MB   6.38MB / 0B     4
8261e05d2b61   consumidor_redis2   7.54%     20.7MiB / 3.823GiB    0.53%     2.07MB / 3.2MB    1.54MB / 0B     2
f20a3e50fea2   consumidor_mongo2   4.24%     32.21MiB / 3.823GiB   0.82%     2.26MB / 2.45MB   3.71MB / 0B     14
d2244dc0c39f   consumidor_redis1   17.02%    20.16MiB / 3.823GiB   0.51%     1.64MB / 2.56MB   2.75MB / 0B     2
9f5359063416   kafka_ui            0.37%     288.8MiB / 3.823GiB   7.38%     79.3kB / 8.31kB   0B / 250kB      36
23ba0c1227d1   mongodb             6.09%     102.5MiB / 3.823GiB   2.62%     4.15MB / 1.21MB   0B / 0B         39
2410c119e440   redis               4.20%     12MiB / 3.823GiB      0.31%     7.98MB / 3.3MB    872kB / 0B      6
418757c50144   kafka               222.00%   460.5MiB / 3.823GiB   11.76%    3.13MB / 5.68MB   4.1kB / 238kB   127
CONTAINER ID   NAME                CPU %     MEM USAGE / LIMIT     MEM %     NET I/O           BLOCK I/O       PIDS
5c4b1b621068   productor           0.40%     212.1MiB / 3.823GiB   5.42%     13.1kB / 2.76MB   2.32MB / 0B     2
cced7653085d   cliente_historico   0.14%     25.67MiB / 3.823GiB   0.66%     20kB / 7.84kB     6.25MB / 0B     4
ab5a9941c874   cliente_atm         0.34%     24.11MiB / 3.823GiB   0.62%     45.2kB / 71.1kB   6.06MB / 0B     2
2e19e1c018bd   consumidor_mongo1   0.59%     31.2MiB / 3.823GiB    0.80%     1.91MB / 2.1MB    4.11MB / 0B     8
7bd861cf08c1   sectorizador        0.00%     24.37MiB / 3.823GiB   0.62%     2.41MB / 2.36MB   6.38MB / 0B     4
8261e05d2b61   consumidor_redis2   0.42%     20.44MiB / 3.823GiB   0.52%     2.09MB / 3.29MB   1.54MB / 0B     2
f20a3e50fea2   consumidor_mongo2   1.37%     31.56MiB / 3.823GiB   0.81%     2.28MB / 2.52MB   3.71MB / 0B     8
d2244dc0c39f   consumidor_redis1   0.53%     20.16MiB / 3.823GiB   0.51%     1.74MB / 2.73MB   2.75MB / 0B     2
9f5359063416   kafka_ui            0.60%     288.8MiB / 3.823GiB   7.38%     79.3kB / 8.31kB   0B / 250kB      36
23ba0c1227d1   mongodb             118.48%   174.7MiB / 3.823GiB   4.46%     4.45MB / 1.29MB   0B / 0B         68
2410c119e440   redis               1.92%     11.84MiB / 3.823GiB   0.30%     8.23MB / 3.34MB   872kB / 0B      6
418757c50144   kafka               253.11%   468.2MiB / 3.823GiB   11.96%    3.13MB / 5.93MB   4.1kB / 238kB   130
CONTAINER ID   NAME                CPU %     MEM USAGE / LIMIT     MEM %     NET I/O           BLOCK I/O       PIDS
5c4b1b621068   productor           21.77%    212.1MiB / 3.823GiB   5.42%     13.8kB / 2.96MB   2.32MB / 0B     2
cced7653085d   cliente_historico   5.65%     25.68MiB / 3.823GiB   0.66%     20.8kB / 8.11kB   6.25MB / 0B     4
ab5a9941c874   cliente_atm         0.01%     24.09MiB / 3.823GiB   0.62%     46kB / 72.9kB     6.06MB / 0B     1
2e19e1c018bd   consumidor_mongo1   13.32%    31.21MiB / 3.823GiB   0.80%     1.99MB / 2.1MB    4.11MB / 0B     8
7bd861cf08c1   sectorizador        26.31%    24.37MiB / 3.823GiB   0.62%     2.68MB / 2.62MB   6.38MB / 0B     4
8261e05d2b61   consumidor_redis2   12.32%    20.45MiB / 3.823GiB   0.52%     2.18MB / 3.31MB   1.54MB / 0B     2
f20a3e50fea2   consumidor_mongo2   27.60%    31.56MiB / 3.823GiB   0.81%     2.37MB / 2.53MB   3.71MB / 0B     8
d2244dc0c39f   consumidor_redis1   12.53%    20.16MiB / 3.823GiB   0.52%     1.83MB / 2.73MB   2.75MB / 0B     2
9f5359063416   kafka_ui            0.17%     288.8MiB / 3.823GiB   7.38%     79.3kB / 8.31kB   0B / 254kB      36
23ba0c1227d1   mongodb             17.97%    104.6MiB / 3.823GiB   2.67%     4.47MB / 1.3MB    0B / 0B         39
2410c119e440   redis               16.38%    11.87MiB / 3.823GiB   0.30%     8.53MB / 3.63MB   872kB / 0B      6
418757c50144   kafka               289.64%   503.9MiB / 3.823GiB   12.87%    3.34MB / 6.25MB   4.1kB / 238kB   145
CONTAINER ID   NAME                CPU %     MEM USAGE / LIMIT     MEM %     NET I/O           BLOCK I/O       PIDS
5c4b1b621068   productor           0.33%     212.1MiB / 3.823GiB   5.42%     13.8kB / 2.96MB   2.32MB / 0B     2
cced7653085d   cliente_historico   0.11%     25.68MiB / 3.823GiB   0.66%     20.8kB / 8.11kB   6.25MB / 0B     4
ab5a9941c874   cliente_atm         0.04%     24.09MiB / 3.823GiB   0.62%     47.3kB / 75.1kB   6.06MB / 0B     1
2e19e1c018bd   consumidor_mongo1   0.79%     31.2MiB / 3.823GiB    0.80%     2.09MB / 2.29MB   4.11MB / 0B     8
7bd861cf08c1   sectorizador        0.00%     24.37MiB / 3.823GiB   0.62%     2.68MB / 2.62MB   6.38MB / 0B     4
8261e05d2b61   consumidor_redis2   0.41%     20.44MiB / 3.823GiB   0.52%     2.19MB / 3.45MB   1.54MB / 0B     2
f20a3e50fea2   consumidor_mongo2   0.63%     31.57MiB / 3.823GiB   0.81%     2.4MB / 2.65MB    3.71MB / 0B     8
d2244dc0c39f   consumidor_redis1   0.47%     20.16MiB / 3.823GiB   0.52%     1.91MB / 2.98MB   2.75MB / 0B     2
9f5359063416   kafka_ui            0.30%     288.8MiB / 3.823GiB   7.38%     79.3kB / 8.31kB   0B / 254kB      36
23ba0c1227d1   mongodb             1.21%     104.9MiB / 3.823GiB   2.68%     4.77MB / 1.38MB   0B / 0B         39
2410c119e440   redis               1.15%     11.88MiB / 3.823GiB   0.30%     8.91MB / 3.68MB   872kB / 0B      6
418757c50144   kafka               276.39%   441.4MiB / 3.823GiB   11.28%    3.35MB / 6.33MB   4.1kB / 238kB   125
CONTAINER ID   NAME                CPU %     MEM USAGE / LIMIT     MEM %     NET I/O           BLOCK I/O       PIDS
5c4b1b621068   productor           26.88%    212.1MiB / 3.823GiB   5.42%     14.4kB / 3.03MB   2.32MB / 0B     2
cced7653085d   cliente_historico   0.13%     25.68MiB / 3.823GiB   0.66%     21.2kB / 8.17kB   6.25MB / 0B     4
ab5a9941c874   cliente_atm         0.03%     24.09MiB / 3.823GiB   0.62%     48.6kB / 77.4kB   6.06MB / 0B     1
2e19e1c018bd   consumidor_mongo1   14.46%    31.21MiB / 3.823GiB   0.80%     2.17MB / 2.3MB    4.11MB / 0B     8
7bd861cf08c1   sectorizador        20.89%    24.37MiB / 3.823GiB   0.62%     2.82MB / 2.66MB   6.38MB / 0B     4
8261e05d2b61   consumidor_redis2   0.51%     20.44MiB / 3.823GiB   0.52%     2.19MB / 3.46MB   1.54MB / 0B     2
f20a3e50fea2   consumidor_mongo2   0.73%     31.57MiB / 3.823GiB   0.81%     2.4MB / 2.65MB    3.71MB / 0B     8
d2244dc0c39f   consumidor_redis1   8.75%     20.17MiB / 3.823GiB   0.52%     2MB / 3MB         2.75MB / 0B     2
9f5359063416   kafka_ui            0.21%     288.9MiB / 3.823GiB   7.38%     90.6kB / 9.35kB   0B / 254kB      36
23ba0c1227d1   mongodb             28.02%    110.9MiB / 3.823GiB   2.83%     4.77MB / 1.38MB   0B / 0B         46
2410c119e440   redis               8.57%     11.88MiB / 3.823GiB   0.30%     8.97MB / 3.82MB   872kB / 0B      6
418757c50144   kafka               403.98%   565.8MiB / 3.823GiB   14.45%    3.43MB / 6.51MB   4.1kB / 238kB   169
CONTAINER ID   NAME                CPU %     MEM USAGE / LIMIT     MEM %     NET I/O           BLOCK I/O       PIDS
5c4b1b621068   productor           1.36%     212.1MiB / 3.823GiB   5.42%     14.8kB / 3.15MB   2.32MB / 0B     2
cced7653085d   cliente_historico   0.08%     25.68MiB / 3.823GiB   0.66%     21.5kB / 8.36kB   6.25MB / 0B     4
ab5a9941c874   cliente_atm         0.02%     24.09MiB / 3.823GiB   0.62%     49.9kB / 79.6kB   6.06MB / 0B     1
2e19e1c018bd   consumidor_mongo1   0.65%     31.21MiB / 3.823GiB   0.80%     2.32MB / 2.55MB   4.11MB / 0B     8
7bd861cf08c1   sectorizador        0.00%     24.37MiB / 3.823GiB   0.62%     2.95MB / 2.88MB   6.38MB / 0B     4
8261e05d2b61   consumidor_redis2   9.89%     20.44MiB / 3.823GiB   0.52%     2.25MB / 3.54MB   1.54MB / 0B     2
f20a3e50fea2   consumidor_mongo2   1.99%     31.57MiB / 3.823GiB   0.81%     2.46MB / 2.72MB   3.71MB / 0B     8
d2244dc0c39f   consumidor_redis1   0.60%     20.16MiB / 3.823GiB   0.52%     2.12MB / 3.32MB   2.75MB / 0B     2
9f5359063416   kafka_ui            0.20%     288.9MiB / 3.823GiB   7.38%     90.6kB / 9.39kB   0B / 266kB      36
23ba0c1227d1   mongodb             128.34%   168.8MiB / 3.823GiB   4.31%     5.08MB / 1.47MB   0B / 0B         54
2410c119e440   redis               2.81%     11.88MiB / 3.823GiB   0.30%     9.59MB / 4.01MB   872kB / 0B      6
418757c50144   kafka               240.09%   538.9MiB / 3.823GiB   13.77%    3.56MB / 6.75MB   4.1kB / 238kB   150
CONTAINER ID   NAME                CPU %     MEM USAGE / LIMIT     MEM %     NET I/O           BLOCK I/O       PIDS
5c4b1b621068   productor           19.51%    212.1MiB / 3.823GiB   5.42%     15.5kB / 3.35MB   2.32MB / 0B     2
cced7653085d   cliente_historico   0.11%     25.68MiB / 3.823GiB   0.66%     21.9kB / 8.42kB   6.25MB / 0B     4
ab5a9941c874   cliente_atm         0.01%     24.09MiB / 3.823GiB   0.62%     51.3kB / 81.8kB   6.06MB / 0B     1
2e19e1c018bd   consumidor_mongo1   0.51%     31.21MiB / 3.823GiB   0.80%     2.32MB / 2.55MB   4.11MB / 0B     8
7bd861cf08c1   sectorizador        0.00%     24.37MiB / 3.823GiB   0.62%     2.95MB / 2.88MB   6.38MB / 0B     4
8261e05d2b61   consumidor_redis2   13.96%    20.44MiB / 3.823GiB   0.52%     2.34MB / 3.68MB   1.54MB / 0B     2
f20a3e50fea2   consumidor_mongo2   12.69%    31.57MiB / 3.823GiB   0.81%     2.55MB / 2.73MB   3.71MB / 0B     8
d2244dc0c39f   consumidor_redis1   0.45%     20.16MiB / 3.823GiB   0.52%     2.12MB / 3.32MB   2.75MB / 0B     2
9f5359063416   kafka_ui            0.16%     288.9MiB / 3.823GiB   7.38%     90.6kB / 9.39kB   0B / 266kB      36
23ba0c1227d1   mongodb             5.20%     107MiB / 3.823GiB     2.73%     5.09MB / 1.48MB   0B / 0B         39
2410c119e440   redis               4.45%     11.88MiB / 3.823GiB   0.30%     9.75MB / 4.03MB   872kB / 0B      6
418757c50144   kafka               196.26%   450.2MiB / 3.823GiB   11.50%    3.76MB / 6.92MB   4.1kB / 238kB   125
CONTAINER ID   NAME                CPU %     MEM USAGE / LIMIT     MEM %     NET I/O           BLOCK I/O       PIDS
5c4b1b621068   productor           0.34%     212.1MiB / 3.823GiB   5.42%     15.5kB / 3.35MB   2.32MB / 0B     2
cced7653085d   cliente_historico   0.07%     25.68MiB / 3.823GiB   0.66%     22.4kB / 8.68kB   6.25MB / 0B     4
ab5a9941c874   cliente_atm         0.01%     24.09MiB / 3.823GiB   0.62%     52.6kB / 84kB     6.06MB / 0B     1
2e19e1c018bd   consumidor_mongo1   0.56%     31.21MiB / 3.823GiB   0.80%     2.32MB / 2.55MB   4.11MB / 0B     8
7bd861cf08c1   sectorizador        87.85%    24.37MiB / 3.823GiB   0.62%     3.16MB / 3.05MB   6.38MB / 0B     4
8261e05d2b61   consumidor_redis2   0.97%     20.5MiB / 3.823GiB    0.52%     2.51MB / 3.95MB   1.54MB / 0B     2
f20a3e50fea2   consumidor_mongo2   0.50%     31.57MiB / 3.823GiB   0.81%     2.74MB / 3.03MB   3.71MB / 0B     8
d2244dc0c39f   consumidor_redis1   0.75%     20.16MiB / 3.823GiB   0.52%     2.12MB / 3.32MB   2.75MB / 0B     2
9f5359063416   kafka_ui            0.16%     288.9MiB / 3.823GiB   7.38%     90.6kB / 9.39kB   0B / 266kB      36
23ba0c1227d1   mongodb             10.46%    115.4MiB / 3.823GiB   2.95%     5.39MB / 1.56MB   0B / 0B         53
2410c119e440   redis               18.62%    11.88MiB / 3.823GiB   0.30%     10.2MB / 4.28MB   872kB / 0B      6
418757c50144   kafka               214.58%   454.7MiB / 3.823GiB   11.62%    3.77MB / 7.16MB   4.1kB / 238kB   126
CONTAINER ID   NAME                CPU %     MEM USAGE / LIMIT     MEM %     NET I/O           BLOCK I/O       PIDS
5c4b1b621068   productor           21.48%    212.1MiB / 3.823GiB   5.42%     15.5kB / 3.35MB   2.32MB / 0B     2
cced7653085d   cliente_historico   0.19%     25.68MiB / 3.823GiB   0.66%     22.7kB / 8.75kB   6.25MB / 0B     4
ab5a9941c874   cliente_atm         0.02%     24.09MiB / 3.823GiB   0.62%     54kB / 86.3kB     6.06MB / 0B     1
2e19e1c018bd   consumidor_mongo1   0.60%     31.21MiB / 3.823GiB   0.80%     2.33MB / 2.55MB   4.11MB / 0B     8
7bd861cf08c1   sectorizador        0.00%     24.37MiB / 3.823GiB   0.62%     3.21MB / 3.14MB   6.38MB / 0B     4
8261e05d2b61   consumidor_redis2   0.93%     20.75MiB / 3.823GiB   0.53%     2.51MB / 3.96MB   1.54MB / 0B     2
f20a3e50fea2   consumidor_mongo2   0.76%     31.57MiB / 3.823GiB   0.81%     2.75MB / 3.03MB   3.71MB / 0B     8
d2244dc0c39f   consumidor_redis1   2.72%     20.17MiB / 3.823GiB   0.52%     2.2MB / 3.33MB    2.75MB / 0B     2
9f5359063416   kafka_ui            0.23%     288.9MiB / 3.823GiB   7.38%     90.6kB / 9.39kB   0B / 274kB      36
23ba0c1227d1   mongodb             3.09%     107MiB / 3.823GiB     2.73%     5.39MB / 1.56MB   0B / 0B         39
2410c119e440   redis               1.48%     11.88MiB / 3.823GiB   0.30%     10.3MB / 4.33MB   872kB / 0B      6
418757c50144   kafka               281.09%   463.7MiB / 3.823GiB   11.85%    3.78MB / 7.17MB   4.1kB / 238kB   135
CONTAINER ID   NAME                CPU %     MEM USAGE / LIMIT     MEM %     NET I/O           BLOCK I/O       PIDS
5c4b1b621068   productor           0.43%     212.1MiB / 3.823GiB   5.42%     16.3kB / 3.55MB   2.32MB / 0B     2
cced7653085d   cliente_historico   0.21%     25.68MiB / 3.823GiB   0.66%     23.1kB / 8.93kB   6.25MB / 0B     4
ab5a9941c874   cliente_atm         0.04%     24.09MiB / 3.823GiB   0.62%     55.3kB / 88.6kB   6.06MB / 0B     1
2e19e1c018bd   consumidor_mongo1   0.83%     31.27MiB / 3.823GiB   0.80%     2.61MB / 2.86MB   4.11MB / 0B     8
7bd861cf08c1   sectorizador        0.00%     24.37MiB / 3.823GiB   0.62%     3.21MB / 3.14MB   6.38MB / 0B     4
8261e05d2b61   consumidor_redis2   0.45%     20.5MiB / 3.823GiB    0.52%     2.51MB / 3.96MB   1.54MB / 0B     2
f20a3e50fea2   consumidor_mongo2   2.17%     31.57MiB / 3.823GiB   0.81%     2.75MB / 3.03MB   3.71MB / 0B     8
d2244dc0c39f   consumidor_redis1   2.29%     20.18MiB / 3.823GiB   0.52%     2.39MB / 3.73MB   2.75MB / 0B     2
9f5359063416   kafka_ui            0.73%     288.9MiB / 3.823GiB   7.38%     90.6kB / 9.39kB   0B / 274kB      36
23ba0c1227d1   mongodb             163.51%   155.8MiB / 3.823GiB   3.98%     5.7MB / 1.65MB    0B / 0B         54
2410c119e440   redis               8.28%     11.87MiB / 3.823GiB   0.30%     10.7MB / 4.4MB    872kB / 0B      6
418757c50144   kafka               461.51%   477.5MiB / 3.823GiB   12.20%    3.98MB / 7.57MB   4.1kB / 238kB   144
CONTAINER ID   NAME                CPU %     MEM USAGE / LIMIT     MEM %     NET I/O           BLOCK I/O       PIDS
5c4b1b621068   productor           32.52%    212.1MiB / 3.823GiB   5.42%     17kB / 3.74MB     2.32MB / 0B     2
cced7653085d   cliente_historico   0.09%     25.68MiB / 3.823GiB   0.66%     23.5kB / 9kB      6.25MB / 0B     4
ab5a9941c874   cliente_atm         0.01%     24.09MiB / 3.823GiB   0.62%     56.6kB / 90.8kB   6.06MB / 0B     1
2e19e1c018bd   consumidor_mongo1   31.95%    31.29MiB / 3.823GiB   0.80%     2.7MB / 2.87MB    4.11MB / 0B     8
7bd861cf08c1   sectorizador        105.51%   24.37MiB / 3.823GiB   0.62%     3.47MB / 3.39MB   6.38MB / 0B     4
8261e05d2b61   consumidor_redis2   2.57%     20.51MiB / 3.823GiB   0.52%     2.55MB / 3.96MB   1.54MB / 0B     2
f20a3e50fea2   consumidor_mongo2   7.85%     31.59MiB / 3.823GiB   0.81%     2.79MB / 3.04MB   3.71MB / 0B     8
d2244dc0c39f   consumidor_redis1   15.11%    20.18MiB / 3.823GiB   0.52%     2.48MB / 3.76MB   2.75MB / 0B     2
9f5359063416   kafka_ui            0.86%     289MiB / 3.823GiB     7.38%     102kB / 10.4kB    0B / 274kB      36
23ba0c1227d1   mongodb             14.76%    107.6MiB / 3.823GiB   2.75%     5.71MB / 1.66MB   0B / 0B         39
2410c119e440   redis               21.38%    11.88MiB / 3.823GiB   0.30%     10.9MB / 4.67MB   872kB / 0B      6
418757c50144   kafka               319.25%   486.1MiB / 3.823GiB   12.42%    4.19MB / 7.83MB   4.1kB / 238kB   147
CONTAINER ID   NAME                CPU %     MEM USAGE / LIMIT     MEM %     NET I/O           BLOCK I/O       PIDS
5c4b1b621068   productor           1.82%     212.1MiB / 3.823GiB   5.42%     17kB / 3.74MB     2.32MB / 0B     2
cced7653085d   cliente_historico   0.08%     25.68MiB / 3.823GiB   0.66%     23.9kB / 9.2kB    6.25MB / 0B     4
ab5a9941c874   cliente_atm         0.03%     24.09MiB / 3.823GiB   0.62%     57.9kB / 93kB     6.06MB / 0B     1
2e19e1c018bd   consumidor_mongo1   13.22%    31.29MiB / 3.823GiB   0.80%     2.84MB / 3.11MB   4.11MB / 0B     8
7bd861cf08c1   sectorizador        0.00%     24.37MiB / 3.823GiB   0.62%     3.48MB / 3.4MB    6.38MB / 0B     4
8261e05d2b61   consumidor_redis2   7.83%     20.5MiB / 3.823GiB    0.52%     2.57MB / 4.04MB   1.54MB / 0B     2
f20a3e50fea2   consumidor_mongo2   0.76%     31.59MiB / 3.823GiB   0.81%     2.81MB / 3.1MB    3.71MB / 0B     8
d2244dc0c39f   consumidor_redis1   0.51%     20.18MiB / 3.823GiB   0.52%     2.6MB / 4.06MB    2.75MB / 0B     2
9f5359063416   kafka_ui            0.10%     289MiB / 3.823GiB     7.38%     102kB / 10.4kB    0B / 291kB      36
23ba0c1227d1   mongodb             0.98%     109.4MiB / 3.823GiB   2.79%     6.01MB / 1.73MB   0B / 0B         39
2410c119e440   redis               9.17%     11.89MiB / 3.823GiB   0.30%     11.3MB / 4.72MB   872kB / 0B      6
418757c50144   kafka               238.34%   487.5MiB / 3.823GiB   12.45%    4.19MB / 7.99MB   4.1kB / 238kB   132
CONTAINER ID   NAME                CPU %     MEM USAGE / LIMIT     MEM %     NET I/O           BLOCK I/O       PIDS
5c4b1b621068   productor           40.37%    212.1MiB / 3.823GiB   5.42%     17.7kB / 3.94MB   2.32MB / 0B     2
cced7653085d   cliente_historico   0.09%     25.68MiB / 3.823GiB   0.66%     24.3kB / 9.26kB   6.25MB / 0B     4
ab5a9941c874   cliente_atm         0.02%     24.09MiB / 3.823GiB   0.62%     59.2kB / 95.2kB   6.06MB / 0B     1
2e19e1c018bd   consumidor_mongo1   19.51%    31.29MiB / 3.823GiB   0.80%     2.92MB / 3.12MB   4.11MB / 0B     8
7bd861cf08c1   sectorizador        0.00%     24.37MiB / 3.823GiB   0.62%     3.48MB / 3.4MB    6.38MB / 0B     4
8261e05d2b61   consumidor_redis2   26.23%    20.51MiB / 3.823GiB   0.52%     2.67MB / 4.2MB    1.54MB / 0B     2
f20a3e50fea2   consumidor_mongo2   21.38%    31.59MiB / 3.823GiB   0.81%     2.91MB / 3.12MB   3.71MB / 0B     8
d2244dc0c39f   consumidor_redis1   7.87%     20.18MiB / 3.823GiB   0.52%     2.68MB / 4.08MB   2.75MB / 0B     2
9f5359063416   kafka_ui            0.34%     289MiB / 3.823GiB     7.38%     102kB / 10.4kB    0B / 291kB      36
23ba0c1227d1   mongodb             16.83%    109.4MiB / 3.823GiB   2.79%     6.03MB / 1.75MB   0B / 0B         39
2410c119e440   redis               6.87%     11.89MiB / 3.823GiB   0.30%     11.5MB / 4.75MB   872kB / 0B      6
418757c50144   kafka               211.09%   444.8MiB / 3.823GiB   11.36%    4.4MB / 8.31MB    4.1kB / 238kB   125
CONTAINER ID   NAME                CPU %     MEM USAGE / LIMIT     MEM %     NET I/O           BLOCK I/O       PIDS
5c4b1b621068   productor           0.40%     212.1MiB / 3.823GiB   5.42%     17.7kB / 3.94MB   2.32MB / 0B     2
cced7653085d   cliente_historico   1.22%     25.68MiB / 3.823GiB   0.66%     24.6kB / 9.45kB   6.25MB / 0B     4
ab5a9941c874   cliente_atm         0.02%     24.09MiB / 3.823GiB   0.62%     60.6kB / 97.6kB   6.06MB / 0B     1
2e19e1c018bd   consumidor_mongo1   9.09%     31.29MiB / 3.823GiB   0.80%     3.01MB / 3.3MB    4.11MB / 0B     8
7bd861cf08c1   sectorizador        73.08%    24.37MiB / 3.823GiB   0.62%     3.73MB / 3.65MB   6.38MB / 0B     4
8261e05d2b61   consumidor_redis2   8.09%     20.51MiB / 3.823GiB   0.52%     2.68MB / 4.21MB   1.54MB / 0B     2
f20a3e50fea2   consumidor_mongo2   2.91%     31.59MiB / 3.823GiB   0.81%     2.93MB / 3.22MB   3.71MB / 0B     8
d2244dc0c39f   consumidor_redis1   0.39%     20.18MiB / 3.823GiB   0.52%     2.75MB / 4.3MB    2.75MB / 0B     2
9f5359063416   kafka_ui            0.18%     289MiB / 3.823GiB     7.38%     102kB / 10.4kB    0B / 291kB      36
23ba0c1227d1   mongodb             117.14%   153.1MiB / 3.823GiB   3.91%     6.31MB / 1.82MB   0B / 0B         54
2410c119e440   redis               1.26%     11.89MiB / 3.823GiB   0.30%     12MB / 5.04MB     872kB / 0B      6
418757c50144   kafka               288.62%   505MiB / 3.823GiB     12.90%    4.41MB / 8.4MB    4.1kB / 238kB   149
CONTAINER ID   NAME                CPU %     MEM USAGE / LIMIT     MEM %     NET I/O           BLOCK I/O       PIDS
5c4b1b621068   productor           22.76%    211.9MiB / 3.823GiB   5.41%     18.3kB / 4.13MB   2.32MB / 0B     2
cced7653085d   cliente_historico   0.20%     25.68MiB / 3.823GiB   0.66%     25kB / 9.51kB     6.25MB / 0B     4
ab5a9941c874   cliente_atm         0.02%     24.09MiB / 3.823GiB   0.62%     61.9kB / 99.8kB   6.06MB / 0B     1
2e19e1c018bd   consumidor_mongo1   26.09%    31.32MiB / 3.823GiB   0.80%     3.14MB / 3.31MB   4.11MB / 0B     8
7bd861cf08c1   sectorizador        0.00%     24.37MiB / 3.823GiB   0.62%     3.73MB / 3.65MB   6.38MB / 0B     4
8261e05d2b61   consumidor_redis2   25.68%    20.51MiB / 3.823GiB   0.52%     2.77MB / 4.23MB   1.54MB / 0B     2
f20a3e50fea2   consumidor_mongo2   27.93%    31.59MiB / 3.823GiB   0.81%     3.02MB / 3.24MB   3.71MB / 0B     8
d2244dc0c39f   consumidor_redis1   19.40%    20.18MiB / 3.823GiB   0.52%     2.84MB / 4.32MB   2.75MB / 0B     2
9f5359063416   kafka_ui            0.21%     289MiB / 3.823GiB     7.38%     102kB / 10.4kB    0B / 295kB      36
23ba0c1227d1   mongodb             19.77%    110.3MiB / 3.823GiB   2.82%     6.34MB / 1.84MB   0B / 0B         39
2410c119e440   redis               6.36%     11.86MiB / 3.823GiB   0.30%     12.1MB / 5.07MB   872kB / 0B      6
418757c50144   kafka               254.81%   504.2MiB / 3.823GiB   12.88%    4.61MB / 8.76MB   4.1kB / 238kB   152
CONTAINER ID   NAME                CPU %     MEM USAGE / LIMIT     MEM %     NET I/O           BLOCK I/O       PIDS
5c4b1b621068   productor           0.40%     211.9MiB / 3.823GiB   5.41%     18.3kB / 4.13MB   2.32MB / 0B     2
cced7653085d   cliente_historico   0.09%     25.68MiB / 3.823GiB   0.66%     25.4kB / 9.71kB   6.25MB / 0B     4
ab5a9941c874   cliente_atm         0.01%     24.09MiB / 3.823GiB   0.62%     63.4kB / 102kB    6.06MB / 0B     1
2e19e1c018bd   consumidor_mongo1   6.63%     31.32MiB / 3.823GiB   0.80%     3.19MB / 3.49MB   4.11MB / 0B     8
7bd861cf08c1   sectorizador        82.15%    24.37MiB / 3.823GiB   0.62%     3.95MB / 3.83MB   6.38MB / 0B     4
8261e05d2b61   consumidor_redis2   0.50%     20.51MiB / 3.823GiB   0.52%     2.78MB / 4.37MB   1.54MB / 0B     2
f20a3e50fea2   consumidor_mongo2   9.28%     31.59MiB / 3.823GiB   0.81%     3.04MB / 3.35MB   3.71MB / 0B     8
d2244dc0c39f   consumidor_redis1   5.75%     20.18MiB / 3.823GiB   0.52%     2.91MB / 4.55MB   2.75MB / 0B     2
9f5359063416   kafka_ui            0.19%     289MiB / 3.823GiB     7.38%     102kB / 10.4kB    0B / 295kB      36
23ba0c1227d1   mongodb             0.65%     110.4MiB / 3.823GiB   2.82%     6.62MB / 1.91MB   0B / 0B         39
2410c119e440   redis               18.20%    11.89MiB / 3.823GiB   0.30%     12.6MB / 5.33MB   872kB / 0B      6
418757c50144   kafka               187.98%   459.8MiB / 3.823GiB   11.75%    4.62MB / 8.81MB   4.1kB / 238kB   132
CONTAINER ID   NAME                CPU %     MEM USAGE / LIMIT     MEM %     NET I/O           BLOCK I/O       PIDS
5c4b1b621068   productor           18.40%    211.9MiB / 3.823GiB   5.41%     18.9kB / 4.21MB   2.32MB / 0B     2
cced7653085d   cliente_historico   0.23%     25.68MiB / 3.823GiB   0.66%     25.8kB / 9.78kB   6.25MB / 0B     4
ab5a9941c874   cliente_atm         0.02%     24.09MiB / 3.823GiB   0.62%     64.7kB / 104kB    6.06MB / 0B     1
2e19e1c018bd   consumidor_mongo1   2.77%     31.32MiB / 3.823GiB   0.80%     3.19MB / 3.49MB   4.11MB / 0B     8
7bd861cf08c1   sectorizador        0.00%     24.37MiB / 3.823GiB   0.62%     4MB / 3.91MB      6.38MB / 0B     4
8261e05d2b61   consumidor_redis2   8.94%     20.61MiB / 3.823GiB   0.53%     2.79MB / 4.38MB   1.54MB / 0B     3
f20a3e50fea2   consumidor_mongo2   8.07%     32.67MiB / 3.823GiB   0.83%     3.13MB / 3.35MB   3.71MB / 0B     15
d2244dc0c39f   consumidor_redis1   9.84%     20.21MiB / 3.823GiB   0.52%     2.91MB / 4.55MB   2.75MB / 0B     2
9f5359063416   kafka_ui            0.33%     289.1MiB / 3.823GiB   7.39%     113kB / 11.5kB    0B / 295kB      36
23ba0c1227d1   mongodb             1.13%     110.4MiB / 3.823GiB   2.82%     6.62MB / 1.91MB   0B / 0B         39
2410c119e440   redis               12.88%    11.89MiB / 3.823GiB   0.30%     12.7MB / 5.37MB   872kB / 0B      6
418757c50144   kafka               211.93%   484.3MiB / 3.823GiB   12.37%    4.71MB / 8.99MB   4.1kB / 238kB   123
CONTAINER ID   NAME                CPU %     MEM USAGE / LIMIT     MEM %     NET I/O           BLOCK I/O       PIDS
5c4b1b621068   productor           0.38%     212.1MiB / 3.823GiB   5.42%     19.2kB / 4.33MB   2.32MB / 0B     2
cced7653085d   cliente_historico   0.08%     25.68MiB / 3.823GiB   0.66%     26.2kB / 9.96kB   6.25MB / 0B     4
ab5a9941c874   cliente_atm         0.03%     24.09MiB / 3.823GiB   0.62%     66.2kB / 107kB    6.06MB / 0B     1
2e19e1c018bd   consumidor_mongo1   1.21%     31.32MiB / 3.823GiB   0.80%     3.31MB / 3.62MB   4.11MB / 0B     8
7bd861cf08c1   sectorizador        0.00%     24.37MiB / 3.823GiB   0.62%     4MB / 3.91MB      6.38MB / 0B     4
8261e05d2b61   consumidor_redis2   0.60%     20.51MiB / 3.823GiB   0.52%     2.95MB / 4.63MB   1.54MB / 0B     2
f20a3e50fea2   consumidor_mongo2   0.60%     31.59MiB / 3.823GiB   0.81%     3.22MB / 3.54MB   3.71MB / 0B     8
d2244dc0c39f   consumidor_redis1   0.49%     20.18MiB / 3.823GiB   0.52%     3.02MB / 4.72MB   2.75MB / 0B     2
9f5359063416   kafka_ui            0.66%     289.1MiB / 3.823GiB   7.39%     113kB / 11.5kB    0B / 307kB      36
23ba0c1227d1   mongodb             135.60%   156.9MiB / 3.823GiB   4.01%     6.93MB / 2MB      0B / 0B         55
2410c119e440   redis               2.02%     11.87MiB / 3.823GiB   0.30%     13.1MB / 5.44MB   872kB / 0B      6
418757c50144   kafka               347.51%   510.6MiB / 3.823GiB   13.04%    4.83MB / 9.23MB   4.1kB / 238kB   150
CONTAINER ID   NAME                CPU %     MEM USAGE / LIMIT     MEM %     NET I/O           BLOCK I/O       PIDS
5c4b1b621068   productor           1.46%     212.1MiB / 3.823GiB   5.42%     19.2kB / 4.33MB   2.32MB / 0B     2
cced7653085d   cliente_historico   0.15%     25.68MiB / 3.823GiB   0.66%     26.5kB / 10kB     6.25MB / 0B     4
ab5a9941c874   cliente_atm         0.02%     24.09MiB / 3.823GiB   0.62%     67.6kB / 109kB    6.06MB / 0B     1
2e19e1c018bd   consumidor_mongo1   0.51%     31.32MiB / 3.823GiB   0.80%     3.31MB / 3.62MB   4.11MB / 0B     8
7bd861cf08c1   sectorizador        21.22%    24.37MiB / 3.823GiB   0.62%     4.26MB / 4.17MB   6.38MB / 0B     4
8261e05d2b61   consumidor_redis2   0.85%     20.51MiB / 3.823GiB   0.52%     2.95MB / 4.63MB   1.54MB / 0B     2
f20a3e50fea2   consumidor_mongo2   0.53%     31.58MiB / 3.823GiB   0.81%     3.22MB / 3.54MB   3.71MB / 0B     8
d2244dc0c39f   consumidor_redis1   0.90%     20.18MiB / 3.823GiB   0.52%     3.02MB / 4.72MB   2.75MB / 0B     2
9f5359063416   kafka_ui            0.22%     289.1MiB / 3.823GiB   7.39%     113kB / 11.5kB    0B / 307kB      36
23ba0c1227d1   mongodb             1.32%     112.8MiB / 3.823GiB   2.88%     6.93MB / 2MB      0B / 0B         39
2410c119e440   redis               13.08%    13.29MiB / 3.823GiB   0.34%     13.3MB / 5.7MB    872kB / 0B      7
418757c50144   kafka               157.93%   440.9MiB / 3.823GiB   11.26%    4.84MB / 9.24MB   4.1kB / 238kB   122
CONTAINER ID   NAME                CPU %     MEM USAGE / LIMIT     MEM %     NET I/O           BLOCK I/O       PIDS
5c4b1b621068   productor           4.45%     211.9MiB / 3.823GiB   5.41%     19.8kB / 4.53MB   2.32MB / 0B     2
cced7653085d   cliente_historico   0.13%     25.68MiB / 3.823GiB   0.66%     26.9kB / 10.2kB   6.25MB / 0B     4
ab5a9941c874   cliente_atm         0.02%     24.09MiB / 3.823GiB   0.62%     69kB / 111kB      6.06MB / 0B     1
2e19e1c018bd   consumidor_mongo1   4.18%     31.32MiB / 3.823GiB   0.80%     3.48MB / 3.81MB   4.11MB / 0B     8
7bd861cf08c1   sectorizador        0.00%     24.37MiB / 3.823GiB   0.62%     4.26MB / 4.17MB   6.38MB / 0B     4
8261e05d2b61   consumidor_redis2   0.59%     20.52MiB / 3.823GiB   0.52%     3.05MB / 4.79MB   1.54MB / 0B     2
f20a3e50fea2   consumidor_mongo2   1.57%     31.58MiB / 3.823GiB   0.81%     3.33MB / 3.66MB   3.71MB / 0B     8
d2244dc0c39f   consumidor_redis1   1.82%     20.19MiB / 3.823GiB   0.52%     3.18MB / 4.97MB   2.75MB / 0B     2
9f5359063416   kafka_ui            0.35%     289.1MiB / 3.823GiB   7.39%     113kB / 11.5kB    0B / 307kB      36
23ba0c1227d1   mongodb             2.80%     115.3MiB / 3.823GiB   2.95%     7.24MB / 2.09MB   0B / 0B         39
2410c119e440   redis               2.64%     11.86MiB / 3.823GiB   0.30%     13.7MB / 5.77MB   872kB / 0B      6
418757c50144   kafka               659.67%   539.2MiB / 3.823GiB   13.77%    5.04MB / 9.64MB   4.1kB / 238kB   166
CONTAINER ID   NAME                CPU %     MEM USAGE / LIMIT     MEM %     NET I/O           BLOCK I/O       PIDS
5c4b1b621068   productor           1.99%     212.1MiB / 3.823GiB   5.42%     19.8kB / 4.53MB   2.32MB / 0B     2
cced7653085d   cliente_historico   0.10%     25.68MiB / 3.823GiB   0.66%     27.3kB / 10.3kB   6.25MB / 0B     4
ab5a9941c874   cliente_atm         0.22%     24.09MiB / 3.823GiB   0.62%     70.3kB / 113kB    6.06MB / 0B     1
2e19e1c018bd   consumidor_mongo1   0.85%     31.32MiB / 3.823GiB   0.80%     3.48MB / 3.81MB   4.11MB / 0B     8
7bd861cf08c1   sectorizador        62.15%    24.37MiB / 3.823GiB   0.62%     4.42MB / 4.23MB   6.38MB / 0B     4
8261e05d2b61   consumidor_redis2   0.98%     20.52MiB / 3.823GiB   0.52%     3.05MB / 4.79MB   1.54MB / 0B     2
f20a3e50fea2   consumidor_mongo2   0.82%     31.59MiB / 3.823GiB   0.81%     3.34MB / 3.66MB   3.71MB / 0B     8
d2244dc0c39f   consumidor_redis1   0.43%     20.19MiB / 3.823GiB   0.52%     3.18MB / 4.97MB   2.75MB / 0B     2
9f5359063416   kafka_ui            0.17%     289.1MiB / 3.823GiB   7.39%     113kB / 11.5kB    0B / 311kB      36
23ba0c1227d1   mongodb             4.92%     115.3MiB / 3.823GiB   2.95%     7.24MB / 2.09MB   0B / 0B         39
2410c119e440   redis               19.79%    12.11MiB / 3.823GiB   0.31%     13.8MB / 5.92MB   872kB / 0B      6
418757c50144   kafka               159.71%   413.6MiB / 3.823GiB   10.57%    5.05MB / 9.64MB   4.1kB / 238kB   106
CONTAINER ID   NAME                CPU %     MEM USAGE / LIMIT     MEM %     NET I/O           BLOCK I/O       PIDS
5c4b1b621068   productor           0.78%     212.1MiB / 3.823GiB   5.42%     20.4kB / 4.72MB   2.32MB / 0B     2
cced7653085d   cliente_historico   0.68%     25.68MiB / 3.823GiB   0.66%     27.7kB / 10.5kB   6.25MB / 0B     4
ab5a9941c874   cliente_atm         2.42%     24.09MiB / 3.823GiB   0.62%     71.6kB / 116kB    6.06MB / 0B     1
2e19e1c018bd   consumidor_mongo1   0.64%     31.32MiB / 3.823GiB   0.80%     3.71MB / 4.06MB   4.11MB / 0B     8
7bd861cf08c1   sectorizador        0.00%     24.37MiB / 3.823GiB   0.62%     4.53MB / 4.43MB   6.38MB / 0B     4
8261e05d2b61   consumidor_redis2   0.63%     20.52MiB / 3.823GiB   0.52%     3.11MB / 4.88MB   1.54MB / 0B     2
f20a3e50fea2   consumidor_mongo2   0.88%     31.58MiB / 3.823GiB   0.81%     3.4MB / 3.73MB    3.71MB / 0B     8
d2244dc0c39f   consumidor_redis1   1.85%     20.19MiB / 3.823GiB   0.52%     3.39MB / 5.3MB    2.75MB / 0B     2
9f5359063416   kafka_ui            0.23%     289.1MiB / 3.823GiB   7.39%     113kB / 11.5kB    0B / 311kB      36
23ba0c1227d1   mongodb             153.22%   162.4MiB / 3.823GiB   4.15%     7.55MB / 2.18MB   0B / 0B         55
2410c119e440   redis               1.64%     11.88MiB / 3.823GiB   0.30%     14.4MB / 6.1MB    872kB / 0B      6
418757c50144   kafka               408.10%   485.8MiB / 3.823GiB   12.41%    5.26MB / 10MB     4.1kB / 238kB   146
CONTAINER ID   NAME                CPU %     MEM USAGE / LIMIT     MEM %     NET I/O           BLOCK I/O       PIDS
5c4b1b621068   productor           0.40%     212.1MiB / 3.823GiB   5.42%     20.4kB / 4.72MB   2.32MB / 0B     2
cced7653085d   cliente_historico   0.59%     25.68MiB / 3.823GiB   0.66%     28.1kB / 10.5kB   6.25MB / 0B     4
ab5a9941c874   cliente_atm         0.02%     24.09MiB / 3.823GiB   0.62%     72.9kB / 118kB    6.06MB / 0B     1
2e19e1c018bd   consumidor_mongo1   0.52%     31.32MiB / 3.823GiB   0.80%     3.72MB / 4.06MB   4.11MB / 0B     8
7bd861cf08c1   sectorizador        0.00%     24.37MiB / 3.823GiB   0.62%     4.53MB / 4.43MB   6.38MB / 0B     4
8261e05d2b61   consumidor_redis2   1.01%     20.52MiB / 3.823GiB   0.52%     3.11MB / 4.88MB   1.54MB / 0B     2
f20a3e50fea2   consumidor_mongo2   0.62%     31.59MiB / 3.823GiB   0.81%     3.4MB / 3.73MB    3.71MB / 0B     8
d2244dc0c39f   consumidor_redis1   0.42%     20.19MiB / 3.823GiB   0.52%     3.39MB / 5.3MB    2.75MB / 0B     2
9f5359063416   kafka_ui            0.17%     289.1MiB / 3.823GiB   7.39%     125kB / 12.6kB    0B / 311kB      36
23ba0c1227d1   mongodb             1.17%     116.2MiB / 3.823GiB   2.97%     7.55MB / 2.18MB   0B / 0B         39
2410c119e440   redis               0.71%     11.88MiB / 3.823GiB   0.30%     14.4MB / 6.1MB    872kB / 0B      6
418757c50144   kafka               154.56%   442.2MiB / 3.823GiB   11.30%    5.26MB / 10.1MB   4.1kB / 238kB   122
CONTAINER ID   NAME                CPU %     MEM USAGE / LIMIT     MEM %     NET I/O           BLOCK I/O       PIDS
5c4b1b621068   productor           0.68%     212.1MiB / 3.823GiB   5.42%     21.1kB / 4.92MB   2.32MB / 0B     2
cced7653085d   cliente_historico   0.12%     25.68MiB / 3.823GiB   0.66%     28.4kB / 10.7kB   6.25MB / 0B     4
ab5a9941c874   cliente_atm         2.31%     24.09MiB / 3.823GiB   0.62%     74.4kB / 120kB    6.06MB / 0B     1
2e19e1c018bd   consumidor_mongo1   0.87%     31.32MiB / 3.823GiB   0.80%     3.88MB / 4.24MB   4.11MB / 0B     8
7bd861cf08c1   sectorizador        116.58%   24.37MiB / 3.823GiB   0.62%     4.77MB / 4.64MB   6.38MB / 0B     4
8261e05d2b61   consumidor_redis2   0.52%     20.52MiB / 3.823GiB   0.52%     3.22MB / 5.04MB   1.54MB / 0B     2
f20a3e50fea2   consumidor_mongo2   1.09%     31.59MiB / 3.823GiB   0.81%     3.51MB / 3.85MB   3.71MB / 0B     8
d2244dc0c39f   consumidor_redis1   1.02%     20.2MiB / 3.823GiB    0.52%     3.54MB / 5.53MB   2.75MB / 0B     2
9f5359063416   kafka_ui            0.21%     289.1MiB / 3.823GiB   7.39%     125kB / 12.6kB    0B / 319kB      36
23ba0c1227d1   mongodb             3.58%     116.3MiB / 3.823GiB   2.97%     7.85MB / 2.26MB   0B / 0B         39
2410c119e440   redis               30.78%    11.89MiB / 3.823GiB   0.30%     15MB / 6.4MB      872kB / 0B      6
418757c50144   kafka               359.72%   513MiB / 3.823GiB     13.11%    5.47MB / 10.5MB   4.1kB / 238kB   151
CONTAINER ID   NAME                CPU %     MEM USAGE / LIMIT     MEM %     NET I/O           BLOCK I/O       PIDS
5c4b1b621068   productor           1.14%     212.1MiB / 3.823GiB   5.42%     21.1kB / 4.92MB   2.32MB / 0B     2
cced7653085d   cliente_historico   0.11%     25.68MiB / 3.823GiB   0.66%     28.8kB / 10.8kB   6.25MB / 0B     4
ab5a9941c874   cliente_atm         2.46%     24.09MiB / 3.823GiB   0.62%     75.7kB / 122kB    6.06MB / 0B     1
2e19e1c018bd   consumidor_mongo1   1.71%     31.32MiB / 3.823GiB   0.80%     3.89MB / 4.25MB   4.11MB / 0B     8
7bd861cf08c1   sectorizador        0.00%     24.37MiB / 3.823GiB   0.62%     4.79MB / 4.68MB   6.38MB / 0B     4
8261e05d2b61   consumidor_redis2   0.71%     20.52MiB / 3.823GiB   0.52%     3.22MB / 5.05MB   1.54MB / 0B     2
f20a3e50fea2   consumidor_mongo2   1.12%     31.59MiB / 3.823GiB   0.81%     3.51MB / 3.85MB   3.71MB / 0B     8
d2244dc0c39f   consumidor_redis1   0.53%     20.2MiB / 3.823GiB    0.52%     3.55MB / 5.54MB   2.75MB / 0B     2
9f5359063416   kafka_ui            0.31%     289.1MiB / 3.823GiB   7.39%     125kB / 12.6kB    0B / 319kB      36
23ba0c1227d1   mongodb             1.07%     116.3MiB / 3.823GiB   2.97%     7.85MB / 2.26MB   0B / 0B         39
2410c119e440   redis               1.56%     11.88MiB / 3.823GiB   0.30%     15.1MB / 6.42MB   872kB / 0B      6
418757c50144   kafka               437.44%   520.1MiB / 3.823GiB   13.29%    5.48MB / 10.5MB   4.1kB / 238kB   150
CONTAINER ID   NAME                CPU %     MEM USAGE / LIMIT     MEM %     NET I/O           BLOCK I/O       PIDS
5c4b1b621068   productor           0.40%     212.1MiB / 3.823GiB   5.42%     21.8kB / 5.11MB   2.32MB / 0B     2
cced7653085d   cliente_historico   0.10%     25.68MiB / 3.823GiB   0.66%     29.2kB / 11kB     6.25MB / 0B     4
ab5a9941c874   cliente_atm         2.65%     24.09MiB / 3.823GiB   0.62%     77kB / 125kB      6.06MB / 0B     1
2e19e1c018bd   consumidor_mongo1   4.84%     31.32MiB / 3.823GiB   0.80%     4.11MB / 4.49MB   4.11MB / 0B     8
7bd861cf08c1   sectorizador        0.00%     24.37MiB / 3.823GiB   0.62%     4.79MB / 4.68MB   6.38MB / 0B     4
8261e05d2b61   consumidor_redis2   0.55%     20.52MiB / 3.823GiB   0.52%     3.27MB / 5.13MB   1.54MB / 0B     2
f20a3e50fea2   consumidor_mongo2   0.90%     31.58MiB / 3.823GiB   0.81%     3.57MB / 3.92MB   3.71MB / 0B     8
d2244dc0c39f   consumidor_redis1   0.49%     20.2MiB / 3.823GiB    0.52%     3.75MB / 5.86MB   2.75MB / 0B     2
9f5359063416   kafka_ui            0.34%     289.1MiB / 3.823GiB   7.39%     125kB / 12.6kB    0B / 319kB      36
23ba0c1227d1   mongodb             133.20%   162.1MiB / 3.823GiB   4.14%     8.15MB / 2.35MB   0B / 0B         54
2410c119e440   redis               1.55%     11.88MiB / 3.823GiB   0.30%     15.5MB / 6.48MB   872kB / 0B      6
418757c50144   kafka               329.70%   519.2MiB / 3.823GiB   13.26%    5.68MB / 10.9MB   4.1kB / 238kB   152
CONTAINER ID   NAME                CPU %     MEM USAGE / LIMIT     MEM %     NET I/O           BLOCK I/O       PIDS
5c4b1b621068   productor           0.86%     212.1MiB / 3.823GiB   5.42%     21.8kB / 5.11MB   2.32MB / 0B     2
cced7653085d   cliente_historico   0.10%     25.68MiB / 3.823GiB   0.66%     29.6kB / 11.1kB   6.25MB / 0B     4
ab5a9941c874   cliente_atm         2.01%     24.09MiB / 3.823GiB   0.62%     78.3kB / 127kB    6.06MB / 0B     1
2e19e1c018bd   consumidor_mongo1   0.75%     31.32MiB / 3.823GiB   0.80%     4.12MB / 4.49MB   4.11MB / 0B     8
7bd861cf08c1   sectorizador        0.00%     24.37MiB / 3.823GiB   0.62%     5.06MB / 4.94MB   6.38MB / 0B     4
8261e05d2b61   consumidor_redis2   0.96%     20.52MiB / 3.823GiB   0.52%     3.28MB / 5.13MB   1.54MB / 0B     2
f20a3e50fea2   consumidor_mongo2   0.62%     31.58MiB / 3.823GiB   0.81%     3.58MB / 3.92MB   3.71MB / 0B     8
d2244dc0c39f   consumidor_redis1   0.52%     20.2MiB / 3.823GiB    0.52%     3.76MB / 5.86MB   2.75MB / 0B     2
9f5359063416   kafka_ui            0.22%     289.1MiB / 3.823GiB   7.39%     125kB / 12.6kB    0B / 319kB      36
23ba0c1227d1   mongodb             1.45%     117.1MiB / 3.823GiB   2.99%     8.15MB / 2.35MB   0B / 0B         39
2410c119e440   redis               9.62%     11.91MiB / 3.823GiB   0.30%     15.7MB / 6.75MB   872kB / 0B      6
418757c50144   kafka               167.76%   484.4MiB / 3.823GiB   12.38%    5.69MB / 10.9MB   4.1kB / 238kB   127
CONTAINER ID   NAME                CPU %     MEM USAGE / LIMIT     MEM %     NET I/O           BLOCK I/O       PIDS
5c4b1b621068   productor           0.59%     212.1MiB / 3.823GiB   5.42%     22.6kB / 5.31MB   2.32MB / 0B     2
cced7653085d   cliente_historico   0.97%     25.68MiB / 3.823GiB   0.66%     30kB / 11.2kB     6.25MB / 0B     4
ab5a9941c874   cliente_atm         4.03%     24.09MiB / 3.823GiB   0.62%     79.7kB / 129kB    6.06MB / 0B     1
2e19e1c018bd   consumidor_mongo1   3.88%     31.32MiB / 3.823GiB   0.80%     4.12MB / 4.49MB   4.11MB / 0B     8
7bd861cf08c1   sectorizador        0.00%     24.37MiB / 3.823GiB   0.62%     5.06MB / 4.94MB   6.38MB / 0B     4
8261e05d2b61   consumidor_redis2   0.58%     20.54MiB / 3.823GiB   0.52%     3.54MB / 5.54MB   1.54MB / 0B     2
f20a3e50fea2   consumidor_mongo2   1.21%     31.66MiB / 3.823GiB   0.81%     3.86MB / 4.23MB   3.71MB / 0B     8
d2244dc0c39f   consumidor_redis1   0.41%     20.2MiB / 3.823GiB    0.52%     3.76MB / 5.86MB   2.75MB / 0B     2
9f5359063416   kafka_ui            0.20%     289.1MiB / 3.823GiB   7.39%     125kB / 12.6kB    0B / 319kB      36
23ba0c1227d1   mongodb             4.75%     117.5MiB / 3.823GiB   3.00%     8.46MB / 2.44MB   0B / 0B         39
2410c119e440   redis               1.37%     11.88MiB / 3.823GiB   0.30%     16.1MB / 6.82MB   872kB / 0B      6
418757c50144   kafka               399.23%   511.8MiB / 3.823GiB   13.07%    5.89MB / 11.3MB   4.1kB / 238kB   150
CONTAINER ID   NAME                CPU %     MEM USAGE / LIMIT     MEM %     NET I/O           BLOCK I/O       PIDS
5c4b1b621068   productor           0.33%     212.1MiB / 3.823GiB   5.42%     22.6kB / 5.31MB   2.32MB / 0B     2
cced7653085d   cliente_historico   0.30%     25.68MiB / 3.823GiB   0.66%     30.3kB / 11.3kB   6.25MB / 0B     4
ab5a9941c874   cliente_atm         1.66%     24.12MiB / 3.823GiB   0.62%     80.6kB / 130kB    6.06MB / 0B     2
2e19e1c018bd   consumidor_mongo1   7.25%     31.32MiB / 3.823GiB   0.80%     4.12MB / 4.5MB    4.11MB / 0B     8
7bd861cf08c1   sectorizador        59.63%    24.38MiB / 3.823GiB   0.62%     5.33MB / 5.2MB    6.38MB / 0B     4
8261e05d2b61   consumidor_redis2   14.16%    20.54MiB / 3.823GiB   0.52%     3.54MB / 5.55MB   1.54MB / 0B     2
f20a3e50fea2   consumidor_mongo2   6.25%     31.66MiB / 3.823GiB   0.81%     3.86MB / 4.24MB   3.71MB / 0B     8
d2244dc0c39f   consumidor_redis1   5.92%     20.2MiB / 3.823GiB    0.52%     3.76MB / 5.86MB   2.75MB / 0B     2
9f5359063416   kafka_ui            0.15%     289.2MiB / 3.823GiB   7.39%     136kB / 13.6kB    0B / 319kB      36
23ba0c1227d1   mongodb             1.17%     117.5MiB / 3.823GiB   3.00%     8.46MB / 2.44MB   0B / 0B         39
2410c119e440   redis               13.08%    11.9MiB / 3.823GiB    0.30%     16.4MB / 7.08MB   872kB / 0B      6
418757c50144   kafka               197.47%   444.3MiB / 3.823GiB   11.35%    5.9MB / 11.3MB    4.1kB / 238kB   125
CONTAINER ID   NAME                CPU %     MEM USAGE / LIMIT     MEM %     NET I/O           BLOCK I/O       PIDS
5c4b1b621068   productor           0.62%     212MiB / 3.823GiB     5.42%     23.2kB / 5.51MB   2.32MB / 0B     2
cced7653085d   cliente_historico   0.16%     25.68MiB / 3.823GiB   0.66%     30.7kB / 11.5kB   6.25MB / 0B     4
ab5a9941c874   cliente_atm         0.02%     24.09MiB / 3.823GiB   0.62%     81.2kB / 131kB    6.06MB / 0B     1
2e19e1c018bd   consumidor_mongo1   0.49%     31.32MiB / 3.823GiB   0.80%     4.29MB / 4.68MB   4.11MB / 0B     8
7bd861cf08c1   sectorizador        0.00%     24.38MiB / 3.823GiB   0.62%     5.33MB / 5.2MB    6.38MB / 0B     4
8261e05d2b61   consumidor_redis2   8.59%     20.54MiB / 3.823GiB   0.52%     3.64MB / 5.71MB   1.54MB / 0B     2
f20a3e50fea2   consumidor_mongo2   10.69%    31.66MiB / 3.823GiB   0.81%     3.98MB / 4.36MB   3.71MB / 0B     8
d2244dc0c39f   consumidor_redis1   11.07%    20.21MiB / 3.823GiB   0.52%     3.92MB / 6.11MB   2.75MB / 0B     2
9f5359063416   kafka_ui            0.20%     289.2MiB / 3.823GiB   7.39%     136kB / 13.7kB    0B / 332kB      36
23ba0c1227d1   mongodb             94.19%    178.1MiB / 3.823GiB   4.55%     8.77MB / 2.53MB   0B / 0B         54
2410c119e440   redis               2.12%     12.16MiB / 3.823GiB   0.31%     16.8MB / 7.15MB   872kB / 0B      12
418757c50144   kafka               208.05%   565MiB / 3.823GiB     14.43%    6.11MB / 11.7MB   4.1kB / 238kB   170
