2025-07-08 19:11:48,437 - INFO - <BrokerConnection node_id=bootstrap-0 host=kafka:9092 <connecting> [IPv4 ('172.18.0.3', 9092)]>: connecting to kafka:9092 [('172.18.0.3', 9092) IPv4]
2025-07-08 19:11:48,440 - INFO - Probing node bootstrap-0 broker version
2025-07-08 19:11:48,448 - INFO - <BrokerConnection node_id=bootstrap-0 host=kafka:9092 <connecting> [IPv4 ('172.18.0.3', 9092)]>: Connection complete.
2025-07-08 19:11:48,570 - INFO - Broker version identified as 2.5.0
2025-07-08 19:11:48,571 - INFO - Set configuration api_version=(2, 5, 0) to skip auto check_version requests on startup
2025-07-08 19:11:52,858 - INFO - productor: Datos cargados desde /app/data/aeronaves_completo.json.
2025-07-08 19:12:32,895 - INFO - productor: Enviadas 19 aeronaves al topic 'adsb.aeronaves'.
2025-07-08 19:12:32,898 - INFO - <BrokerConnection node_id=1 host=kafka:9092 <connecting> [IPv4 ('172.18.0.3', 9092)]>: connecting to kafka:9092 [('172.18.0.3', 9092) IPv4]
2025-07-08 19:12:32,899 - INFO - <BrokerConnection node_id=1 host=kafka:9092 <connecting> [IPv4 ('172.18.0.3', 9092)]>: Connection complete.
2025-07-08 19:12:32,901 - INFO - <BrokerConnection node_id=bootstrap-0 host=kafka:9092 <connected> [IPv4 ('172.18.0.3', 9092)]>: Closing connection. 
2025-07-08 19:12:42,873 - INFO - productor: Enviadas 100 aeronaves al topic 'adsb.aeronaves'.
2025-07-08 19:12:42,905 - INFO - productor: Enviadas 100 aeronaves al topic 'adsb.aeronaves'.
2025-07-08 19:12:42,983 - INFO - productor: Enviadas 100 aeronaves al topic 'adsb.aeronaves'.
2025-07-08 19:12:43,080 - INFO - productor: Enviadas 100 aeronaves al topic 'adsb.aeronaves'.
2025-07-08 19:12:43,107 - INFO - productor: Enviadas 100 aeronaves al topic 'adsb.aeronaves'.
2025-07-08 19:12:52,869 - INFO - productor: Enviadas 100 aeronaves al topic 'adsb.aeronaves'.
2025-07-08 19:12:52,888 - INFO - productor: Enviadas 100 aeronaves al topic 'adsb.aeronaves'.
2025-07-08 19:12:52,902 - INFO - productor: Enviadas 100 aeronaves al topic 'adsb.aeronaves'.
2025-07-08 19:12:52,914 - INFO - productor: Enviadas 100 aeronaves al topic 'adsb.aeronaves'.
2025-07-08 19:12:52,941 - INFO - productor: Enviadas 100 aeronaves al topic 'adsb.aeronaves'.
2025-07-08 19:13:02,869 - INFO - productor: Enviadas 100 aeronaves al topic 'adsb.aeronaves'.
2025-07-08 19:13:02,896 - INFO - productor: Enviadas 100 aeronaves al topic 'adsb.aeronaves'.
2025-07-08 19:13:02,934 - INFO - productor: Enviadas 100 aeronaves al topic 'adsb.aeronaves'.
2025-07-08 19:13:02,975 - INFO - productor: Enviadas 100 aeronaves al topic 'adsb.aeronaves'.
2025-07-08 19:13:03,032 - INFO - productor: Enviadas 100 aeronaves al topic 'adsb.aeronaves'.
2025-07-08 19:13:12,864 - INFO - productor: Enviadas 100 aeronaves al topic 'adsb.aeronaves'.
2025-07-08 19:13:12,889 - INFO - productor: Enviadas 100 aeronaves al topic 'adsb.aeronaves'.
2025-07-08 19:13:12,929 - INFO - productor: Enviadas 100 aeronaves al topic 'adsb.aeronaves'.
2025-07-08 19:13:12,940 - INFO - productor: Enviadas 100 aeronaves al topic 'adsb.aeronaves'.
2025-07-08 19:13:12,955 - INFO - productor: Enviadas 100 aeronaves al topic 'adsb.aeronaves'.
2025-07-08 19:13:22,884 - INFO - productor: Enviadas 100 aeronaves al topic 'adsb.aeronaves'.
2025-07-08 19:13:22,925 - INFO - productor: Enviadas 100 aeronaves al topic 'adsb.aeronaves'.
2025-07-08 19:13:22,973 - INFO - productor: Enviadas 100 aeronaves al topic 'adsb.aeronaves'.
2025-07-08 19:13:23,041 - INFO - productor: Enviadas 100 aeronaves al topic 'adsb.aeronaves'.
2025-07-08 19:13:23,122 - INFO - productor: Enviadas 100 aeronaves al topic 'adsb.aeronaves'.
2025-07-08 19:13:32,865 - INFO - productor: Enviadas 100 aeronaves al topic 'adsb.aeronaves'.
2025-07-08 19:13:32,903 - INFO - productor: Enviadas 100 aeronaves al topic 'adsb.aeronaves'.
2025-07-08 19:13:32,949 - INFO - productor: Enviadas 100 aeronaves al topic 'adsb.aeronaves'.
2025-07-08 19:13:33,006 - INFO - productor: Enviadas 100 aeronaves al topic 'adsb.aeronaves'.
2025-07-08 19:13:33,105 - INFO - productor: Enviadas 100 aeronaves al topic 'adsb.aeronaves'.
2025-07-08 19:13:42,865 - INFO - productor: Enviadas 100 aeronaves al topic 'adsb.aeronaves'.
2025-07-08 19:13:42,904 - INFO - productor: Enviadas 100 aeronaves al topic 'adsb.aeronaves'.
2025-07-08 19:13:42,967 - INFO - productor: Enviadas 100 aeronaves al topic 'adsb.aeronaves'.
2025-07-08 19:13:43,057 - INFO - productor: Enviadas 100 aeronaves al topic 'adsb.aeronaves'.
2025-07-08 19:13:43,193 - INFO - productor: Enviadas 100 aeronaves al topic 'adsb.aeronaves'.
2025-07-08 19:13:52,873 - INFO - productor: Enviadas 100 aeronaves al topic 'adsb.aeronaves'.
2025-07-08 19:13:52,932 - INFO - productor: Enviadas 100 aeronaves al topic 'adsb.aeronaves'.
2025-07-08 19:13:52,985 - INFO - productor: Enviadas 100 aeronaves al topic 'adsb.aeronaves'.
2025-07-08 19:13:53,058 - INFO - productor: Enviadas 100 aeronaves al topic 'adsb.aeronaves'.
2025-07-08 19:13:53,119 - INFO - productor: Enviadas 100 aeronaves al topic 'adsb.aeronaves'.
2025-07-08 19:14:02,871 - INFO - productor: Enviadas 100 aeronaves al topic 'adsb.aeronaves'.
2025-07-08 19:14:02,884 - INFO - productor: Enviadas 100 aeronaves al topic 'adsb.aeronaves'.
2025-07-08 19:14:02,906 - INFO - productor: Enviadas 100 aeronaves al topic 'adsb.aeronaves'.
2025-07-08 19:14:02,935 - INFO - productor: Enviadas 100 aeronaves al topic 'adsb.aeronaves'.
2025-07-08 19:14:02,985 - INFO - productor: Enviadas 100 aeronaves al topic 'adsb.aeronaves'.
2025-07-08 19:14:12,870 - INFO - productor: Enviadas 100 aeronaves al topic 'adsb.aeronaves'.
2025-07-08 19:14:12,888 - INFO - productor: Enviadas 100 aeronaves al topic 'adsb.aeronaves'.
2025-07-08 19:14:12,904 - INFO - productor: Enviadas 100 aeronaves al topic 'adsb.aeronaves'.
2025-07-08 19:14:12,948 - INFO - productor: Enviadas 100 aeronaves al topic 'adsb.aeronaves'.
2025-07-08 19:14:12,958 - INFO - productor: Enviadas 100 aeronaves al topic 'adsb.aeronaves'.
2025-07-08 19:14:22,865 - INFO - productor: Enviadas 100 aeronaves al topic 'adsb.aeronaves'.
2025-07-08 19:14:22,882 - INFO - productor: Enviadas 100 aeronaves al topic 'adsb.aeronaves'.
2025-07-08 19:14:22,892 - INFO - productor: Enviadas 100 aeronaves al topic 'adsb.aeronaves'.
2025-07-08 19:14:22,948 - INFO - productor: Enviadas 100 aeronaves al topic 'adsb.aeronaves'.
2025-07-08 19:14:22,980 - INFO - productor: Enviadas 100 aeronaves al topic 'adsb.aeronaves'.
2025-07-08 19:14:32,871 - INFO - productor: Enviadas 100 aeronaves al topic 'adsb.aeronaves'.
2025-07-08 19:14:32,913 - INFO - productor: Enviadas 100 aeronaves al topic 'adsb.aeronaves'.
2025-07-08 19:14:33,059 - INFO - productor: Enviadas 100 aeronaves al topic 'adsb.aeronaves'.
2025-07-08 19:14:33,107 - INFO - productor: Enviadas 100 aeronaves al topic 'adsb.aeronaves'.
2025-07-08 19:14:33,287 - INFO - productor: Enviadas 100 aeronaves al topic 'adsb.aeronaves'.
2025-07-08 19:14:42,869 - INFO - productor: Enviadas 100 aeronaves al topic 'adsb.aeronaves'.
2025-07-08 19:14:42,923 - INFO - productor: Enviadas 100 aeronaves al topic 'adsb.aeronaves'.
2025-07-08 19:14:43,009 - INFO - productor: Enviadas 100 aeronaves al topic 'adsb.aeronaves'.
2025-07-08 19:14:43,048 - INFO - productor: Enviadas 100 aeronaves al topic 'adsb.aeronaves'.
2025-07-08 19:14:43,099 - INFO - productor: Enviadas 100 aeronaves al topic 'adsb.aeronaves'.
2025-07-08 19:14:52,957 - INFO - productor: Enviadas 100 aeronaves al topic 'adsb.aeronaves'.
2025-07-08 19:14:53,242 - INFO - productor: Enviadas 100 aeronaves al topic 'adsb.aeronaves'.
2025-07-08 19:14:53,339 - INFO - productor: Enviadas 100 aeronaves al topic 'adsb.aeronaves'.
2025-07-08 19:14:53,448 - INFO - productor: Enviadas 100 aeronaves al topic 'adsb.aeronaves'.
2025-07-08 19:14:53,455 - INFO - productor: Enviadas 100 aeronaves al topic 'adsb.aeronaves'.
2025-07-08 19:15:02,896 - INFO - productor: Enviadas 100 aeronaves al topic 'adsb.aeronaves'.
2025-07-08 19:15:02,927 - INFO - productor: Enviadas 100 aeronaves al topic 'adsb.aeronaves'.
2025-07-08 19:15:02,964 - INFO - productor: Enviadas 100 aeronaves al topic 'adsb.aeronaves'.
2025-07-08 19:15:03,024 - INFO - productor: Enviadas 100 aeronaves al topic 'adsb.aeronaves'.
2025-07-08 19:15:03,042 - INFO - productor: Enviadas 100 aeronaves al topic 'adsb.aeronaves'.
2025-07-08 19:15:12,907 - INFO - productor: Enviadas 100 aeronaves al topic 'adsb.aeronaves'.
2025-07-08 19:15:13,032 - INFO - productor: Enviadas 100 aeronaves al topic 'adsb.aeronaves'.
2025-07-08 19:15:13,262 - INFO - productor: Enviadas 100 aeronaves al topic 'adsb.aeronaves'.
2025-07-08 19:15:13,318 - INFO - productor: Enviadas 100 aeronaves al topic 'adsb.aeronaves'.
2025-07-08 19:15:13,423 - INFO - productor: Enviadas 100 aeronaves al topic 'adsb.aeronaves'.
2025-07-08 19:15:22,874 - INFO - productor: Enviadas 100 aeronaves al topic 'adsb.aeronaves'.
2025-07-08 19:15:22,931 - INFO - productor: Enviadas 100 aeronaves al topic 'adsb.aeronaves'.
2025-07-08 19:15:22,957 - INFO - productor: Enviadas 100 aeronaves al topic 'adsb.aeronaves'.
2025-07-08 19:15:22,989 - INFO - productor: Enviadas 100 aeronaves al topic 'adsb.aeronaves'.
2025-07-08 19:15:23,013 - INFO - productor: Enviadas 100 aeronaves al topic 'adsb.aeronaves'.
2025-07-08 19:15:32,865 - INFO - productor: Enviadas 100 aeronaves al topic 'adsb.aeronaves'.
2025-07-08 19:15:32,890 - INFO - productor: Enviadas 100 aeronaves al topic 'adsb.aeronaves'.
2025-07-08 19:15:32,943 - INFO - productor: Enviadas 100 aeronaves al topic 'adsb.aeronaves'.
2025-07-08 19:15:33,050 - INFO - productor: Enviadas 100 aeronaves al topic 'adsb.aeronaves'.
2025-07-08 19:15:33,060 - INFO - productor: Enviadas 100 aeronaves al topic 'adsb.aeronaves'.
2025-07-08 19:15:42,895 - INFO - productor: Enviadas 100 aeronaves al topic 'adsb.aeronaves'.
2025-07-08 19:15:42,948 - INFO - productor: Enviadas 100 aeronaves al topic 'adsb.aeronaves'.
2025-07-08 19:15:43,148 - INFO - productor: Enviadas 100 aeronaves al topic 'adsb.aeronaves'.
2025-07-08 19:15:43,210 - INFO - productor: Enviadas 100 aeronaves al topic 'adsb.aeronaves'.
2025-07-08 19:15:43,408 - INFO - productor: Enviadas 100 aeronaves al topic 'adsb.aeronaves'.
2025-07-08 19:15:52,866 - INFO - productor: Enviadas 100 aeronaves al topic 'adsb.aeronaves'.
2025-07-08 19:15:52,890 - INFO - productor: Enviadas 100 aeronaves al topic 'adsb.aeronaves'.
2025-07-08 19:15:53,171 - INFO - productor: Enviadas 100 aeronaves al topic 'adsb.aeronaves'.
2025-07-08 19:15:53,189 - INFO - productor: Enviadas 100 aeronaves al topic 'adsb.aeronaves'.
2025-07-08 19:15:53,236 - INFO - productor: Enviadas 100 aeronaves al topic 'adsb.aeronaves'.
2025-07-08 19:16:03,099 - INFO - productor: Enviadas 100 aeronaves al topic 'adsb.aeronaves'.
2025-07-08 19:16:03,109 - INFO - productor: Enviadas 100 aeronaves al topic 'adsb.aeronaves'.
2025-07-08 19:16:03,115 - INFO - productor: Enviadas 100 aeronaves al topic 'adsb.aeronaves'.
2025-07-08 19:16:03,160 - INFO - productor: Enviadas 100 aeronaves al topic 'adsb.aeronaves'.
2025-07-08 19:16:03,506 - INFO - productor: Enviadas 100 aeronaves al topic 'adsb.aeronaves'.
2025-07-08 19:16:12,736 - INFO - productor: Enviadas 100 aeronaves al topic 'adsb.aeronaves'.
2025-07-08 19:16:12,775 - INFO - productor: Enviadas 100 aeronaves al topic 'adsb.aeronaves'.
2025-07-08 19:16:12,784 - INFO - productor: Enviadas 100 aeronaves al topic 'adsb.aeronaves'.
2025-07-08 19:16:12,793 - INFO - productor: Enviadas 100 aeronaves al topic 'adsb.aeronaves'.
2025-07-08 19:16:12,833 - INFO - productor: Enviadas 100 aeronaves al topic 'adsb.aeronaves'.
2025-07-08 19:16:22,874 - INFO - productor: Enviadas 100 aeronaves al topic 'adsb.aeronaves'.
2025-07-08 19:16:22,892 - INFO - productor: Enviadas 100 aeronaves al topic 'adsb.aeronaves'.
2025-07-08 19:16:22,905 - INFO - productor: Enviadas 100 aeronaves al topic 'adsb.aeronaves'.
2025-07-08 19:16:22,911 - INFO - productor: Enviadas 100 aeronaves al topic 'adsb.aeronaves'.
2025-07-08 19:16:22,923 - INFO - productor: Enviadas 100 aeronaves al topic 'adsb.aeronaves'.
2025-07-08 19:16:32,862 - INFO - productor: Enviadas 100 aeronaves al topic 'adsb.aeronaves'.
2025-07-08 19:16:32,887 - INFO - productor: Enviadas 100 aeronaves al topic 'adsb.aeronaves'.
2025-07-08 19:16:32,902 - INFO - productor: Enviadas 100 aeronaves al topic 'adsb.aeronaves'.
2025-07-08 19:16:32,925 - INFO - productor: Enviadas 100 aeronaves al topic 'adsb.aeronaves'.
2025-07-08 19:16:32,938 - INFO - productor: Enviadas 100 aeronaves al topic 'adsb.aeronaves'.
2025-07-08 19:16:42,993 - INFO - productor: Enviadas 100 aeronaves al topic 'adsb.aeronaves'.
2025-07-08 19:16:43,014 - INFO - productor: Enviadas 100 aeronaves al topic 'adsb.aeronaves'.
2025-07-08 19:16:43,040 - INFO - productor: Enviadas 100 aeronaves al topic 'adsb.aeronaves'.
2025-07-08 19:16:43,055 - INFO - productor: Enviadas 100 aeronaves al topic 'adsb.aeronaves'.
2025-07-08 19:16:43,073 - INFO - productor: Enviadas 100 aeronaves al topic 'adsb.aeronaves'.
2025-07-08 19:16:52,864 - INFO - productor: Enviadas 100 aeronaves al topic 'adsb.aeronaves'.
2025-07-08 19:16:52,911 - INFO - productor: Enviadas 100 aeronaves al topic 'adsb.aeronaves'.
2025-07-08 19:16:52,986 - INFO - productor: Enviadas 100 aeronaves al topic 'adsb.aeronaves'.
2025-07-08 19:16:53,014 - INFO - productor: Enviadas 100 aeronaves al topic 'adsb.aeronaves'.
2025-07-08 19:16:53,084 - INFO - productor: Enviadas 100 aeronaves al topic 'adsb.aeronaves'.
2025-07-08 19:17:02,862 - INFO - productor: Enviadas 100 aeronaves al topic 'adsb.aeronaves'.
2025-07-08 19:17:02,872 - INFO - productor: Enviadas 100 aeronaves al topic 'adsb.aeronaves'.
2025-07-08 19:17:02,905 - INFO - productor: Enviadas 100 aeronaves al topic 'adsb.aeronaves'.
2025-07-08 19:17:02,921 - INFO - productor: Enviadas 100 aeronaves al topic 'adsb.aeronaves'.
2025-07-08 19:17:02,930 - INFO - productor: Enviadas 100 aeronaves al topic 'adsb.aeronaves'.
2025-07-08 19:17:12,878 - INFO - productor: Enviadas 100 aeronaves al topic 'adsb.aeronaves'.
2025-07-08 19:17:12,897 - INFO - productor: Enviadas 100 aeronaves al topic 'adsb.aeronaves'.
2025-07-08 19:17:12,909 - INFO - productor: Enviadas 100 aeronaves al topic 'adsb.aeronaves'.
2025-07-08 19:17:12,923 - INFO - productor: Enviadas 100 aeronaves al topic 'adsb.aeronaves'.
2025-07-08 19:17:12,928 - INFO - productor: Enviadas 100 aeronaves al topic 'adsb.aeronaves'.
2025-07-08 19:17:22,874 - INFO - productor: Enviadas 100 aeronaves al topic 'adsb.aeronaves'.
2025-07-08 19:17:22,940 - INFO - productor: Enviadas 100 aeronaves al topic 'adsb.aeronaves'.
2025-07-08 19:17:23,102 - INFO - productor: Enviadas 100 aeronaves al topic 'adsb.aeronaves'.
2025-07-08 19:17:23,188 - INFO - productor: Enviadas 100 aeronaves al topic 'adsb.aeronaves'.
2025-07-08 19:17:23,208 - INFO - productor: Enviadas 100 aeronaves al topic 'adsb.aeronaves'.
2025-07-08 19:17:32,870 - INFO - productor: Enviadas 100 aeronaves al topic 'adsb.aeronaves'.
2025-07-08 19:17:32,889 - INFO - productor: Enviadas 100 aeronaves al topic 'adsb.aeronaves'.
2025-07-08 19:17:32,901 - INFO - productor: Enviadas 100 aeronaves al topic 'adsb.aeronaves'.
2025-07-08 19:17:32,916 - INFO - productor: Enviadas 100 aeronaves al topic 'adsb.aeronaves'.
2025-07-08 19:17:32,973 - INFO - productor: Enviadas 100 aeronaves al topic 'adsb.aeronaves'.
2025-07-08 19:17:42,873 - INFO - productor: Enviadas 100 aeronaves al topic 'adsb.aeronaves'.
2025-07-08 19:17:42,898 - INFO - productor: Enviadas 100 aeronaves al topic 'adsb.aeronaves'.
2025-07-08 19:17:42,908 - INFO - productor: Enviadas 100 aeronaves al topic 'adsb.aeronaves'.
2025-07-08 19:17:42,961 - INFO - productor: Enviadas 100 aeronaves al topic 'adsb.aeronaves'.
2025-07-08 19:17:42,974 - INFO - productor: Enviadas 100 aeronaves al topic 'adsb.aeronaves'.
2025-07-08 19:17:52,872 - INFO - productor: Enviadas 100 aeronaves al topic 'adsb.aeronaves'.
2025-07-08 19:17:52,885 - INFO - productor: Enviadas 100 aeronaves al topic 'adsb.aeronaves'.
2025-07-08 19:17:52,911 - INFO - productor: Enviadas 100 aeronaves al topic 'adsb.aeronaves'.
2025-07-08 19:17:52,928 - INFO - productor: Enviadas 100 aeronaves al topic 'adsb.aeronaves'.
2025-07-08 19:17:52,937 - INFO - productor: Enviadas 100 aeronaves al topic 'adsb.aeronaves'.
2025-07-08 19:18:02,870 - INFO - productor: Enviadas 100 aeronaves al topic 'adsb.aeronaves'.
2025-07-08 19:18:02,911 - INFO - productor: Enviadas 100 aeronaves al topic 'adsb.aeronaves'.
2025-07-08 19:18:02,938 - INFO - productor: Enviadas 100 aeronaves al topic 'adsb.aeronaves'.
2025-07-08 19:18:02,970 - INFO - productor: Enviadas 100 aeronaves al topic 'adsb.aeronaves'.
2025-07-08 19:18:03,021 - INFO - productor: Enviadas 100 aeronaves al topic 'adsb.aeronaves'.
2025-07-08 19:18:12,866 - INFO - productor: Enviadas 100 aeronaves al topic 'adsb.aeronaves'.
2025-07-08 19:18:12,883 - INFO - productor: Enviadas 100 aeronaves al topic 'adsb.aeronaves'.
2025-07-08 19:18:12,903 - INFO - productor: Enviadas 100 aeronaves al topic 'adsb.aeronaves'.
2025-07-08 19:18:12,915 - INFO - productor: Enviadas 100 aeronaves al topic 'adsb.aeronaves'.
2025-07-08 19:18:12,939 - INFO - productor: Enviadas 100 aeronaves al topic 'adsb.aeronaves'.
2025-07-08 19:18:22,867 - INFO - productor: Enviadas 100 aeronaves al topic 'adsb.aeronaves'.
2025-07-08 19:18:22,926 - INFO - productor: Enviadas 100 aeronaves al topic 'adsb.aeronaves'.
2025-07-08 19:18:22,974 - INFO - productor: Enviadas 100 aeronaves al topic 'adsb.aeronaves'.
2025-07-08 19:18:23,027 - INFO - productor: Enviadas 100 aeronaves al topic 'adsb.aeronaves'.
2025-07-08 19:18:23,050 - INFO - productor: Enviadas 100 aeronaves al topic 'adsb.aeronaves'.
2025-07-08 19:18:32,867 - INFO - productor: Enviadas 100 aeronaves al topic 'adsb.aeronaves'.
2025-07-08 19:18:32,920 - INFO - productor: Enviadas 100 aeronaves al topic 'adsb.aeronaves'.
2025-07-08 19:18:33,004 - INFO - productor: Enviadas 100 aeronaves al topic 'adsb.aeronaves'.
2025-07-08 19:18:33,157 - INFO - productor: Enviadas 100 aeronaves al topic 'adsb.aeronaves'.
2025-07-08 19:18:33,316 - INFO - productor: Enviadas 100 aeronaves al topic 'adsb.aeronaves'.
2025-07-08 19:18:42,868 - INFO - productor: Enviadas 100 aeronaves al topic 'adsb.aeronaves'.
2025-07-08 19:18:42,938 - INFO - productor: Enviadas 100 aeronaves al topic 'adsb.aeronaves'.
2025-07-08 19:18:42,956 - INFO - productor: Enviadas 100 aeronaves al topic 'adsb.aeronaves'.
2025-07-08 19:18:43,254 - INFO - productor: Enviadas 100 aeronaves al topic 'adsb.aeronaves'.
2025-07-08 19:18:43,580 - INFO - productor: Enviadas 100 aeronaves al topic 'adsb.aeronaves'.
2025-07-08 19:18:52,879 - INFO - productor: Enviadas 100 aeronaves al topic 'adsb.aeronaves'.
2025-07-08 19:18:52,908 - INFO - productor: Enviadas 100 aeronaves al topic 'adsb.aeronaves'.
2025-07-08 19:18:53,295 - INFO - productor: Enviadas 100 aeronaves al topic 'adsb.aeronaves'.
2025-07-08 19:18:53,955 - INFO - productor: Enviadas 100 aeronaves al topic 'adsb.aeronaves'.
2025-07-08 19:18:54,168 - INFO - productor: Enviadas 100 aeronaves al topic 'adsb.aeronaves'.
2025-07-08 19:19:02,873 - INFO - productor: Enviadas 100 aeronaves al topic 'adsb.aeronaves'.
2025-07-08 19:19:02,901 - INFO - productor: Enviadas 100 aeronaves al topic 'adsb.aeronaves'.
2025-07-08 19:19:02,975 - INFO - productor: Enviadas 100 aeronaves al topic 'adsb.aeronaves'.
2025-07-08 19:19:02,987 - INFO - productor: Enviadas 100 aeronaves al topic 'adsb.aeronaves'.
2025-07-08 19:19:03,017 - INFO - productor: Enviadas 100 aeronaves al topic 'adsb.aeronaves'.
2025-07-08 19:19:12,867 - INFO - productor: Enviadas 100 aeronaves al topic 'adsb.aeronaves'.
2025-07-08 19:19:12,902 - INFO - productor: Enviadas 100 aeronaves al topic 'adsb.aeronaves'.
2025-07-08 19:19:12,964 - INFO - productor: Enviadas 100 aeronaves al topic 'adsb.aeronaves'.
2025-07-08 19:19:13,041 - INFO - productor: Enviadas 100 aeronaves al topic 'adsb.aeronaves'.
2025-07-08 19:19:13,208 - INFO - productor: Enviadas 100 aeronaves al topic 'adsb.aeronaves'.
2025-07-08 19:19:22,874 - INFO - productor: Enviadas 100 aeronaves al topic 'adsb.aeronaves'.
2025-07-08 19:19:22,974 - INFO - productor: Enviadas 100 aeronaves al topic 'adsb.aeronaves'.
2025-07-08 19:19:22,991 - INFO - productor: Enviadas 100 aeronaves al topic 'adsb.aeronaves'.
2025-07-08 19:19:23,071 - INFO - productor: Enviadas 100 aeronaves al topic 'adsb.aeronaves'.
2025-07-08 19:19:23,132 - INFO - productor: Enviadas 100 aeronaves al topic 'adsb.aeronaves'.
2025-07-08 19:19:32,873 - INFO - productor: Enviadas 100 aeronaves al topic 'adsb.aeronaves'.
2025-07-08 19:19:32,881 - INFO - productor: Enviadas 100 aeronaves al topic 'adsb.aeronaves'.
2025-07-08 19:19:32,899 - INFO - productor: Enviadas 100 aeronaves al topic 'adsb.aeronaves'.
2025-07-08 19:19:32,908 - INFO - productor: Enviadas 100 aeronaves al topic 'adsb.aeronaves'.
2025-07-08 19:19:32,953 - INFO - productor: Enviadas 100 aeronaves al topic 'adsb.aeronaves'.
2025-07-08 19:19:42,870 - INFO - productor: Enviadas 100 aeronaves al topic 'adsb.aeronaves'.
2025-07-08 19:19:42,951 - INFO - productor: Enviadas 100 aeronaves al topic 'adsb.aeronaves'.
2025-07-08 19:19:43,119 - INFO - productor: Enviadas 100 aeronaves al topic 'adsb.aeronaves'.
2025-07-08 19:19:43,151 - INFO - productor: Enviadas 100 aeronaves al topic 'adsb.aeronaves'.
2025-07-08 19:19:43,173 - INFO - productor: Enviadas 100 aeronaves al topic 'adsb.aeronaves'.
2025-07-08 19:19:52,892 - INFO - productor: Enviadas 100 aeronaves al topic 'adsb.aeronaves'.
2025-07-08 19:19:52,925 - INFO - productor: Enviadas 100 aeronaves al topic 'adsb.aeronaves'.
2025-07-08 19:19:52,973 - INFO - productor: Enviadas 100 aeronaves al topic 'adsb.aeronaves'.
2025-07-08 19:19:52,994 - INFO - productor: Enviadas 100 aeronaves al topic 'adsb.aeronaves'.
2025-07-08 19:19:53,042 - INFO - productor: Enviadas 100 aeronaves al topic 'adsb.aeronaves'.
2025-07-08 19:20:02,874 - INFO - productor: Enviadas 100 aeronaves al topic 'adsb.aeronaves'.
2025-07-08 19:20:02,927 - INFO - productor: Enviadas 100 aeronaves al topic 'adsb.aeronaves'.
2025-07-08 19:20:03,023 - INFO - productor: Enviadas 100 aeronaves al topic 'adsb.aeronaves'.
2025-07-08 19:20:03,386 - INFO - productor: Enviadas 100 aeronaves al topic 'adsb.aeronaves'.
2025-07-08 19:20:03,472 - INFO - productor: Enviadas 100 aeronaves al topic 'adsb.aeronaves'.
2025-07-08 19:20:12,873 - INFO - productor: Enviadas 100 aeronaves al topic 'adsb.aeronaves'.
2025-07-08 19:20:12,892 - INFO - productor: Enviadas 100 aeronaves al topic 'adsb.aeronaves'.
2025-07-08 19:20:12,910 - INFO - productor: Enviadas 100 aeronaves al topic 'adsb.aeronaves'.
2025-07-08 19:20:12,924 - INFO - productor: Enviadas 100 aeronaves al topic 'adsb.aeronaves'.
2025-07-08 19:20:12,961 - INFO - productor: Enviadas 100 aeronaves al topic 'adsb.aeronaves'.
2025-07-08 19:20:22,866 - INFO - productor: Enviadas 100 aeronaves al topic 'adsb.aeronaves'.
2025-07-08 19:20:22,909 - INFO - productor: Enviadas 100 aeronaves al topic 'adsb.aeronaves'.
2025-07-08 19:20:22,940 - INFO - productor: Enviadas 100 aeronaves al topic 'adsb.aeronaves'.
2025-07-08 19:20:22,986 - INFO - productor: Enviadas 100 aeronaves al topic 'adsb.aeronaves'.
2025-07-08 19:20:23,111 - INFO - productor: Enviadas 100 aeronaves al topic 'adsb.aeronaves'.
2025-07-08 19:20:32,863 - INFO - productor: Enviadas 100 aeronaves al topic 'adsb.aeronaves'.
2025-07-08 19:20:32,877 - INFO - productor: Enviadas 100 aeronaves al topic 'adsb.aeronaves'.
2025-07-08 19:20:32,895 - INFO - productor: Enviadas 100 aeronaves al topic 'adsb.aeronaves'.
2025-07-08 19:20:32,913 - INFO - productor: Enviadas 100 aeronaves al topic 'adsb.aeronaves'.
2025-07-08 19:20:32,968 - INFO - productor: Enviadas 100 aeronaves al topic 'adsb.aeronaves'.
2025-07-08 19:20:42,872 - INFO - productor: Enviadas 100 aeronaves al topic 'adsb.aeronaves'.
2025-07-08 19:20:42,885 - INFO - productor: Enviadas 100 aeronaves al topic 'adsb.aeronaves'.
2025-07-08 19:20:42,924 - INFO - productor: Enviadas 100 aeronaves al topic 'adsb.aeronaves'.
2025-07-08 19:20:43,008 - INFO - productor: Enviadas 100 aeronaves al topic 'adsb.aeronaves'.
2025-07-08 19:20:43,069 - INFO - productor: Enviadas 100 aeronaves al topic 'adsb.aeronaves'.
2025-07-08 19:20:52,873 - INFO - productor: Enviadas 100 aeronaves al topic 'adsb.aeronaves'.
2025-07-08 19:20:52,876 - INFO - productor: Enviadas 100 aeronaves al topic 'adsb.aeronaves'.
2025-07-08 19:20:52,888 - INFO - productor: Enviadas 100 aeronaves al topic 'adsb.aeronaves'.
2025-07-08 19:20:52,892 - INFO - productor: Enviadas 100 aeronaves al topic 'adsb.aeronaves'.
2025-07-08 19:20:52,905 - INFO - productor: Enviadas 100 aeronaves al topic 'adsb.aeronaves'.
2025-07-08 19:21:02,874 - INFO - productor: Enviadas 100 aeronaves al topic 'adsb.aeronaves'.
2025-07-08 19:21:02,883 - INFO - productor: Enviadas 100 aeronaves al topic 'adsb.aeronaves'.
2025-07-08 19:21:02,910 - INFO - productor: Enviadas 100 aeronaves al topic 'adsb.aeronaves'.
2025-07-08 19:21:02,925 - INFO - productor: Enviadas 100 aeronaves al topic 'adsb.aeronaves'.
2025-07-08 19:21:02,962 - INFO - productor: Enviadas 100 aeronaves al topic 'adsb.aeronaves'.
2025-07-08 19:21:12,873 - INFO - productor: Enviadas 100 aeronaves al topic 'adsb.aeronaves'.
2025-07-08 19:21:12,912 - INFO - productor: Enviadas 100 aeronaves al topic 'adsb.aeronaves'.
2025-07-08 19:21:12,923 - INFO - productor: Enviadas 100 aeronaves al topic 'adsb.aeronaves'.
2025-07-08 19:21:12,941 - INFO - productor: Enviadas 100 aeronaves al topic 'adsb.aeronaves'.
2025-07-08 19:21:12,971 - INFO - productor: Enviadas 100 aeronaves al topic 'adsb.aeronaves'.
2025-07-08 19:21:22,879 - INFO - productor: Enviadas 100 aeronaves al topic 'adsb.aeronaves'.
2025-07-08 19:21:22,945 - INFO - productor: Enviadas 100 aeronaves al topic 'adsb.aeronaves'.
2025-07-08 19:21:22,993 - INFO - productor: Enviadas 100 aeronaves al topic 'adsb.aeronaves'.
2025-07-08 19:21:23,052 - INFO - productor: Enviadas 100 aeronaves al topic 'adsb.aeronaves'.
2025-07-08 19:21:23,139 - INFO - productor: Enviadas 100 aeronaves al topic 'adsb.aeronaves'.
2025-07-08 19:21:32,872 - INFO - productor: Enviadas 100 aeronaves al topic 'adsb.aeronaves'.
2025-07-08 19:21:32,899 - INFO - productor: Enviadas 100 aeronaves al topic 'adsb.aeronaves'.
2025-07-08 19:21:32,910 - INFO - productor: Enviadas 100 aeronaves al topic 'adsb.aeronaves'.
2025-07-08 19:21:32,924 - INFO - productor: Enviadas 100 aeronaves al topic 'adsb.aeronaves'.
2025-07-08 19:21:32,963 - INFO - productor: Enviadas 100 aeronaves al topic 'adsb.aeronaves'.
2025-07-08 19:21:42,881 - INFO - productor: Enviadas 100 aeronaves al topic 'adsb.aeronaves'.
2025-07-08 19:21:42,902 - INFO - productor: Enviadas 100 aeronaves al topic 'adsb.aeronaves'.
2025-07-08 19:21:42,917 - INFO - productor: Enviadas 100 aeronaves al topic 'adsb.aeronaves'.
2025-07-08 19:21:42,932 - INFO - productor: Enviadas 100 aeronaves al topic 'adsb.aeronaves'.
2025-07-08 19:21:42,996 - INFO - productor: Enviadas 100 aeronaves al topic 'adsb.aeronaves'.
2025-07-08 19:21:52,873 - INFO - productor: Enviadas 100 aeronaves al topic 'adsb.aeronaves'.
2025-07-08 19:21:52,901 - INFO - productor: Enviadas 100 aeronaves al topic 'adsb.aeronaves'.
2025-07-08 19:21:52,949 - INFO - productor: Enviadas 100 aeronaves al topic 'adsb.aeronaves'.
2025-07-08 19:21:52,979 - INFO - productor: Enviadas 100 aeronaves al topic 'adsb.aeronaves'.
2025-07-08 19:21:52,987 - INFO - productor: Enviadas 100 aeronaves al topic 'adsb.aeronaves'.
2025-07-08 19:22:02,871 - INFO - productor: Enviadas 100 aeronaves al topic 'adsb.aeronaves'.
2025-07-08 19:22:02,892 - INFO - productor: Enviadas 100 aeronaves al topic 'adsb.aeronaves'.
2025-07-08 19:22:02,927 - INFO - productor: Enviadas 100 aeronaves al topic 'adsb.aeronaves'.
2025-07-08 19:22:02,939 - INFO - productor: Enviadas 100 aeronaves al topic 'adsb.aeronaves'.
2025-07-08 19:22:02,980 - INFO - productor: Enviadas 100 aeronaves al topic 'adsb.aeronaves'.
2025-07-08 19:22:12,873 - INFO - productor: Enviadas 100 aeronaves al topic 'adsb.aeronaves'.
2025-07-08 19:22:12,919 - INFO - productor: Enviadas 100 aeronaves al topic 'adsb.aeronaves'.
2025-07-08 19:22:12,948 - INFO - productor: Enviadas 100 aeronaves al topic 'adsb.aeronaves'.
2025-07-08 19:22:12,977 - INFO - productor: Enviadas 100 aeronaves al topic 'adsb.aeronaves'.
2025-07-08 19:22:13,063 - INFO - productor: Enviadas 100 aeronaves al topic 'adsb.aeronaves'.
2025-07-08 19:22:22,873 - INFO - productor: Enviadas 100 aeronaves al topic 'adsb.aeronaves'.
2025-07-08 19:22:22,890 - INFO - productor: Enviadas 100 aeronaves al topic 'adsb.aeronaves'.
2025-07-08 19:22:22,910 - INFO - productor: Enviadas 100 aeronaves al topic 'adsb.aeronaves'.
2025-07-08 19:22:22,956 - INFO - productor: Enviadas 100 aeronaves al topic 'adsb.aeronaves'.
2025-07-08 19:22:23,026 - INFO - productor: Enviadas 100 aeronaves al topic 'adsb.aeronaves'.
2025-07-08 19:22:32,873 - INFO - productor: Enviadas 100 aeronaves al topic 'adsb.aeronaves'.
2025-07-08 19:22:32,909 - INFO - productor: Enviadas 100 aeronaves al topic 'adsb.aeronaves'.
2025-07-08 19:22:32,954 - INFO - productor: Enviadas 100 aeronaves al topic 'adsb.aeronaves'.
2025-07-08 19:22:32,995 - INFO - productor: Enviadas 100 aeronaves al topic 'adsb.aeronaves'.
2025-07-08 19:22:33,026 - INFO - productor: Enviadas 100 aeronaves al topic 'adsb.aeronaves'.
2025-07-08 19:22:42,873 - INFO - productor: Enviadas 100 aeronaves al topic 'adsb.aeronaves'.
2025-07-08 19:22:42,921 - INFO - productor: Enviadas 100 aeronaves al topic 'adsb.aeronaves'.
2025-07-08 19:22:42,988 - INFO - productor: Enviadas 100 aeronaves al topic 'adsb.aeronaves'.
2025-07-08 19:22:43,077 - INFO - productor: Enviadas 100 aeronaves al topic 'adsb.aeronaves'.
2025-07-08 19:22:43,245 - INFO - productor: Enviadas 100 aeronaves al topic 'adsb.aeronaves'.
2025-07-08 19:22:52,866 - INFO - productor: Enviadas 100 aeronaves al topic 'adsb.aeronaves'.
2025-07-08 19:22:52,883 - INFO - productor: Enviadas 100 aeronaves al topic 'adsb.aeronaves'.
2025-07-08 19:22:52,897 - INFO - productor: Enviadas 100 aeronaves al topic 'adsb.aeronaves'.
2025-07-08 19:22:52,944 - INFO - productor: Enviadas 100 aeronaves al topic 'adsb.aeronaves'.
2025-07-08 19:22:52,967 - INFO - productor: Enviadas 100 aeronaves al topic 'adsb.aeronaves'.
2025-07-08 19:23:02,875 - INFO - productor: Enviadas 100 aeronaves al topic 'adsb.aeronaves'.
2025-07-08 19:23:02,943 - INFO - productor: Enviadas 100 aeronaves al topic 'adsb.aeronaves'.
2025-07-08 19:23:02,979 - INFO - productor: Enviadas 100 aeronaves al topic 'adsb.aeronaves'.
2025-07-08 19:23:03,023 - INFO - productor: Enviadas 100 aeronaves al topic 'adsb.aeronaves'.
2025-07-08 19:23:03,043 - INFO - productor: Enviadas 100 aeronaves al topic 'adsb.aeronaves'.
2025-07-08 19:23:12,873 - INFO - productor: Enviadas 100 aeronaves al topic 'adsb.aeronaves'.
2025-07-08 19:23:12,901 - INFO - productor: Enviadas 100 aeronaves al topic 'adsb.aeronaves'.
2025-07-08 19:23:12,928 - INFO - productor: Enviadas 100 aeronaves al topic 'adsb.aeronaves'.
2025-07-08 19:23:12,939 - INFO - productor: Enviadas 100 aeronaves al topic 'adsb.aeronaves'.
2025-07-08 19:23:12,988 - INFO - productor: Enviadas 100 aeronaves al topic 'adsb.aeronaves'.
2025-07-08 19:23:22,875 - INFO - productor: Enviadas 100 aeronaves al topic 'adsb.aeronaves'.
2025-07-08 19:23:22,893 - INFO - productor: Enviadas 100 aeronaves al topic 'adsb.aeronaves'.
2025-07-08 19:23:22,926 - INFO - productor: Enviadas 100 aeronaves al topic 'adsb.aeronaves'.
2025-07-08 19:23:22,963 - INFO - productor: Enviadas 100 aeronaves al topic 'adsb.aeronaves'.
2025-07-08 19:23:23,079 - INFO - productor: Enviadas 100 aeronaves al topic 'adsb.aeronaves'.
2025-07-08 19:23:32,873 - INFO - productor: Enviadas 100 aeronaves al topic 'adsb.aeronaves'.
2025-07-08 19:23:32,892 - INFO - productor: Enviadas 100 aeronaves al topic 'adsb.aeronaves'.
2025-07-08 19:23:32,898 - INFO - productor: Enviadas 100 aeronaves al topic 'adsb.aeronaves'.
2025-07-08 19:23:33,068 - INFO - productor: Enviadas 100 aeronaves al topic 'adsb.aeronaves'.
2025-07-08 19:23:33,102 - INFO - productor: Enviadas 100 aeronaves al topic 'adsb.aeronaves'.
2025-07-08 19:23:42,870 - INFO - productor: Enviadas 100 aeronaves al topic 'adsb.aeronaves'.
2025-07-08 19:23:42,885 - INFO - productor: Enviadas 100 aeronaves al topic 'adsb.aeronaves'.
2025-07-08 19:23:42,936 - INFO - productor: Enviadas 100 aeronaves al topic 'adsb.aeronaves'.
2025-07-08 19:23:42,952 - INFO - productor: Enviadas 100 aeronaves al topic 'adsb.aeronaves'.
2025-07-08 19:23:43,010 - INFO - productor: Enviadas 100 aeronaves al topic 'adsb.aeronaves'.
2025-07-08 19:23:53,013 - INFO - productor: Enviadas 100 aeronaves al topic 'adsb.aeronaves'.
2025-07-08 19:23:53,300 - INFO - productor: Enviadas 100 aeronaves al topic 'adsb.aeronaves'.
2025-07-08 19:23:53,395 - INFO - productor: Enviadas 100 aeronaves al topic 'adsb.aeronaves'.
2025-07-08 19:23:53,647 - INFO - productor: Enviadas 100 aeronaves al topic 'adsb.aeronaves'.
2025-07-08 19:23:53,839 - INFO - productor: Enviadas 100 aeronaves al topic 'adsb.aeronaves'.
2025-07-08 19:24:02,872 - INFO - productor: Enviadas 100 aeronaves al topic 'adsb.aeronaves'.
2025-07-08 19:24:02,886 - INFO - productor: Enviadas 100 aeronaves al topic 'adsb.aeronaves'.
2025-07-08 19:24:02,901 - INFO - productor: Enviadas 100 aeronaves al topic 'adsb.aeronaves'.
2025-07-08 19:24:02,911 - INFO - productor: Enviadas 100 aeronaves al topic 'adsb.aeronaves'.
2025-07-08 19:24:02,935 - INFO - productor: Enviadas 100 aeronaves al topic 'adsb.aeronaves'.
2025-07-08 19:24:12,864 - INFO - productor: Enviadas 100 aeronaves al topic 'adsb.aeronaves'.
2025-07-08 19:24:12,904 - INFO - productor: Enviadas 100 aeronaves al topic 'adsb.aeronaves'.
2025-07-08 19:24:12,925 - INFO - productor: Enviadas 100 aeronaves al topic 'adsb.aeronaves'.
2025-07-08 19:24:13,061 - INFO - productor: Enviadas 100 aeronaves al topic 'adsb.aeronaves'.
2025-07-08 19:24:13,090 - INFO - productor: Enviadas 100 aeronaves al topic 'adsb.aeronaves'.
2025-07-08 19:24:22,876 - INFO - productor: Enviadas 100 aeronaves al topic 'adsb.aeronaves'.
2025-07-08 19:24:22,939 - INFO - productor: Enviadas 100 aeronaves al topic 'adsb.aeronaves'.
2025-07-08 19:24:22,996 - INFO - productor: Enviadas 100 aeronaves al topic 'adsb.aeronaves'.
2025-07-08 19:24:23,049 - INFO - productor: Enviadas 100 aeronaves al topic 'adsb.aeronaves'.
2025-07-08 19:24:23,497 - INFO - productor: Enviadas 100 aeronaves al topic 'adsb.aeronaves'.
2025-07-08 19:24:32,869 - INFO - productor: Enviadas 100 aeronaves al topic 'adsb.aeronaves'.
2025-07-08 19:24:32,902 - INFO - productor: Enviadas 100 aeronaves al topic 'adsb.aeronaves'.
2025-07-08 19:24:32,916 - INFO - productor: Enviadas 100 aeronaves al topic 'adsb.aeronaves'.
2025-07-08 19:24:32,939 - INFO - productor: Enviadas 100 aeronaves al topic 'adsb.aeronaves'.
2025-07-08 19:24:33,028 - INFO - productor: Enviadas 100 aeronaves al topic 'adsb.aeronaves'.
2025-07-08 19:24:42,874 - INFO - productor: Enviadas 100 aeronaves al topic 'adsb.aeronaves'.
2025-07-08 19:24:42,892 - INFO - productor: Enviadas 100 aeronaves al topic 'adsb.aeronaves'.
2025-07-08 19:24:42,913 - INFO - productor: Enviadas 100 aeronaves al topic 'adsb.aeronaves'.
2025-07-08 19:24:43,087 - INFO - productor: Enviadas 100 aeronaves al topic 'adsb.aeronaves'.
2025-07-08 19:24:43,136 - INFO - productor: Enviadas 100 aeronaves al topic 'adsb.aeronaves'.
2025-07-08 19:24:52,870 - INFO - productor: Enviadas 100 aeronaves al topic 'adsb.aeronaves'.
2025-07-08 19:24:52,953 - INFO - productor: Enviadas 100 aeronaves al topic 'adsb.aeronaves'.
2025-07-08 19:24:52,963 - INFO - productor: Enviadas 100 aeronaves al topic 'adsb.aeronaves'.
2025-07-08 19:24:53,028 - INFO - productor: Enviadas 100 aeronaves al topic 'adsb.aeronaves'.
2025-07-08 19:24:53,064 - INFO - productor: Enviadas 100 aeronaves al topic 'adsb.aeronaves'.
2025-07-08 19:25:02,873 - INFO - productor: Enviadas 100 aeronaves al topic 'adsb.aeronaves'.
2025-07-08 19:25:02,909 - INFO - productor: Enviadas 100 aeronaves al topic 'adsb.aeronaves'.
2025-07-08 19:25:02,925 - INFO - productor: Enviadas 100 aeronaves al topic 'adsb.aeronaves'.
2025-07-08 19:25:02,970 - INFO - productor: Enviadas 100 aeronaves al topic 'adsb.aeronaves'.
2025-07-08 19:25:02,998 - INFO - productor: Enviadas 100 aeronaves al topic 'adsb.aeronaves'.
2025-07-08 19:25:12,870 - INFO - productor: Enviadas 100 aeronaves al topic 'adsb.aeronaves'.
2025-07-08 19:25:12,880 - INFO - productor: Enviadas 100 aeronaves al topic 'adsb.aeronaves'.
2025-07-08 19:25:12,898 - INFO - productor: Enviadas 100 aeronaves al topic 'adsb.aeronaves'.
2025-07-08 19:25:12,938 - INFO - productor: Enviadas 100 aeronaves al topic 'adsb.aeronaves'.
2025-07-08 19:25:12,975 - INFO - productor: Enviadas 100 aeronaves al topic 'adsb.aeronaves'.
2025-07-08 19:25:22,872 - INFO - productor: Enviadas 100 aeronaves al topic 'adsb.aeronaves'.
2025-07-08 19:25:22,911 - INFO - productor: Enviadas 100 aeronaves al topic 'adsb.aeronaves'.
2025-07-08 19:25:22,960 - INFO - productor: Enviadas 100 aeronaves al topic 'adsb.aeronaves'.
2025-07-08 19:25:23,009 - INFO - productor: Enviadas 100 aeronaves al topic 'adsb.aeronaves'.
2025-07-08 19:25:23,087 - INFO - productor: Enviadas 100 aeronaves al topic 'adsb.aeronaves'.
2025-07-08 19:25:32,877 - INFO - productor: Enviadas 100 aeronaves al topic 'adsb.aeronaves'.
2025-07-08 19:25:32,949 - INFO - productor: Enviadas 100 aeronaves al topic 'adsb.aeronaves'.
2025-07-08 19:25:33,106 - INFO - productor: Enviadas 100 aeronaves al topic 'adsb.aeronaves'.
2025-07-08 19:25:33,168 - INFO - productor: Enviadas 100 aeronaves al topic 'adsb.aeronaves'.
2025-07-08 19:25:33,194 - INFO - productor: Enviadas 100 aeronaves al topic 'adsb.aeronaves'.
2025-07-08 19:25:42,868 - INFO - productor: Enviadas 100 aeronaves al topic 'adsb.aeronaves'.
2025-07-08 19:25:42,909 - INFO - productor: Enviadas 100 aeronaves al topic 'adsb.aeronaves'.
2025-07-08 19:25:43,024 - INFO - productor: Enviadas 100 aeronaves al topic 'adsb.aeronaves'.
2025-07-08 19:25:43,094 - INFO - productor: Enviadas 100 aeronaves al topic 'adsb.aeronaves'.
2025-07-08 19:25:43,195 - INFO - productor: Enviadas 100 aeronaves al topic 'adsb.aeronaves'.
2025-07-08 19:25:52,869 - INFO - productor: Enviadas 100 aeronaves al topic 'adsb.aeronaves'.
2025-07-08 19:25:52,886 - INFO - productor: Enviadas 100 aeronaves al topic 'adsb.aeronaves'.
2025-07-08 19:25:52,908 - INFO - productor: Enviadas 100 aeronaves al topic 'adsb.aeronaves'.
2025-07-08 19:25:52,954 - INFO - productor: Enviadas 100 aeronaves al topic 'adsb.aeronaves'.
2025-07-08 19:25:52,965 - INFO - productor: Enviadas 100 aeronaves al topic 'adsb.aeronaves'.
2025-07-08 19:26:02,873 - INFO - productor: Enviadas 100 aeronaves al topic 'adsb.aeronaves'.
2025-07-08 19:26:02,913 - INFO - productor: Enviadas 100 aeronaves al topic 'adsb.aeronaves'.
2025-07-08 19:26:02,928 - INFO - productor: Enviadas 100 aeronaves al topic 'adsb.aeronaves'.
2025-07-08 19:26:02,962 - INFO - productor: Enviadas 100 aeronaves al topic 'adsb.aeronaves'.
2025-07-08 19:26:03,025 - INFO - productor: Enviadas 100 aeronaves al topic 'adsb.aeronaves'.
2025-07-08 19:26:12,870 - INFO - productor: Enviadas 100 aeronaves al topic 'adsb.aeronaves'.
2025-07-08 19:26:12,929 - INFO - productor: Enviadas 100 aeronaves al topic 'adsb.aeronaves'.
2025-07-08 19:26:13,013 - INFO - productor: Enviadas 100 aeronaves al topic 'adsb.aeronaves'.
2025-07-08 19:26:13,118 - INFO - productor: Enviadas 100 aeronaves al topic 'adsb.aeronaves'.
2025-07-08 19:26:13,198 - INFO - productor: Enviadas 100 aeronaves al topic 'adsb.aeronaves'.
2025-07-08 19:26:22,871 - INFO - productor: Enviadas 100 aeronaves al topic 'adsb.aeronaves'.
2025-07-08 19:26:22,882 - INFO - productor: Enviadas 100 aeronaves al topic 'adsb.aeronaves'.
2025-07-08 19:26:22,945 - INFO - productor: Enviadas 100 aeronaves al topic 'adsb.aeronaves'.
2025-07-08 19:26:23,025 - INFO - productor: Enviadas 100 aeronaves al topic 'adsb.aeronaves'.
2025-07-08 19:26:23,045 - INFO - productor: Enviadas 100 aeronaves al topic 'adsb.aeronaves'.
2025-07-08 19:26:32,873 - INFO - productor: Enviadas 100 aeronaves al topic 'adsb.aeronaves'.
2025-07-08 19:26:32,885 - INFO - productor: Enviadas 100 aeronaves al topic 'adsb.aeronaves'.
2025-07-08 19:26:32,923 - INFO - productor: Enviadas 100 aeronaves al topic 'adsb.aeronaves'.
2025-07-08 19:26:32,926 - INFO - productor: Enviadas 100 aeronaves al topic 'adsb.aeronaves'.
2025-07-08 19:26:32,974 - INFO - productor: Enviadas 100 aeronaves al topic 'adsb.aeronaves'.
2025-07-08 19:26:42,868 - INFO - productor: Enviadas 100 aeronaves al topic 'adsb.aeronaves'.
2025-07-08 19:26:42,905 - INFO - productor: Enviadas 100 aeronaves al topic 'adsb.aeronaves'.
2025-07-08 19:26:42,961 - INFO - productor: Enviadas 100 aeronaves al topic 'adsb.aeronaves'.
2025-07-08 19:26:43,003 - INFO - productor: Enviadas 100 aeronaves al topic 'adsb.aeronaves'.
2025-07-08 19:26:43,030 - INFO - productor: Enviadas 100 aeronaves al topic 'adsb.aeronaves'.
2025-07-08 19:26:52,872 - INFO - productor: Enviadas 100 aeronaves al topic 'adsb.aeronaves'.
2025-07-08 19:26:52,902 - INFO - productor: Enviadas 100 aeronaves al topic 'adsb.aeronaves'.
2025-07-08 19:26:52,980 - INFO - productor: Enviadas 100 aeronaves al topic 'adsb.aeronaves'.
2025-07-08 19:26:53,064 - INFO - productor: Enviadas 100 aeronaves al topic 'adsb.aeronaves'.
2025-07-08 19:26:53,158 - INFO - productor: Enviadas 100 aeronaves al topic 'adsb.aeronaves'.
2025-07-08 19:27:02,888 - INFO - productor: Enviadas 100 aeronaves al topic 'adsb.aeronaves'.
2025-07-08 19:27:03,076 - INFO - productor: Enviadas 100 aeronaves al topic 'adsb.aeronaves'.
2025-07-08 19:27:03,081 - INFO - productor: Enviadas 100 aeronaves al topic 'adsb.aeronaves'.
2025-07-08 19:27:03,157 - INFO - productor: Enviadas 100 aeronaves al topic 'adsb.aeronaves'.
2025-07-08 19:27:03,238 - INFO - productor: Enviadas 100 aeronaves al topic 'adsb.aeronaves'.
