=== 2025-07-13T18:58:20Z ===
{
  "Hora UTC": "No disponible",
  "Sectorización aplicable": {
    "sector_CZ_Centro": 0,
    "sector_AD": 0,
    "sector_XK": 0,
    "sector_GB_Oeste": 0,
    "sector_BE_Este": 0,
    "sector_PT_Este": 0,
    "sector_TR_Oeste": 0,
    "sector_SE_Oeste": 0,
    "sector_RU_Oeste": 0,
    "sector_IT_Norte": 0
  }
}
=== 2025-07-13T18:58:25Z ===
{
  "Hora UTC": "No disponible",
  "Sectorización aplicable": {
    "sector_CZ_Centro": 0,
    "sector_AD": 0,
    "sector_XK": 0,
    "sector_GB_Oeste": 0,
    "sector_BE_Este": 0,
    "sector_PT_Este": 0,
    "sector_TR_Oeste": 0,
    "sector_SE_Oeste": 0,
    "sector_RU_Oeste": 0,
    "sector_IT_Norte": 0
  }
}
=== 2025-07-13T18:58:31Z ===
{
  "Hora UTC": "No disponible",
  "Sectorización aplicable": {
    "sector_CZ_Centro": 0,
    "sector_AD": 0,
    "sector_XK": 0,
    "sector_GB_Oeste": 0,
    "sector_BE_Este": 0,
    "sector_PT_Este": 0,
    "sector_TR_Oeste": 0,
    "sector_SE_Oeste": 0,
    "sector_RU_Oeste": 0,
    "sector_IT_Norte": 0
  }
}
=== 2025-07-13T18:58:37Z ===
{
  "Hora UTC": "No disponible",
  "Sectorización aplicable": {
    "sector_CZ_Centro": 0,
    "sector_AD": 0,
    "sector_XK": 0,
    "sector_GB_Oeste": 0,
    "sector_BE_Este": 0,
    "sector_PT_Este": 0,
    "sector_TR_Oeste": 0,
    "sector_SE_Oeste": 0,
    "sector_RU_Oeste": 0,
    "sector_IT_Norte": 0
  }
}
=== 2025-07-13T18:58:42Z ===
{
  "Hora UTC": "No disponible",
  "Sectorización aplicable": {
    "sector_CZ_Centro": 0,
    "sector_AD": 0,
    "sector_XK": 0,
    "sector_GB_Oeste": 0,
    "sector_BE_Este": 0,
    "sector_PT_Este": 0,
    "sector_TR_Oeste": 0,
    "sector_SE_Oeste": 0,
    "sector_RU_Oeste": 0,
    "sector_IT_Norte": 0
  }
}
=== 2025-07-13T18:58:48Z ===
{
  "Hora UTC": "No disponible",
  "Sectorización aplicable": {
    "sector_CZ_Centro": 0,
    "sector_AD": 0,
    "sector_XK": 0,
    "sector_GB_Oeste": 0,
    "sector_BE_Este": 0,
    "sector_PT_Este": 0,
    "sector_TR_Oeste": 0,
    "sector_SE_Oeste": 0,
    "sector_RU_Oeste": 0,
    "sector_IT_Norte": 0
  }
}
=== 2025-07-13T18:58:54Z ===
{
  "Hora UTC": "No disponible",
  "Sectorización aplicable": {
    "sector_CZ_Centro": 0,
    "sector_AD": 0,
    "sector_XK": 0,
    "sector_GB_Oeste": 0,
    "sector_BE_Este": 0,
    "sector_PT_Este": 0,
    "sector_TR_Oeste": 0,
    "sector_SE_Oeste": 0,
    "sector_RU_Oeste": 0,
    "sector_IT_Norte": 0
  }
}
=== 2025-07-13T18:59:00Z ===
{
  "Hora UTC": "No disponible",
  "Sectorización aplicable": {
    "sector_CZ_Centro": 0,
    "sector_AD": 0,
    "sector_XK": 0,
    "sector_GB_Oeste": 0,
    "sector_BE_Este": 0,
    "sector_PT_Este": 0,
    "sector_TR_Oeste": 0,
    "sector_SE_Oeste": 0,
    "sector_RU_Oeste": 0,
    "sector_IT_Norte": 0
  }
}
=== 2025-07-13T18:59:05Z ===
{
  "Hora UTC": "No disponible",
  "Sectorización aplicable": {
    "sector_CZ_Centro": 0,
    "sector_AD": 0,
    "sector_XK": 0,
    "sector_GB_Oeste": 0,
    "sector_BE_Este": 0,
    "sector_PT_Este": 0,
    "sector_TR_Oeste": 0,
    "sector_SE_Oeste": 0,
    "sector_RU_Oeste": 0,
    "sector_IT_Norte": 0
  }
}
=== 2025-07-13T18:59:10Z ===
{
  "Hora UTC": "No disponible",
  "Sectorización aplicable": {
    "sector_CZ_Centro": 0,
    "sector_AD": 0,
    "sector_XK": 0,
    "sector_GB_Oeste": 0,
    "sector_BE_Este": 0,
    "sector_PT_Este": 0,
    "sector_TR_Oeste": 0,
    "sector_SE_Oeste": 0,
    "sector_RU_Oeste": 0,
    "sector_IT_Norte": 0
  }
}
=== 2025-07-13T18:59:15Z ===
{
  "Hora UTC": "No disponible",
  "Sectorización aplicable": {
    "sector_CZ_Centro": 0,
    "sector_AD": 0,
    "sector_XK": 0,
    "sector_GB_Oeste": 0,
    "sector_BE_Este": 0,
    "sector_PT_Este": 0,
    "sector_TR_Oeste": 0,
    "sector_SE_Oeste": 0,
    "sector_RU_Oeste": 0,
    "sector_IT_Norte": 0
  }
}
=== 2025-07-13T18:59:21Z ===
{
  "Hora UTC": "No disponible",
  "Sectorización aplicable": {
    "sector_CZ_Centro": 0,
    "sector_AD": 0,
    "sector_XK": 0,
    "sector_GB_Oeste": 0,
    "sector_BE_Este": 0,
    "sector_PT_Este": 0,
    "sector_TR_Oeste": 0,
    "sector_SE_Oeste": 0,
    "sector_RU_Oeste": 0,
    "sector_IT_Norte": 0
  }
}
=== 2025-07-13T18:59:26Z ===
{
  "Hora UTC": "No disponible",
  "Sectorización aplicable": {
    "sector_CZ_Centro": 0,
    "sector_AD": 0,
    "sector_XK": 0,
    "sector_GB_Oeste": 0,
    "sector_BE_Este": 0,
    "sector_PT_Este": 0,
    "sector_TR_Oeste": 0,
    "sector_SE_Oeste": 0,
    "sector_RU_Oeste": 0,
    "sector_IT_Norte": 0
  }
}
=== 2025-07-13T18:59:31Z ===
{
  "Hora UTC": "No disponible",
  "Sectorización aplicable": {
    "sector_CZ_Centro": 0,
    "sector_AD": 0,
    "sector_XK": 0,
    "sector_GB_Oeste": 0,
    "sector_BE_Este": 0,
    "sector_PT_Este": 0,
    "sector_TR_Oeste": 0,
    "sector_SE_Oeste": 0,
    "sector_RU_Oeste": 0,
    "sector_IT_Norte": 0
  }
}
=== 2025-07-13T18:59:36Z ===
{
  "Hora UTC": "No disponible",
  "Sectorización aplicable": {
    "sector_CZ_Centro": 0,
    "sector_AD": 0,
    "sector_XK": 0,
    "sector_GB_Oeste": 0,
    "sector_BE_Este": 0,
    "sector_PT_Este": 0,
    "sector_TR_Oeste": 0,
    "sector_SE_Oeste": 0,
    "sector_RU_Oeste": 0,
    "sector_IT_Norte": 0
  }
}
=== 2025-07-13T18:59:42Z ===
{
  "Hora UTC": "No disponible",
  "Sectorización aplicable": {
    "sector_CZ_Centro": 0,
    "sector_AD": 0,
    "sector_XK": 0,
    "sector_GB_Oeste": 0,
    "sector_BE_Este": 0,
    "sector_PT_Este": 0,
    "sector_TR_Oeste": 0,
    "sector_SE_Oeste": 0,
    "sector_RU_Oeste": 0,
    "sector_IT_Norte": 0
  }
}
=== 2025-07-13T18:59:48Z ===
{
  "Hora UTC": "No disponible",
  "Sectorización aplicable": {
    "sector_CZ_Centro": 0,
    "sector_AD": 0,
    "sector_XK": 0,
    "sector_GB_Oeste": 0,
    "sector_BE_Este": 0,
    "sector_PT_Este": 0,
    "sector_TR_Oeste": 0,
    "sector_SE_Oeste": 0,
    "sector_RU_Oeste": 0,
    "sector_IT_Norte": 0
  }
}
=== 2025-07-13T18:59:54Z ===
{
  "Hora UTC": "No disponible",
  "Sectorización aplicable": {
    "sector_CZ_Centro": 0,
    "sector_AD": 0,
    "sector_XK": 0,
    "sector_GB_Oeste": 0,
    "sector_BE_Este": 0,
    "sector_PT_Este": 0,
    "sector_TR_Oeste": 0,
    "sector_SE_Oeste": 0,
    "sector_RU_Oeste": 0,
    "sector_IT_Norte": 0
  }
}
=== 2025-07-13T18:59:59Z ===
{
  "Hora UTC": "No disponible",
  "Sectorización aplicable": {
    "sector_CZ_Centro": 0,
    "sector_AD": 0,
    "sector_XK": 0,
    "sector_GB_Oeste": 0,
    "sector_BE_Este": 0,
    "sector_PT_Este": 0,
    "sector_TR_Oeste": 0,
    "sector_SE_Oeste": 0,
    "sector_RU_Oeste": 0,
    "sector_IT_Norte": 0
  }
}
=== 2025-07-13T19:00:04Z ===
{
  "Hora UTC": "No disponible",
  "Sectorización aplicable": {
    "sector_CZ_Centro": 0,
    "sector_AD": 0,
    "sector_XK": 0,
    "sector_GB_Oeste": 0,
    "sector_BE_Este": 0,
    "sector_PT_Este": 0,
    "sector_TR_Oeste": 0,
    "sector_SE_Oeste": 0,
    "sector_RU_Oeste": 0,
    "sector_IT_Norte": 0
  }
}
=== 2025-07-13T19:00:09Z ===
{
  "Hora UTC": "No disponible",
  "Sectorización aplicable": {
    "sector_CZ_Centro": 0,
    "sector_AD": 0,
    "sector_XK": 0,
    "sector_GB_Oeste": 0,
    "sector_BE_Este": 0,
    "sector_PT_Este": 0,
    "sector_TR_Oeste": 0,
    "sector_SE_Oeste": 0,
    "sector_RU_Oeste": 0,
    "sector_IT_Norte": 0
  }
}
=== 2025-07-13T19:00:15Z ===
{
  "Hora UTC": "No disponible",
  "Sectorización aplicable": {
    "sector_CZ_Centro": 0,
    "sector_AD": 0,
    "sector_XK": 0,
    "sector_GB_Oeste": 0,
    "sector_BE_Este": 0,
    "sector_PT_Este": 0,
    "sector_TR_Oeste": 0,
    "sector_SE_Oeste": 0,
    "sector_RU_Oeste": 0,
    "sector_IT_Norte": 0
  }
}
=== 2025-07-13T19:00:20Z ===
{
  "Hora UTC": "No disponible",
  "Sectorización aplicable": {
    "sector_CZ_Centro": 0,
    "sector_AD": 0,
    "sector_XK": 0,
    "sector_GB_Oeste": 0,
    "sector_BE_Este": 0,
    "sector_PT_Este": 0,
    "sector_TR_Oeste": 0,
    "sector_SE_Oeste": 0,
    "sector_RU_Oeste": 0,
    "sector_IT_Norte": 0
  }
}
=== 2025-07-13T19:00:26Z ===
{
  "Hora UTC": "No disponible",
  "Sectorización aplicable": {
    "sector_CZ_Centro": 0,
    "sector_AD": 0,
    "sector_XK": 0,
    "sector_GB_Oeste": 0,
    "sector_BE_Este": 0,
    "sector_PT_Este": 0,
    "sector_TR_Oeste": 0,
    "sector_SE_Oeste": 0,
    "sector_RU_Oeste": 0,
    "sector_IT_Norte": 0
  }
}
=== 2025-07-13T19:00:32Z ===
{
  "Hora UTC": "No disponible",
  "Sectorización aplicable": {
    "sector_CZ_Centro": 0,
    "sector_AD": 0,
    "sector_XK": 0,
    "sector_GB_Oeste": 0,
    "sector_BE_Este": 0,
    "sector_PT_Este": 0,
    "sector_TR_Oeste": 0,
    "sector_SE_Oeste": 0,
    "sector_RU_Oeste": 0,
    "sector_IT_Norte": 0
  }
}
=== 2025-07-13T19:00:37Z ===
{
  "Hora UTC": "No disponible",
  "Sectorización aplicable": {
    "sector_CZ_Centro": 2,
    "sector_AD": 0,
    "sector_XK": 0,
    "sector_GB_Oeste": 0,
    "sector_BE_Este": 0,
    "sector_PT_Este": 0,
    "sector_TR_Oeste": 0,
    "sector_SE_Oeste": 0,
    "sector_RU_Oeste": 0,
    "sector_IT_Norte": 0
  }
}
=== 2025-07-13T19:00:43Z ===
{
  "Hora UTC": "No disponible",
  "Sectorización aplicable": {
    "sector_CZ_Centro": 2,
    "sector_AD": 0,
    "sector_XK": 0,
    "sector_GB_Oeste": 0,
    "sector_BE_Este": 0,
    "sector_PT_Este": 0,
    "sector_TR_Oeste": 0,
    "sector_SE_Oeste": 0,
    "sector_RU_Oeste": 0,
    "sector_IT_Norte": 0
  }
}
=== 2025-07-13T19:00:48Z ===
{
  "Hora UTC": "No disponible",
  "Sectorización aplicable": {
    "sector_CZ_Centro": 2,
    "sector_AD": 0,
    "sector_XK": 0,
    "sector_GB_Oeste": 0,
    "sector_BE_Este": 0,
    "sector_PT_Este": 0,
    "sector_TR_Oeste": 0,
    "sector_SE_Oeste": 0,
    "sector_RU_Oeste": 0,
    "sector_IT_Norte": 0
  }
}
=== 2025-07-13T19:00:54Z ===
{
  "Hora UTC": "No disponible",
  "Sectorización aplicable": {
    "sector_CZ_Centro": 2,
    "sector_AD": 0,
    "sector_XK": 0,
    "sector_GB_Oeste": 0,
    "sector_BE_Este": 0,
    "sector_PT_Este": 0,
    "sector_TR_Oeste": 0,
    "sector_SE_Oeste": 0,
    "sector_RU_Oeste": 0,
    "sector_IT_Norte": 0
  }
}
=== 2025-07-13T19:01:00Z ===
{
  "Hora UTC": "No disponible",
  "Sectorización aplicable": {
    "sector_CZ_Centro": 2,
    "sector_AD": 0,
    "sector_XK": 0,
    "sector_GB_Oeste": 0,
    "sector_BE_Este": 0,
    "sector_PT_Este": 0,
    "sector_TR_Oeste": 0,
    "sector_SE_Oeste": 0,
    "sector_RU_Oeste": 0,
    "sector_IT_Norte": 0
  }
}
=== 2025-07-13T19:01:05Z ===
{
  "Hora UTC": "No disponible",
  "Sectorización aplicable": {
    "sector_CZ_Centro": 2,
    "sector_AD": 0,
    "sector_XK": 0,
    "sector_GB_Oeste": 0,
    "sector_BE_Este": 0,
    "sector_PT_Este": 0,
    "sector_TR_Oeste": 0,
    "sector_SE_Oeste": 0,
    "sector_RU_Oeste": 0,
    "sector_IT_Norte": 0
  }
}
=== 2025-07-13T19:01:12Z ===
{
  "Hora UTC": "No disponible",
  "Sectorización aplicable": {
    "sector_CZ_Centro": 2,
    "sector_AD": 0,
    "sector_XK": 0,
    "sector_GB_Oeste": 0,
    "sector_BE_Este": 0,
    "sector_PT_Este": 0,
    "sector_TR_Oeste": 0,
    "sector_SE_Oeste": 0,
    "sector_RU_Oeste": 0,
    "sector_IT_Norte": 0
  }
}
=== 2025-07-13T19:01:17Z ===
{
  "Hora UTC": "No disponible",
  "Sectorización aplicable": {
    "sector_CZ_Centro": 2,
    "sector_AD": 0,
    "sector_XK": 0,
    "sector_GB_Oeste": 0,
    "sector_BE_Este": 0,
    "sector_PT_Este": 0,
    "sector_TR_Oeste": 0,
    "sector_SE_Oeste": 0,
    "sector_RU_Oeste": 0,
    "sector_IT_Norte": 0
  }
}
=== 2025-07-13T19:01:23Z ===
{
  "Hora UTC": "No disponible",
  "Sectorización aplicable": {
    "sector_CZ_Centro": 2,
    "sector_AD": 0,
    "sector_XK": 0,
    "sector_GB_Oeste": 0,
    "sector_BE_Este": 0,
    "sector_PT_Este": 0,
    "sector_TR_Oeste": 0,
    "sector_SE_Oeste": 0,
    "sector_RU_Oeste": 0,
    "sector_IT_Norte": 0
  }
}
=== 2025-07-13T19:01:29Z ===
{
  "Hora UTC": "No disponible",
  "Sectorización aplicable": {
    "sector_CZ_Centro": 2,
    "sector_AD": 0,
    "sector_XK": 0,
    "sector_GB_Oeste": 0,
    "sector_BE_Este": 0,
    "sector_PT_Este": 0,
    "sector_TR_Oeste": 0,
    "sector_SE_Oeste": 0,
    "sector_RU_Oeste": 0,
    "sector_IT_Norte": 0
  }
}
=== 2025-07-13T19:01:34Z ===
{
  "Hora UTC": "No disponible",
  "Sectorización aplicable": {
    "sector_CZ_Centro": 2,
    "sector_AD": 0,
    "sector_XK": 0,
    "sector_GB_Oeste": 0,
    "sector_BE_Este": 0,
    "sector_PT_Este": 0,
    "sector_TR_Oeste": 0,
    "sector_SE_Oeste": 0,
    "sector_RU_Oeste": 0,
    "sector_IT_Norte": 0
  }
}
=== 2025-07-13T19:01:43Z ===
{
  "Hora UTC": "No disponible",
  "Sectorización aplicable": {
    "sector_CZ_Centro": 2,
    "sector_AD": 0,
    "sector_XK": 0,
    "sector_GB_Oeste": 0,
    "sector_BE_Este": 0,
    "sector_PT_Este": 0,
    "sector_TR_Oeste": 0,
    "sector_SE_Oeste": 0,
    "sector_RU_Oeste": 0,
    "sector_IT_Norte": 0
  }
}
=== 2025-07-13T19:01:48Z ===
{
  "Hora UTC": "2025-07-13 19:01:48",
  "Sectorización aplicable": {
    "sector_CZ_Centro": 324,
    "sector_AD": 314,
    "sector_XK": 275,
    "sector_GB_Oeste": 359,
    "sector_BE_Este": 413,
    "sector_PT_Este": 171,
    "sector_TR_Oeste": 190,
    "sector_SE_Oeste": 167,
    "sector_RU_Oeste": 77,
    "sector_IT_Norte": 451
  }
}
=== 2025-07-13T19:01:55Z ===
{
  "Hora UTC": "2025-07-13 19:01:48",
  "Sectorización aplicable": {
    "sector_CZ_Centro": 324,
    "sector_AD": 314,
    "sector_XK": 275,
    "sector_GB_Oeste": 359,
    "sector_BE_Este": 413,
    "sector_PT_Este": 171,
    "sector_TR_Oeste": 190,
    "sector_SE_Oeste": 167,
    "sector_RU_Oeste": 77,
    "sector_IT_Norte": 451
  }
}
=== 2025-07-13T19:02:01Z ===
{
  "Hora UTC": "2025-07-13 19:01:48",
  "Sectorización aplicable": {
    "sector_CZ_Centro": 324,
    "sector_AD": 314,
    "sector_XK": 275,
    "sector_GB_Oeste": 359,
    "sector_BE_Este": 413,
    "sector_PT_Este": 171,
    "sector_TR_Oeste": 190,
    "sector_SE_Oeste": 167,
    "sector_RU_Oeste": 77,
    "sector_IT_Norte": 451
  }
}
=== 2025-07-13T19:02:06Z ===
{
  "Hora UTC": "2025-07-13 19:01:48",
  "Sectorización aplicable": {
    "sector_CZ_Centro": 324,
    "sector_AD": 314,
    "sector_XK": 275,
    "sector_GB_Oeste": 359,
    "sector_BE_Este": 413,
    "sector_PT_Este": 171,
    "sector_TR_Oeste": 190,
    "sector_SE_Oeste": 167,
    "sector_RU_Oeste": 77,
    "sector_IT_Norte": 451
  }
}
=== 2025-07-13T19:02:11Z ===
{
  "Hora UTC": "2025-07-13 19:02:11",
  "Sectorización aplicable": {
    "sector_CZ_Centro": 328,
    "sector_AD": 330,
    "sector_XK": 302,
    "sector_GB_Oeste": 370,
    "sector_BE_Este": 424,
    "sector_PT_Este": 197,
    "sector_TR_Oeste": 208,
    "sector_SE_Oeste": 173,
    "sector_RU_Oeste": 87,
    "sector_IT_Norte": 470
  }
}
=== 2025-07-13T19:02:17Z ===
{
  "Hora UTC": "2025-07-13 19:02:11",
  "Sectorización aplicable": {
    "sector_CZ_Centro": 328,
    "sector_AD": 330,
    "sector_XK": 302,
    "sector_GB_Oeste": 370,
    "sector_BE_Este": 424,
    "sector_PT_Este": 197,
    "sector_TR_Oeste": 208,
    "sector_SE_Oeste": 173,
    "sector_RU_Oeste": 87,
    "sector_IT_Norte": 470
  }
}
=== 2025-07-13T19:02:22Z ===
{
  "Hora UTC": "2025-07-13 19:02:11",
  "Sectorización aplicable": {
    "sector_CZ_Centro": 328,
    "sector_AD": 330,
    "sector_XK": 302,
    "sector_GB_Oeste": 370,
    "sector_BE_Este": 424,
    "sector_PT_Este": 197,
    "sector_TR_Oeste": 208,
    "sector_SE_Oeste": 173,
    "sector_RU_Oeste": 87,
    "sector_IT_Norte": 470
  }
}
=== 2025-07-13T19:02:27Z ===
{
  "Hora UTC": "2025-07-13 19:02:11",
  "Sectorización aplicable": {
    "sector_CZ_Centro": 328,
    "sector_AD": 330,
    "sector_XK": 302,
    "sector_GB_Oeste": 370,
    "sector_BE_Este": 424,
    "sector_PT_Este": 197,
    "sector_TR_Oeste": 208,
    "sector_SE_Oeste": 173,
    "sector_RU_Oeste": 87,
    "sector_IT_Norte": 470
  }
}
=== 2025-07-13T19:02:32Z ===
{
  "Hora UTC": "2025-07-13 19:02:11",
  "Sectorización aplicable": {
    "sector_CZ_Centro": 328,
    "sector_AD": 330,
    "sector_XK": 302,
    "sector_GB_Oeste": 370,
    "sector_BE_Este": 424,
    "sector_PT_Este": 197,
    "sector_TR_Oeste": 208,
    "sector_SE_Oeste": 173,
    "sector_RU_Oeste": 87,
    "sector_IT_Norte": 470
  }
}
=== 2025-07-13T19:02:38Z ===
{
  "Hora UTC": "2025-07-13 19:02:11",
  "Sectorización aplicable": {
    "sector_CZ_Centro": 328,
    "sector_AD": 330,
    "sector_XK": 302,
    "sector_GB_Oeste": 370,
    "sector_BE_Este": 424,
    "sector_PT_Este": 197,
    "sector_TR_Oeste": 208,
    "sector_SE_Oeste": 173,
    "sector_RU_Oeste": 87,
    "sector_IT_Norte": 470
  }
}
=== 2025-07-13T19:02:43Z ===
{
  "Hora UTC": "2025-07-13 19:02:39",
  "Sectorización aplicable": {
    "sector_CZ_Centro": 333,
    "sector_AD": 331,
    "sector_XK": 305,
    "sector_GB_Oeste": 373,
    "sector_BE_Este": 432,
    "sector_PT_Este": 205,
    "sector_TR_Oeste": 215,
    "sector_SE_Oeste": 173,
    "sector_RU_Oeste": 91,
    "sector_IT_Norte": 472
  }
}
=== 2025-07-13T19:02:48Z ===
{
  "Hora UTC": "2025-07-13 19:02:39",
  "Sectorización aplicable": {
    "sector_CZ_Centro": 333,
    "sector_AD": 331,
    "sector_XK": 305,
    "sector_GB_Oeste": 373,
    "sector_BE_Este": 432,
    "sector_PT_Este": 205,
    "sector_TR_Oeste": 215,
    "sector_SE_Oeste": 173,
    "sector_RU_Oeste": 91,
    "sector_IT_Norte": 472
  }
}
=== 2025-07-13T19:02:53Z ===
{
  "Hora UTC": "2025-07-13 19:02:39",
  "Sectorización aplicable": {
    "sector_CZ_Centro": 333,
    "sector_AD": 331,
    "sector_XK": 305,
    "sector_GB_Oeste": 373,
    "sector_BE_Este": 432,
    "sector_PT_Este": 205,
    "sector_TR_Oeste": 215,
    "sector_SE_Oeste": 173,
    "sector_RU_Oeste": 91,
    "sector_IT_Norte": 472
  }
}
=== 2025-07-13T19:02:59Z ===
{
  "Hora UTC": "2025-07-13 19:02:58",
  "Sectorización aplicable": {
    "sector_CZ_Centro": 336,
    "sector_AD": 338,
    "sector_XK": 311,
    "sector_GB_Oeste": 375,
    "sector_BE_Este": 437,
    "sector_PT_Este": 204,
    "sector_TR_Oeste": 221,
    "sector_SE_Oeste": 171,
    "sector_RU_Oeste": 91,
    "sector_IT_Norte": 474
  }
}
=== 2025-07-13T19:03:04Z ===
{
  "Hora UTC": "2025-07-13 19:02:58",
  "Sectorización aplicable": {
    "sector_CZ_Centro": 336,
    "sector_AD": 338,
    "sector_XK": 311,
    "sector_GB_Oeste": 375,
    "sector_BE_Este": 437,
    "sector_PT_Este": 204,
    "sector_TR_Oeste": 221,
    "sector_SE_Oeste": 171,
    "sector_RU_Oeste": 91,
    "sector_IT_Norte": 474
  }
}
=== 2025-07-13T19:03:09Z ===
{
  "Hora UTC": "2025-07-13 19:02:58",
  "Sectorización aplicable": {
    "sector_CZ_Centro": 336,
    "sector_AD": 338,
    "sector_XK": 311,
    "sector_GB_Oeste": 375,
    "sector_BE_Este": 437,
    "sector_PT_Este": 204,
    "sector_TR_Oeste": 221,
    "sector_SE_Oeste": 171,
    "sector_RU_Oeste": 91,
    "sector_IT_Norte": 474
  }
}
=== 2025-07-13T19:03:14Z ===
{
  "Hora UTC": "2025-07-13 19:02:58",
  "Sectorización aplicable": {
    "sector_CZ_Centro": 336,
    "sector_AD": 338,
    "sector_XK": 311,
    "sector_GB_Oeste": 375,
    "sector_BE_Este": 437,
    "sector_PT_Este": 204,
    "sector_TR_Oeste": 221,
    "sector_SE_Oeste": 171,
    "sector_RU_Oeste": 91,
    "sector_IT_Norte": 474
  }
}
