2025-07-13 18:31:49,141 - INFO - sectorizador: Conectado a Redis en redis:6379
2025-07-13 18:31:49,146 - ERROR - Error al sectorizar: no such key
2025-07-13 18:31:49,149 - INFO - ***Latencia_Sectorizador***6.136655807495117***ms
2025-07-13 18:31:49,149 - INFO - Sectores actualizados en Redis.
2025-07-13 18:31:59,161 - ERROR - Error al sectorizar: no such key
2025-07-13 18:31:59,162 - INFO - ***Latencia_Sectorizador***11.140108108520508***ms
2025-07-13 18:31:59,163 - INFO - Sectores actualizados en Redis.
2025-07-13 18:32:09,197 - ERROR - Error al sectorizar: no such key
2025-07-13 18:32:09,214 - INFO - ***Latencia_Sectorizador***43.138742446899414***ms
2025-07-13 18:32:09,219 - INFO - Sectores actualizados en Redis.
2025-07-13 18:32:19,268 - ERROR - Error al sectorizar: no such key
2025-07-13 18:32:19,269 - INFO - ***Latencia_Sectorizador***42.398691177368164***ms
2025-07-13 18:32:19,270 - INFO - Sectores actualizados en Redis.
2025-07-13 18:32:29,410 - ERROR - Error al sectorizar: no such key
2025-07-13 18:32:29,420 - INFO - ***Latencia_Sectorizador***145.18284797668457***ms
2025-07-13 18:32:29,425 - INFO - Sectores actualizados en Redis.
2025-07-13 18:32:39,897 - ERROR - Error al sectorizar: no such key
2025-07-13 18:32:39,901 - INFO - ***Latencia_Sectorizador***323.6277103424072***ms
2025-07-13 18:32:39,902 - INFO - Sectores actualizados en Redis.
2025-07-13 18:32:49,946 - ERROR - Error al sectorizar: no such key
2025-07-13 18:32:49,947 - INFO - ***Latencia_Sectorizador***4.609823226928711***ms
2025-07-13 18:32:49,947 - INFO - Sectores actualizados en Redis.
2025-07-13 18:33:00,068 - ERROR - Error al sectorizar: no such key
2025-07-13 18:33:00,070 - INFO - ***Latencia_Sectorizador***16.913890838623047***ms
2025-07-13 18:33:00,070 - INFO - Sectores actualizados en Redis.
2025-07-13 18:33:10,338 - ERROR - Error al sectorizar: no such key
2025-07-13 18:33:10,355 - INFO - ***Latencia_Sectorizador***203.33313941955566***ms
2025-07-13 18:33:10,370 - INFO - Sectores actualizados en Redis.
2025-07-13 18:33:20,583 - ERROR - Error al sectorizar: no such key
2025-07-13 18:33:20,585 - INFO - ***Latencia_Sectorizador***167.15383529663086***ms
2025-07-13 18:33:20,587 - INFO - Sectores actualizados en Redis.
2025-07-13 18:33:30,629 - ERROR - Error al sectorizar: no such key
2025-07-13 18:33:30,632 - INFO - ***Latencia_Sectorizador***37.578582763671875***ms
2025-07-13 18:33:30,633 - INFO - Sectores actualizados en Redis.
2025-07-13 18:33:40,655 - ERROR - Error al sectorizar: no such key
2025-07-13 18:33:40,660 - INFO - ***Latencia_Sectorizador***14.132261276245117***ms
2025-07-13 18:33:40,661 - INFO - Sectores actualizados en Redis.
2025-07-13 18:33:50,673 - ERROR - Error al sectorizar: no such key
2025-07-13 18:33:50,674 - INFO - ***Latencia_Sectorizador***19.784212112426758***ms
2025-07-13 18:33:50,674 - INFO - Sectores actualizados en Redis.
2025-07-13 18:34:04,750 - INFO - 1169 aeronaves sectorizadas correctamente.
2025-07-13 18:34:04,753 - INFO - ***Latencia_Sectorizador***4077.0578384399414***ms
2025-07-13 18:34:04,754 - INFO - Sectores actualizados en Redis.
2025-07-13 18:34:21,838 - INFO - 2142 aeronaves sectorizadas correctamente.
2025-07-13 18:34:21,843 - INFO - ***Latencia_Sectorizador***7076.78747177124***ms
2025-07-13 18:34:21,847 - INFO - Sectores actualizados en Redis.
2025-07-13 18:34:36,193 - INFO - 2636 aeronaves sectorizadas correctamente.
2025-07-13 18:34:36,226 - INFO - ***Latencia_Sectorizador***4372.068643569946***ms
2025-07-13 18:34:36,239 - INFO - Sectores actualizados en Redis.
2025-07-13 18:35:00,813 - INFO - 2747 aeronaves sectorizadas correctamente.
2025-07-13 18:35:00,817 - INFO - ***Latencia_Sectorizador***14560.943126678467***ms
2025-07-13 18:35:00,817 - INFO - Sectores actualizados en Redis.
2025-07-13 18:35:18,289 - INFO - 2833 aeronaves sectorizadas correctamente.
2025-07-13 18:35:18,291 - INFO - ***Latencia_Sectorizador***7464.348793029785***ms
2025-07-13 18:35:18,292 - INFO - Sectores actualizados en Redis.
2025-07-13 18:35:33,714 - INFO - 2822 aeronaves sectorizadas correctamente.
2025-07-13 18:35:33,768 - INFO - ***Latencia_Sectorizador***5265.1495933532715***ms
2025-07-13 18:35:33,769 - INFO - Sectores actualizados en Redis.
2025-07-13 18:35:53,191 - INFO - 2859 aeronaves sectorizadas correctamente.
2025-07-13 18:35:53,199 - INFO - ***Latencia_Sectorizador***9423.631429672241***ms
2025-07-13 18:35:53,200 - INFO - Sectores actualizados en Redis.
2025-07-13 18:36:12,267 - INFO - 2870 aeronaves sectorizadas correctamente.
2025-07-13 18:36:12,269 - INFO - ***Latencia_Sectorizador***9064.699411392212***ms
2025-07-13 18:36:12,270 - INFO - Sectores actualizados en Redis.
2025-07-13 18:36:30,877 - INFO - 2901 aeronaves sectorizadas correctamente.
2025-07-13 18:36:30,882 - INFO - ***Latencia_Sectorizador***8597.109317779541***ms
2025-07-13 18:36:30,883 - INFO - Sectores actualizados en Redis.
2025-07-13 18:36:44,798 - INFO - 2895 aeronaves sectorizadas correctamente.
2025-07-13 18:36:44,800 - INFO - ***Latencia_Sectorizador***3910.3996753692627***ms
2025-07-13 18:36:44,800 - INFO - Sectores actualizados en Redis.
2025-07-13 18:37:03,522 - INFO - 2900 aeronaves sectorizadas correctamente.
2025-07-13 18:37:03,526 - INFO - ***Latencia_Sectorizador***8721.93694114685***ms
2025-07-13 18:37:03,526 - INFO - Sectores actualizados en Redis.
2025-07-13 18:37:24,052 - INFO - 2928 aeronaves sectorizadas correctamente.
2025-07-13 18:37:24,056 - INFO - ***Latencia_Sectorizador***10524.379014968872***ms
2025-07-13 18:37:24,056 - INFO - Sectores actualizados en Redis.
2025-07-13 18:37:41,189 - INFO - 2928 aeronaves sectorizadas correctamente.
2025-07-13 18:37:41,191 - INFO - ***Latencia_Sectorizador***7129.552602767944***ms
2025-07-13 18:37:41,192 - INFO - Sectores actualizados en Redis.
2025-07-13 18:37:55,727 - INFO - 2952 aeronaves sectorizadas correctamente.
2025-07-13 18:37:55,728 - INFO - ***Latencia_Sectorizador***4524.116516113281***ms
2025-07-13 18:37:55,729 - INFO - Sectores actualizados en Redis.
2025-07-13 18:38:16,162 - INFO - 2961 aeronaves sectorizadas correctamente.
2025-07-13 18:38:16,165 - INFO - ***Latencia_Sectorizador***10434.871912002563***ms
2025-07-13 18:38:16,166 - INFO - Sectores actualizados en Redis.
2025-07-13 18:38:32,559 - INFO - 2951 aeronaves sectorizadas correctamente.
2025-07-13 18:38:32,565 - INFO - ***Latencia_Sectorizador***6397.133588790894***ms
2025-07-13 18:38:32,565 - INFO - Sectores actualizados en Redis.
2025-07-13 18:38:45,870 - INFO - 1933 aeronaves sectorizadas correctamente.
2025-07-13 18:38:45,871 - INFO - ***Latencia_Sectorizador***3284.464120864868***ms
2025-07-13 18:38:45,872 - INFO - Sectores actualizados en Redis.
