2025-07-13 18:32:39,322 - INFO - <BrokerConnection node_id=bootstrap-0 host=kafka:9092 <connecting> [IPv4 ('172.18.0.3', 9092)]>: connecting to kafka:9092 [('172.18.0.3', 9092) IPv4]
2025-07-13 18:32:39,341 - INFO - Probing node bootstrap-0 broker version
2025-07-13 18:32:39,367 - INFO - <BrokerConnection node_id=bootstrap-0 host=kafka:9092 <connecting> [IPv4 ('172.18.0.3', 9092)]>: Connection complete.
2025-07-13 18:32:39,910 - INFO - Broker version identified as 2.5.0
2025-07-13 18:32:39,911 - INFO - Set configuration api_version=(2, 5, 0) to skip auto check_version requests on startup
2025-07-13 18:33:05,801 - INFO - productor: Datos cargados desde /app/data/aeronaves_completo.json.
2025-07-13 18:33:45,872 - INFO - productor: Enviadas 19 aeronaves al topic 'adsb.aeronaves'.
2025-07-13 18:33:45,886 - INFO - <BrokerConnection node_id=1 host=kafka:9092 <connecting> [IPv4 ('172.18.0.3', 9092)]>: connecting to kafka:9092 [('172.18.0.3', 9092) IPv4]
2025-07-13 18:33:45,895 - INFO - <BrokerConnection node_id=1 host=kafka:9092 <connecting> [IPv4 ('172.18.0.3', 9092)]>: Connection complete.
2025-07-13 18:33:45,901 - INFO - <BrokerConnection node_id=bootstrap-0 host=kafka:9092 <connected> [IPv4 ('172.18.0.3', 9092)]>: Closing connection. 
2025-07-13 18:33:55,882 - INFO - productor: Enviadas 200 aeronaves al topic 'adsb.aeronaves'.
2025-07-13 18:33:55,926 - INFO - productor: Enviadas 200 aeronaves al topic 'adsb.aeronaves'.
2025-07-13 18:33:56,121 - INFO - productor: Enviadas 200 aeronaves al topic 'adsb.aeronaves'.
2025-07-13 18:33:56,196 - INFO - productor: Enviadas 200 aeronaves al topic 'adsb.aeronaves'.
2025-07-13 18:33:56,270 - INFO - productor: Enviadas 200 aeronaves al topic 'adsb.aeronaves'.
2025-07-13 18:33:56,303 - INFO - productor: Enviadas 200 aeronaves al topic 'adsb.aeronaves'.
2025-07-13 18:33:56,363 - INFO - productor: Enviadas 200 aeronaves al topic 'adsb.aeronaves'.
2025-07-13 18:33:56,403 - INFO - productor: Enviadas 100 aeronaves al topic 'adsb.aeronaves'.
2025-07-13 18:34:05,864 - INFO - productor: Enviadas 200 aeronaves al topic 'adsb.aeronaves'.
2025-07-13 18:34:06,549 - INFO - productor: Enviadas 200 aeronaves al topic 'adsb.aeronaves'.
2025-07-13 18:34:06,651 - INFO - productor: Enviadas 200 aeronaves al topic 'adsb.aeronaves'.
2025-07-13 18:34:06,866 - INFO - productor: Enviadas 200 aeronaves al topic 'adsb.aeronaves'.
2025-07-13 18:34:07,089 - INFO - productor: Enviadas 200 aeronaves al topic 'adsb.aeronaves'.
2025-07-13 18:34:07,176 - INFO - productor: Enviadas 200 aeronaves al topic 'adsb.aeronaves'.
2025-07-13 18:34:07,349 - INFO - productor: Enviadas 200 aeronaves al topic 'adsb.aeronaves'.
2025-07-13 18:34:07,794 - INFO - productor: Enviadas 100 aeronaves al topic 'adsb.aeronaves'.
2025-07-13 18:34:15,821 - INFO - productor: Enviadas 200 aeronaves al topic 'adsb.aeronaves'.
2025-07-13 18:34:15,834 - INFO - productor: Enviadas 200 aeronaves al topic 'adsb.aeronaves'.
2025-07-13 18:34:15,849 - INFO - productor: Enviadas 200 aeronaves al topic 'adsb.aeronaves'.
2025-07-13 18:34:15,899 - INFO - productor: Enviadas 200 aeronaves al topic 'adsb.aeronaves'.
2025-07-13 18:34:15,922 - INFO - productor: Enviadas 200 aeronaves al topic 'adsb.aeronaves'.
2025-07-13 18:34:15,957 - INFO - productor: Enviadas 200 aeronaves al topic 'adsb.aeronaves'.
2025-07-13 18:34:15,990 - INFO - productor: Enviadas 200 aeronaves al topic 'adsb.aeronaves'.
2025-07-13 18:34:16,009 - INFO - productor: Enviadas 100 aeronaves al topic 'adsb.aeronaves'.
2025-07-13 18:34:25,825 - INFO - productor: Enviadas 200 aeronaves al topic 'adsb.aeronaves'.
2025-07-13 18:34:25,856 - INFO - productor: Enviadas 200 aeronaves al topic 'adsb.aeronaves'.
2025-07-13 18:34:25,890 - INFO - productor: Enviadas 200 aeronaves al topic 'adsb.aeronaves'.
2025-07-13 18:34:25,902 - INFO - productor: Enviadas 200 aeronaves al topic 'adsb.aeronaves'.
2025-07-13 18:34:26,005 - INFO - productor: Enviadas 200 aeronaves al topic 'adsb.aeronaves'.
2025-07-13 18:34:26,033 - INFO - productor: Enviadas 200 aeronaves al topic 'adsb.aeronaves'.
2025-07-13 18:34:26,109 - INFO - productor: Enviadas 200 aeronaves al topic 'adsb.aeronaves'.
2025-07-13 18:34:26,258 - INFO - productor: Enviadas 100 aeronaves al topic 'adsb.aeronaves'.
2025-07-13 18:34:35,811 - INFO - productor: Enviadas 200 aeronaves al topic 'adsb.aeronaves'.
2025-07-13 18:34:35,840 - INFO - productor: Enviadas 200 aeronaves al topic 'adsb.aeronaves'.
2025-07-13 18:34:35,948 - INFO - productor: Enviadas 200 aeronaves al topic 'adsb.aeronaves'.
2025-07-13 18:34:36,665 - INFO - productor: Enviadas 200 aeronaves al topic 'adsb.aeronaves'.
2025-07-13 18:34:36,709 - INFO - productor: Enviadas 200 aeronaves al topic 'adsb.aeronaves'.
2025-07-13 18:34:36,737 - INFO - productor: Enviadas 200 aeronaves al topic 'adsb.aeronaves'.
2025-07-13 18:34:36,798 - INFO - productor: Enviadas 200 aeronaves al topic 'adsb.aeronaves'.
2025-07-13 18:34:36,903 - INFO - productor: Enviadas 100 aeronaves al topic 'adsb.aeronaves'.
2025-07-13 18:34:45,883 - INFO - productor: Enviadas 200 aeronaves al topic 'adsb.aeronaves'.
2025-07-13 18:34:46,077 - INFO - productor: Enviadas 200 aeronaves al topic 'adsb.aeronaves'.
2025-07-13 18:34:46,171 - INFO - productor: Enviadas 200 aeronaves al topic 'adsb.aeronaves'.
2025-07-13 18:34:46,451 - INFO - productor: Enviadas 200 aeronaves al topic 'adsb.aeronaves'.
2025-07-13 18:34:46,559 - INFO - productor: Enviadas 200 aeronaves al topic 'adsb.aeronaves'.
2025-07-13 18:34:46,575 - INFO - productor: Enviadas 200 aeronaves al topic 'adsb.aeronaves'.
2025-07-13 18:34:46,637 - INFO - productor: Enviadas 200 aeronaves al topic 'adsb.aeronaves'.
2025-07-13 18:34:46,676 - INFO - productor: Enviadas 100 aeronaves al topic 'adsb.aeronaves'.
2025-07-13 18:34:55,812 - INFO - productor: Enviadas 200 aeronaves al topic 'adsb.aeronaves'.
2025-07-13 18:34:55,853 - INFO - productor: Enviadas 200 aeronaves al topic 'adsb.aeronaves'.
2025-07-13 18:34:55,876 - INFO - productor: Enviadas 200 aeronaves al topic 'adsb.aeronaves'.
2025-07-13 18:34:55,904 - INFO - productor: Enviadas 200 aeronaves al topic 'adsb.aeronaves'.
2025-07-13 18:34:55,923 - INFO - productor: Enviadas 200 aeronaves al topic 'adsb.aeronaves'.
2025-07-13 18:34:55,947 - INFO - productor: Enviadas 200 aeronaves al topic 'adsb.aeronaves'.
2025-07-13 18:34:55,975 - INFO - productor: Enviadas 200 aeronaves al topic 'adsb.aeronaves'.
2025-07-13 18:34:56,007 - INFO - productor: Enviadas 100 aeronaves al topic 'adsb.aeronaves'.
2025-07-13 18:35:05,848 - INFO - productor: Enviadas 200 aeronaves al topic 'adsb.aeronaves'.
2025-07-13 18:35:05,873 - INFO - productor: Enviadas 200 aeronaves al topic 'adsb.aeronaves'.
2025-07-13 18:35:05,894 - INFO - productor: Enviadas 200 aeronaves al topic 'adsb.aeronaves'.
2025-07-13 18:35:05,922 - INFO - productor: Enviadas 200 aeronaves al topic 'adsb.aeronaves'.
2025-07-13 18:35:05,951 - INFO - productor: Enviadas 200 aeronaves al topic 'adsb.aeronaves'.
2025-07-13 18:35:05,973 - INFO - productor: Enviadas 200 aeronaves al topic 'adsb.aeronaves'.
2025-07-13 18:35:05,994 - INFO - productor: Enviadas 200 aeronaves al topic 'adsb.aeronaves'.
2025-07-13 18:35:06,019 - INFO - productor: Enviadas 100 aeronaves al topic 'adsb.aeronaves'.
2025-07-13 18:35:15,928 - INFO - productor: Enviadas 200 aeronaves al topic 'adsb.aeronaves'.
2025-07-13 18:35:16,000 - INFO - productor: Enviadas 200 aeronaves al topic 'adsb.aeronaves'.
2025-07-13 18:35:16,009 - INFO - productor: Enviadas 200 aeronaves al topic 'adsb.aeronaves'.
2025-07-13 18:35:16,032 - INFO - productor: Enviadas 200 aeronaves al topic 'adsb.aeronaves'.
2025-07-13 18:35:16,056 - INFO - productor: Enviadas 200 aeronaves al topic 'adsb.aeronaves'.
2025-07-13 18:35:16,082 - INFO - productor: Enviadas 200 aeronaves al topic 'adsb.aeronaves'.
2025-07-13 18:35:16,158 - INFO - productor: Enviadas 200 aeronaves al topic 'adsb.aeronaves'.
2025-07-13 18:35:16,199 - INFO - productor: Enviadas 100 aeronaves al topic 'adsb.aeronaves'.
2025-07-13 18:35:25,824 - INFO - productor: Enviadas 200 aeronaves al topic 'adsb.aeronaves'.
2025-07-13 18:35:25,856 - INFO - productor: Enviadas 200 aeronaves al topic 'adsb.aeronaves'.
2025-07-13 18:35:25,915 - INFO - productor: Enviadas 200 aeronaves al topic 'adsb.aeronaves'.
2025-07-13 18:35:25,932 - INFO - productor: Enviadas 200 aeronaves al topic 'adsb.aeronaves'.
2025-07-13 18:35:25,947 - INFO - productor: Enviadas 200 aeronaves al topic 'adsb.aeronaves'.
2025-07-13 18:35:25,967 - INFO - productor: Enviadas 200 aeronaves al topic 'adsb.aeronaves'.
2025-07-13 18:35:25,985 - INFO - productor: Enviadas 200 aeronaves al topic 'adsb.aeronaves'.
2025-07-13 18:35:26,005 - INFO - productor: Enviadas 100 aeronaves al topic 'adsb.aeronaves'.
2025-07-13 18:35:35,816 - INFO - productor: Enviadas 200 aeronaves al topic 'adsb.aeronaves'.
2025-07-13 18:35:35,882 - INFO - productor: Enviadas 200 aeronaves al topic 'adsb.aeronaves'.
2025-07-13 18:35:35,950 - INFO - productor: Enviadas 200 aeronaves al topic 'adsb.aeronaves'.
2025-07-13 18:35:35,996 - INFO - productor: Enviadas 200 aeronaves al topic 'adsb.aeronaves'.
2025-07-13 18:35:36,048 - INFO - productor: Enviadas 200 aeronaves al topic 'adsb.aeronaves'.
2025-07-13 18:35:36,124 - INFO - productor: Enviadas 200 aeronaves al topic 'adsb.aeronaves'.
2025-07-13 18:35:36,193 - INFO - productor: Enviadas 200 aeronaves al topic 'adsb.aeronaves'.
2025-07-13 18:35:36,247 - INFO - productor: Enviadas 100 aeronaves al topic 'adsb.aeronaves'.
2025-07-13 18:35:45,796 - INFO - productor: Enviadas 200 aeronaves al topic 'adsb.aeronaves'.
2025-07-13 18:35:45,846 - INFO - productor: Enviadas 200 aeronaves al topic 'adsb.aeronaves'.
2025-07-13 18:35:45,879 - INFO - productor: Enviadas 200 aeronaves al topic 'adsb.aeronaves'.
2025-07-13 18:35:45,907 - INFO - productor: Enviadas 200 aeronaves al topic 'adsb.aeronaves'.
2025-07-13 18:35:45,935 - INFO - productor: Enviadas 200 aeronaves al topic 'adsb.aeronaves'.
2025-07-13 18:35:45,979 - INFO - productor: Enviadas 200 aeronaves al topic 'adsb.aeronaves'.
2025-07-13 18:35:46,007 - INFO - productor: Enviadas 200 aeronaves al topic 'adsb.aeronaves'.
2025-07-13 18:35:46,067 - INFO - productor: Enviadas 100 aeronaves al topic 'adsb.aeronaves'.
2025-07-13 18:35:55,810 - INFO - productor: Enviadas 200 aeronaves al topic 'adsb.aeronaves'.
2025-07-13 18:35:55,831 - INFO - productor: Enviadas 200 aeronaves al topic 'adsb.aeronaves'.
2025-07-13 18:35:55,854 - INFO - productor: Enviadas 200 aeronaves al topic 'adsb.aeronaves'.
2025-07-13 18:35:55,874 - INFO - productor: Enviadas 200 aeronaves al topic 'adsb.aeronaves'.
2025-07-13 18:35:55,964 - INFO - productor: Enviadas 200 aeronaves al topic 'adsb.aeronaves'.
2025-07-13 18:35:56,021 - INFO - productor: Enviadas 200 aeronaves al topic 'adsb.aeronaves'.
2025-07-13 18:35:56,036 - INFO - productor: Enviadas 200 aeronaves al topic 'adsb.aeronaves'.
2025-07-13 18:35:56,058 - INFO - productor: Enviadas 100 aeronaves al topic 'adsb.aeronaves'.
2025-07-13 18:36:05,830 - INFO - productor: Enviadas 200 aeronaves al topic 'adsb.aeronaves'.
2025-07-13 18:36:05,920 - INFO - productor: Enviadas 200 aeronaves al topic 'adsb.aeronaves'.
2025-07-13 18:36:05,939 - INFO - productor: Enviadas 200 aeronaves al topic 'adsb.aeronaves'.
2025-07-13 18:36:05,973 - INFO - productor: Enviadas 200 aeronaves al topic 'adsb.aeronaves'.
2025-07-13 18:36:05,994 - INFO - productor: Enviadas 200 aeronaves al topic 'adsb.aeronaves'.
2025-07-13 18:36:06,029 - INFO - productor: Enviadas 200 aeronaves al topic 'adsb.aeronaves'.
2025-07-13 18:36:06,075 - INFO - productor: Enviadas 200 aeronaves al topic 'adsb.aeronaves'.
2025-07-13 18:36:06,092 - INFO - productor: Enviadas 100 aeronaves al topic 'adsb.aeronaves'.
2025-07-13 18:36:15,849 - INFO - productor: Enviadas 200 aeronaves al topic 'adsb.aeronaves'.
2025-07-13 18:36:15,897 - INFO - productor: Enviadas 200 aeronaves al topic 'adsb.aeronaves'.
2025-07-13 18:36:15,948 - INFO - productor: Enviadas 200 aeronaves al topic 'adsb.aeronaves'.
2025-07-13 18:36:15,957 - INFO - productor: Enviadas 200 aeronaves al topic 'adsb.aeronaves'.
2025-07-13 18:36:15,991 - INFO - productor: Enviadas 200 aeronaves al topic 'adsb.aeronaves'.
2025-07-13 18:36:16,009 - INFO - productor: Enviadas 200 aeronaves al topic 'adsb.aeronaves'.
2025-07-13 18:36:16,047 - INFO - productor: Enviadas 200 aeronaves al topic 'adsb.aeronaves'.
2025-07-13 18:36:16,056 - INFO - productor: Enviadas 100 aeronaves al topic 'adsb.aeronaves'.
2025-07-13 18:36:25,811 - INFO - productor: Enviadas 200 aeronaves al topic 'adsb.aeronaves'.
2025-07-13 18:36:25,832 - INFO - productor: Enviadas 200 aeronaves al topic 'adsb.aeronaves'.
2025-07-13 18:36:25,868 - INFO - productor: Enviadas 200 aeronaves al topic 'adsb.aeronaves'.
2025-07-13 18:36:25,935 - INFO - productor: Enviadas 200 aeronaves al topic 'adsb.aeronaves'.
2025-07-13 18:36:25,965 - INFO - productor: Enviadas 200 aeronaves al topic 'adsb.aeronaves'.
2025-07-13 18:36:26,139 - INFO - productor: Enviadas 200 aeronaves al topic 'adsb.aeronaves'.
2025-07-13 18:36:26,183 - INFO - productor: Enviadas 200 aeronaves al topic 'adsb.aeronaves'.
2025-07-13 18:36:26,222 - INFO - productor: Enviadas 100 aeronaves al topic 'adsb.aeronaves'.
2025-07-13 18:36:35,846 - INFO - productor: Enviadas 200 aeronaves al topic 'adsb.aeronaves'.
2025-07-13 18:36:35,887 - INFO - productor: Enviadas 200 aeronaves al topic 'adsb.aeronaves'.
2025-07-13 18:36:35,992 - INFO - productor: Enviadas 200 aeronaves al topic 'adsb.aeronaves'.
2025-07-13 18:36:36,031 - INFO - productor: Enviadas 200 aeronaves al topic 'adsb.aeronaves'.
2025-07-13 18:36:36,106 - INFO - productor: Enviadas 200 aeronaves al topic 'adsb.aeronaves'.
2025-07-13 18:36:36,136 - INFO - productor: Enviadas 200 aeronaves al topic 'adsb.aeronaves'.
2025-07-13 18:36:36,166 - INFO - productor: Enviadas 200 aeronaves al topic 'adsb.aeronaves'.
2025-07-13 18:36:36,189 - INFO - productor: Enviadas 100 aeronaves al topic 'adsb.aeronaves'.
2025-07-13 18:36:45,818 - INFO - productor: Enviadas 200 aeronaves al topic 'adsb.aeronaves'.
2025-07-13 18:36:45,892 - INFO - productor: Enviadas 200 aeronaves al topic 'adsb.aeronaves'.
2025-07-13 18:36:45,921 - INFO - productor: Enviadas 200 aeronaves al topic 'adsb.aeronaves'.
2025-07-13 18:36:45,930 - INFO - productor: Enviadas 200 aeronaves al topic 'adsb.aeronaves'.
2025-07-13 18:36:45,953 - INFO - productor: Enviadas 200 aeronaves al topic 'adsb.aeronaves'.
2025-07-13 18:36:45,977 - INFO - productor: Enviadas 200 aeronaves al topic 'adsb.aeronaves'.
2025-07-13 18:36:45,983 - INFO - productor: Enviadas 200 aeronaves al topic 'adsb.aeronaves'.
2025-07-13 18:36:45,998 - INFO - productor: Enviadas 100 aeronaves al topic 'adsb.aeronaves'.
2025-07-13 18:36:55,821 - INFO - productor: Enviadas 200 aeronaves al topic 'adsb.aeronaves'.
2025-07-13 18:36:55,859 - INFO - productor: Enviadas 200 aeronaves al topic 'adsb.aeronaves'.
2025-07-13 18:36:55,881 - INFO - productor: Enviadas 200 aeronaves al topic 'adsb.aeronaves'.
2025-07-13 18:36:55,912 - INFO - productor: Enviadas 200 aeronaves al topic 'adsb.aeronaves'.
2025-07-13 18:36:56,015 - INFO - productor: Enviadas 200 aeronaves al topic 'adsb.aeronaves'.
2025-07-13 18:36:56,040 - INFO - productor: Enviadas 200 aeronaves al topic 'adsb.aeronaves'.
2025-07-13 18:36:56,066 - INFO - productor: Enviadas 200 aeronaves al topic 'adsb.aeronaves'.
2025-07-13 18:36:56,087 - INFO - productor: Enviadas 100 aeronaves al topic 'adsb.aeronaves'.
2025-07-13 18:37:05,809 - INFO - productor: Enviadas 200 aeronaves al topic 'adsb.aeronaves'.
2025-07-13 18:37:05,852 - INFO - productor: Enviadas 200 aeronaves al topic 'adsb.aeronaves'.
2025-07-13 18:37:05,953 - INFO - productor: Enviadas 200 aeronaves al topic 'adsb.aeronaves'.
2025-07-13 18:37:05,980 - INFO - productor: Enviadas 200 aeronaves al topic 'adsb.aeronaves'.
2025-07-13 18:37:06,045 - INFO - productor: Enviadas 200 aeronaves al topic 'adsb.aeronaves'.
2025-07-13 18:37:06,069 - INFO - productor: Enviadas 200 aeronaves al topic 'adsb.aeronaves'.
2025-07-13 18:37:06,109 - INFO - productor: Enviadas 200 aeronaves al topic 'adsb.aeronaves'.
2025-07-13 18:37:06,123 - INFO - productor: Enviadas 100 aeronaves al topic 'adsb.aeronaves'.
2025-07-13 18:37:15,926 - INFO - productor: Enviadas 200 aeronaves al topic 'adsb.aeronaves'.
2025-07-13 18:37:16,133 - INFO - productor: Enviadas 200 aeronaves al topic 'adsb.aeronaves'.
2025-07-13 18:37:16,562 - INFO - productor: Enviadas 200 aeronaves al topic 'adsb.aeronaves'.
2025-07-13 18:37:16,626 - INFO - productor: Enviadas 200 aeronaves al topic 'adsb.aeronaves'.
2025-07-13 18:37:16,644 - INFO - productor: Enviadas 200 aeronaves al topic 'adsb.aeronaves'.
2025-07-13 18:37:16,707 - INFO - productor: Enviadas 200 aeronaves al topic 'adsb.aeronaves'.
2025-07-13 18:37:16,762 - INFO - productor: Enviadas 200 aeronaves al topic 'adsb.aeronaves'.
2025-07-13 18:37:17,053 - INFO - productor: Enviadas 100 aeronaves al topic 'adsb.aeronaves'.
2025-07-13 18:37:25,815 - INFO - productor: Enviadas 200 aeronaves al topic 'adsb.aeronaves'.
2025-07-13 18:37:25,840 - INFO - productor: Enviadas 200 aeronaves al topic 'adsb.aeronaves'.
2025-07-13 18:37:25,859 - INFO - productor: Enviadas 200 aeronaves al topic 'adsb.aeronaves'.
2025-07-13 18:37:25,889 - INFO - productor: Enviadas 200 aeronaves al topic 'adsb.aeronaves'.
2025-07-13 18:37:25,910 - INFO - productor: Enviadas 200 aeronaves al topic 'adsb.aeronaves'.
2025-07-13 18:37:25,921 - INFO - productor: Enviadas 200 aeronaves al topic 'adsb.aeronaves'.
2025-07-13 18:37:25,945 - INFO - productor: Enviadas 200 aeronaves al topic 'adsb.aeronaves'.
2025-07-13 18:37:25,964 - INFO - productor: Enviadas 100 aeronaves al topic 'adsb.aeronaves'.
2025-07-13 18:37:35,839 - INFO - productor: Enviadas 200 aeronaves al topic 'adsb.aeronaves'.
2025-07-13 18:37:35,878 - INFO - productor: Enviadas 200 aeronaves al topic 'adsb.aeronaves'.
2025-07-13 18:37:35,910 - INFO - productor: Enviadas 200 aeronaves al topic 'adsb.aeronaves'.
2025-07-13 18:37:35,935 - INFO - productor: Enviadas 200 aeronaves al topic 'adsb.aeronaves'.
2025-07-13 18:37:36,083 - INFO - productor: Enviadas 200 aeronaves al topic 'adsb.aeronaves'.
2025-07-13 18:37:36,145 - INFO - productor: Enviadas 200 aeronaves al topic 'adsb.aeronaves'.
2025-07-13 18:37:36,190 - INFO - productor: Enviadas 200 aeronaves al topic 'adsb.aeronaves'.
2025-07-13 18:37:36,220 - INFO - productor: Enviadas 100 aeronaves al topic 'adsb.aeronaves'.
2025-07-13 18:37:45,834 - INFO - productor: Enviadas 200 aeronaves al topic 'adsb.aeronaves'.
2025-07-13 18:37:45,937 - INFO - productor: Enviadas 200 aeronaves al topic 'adsb.aeronaves'.
2025-07-13 18:37:46,005 - INFO - productor: Enviadas 200 aeronaves al topic 'adsb.aeronaves'.
2025-07-13 18:37:46,161 - INFO - productor: Enviadas 200 aeronaves al topic 'adsb.aeronaves'.
2025-07-13 18:37:46,216 - INFO - productor: Enviadas 200 aeronaves al topic 'adsb.aeronaves'.
2025-07-13 18:37:46,255 - INFO - productor: Enviadas 200 aeronaves al topic 'adsb.aeronaves'.
2025-07-13 18:37:46,274 - INFO - productor: Enviadas 200 aeronaves al topic 'adsb.aeronaves'.
2025-07-13 18:37:46,294 - INFO - productor: Enviadas 100 aeronaves al topic 'adsb.aeronaves'.
2025-07-13 18:37:55,814 - INFO - productor: Enviadas 200 aeronaves al topic 'adsb.aeronaves'.
2025-07-13 18:37:55,896 - INFO - productor: Enviadas 200 aeronaves al topic 'adsb.aeronaves'.
2025-07-13 18:37:55,922 - INFO - productor: Enviadas 200 aeronaves al topic 'adsb.aeronaves'.
2025-07-13 18:37:55,941 - INFO - productor: Enviadas 200 aeronaves al topic 'adsb.aeronaves'.
2025-07-13 18:37:55,973 - INFO - productor: Enviadas 200 aeronaves al topic 'adsb.aeronaves'.
2025-07-13 18:37:56,047 - INFO - productor: Enviadas 200 aeronaves al topic 'adsb.aeronaves'.
2025-07-13 18:37:56,071 - INFO - productor: Enviadas 200 aeronaves al topic 'adsb.aeronaves'.
2025-07-13 18:37:56,122 - INFO - productor: Enviadas 100 aeronaves al topic 'adsb.aeronaves'.
2025-07-13 18:38:05,832 - INFO - productor: Enviadas 200 aeronaves al topic 'adsb.aeronaves'.
2025-07-13 18:38:05,909 - INFO - productor: Enviadas 200 aeronaves al topic 'adsb.aeronaves'.
2025-07-13 18:38:05,935 - INFO - productor: Enviadas 200 aeronaves al topic 'adsb.aeronaves'.
2025-07-13 18:38:05,988 - INFO - productor: Enviadas 200 aeronaves al topic 'adsb.aeronaves'.
2025-07-13 18:38:06,177 - INFO - productor: Enviadas 200 aeronaves al topic 'adsb.aeronaves'.
2025-07-13 18:38:06,219 - INFO - productor: Enviadas 200 aeronaves al topic 'adsb.aeronaves'.
2025-07-13 18:38:06,272 - INFO - productor: Enviadas 200 aeronaves al topic 'adsb.aeronaves'.
2025-07-13 18:38:06,606 - INFO - productor: Enviadas 100 aeronaves al topic 'adsb.aeronaves'.
2025-07-13 18:38:15,812 - INFO - productor: Enviadas 200 aeronaves al topic 'adsb.aeronaves'.
2025-07-13 18:38:15,818 - INFO - productor: Enviadas 200 aeronaves al topic 'adsb.aeronaves'.
2025-07-13 18:38:15,908 - INFO - productor: Enviadas 200 aeronaves al topic 'adsb.aeronaves'.
2025-07-13 18:38:15,948 - INFO - productor: Enviadas 200 aeronaves al topic 'adsb.aeronaves'.
2025-07-13 18:38:15,982 - INFO - productor: Enviadas 200 aeronaves al topic 'adsb.aeronaves'.
2025-07-13 18:38:16,010 - INFO - productor: Enviadas 200 aeronaves al topic 'adsb.aeronaves'.
2025-07-13 18:38:16,035 - INFO - productor: Enviadas 200 aeronaves al topic 'adsb.aeronaves'.
2025-07-13 18:38:16,055 - INFO - productor: Enviadas 100 aeronaves al topic 'adsb.aeronaves'.
2025-07-13 18:38:25,825 - INFO - productor: Enviadas 200 aeronaves al topic 'adsb.aeronaves'.
2025-07-13 18:38:25,849 - INFO - productor: Enviadas 200 aeronaves al topic 'adsb.aeronaves'.
2025-07-13 18:38:25,892 - INFO - productor: Enviadas 200 aeronaves al topic 'adsb.aeronaves'.
2025-07-13 18:38:25,951 - INFO - productor: Enviadas 200 aeronaves al topic 'adsb.aeronaves'.
2025-07-13 18:38:25,976 - INFO - productor: Enviadas 200 aeronaves al topic 'adsb.aeronaves'.
2025-07-13 18:38:26,009 - INFO - productor: Enviadas 200 aeronaves al topic 'adsb.aeronaves'.
2025-07-13 18:38:26,048 - INFO - productor: Enviadas 200 aeronaves al topic 'adsb.aeronaves'.
2025-07-13 18:38:26,071 - INFO - productor: Enviadas 100 aeronaves al topic 'adsb.aeronaves'.
2025-07-13 18:38:27,557 - WARNING - Got error produce response on topic-partition TopicPartition(topic='adsb.aeronaves', partition=3), retrying (4 attempts left). Error: <class 'kafka.errors.NotLeaderForPartitionError'>
2025-07-13 18:38:28,452 - WARNING - Got error produce response on topic-partition TopicPartition(topic='adsb.aeronaves', partition=3), retrying (4 attempts left). Error: <class 'kafka.errors.NotLeaderForPartitionError'>
2025-07-13 18:38:35,821 - INFO - productor: Enviadas 200 aeronaves al topic 'adsb.aeronaves'.
2025-07-13 18:38:35,859 - INFO - productor: Enviadas 200 aeronaves al topic 'adsb.aeronaves'.
2025-07-13 18:38:35,869 - INFO - productor: Enviadas 200 aeronaves al topic 'adsb.aeronaves'.
2025-07-13 18:38:35,879 - INFO - productor: Enviadas 200 aeronaves al topic 'adsb.aeronaves'.
2025-07-13 18:38:35,912 - INFO - productor: Enviadas 200 aeronaves al topic 'adsb.aeronaves'.
2025-07-13 18:38:35,940 - INFO - productor: Enviadas 200 aeronaves al topic 'adsb.aeronaves'.
2025-07-13 18:38:35,962 - INFO - productor: Enviadas 200 aeronaves al topic 'adsb.aeronaves'.
2025-07-13 18:38:35,983 - INFO - productor: Enviadas 100 aeronaves al topic 'adsb.aeronaves'.
2025-07-13 18:38:45,815 - INFO - productor: Enviadas 200 aeronaves al topic 'adsb.aeronaves'.
2025-07-13 18:38:45,834 - INFO - productor: Enviadas 200 aeronaves al topic 'adsb.aeronaves'.
2025-07-13 18:38:45,854 - INFO - productor: Enviadas 200 aeronaves al topic 'adsb.aeronaves'.
2025-07-13 18:38:45,871 - INFO - productor: Enviadas 200 aeronaves al topic 'adsb.aeronaves'.
2025-07-13 18:38:45,891 - INFO - productor: Enviadas 200 aeronaves al topic 'adsb.aeronaves'.
2025-07-13 18:38:45,902 - INFO - productor: Enviadas 200 aeronaves al topic 'adsb.aeronaves'.
2025-07-13 18:38:45,912 - INFO - productor: Enviadas 200 aeronaves al topic 'adsb.aeronaves'.
2025-07-13 18:38:45,924 - INFO - productor: Enviadas 100 aeronaves al topic 'adsb.aeronaves'.
