=== 2025-07-13T18:33:06Z ===
{
  "Hora UTC": "No disponible",
  "Sectorización aplicable": {
    "sector_CZ_Centro": 0,
    "sector_AD": 0,
    "sector_XK": 0,
    "sector_GB_Oeste": 0,
    "sector_BE_Este": 0,
    "sector_PT_Este": 0,
    "sector_TR_Oeste": 0,
    "sector_SE_Oeste": 0,
    "sector_RU_Oeste": 0,
    "sector_IT_Norte": 0
  }
}
=== 2025-07-13T18:33:13Z ===
{
  "Hora UTC": "No disponible",
  "Sectorización aplicable": {
    "sector_CZ_Centro": 0,
    "sector_AD": 0,
    "sector_XK": 0,
    "sector_GB_Oeste": 0,
    "sector_BE_Este": 0,
    "sector_PT_Este": 0,
    "sector_TR_Oeste": 0,
    "sector_SE_Oeste": 0,
    "sector_RU_Oeste": 0,
    "sector_IT_Norte": 0
  }
}
=== 2025-07-13T18:33:19Z ===
{
  "Hora UTC": "No disponible",
  "Sectorización aplicable": {
    "sector_CZ_Centro": 0,
    "sector_AD": 0,
    "sector_XK": 0,
    "sector_GB_Oeste": 0,
    "sector_BE_Este": 0,
    "sector_PT_Este": 0,
    "sector_TR_Oeste": 0,
    "sector_SE_Oeste": 0,
    "sector_RU_Oeste": 0,
    "sector_IT_Norte": 0
  }
}
=== 2025-07-13T18:33:24Z ===
{
  "Hora UTC": "No disponible",
  "Sectorización aplicable": {
    "sector_CZ_Centro": 0,
    "sector_AD": 0,
    "sector_XK": 0,
    "sector_GB_Oeste": 0,
    "sector_BE_Este": 0,
    "sector_PT_Este": 0,
    "sector_TR_Oeste": 0,
    "sector_SE_Oeste": 0,
    "sector_RU_Oeste": 0,
    "sector_IT_Norte": 0
  }
}
=== 2025-07-13T18:33:29Z ===
{
  "Hora UTC": "No disponible",
  "Sectorización aplicable": {
    "sector_CZ_Centro": 0,
    "sector_AD": 0,
    "sector_XK": 0,
    "sector_GB_Oeste": 0,
    "sector_BE_Este": 0,
    "sector_PT_Este": 0,
    "sector_TR_Oeste": 0,
    "sector_SE_Oeste": 0,
    "sector_RU_Oeste": 0,
    "sector_IT_Norte": 0
  }
}
=== 2025-07-13T18:33:34Z ===
{
  "Hora UTC": "No disponible",
  "Sectorización aplicable": {
    "sector_CZ_Centro": 0,
    "sector_AD": 0,
    "sector_XK": 0,
    "sector_GB_Oeste": 0,
    "sector_BE_Este": 0,
    "sector_PT_Este": 0,
    "sector_TR_Oeste": 0,
    "sector_SE_Oeste": 0,
    "sector_RU_Oeste": 0,
    "sector_IT_Norte": 0
  }
}
=== 2025-07-13T18:33:39Z ===
{
  "Hora UTC": "No disponible",
  "Sectorización aplicable": {
    "sector_CZ_Centro": 0,
    "sector_AD": 0,
    "sector_XK": 0,
    "sector_GB_Oeste": 0,
    "sector_BE_Este": 0,
    "sector_PT_Este": 0,
    "sector_TR_Oeste": 0,
    "sector_SE_Oeste": 0,
    "sector_RU_Oeste": 0,
    "sector_IT_Norte": 0
  }
}
=== 2025-07-13T18:33:44Z ===
{
  "Hora UTC": "No disponible",
  "Sectorización aplicable": {
    "sector_CZ_Centro": 0,
    "sector_AD": 0,
    "sector_XK": 0,
    "sector_GB_Oeste": 0,
    "sector_BE_Este": 0,
    "sector_PT_Este": 0,
    "sector_TR_Oeste": 0,
    "sector_SE_Oeste": 0,
    "sector_RU_Oeste": 0,
    "sector_IT_Norte": 0
  }
}
=== 2025-07-13T18:33:50Z ===
{
  "Hora UTC": "No disponible",
  "Sectorización aplicable": {
    "sector_CZ_Centro": 0,
    "sector_AD": 0,
    "sector_XK": 0,
    "sector_GB_Oeste": 0,
    "sector_BE_Este": 0,
    "sector_PT_Este": 0,
    "sector_TR_Oeste": 0,
    "sector_SE_Oeste": 0,
    "sector_RU_Oeste": 0,
    "sector_IT_Norte": 0
  }
}
=== 2025-07-13T18:33:55Z ===
{
  "Hora UTC": "No disponible",
  "Sectorización aplicable": {
    "sector_CZ_Centro": 2,
    "sector_AD": 0,
    "sector_XK": 0,
    "sector_GB_Oeste": 0,
    "sector_BE_Este": 0,
    "sector_PT_Este": 0,
    "sector_TR_Oeste": 0,
    "sector_SE_Oeste": 0,
    "sector_RU_Oeste": 0,
    "sector_IT_Norte": 0
  }
}
=== 2025-07-13T18:34:01Z ===
{
  "Hora UTC": "No disponible",
  "Sectorización aplicable": {
    "sector_CZ_Centro": 2,
    "sector_AD": 0,
    "sector_XK": 0,
    "sector_GB_Oeste": 0,
    "sector_BE_Este": 0,
    "sector_PT_Este": 0,
    "sector_TR_Oeste": 0,
    "sector_SE_Oeste": 0,
    "sector_RU_Oeste": 0,
    "sector_IT_Norte": 0
  }
}
=== 2025-07-13T18:34:06Z ===
{
  "Hora UTC": "2025-07-13 18:34:04",
  "Sectorización aplicable": {
    "sector_CZ_Centro": 136,
    "sector_AD": 133,
    "sector_XK": 109,
    "sector_GB_Oeste": 159,
    "sector_BE_Este": 183,
    "sector_PT_Este": 69,
    "sector_TR_Oeste": 75,
    "sector_SE_Oeste": 74,
    "sector_RU_Oeste": 34,
    "sector_IT_Norte": 197
  }
}
=== 2025-07-13T18:34:12Z ===
{
  "Hora UTC": "2025-07-13 18:34:04",
  "Sectorización aplicable": {
    "sector_CZ_Centro": 136,
    "sector_AD": 133,
    "sector_XK": 109,
    "sector_GB_Oeste": 159,
    "sector_BE_Este": 183,
    "sector_PT_Este": 69,
    "sector_TR_Oeste": 75,
    "sector_SE_Oeste": 74,
    "sector_RU_Oeste": 34,
    "sector_IT_Norte": 197
  }
}
=== 2025-07-13T18:34:17Z ===
{
  "Hora UTC": "2025-07-13 18:34:04",
  "Sectorización aplicable": {
    "sector_CZ_Centro": 136,
    "sector_AD": 133,
    "sector_XK": 109,
    "sector_GB_Oeste": 159,
    "sector_BE_Este": 183,
    "sector_PT_Este": 69,
    "sector_TR_Oeste": 75,
    "sector_SE_Oeste": 74,
    "sector_RU_Oeste": 34,
    "sector_IT_Norte": 197
  }
}
=== 2025-07-13T18:34:23Z ===
{
  "Hora UTC": "2025-07-13 18:34:21",
  "Sectorización aplicable": {
    "sector_CZ_Centro": 246,
    "sector_AD": 233,
    "sector_XK": 206,
    "sector_GB_Oeste": 290,
    "sector_BE_Este": 320,
    "sector_PT_Este": 141,
    "sector_TR_Oeste": 151,
    "sector_SE_Oeste": 133,
    "sector_RU_Oeste": 62,
    "sector_IT_Norte": 360
  }
}
=== 2025-07-13T18:34:28Z ===
{
  "Hora UTC": "2025-07-13 18:34:21",
  "Sectorización aplicable": {
    "sector_CZ_Centro": 246,
    "sector_AD": 233,
    "sector_XK": 206,
    "sector_GB_Oeste": 290,
    "sector_BE_Este": 320,
    "sector_PT_Este": 141,
    "sector_TR_Oeste": 151,
    "sector_SE_Oeste": 133,
    "sector_RU_Oeste": 62,
    "sector_IT_Norte": 360
  }
}
=== 2025-07-13T18:34:34Z ===
{
  "Hora UTC": "2025-07-13 18:34:21",
  "Sectorización aplicable": {
    "sector_CZ_Centro": 246,
    "sector_AD": 233,
    "sector_XK": 206,
    "sector_GB_Oeste": 290,
    "sector_BE_Este": 320,
    "sector_PT_Este": 141,
    "sector_TR_Oeste": 151,
    "sector_SE_Oeste": 133,
    "sector_RU_Oeste": 62,
    "sector_IT_Norte": 360
  }
}
=== 2025-07-13T18:34:39Z ===
{
  "Hora UTC": "2025-07-13 18:34:36",
  "Sectorización aplicable": {
    "sector_CZ_Centro": 308,
    "sector_AD": 293,
    "sector_XK": 273,
    "sector_GB_Oeste": 346,
    "sector_BE_Este": 382,
    "sector_PT_Este": 172,
    "sector_TR_Oeste": 188,
    "sector_SE_Oeste": 162,
    "sector_RU_Oeste": 77,
    "sector_IT_Norte": 435
  }
}
=== 2025-07-13T18:34:44Z ===
{
  "Hora UTC": "2025-07-13 18:34:36",
  "Sectorización aplicable": {
    "sector_CZ_Centro": 308,
    "sector_AD": 293,
    "sector_XK": 273,
    "sector_GB_Oeste": 346,
    "sector_BE_Este": 382,
    "sector_PT_Este": 172,
    "sector_TR_Oeste": 188,
    "sector_SE_Oeste": 162,
    "sector_RU_Oeste": 77,
    "sector_IT_Norte": 435
  }
}
=== 2025-07-13T18:34:50Z ===
{
  "Hora UTC": "2025-07-13 18:34:36",
  "Sectorización aplicable": {
    "sector_CZ_Centro": 308,
    "sector_AD": 293,
    "sector_XK": 273,
    "sector_GB_Oeste": 346,
    "sector_BE_Este": 382,
    "sector_PT_Este": 172,
    "sector_TR_Oeste": 188,
    "sector_SE_Oeste": 162,
    "sector_RU_Oeste": 77,
    "sector_IT_Norte": 435
  }
}
=== 2025-07-13T18:34:55Z ===
{
  "Hora UTC": "2025-07-13 18:34:36",
  "Sectorización aplicable": {
    "sector_CZ_Centro": 308,
    "sector_AD": 293,
    "sector_XK": 273,
    "sector_GB_Oeste": 346,
    "sector_BE_Este": 382,
    "sector_PT_Este": 172,
    "sector_TR_Oeste": 188,
    "sector_SE_Oeste": 162,
    "sector_RU_Oeste": 77,
    "sector_IT_Norte": 435
  }
}
=== 2025-07-13T18:35:00Z ===
{
  "Hora UTC": "2025-07-13 18:35:00",
  "Sectorización aplicable": {
    "sector_CZ_Centro": 323,
    "sector_AD": 312,
    "sector_XK": 280,
    "sector_GB_Oeste": 358,
    "sector_BE_Este": 403,
    "sector_PT_Este": 179,
    "sector_TR_Oeste": 195,
    "sector_SE_Oeste": 170,
    "sector_RU_Oeste": 79,
    "sector_IT_Norte": 448
  }
}
=== 2025-07-13T18:35:06Z ===
{
  "Hora UTC": "2025-07-13 18:35:00",
  "Sectorización aplicable": {
    "sector_CZ_Centro": 323,
    "sector_AD": 312,
    "sector_XK": 280,
    "sector_GB_Oeste": 358,
    "sector_BE_Este": 403,
    "sector_PT_Este": 179,
    "sector_TR_Oeste": 195,
    "sector_SE_Oeste": 170,
    "sector_RU_Oeste": 79,
    "sector_IT_Norte": 448
  }
}
=== 2025-07-13T18:35:11Z ===
{
  "Hora UTC": "2025-07-13 18:35:00",
  "Sectorización aplicable": {
    "sector_CZ_Centro": 323,
    "sector_AD": 312,
    "sector_XK": 280,
    "sector_GB_Oeste": 358,
    "sector_BE_Este": 403,
    "sector_PT_Este": 179,
    "sector_TR_Oeste": 195,
    "sector_SE_Oeste": 170,
    "sector_RU_Oeste": 79,
    "sector_IT_Norte": 448
  }
}
=== 2025-07-13T18:35:16Z ===
{
  "Hora UTC": "2025-07-13 18:35:00",
  "Sectorización aplicable": {
    "sector_CZ_Centro": 323,
    "sector_AD": 312,
    "sector_XK": 280,
    "sector_GB_Oeste": 358,
    "sector_BE_Este": 403,
    "sector_PT_Este": 179,
    "sector_TR_Oeste": 195,
    "sector_SE_Oeste": 170,
    "sector_RU_Oeste": 79,
    "sector_IT_Norte": 448
  }
}
=== 2025-07-13T18:35:21Z ===
{
  "Hora UTC": "2025-07-13 18:35:18",
  "Sectorización aplicable": {
    "sector_CZ_Centro": 325,
    "sector_AD": 323,
    "sector_XK": 295,
    "sector_GB_Oeste": 365,
    "sector_BE_Este": 410,
    "sector_PT_Este": 193,
    "sector_TR_Oeste": 205,
    "sector_SE_Oeste": 171,
    "sector_RU_Oeste": 86,
    "sector_IT_Norte": 460
  }
}
=== 2025-07-13T18:35:26Z ===
{
  "Hora UTC": "2025-07-13 18:35:18",
  "Sectorización aplicable": {
    "sector_CZ_Centro": 325,
    "sector_AD": 323,
    "sector_XK": 295,
    "sector_GB_Oeste": 365,
    "sector_BE_Este": 410,
    "sector_PT_Este": 193,
    "sector_TR_Oeste": 205,
    "sector_SE_Oeste": 171,
    "sector_RU_Oeste": 86,
    "sector_IT_Norte": 460
  }
}
=== 2025-07-13T18:35:32Z ===
{
  "Hora UTC": "2025-07-13 18:35:18",
  "Sectorización aplicable": {
    "sector_CZ_Centro": 325,
    "sector_AD": 323,
    "sector_XK": 295,
    "sector_GB_Oeste": 365,
    "sector_BE_Este": 410,
    "sector_PT_Este": 193,
    "sector_TR_Oeste": 205,
    "sector_SE_Oeste": 171,
    "sector_RU_Oeste": 86,
    "sector_IT_Norte": 460
  }
}
=== 2025-07-13T18:35:37Z ===
{
  "Hora UTC": "2025-07-13 18:35:33",
  "Sectorización aplicable": {
    "sector_CZ_Centro": 325,
    "sector_AD": 322,
    "sector_XK": 297,
    "sector_GB_Oeste": 357,
    "sector_BE_Este": 415,
    "sector_PT_Este": 195,
    "sector_TR_Oeste": 203,
    "sector_SE_Oeste": 170,
    "sector_RU_Oeste": 87,
    "sector_IT_Norte": 451
  }
}
=== 2025-07-13T18:35:43Z ===
{
  "Hora UTC": "2025-07-13 18:35:33",
  "Sectorización aplicable": {
    "sector_CZ_Centro": 325,
    "sector_AD": 322,
    "sector_XK": 297,
    "sector_GB_Oeste": 357,
    "sector_BE_Este": 415,
    "sector_PT_Este": 195,
    "sector_TR_Oeste": 203,
    "sector_SE_Oeste": 170,
    "sector_RU_Oeste": 87,
    "sector_IT_Norte": 451
  }
}
=== 2025-07-13T18:35:48Z ===
{
  "Hora UTC": "2025-07-13 18:35:33",
  "Sectorización aplicable": {
    "sector_CZ_Centro": 325,
    "sector_AD": 322,
    "sector_XK": 297,
    "sector_GB_Oeste": 357,
    "sector_BE_Este": 415,
    "sector_PT_Este": 195,
    "sector_TR_Oeste": 203,
    "sector_SE_Oeste": 170,
    "sector_RU_Oeste": 87,
    "sector_IT_Norte": 451
  }
}
=== 2025-07-13T18:35:54Z ===
{
  "Hora UTC": "2025-07-13 18:35:53",
  "Sectorización aplicable": {
    "sector_CZ_Centro": 324,
    "sector_AD": 324,
    "sector_XK": 300,
    "sector_GB_Oeste": 363,
    "sector_BE_Este": 420,
    "sector_PT_Este": 201,
    "sector_TR_Oeste": 209,
    "sector_SE_Oeste": 172,
    "sector_RU_Oeste": 90,
    "sector_IT_Norte": 456
  }
}
=== 2025-07-13T18:35:59Z ===
{
  "Hora UTC": "2025-07-13 18:35:53",
  "Sectorización aplicable": {
    "sector_CZ_Centro": 324,
    "sector_AD": 324,
    "sector_XK": 300,
    "sector_GB_Oeste": 363,
    "sector_BE_Este": 420,
    "sector_PT_Este": 201,
    "sector_TR_Oeste": 209,
    "sector_SE_Oeste": 172,
    "sector_RU_Oeste": 90,
    "sector_IT_Norte": 456
  }
}
=== 2025-07-13T18:36:04Z ===
{
  "Hora UTC": "2025-07-13 18:35:53",
  "Sectorización aplicable": {
    "sector_CZ_Centro": 324,
    "sector_AD": 324,
    "sector_XK": 300,
    "sector_GB_Oeste": 363,
    "sector_BE_Este": 420,
    "sector_PT_Este": 201,
    "sector_TR_Oeste": 209,
    "sector_SE_Oeste": 172,
    "sector_RU_Oeste": 90,
    "sector_IT_Norte": 456
  }
}
=== 2025-07-13T18:36:09Z ===
{
  "Hora UTC": "2025-07-13 18:35:53",
  "Sectorización aplicable": {
    "sector_CZ_Centro": 324,
    "sector_AD": 324,
    "sector_XK": 300,
    "sector_GB_Oeste": 363,
    "sector_BE_Este": 420,
    "sector_PT_Este": 201,
    "sector_TR_Oeste": 209,
    "sector_SE_Oeste": 172,
    "sector_RU_Oeste": 90,
    "sector_IT_Norte": 456
  }
}
=== 2025-07-13T18:36:15Z ===
{
  "Hora UTC": "2025-07-13 18:36:12",
  "Sectorización aplicable": {
    "sector_CZ_Centro": 323,
    "sector_AD": 325,
    "sector_XK": 302,
    "sector_GB_Oeste": 365,
    "sector_BE_Este": 422,
    "sector_PT_Este": 202,
    "sector_TR_Oeste": 214,
    "sector_SE_Oeste": 167,
    "sector_RU_Oeste": 89,
    "sector_IT_Norte": 461
  }
}
=== 2025-07-13T18:36:20Z ===
{
  "Hora UTC": "2025-07-13 18:36:12",
  "Sectorización aplicable": {
    "sector_CZ_Centro": 323,
    "sector_AD": 325,
    "sector_XK": 302,
    "sector_GB_Oeste": 365,
    "sector_BE_Este": 422,
    "sector_PT_Este": 202,
    "sector_TR_Oeste": 214,
    "sector_SE_Oeste": 167,
    "sector_RU_Oeste": 89,
    "sector_IT_Norte": 461
  }
}
=== 2025-07-13T18:36:25Z ===
{
  "Hora UTC": "2025-07-13 18:36:12",
  "Sectorización aplicable": {
    "sector_CZ_Centro": 323,
    "sector_AD": 325,
    "sector_XK": 302,
    "sector_GB_Oeste": 365,
    "sector_BE_Este": 422,
    "sector_PT_Este": 202,
    "sector_TR_Oeste": 214,
    "sector_SE_Oeste": 167,
    "sector_RU_Oeste": 89,
    "sector_IT_Norte": 461
  }
}
=== 2025-07-13T18:36:30Z ===
{
  "Hora UTC": "2025-07-13 18:36:12",
  "Sectorización aplicable": {
    "sector_CZ_Centro": 323,
    "sector_AD": 325,
    "sector_XK": 302,
    "sector_GB_Oeste": 365,
    "sector_BE_Este": 422,
    "sector_PT_Este": 202,
    "sector_TR_Oeste": 214,
    "sector_SE_Oeste": 167,
    "sector_RU_Oeste": 89,
    "sector_IT_Norte": 461
  }
}
=== 2025-07-13T18:36:35Z ===
{
  "Hora UTC": "2025-07-13 18:36:30",
  "Sectorización aplicable": {
    "sector_CZ_Centro": 325,
    "sector_AD": 339,
    "sector_XK": 304,
    "sector_GB_Oeste": 369,
    "sector_BE_Este": 420,
    "sector_PT_Este": 202,
    "sector_TR_Oeste": 219,
    "sector_SE_Oeste": 169,
    "sector_RU_Oeste": 88,
    "sector_IT_Norte": 466
  }
}
=== 2025-07-13T18:36:41Z ===
{
  "Hora UTC": "2025-07-13 18:36:30",
  "Sectorización aplicable": {
    "sector_CZ_Centro": 325,
    "sector_AD": 339,
    "sector_XK": 304,
    "sector_GB_Oeste": 369,
    "sector_BE_Este": 420,
    "sector_PT_Este": 202,
    "sector_TR_Oeste": 219,
    "sector_SE_Oeste": 169,
    "sector_RU_Oeste": 88,
    "sector_IT_Norte": 466
  }
}
=== 2025-07-13T18:36:46Z ===
{
  "Hora UTC": "2025-07-13 18:36:44",
  "Sectorización aplicable": {
    "sector_CZ_Centro": 332,
    "sector_AD": 338,
    "sector_XK": 304,
    "sector_GB_Oeste": 365,
    "sector_BE_Este": 413,
    "sector_PT_Este": 204,
    "sector_TR_Oeste": 219,
    "sector_SE_Oeste": 168,
    "sector_RU_Oeste": 85,
    "sector_IT_Norte": 467
  }
}
=== 2025-07-13T18:36:51Z ===
{
  "Hora UTC": "2025-07-13 18:36:44",
  "Sectorización aplicable": {
    "sector_CZ_Centro": 332,
    "sector_AD": 338,
    "sector_XK": 304,
    "sector_GB_Oeste": 365,
    "sector_BE_Este": 413,
    "sector_PT_Este": 204,
    "sector_TR_Oeste": 219,
    "sector_SE_Oeste": 168,
    "sector_RU_Oeste": 85,
    "sector_IT_Norte": 467
  }
}
=== 2025-07-13T18:36:56Z ===
{
  "Hora UTC": "2025-07-13 18:36:44",
  "Sectorización aplicable": {
    "sector_CZ_Centro": 332,
    "sector_AD": 338,
    "sector_XK": 304,
    "sector_GB_Oeste": 365,
    "sector_BE_Este": 413,
    "sector_PT_Este": 204,
    "sector_TR_Oeste": 219,
    "sector_SE_Oeste": 168,
    "sector_RU_Oeste": 85,
    "sector_IT_Norte": 467
  }
}
=== 2025-07-13T18:37:02Z ===
{
  "Hora UTC": "2025-07-13 18:36:44",
  "Sectorización aplicable": {
    "sector_CZ_Centro": 332,
    "sector_AD": 338,
    "sector_XK": 304,
    "sector_GB_Oeste": 365,
    "sector_BE_Este": 413,
    "sector_PT_Este": 204,
    "sector_TR_Oeste": 219,
    "sector_SE_Oeste": 168,
    "sector_RU_Oeste": 85,
    "sector_IT_Norte": 467
  }
}
=== 2025-07-13T18:37:07Z ===
{
  "Hora UTC": "2025-07-13 18:37:03",
  "Sectorización aplicable": {
    "sector_CZ_Centro": 331,
    "sector_AD": 338,
    "sector_XK": 302,
    "sector_GB_Oeste": 367,
    "sector_BE_Este": 420,
    "sector_PT_Este": 203,
    "sector_TR_Oeste": 217,
    "sector_SE_Oeste": 171,
    "sector_RU_Oeste": 84,
    "sector_IT_Norte": 467
  }
}
=== 2025-07-13T18:37:12Z ===
{
  "Hora UTC": "2025-07-13 18:37:03",
  "Sectorización aplicable": {
    "sector_CZ_Centro": 331,
    "sector_AD": 338,
    "sector_XK": 302,
    "sector_GB_Oeste": 367,
    "sector_BE_Este": 420,
    "sector_PT_Este": 203,
    "sector_TR_Oeste": 217,
    "sector_SE_Oeste": 171,
    "sector_RU_Oeste": 84,
    "sector_IT_Norte": 467
  }
}
=== 2025-07-13T18:37:17Z ===
{
  "Hora UTC": "2025-07-13 18:37:03",
  "Sectorización aplicable": {
    "sector_CZ_Centro": 331,
    "sector_AD": 338,
    "sector_XK": 302,
    "sector_GB_Oeste": 367,
    "sector_BE_Este": 420,
    "sector_PT_Este": 203,
    "sector_TR_Oeste": 217,
    "sector_SE_Oeste": 171,
    "sector_RU_Oeste": 84,
    "sector_IT_Norte": 467
  }
}
=== 2025-07-13T18:37:22Z ===
{
  "Hora UTC": "2025-07-13 18:37:03",
  "Sectorización aplicable": {
    "sector_CZ_Centro": 331,
    "sector_AD": 338,
    "sector_XK": 302,
    "sector_GB_Oeste": 367,
    "sector_BE_Este": 420,
    "sector_PT_Este": 203,
    "sector_TR_Oeste": 217,
    "sector_SE_Oeste": 171,
    "sector_RU_Oeste": 84,
    "sector_IT_Norte": 467
  }
}
=== 2025-07-13T18:37:28Z ===
{
  "Hora UTC": "2025-07-13 18:37:24",
  "Sectorización aplicable": {
    "sector_CZ_Centro": 337,
    "sector_AD": 339,
    "sector_XK": 306,
    "sector_GB_Oeste": 371,
    "sector_BE_Este": 428,
    "sector_PT_Este": 207,
    "sector_TR_Oeste": 219,
    "sector_SE_Oeste": 173,
    "sector_RU_Oeste": 87,
    "sector_IT_Norte": 461
  }
}
=== 2025-07-13T18:37:33Z ===
{
  "Hora UTC": "2025-07-13 18:37:24",
  "Sectorización aplicable": {
    "sector_CZ_Centro": 337,
    "sector_AD": 339,
    "sector_XK": 306,
    "sector_GB_Oeste": 371,
    "sector_BE_Este": 428,
    "sector_PT_Este": 207,
    "sector_TR_Oeste": 219,
    "sector_SE_Oeste": 173,
    "sector_RU_Oeste": 87,
    "sector_IT_Norte": 461
  }
}
=== 2025-07-13T18:37:38Z ===
{
  "Hora UTC": "2025-07-13 18:37:24",
  "Sectorización aplicable": {
    "sector_CZ_Centro": 337,
    "sector_AD": 339,
    "sector_XK": 306,
    "sector_GB_Oeste": 371,
    "sector_BE_Este": 428,
    "sector_PT_Este": 207,
    "sector_TR_Oeste": 219,
    "sector_SE_Oeste": 173,
    "sector_RU_Oeste": 87,
    "sector_IT_Norte": 461
  }
}
=== 2025-07-13T18:37:43Z ===
{
  "Hora UTC": "2025-07-13 18:37:41",
  "Sectorización aplicable": {
    "sector_CZ_Centro": 328,
    "sector_AD": 342,
    "sector_XK": 307,
    "sector_GB_Oeste": 368,
    "sector_BE_Este": 427,
    "sector_PT_Este": 208,
    "sector_TR_Oeste": 227,
    "sector_SE_Oeste": 172,
    "sector_RU_Oeste": 90,
    "sector_IT_Norte": 459
  }
}
=== 2025-07-13T18:37:48Z ===
{
  "Hora UTC": "2025-07-13 18:37:41",
  "Sectorización aplicable": {
    "sector_CZ_Centro": 328,
    "sector_AD": 342,
    "sector_XK": 307,
    "sector_GB_Oeste": 368,
    "sector_BE_Este": 427,
    "sector_PT_Este": 208,
    "sector_TR_Oeste": 227,
    "sector_SE_Oeste": 172,
    "sector_RU_Oeste": 90,
    "sector_IT_Norte": 459
  }
}
=== 2025-07-13T18:37:54Z ===
{
  "Hora UTC": "2025-07-13 18:37:41",
  "Sectorización aplicable": {
    "sector_CZ_Centro": 328,
    "sector_AD": 342,
    "sector_XK": 307,
    "sector_GB_Oeste": 368,
    "sector_BE_Este": 427,
    "sector_PT_Este": 208,
    "sector_TR_Oeste": 227,
    "sector_SE_Oeste": 172,
    "sector_RU_Oeste": 90,
    "sector_IT_Norte": 459
  }
}
=== 2025-07-13T18:37:59Z ===
{
  "Hora UTC": "2025-07-13 18:37:55",
  "Sectorización aplicable": {
    "sector_CZ_Centro": 332,
    "sector_AD": 343,
    "sector_XK": 310,
    "sector_GB_Oeste": 369,
    "sector_BE_Este": 430,
    "sector_PT_Este": 212,
    "sector_TR_Oeste": 226,
    "sector_SE_Oeste": 176,
    "sector_RU_Oeste": 89,
    "sector_IT_Norte": 465
  }
}
=== 2025-07-13T18:38:04Z ===
{
  "Hora UTC": "2025-07-13 18:37:55",
  "Sectorización aplicable": {
    "sector_CZ_Centro": 332,
    "sector_AD": 343,
    "sector_XK": 310,
    "sector_GB_Oeste": 369,
    "sector_BE_Este": 430,
    "sector_PT_Este": 212,
    "sector_TR_Oeste": 226,
    "sector_SE_Oeste": 176,
    "sector_RU_Oeste": 89,
    "sector_IT_Norte": 465
  }
}
