2025-07-13 18:57:49,057 - INFO - consumidor_redis3: Conectado a Redis en redis:6379
2025-07-13 18:57:49,095 - INFO - <BrokerConnection node_id=bootstrap-0 host=kafka:9092 <connecting> [IPv4 ('172.18.0.4', 9092)]>: connecting to kafka:9092 [('172.18.0.4', 9092) IPv4]
2025-07-13 18:57:49,106 - INFO - Probing node bootstrap-0 broker version
2025-07-13 18:57:49,112 - INFO - <BrokerConnection node_id=bootstrap-0 host=kafka:9092 <connecting> [IPv4 ('172.18.0.4', 9092)]>: Connection complete.
2025-07-13 18:57:49,902 - INFO - Broker version identified as 2.5.0
2025-07-13 18:57:49,914 - INFO - Set configuration api_version=(2, 5, 0) to skip auto check_version requests on startup
2025-07-13 18:57:49,932 - INFO - Probing node bootstrap-0 broker version
2025-07-13 18:57:50,186 - INFO - Broker version identified as 2.5.0
2025-07-13 18:57:50,186 - INFO - Set configuration api_version=(2, 5, 0) to skip auto check_version requests on startup
2025-07-13 18:57:50,704 - INFO - <BrokerConnection node_id=1 host=kafka:9092 <connecting> [IPv4 ('172.18.0.4', 9092)]>: connecting to kafka:9092 [('172.18.0.4', 9092) IPv4]
2025-07-13 18:57:50,716 - INFO - Probing node 1 broker version
2025-07-13 18:57:50,720 - INFO - <BrokerConnection node_id=1 host=kafka:9092 <connecting> [IPv4 ('172.18.0.4', 9092)]>: Connection complete.
2025-07-13 18:57:50,737 - INFO - <BrokerConnection node_id=bootstrap-0 host=kafka:9092 <connected> [IPv4 ('172.18.0.4', 9092)]>: Closing connection. 
2025-07-13 18:57:51,112 - INFO - Broker version identified as 2.5.0
2025-07-13 18:57:51,124 - INFO - Set configuration api_version=(2, 5, 0) to skip auto check_version requests on startup
2025-07-13 18:57:52,321 - INFO - consumidor_redis3:El topic adsb.aeronaves ya existe en Kafka.
2025-07-13 18:57:52,323 - INFO - <BrokerConnection node_id=1 host=kafka:9092 <connected> [IPv4 ('172.18.0.4', 9092)]>: Closing connection. 
2025-07-13 18:58:02,338 - INFO - <BrokerConnection node_id=bootstrap-0 host=kafka:9092 <connecting> [IPv4 ('172.18.0.4', 9092)]>: connecting to kafka:9092 [('172.18.0.4', 9092) IPv4]
2025-07-13 18:58:02,343 - INFO - Probing node bootstrap-0 broker version
2025-07-13 18:58:02,395 - INFO - <BrokerConnection node_id=bootstrap-0 host=kafka:9092 <connecting> [IPv4 ('172.18.0.4', 9092)]>: Connection complete.
2025-07-13 18:58:02,649 - INFO - Broker version identified as 2.5.0
2025-07-13 18:58:02,654 - INFO - Set configuration api_version=(2, 5, 0) to skip auto check_version requests on startup
2025-07-13 18:58:02,672 - INFO - Updating subscribed topics to: ('adsb.aeronaves',)
2025-07-13 18:58:02,674 - INFO - consumidor_redis3:Conectado a Kafka en kafka:9092.
2025-07-13 18:58:02,755 - INFO - Group coordinator for adsb_redis_group is BrokerMetadata(nodeId='coordinator-1', host='kafka', port=9092, rack=None)
2025-07-13 18:58:02,757 - INFO - Discovered coordinator coordinator-1 for group adsb_redis_group
2025-07-13 18:58:02,760 - INFO - Starting new heartbeat thread
2025-07-13 18:58:02,765 - INFO - Revoking previously assigned partitions set() for group adsb_redis_group
2025-07-13 18:58:02,773 - INFO - <BrokerConnection node_id=coordinator-1 host=kafka:9092 <connecting> [IPv4 ('172.18.0.4', 9092)]>: connecting to kafka:9092 [('172.18.0.4', 9092) IPv4]
2025-07-13 18:58:02,778 - INFO - <BrokerConnection node_id=coordinator-1 host=kafka:9092 <connecting> [IPv4 ('172.18.0.4', 9092)]>: Connection complete.
2025-07-13 18:58:02,781 - INFO - <BrokerConnection node_id=bootstrap-0 host=kafka:9092 <connected> [IPv4 ('172.18.0.4', 9092)]>: Closing connection. 
2025-07-13 18:58:02,884 - INFO - (Re-)joining group adsb_redis_group
2025-07-13 18:58:02,927 - WARNING - Marking the coordinator dead (node coordinator-1) for group adsb_redis_group: [Error 16] NotCoordinatorForGroupError.
2025-07-13 18:58:03,058 - INFO - <BrokerConnection node_id=1 host=kafka:9092 <connecting> [IPv4 ('172.18.0.4', 9092)]>: connecting to kafka:9092 [('172.18.0.4', 9092) IPv4]
2025-07-13 18:58:03,061 - INFO - <BrokerConnection node_id=1 host=kafka:9092 <connecting> [IPv4 ('172.18.0.4', 9092)]>: Connection complete.
2025-07-13 18:58:03,614 - INFO - Group coordinator for adsb_redis_group is BrokerMetadata(nodeId='coordinator-1', host='kafka', port=9092, rack=None)
2025-07-13 18:58:03,623 - INFO - Discovered coordinator coordinator-1 for group adsb_redis_group
2025-07-13 18:58:03,624 - INFO - (Re-)joining group adsb_redis_group
2025-07-13 18:58:03,922 - WARNING - Marking the coordinator dead (node coordinator-1) for group adsb_redis_group: [Error 16] NotCoordinatorForGroupError.
2025-07-13 18:58:04,042 - INFO - Group coordinator for adsb_redis_group is BrokerMetadata(nodeId='coordinator-1', host='kafka', port=9092, rack=None)
2025-07-13 18:58:04,098 - INFO - Discovered coordinator coordinator-1 for group adsb_redis_group
2025-07-13 18:58:04,103 - INFO - (Re-)joining group adsb_redis_group
2025-07-13 18:58:04,124 - WARNING - Marking the coordinator dead (node coordinator-1) for group adsb_redis_group: [Error 16] NotCoordinatorForGroupError.
2025-07-13 18:58:04,262 - INFO - Group coordinator for adsb_redis_group is BrokerMetadata(nodeId='coordinator-1', host='kafka', port=9092, rack=None)
2025-07-13 18:58:04,265 - INFO - Discovered coordinator coordinator-1 for group adsb_redis_group
2025-07-13 18:58:04,266 - INFO - (Re-)joining group adsb_redis_group
2025-07-13 18:58:04,278 - WARNING - Marking the coordinator dead (node coordinator-1) for group adsb_redis_group: [Error 16] NotCoordinatorForGroupError.
2025-07-13 18:58:04,779 - INFO - Group coordinator for adsb_redis_group is BrokerMetadata(nodeId='coordinator-1', host='kafka', port=9092, rack=None)
2025-07-13 18:58:04,782 - INFO - Discovered coordinator coordinator-1 for group adsb_redis_group
2025-07-13 18:58:04,785 - INFO - (Re-)joining group adsb_redis_group
2025-07-13 18:58:05,152 - WARNING - Marking the coordinator dead (node coordinator-1) for group adsb_redis_group: [Error 16] NotCoordinatorForGroupError.
2025-07-13 18:58:05,281 - INFO - Group coordinator for adsb_redis_group is BrokerMetadata(nodeId='coordinator-1', host='kafka', port=9092, rack=None)
2025-07-13 18:58:05,282 - INFO - Discovered coordinator coordinator-1 for group adsb_redis_group
2025-07-13 18:58:05,283 - INFO - (Re-)joining group adsb_redis_group
2025-07-13 18:58:05,299 - WARNING - Marking the coordinator dead (node coordinator-1) for group adsb_redis_group: [Error 16] NotCoordinatorForGroupError.
2025-07-13 18:58:05,462 - INFO - Group coordinator for adsb_redis_group is BrokerMetadata(nodeId='coordinator-1', host='kafka', port=9092, rack=None)
2025-07-13 18:58:05,468 - INFO - Discovered coordinator coordinator-1 for group adsb_redis_group
2025-07-13 18:58:05,475 - INFO - (Re-)joining group adsb_redis_group
2025-07-13 18:58:05,488 - WARNING - Marking the coordinator dead (node coordinator-1) for group adsb_redis_group: [Error 16] NotCoordinatorForGroupError.
2025-07-13 18:58:05,598 - INFO - Group coordinator for adsb_redis_group is BrokerMetadata(nodeId='coordinator-1', host='kafka', port=9092, rack=None)
2025-07-13 18:58:05,599 - INFO - Discovered coordinator coordinator-1 for group adsb_redis_group
2025-07-13 18:58:05,603 - INFO - (Re-)joining group adsb_redis_group
2025-07-13 18:58:05,621 - WARNING - Marking the coordinator dead (node coordinator-1) for group adsb_redis_group: [Error 16] NotCoordinatorForGroupError.
2025-07-13 18:58:05,765 - INFO - Group coordinator for adsb_redis_group is BrokerMetadata(nodeId='coordinator-1', host='kafka', port=9092, rack=None)
2025-07-13 18:58:05,803 - INFO - Discovered coordinator coordinator-1 for group adsb_redis_group
2025-07-13 18:58:05,805 - INFO - (Re-)joining group adsb_redis_group
2025-07-13 18:58:06,056 - WARNING - Marking the coordinator dead (node coordinator-1) for group adsb_redis_group: [Error 16] NotCoordinatorForGroupError.
2025-07-13 18:58:06,358 - INFO - Group coordinator for adsb_redis_group is BrokerMetadata(nodeId='coordinator-1', host='kafka', port=9092, rack=None)
2025-07-13 18:58:06,368 - INFO - Discovered coordinator coordinator-1 for group adsb_redis_group
2025-07-13 18:58:06,369 - INFO - (Re-)joining group adsb_redis_group
2025-07-13 18:58:06,406 - WARNING - Marking the coordinator dead (node coordinator-1) for group adsb_redis_group: [Error 16] NotCoordinatorForGroupError.
2025-07-13 18:58:07,341 - INFO - Group coordinator for adsb_redis_group is BrokerMetadata(nodeId='coordinator-1', host='kafka', port=9092, rack=None)
2025-07-13 18:58:07,351 - INFO - Discovered coordinator coordinator-1 for group adsb_redis_group
2025-07-13 18:58:07,405 - INFO - (Re-)joining group adsb_redis_group
2025-07-13 18:58:08,527 - WARNING - Marking the coordinator dead (node coordinator-1) for group adsb_redis_group: [Error 16] NotCoordinatorForGroupError.
2025-07-13 18:58:10,378 - INFO - Group coordinator for adsb_redis_group is BrokerMetadata(nodeId='coordinator-1', host='kafka', port=9092, rack=None)
2025-07-13 18:58:10,380 - INFO - Discovered coordinator coordinator-1 for group adsb_redis_group
2025-07-13 18:58:10,539 - INFO - (Re-)joining group adsb_redis_group
2025-07-13 18:58:10,799 - WARNING - Marking the coordinator dead (node coordinator-1) for group adsb_redis_group: [Error 16] NotCoordinatorForGroupError.
2025-07-13 18:58:10,949 - INFO - Group coordinator for adsb_redis_group is BrokerMetadata(nodeId='coordinator-1', host='kafka', port=9092, rack=None)
2025-07-13 18:58:10,954 - INFO - Discovered coordinator coordinator-1 for group adsb_redis_group
2025-07-13 18:58:10,957 - INFO - (Re-)joining group adsb_redis_group
2025-07-13 18:58:11,039 - WARNING - Marking the coordinator dead (node coordinator-1) for group adsb_redis_group: [Error 16] NotCoordinatorForGroupError.
2025-07-13 18:58:11,160 - INFO - Group coordinator for adsb_redis_group is BrokerMetadata(nodeId='coordinator-1', host='kafka', port=9092, rack=None)
2025-07-13 18:58:11,166 - INFO - Discovered coordinator coordinator-1 for group adsb_redis_group
2025-07-13 18:58:11,170 - INFO - (Re-)joining group adsb_redis_group
2025-07-13 18:58:11,195 - WARNING - Marking the coordinator dead (node coordinator-1) for group adsb_redis_group: [Error 16] NotCoordinatorForGroupError.
2025-07-13 18:58:11,450 - INFO - Group coordinator for adsb_redis_group is BrokerMetadata(nodeId='coordinator-1', host='kafka', port=9092, rack=None)
2025-07-13 18:58:11,452 - INFO - Discovered coordinator coordinator-1 for group adsb_redis_group
2025-07-13 18:58:11,457 - INFO - (Re-)joining group adsb_redis_group
2025-07-13 18:58:11,492 - WARNING - Marking the coordinator dead (node coordinator-1) for group adsb_redis_group: [Error 16] NotCoordinatorForGroupError.
2025-07-13 18:58:11,620 - INFO - Group coordinator for adsb_redis_group is BrokerMetadata(nodeId='coordinator-1', host='kafka', port=9092, rack=None)
2025-07-13 18:58:11,621 - INFO - Discovered coordinator coordinator-1 for group adsb_redis_group
2025-07-13 18:58:11,622 - INFO - (Re-)joining group adsb_redis_group
2025-07-13 18:58:11,639 - WARNING - Marking the coordinator dead (node coordinator-1) for group adsb_redis_group: [Error 16] NotCoordinatorForGroupError.
2025-07-13 18:58:11,830 - INFO - Group coordinator for adsb_redis_group is BrokerMetadata(nodeId='coordinator-1', host='kafka', port=9092, rack=None)
2025-07-13 18:58:11,830 - INFO - Discovered coordinator coordinator-1 for group adsb_redis_group
2025-07-13 18:58:11,831 - INFO - (Re-)joining group adsb_redis_group
2025-07-13 18:58:11,874 - WARNING - Marking the coordinator dead (node coordinator-1) for group adsb_redis_group: [Error 16] NotCoordinatorForGroupError.
2025-07-13 18:58:12,118 - INFO - Group coordinator for adsb_redis_group is BrokerMetadata(nodeId='coordinator-1', host='kafka', port=9092, rack=None)
2025-07-13 18:58:12,121 - INFO - Discovered coordinator coordinator-1 for group adsb_redis_group
2025-07-13 18:58:12,122 - INFO - (Re-)joining group adsb_redis_group
2025-07-13 18:58:12,147 - WARNING - Marking the coordinator dead (node coordinator-1) for group adsb_redis_group: [Error 16] NotCoordinatorForGroupError.
2025-07-13 18:58:12,259 - INFO - Group coordinator for adsb_redis_group is BrokerMetadata(nodeId='coordinator-1', host='kafka', port=9092, rack=None)
2025-07-13 18:58:12,262 - INFO - Discovered coordinator coordinator-1 for group adsb_redis_group
2025-07-13 18:58:12,265 - INFO - (Re-)joining group adsb_redis_group
2025-07-13 18:58:12,303 - WARNING - Marking the coordinator dead (node coordinator-1) for group adsb_redis_group: [Error 16] NotCoordinatorForGroupError.
2025-07-13 18:58:12,637 - INFO - Group coordinator for adsb_redis_group is BrokerMetadata(nodeId='coordinator-1', host='kafka', port=9092, rack=None)
2025-07-13 18:58:12,646 - INFO - Discovered coordinator coordinator-1 for group adsb_redis_group
2025-07-13 18:58:12,650 - INFO - (Re-)joining group adsb_redis_group
2025-07-13 18:58:12,791 - WARNING - Marking the coordinator dead (node coordinator-1) for group adsb_redis_group: [Error 16] NotCoordinatorForGroupError.
2025-07-13 18:58:12,970 - INFO - Group coordinator for adsb_redis_group is BrokerMetadata(nodeId='coordinator-1', host='kafka', port=9092, rack=None)
2025-07-13 18:58:12,971 - INFO - Discovered coordinator coordinator-1 for group adsb_redis_group
2025-07-13 18:58:12,972 - INFO - (Re-)joining group adsb_redis_group
2025-07-13 18:58:13,022 - WARNING - Marking the coordinator dead (node coordinator-1) for group adsb_redis_group: [Error 16] NotCoordinatorForGroupError.
2025-07-13 18:58:13,158 - INFO - Group coordinator for adsb_redis_group is BrokerMetadata(nodeId='coordinator-1', host='kafka', port=9092, rack=None)
2025-07-13 18:58:13,225 - INFO - Discovered coordinator coordinator-1 for group adsb_redis_group
2025-07-13 18:58:13,234 - INFO - (Re-)joining group adsb_redis_group
2025-07-13 18:58:13,322 - WARNING - Marking the coordinator dead (node coordinator-1) for group adsb_redis_group: [Error 16] NotCoordinatorForGroupError.
2025-07-13 18:58:13,468 - INFO - Group coordinator for adsb_redis_group is BrokerMetadata(nodeId='coordinator-1', host='kafka', port=9092, rack=None)
2025-07-13 18:58:13,491 - INFO - Discovered coordinator coordinator-1 for group adsb_redis_group
2025-07-13 18:58:13,505 - INFO - (Re-)joining group adsb_redis_group
2025-07-13 18:58:13,533 - WARNING - Marking the coordinator dead (node coordinator-1) for group adsb_redis_group: [Error 16] NotCoordinatorForGroupError.
2025-07-13 18:58:14,171 - INFO - Group coordinator for adsb_redis_group is BrokerMetadata(nodeId='coordinator-1', host='kafka', port=9092, rack=None)
2025-07-13 18:58:14,178 - INFO - Discovered coordinator coordinator-1 for group adsb_redis_group
2025-07-13 18:58:14,179 - INFO - (Re-)joining group adsb_redis_group
2025-07-13 18:58:14,796 - WARNING - Marking the coordinator dead (node coordinator-1) for group adsb_redis_group: [Error 16] NotCoordinatorForGroupError.
2025-07-13 18:58:15,025 - INFO - Group coordinator for adsb_redis_group is BrokerMetadata(nodeId='coordinator-1', host='kafka', port=9092, rack=None)
2025-07-13 18:58:15,079 - INFO - Discovered coordinator coordinator-1 for group adsb_redis_group
2025-07-13 18:58:15,245 - INFO - (Re-)joining group adsb_redis_group
2025-07-13 18:58:16,304 - WARNING - Marking the coordinator dead (node coordinator-1) for group adsb_redis_group: [Error 16] NotCoordinatorForGroupError.
2025-07-13 18:58:16,703 - INFO - Group coordinator for adsb_redis_group is BrokerMetadata(nodeId='coordinator-1', host='kafka', port=9092, rack=None)
2025-07-13 18:58:16,707 - INFO - Discovered coordinator coordinator-1 for group adsb_redis_group
2025-07-13 18:58:16,713 - INFO - (Re-)joining group adsb_redis_group
2025-07-13 18:58:16,724 - WARNING - Marking the coordinator dead (node coordinator-1) for group adsb_redis_group: [Error 16] NotCoordinatorForGroupError.
2025-07-13 18:58:16,911 - INFO - Group coordinator for adsb_redis_group is BrokerMetadata(nodeId='coordinator-1', host='kafka', port=9092, rack=None)
2025-07-13 18:58:16,914 - INFO - Discovered coordinator coordinator-1 for group adsb_redis_group
2025-07-13 18:58:16,920 - INFO - (Re-)joining group adsb_redis_group
2025-07-13 18:58:17,319 - WARNING - Marking the coordinator dead (node coordinator-1) for group adsb_redis_group: [Error 16] NotCoordinatorForGroupError.
2025-07-13 18:58:17,513 - INFO - Group coordinator for adsb_redis_group is BrokerMetadata(nodeId='coordinator-1', host='kafka', port=9092, rack=None)
2025-07-13 18:58:17,534 - INFO - Discovered coordinator coordinator-1 for group adsb_redis_group
2025-07-13 18:58:17,535 - INFO - (Re-)joining group adsb_redis_group
2025-07-13 18:58:17,643 - WARNING - Marking the coordinator dead (node coordinator-1) for group adsb_redis_group: [Error 16] NotCoordinatorForGroupError.
2025-07-13 18:58:18,087 - INFO - Group coordinator for adsb_redis_group is BrokerMetadata(nodeId='coordinator-1', host='kafka', port=9092, rack=None)
2025-07-13 18:58:18,109 - INFO - Discovered coordinator coordinator-1 for group adsb_redis_group
2025-07-13 18:58:18,133 - INFO - (Re-)joining group adsb_redis_group
2025-07-13 18:58:18,217 - WARNING - Marking the coordinator dead (node coordinator-1) for group adsb_redis_group: [Error 16] NotCoordinatorForGroupError.
2025-07-13 18:58:18,506 - INFO - Group coordinator for adsb_redis_group is BrokerMetadata(nodeId='coordinator-1', host='kafka', port=9092, rack=None)
2025-07-13 18:58:18,507 - INFO - Discovered coordinator coordinator-1 for group adsb_redis_group
2025-07-13 18:58:18,509 - INFO - (Re-)joining group adsb_redis_group
2025-07-13 18:58:18,750 - WARNING - Marking the coordinator dead (node coordinator-1) for group adsb_redis_group: [Error 16] NotCoordinatorForGroupError.
2025-07-13 18:58:19,347 - INFO - Group coordinator for adsb_redis_group is BrokerMetadata(nodeId='coordinator-1', host='kafka', port=9092, rack=None)
2025-07-13 18:58:19,348 - INFO - Discovered coordinator coordinator-1 for group adsb_redis_group
2025-07-13 18:58:19,349 - INFO - (Re-)joining group adsb_redis_group
2025-07-13 18:58:19,490 - WARNING - Marking the coordinator dead (node coordinator-1) for group adsb_redis_group: [Error 16] NotCoordinatorForGroupError.
2025-07-13 18:58:19,619 - INFO - Group coordinator for adsb_redis_group is BrokerMetadata(nodeId='coordinator-1', host='kafka', port=9092, rack=None)
2025-07-13 18:58:19,620 - INFO - Discovered coordinator coordinator-1 for group adsb_redis_group
2025-07-13 18:58:19,621 - INFO - (Re-)joining group adsb_redis_group
2025-07-13 18:58:19,634 - WARNING - Marking the coordinator dead (node coordinator-1) for group adsb_redis_group: [Error 16] NotCoordinatorForGroupError.
2025-07-13 18:58:20,314 - INFO - Group coordinator for adsb_redis_group is BrokerMetadata(nodeId='coordinator-1', host='kafka', port=9092, rack=None)
2025-07-13 18:58:20,315 - INFO - Discovered coordinator coordinator-1 for group adsb_redis_group
2025-07-13 18:58:20,367 - INFO - (Re-)joining group adsb_redis_group
2025-07-13 18:58:20,744 - WARNING - Marking the coordinator dead (node coordinator-1) for group adsb_redis_group: [Error 16] NotCoordinatorForGroupError.
2025-07-13 18:58:20,945 - INFO - Group coordinator for adsb_redis_group is BrokerMetadata(nodeId='coordinator-1', host='kafka', port=9092, rack=None)
2025-07-13 18:58:20,947 - INFO - Discovered coordinator coordinator-1 for group adsb_redis_group
2025-07-13 18:58:20,952 - INFO - (Re-)joining group adsb_redis_group
2025-07-13 18:58:20,986 - WARNING - Marking the coordinator dead (node coordinator-1) for group adsb_redis_group: [Error 16] NotCoordinatorForGroupError.
2025-07-13 18:58:21,208 - INFO - Group coordinator for adsb_redis_group is BrokerMetadata(nodeId='coordinator-1', host='kafka', port=9092, rack=None)
2025-07-13 18:58:21,215 - INFO - Discovered coordinator coordinator-1 for group adsb_redis_group
2025-07-13 18:58:21,218 - INFO - (Re-)joining group adsb_redis_group
2025-07-13 18:58:21,303 - WARNING - Marking the coordinator dead (node coordinator-1) for group adsb_redis_group: [Error 16] NotCoordinatorForGroupError.
2025-07-13 18:58:21,593 - INFO - Group coordinator for adsb_redis_group is BrokerMetadata(nodeId='coordinator-1', host='kafka', port=9092, rack=None)
2025-07-13 18:58:21,606 - INFO - Discovered coordinator coordinator-1 for group adsb_redis_group
2025-07-13 18:58:21,609 - INFO - (Re-)joining group adsb_redis_group
2025-07-13 18:58:21,824 - WARNING - Marking the coordinator dead (node coordinator-1) for group adsb_redis_group: [Error 16] NotCoordinatorForGroupError.
2025-07-13 18:58:22,696 - INFO - Group coordinator for adsb_redis_group is BrokerMetadata(nodeId='coordinator-1', host='kafka', port=9092, rack=None)
2025-07-13 18:58:22,699 - INFO - Discovered coordinator coordinator-1 for group adsb_redis_group
2025-07-13 18:58:22,701 - INFO - (Re-)joining group adsb_redis_group
2025-07-13 18:58:22,849 - WARNING - Marking the coordinator dead (node coordinator-1) for group adsb_redis_group: [Error 16] NotCoordinatorForGroupError.
2025-07-13 18:58:23,105 - INFO - Group coordinator for adsb_redis_group is BrokerMetadata(nodeId='coordinator-1', host='kafka', port=9092, rack=None)
2025-07-13 18:58:23,116 - INFO - Discovered coordinator coordinator-1 for group adsb_redis_group
2025-07-13 18:58:23,118 - INFO - (Re-)joining group adsb_redis_group
2025-07-13 18:58:23,150 - WARNING - Marking the coordinator dead (node coordinator-1) for group adsb_redis_group: [Error 16] NotCoordinatorForGroupError.
2025-07-13 18:58:23,413 - INFO - Group coordinator for adsb_redis_group is BrokerMetadata(nodeId='coordinator-1', host='kafka', port=9092, rack=None)
2025-07-13 18:58:23,413 - INFO - Discovered coordinator coordinator-1 for group adsb_redis_group
2025-07-13 18:58:23,414 - INFO - (Re-)joining group adsb_redis_group
2025-07-13 18:58:23,417 - WARNING - Marking the coordinator dead (node coordinator-1) for group adsb_redis_group: [Error 16] NotCoordinatorForGroupError.
2025-07-13 18:58:23,928 - INFO - Group coordinator for adsb_redis_group is BrokerMetadata(nodeId='coordinator-1', host='kafka', port=9092, rack=None)
2025-07-13 18:58:23,929 - INFO - Discovered coordinator coordinator-1 for group adsb_redis_group
2025-07-13 18:58:23,929 - INFO - (Re-)joining group adsb_redis_group
2025-07-13 18:58:24,050 - WARNING - Marking the coordinator dead (node coordinator-1) for group adsb_redis_group: [Error 16] NotCoordinatorForGroupError.
2025-07-13 18:58:24,182 - INFO - Group coordinator for adsb_redis_group is BrokerMetadata(nodeId='coordinator-1', host='kafka', port=9092, rack=None)
2025-07-13 18:58:24,196 - INFO - Discovered coordinator coordinator-1 for group adsb_redis_group
2025-07-13 18:58:24,208 - INFO - (Re-)joining group adsb_redis_group
2025-07-13 18:58:24,503 - WARNING - Marking the coordinator dead (node coordinator-1) for group adsb_redis_group: [Error 16] NotCoordinatorForGroupError.
2025-07-13 18:58:24,967 - INFO - Group coordinator for adsb_redis_group is BrokerMetadata(nodeId='coordinator-1', host='kafka', port=9092, rack=None)
2025-07-13 18:58:24,968 - INFO - Discovered coordinator coordinator-1 for group adsb_redis_group
2025-07-13 18:58:24,969 - INFO - (Re-)joining group adsb_redis_group
2025-07-13 18:58:25,051 - WARNING - Marking the coordinator dead (node coordinator-1) for group adsb_redis_group: [Error 16] NotCoordinatorForGroupError.
2025-07-13 18:58:25,406 - INFO - Group coordinator for adsb_redis_group is BrokerMetadata(nodeId='coordinator-1', host='kafka', port=9092, rack=None)
2025-07-13 18:58:25,407 - INFO - Discovered coordinator coordinator-1 for group adsb_redis_group
2025-07-13 18:58:25,408 - INFO - (Re-)joining group adsb_redis_group
2025-07-13 18:58:25,420 - WARNING - Marking the coordinator dead (node coordinator-1) for group adsb_redis_group: [Error 16] NotCoordinatorForGroupError.
2025-07-13 18:58:25,536 - INFO - Group coordinator for adsb_redis_group is BrokerMetadata(nodeId='coordinator-1', host='kafka', port=9092, rack=None)
2025-07-13 18:58:25,537 - INFO - Discovered coordinator coordinator-1 for group adsb_redis_group
2025-07-13 18:58:25,538 - INFO - (Re-)joining group adsb_redis_group
2025-07-13 18:58:25,558 - WARNING - Marking the coordinator dead (node coordinator-1) for group adsb_redis_group: [Error 16] NotCoordinatorForGroupError.
2025-07-13 18:58:25,857 - INFO - Group coordinator for adsb_redis_group is BrokerMetadata(nodeId='coordinator-1', host='kafka', port=9092, rack=None)
2025-07-13 18:58:25,857 - INFO - Discovered coordinator coordinator-1 for group adsb_redis_group
2025-07-13 18:58:25,867 - INFO - (Re-)joining group adsb_redis_group
2025-07-13 18:58:25,879 - WARNING - Marking the coordinator dead (node coordinator-1) for group adsb_redis_group: [Error 16] NotCoordinatorForGroupError.
2025-07-13 18:58:26,152 - INFO - Group coordinator for adsb_redis_group is BrokerMetadata(nodeId='coordinator-1', host='kafka', port=9092, rack=None)
2025-07-13 18:58:26,156 - INFO - Discovered coordinator coordinator-1 for group adsb_redis_group
2025-07-13 18:58:26,159 - INFO - (Re-)joining group adsb_redis_group
2025-07-13 18:58:26,212 - WARNING - Marking the coordinator dead (node coordinator-1) for group adsb_redis_group: [Error 16] NotCoordinatorForGroupError.
2025-07-13 18:58:26,386 - INFO - Group coordinator for adsb_redis_group is BrokerMetadata(nodeId='coordinator-1', host='kafka', port=9092, rack=None)
2025-07-13 18:58:26,388 - INFO - Discovered coordinator coordinator-1 for group adsb_redis_group
2025-07-13 18:58:26,388 - INFO - (Re-)joining group adsb_redis_group
2025-07-13 18:58:26,412 - WARNING - Marking the coordinator dead (node coordinator-1) for group adsb_redis_group: [Error 16] NotCoordinatorForGroupError.
2025-07-13 18:58:26,565 - INFO - Group coordinator for adsb_redis_group is BrokerMetadata(nodeId='coordinator-1', host='kafka', port=9092, rack=None)
2025-07-13 18:58:26,566 - INFO - Discovered coordinator coordinator-1 for group adsb_redis_group
2025-07-13 18:58:26,568 - INFO - (Re-)joining group adsb_redis_group
2025-07-13 18:58:26,609 - WARNING - Marking the coordinator dead (node coordinator-1) for group adsb_redis_group: [Error 16] NotCoordinatorForGroupError.
2025-07-13 18:58:26,832 - INFO - Group coordinator for adsb_redis_group is BrokerMetadata(nodeId='coordinator-1', host='kafka', port=9092, rack=None)
2025-07-13 18:58:26,834 - INFO - Discovered coordinator coordinator-1 for group adsb_redis_group
2025-07-13 18:58:26,836 - INFO - (Re-)joining group adsb_redis_group
2025-07-13 18:58:26,847 - WARNING - Marking the coordinator dead (node coordinator-1) for group adsb_redis_group: [Error 16] NotCoordinatorForGroupError.
2025-07-13 18:58:26,977 - INFO - Group coordinator for adsb_redis_group is BrokerMetadata(nodeId='coordinator-1', host='kafka', port=9092, rack=None)
2025-07-13 18:58:26,980 - INFO - Discovered coordinator coordinator-1 for group adsb_redis_group
2025-07-13 18:58:26,982 - INFO - (Re-)joining group adsb_redis_group
2025-07-13 18:58:27,000 - WARNING - Marking the coordinator dead (node coordinator-1) for group adsb_redis_group: [Error 16] NotCoordinatorForGroupError.
2025-07-13 18:58:27,457 - INFO - Group coordinator for adsb_redis_group is BrokerMetadata(nodeId='coordinator-1', host='kafka', port=9092, rack=None)
2025-07-13 18:58:27,459 - INFO - Discovered coordinator coordinator-1 for group adsb_redis_group
2025-07-13 18:58:27,462 - INFO - (Re-)joining group adsb_redis_group
2025-07-13 18:58:27,799 - WARNING - Marking the coordinator dead (node coordinator-1) for group adsb_redis_group: [Error 16] NotCoordinatorForGroupError.
2025-07-13 18:58:28,046 - INFO - Group coordinator for adsb_redis_group is BrokerMetadata(nodeId='coordinator-1', host='kafka', port=9092, rack=None)
2025-07-13 18:58:28,054 - INFO - Discovered coordinator coordinator-1 for group adsb_redis_group
2025-07-13 18:58:28,073 - INFO - (Re-)joining group adsb_redis_group
2025-07-13 18:58:29,349 - WARNING - Marking the coordinator dead (node coordinator-1) for group adsb_redis_group: [Error 16] NotCoordinatorForGroupError.
2025-07-13 18:58:30,174 - INFO - Group coordinator for adsb_redis_group is BrokerMetadata(nodeId='coordinator-1', host='kafka', port=9092, rack=None)
2025-07-13 18:58:30,293 - INFO - Discovered coordinator coordinator-1 for group adsb_redis_group
2025-07-13 18:58:30,306 - INFO - (Re-)joining group adsb_redis_group
2025-07-13 18:58:31,320 - WARNING - Marking the coordinator dead (node coordinator-1) for group adsb_redis_group: [Error 16] NotCoordinatorForGroupError.
2025-07-13 18:58:32,102 - INFO - Group coordinator for adsb_redis_group is BrokerMetadata(nodeId='coordinator-1', host='kafka', port=9092, rack=None)
2025-07-13 18:58:32,106 - INFO - Discovered coordinator coordinator-1 for group adsb_redis_group
2025-07-13 18:58:32,107 - INFO - (Re-)joining group adsb_redis_group
2025-07-13 18:58:32,695 - WARNING - Marking the coordinator dead (node coordinator-1) for group adsb_redis_group: [Error 16] NotCoordinatorForGroupError.
2025-07-13 18:58:32,920 - INFO - Group coordinator for adsb_redis_group is BrokerMetadata(nodeId='coordinator-1', host='kafka', port=9092, rack=None)
2025-07-13 18:58:32,920 - INFO - Discovered coordinator coordinator-1 for group adsb_redis_group
2025-07-13 18:58:32,921 - INFO - (Re-)joining group adsb_redis_group
2025-07-13 18:58:32,934 - WARNING - Marking the coordinator dead (node coordinator-1) for group adsb_redis_group: [Error 16] NotCoordinatorForGroupError.
2025-07-13 18:58:33,147 - INFO - Group coordinator for adsb_redis_group is BrokerMetadata(nodeId='coordinator-1', host='kafka', port=9092, rack=None)
2025-07-13 18:58:33,172 - INFO - Discovered coordinator coordinator-1 for group adsb_redis_group
2025-07-13 18:58:33,201 - INFO - (Re-)joining group adsb_redis_group
2025-07-13 18:58:33,967 - WARNING - Marking the coordinator dead (node coordinator-1) for group adsb_redis_group: [Error 16] NotCoordinatorForGroupError.
2025-07-13 18:58:34,379 - INFO - Group coordinator for adsb_redis_group is BrokerMetadata(nodeId='coordinator-1', host='kafka', port=9092, rack=None)
2025-07-13 18:58:34,386 - INFO - Discovered coordinator coordinator-1 for group adsb_redis_group
2025-07-13 18:58:34,389 - INFO - (Re-)joining group adsb_redis_group
2025-07-13 18:58:34,524 - WARNING - Marking the coordinator dead (node coordinator-1) for group adsb_redis_group: [Error 16] NotCoordinatorForGroupError.
2025-07-13 18:58:34,739 - INFO - Group coordinator for adsb_redis_group is BrokerMetadata(nodeId='coordinator-1', host='kafka', port=9092, rack=None)
2025-07-13 18:58:34,742 - INFO - Discovered coordinator coordinator-1 for group adsb_redis_group
2025-07-13 18:58:34,744 - INFO - (Re-)joining group adsb_redis_group
2025-07-13 18:58:34,829 - WARNING - Marking the coordinator dead (node coordinator-1) for group adsb_redis_group: [Error 16] NotCoordinatorForGroupError.
2025-07-13 18:58:34,954 - INFO - Group coordinator for adsb_redis_group is BrokerMetadata(nodeId='coordinator-1', host='kafka', port=9092, rack=None)
2025-07-13 18:58:34,974 - INFO - Discovered coordinator coordinator-1 for group adsb_redis_group
2025-07-13 18:58:34,977 - INFO - (Re-)joining group adsb_redis_group
2025-07-13 18:58:34,984 - WARNING - Marking the coordinator dead (node coordinator-1) for group adsb_redis_group: [Error 16] NotCoordinatorForGroupError.
2025-07-13 18:58:35,192 - INFO - Group coordinator for adsb_redis_group is BrokerMetadata(nodeId='coordinator-1', host='kafka', port=9092, rack=None)
2025-07-13 18:58:35,200 - INFO - Discovered coordinator coordinator-1 for group adsb_redis_group
2025-07-13 18:58:35,203 - INFO - (Re-)joining group adsb_redis_group
2025-07-13 18:58:35,221 - WARNING - Marking the coordinator dead (node coordinator-1) for group adsb_redis_group: [Error 16] NotCoordinatorForGroupError.
2025-07-13 18:58:36,621 - INFO - Group coordinator for adsb_redis_group is BrokerMetadata(nodeId='coordinator-1', host='kafka', port=9092, rack=None)
2025-07-13 18:58:36,621 - INFO - Discovered coordinator coordinator-1 for group adsb_redis_group
2025-07-13 18:58:36,623 - INFO - (Re-)joining group adsb_redis_group
2025-07-13 18:58:36,691 - WARNING - Marking the coordinator dead (node coordinator-1) for group adsb_redis_group: [Error 16] NotCoordinatorForGroupError.
2025-07-13 18:58:36,991 - INFO - Group coordinator for adsb_redis_group is BrokerMetadata(nodeId='coordinator-1', host='kafka', port=9092, rack=None)
2025-07-13 18:58:36,991 - INFO - Discovered coordinator coordinator-1 for group adsb_redis_group
2025-07-13 18:58:36,993 - INFO - (Re-)joining group adsb_redis_group
2025-07-13 18:58:37,864 - WARNING - Marking the coordinator dead (node coordinator-1) for group adsb_redis_group: [Error 16] NotCoordinatorForGroupError.
2025-07-13 18:58:38,019 - INFO - Group coordinator for adsb_redis_group is BrokerMetadata(nodeId='coordinator-1', host='kafka', port=9092, rack=None)
2025-07-13 18:58:38,028 - INFO - Discovered coordinator coordinator-1 for group adsb_redis_group
2025-07-13 18:58:38,030 - INFO - (Re-)joining group adsb_redis_group
2025-07-13 18:58:38,084 - WARNING - Marking the coordinator dead (node coordinator-1) for group adsb_redis_group: [Error 16] NotCoordinatorForGroupError.
2025-07-13 18:58:38,207 - INFO - Group coordinator for adsb_redis_group is BrokerMetadata(nodeId='coordinator-1', host='kafka', port=9092, rack=None)
2025-07-13 18:58:38,209 - INFO - Discovered coordinator coordinator-1 for group adsb_redis_group
2025-07-13 18:58:38,211 - INFO - (Re-)joining group adsb_redis_group
2025-07-13 18:58:38,252 - WARNING - Marking the coordinator dead (node coordinator-1) for group adsb_redis_group: [Error 16] NotCoordinatorForGroupError.
2025-07-13 18:58:38,420 - INFO - Group coordinator for adsb_redis_group is BrokerMetadata(nodeId='coordinator-1', host='kafka', port=9092, rack=None)
2025-07-13 18:58:38,421 - INFO - Discovered coordinator coordinator-1 for group adsb_redis_group
2025-07-13 18:58:38,422 - INFO - (Re-)joining group adsb_redis_group
2025-07-13 18:58:38,499 - WARNING - Marking the coordinator dead (node coordinator-1) for group adsb_redis_group: [Error 16] NotCoordinatorForGroupError.
2025-07-13 18:58:39,368 - INFO - Group coordinator for adsb_redis_group is BrokerMetadata(nodeId='coordinator-1', host='kafka', port=9092, rack=None)
2025-07-13 18:58:39,369 - INFO - Discovered coordinator coordinator-1 for group adsb_redis_group
2025-07-13 18:58:39,390 - INFO - (Re-)joining group adsb_redis_group
2025-07-13 18:58:40,270 - WARNING - Marking the coordinator dead (node coordinator-1) for group adsb_redis_group: [Error 16] NotCoordinatorForGroupError.
2025-07-13 18:58:40,938 - INFO - Group coordinator for adsb_redis_group is BrokerMetadata(nodeId='coordinator-1', host='kafka', port=9092, rack=None)
2025-07-13 18:58:40,975 - INFO - Discovered coordinator coordinator-1 for group adsb_redis_group
2025-07-13 18:58:40,975 - INFO - (Re-)joining group adsb_redis_group
2025-07-13 18:58:41,611 - WARNING - Marking the coordinator dead (node coordinator-1) for group adsb_redis_group: [Error 16] NotCoordinatorForGroupError.
2025-07-13 18:58:43,328 - INFO - Group coordinator for adsb_redis_group is BrokerMetadata(nodeId='coordinator-1', host='kafka', port=9092, rack=None)
2025-07-13 18:58:43,342 - INFO - Discovered coordinator coordinator-1 for group adsb_redis_group
2025-07-13 18:58:43,359 - INFO - (Re-)joining group adsb_redis_group
2025-07-13 18:58:43,574 - WARNING - Marking the coordinator dead (node coordinator-1) for group adsb_redis_group: [Error 16] NotCoordinatorForGroupError.
2025-07-13 18:58:43,837 - INFO - Group coordinator for adsb_redis_group is BrokerMetadata(nodeId='coordinator-1', host='kafka', port=9092, rack=None)
2025-07-13 18:58:43,838 - INFO - Discovered coordinator coordinator-1 for group adsb_redis_group
2025-07-13 18:58:43,842 - INFO - (Re-)joining group adsb_redis_group
2025-07-13 18:58:44,388 - WARNING - Marking the coordinator dead (node coordinator-1) for group adsb_redis_group: [Error 16] NotCoordinatorForGroupError.
2025-07-13 18:58:45,028 - INFO - Group coordinator for adsb_redis_group is BrokerMetadata(nodeId='coordinator-1', host='kafka', port=9092, rack=None)
2025-07-13 18:58:45,039 - INFO - Discovered coordinator coordinator-1 for group adsb_redis_group
2025-07-13 18:58:45,057 - INFO - (Re-)joining group adsb_redis_group
2025-07-13 18:58:45,358 - WARNING - Marking the coordinator dead (node coordinator-1) for group adsb_redis_group: [Error 16] NotCoordinatorForGroupError.
2025-07-13 18:58:46,236 - INFO - Group coordinator for adsb_redis_group is BrokerMetadata(nodeId='coordinator-1', host='kafka', port=9092, rack=None)
2025-07-13 18:58:46,238 - INFO - Discovered coordinator coordinator-1 for group adsb_redis_group
2025-07-13 18:58:46,244 - INFO - (Re-)joining group adsb_redis_group
2025-07-13 18:58:46,392 - WARNING - Marking the coordinator dead (node coordinator-1) for group adsb_redis_group: [Error 16] NotCoordinatorForGroupError.
2025-07-13 18:58:47,521 - INFO - Group coordinator for adsb_redis_group is BrokerMetadata(nodeId='coordinator-1', host='kafka', port=9092, rack=None)
2025-07-13 18:58:47,522 - INFO - Discovered coordinator coordinator-1 for group adsb_redis_group
2025-07-13 18:58:47,524 - INFO - (Re-)joining group adsb_redis_group
2025-07-13 18:58:47,849 - WARNING - Marking the coordinator dead (node coordinator-1) for group adsb_redis_group: [Error 16] NotCoordinatorForGroupError.
2025-07-13 18:58:48,226 - INFO - Group coordinator for adsb_redis_group is BrokerMetadata(nodeId='coordinator-1', host='kafka', port=9092, rack=None)
2025-07-13 18:58:48,227 - INFO - Discovered coordinator coordinator-1 for group adsb_redis_group
2025-07-13 18:58:48,227 - INFO - (Re-)joining group adsb_redis_group
2025-07-13 18:58:48,299 - WARNING - Marking the coordinator dead (node coordinator-1) for group adsb_redis_group: [Error 16] NotCoordinatorForGroupError.
2025-07-13 18:58:50,623 - INFO - Group coordinator for adsb_redis_group is BrokerMetadata(nodeId='coordinator-1', host='kafka', port=9092, rack=None)
2025-07-13 18:58:51,066 - INFO - Discovered coordinator coordinator-1 for group adsb_redis_group
2025-07-13 18:58:51,068 - INFO - (Re-)joining group adsb_redis_group
2025-07-13 18:58:51,364 - WARNING - Marking the coordinator dead (node coordinator-1) for group adsb_redis_group: [Error 16] NotCoordinatorForGroupError.
2025-07-13 18:58:51,638 - INFO - Group coordinator for adsb_redis_group is BrokerMetadata(nodeId='coordinator-1', host='kafka', port=9092, rack=None)
2025-07-13 18:58:51,640 - INFO - Discovered coordinator coordinator-1 for group adsb_redis_group
2025-07-13 18:58:51,641 - INFO - (Re-)joining group adsb_redis_group
2025-07-13 18:58:51,724 - WARNING - Marking the coordinator dead (node coordinator-1) for group adsb_redis_group: [Error 16] NotCoordinatorForGroupError.
2025-07-13 18:58:51,886 - INFO - Group coordinator for adsb_redis_group is BrokerMetadata(nodeId='coordinator-1', host='kafka', port=9092, rack=None)
2025-07-13 18:58:51,895 - INFO - Discovered coordinator coordinator-1 for group adsb_redis_group
2025-07-13 18:58:51,900 - INFO - (Re-)joining group adsb_redis_group
2025-07-13 18:58:51,903 - WARNING - Marking the coordinator dead (node coordinator-1) for group adsb_redis_group: [Error 16] NotCoordinatorForGroupError.
2025-07-13 18:58:52,425 - INFO - Group coordinator for adsb_redis_group is BrokerMetadata(nodeId='coordinator-1', host='kafka', port=9092, rack=None)
2025-07-13 18:58:52,431 - INFO - Discovered coordinator coordinator-1 for group adsb_redis_group
2025-07-13 18:58:52,432 - INFO - (Re-)joining group adsb_redis_group
2025-07-13 18:58:52,732 - WARNING - Marking the coordinator dead (node coordinator-1) for group adsb_redis_group: [Error 16] NotCoordinatorForGroupError.
2025-07-13 18:58:54,215 - INFO - Group coordinator for adsb_redis_group is BrokerMetadata(nodeId='coordinator-1', host='kafka', port=9092, rack=None)
2025-07-13 18:58:54,216 - INFO - Discovered coordinator coordinator-1 for group adsb_redis_group
2025-07-13 18:58:54,217 - INFO - (Re-)joining group adsb_redis_group
2025-07-13 18:58:55,719 - WARNING - Marking the coordinator dead (node coordinator-1) for group adsb_redis_group: [Error 16] NotCoordinatorForGroupError.
2025-07-13 18:58:57,672 - INFO - Group coordinator for adsb_redis_group is BrokerMetadata(nodeId='coordinator-1', host='kafka', port=9092, rack=None)
2025-07-13 18:58:57,695 - INFO - Discovered coordinator coordinator-1 for group adsb_redis_group
2025-07-13 18:58:57,698 - INFO - (Re-)joining group adsb_redis_group
2025-07-13 18:58:58,344 - WARNING - Marking the coordinator dead (node coordinator-1) for group adsb_redis_group: [Error 16] NotCoordinatorForGroupError.
2025-07-13 18:58:58,879 - INFO - Group coordinator for adsb_redis_group is BrokerMetadata(nodeId='coordinator-1', host='kafka', port=9092, rack=None)
2025-07-13 18:58:58,880 - INFO - Discovered coordinator coordinator-1 for group adsb_redis_group
2025-07-13 18:58:58,892 - INFO - (Re-)joining group adsb_redis_group
2025-07-13 18:58:59,066 - WARNING - Marking the coordinator dead (node coordinator-1) for group adsb_redis_group: [Error 16] NotCoordinatorForGroupError.
2025-07-13 18:59:00,130 - INFO - Group coordinator for adsb_redis_group is BrokerMetadata(nodeId='coordinator-1', host='kafka', port=9092, rack=None)
2025-07-13 18:59:00,132 - INFO - Discovered coordinator coordinator-1 for group adsb_redis_group
2025-07-13 18:59:00,135 - INFO - (Re-)joining group adsb_redis_group
2025-07-13 18:59:00,170 - WARNING - Marking the coordinator dead (node coordinator-1) for group adsb_redis_group: [Error 16] NotCoordinatorForGroupError.
2025-07-13 18:59:00,329 - INFO - Group coordinator for adsb_redis_group is BrokerMetadata(nodeId='coordinator-1', host='kafka', port=9092, rack=None)
2025-07-13 18:59:00,332 - INFO - Discovered coordinator coordinator-1 for group adsb_redis_group
2025-07-13 18:59:00,339 - INFO - (Re-)joining group adsb_redis_group
2025-07-13 18:59:00,362 - WARNING - Marking the coordinator dead (node coordinator-1) for group adsb_redis_group: [Error 16] NotCoordinatorForGroupError.
2025-07-13 18:59:00,677 - INFO - Group coordinator for adsb_redis_group is BrokerMetadata(nodeId='coordinator-1', host='kafka', port=9092, rack=None)
2025-07-13 18:59:00,713 - INFO - Discovered coordinator coordinator-1 for group adsb_redis_group
2025-07-13 18:59:00,718 - INFO - (Re-)joining group adsb_redis_group
2025-07-13 18:59:00,738 - WARNING - Marking the coordinator dead (node coordinator-1) for group adsb_redis_group: [Error 16] NotCoordinatorForGroupError.
2025-07-13 18:59:00,915 - INFO - Group coordinator for adsb_redis_group is BrokerMetadata(nodeId='coordinator-1', host='kafka', port=9092, rack=None)
2025-07-13 18:59:00,918 - INFO - Discovered coordinator coordinator-1 for group adsb_redis_group
2025-07-13 18:59:00,919 - INFO - (Re-)joining group adsb_redis_group
2025-07-13 18:59:00,992 - WARNING - Marking the coordinator dead (node coordinator-1) for group adsb_redis_group: [Error 16] NotCoordinatorForGroupError.
2025-07-13 18:59:01,230 - INFO - Group coordinator for adsb_redis_group is BrokerMetadata(nodeId='coordinator-1', host='kafka', port=9092, rack=None)
2025-07-13 18:59:01,231 - INFO - Discovered coordinator coordinator-1 for group adsb_redis_group
2025-07-13 18:59:01,233 - INFO - (Re-)joining group adsb_redis_group
2025-07-13 18:59:01,269 - WARNING - Marking the coordinator dead (node coordinator-1) for group adsb_redis_group: [Error 16] NotCoordinatorForGroupError.
2025-07-13 18:59:01,618 - INFO - Group coordinator for adsb_redis_group is BrokerMetadata(nodeId='coordinator-1', host='kafka', port=9092, rack=None)
2025-07-13 18:59:01,620 - INFO - Discovered coordinator coordinator-1 for group adsb_redis_group
2025-07-13 18:59:01,624 - INFO - (Re-)joining group adsb_redis_group
2025-07-13 18:59:01,865 - WARNING - Marking the coordinator dead (node coordinator-1) for group adsb_redis_group: [Error 16] NotCoordinatorForGroupError.
2025-07-13 18:59:02,199 - INFO - Group coordinator for adsb_redis_group is BrokerMetadata(nodeId='coordinator-1', host='kafka', port=9092, rack=None)
2025-07-13 18:59:02,200 - INFO - Discovered coordinator coordinator-1 for group adsb_redis_group
2025-07-13 18:59:02,204 - INFO - (Re-)joining group adsb_redis_group
2025-07-13 18:59:02,355 - WARNING - Marking the coordinator dead (node coordinator-1) for group adsb_redis_group: [Error 16] NotCoordinatorForGroupError.
2025-07-13 18:59:02,750 - INFO - Group coordinator for adsb_redis_group is BrokerMetadata(nodeId='coordinator-1', host='kafka', port=9092, rack=None)
2025-07-13 18:59:02,751 - INFO - Discovered coordinator coordinator-1 for group adsb_redis_group
2025-07-13 18:59:02,751 - INFO - (Re-)joining group adsb_redis_group
2025-07-13 18:59:03,098 - WARNING - Marking the coordinator dead (node coordinator-1) for group adsb_redis_group: [Error 16] NotCoordinatorForGroupError.
2025-07-13 18:59:03,285 - INFO - Group coordinator for adsb_redis_group is BrokerMetadata(nodeId='coordinator-1', host='kafka', port=9092, rack=None)
2025-07-13 18:59:03,294 - INFO - Discovered coordinator coordinator-1 for group adsb_redis_group
2025-07-13 18:59:03,294 - INFO - (Re-)joining group adsb_redis_group
2025-07-13 18:59:03,497 - WARNING - Marking the coordinator dead (node coordinator-1) for group adsb_redis_group: [Error 16] NotCoordinatorForGroupError.
2025-07-13 18:59:03,707 - INFO - Group coordinator for adsb_redis_group is BrokerMetadata(nodeId='coordinator-1', host='kafka', port=9092, rack=None)
2025-07-13 18:59:03,714 - INFO - Discovered coordinator coordinator-1 for group adsb_redis_group
2025-07-13 18:59:03,715 - INFO - (Re-)joining group adsb_redis_group
2025-07-13 18:59:04,009 - WARNING - Marking the coordinator dead (node coordinator-1) for group adsb_redis_group: [Error 16] NotCoordinatorForGroupError.
2025-07-13 18:59:04,304 - INFO - Group coordinator for adsb_redis_group is BrokerMetadata(nodeId='coordinator-1', host='kafka', port=9092, rack=None)
2025-07-13 18:59:04,308 - INFO - Discovered coordinator coordinator-1 for group adsb_redis_group
2025-07-13 18:59:04,313 - INFO - (Re-)joining group adsb_redis_group
2025-07-13 18:59:04,527 - WARNING - Marking the coordinator dead (node coordinator-1) for group adsb_redis_group: [Error 16] NotCoordinatorForGroupError.
2025-07-13 18:59:04,742 - INFO - Group coordinator for adsb_redis_group is BrokerMetadata(nodeId='coordinator-1', host='kafka', port=9092, rack=None)
2025-07-13 18:59:04,743 - INFO - Discovered coordinator coordinator-1 for group adsb_redis_group
2025-07-13 18:59:04,751 - INFO - (Re-)joining group adsb_redis_group
2025-07-13 18:59:11,929 - INFO - Elected group leader -- performing partition assignments using range
2025-07-13 18:59:12,358 - INFO - Successfully joined group adsb_redis_group with generation 1
2025-07-13 18:59:12,359 - INFO - Updated partition assignment: [TopicPartition(topic='adsb.aeronaves', partition=2)]
2025-07-13 18:59:12,360 - INFO - Setting newly assigned partitions {TopicPartition(topic='adsb.aeronaves', partition=2)} for group adsb_redis_group
2025-07-13 19:00:30,216 - INFO - consumidor_redis3***Latencia_mensajeria***396.5888023376465***ms
2025-07-13 19:00:30,399 - INFO - consumidor_redis3: 19 insertadas en Redis.
2025-07-13 19:00:30,402 - INFO - consumidor_redis3***Latencia_ConsumidorRedis***186.71631813049316***ms
2025-07-13 19:00:43,842 - INFO - consumidor_redis3***Latencia_mensajeria***3917.487144470215***ms
2025-07-13 19:00:47,694 - INFO - consumidor_redis3: 192 insertadas en Redis.
2025-07-13 19:00:47,703 - INFO - consumidor_redis3***Latencia_ConsumidorRedis***3861.2611293792725***ms
2025-07-13 19:00:47,742 - INFO - consumidor_redis3***Latencia_mensajeria***5917.020559310913***ms
2025-07-13 19:00:50,063 - INFO - consumidor_redis3: 189 insertadas en Redis.
2025-07-13 19:00:50,082 - INFO - consumidor_redis3***Latencia_ConsumidorRedis***2339.937210083008***ms
2025-07-13 19:00:50,254 - INFO - consumidor_redis3***Latencia_mensajeria***7481.535196304321***ms
2025-07-13 19:00:51,899 - INFO - consumidor_redis3: 193 insertadas en Redis.
2025-07-13 19:00:51,906 - INFO - consumidor_redis3***Latencia_ConsumidorRedis***1651.8630981445312***ms
2025-07-13 19:00:55,103 - INFO - consumidor_redis3***Latencia_mensajeria***4332.148313522339***ms
2025-07-13 19:01:01,572 - INFO - consumidor_redis3: 196 insertadas en Redis.
2025-07-13 19:01:01,587 - INFO - consumidor_redis3***Latencia_ConsumidorRedis***6483.938932418823***ms
2025-07-13 19:01:08,746 - INFO - consumidor_redis3***Latencia_mensajeria***7876.418828964233***ms
2025-07-13 19:01:15,421 - INFO - consumidor_redis3: 189 insertadas en Redis.
2025-07-13 19:01:15,699 - INFO - consumidor_redis3***Latencia_ConsumidorRedis***6952.624082565308***ms
2025-07-13 19:01:16,026 - INFO - consumidor_redis3***Latencia_mensajeria***14509.774446487427***ms
2025-07-13 19:01:18,060 - INFO - consumidor_redis3: 185 insertadas en Redis.
2025-07-13 19:01:18,103 - INFO - consumidor_redis3***Latencia_ConsumidorRedis***2076.7786502838135***ms
2025-07-13 19:01:18,108 - INFO - consumidor_redis3***Latencia_mensajeria***16517.61031150818***ms
2025-07-13 19:01:19,028 - INFO - consumidor_redis3: 187 insertadas en Redis.
2025-07-13 19:01:19,035 - INFO - consumidor_redis3***Latencia_ConsumidorRedis***926.2948036193848***ms
2025-07-13 19:01:19,112 - INFO - consumidor_redis3***Latencia_mensajeria***17457.525491714478***ms
2025-07-13 19:01:19,667 - INFO - consumidor_redis3: 191 insertadas en Redis.
2025-07-13 19:01:19,669 - INFO - consumidor_redis3***Latencia_ConsumidorRedis***557.2526454925537***ms
2025-07-13 19:01:19,669 - INFO - consumidor_redis3***Latencia_mensajeria***17702.855348587036***ms
2025-07-13 19:01:22,994 - INFO - consumidor_redis3: 189 insertadas en Redis.
2025-07-13 19:01:23,912 - INFO - consumidor_redis3***Latencia_ConsumidorRedis***4242.518186569214***ms
2025-07-13 19:01:24,022 - INFO - consumidor_redis3***Latencia_mensajeria***14244.820594787598***ms
2025-07-13 19:01:27,709 - INFO - consumidor_redis3: 189 insertadas en Redis.
2025-07-13 19:01:27,720 - INFO - consumidor_redis3***Latencia_ConsumidorRedis***3698.328733444214***ms
2025-07-13 19:01:27,789 - INFO - consumidor_redis3***Latencia_mensajeria***15520.238399505615***ms
2025-07-13 19:01:29,062 - INFO - consumidor_redis3: 192 insertadas en Redis.
2025-07-13 19:01:29,073 - INFO - consumidor_redis3***Latencia_ConsumidorRedis***1283.9763164520264***ms
2025-07-13 19:01:29,075 - INFO - consumidor_redis3***Latencia_mensajeria***16178.770780563354***ms
2025-07-13 19:01:30,988 - INFO - consumidor_redis3: 185 insertadas en Redis.
2025-07-13 19:01:31,232 - INFO - consumidor_redis3***Latencia_ConsumidorRedis***2156.831979751587***ms
2025-07-13 19:01:31,236 - INFO - consumidor_redis3***Latencia_mensajeria***11437.270879745483***ms
2025-07-13 19:01:38,299 - INFO - consumidor_redis3: 189 insertadas en Redis.
2025-07-13 19:01:38,323 - INFO - consumidor_redis3***Latencia_ConsumidorRedis***7079.047679901123***ms
2025-07-13 19:01:38,329 - INFO - consumidor_redis3***Latencia_mensajeria***17873.21138381958***ms
2025-07-13 19:01:41,411 - INFO - consumidor_redis3: 184 insertadas en Redis.
2025-07-13 19:01:41,416 - INFO - consumidor_redis3***Latencia_ConsumidorRedis***3087.5043869018555***ms
2025-07-13 19:01:41,493 - INFO - consumidor_redis3***Latencia_mensajeria***20333.26005935669***ms
2025-07-13 19:01:44,543 - INFO - consumidor_redis3: 190 insertadas en Redis.
2025-07-13 19:01:45,159 - INFO - consumidor_redis3***Latencia_ConsumidorRedis***3666.4812564849854***ms
2025-07-13 19:01:45,162 - INFO - consumidor_redis3***Latencia_mensajeria***23789.29853439331***ms
2025-07-13 19:01:47,596 - INFO - consumidor_redis3: 52 insertadas en Redis.
2025-07-13 19:01:47,601 - INFO - consumidor_redis3***Latencia_ConsumidorRedis***2438.905715942383***ms
2025-07-13 19:01:48,270 - INFO - consumidor_redis3***Latencia_mensajeria***7579.938888549805***ms
2025-07-13 19:01:53,640 - INFO - consumidor_redis3: 182 insertadas en Redis.
2025-07-13 19:01:53,647 - INFO - consumidor_redis3***Latencia_ConsumidorRedis***5376.995801925659***ms
2025-07-13 19:01:53,783 - INFO - consumidor_redis3***Latencia_mensajeria***12801.231622695923***ms
2025-07-13 19:01:54,873 - INFO - consumidor_redis3: 183 insertadas en Redis.
2025-07-13 19:01:54,882 - INFO - consumidor_redis3***Latencia_ConsumidorRedis***1099.0571975708008***ms
2025-07-13 19:01:54,936 - INFO - consumidor_redis3***Latencia_mensajeria***13710.296154022217***ms
2025-07-13 19:01:56,423 - INFO - consumidor_redis3: 185 insertadas en Redis.
2025-07-13 19:01:56,436 - INFO - consumidor_redis3***Latencia_ConsumidorRedis***1499.4211196899414***ms
2025-07-13 19:01:56,524 - INFO - consumidor_redis3***Latencia_mensajeria***14897.350311279297***ms
2025-07-13 19:01:57,665 - INFO - consumidor_redis3: 187 insertadas en Redis.
2025-07-13 19:01:57,703 - INFO - consumidor_redis3***Latencia_ConsumidorRedis***1178.6034107208252***ms
2025-07-13 19:01:57,755 - INFO - consumidor_redis3***Latencia_mensajeria***16005.364894866943***ms
2025-07-13 19:01:58,888 - INFO - consumidor_redis3: 184 insertadas en Redis.
2025-07-13 19:01:58,905 - INFO - consumidor_redis3***Latencia_ConsumidorRedis***1150.6304740905762***ms
2025-07-13 19:01:58,907 - INFO - consumidor_redis3***Latencia_mensajeria***8302.113056182861***ms
2025-07-13 19:01:59,373 - INFO - consumidor_redis3: 179 insertadas en Redis.
2025-07-13 19:01:59,376 - INFO - consumidor_redis3***Latencia_ConsumidorRedis***468.92857551574707***ms
2025-07-13 19:01:59,378 - INFO - consumidor_redis3***Latencia_mensajeria***6728.363990783691***ms
2025-07-13 19:02:00,429 - INFO - consumidor_redis3: 180 insertadas en Redis.
2025-07-13 19:02:00,438 - INFO - consumidor_redis3***Latencia_ConsumidorRedis***1060.476303100586***ms
2025-07-13 19:02:00,570 - INFO - consumidor_redis3***Latencia_mensajeria***7663.848400115967***ms
2025-07-13 19:02:01,613 - INFO - consumidor_redis3: 191 insertadas en Redis.
2025-07-13 19:02:01,640 - INFO - consumidor_redis3***Latencia_ConsumidorRedis***1070.3449249267578***ms
2025-07-13 19:02:01,643 - INFO - consumidor_redis3***Latencia_mensajeria***8349.270820617676***ms
2025-07-13 19:02:02,409 - INFO - consumidor_redis3: 101 insertadas en Redis.
2025-07-13 19:02:02,567 - INFO - consumidor_redis3***Latencia_ConsumidorRedis***924.1771697998047***ms
2025-07-13 19:02:02,579 - INFO - consumidor_redis3***Latencia_mensajeria***2778.669834136963***ms
2025-07-13 19:02:03,300 - INFO - consumidor_redis3: 184 insertadas en Redis.
2025-07-13 19:02:03,303 - INFO - consumidor_redis3***Latencia_ConsumidorRedis***724.0495681762695***ms
2025-07-13 19:02:03,362 - INFO - consumidor_redis3***Latencia_mensajeria***3532.6757431030273***ms
2025-07-13 19:02:05,346 - INFO - consumidor_redis3: 186 insertadas en Redis.
2025-07-13 19:02:05,361 - INFO - consumidor_redis3***Latencia_ConsumidorRedis***1998.2242584228516***ms
2025-07-13 19:02:05,362 - INFO - consumidor_redis3***Latencia_mensajeria***4705.921649932861***ms
2025-07-13 19:02:05,932 - INFO - consumidor_redis3: 177 insertadas en Redis.
2025-07-13 19:02:05,937 - INFO - consumidor_redis3***Latencia_ConsumidorRedis***575.2665996551514***ms
2025-07-13 19:02:06,021 - INFO - consumidor_redis3***Latencia_mensajeria***5258.977174758911***ms
2025-07-13 19:02:07,298 - INFO - consumidor_redis3: 187 insertadas en Redis.
2025-07-13 19:02:07,302 - INFO - consumidor_redis3***Latencia_ConsumidorRedis***1281.381607055664***ms
2025-07-13 19:02:07,303 - INFO - consumidor_redis3***Latencia_mensajeria***6512.096643447876***ms
2025-07-13 19:02:07,759 - INFO - consumidor_redis3: 187 insertadas en Redis.
2025-07-13 19:02:07,763 - INFO - consumidor_redis3***Latencia_ConsumidorRedis***459.75708961486816***ms
2025-07-13 19:02:07,766 - INFO - consumidor_redis3***Latencia_mensajeria***6676.932573318481***ms
2025-07-13 19:02:08,480 - INFO - consumidor_redis3: 185 insertadas en Redis.
2025-07-13 19:02:08,484 - INFO - consumidor_redis3***Latencia_ConsumidorRedis***717.9586887359619***ms
2025-07-13 19:02:11,966 - INFO - consumidor_redis3***Latencia_mensajeria***1777.9643535614014***ms
2025-07-13 19:02:12,565 - INFO - consumidor_redis3: 180 insertadas en Redis.
2025-07-13 19:02:12,570 - INFO - consumidor_redis3***Latencia_ConsumidorRedis***603.8596630096436***ms
2025-07-13 19:02:12,600 - INFO - consumidor_redis3***Latencia_mensajeria***2082.582712173462***ms
2025-07-13 19:02:13,633 - INFO - consumidor_redis3: 183 insertadas en Redis.
2025-07-13 19:02:13,666 - INFO - consumidor_redis3***Latencia_ConsumidorRedis***1065.7756328582764***ms
2025-07-13 19:02:22,637 - INFO - consumidor_redis3***Latencia_mensajeria***2295.7513332366943***ms
2025-07-13 19:02:25,330 - INFO - consumidor_redis3: 179 insertadas en Redis.
2025-07-13 19:02:25,339 - INFO - consumidor_redis3***Latencia_ConsumidorRedis***2702.3110389709473***ms
2025-07-13 19:02:25,474 - INFO - consumidor_redis3***Latencia_mensajeria***5016.118764877319***ms
2025-07-13 19:02:27,694 - INFO - consumidor_redis3: 187 insertadas en Redis.
2025-07-13 19:02:27,701 - INFO - consumidor_redis3***Latencia_ConsumidorRedis***2226.926803588867***ms
2025-07-13 19:02:27,804 - INFO - consumidor_redis3***Latencia_mensajeria***7278.199195861816***ms
2025-07-13 19:02:28,387 - INFO - consumidor_redis3: 187 insertadas en Redis.
2025-07-13 19:02:28,389 - INFO - consumidor_redis3***Latencia_ConsumidorRedis***584.9602222442627***ms
2025-07-13 19:02:33,556 - INFO - consumidor_redis3***Latencia_mensajeria***3147.7136611938477***ms
2025-07-13 19:02:37,245 - INFO - consumidor_redis3: 183 insertadas en Redis.
2025-07-13 19:02:37,250 - INFO - consumidor_redis3***Latencia_ConsumidorRedis***3693.094253540039***ms
2025-07-13 19:02:42,136 - INFO - consumidor_redis3***Latencia_mensajeria***2064.4640922546387***ms
2025-07-13 19:02:42,932 - INFO - consumidor_redis3: 178 insertadas en Redis.
2025-07-13 19:02:42,941 - INFO - consumidor_redis3***Latencia_ConsumidorRedis***805.1958084106445***ms
2025-07-13 19:02:43,128 - INFO - consumidor_redis3***Latencia_mensajeria***2940.6356811523438***ms
2025-07-13 19:02:45,464 - INFO - consumidor_redis3: 180 insertadas en Redis.
2025-07-13 19:02:45,466 - INFO - consumidor_redis3***Latencia_ConsumidorRedis***2337.9459381103516***ms
2025-07-13 19:02:45,649 - INFO - consumidor_redis3***Latencia_mensajeria***5153.709173202515***ms
2025-07-13 19:02:45,780 - INFO - consumidor_redis3: 191 insertadas en Redis.
2025-07-13 19:02:45,783 - INFO - consumidor_redis3***Latencia_ConsumidorRedis***134.41014289855957***ms
2025-07-13 19:02:50,448 - INFO - consumidor_redis3***Latencia_mensajeria***648.1847763061523***ms
2025-07-13 19:02:51,714 - INFO - consumidor_redis3: 188 insertadas en Redis.
2025-07-13 19:02:51,732 - INFO - consumidor_redis3***Latencia_ConsumidorRedis***1283.8761806488037***ms
2025-07-13 19:02:51,979 - INFO - consumidor_redis3***Latencia_mensajeria***2030.360460281372***ms
2025-07-13 19:02:53,318 - INFO - consumidor_redis3: 179 insertadas en Redis.
2025-07-13 19:02:53,325 - INFO - consumidor_redis3***Latencia_ConsumidorRedis***1346.3444709777832***ms
2025-07-13 19:02:53,403 - INFO - consumidor_redis3***Latencia_mensajeria***2991.564989089966***ms
2025-07-13 19:02:53,881 - INFO - consumidor_redis3: 174 insertadas en Redis.
2025-07-13 19:02:53,910 - INFO - consumidor_redis3***Latencia_ConsumidorRedis***507.127046585083***ms
2025-07-13 19:02:53,978 - INFO - consumidor_redis3***Latencia_mensajeria***3428.560972213745***ms
2025-07-13 19:02:54,619 - INFO - consumidor_redis3: 191 insertadas en Redis.
2025-07-13 19:02:54,622 - INFO - consumidor_redis3***Latencia_ConsumidorRedis***643.0947780609131***ms
2025-07-13 19:03:01,580 - INFO - consumidor_redis3***Latencia_mensajeria***1416.517972946167***ms
2025-07-13 19:03:02,644 - INFO - consumidor_redis3: 188 insertadas en Redis.
2025-07-13 19:03:02,651 - INFO - consumidor_redis3***Latencia_ConsumidorRedis***1071.3422298431396***ms
2025-07-13 19:03:02,687 - INFO - consumidor_redis3***Latencia_mensajeria***2224.086284637451***ms
2025-07-13 19:03:04,087 - INFO - consumidor_redis3: 181 insertadas en Redis.
2025-07-13 19:03:04,091 - INFO - consumidor_redis3***Latencia_ConsumidorRedis***1404.266119003296***ms
2025-07-13 19:03:12,457 - INFO - consumidor_redis3***Latencia_mensajeria***2550.1205921173096***ms
2025-07-13 19:03:14,043 - INFO - consumidor_redis3: 184 insertadas en Redis.
2025-07-13 19:03:14,081 - INFO - consumidor_redis3***Latencia_ConsumidorRedis***1624.5548725128174***ms
2025-07-13 19:03:14,137 - INFO - consumidor_redis3***Latencia_mensajeria***3104.1064262390137***ms
2025-07-13 19:03:15,570 - INFO - consumidor_redis3: 185 insertadas en Redis.
2025-07-13 19:03:15,585 - INFO - consumidor_redis3***Latencia_ConsumidorRedis***1448.3642578125***ms
2025-07-13 19:03:15,665 - INFO - consumidor_redis3***Latencia_mensajeria***4584.601640701294***ms
2025-07-13 19:03:16,112 - INFO - consumidor_redis3: 188 insertadas en Redis.
2025-07-13 19:03:16,115 - INFO - consumidor_redis3***Latencia_ConsumidorRedis***450.2239227294922***ms
2025-07-13 19:03:16,116 - INFO - consumidor_redis3***Latencia_mensajeria***4905.778884887695***ms
2025-07-13 19:03:16,194 - INFO - consumidor_redis3: 25 insertadas en Redis.
2025-07-13 19:03:16,195 - INFO - consumidor_redis3***Latencia_ConsumidorRedis***78.97734642028809***ms
2025-07-13 19:03:28,416 - INFO - consumidor_redis3***Latencia_mensajeria***1871.4344501495361***ms
2025-07-13 19:03:32,624 - INFO - consumidor_redis3: 184 insertadas en Redis.
2025-07-13 19:03:32,627 - INFO - consumidor_redis3***Latencia_ConsumidorRedis***4210.925102233887***ms
2025-07-13 19:03:33,080 - INFO - consumidor_redis3***Latencia_mensajeria***2945.317506790161***ms
2025-07-13 19:03:34,175 - INFO - consumidor_redis3: 175 insertadas en Redis.
2025-07-13 19:03:34,190 - INFO - consumidor_redis3***Latencia_ConsumidorRedis***1110.3744506835938***ms
2025-07-13 19:03:34,226 - INFO - consumidor_redis3***Latencia_mensajeria***4014.50777053833***ms
2025-07-13 19:03:35,071 - INFO - consumidor_redis3: 190 insertadas en Redis.
2025-07-13 19:03:35,076 - INFO - consumidor_redis3***Latencia_ConsumidorRedis***850.2316474914551***ms
2025-07-13 19:03:35,077 - INFO - consumidor_redis3***Latencia_mensajeria***4290.362596511841***ms
2025-07-13 19:03:35,358 - INFO - consumidor_redis3: 47 insertadas en Redis.
2025-07-13 19:03:35,379 - INFO - consumidor_redis3***Latencia_ConsumidorRedis***302.5400638580322***ms
2025-07-13 19:03:42,146 - INFO - consumidor_redis3***Latencia_mensajeria***2094.9604511260986***ms
2025-07-13 19:03:42,619 - INFO - consumidor_redis3: 180 insertadas en Redis.
2025-07-13 19:03:42,637 - INFO - consumidor_redis3***Latencia_ConsumidorRedis***490.6585216522217***ms
2025-07-13 19:03:42,667 - INFO - consumidor_redis3***Latencia_mensajeria***2384.227991104126***ms
2025-07-13 19:03:43,467 - INFO - consumidor_redis3: 185 insertadas en Redis.
2025-07-13 19:03:43,469 - INFO - consumidor_redis3***Latencia_ConsumidorRedis***802.260160446167***ms
2025-07-13 19:03:52,490 - INFO - consumidor_redis3***Latencia_mensajeria***2383.946657180786***ms
2025-07-13 19:03:53,068 - INFO - consumidor_redis3: 180 insertadas en Redis.
2025-07-13 19:03:53,074 - INFO - consumidor_redis3***Latencia_ConsumidorRedis***583.4083557128906***ms
2025-07-13 19:03:53,100 - INFO - consumidor_redis3***Latencia_mensajeria***2951.3754844665527***ms
2025-07-13 19:03:53,768 - INFO - consumidor_redis3: 188 insertadas en Redis.
2025-07-13 19:03:53,772 - INFO - consumidor_redis3***Latencia_ConsumidorRedis***672.7895736694336***ms
2025-07-13 19:03:53,773 - INFO - consumidor_redis3***Latencia_mensajeria***3516.4551734924316***ms
2025-07-13 19:03:54,393 - INFO - consumidor_redis3: 183 insertadas en Redis.
2025-07-13 19:03:54,408 - INFO - consumidor_redis3***Latencia_ConsumidorRedis***634.0808868408203***ms
2025-07-13 19:03:54,450 - INFO - consumidor_redis3***Latencia_mensajeria***3953.6869525909424***ms
2025-07-13 19:03:55,116 - INFO - consumidor_redis3: 183 insertadas en Redis.
2025-07-13 19:03:55,124 - INFO - consumidor_redis3***Latencia_ConsumidorRedis***673.8882064819336***ms
2025-07-13 19:03:55,173 - INFO - consumidor_redis3***Latencia_mensajeria***4617.445945739746***ms
2025-07-13 19:03:56,334 - INFO - consumidor_redis3: 179 insertadas en Redis.
2025-07-13 19:03:56,342 - INFO - consumidor_redis3***Latencia_ConsumidorRedis***1169.539451599121***ms
2025-07-13 19:03:56,345 - INFO - consumidor_redis3***Latencia_mensajeria***5774.471998214722***ms
2025-07-13 19:03:57,098 - INFO - consumidor_redis3: 182 insertadas en Redis.
2025-07-13 19:03:57,108 - INFO - consumidor_redis3***Latencia_ConsumidorRedis***763.4804248809814***ms
2025-07-13 19:04:00,035 - INFO - consumidor_redis3***Latencia_mensajeria***229.13646697998047***ms
2025-07-13 19:04:01,551 - INFO - consumidor_redis3: 190 insertadas en Redis.
2025-07-13 19:04:01,591 - INFO - consumidor_redis3***Latencia_ConsumidorRedis***1556.6003322601318***ms
2025-07-13 19:04:02,051 - INFO - consumidor_redis3***Latencia_mensajeria***2205.599784851074***ms
2025-07-13 19:04:02,660 - INFO - consumidor_redis3: 184 insertadas en Redis.
2025-07-13 19:04:02,669 - INFO - consumidor_redis3***Latencia_ConsumidorRedis***617.9006099700928***ms
2025-07-13 19:04:02,694 - INFO - consumidor_redis3***Latencia_mensajeria***2024.5838165283203***ms
2025-07-13 19:04:03,468 - INFO - consumidor_redis3: 185 insertadas en Redis.
2025-07-13 19:04:03,470 - INFO - consumidor_redis3***Latencia_ConsumidorRedis***776.0376930236816***ms
2025-07-13 19:04:14,275 - INFO - Fetch offset 66 is out of range for topic-partition TopicPartition(topic='adsb.aeronaves', partition=2)
2025-07-13 19:04:14,792 - INFO - consumidor_redis3***Latencia_mensajeria***4706.498861312866***ms
2025-07-13 19:04:15,757 - INFO - consumidor_redis3: 183 insertadas en Redis.
2025-07-13 19:04:15,773 - INFO - consumidor_redis3***Latencia_ConsumidorRedis***981.5096855163574***ms
2025-07-13 19:04:15,787 - INFO - consumidor_redis3***Latencia_mensajeria***5868.088722229004***ms
2025-07-13 19:04:16,550 - INFO - consumidor_redis3: 176 insertadas en Redis.
2025-07-13 19:04:16,554 - INFO - consumidor_redis3***Latencia_ConsumidorRedis***767.2123908996582***ms
2025-07-13 19:04:21,277 - INFO - consumidor_redis3***Latencia_mensajeria***1245.6445693969727***ms
2025-07-13 19:04:21,692 - INFO - consumidor_redis3: 185 insertadas en Redis.
2025-07-13 19:04:21,696 - INFO - consumidor_redis3***Latencia_ConsumidorRedis***418.118953704834***ms
2025-07-13 19:04:21,711 - INFO - consumidor_redis3***Latencia_mensajeria***1646.3637351989746***ms
2025-07-13 19:04:21,978 - INFO - consumidor_redis3: 181 insertadas en Redis.
2025-07-13 19:04:21,983 - INFO - consumidor_redis3***Latencia_ConsumidorRedis***271.63076400756836***ms
2025-07-13 19:04:21,993 - INFO - consumidor_redis3***Latencia_mensajeria***1726.8002033233643***ms
2025-07-13 19:04:22,245 - INFO - consumidor_redis3: 191 insertadas en Redis.
2025-07-13 19:04:22,247 - INFO - consumidor_redis3***Latencia_ConsumidorRedis***253.83806228637695***ms
2025-07-13 19:04:22,265 - INFO - consumidor_redis3***Latencia_mensajeria***1982.4583530426025***ms
2025-07-13 19:04:22,545 - INFO - consumidor_redis3: 187 insertadas en Redis.
2025-07-13 19:04:22,546 - INFO - consumidor_redis3***Latencia_ConsumidorRedis***280.77220916748047***ms
2025-07-13 19:04:31,725 - INFO - consumidor_redis3***Latencia_mensajeria***1668.839931488037***ms
2025-07-13 19:04:33,577 - INFO - consumidor_redis3: 179 insertadas en Redis.
2025-07-13 19:04:33,605 - INFO - consumidor_redis3***Latencia_ConsumidorRedis***1880.2692890167236***ms
2025-07-13 19:04:33,623 - INFO - consumidor_redis3***Latencia_mensajeria***2604.478597640991***ms
