=== 2025-07-13T18:48:50Z ===
{
  "Hora UTC": "No disponible",
  "Sectorización aplicable": {
    "sector_CZ_Centro": 0,
    "sector_AD": 0,
    "sector_XK": 0,
    "sector_GB_Oeste": 0,
    "sector_BE_Este": 0,
    "sector_PT_Este": 0,
    "sector_TR_Oeste": 0,
    "sector_SE_Oeste": 0,
    "sector_RU_Oeste": 0,
    "sector_IT_Norte": 0
  }
}
=== 2025-07-13T18:48:57Z ===
{
  "Hora UTC": "No disponible",
  "Sectorización aplicable": {
    "sector_CZ_Centro": 0,
    "sector_AD": 0,
    "sector_XK": 0,
    "sector_GB_Oeste": 0,
    "sector_BE_Este": 0,
    "sector_PT_Este": 0,
    "sector_TR_Oeste": 0,
    "sector_SE_Oeste": 0,
    "sector_RU_Oeste": 0,
    "sector_IT_Norte": 0
  }
}
=== 2025-07-13T18:49:03Z ===
{
  "Hora UTC": "No disponible",
  "Sectorización aplicable": {
    "sector_CZ_Centro": 0,
    "sector_AD": 0,
    "sector_XK": 0,
    "sector_GB_Oeste": 0,
    "sector_BE_Este": 0,
    "sector_PT_Este": 0,
    "sector_TR_Oeste": 0,
    "sector_SE_Oeste": 0,
    "sector_RU_Oeste": 0,
    "sector_IT_Norte": 0
  }
}
=== 2025-07-13T18:49:08Z ===
{
  "Hora UTC": "No disponible",
  "Sectorización aplicable": {
    "sector_CZ_Centro": 0,
    "sector_AD": 0,
    "sector_XK": 0,
    "sector_GB_Oeste": 0,
    "sector_BE_Este": 0,
    "sector_PT_Este": 0,
    "sector_TR_Oeste": 0,
    "sector_SE_Oeste": 0,
    "sector_RU_Oeste": 0,
    "sector_IT_Norte": 0
  }
}
=== 2025-07-13T18:49:13Z ===
{
  "Hora UTC": "No disponible",
  "Sectorización aplicable": {
    "sector_CZ_Centro": 0,
    "sector_AD": 0,
    "sector_XK": 0,
    "sector_GB_Oeste": 0,
    "sector_BE_Este": 0,
    "sector_PT_Este": 0,
    "sector_TR_Oeste": 0,
    "sector_SE_Oeste": 0,
    "sector_RU_Oeste": 0,
    "sector_IT_Norte": 0
  }
}
=== 2025-07-13T18:49:19Z ===
{
  "Hora UTC": "No disponible",
  "Sectorización aplicable": {
    "sector_CZ_Centro": 0,
    "sector_AD": 0,
    "sector_XK": 0,
    "sector_GB_Oeste": 0,
    "sector_BE_Este": 0,
    "sector_PT_Este": 0,
    "sector_TR_Oeste": 0,
    "sector_SE_Oeste": 0,
    "sector_RU_Oeste": 0,
    "sector_IT_Norte": 0
  }
}
=== 2025-07-13T18:49:24Z ===
{
  "Hora UTC": "No disponible",
  "Sectorización aplicable": {
    "sector_CZ_Centro": 0,
    "sector_AD": 0,
    "sector_XK": 0,
    "sector_GB_Oeste": 0,
    "sector_BE_Este": 0,
    "sector_PT_Este": 0,
    "sector_TR_Oeste": 0,
    "sector_SE_Oeste": 0,
    "sector_RU_Oeste": 0,
    "sector_IT_Norte": 0
  }
}
=== 2025-07-13T18:49:29Z ===
{
  "Hora UTC": "No disponible",
  "Sectorización aplicable": {
    "sector_CZ_Centro": 0,
    "sector_AD": 0,
    "sector_XK": 0,
    "sector_GB_Oeste": 0,
    "sector_BE_Este": 0,
    "sector_PT_Este": 0,
    "sector_TR_Oeste": 0,
    "sector_SE_Oeste": 0,
    "sector_RU_Oeste": 0,
    "sector_IT_Norte": 0
  }
}
=== 2025-07-13T18:49:39Z ===
{
  "Hora UTC": "No disponible",
  "Sectorización aplicable": {
    "sector_CZ_Centro": 0,
    "sector_AD": 0,
    "sector_XK": 0,
    "sector_GB_Oeste": 0,
    "sector_BE_Este": 0,
    "sector_PT_Este": 0,
    "sector_TR_Oeste": 0,
    "sector_SE_Oeste": 0,
    "sector_RU_Oeste": 0,
    "sector_IT_Norte": 0
  }
}
=== 2025-07-13T18:49:44Z ===
{
  "Hora UTC": "No disponible",
  "Sectorización aplicable": {
    "sector_CZ_Centro": 0,
    "sector_AD": 0,
    "sector_XK": 0,
    "sector_GB_Oeste": 0,
    "sector_BE_Este": 0,
    "sector_PT_Este": 0,
    "sector_TR_Oeste": 0,
    "sector_SE_Oeste": 0,
    "sector_RU_Oeste": 0,
    "sector_IT_Norte": 0
  }
}
=== 2025-07-13T18:49:51Z ===
{
  "Hora UTC": "No disponible",
  "Sectorización aplicable": {
    "sector_CZ_Centro": 0,
    "sector_AD": 0,
    "sector_XK": 0,
    "sector_GB_Oeste": 0,
    "sector_BE_Este": 0,
    "sector_PT_Este": 0,
    "sector_TR_Oeste": 0,
    "sector_SE_Oeste": 0,
    "sector_RU_Oeste": 0,
    "sector_IT_Norte": 0
  }
}
=== 2025-07-13T18:49:57Z ===
{
  "Hora UTC": "No disponible",
  "Sectorización aplicable": {
    "sector_CZ_Centro": 0,
    "sector_AD": 0,
    "sector_XK": 0,
    "sector_GB_Oeste": 0,
    "sector_BE_Este": 0,
    "sector_PT_Este": 0,
    "sector_TR_Oeste": 0,
    "sector_SE_Oeste": 0,
    "sector_RU_Oeste": 0,
    "sector_IT_Norte": 0
  }
}
=== 2025-07-13T18:50:02Z ===
{
  "Hora UTC": "No disponible",
  "Sectorización aplicable": {
    "sector_CZ_Centro": 0,
    "sector_AD": 0,
    "sector_XK": 0,
    "sector_GB_Oeste": 0,
    "sector_BE_Este": 0,
    "sector_PT_Este": 0,
    "sector_TR_Oeste": 0,
    "sector_SE_Oeste": 0,
    "sector_RU_Oeste": 0,
    "sector_IT_Norte": 0
  }
}
=== 2025-07-13T18:50:07Z ===
{
  "Hora UTC": "No disponible",
  "Sectorización aplicable": {
    "sector_CZ_Centro": 0,
    "sector_AD": 0,
    "sector_XK": 0,
    "sector_GB_Oeste": 0,
    "sector_BE_Este": 0,
    "sector_PT_Este": 0,
    "sector_TR_Oeste": 0,
    "sector_SE_Oeste": 0,
    "sector_RU_Oeste": 0,
    "sector_IT_Norte": 0
  }
}
=== 2025-07-13T18:50:13Z ===
{
  "Hora UTC": "No disponible",
  "Sectorización aplicable": {
    "sector_CZ_Centro": 0,
    "sector_AD": 0,
    "sector_XK": 0,
    "sector_GB_Oeste": 0,
    "sector_BE_Este": 0,
    "sector_PT_Este": 0,
    "sector_TR_Oeste": 0,
    "sector_SE_Oeste": 0,
    "sector_RU_Oeste": 0,
    "sector_IT_Norte": 0
  }
}
=== 2025-07-13T18:50:18Z ===
{
  "Hora UTC": "No disponible",
  "Sectorización aplicable": {
    "sector_CZ_Centro": 0,
    "sector_AD": 0,
    "sector_XK": 0,
    "sector_GB_Oeste": 0,
    "sector_BE_Este": 0,
    "sector_PT_Este": 0,
    "sector_TR_Oeste": 0,
    "sector_SE_Oeste": 0,
    "sector_RU_Oeste": 0,
    "sector_IT_Norte": 0
  }
}
=== 2025-07-13T18:50:23Z ===
{
  "Hora UTC": "No disponible",
  "Sectorización aplicable": {
    "sector_CZ_Centro": 0,
    "sector_AD": 0,
    "sector_XK": 0,
    "sector_GB_Oeste": 0,
    "sector_BE_Este": 0,
    "sector_PT_Este": 0,
    "sector_TR_Oeste": 0,
    "sector_SE_Oeste": 0,
    "sector_RU_Oeste": 0,
    "sector_IT_Norte": 0
  }
}
=== 2025-07-13T18:50:28Z ===
{
  "Hora UTC": "No disponible",
  "Sectorización aplicable": {
    "sector_CZ_Centro": 0,
    "sector_AD": 0,
    "sector_XK": 0,
    "sector_GB_Oeste": 0,
    "sector_BE_Este": 0,
    "sector_PT_Este": 0,
    "sector_TR_Oeste": 0,
    "sector_SE_Oeste": 0,
    "sector_RU_Oeste": 0,
    "sector_IT_Norte": 0
  }
}
=== 2025-07-13T18:50:34Z ===
{
  "Hora UTC": "No disponible",
  "Sectorización aplicable": {
    "sector_CZ_Centro": 2,
    "sector_AD": 0,
    "sector_XK": 0,
    "sector_GB_Oeste": 0,
    "sector_BE_Este": 0,
    "sector_PT_Este": 0,
    "sector_TR_Oeste": 0,
    "sector_SE_Oeste": 0,
    "sector_RU_Oeste": 0,
    "sector_IT_Norte": 0
  }
}
=== 2025-07-13T18:50:39Z ===
{
  "Hora UTC": "No disponible",
  "Sectorización aplicable": {
    "sector_CZ_Centro": 2,
    "sector_AD": 0,
    "sector_XK": 0,
    "sector_GB_Oeste": 0,
    "sector_BE_Este": 0,
    "sector_PT_Este": 0,
    "sector_TR_Oeste": 0,
    "sector_SE_Oeste": 0,
    "sector_RU_Oeste": 0,
    "sector_IT_Norte": 0
  }
}
=== 2025-07-13T18:50:44Z ===
{
  "Hora UTC": "No disponible",
  "Sectorización aplicable": {
    "sector_CZ_Centro": 2,
    "sector_AD": 0,
    "sector_XK": 0,
    "sector_GB_Oeste": 0,
    "sector_BE_Este": 0,
    "sector_PT_Este": 0,
    "sector_TR_Oeste": 0,
    "sector_SE_Oeste": 0,
    "sector_RU_Oeste": 0,
    "sector_IT_Norte": 0
  }
}
=== 2025-07-13T18:50:51Z ===
{
  "Hora UTC": "No disponible",
  "Sectorización aplicable": {
    "sector_CZ_Centro": 2,
    "sector_AD": 0,
    "sector_XK": 0,
    "sector_GB_Oeste": 0,
    "sector_BE_Este": 0,
    "sector_PT_Este": 0,
    "sector_TR_Oeste": 0,
    "sector_SE_Oeste": 0,
    "sector_RU_Oeste": 0,
    "sector_IT_Norte": 0
  }
}
=== 2025-07-13T18:50:56Z ===
{
  "Hora UTC": "No disponible",
  "Sectorización aplicable": {
    "sector_CZ_Centro": 2,
    "sector_AD": 0,
    "sector_XK": 0,
    "sector_GB_Oeste": 0,
    "sector_BE_Este": 0,
    "sector_PT_Este": 0,
    "sector_TR_Oeste": 0,
    "sector_SE_Oeste": 0,
    "sector_RU_Oeste": 0,
    "sector_IT_Norte": 0
  }
}
=== 2025-07-13T18:51:01Z ===
{
  "Hora UTC": "2025-07-13 18:51:00",
  "Sectorización aplicable": {
    "sector_CZ_Centro": 324,
    "sector_AD": 314,
    "sector_XK": 273,
    "sector_GB_Oeste": 359,
    "sector_BE_Este": 412,
    "sector_PT_Este": 169,
    "sector_TR_Oeste": 190,
    "sector_SE_Oeste": 167,
    "sector_RU_Oeste": 77,
    "sector_IT_Norte": 451
  }
}
=== 2025-07-13T18:51:07Z ===
{
  "Hora UTC": "2025-07-13 18:51:00",
  "Sectorización aplicable": {
    "sector_CZ_Centro": 324,
    "sector_AD": 314,
    "sector_XK": 273,
    "sector_GB_Oeste": 359,
    "sector_BE_Este": 412,
    "sector_PT_Este": 169,
    "sector_TR_Oeste": 190,
    "sector_SE_Oeste": 167,
    "sector_RU_Oeste": 77,
    "sector_IT_Norte": 451
  }
}
=== 2025-07-13T18:51:12Z ===
{
  "Hora UTC": "2025-07-13 18:51:00",
  "Sectorización aplicable": {
    "sector_CZ_Centro": 324,
    "sector_AD": 314,
    "sector_XK": 273,
    "sector_GB_Oeste": 359,
    "sector_BE_Este": 412,
    "sector_PT_Este": 169,
    "sector_TR_Oeste": 190,
    "sector_SE_Oeste": 167,
    "sector_RU_Oeste": 77,
    "sector_IT_Norte": 451
  }
}
=== 2025-07-13T18:51:17Z ===
{
  "Hora UTC": "2025-07-13 18:51:00",
  "Sectorización aplicable": {
    "sector_CZ_Centro": 324,
    "sector_AD": 314,
    "sector_XK": 273,
    "sector_GB_Oeste": 359,
    "sector_BE_Este": 412,
    "sector_PT_Este": 169,
    "sector_TR_Oeste": 190,
    "sector_SE_Oeste": 167,
    "sector_RU_Oeste": 77,
    "sector_IT_Norte": 451
  }
}
=== 2025-07-13T18:51:22Z ===
{
  "Hora UTC": "2025-07-13 18:51:19",
  "Sectorización aplicable": {
    "sector_CZ_Centro": 325,
    "sector_AD": 325,
    "sector_XK": 293,
    "sector_GB_Oeste": 364,
    "sector_BE_Este": 421,
    "sector_PT_Este": 181,
    "sector_TR_Oeste": 201,
    "sector_SE_Oeste": 170,
    "sector_RU_Oeste": 80,
    "sector_IT_Norte": 459
  }
}
=== 2025-07-13T18:51:28Z ===
{
  "Hora UTC": "2025-07-13 18:51:19",
  "Sectorización aplicable": {
    "sector_CZ_Centro": 325,
    "sector_AD": 325,
    "sector_XK": 293,
    "sector_GB_Oeste": 364,
    "sector_BE_Este": 421,
    "sector_PT_Este": 181,
    "sector_TR_Oeste": 201,
    "sector_SE_Oeste": 170,
    "sector_RU_Oeste": 80,
    "sector_IT_Norte": 459
  }
}
=== 2025-07-13T18:51:33Z ===
{
  "Hora UTC": "2025-07-13 18:51:19",
  "Sectorización aplicable": {
    "sector_CZ_Centro": 325,
    "sector_AD": 325,
    "sector_XK": 293,
    "sector_GB_Oeste": 364,
    "sector_BE_Este": 421,
    "sector_PT_Este": 181,
    "sector_TR_Oeste": 201,
    "sector_SE_Oeste": 170,
    "sector_RU_Oeste": 80,
    "sector_IT_Norte": 459
  }
}
=== 2025-07-13T18:51:38Z ===
{
  "Hora UTC": "2025-07-13 18:51:19",
  "Sectorización aplicable": {
    "sector_CZ_Centro": 325,
    "sector_AD": 325,
    "sector_XK": 293,
    "sector_GB_Oeste": 364,
    "sector_BE_Este": 421,
    "sector_PT_Este": 181,
    "sector_TR_Oeste": 201,
    "sector_SE_Oeste": 170,
    "sector_RU_Oeste": 80,
    "sector_IT_Norte": 459
  }
}
=== 2025-07-13T18:51:43Z ===
{
  "Hora UTC": "2025-07-13 18:51:40",
  "Sectorización aplicable": {
    "sector_CZ_Centro": 328,
    "sector_AD": 327,
    "sector_XK": 295,
    "sector_GB_Oeste": 369,
    "sector_BE_Este": 426,
    "sector_PT_Este": 192,
    "sector_TR_Oeste": 206,
    "sector_SE_Oeste": 172,
    "sector_RU_Oeste": 84,
    "sector_IT_Norte": 465
  }
}
=== 2025-07-13T18:51:49Z ===
{
  "Hora UTC": "2025-07-13 18:51:40",
  "Sectorización aplicable": {
    "sector_CZ_Centro": 328,
    "sector_AD": 327,
    "sector_XK": 295,
    "sector_GB_Oeste": 369,
    "sector_BE_Este": 426,
    "sector_PT_Este": 192,
    "sector_TR_Oeste": 206,
    "sector_SE_Oeste": 172,
    "sector_RU_Oeste": 84,
    "sector_IT_Norte": 465
  }
}
=== 2025-07-13T18:51:54Z ===
{
  "Hora UTC": "2025-07-13 18:51:40",
  "Sectorización aplicable": {
    "sector_CZ_Centro": 328,
    "sector_AD": 327,
    "sector_XK": 295,
    "sector_GB_Oeste": 369,
    "sector_BE_Este": 426,
    "sector_PT_Este": 192,
    "sector_TR_Oeste": 206,
    "sector_SE_Oeste": 172,
    "sector_RU_Oeste": 84,
    "sector_IT_Norte": 465
  }
}
=== 2025-07-13T18:51:59Z ===
{
  "Hora UTC": "2025-07-13 18:51:40",
  "Sectorización aplicable": {
    "sector_CZ_Centro": 328,
    "sector_AD": 327,
    "sector_XK": 295,
    "sector_GB_Oeste": 369,
    "sector_BE_Este": 426,
    "sector_PT_Este": 192,
    "sector_TR_Oeste": 206,
    "sector_SE_Oeste": 172,
    "sector_RU_Oeste": 84,
    "sector_IT_Norte": 465
  }
}
=== 2025-07-13T18:52:04Z ===
{
  "Hora UTC": "2025-07-13 18:52:02",
  "Sectorización aplicable": {
    "sector_CZ_Centro": 330,
    "sector_AD": 330,
    "sector_XK": 302,
    "sector_GB_Oeste": 371,
    "sector_BE_Este": 427,
    "sector_PT_Este": 198,
    "sector_TR_Oeste": 207,
    "sector_SE_Oeste": 173,
    "sector_RU_Oeste": 87,
    "sector_IT_Norte": 469
  }
}
=== 2025-07-13T18:52:09Z ===
{
  "Hora UTC": "2025-07-13 18:52:02",
  "Sectorización aplicable": {
    "sector_CZ_Centro": 330,
    "sector_AD": 330,
    "sector_XK": 302,
    "sector_GB_Oeste": 371,
    "sector_BE_Este": 427,
    "sector_PT_Este": 198,
    "sector_TR_Oeste": 207,
    "sector_SE_Oeste": 173,
    "sector_RU_Oeste": 87,
    "sector_IT_Norte": 469
  }
}
=== 2025-07-13T18:52:14Z ===
{
  "Hora UTC": "2025-07-13 18:52:02",
  "Sectorización aplicable": {
    "sector_CZ_Centro": 330,
    "sector_AD": 330,
    "sector_XK": 302,
    "sector_GB_Oeste": 371,
    "sector_BE_Este": 427,
    "sector_PT_Este": 198,
    "sector_TR_Oeste": 207,
    "sector_SE_Oeste": 173,
    "sector_RU_Oeste": 87,
    "sector_IT_Norte": 469
  }
}
=== 2025-07-13T18:52:20Z ===
{
  "Hora UTC": "2025-07-13 18:52:02",
  "Sectorización aplicable": {
    "sector_CZ_Centro": 330,
    "sector_AD": 330,
    "sector_XK": 302,
    "sector_GB_Oeste": 371,
    "sector_BE_Este": 427,
    "sector_PT_Este": 198,
    "sector_TR_Oeste": 207,
    "sector_SE_Oeste": 173,
    "sector_RU_Oeste": 87,
    "sector_IT_Norte": 469
  }
}
=== 2025-07-13T18:52:25Z ===
{
  "Hora UTC": "2025-07-13 18:52:22",
  "Sectorización aplicable": {
    "sector_CZ_Centro": 333,
    "sector_AD": 332,
    "sector_XK": 305,
    "sector_GB_Oeste": 373,
    "sector_BE_Este": 431,
    "sector_PT_Este": 205,
    "sector_TR_Oeste": 212,
    "sector_SE_Oeste": 173,
    "sector_RU_Oeste": 90,
    "sector_IT_Norte": 468
  }
}
=== 2025-07-13T18:52:30Z ===
{
  "Hora UTC": "2025-07-13 18:52:22",
  "Sectorización aplicable": {
    "sector_CZ_Centro": 333,
    "sector_AD": 332,
    "sector_XK": 305,
    "sector_GB_Oeste": 373,
    "sector_BE_Este": 431,
    "sector_PT_Este": 205,
    "sector_TR_Oeste": 212,
    "sector_SE_Oeste": 173,
    "sector_RU_Oeste": 90,
    "sector_IT_Norte": 468
  }
}
=== 2025-07-13T18:52:35Z ===
{
  "Hora UTC": "2025-07-13 18:52:22",
  "Sectorización aplicable": {
    "sector_CZ_Centro": 333,
    "sector_AD": 332,
    "sector_XK": 305,
    "sector_GB_Oeste": 373,
    "sector_BE_Este": 431,
    "sector_PT_Este": 205,
    "sector_TR_Oeste": 212,
    "sector_SE_Oeste": 173,
    "sector_RU_Oeste": 90,
    "sector_IT_Norte": 468
  }
}
=== 2025-07-13T18:52:41Z ===
{
  "Hora UTC": "2025-07-13 18:52:22",
  "Sectorización aplicable": {
    "sector_CZ_Centro": 333,
    "sector_AD": 332,
    "sector_XK": 305,
    "sector_GB_Oeste": 373,
    "sector_BE_Este": 431,
    "sector_PT_Este": 205,
    "sector_TR_Oeste": 212,
    "sector_SE_Oeste": 173,
    "sector_RU_Oeste": 90,
    "sector_IT_Norte": 468
  }
}
=== 2025-07-13T18:52:46Z ===
{
  "Hora UTC": "2025-07-13 18:52:44",
  "Sectorización aplicable": {
    "sector_CZ_Centro": 334,
    "sector_AD": 333,
    "sector_XK": 305,
    "sector_GB_Oeste": 373,
    "sector_BE_Este": 432,
    "sector_PT_Este": 205,
    "sector_TR_Oeste": 217,
    "sector_SE_Oeste": 172,
    "sector_RU_Oeste": 91,
    "sector_IT_Norte": 471
  }
}
=== 2025-07-13T18:52:51Z ===
{
  "Hora UTC": "2025-07-13 18:52:44",
  "Sectorización aplicable": {
    "sector_CZ_Centro": 334,
    "sector_AD": 333,
    "sector_XK": 305,
    "sector_GB_Oeste": 373,
    "sector_BE_Este": 432,
    "sector_PT_Este": 205,
    "sector_TR_Oeste": 217,
    "sector_SE_Oeste": 172,
    "sector_RU_Oeste": 91,
    "sector_IT_Norte": 471
  }
}
=== 2025-07-13T18:52:57Z ===
{
  "Hora UTC": "2025-07-13 18:52:44",
  "Sectorización aplicable": {
    "sector_CZ_Centro": 334,
    "sector_AD": 333,
    "sector_XK": 305,
    "sector_GB_Oeste": 373,
    "sector_BE_Este": 432,
    "sector_PT_Este": 205,
    "sector_TR_Oeste": 217,
    "sector_SE_Oeste": 172,
    "sector_RU_Oeste": 91,
    "sector_IT_Norte": 471
  }
}
=== 2025-07-13T18:53:02Z ===
{
  "Hora UTC": "2025-07-13 18:52:44",
  "Sectorización aplicable": {
    "sector_CZ_Centro": 334,
    "sector_AD": 333,
    "sector_XK": 305,
    "sector_GB_Oeste": 373,
    "sector_BE_Este": 432,
    "sector_PT_Este": 205,
    "sector_TR_Oeste": 217,
    "sector_SE_Oeste": 172,
    "sector_RU_Oeste": 91,
    "sector_IT_Norte": 471
  }
}
=== 2025-07-13T18:53:08Z ===
{
  "Hora UTC": "2025-07-13 18:52:44",
  "Sectorización aplicable": {
    "sector_CZ_Centro": 334,
    "sector_AD": 333,
    "sector_XK": 305,
    "sector_GB_Oeste": 373,
    "sector_BE_Este": 432,
    "sector_PT_Este": 205,
    "sector_TR_Oeste": 217,
    "sector_SE_Oeste": 172,
    "sector_RU_Oeste": 91,
    "sector_IT_Norte": 471
  }
}
=== 2025-07-13T18:53:14Z ===
{
  "Hora UTC": "2025-07-13 18:52:44",
  "Sectorización aplicable": {
    "sector_CZ_Centro": 334,
    "sector_AD": 333,
    "sector_XK": 305,
    "sector_GB_Oeste": 373,
    "sector_BE_Este": 432,
    "sector_PT_Este": 205,
    "sector_TR_Oeste": 217,
    "sector_SE_Oeste": 172,
    "sector_RU_Oeste": 91,
    "sector_IT_Norte": 471
  }
}
=== 2025-07-13T18:53:19Z ===
{
  "Hora UTC": "2025-07-13 18:52:44",
  "Sectorización aplicable": {
    "sector_CZ_Centro": 334,
    "sector_AD": 333,
    "sector_XK": 305,
    "sector_GB_Oeste": 373,
    "sector_BE_Este": 432,
    "sector_PT_Este": 205,
    "sector_TR_Oeste": 217,
    "sector_SE_Oeste": 172,
    "sector_RU_Oeste": 91,
    "sector_IT_Norte": 471
  }
}
=== 2025-07-13T18:53:24Z ===
{
  "Hora UTC": "2025-07-13 18:53:22",
  "Sectorización aplicable": {
    "sector_CZ_Centro": 335,
    "sector_AD": 338,
    "sector_XK": 312,
    "sector_GB_Oeste": 373,
    "sector_BE_Este": 436,
    "sector_PT_Este": 205,
    "sector_TR_Oeste": 222,
    "sector_SE_Oeste": 171,
    "sector_RU_Oeste": 90,
    "sector_IT_Norte": 473
  }
}
=== 2025-07-13T18:53:30Z ===
{
  "Hora UTC": "2025-07-13 18:53:22",
  "Sectorización aplicable": {
    "sector_CZ_Centro": 335,
    "sector_AD": 338,
    "sector_XK": 312,
    "sector_GB_Oeste": 373,
    "sector_BE_Este": 436,
    "sector_PT_Este": 205,
    "sector_TR_Oeste": 222,
    "sector_SE_Oeste": 171,
    "sector_RU_Oeste": 90,
    "sector_IT_Norte": 473
  }
}
=== 2025-07-13T18:53:35Z ===
{
  "Hora UTC": "2025-07-13 18:53:22",
  "Sectorización aplicable": {
    "sector_CZ_Centro": 335,
    "sector_AD": 338,
    "sector_XK": 312,
    "sector_GB_Oeste": 373,
    "sector_BE_Este": 436,
    "sector_PT_Este": 205,
    "sector_TR_Oeste": 222,
    "sector_SE_Oeste": 171,
    "sector_RU_Oeste": 90,
    "sector_IT_Norte": 473
  }
}
=== 2025-07-13T18:53:40Z ===
{
  "Hora UTC": "2025-07-13 18:53:22",
  "Sectorización aplicable": {
    "sector_CZ_Centro": 335,
    "sector_AD": 338,
    "sector_XK": 312,
    "sector_GB_Oeste": 373,
    "sector_BE_Este": 436,
    "sector_PT_Este": 205,
    "sector_TR_Oeste": 222,
    "sector_SE_Oeste": 171,
    "sector_RU_Oeste": 90,
    "sector_IT_Norte": 473
  }
}
=== 2025-07-13T18:53:45Z ===
{
  "Hora UTC": "2025-07-13 18:53:22",
  "Sectorización aplicable": {
    "sector_CZ_Centro": 335,
    "sector_AD": 338,
    "sector_XK": 312,
    "sector_GB_Oeste": 373,
    "sector_BE_Este": 436,
    "sector_PT_Este": 205,
    "sector_TR_Oeste": 222,
    "sector_SE_Oeste": 171,
    "sector_RU_Oeste": 90,
    "sector_IT_Norte": 473
  }
}
