2025-07-13T18:48:53Z# Stats
total_connections_received:12
total_commands_processed:125
instantaneous_ops_per_sec:6
total_net_input_bytes:5846
total_net_output_bytes:632
total_net_repl_input_bytes:0
total_net_repl_output_bytes:0
instantaneous_input_kbps:0.26
instantaneous_output_kbps:0.03
instantaneous_input_repl_kbps:0.00
instantaneous_output_repl_kbps:0.00
rejected_connections:0
sync_full:0
sync_partial_ok:0
sync_partial_err:0
expired_subkeys:0
expired_keys:0
expired_stale_perc:0.00
expired_time_cap_reached_count:0
expire_cycle_cpu_milliseconds:1
evicted_keys:0
evicted_clients:0
evicted_scripts:0
total_eviction_exceeded_time:0
current_eviction_exceeded_time:0
keyspace_hits:0
keyspace_misses:25
pubsub_channels:0
pubsub_patterns:0
pubsubshard_channels:0
latest_fork_usec:0
total_forks:0
migrate_cached_sockets:0
slave_expires_tracked_keys:0
active_defrag_hits:0
active_defrag_misses:0
active_defrag_key_hits:0
active_defrag_key_misses:0
total_active_defrag_time:0
current_active_defrag_time:0
tracking_total_keys:0
tracking_total_items:0
tracking_total_prefixes:0
unexpected_error_replies:0
total_error_replies:7
dump_payload_sanitizations:0
total_reads_processed:131
total_writes_processed:125
io_threaded_reads_processed:0
io_threaded_writes_processed:0
client_query_buffer_limit_disconnections:0
client_output_buffer_limit_disconnections:0
reply_buffer_shrinks:6
reply_buffer_expands:0
eventloop_cycles:853
eventloop_duration_sum:3029849
eventloop_duration_cmd_sum:1623
instantaneous_eventloop_cycles_per_sec:11
instantaneous_eventloop_duration_usec:44348
acl_access_denied_auth:0
acl_access_denied_cmd:0
acl_access_denied_key:0
acl_access_denied_channel:0
2025-07-13T18:49:05Z# Stats
total_connections_received:14
total_commands_processed:162
instantaneous_ops_per_sec:3
total_net_input_bytes:7419
total_net_output_bytes:2517
total_net_repl_input_bytes:0
total_net_repl_output_bytes:0
instantaneous_input_kbps:0.15
instantaneous_output_kbps:0.02
instantaneous_input_repl_kbps:0.00
instantaneous_output_repl_kbps:0.00
rejected_connections:0
sync_full:0
sync_partial_ok:0
sync_partial_err:0
expired_subkeys:0
expired_keys:0
expired_stale_perc:0.00
expired_time_cap_reached_count:0
expire_cycle_cpu_milliseconds:1
evicted_keys:0
evicted_clients:0
evicted_scripts:0
total_eviction_exceeded_time:0
current_eviction_exceeded_time:0
keyspace_hits:0
keyspace_misses:49
pubsub_channels:0
pubsub_patterns:0
pubsubshard_channels:0
latest_fork_usec:0
total_forks:0
migrate_cached_sockets:0
slave_expires_tracked_keys:0
active_defrag_hits:0
active_defrag_misses:0
active_defrag_key_hits:0
active_defrag_key_misses:0
total_active_defrag_time:0
current_active_defrag_time:0
tracking_total_keys:0
tracking_total_items:0
tracking_total_prefixes:0
unexpected_error_replies:0
total_error_replies:8
dump_payload_sanitizations:0
total_reads_processed:170
total_writes_processed:162
io_threaded_reads_processed:0
io_threaded_writes_processed:0
client_query_buffer_limit_disconnections:0
client_output_buffer_limit_disconnections:0
reply_buffer_shrinks:6
reply_buffer_expands:0
eventloop_cycles:981
eventloop_duration_sum:3608769
eventloop_duration_cmd_sum:17683
instantaneous_eventloop_cycles_per_sec:11
instantaneous_eventloop_duration_usec:6131
acl_access_denied_auth:0
acl_access_denied_cmd:0
acl_access_denied_key:0
acl_access_denied_channel:0
2025-07-13T18:49:16Z# Stats
total_connections_received:16
total_commands_processed:199
instantaneous_ops_per_sec:0
total_net_input_bytes:8992
total_net_output_bytes:4403
total_net_repl_input_bytes:0
total_net_repl_output_bytes:0
instantaneous_input_kbps:0.01
instantaneous_output_kbps:0.00
instantaneous_input_repl_kbps:0.00
instantaneous_output_repl_kbps:0.00
rejected_connections:0
sync_full:0
sync_partial_ok:0
sync_partial_err:0
expired_subkeys:0
expired_keys:0
expired_stale_perc:0.00
expired_time_cap_reached_count:0
expire_cycle_cpu_milliseconds:2
evicted_keys:0
evicted_clients:0
evicted_scripts:0
total_eviction_exceeded_time:0
current_eviction_exceeded_time:0
keyspace_hits:0
keyspace_misses:73
pubsub_channels:0
pubsub_patterns:0
pubsubshard_channels:0
latest_fork_usec:0
total_forks:0
migrate_cached_sockets:0
slave_expires_tracked_keys:0
active_defrag_hits:0
active_defrag_misses:0
active_defrag_key_hits:0
active_defrag_key_misses:0
total_active_defrag_time:0
current_active_defrag_time:0
tracking_total_keys:0
tracking_total_items:0
tracking_total_prefixes:0
unexpected_error_replies:0
total_error_replies:9
dump_payload_sanitizations:0
total_reads_processed:209
total_writes_processed:199
io_threaded_reads_processed:0
io_threaded_writes_processed:0
client_query_buffer_limit_disconnections:0
client_output_buffer_limit_disconnections:0
reply_buffer_shrinks:6
reply_buffer_expands:0
eventloop_cycles:1116
eventloop_duration_sum:3948981
eventloop_duration_cmd_sum:17834
instantaneous_eventloop_cycles_per_sec:10
instantaneous_eventloop_duration_usec:1819
acl_access_denied_auth:0
acl_access_denied_cmd:0
acl_access_denied_key:0
acl_access_denied_channel:0
2025-07-13T18:49:28Z# Stats
total_connections_received:17
total_commands_processed:235
instantaneous_ops_per_sec:0
total_net_input_bytes:10551
total_net_output_bytes:6283
total_net_repl_input_bytes:0
total_net_repl_output_bytes:0
instantaneous_input_kbps:0.00
instantaneous_output_kbps:0.00
instantaneous_input_repl_kbps:0.00
instantaneous_output_repl_kbps:0.00
rejected_connections:0
sync_full:0
sync_partial_ok:0
sync_partial_err:0
expired_subkeys:0
expired_keys:0
expired_stale_perc:0.00
expired_time_cap_reached_count:0
expire_cycle_cpu_milliseconds:7
evicted_keys:0
evicted_clients:0
evicted_scripts:0
total_eviction_exceeded_time:0
current_eviction_exceeded_time:0
keyspace_hits:0
keyspace_misses:97
pubsub_channels:0
pubsub_patterns:0
pubsubshard_channels:0
latest_fork_usec:0
total_forks:0
migrate_cached_sockets:0
slave_expires_tracked_keys:0
active_defrag_hits:0
active_defrag_misses:0
active_defrag_key_hits:0
active_defrag_key_misses:0
total_active_defrag_time:0
current_active_defrag_time:0
tracking_total_keys:0
tracking_total_items:0
tracking_total_prefixes:0
unexpected_error_replies:0
total_error_replies:10
dump_payload_sanitizations:0
total_reads_processed:246
total_writes_processed:235
io_threaded_reads_processed:0
io_threaded_writes_processed:0
client_query_buffer_limit_disconnections:0
client_output_buffer_limit_disconnections:0
reply_buffer_shrinks:6
reply_buffer_expands:0
eventloop_cycles:1251
eventloop_duration_sum:4364775
eventloop_duration_cmd_sum:17974
instantaneous_eventloop_cycles_per_sec:7
instantaneous_eventloop_duration_usec:13602
acl_access_denied_auth:0
acl_access_denied_cmd:0
acl_access_denied_key:0
acl_access_denied_channel:0
2025-07-13T18:49:47Z# Stats
total_connections_received:20
total_commands_processed:297
instantaneous_ops_per_sec:4
total_net_input_bytes:13214
total_net_output_bytes:8290
total_net_repl_input_bytes:0
total_net_repl_output_bytes:0
instantaneous_input_kbps:0.19
instantaneous_output_kbps:0.02
instantaneous_input_repl_kbps:0.00
instantaneous_output_repl_kbps:0.00
rejected_connections:0
sync_full:0
sync_partial_ok:0
sync_partial_err:0
expired_subkeys:0
expired_keys:0
expired_stale_perc:0.00
expired_time_cap_reached_count:0
expire_cycle_cpu_milliseconds:8
evicted_keys:0
evicted_clients:0
evicted_scripts:0
total_eviction_exceeded_time:0
current_eviction_exceeded_time:0
keyspace_hits:0
keyspace_misses:134
pubsub_channels:0
pubsub_patterns:0
pubsubshard_channels:0
latest_fork_usec:0
total_forks:0
migrate_cached_sockets:0
slave_expires_tracked_keys:0
active_defrag_hits:0
active_defrag_misses:0
active_defrag_key_hits:0
active_defrag_key_misses:0
total_active_defrag_time:0
current_active_defrag_time:0
tracking_total_keys:0
tracking_total_items:0
tracking_total_prefixes:0
unexpected_error_replies:0
total_error_replies:12
dump_payload_sanitizations:0
total_reads_processed:311
total_writes_processed:297
io_threaded_reads_processed:0
io_threaded_writes_processed:0
client_query_buffer_limit_disconnections:0
client_output_buffer_limit_disconnections:0
reply_buffer_shrinks:6
reply_buffer_expands:0
eventloop_cycles:1465
eventloop_duration_sum:5930536
eventloop_duration_cmd_sum:18358
instantaneous_eventloop_cycles_per_sec:11
instantaneous_eventloop_duration_usec:50483
acl_access_denied_auth:0
acl_access_denied_cmd:0
acl_access_denied_key:0
acl_access_denied_channel:0
2025-07-13T18:49:59Z# Stats
total_connections_received:21
total_commands_processed:333
instantaneous_ops_per_sec:0
total_net_input_bytes:14773
total_net_output_bytes:10174
total_net_repl_input_bytes:0
total_net_repl_output_bytes:0
instantaneous_input_kbps:0.00
instantaneous_output_kbps:0.00
instantaneous_input_repl_kbps:0.00
instantaneous_output_repl_kbps:0.00
rejected_connections:0
sync_full:0
sync_partial_ok:0
sync_partial_err:0
expired_subkeys:0
expired_keys:0
expired_stale_perc:0.00
expired_time_cap_reached_count:0
expire_cycle_cpu_milliseconds:8
evicted_keys:0
evicted_clients:0
evicted_scripts:0
total_eviction_exceeded_time:0
current_eviction_exceeded_time:0
keyspace_hits:0
keyspace_misses:158
pubsub_channels:0
pubsub_patterns:0
pubsubshard_channels:0
latest_fork_usec:0
total_forks:0
migrate_cached_sockets:0
slave_expires_tracked_keys:0
active_defrag_hits:0
active_defrag_misses:0
active_defrag_key_hits:0
active_defrag_key_misses:0
total_active_defrag_time:0
current_active_defrag_time:0
tracking_total_keys:0
tracking_total_items:0
tracking_total_prefixes:0
unexpected_error_replies:0
total_error_replies:13
dump_payload_sanitizations:0
total_reads_processed:348
total_writes_processed:333
io_threaded_reads_processed:0
io_threaded_writes_processed:0
client_query_buffer_limit_disconnections:0
client_output_buffer_limit_disconnections:0
reply_buffer_shrinks:6
reply_buffer_expands:0
eventloop_cycles:1604
eventloop_duration_sum:6928348
eventloop_duration_cmd_sum:18498
instantaneous_eventloop_cycles_per_sec:8
instantaneous_eventloop_duration_usec:5570
acl_access_denied_auth:0
acl_access_denied_cmd:0
acl_access_denied_key:0
acl_access_denied_channel:0
2025-07-13T18:50:11Z# Stats
total_connections_received:23
total_commands_processed:383
instantaneous_ops_per_sec:7
total_net_input_bytes:16964
total_net_output_bytes:12130
total_net_repl_input_bytes:0
total_net_repl_output_bytes:0
instantaneous_input_kbps:0.37
instantaneous_output_kbps:0.04
instantaneous_input_repl_kbps:0.00
instantaneous_output_repl_kbps:0.00
rejected_connections:0
sync_full:0
sync_partial_ok:0
sync_partial_err:0
expired_subkeys:0
expired_keys:0
expired_stale_perc:0.00
expired_time_cap_reached_count:0
expire_cycle_cpu_milliseconds:10
evicted_keys:0
evicted_clients:0
evicted_scripts:0
total_eviction_exceeded_time:0
current_eviction_exceeded_time:0
keyspace_hits:0
keyspace_misses:184
pubsub_channels:0
pubsub_patterns:0
pubsubshard_channels:0
latest_fork_usec:0
total_forks:0
migrate_cached_sockets:0
slave_expires_tracked_keys:0
active_defrag_hits:0
active_defrag_misses:0
active_defrag_key_hits:0
active_defrag_key_misses:0
total_active_defrag_time:0
current_active_defrag_time:0
tracking_total_keys:0
tracking_total_items:0
tracking_total_prefixes:0
unexpected_error_replies:0
total_error_replies:15
dump_payload_sanitizations:0
total_reads_processed:400
total_writes_processed:383
io_threaded_reads_processed:0
io_threaded_writes_processed:0
client_query_buffer_limit_disconnections:0
client_output_buffer_limit_disconnections:0
reply_buffer_shrinks:6
reply_buffer_expands:0
eventloop_cycles:1751
eventloop_duration_sum:7932837
eventloop_duration_cmd_sum:243964
instantaneous_eventloop_cycles_per_sec:16
instantaneous_eventloop_duration_usec:2518
acl_access_denied_auth:0
acl_access_denied_cmd:0
acl_access_denied_key:0
acl_access_denied_channel:0
2025-07-13T18:50:22Z# Stats
total_connections_received:25
total_commands_processed:420
instantaneous_ops_per_sec:0
total_net_input_bytes:18537
total_net_output_bytes:14023
total_net_repl_input_bytes:0
total_net_repl_output_bytes:0
instantaneous_input_kbps:0.00
instantaneous_output_kbps:0.00
instantaneous_input_repl_kbps:0.00
instantaneous_output_repl_kbps:0.00
rejected_connections:0
sync_full:0
sync_partial_ok:0
sync_partial_err:0
expired_subkeys:0
expired_keys:0
expired_stale_perc:0.00
expired_time_cap_reached_count:0
expire_cycle_cpu_milliseconds:10
evicted_keys:0
evicted_clients:0
evicted_scripts:0
total_eviction_exceeded_time:0
current_eviction_exceeded_time:0
keyspace_hits:0
keyspace_misses:208
pubsub_channels:0
pubsub_patterns:0
pubsubshard_channels:0
latest_fork_usec:0
total_forks:0
migrate_cached_sockets:0
slave_expires_tracked_keys:0
active_defrag_hits:0
active_defrag_misses:0
active_defrag_key_hits:0
active_defrag_key_misses:0
total_active_defrag_time:0
current_active_defrag_time:0
tracking_total_keys:0
tracking_total_items:0
tracking_total_prefixes:0
unexpected_error_replies:0
total_error_replies:16
dump_payload_sanitizations:0
total_reads_processed:439
total_writes_processed:420
io_threaded_reads_processed:0
io_threaded_writes_processed:0
client_query_buffer_limit_disconnections:0
client_output_buffer_limit_disconnections:0
reply_buffer_shrinks:6
reply_buffer_expands:0
eventloop_cycles:1895
eventloop_duration_sum:8179144
eventloop_duration_cmd_sum:244107
instantaneous_eventloop_cycles_per_sec:7
instantaneous_eventloop_duration_usec:5128
acl_access_denied_auth:0
acl_access_denied_cmd:0
acl_access_denied_key:0
acl_access_denied_channel:0
2025-07-13T18:50:33Z# Stats
total_connections_received:27
total_commands_processed:575
instantaneous_ops_per_sec:0
total_net_input_bytes:36894
total_net_output_bytes:18425
total_net_repl_input_bytes:0
total_net_repl_output_bytes:0
instantaneous_input_kbps:0.01
instantaneous_output_kbps:0.00
instantaneous_input_repl_kbps:0.00
instantaneous_output_repl_kbps:0.00
rejected_connections:0
sync_full:0
sync_partial_ok:0
sync_partial_err:0
expired_subkeys:0
expired_keys:0
expired_stale_perc:0.00
expired_time_cap_reached_count:0
expire_cycle_cpu_milliseconds:10
evicted_keys:0
evicted_clients:0
evicted_scripts:0
total_eviction_exceeded_time:0
current_eviction_exceeded_time:0
keyspace_hits:3
keyspace_misses:249
pubsub_channels:0
pubsub_patterns:0
pubsubshard_channels:0
latest_fork_usec:0
total_forks:0
migrate_cached_sockets:0
slave_expires_tracked_keys:0
active_defrag_hits:0
active_defrag_misses:0
active_defrag_key_hits:0
active_defrag_key_misses:0
total_active_defrag_time:0
current_active_defrag_time:0
tracking_total_keys:0
tracking_total_items:0
tracking_total_prefixes:0
unexpected_error_replies:0
total_error_replies:17
dump_payload_sanitizations:0
total_reads_processed:520
total_writes_processed:499
io_threaded_reads_processed:0
io_threaded_writes_processed:0
client_query_buffer_limit_disconnections:0
client_output_buffer_limit_disconnections:0
reply_buffer_shrinks:7
reply_buffer_expands:1
eventloop_cycles:2068
eventloop_duration_sum:8455882
eventloop_duration_cmd_sum:265625
instantaneous_eventloop_cycles_per_sec:9
instantaneous_eventloop_duration_usec:1660
acl_access_denied_auth:0
acl_access_denied_cmd:0
acl_access_denied_key:0
acl_access_denied_channel:0
2025-07-13T18:50:44Z# Stats
total_connections_received:28
total_commands_processed:6704
instantaneous_ops_per_sec:3489
total_net_input_bytes:1022432
total_net_output_bytes:90538
total_net_repl_input_bytes:0
total_net_repl_output_bytes:0
instantaneous_input_kbps:522.66
instantaneous_output_kbps:34.47
instantaneous_input_repl_kbps:0.00
instantaneous_output_repl_kbps:0.00
rejected_connections:0
sync_full:0
sync_partial_ok:0
sync_partial_err:0
expired_subkeys:0
expired_keys:0
expired_stale_perc:0.00
expired_time_cap_reached_count:0
expire_cycle_cpu_milliseconds:11
evicted_keys:0
evicted_clients:0
evicted_scripts:0
total_eviction_exceeded_time:0
current_eviction_exceeded_time:0
keyspace_hits:1529
keyspace_misses:269
pubsub_channels:0
pubsub_patterns:0
pubsubshard_channels:0
latest_fork_usec:2829
total_forks:1
migrate_cached_sockets:0
slave_expires_tracked_keys:0
active_defrag_hits:0
active_defrag_misses:0
active_defrag_key_hits:0
active_defrag_key_misses:0
total_active_defrag_time:0
current_active_defrag_time:0
tracking_total_keys:0
tracking_total_items:0
tracking_total_prefixes:0
unexpected_error_replies:0
total_error_replies:18
dump_payload_sanitizations:0
total_reads_processed:2146
total_writes_processed:2123
io_threaded_reads_processed:0
io_threaded_writes_processed:0
client_query_buffer_limit_disconnections:0
client_output_buffer_limit_disconnections:0
reply_buffer_shrinks:8
reply_buffer_expands:5
eventloop_cycles:3333
eventloop_duration_sum:9342947
eventloop_duration_cmd_sum:341000
instantaneous_eventloop_cycles_per_sec:678
instantaneous_eventloop_duration_usec:599
acl_access_denied_auth:0
acl_access_denied_cmd:0
acl_access_denied_key:0
acl_access_denied_channel:0
2025-07-13T18:50:56Z# Stats
total_connections_received:30
total_commands_processed:29183
instantaneous_ops_per_sec:3627
total_net_input_bytes:4586172
total_net_output_bytes:534548
total_net_repl_input_bytes:0
total_net_repl_output_bytes:0
instantaneous_input_kbps:431.04
instantaneous_output_kbps:34.37
instantaneous_input_repl_kbps:0.00
instantaneous_output_repl_kbps:0.00
rejected_connections:0
sync_full:0
sync_partial_ok:0
sync_partial_err:0
expired_subkeys:0
expired_keys:0
expired_stale_perc:0.00
expired_time_cap_reached_count:0
expire_cycle_cpu_milliseconds:37
evicted_keys:0
evicted_clients:0
evicted_scripts:0
total_eviction_exceeded_time:0
current_eviction_exceeded_time:0
keyspace_hits:5544
keyspace_misses:299
pubsub_channels:0
pubsub_patterns:0
pubsubshard_channels:0
latest_fork_usec:2829
total_forks:1
migrate_cached_sockets:0
slave_expires_tracked_keys:0
active_defrag_hits:0
active_defrag_misses:0
active_defrag_key_hits:0
active_defrag_key_misses:0
total_active_defrag_time:0
current_active_defrag_time:0
tracking_total_keys:0
tracking_total_items:0
tracking_total_prefixes:0
unexpected_error_replies:0
total_error_replies:18
dump_payload_sanitizations:0
total_reads_processed:7279
total_writes_processed:7254
io_threaded_reads_processed:0
io_threaded_writes_processed:0
client_query_buffer_limit_disconnections:0
client_output_buffer_limit_disconnections:0
reply_buffer_shrinks:17
reply_buffer_expands:19
eventloop_cycles:7665
eventloop_duration_sum:11669829
eventloop_duration_cmd_sum:1002167
instantaneous_eventloop_cycles_per_sec:501
instantaneous_eventloop_duration_usec:2134
acl_access_denied_auth:0
acl_access_denied_cmd:0
acl_access_denied_key:0
acl_access_denied_channel:0
2025-07-13T18:51:07Z# Stats
total_connections_received:32
total_commands_processed:45136
instantaneous_ops_per_sec:2548
total_net_input_bytes:6964616
total_net_output_bytes:704122
total_net_repl_input_bytes:0
total_net_repl_output_bytes:0
instantaneous_input_kbps:425.59
instantaneous_output_kbps:29.67
instantaneous_input_repl_kbps:0.00
instantaneous_output_repl_kbps:0.00
rejected_connections:0
sync_full:0
sync_partial_ok:0
sync_partial_err:0
expired_subkeys:0
expired_keys:0
expired_stale_perc:0.00
expired_time_cap_reached_count:0
expire_cycle_cpu_milliseconds:67
evicted_keys:0
evicted_clients:0
evicted_scripts:0
total_eviction_exceeded_time:0
current_eviction_exceeded_time:0
keyspace_hits:8381
keyspace_misses:299
pubsub_channels:0
pubsub_patterns:0
pubsubshard_channels:0
latest_fork_usec:2829
total_forks:1
migrate_cached_sockets:0
slave_expires_tracked_keys:0
active_defrag_hits:0
active_defrag_misses:0
active_defrag_key_hits:0
active_defrag_key_misses:0
total_active_defrag_time:0
current_active_defrag_time:0
tracking_total_keys:0
tracking_total_items:0
tracking_total_prefixes:0
unexpected_error_replies:0
total_error_replies:18
dump_payload_sanitizations:0
total_reads_processed:12114
total_writes_processed:12087
io_threaded_reads_processed:0
io_threaded_writes_processed:0
client_query_buffer_limit_disconnections:0
client_output_buffer_limit_disconnections:0
reply_buffer_shrinks:20
reply_buffer_expands:27
eventloop_cycles:12158
eventloop_duration_sum:13762698
eventloop_duration_cmd_sum:1396591
instantaneous_eventloop_cycles_per_sec:342
instantaneous_eventloop_duration_usec:670
acl_access_denied_auth:0
acl_access_denied_cmd:0
acl_access_denied_key:0
acl_access_denied_channel:0
2025-07-13T18:51:18Z# Stats
total_connections_received:33
total_commands_processed:61937
instantaneous_ops_per_sec:751
total_net_input_bytes:9438719
total_net_output_bytes:1073837
total_net_repl_input_bytes:0
total_net_repl_output_bytes:0
instantaneous_input_kbps:42.26
instantaneous_output_kbps:2.96
instantaneous_input_repl_kbps:0.00
instantaneous_output_repl_kbps:0.00
rejected_connections:0
sync_full:0
sync_partial_ok:0
sync_partial_err:0
expired_subkeys:0
expired_keys:0
expired_stale_perc:0.00
expired_time_cap_reached_count:0
expire_cycle_cpu_milliseconds:71
evicted_keys:0
evicted_clients:0
evicted_scripts:0
total_eviction_exceeded_time:0
current_eviction_exceeded_time:0
keyspace_hits:11247
keyspace_misses:299
pubsub_channels:0
pubsub_patterns:0
pubsubshard_channels:0
latest_fork_usec:2829
total_forks:1
migrate_cached_sockets:0
slave_expires_tracked_keys:0
active_defrag_hits:0
active_defrag_misses:0
active_defrag_key_hits:0
active_defrag_key_misses:0
total_active_defrag_time:0
current_active_defrag_time:0
tracking_total_keys:0
tracking_total_items:0
tracking_total_prefixes:0
unexpected_error_replies:0
total_error_replies:18
dump_payload_sanitizations:0
total_reads_processed:17681
total_writes_processed:17647
io_threaded_reads_processed:0
io_threaded_writes_processed:0
client_query_buffer_limit_disconnections:0
client_output_buffer_limit_disconnections:0
reply_buffer_shrinks:27
reply_buffer_expands:36
eventloop_cycles:16710
eventloop_duration_sum:16386700
eventloop_duration_cmd_sum:2012112
instantaneous_eventloop_cycles_per_sec:749
instantaneous_eventloop_duration_usec:4240
acl_access_denied_auth:0
acl_access_denied_cmd:0
acl_access_denied_key:0
acl_access_denied_channel:0
2025-07-13T18:51:29Z# Stats
total_connections_received:35
total_commands_processed:76505
instantaneous_ops_per_sec:13
total_net_input_bytes:11793281
total_net_output_bytes:1438400
total_net_repl_input_bytes:0
total_net_repl_output_bytes:0
instantaneous_input_kbps:20.86
instantaneous_output_kbps:117.26
instantaneous_input_repl_kbps:0.00
instantaneous_output_repl_kbps:0.00
rejected_connections:0
sync_full:0
sync_partial_ok:0
sync_partial_err:0
expired_subkeys:0
expired_keys:0
expired_stale_perc:0.00
expired_time_cap_reached_count:0
expire_cycle_cpu_milliseconds:73
evicted_keys:0
evicted_clients:0
evicted_scripts:0
total_eviction_exceeded_time:0
current_eviction_exceeded_time:0
keyspace_hits:14129
keyspace_misses:299
pubsub_channels:0
pubsub_patterns:0
pubsubshard_channels:0
latest_fork_usec:2829
total_forks:1
migrate_cached_sockets:0
slave_expires_tracked_keys:0
active_defrag_hits:0
active_defrag_misses:0
active_defrag_key_hits:0
active_defrag_key_misses:0
total_active_defrag_time:0
current_active_defrag_time:0
tracking_total_keys:0
tracking_total_items:0
tracking_total_prefixes:0
unexpected_error_replies:0
total_error_replies:18
dump_payload_sanitizations:0
total_reads_processed:20966
total_writes_processed:20922
io_threaded_reads_processed:0
io_threaded_writes_processed:0
client_query_buffer_limit_disconnections:0
client_output_buffer_limit_disconnections:0
reply_buffer_shrinks:31
reply_buffer_expands:46
eventloop_cycles:19508
eventloop_duration_sum:18196080
eventloop_duration_cmd_sum:2415544
instantaneous_eventloop_cycles_per_sec:29
instantaneous_eventloop_duration_usec:2740
acl_access_denied_auth:0
acl_access_denied_cmd:0
acl_access_denied_key:0
acl_access_denied_channel:0
2025-07-13T18:51:40Z# Stats
total_connections_received:37
total_commands_processed:93373
instantaneous_ops_per_sec:273
total_net_input_bytes:14250699
total_net_output_bytes:1613552
total_net_repl_input_bytes:0
total_net_repl_output_bytes:0
instantaneous_input_kbps:15.28
instantaneous_output_kbps:1.09
instantaneous_input_repl_kbps:0.00
instantaneous_output_repl_kbps:0.00
rejected_connections:0
sync_full:0
sync_partial_ok:0
sync_partial_err:0
expired_subkeys:0
expired_keys:0
expired_stale_perc:0.00
expired_time_cap_reached_count:0
expire_cycle_cpu_milliseconds:74
evicted_keys:0
evicted_clients:0
evicted_scripts:0
total_eviction_exceeded_time:0
current_eviction_exceeded_time:0
keyspace_hits:17018
keyspace_misses:299
pubsub_channels:0
pubsub_patterns:0
pubsubshard_channels:0
latest_fork_usec:2829
total_forks:1
migrate_cached_sockets:0
slave_expires_tracked_keys:0
active_defrag_hits:0
active_defrag_misses:0
active_defrag_key_hits:0
active_defrag_key_misses:0
total_active_defrag_time:0
current_active_defrag_time:0
tracking_total_keys:0
tracking_total_items:0
tracking_total_prefixes:0
unexpected_error_replies:0
total_error_replies:18
dump_payload_sanitizations:0
total_reads_processed:26500
total_writes_processed:26454
io_threaded_reads_processed:0
io_threaded_writes_processed:0
client_query_buffer_limit_disconnections:0
client_output_buffer_limit_disconnections:0
reply_buffer_shrinks:39
reply_buffer_expands:54
eventloop_cycles:24082
eventloop_duration_sum:20779986
eventloop_duration_cmd_sum:2909829
instantaneous_eventloop_cycles_per_sec:276
instantaneous_eventloop_duration_usec:1764
acl_access_denied_auth:0
acl_access_denied_cmd:0
acl_access_denied_key:0
acl_access_denied_channel:0
2025-07-13T18:51:50Z# Stats
total_connections_received:38
total_commands_processed:108210
instantaneous_ops_per_sec:22
total_net_input_bytes:16596714
total_net_output_bytes:1780998
total_net_repl_input_bytes:0
total_net_repl_output_bytes:0
instantaneous_input_kbps:1.26
instantaneous_output_kbps:0.12
instantaneous_input_repl_kbps:0.00
instantaneous_output_repl_kbps:0.00
rejected_connections:0
sync_full:0
sync_partial_ok:0
sync_partial_err:0
expired_subkeys:0
expired_keys:1
expired_stale_perc:0.00
expired_time_cap_reached_count:0
expire_cycle_cpu_milliseconds:81
evicted_keys:0
evicted_clients:0
evicted_scripts:0
total_eviction_exceeded_time:0
current_eviction_exceeded_time:0
keyspace_hits:20014
keyspace_misses:299
pubsub_channels:0
pubsub_patterns:0
pubsubshard_channels:0
latest_fork_usec:903
total_forks:2
migrate_cached_sockets:0
slave_expires_tracked_keys:0
active_defrag_hits:0
active_defrag_misses:0
active_defrag_key_hits:0
active_defrag_key_misses:0
total_active_defrag_time:0
current_active_defrag_time:0
tracking_total_keys:0
tracking_total_items:0
tracking_total_prefixes:0
unexpected_error_replies:0
total_error_replies:18
dump_payload_sanitizations:0
total_reads_processed:29989
total_writes_processed:29940
io_threaded_reads_processed:0
io_threaded_writes_processed:0
client_query_buffer_limit_disconnections:0
client_output_buffer_limit_disconnections:0
reply_buffer_shrinks:44
reply_buffer_expands:62
eventloop_cycles:26873
eventloop_duration_sum:22620049
eventloop_duration_cmd_sum:3367983
instantaneous_eventloop_cycles_per_sec:23
instantaneous_eventloop_duration_usec:5542
acl_access_denied_auth:0
acl_access_denied_cmd:0
acl_access_denied_key:0
acl_access_denied_channel:0
2025-07-13T18:52:01Z# Stats
total_connections_received:40
total_commands_processed:125960
instantaneous_ops_per_sec:624
total_net_input_bytes:19153319
total_net_output_bytes:2162036
total_net_repl_input_bytes:0
total_net_repl_output_bytes:0
instantaneous_input_kbps:36.64
instantaneous_output_kbps:2.76
instantaneous_input_repl_kbps:0.00
instantaneous_output_repl_kbps:0.00
rejected_connections:0
sync_full:0
sync_partial_ok:0
sync_partial_err:0
expired_subkeys:0
expired_keys:2
expired_stale_perc:0.14
expired_time_cap_reached_count:0
expire_cycle_cpu_milliseconds:104
evicted_keys:0
evicted_clients:0
evicted_scripts:0
total_eviction_exceeded_time:0
current_eviction_exceeded_time:0
keyspace_hits:23440
keyspace_misses:299
pubsub_channels:0
pubsub_patterns:0
pubsubshard_channels:0
latest_fork_usec:903
total_forks:2
migrate_cached_sockets:0
slave_expires_tracked_keys:0
active_defrag_hits:0
active_defrag_misses:0
active_defrag_key_hits:0
active_defrag_key_misses:0
total_active_defrag_time:0
current_active_defrag_time:0
tracking_total_keys:0
tracking_total_items:0
tracking_total_prefixes:0
unexpected_error_replies:0
total_error_replies:18
dump_payload_sanitizations:0
total_reads_processed:36317
total_writes_processed:36268
io_threaded_reads_processed:0
io_threaded_writes_processed:0
client_query_buffer_limit_disconnections:0
client_output_buffer_limit_disconnections:0
reply_buffer_shrinks:50
reply_buffer_expands:72
eventloop_cycles:31701
eventloop_duration_sum:25565109
eventloop_duration_cmd_sum:3853873
instantaneous_eventloop_cycles_per_sec:483
instantaneous_eventloop_duration_usec:578
acl_access_denied_auth:0
acl_access_denied_cmd:0
acl_access_denied_key:0
acl_access_denied_channel:0
2025-07-13T18:52:13Z# Stats
total_connections_received:42
total_commands_processed:147602
instantaneous_ops_per_sec:2612
total_net_input_bytes:22697961
total_net_output_bytes:2614464
total_net_repl_input_bytes:0
total_net_repl_output_bytes:0
instantaneous_input_kbps:482.76
instantaneous_output_kbps:54.99
instantaneous_input_repl_kbps:0.00
instantaneous_output_repl_kbps:0.00
rejected_connections:0
sync_full:0
sync_partial_ok:0
sync_partial_err:0
expired_subkeys:0
expired_keys:3
expired_stale_perc:0.02
expired_time_cap_reached_count:0
expire_cycle_cpu_milliseconds:106
evicted_keys:0
evicted_clients:0
evicted_scripts:0
total_eviction_exceeded_time:0
current_eviction_exceeded_time:0
keyspace_hits:27469
keyspace_misses:299
pubsub_channels:0
pubsub_patterns:0
pubsubshard_channels:0
latest_fork_usec:903
total_forks:2
migrate_cached_sockets:0
slave_expires_tracked_keys:0
active_defrag_hits:0
active_defrag_misses:0
active_defrag_key_hits:0
active_defrag_key_misses:0
total_active_defrag_time:0
current_active_defrag_time:0
tracking_total_keys:0
tracking_total_items:0
tracking_total_prefixes:0
unexpected_error_replies:0
total_error_replies:18
dump_payload_sanitizations:0
total_reads_processed:40712
total_writes_processed:40660
io_threaded_reads_processed:0
io_threaded_writes_processed:0
client_query_buffer_limit_disconnections:0
client_output_buffer_limit_disconnections:0
reply_buffer_shrinks:54
reply_buffer_expands:84
eventloop_cycles:35262
eventloop_duration_sum:28273772
eventloop_duration_cmd_sum:4794107
instantaneous_eventloop_cycles_per_sec:534
instantaneous_eventloop_duration_usec:14103
acl_access_denied_auth:0
acl_access_denied_cmd:0
acl_access_denied_key:0
acl_access_denied_channel:0
2025-07-13T18:52:24Z# Stats
total_connections_received:44
total_commands_processed:161763
instantaneous_ops_per_sec:1885
total_net_input_bytes:24647457
total_net_output_bytes:2753973
total_net_repl_input_bytes:0
total_net_repl_output_bytes:0
instantaneous_input_kbps:293.93
instantaneous_output_kbps:17.39
instantaneous_input_repl_kbps:0.00
instantaneous_output_repl_kbps:0.00
rejected_connections:0
sync_full:0
sync_partial_ok:0
sync_partial_err:0
expired_subkeys:0
expired_keys:7
expired_stale_perc:0.29
expired_time_cap_reached_count:0
expire_cycle_cpu_milliseconds:107
evicted_keys:0
evicted_clients:0
evicted_scripts:0
total_eviction_exceeded_time:0
current_eviction_exceeded_time:0
keyspace_hits:29963
keyspace_misses:299
pubsub_channels:0
pubsub_patterns:0
pubsubshard_channels:0
latest_fork_usec:903
total_forks:2
migrate_cached_sockets:0
slave_expires_tracked_keys:0
active_defrag_hits:0
active_defrag_misses:0
active_defrag_key_hits:0
active_defrag_key_misses:0
total_active_defrag_time:0
current_active_defrag_time:0
tracking_total_keys:0
tracking_total_items:0
tracking_total_prefixes:0
unexpected_error_replies:0
total_error_replies:18
dump_payload_sanitizations:0
total_reads_processed:46235
total_writes_processed:46182
io_threaded_reads_processed:0
io_threaded_writes_processed:0
client_query_buffer_limit_disconnections:0
client_output_buffer_limit_disconnections:0
reply_buffer_shrinks:59
reply_buffer_expands:91
eventloop_cycles:39992
eventloop_duration_sum:31055003
eventloop_duration_cmd_sum:5127529
instantaneous_eventloop_cycles_per_sec:463
instantaneous_eventloop_duration_usec:2307
acl_access_denied_auth:0
acl_access_denied_cmd:0
acl_access_denied_key:0
acl_access_denied_channel:0
2025-07-13T18:52:35Z# Stats
total_connections_received:45
total_commands_processed:182097
instantaneous_ops_per_sec:4515
total_net_input_bytes:27947172
total_net_output_bytes:3189839
total_net_repl_input_bytes:0
total_net_repl_output_bytes:0
instantaneous_input_kbps:711.49
instantaneous_output_kbps:147.67
instantaneous_input_repl_kbps:0.00
instantaneous_output_repl_kbps:0.00
rejected_connections:0
sync_full:0
sync_partial_ok:0
sync_partial_err:0
expired_subkeys:0
expired_keys:10
expired_stale_perc:0.07
expired_time_cap_reached_count:0
expire_cycle_cpu_milliseconds:109
evicted_keys:0
evicted_clients:0
evicted_scripts:0
total_eviction_exceeded_time:0
current_eviction_exceeded_time:0
keyspace_hits:33764
keyspace_misses:299
pubsub_channels:0
pubsub_patterns:0
pubsubshard_channels:0
latest_fork_usec:903
total_forks:2
migrate_cached_sockets:0
slave_expires_tracked_keys:0
active_defrag_hits:0
active_defrag_misses:0
active_defrag_key_hits:0
active_defrag_key_misses:0
total_active_defrag_time:0
current_active_defrag_time:0
tracking_total_keys:0
tracking_total_items:0
tracking_total_prefixes:0
unexpected_error_replies:0
total_error_replies:18
dump_payload_sanitizations:0
total_reads_processed:50585
total_writes_processed:50530
io_threaded_reads_processed:0
io_threaded_writes_processed:0
client_query_buffer_limit_disconnections:0
client_output_buffer_limit_disconnections:0
reply_buffer_shrinks:66
reply_buffer_expands:104
eventloop_cycles:43447
eventloop_duration_sum:33470307
eventloop_duration_cmd_sum:5576988
instantaneous_eventloop_cycles_per_sec:680
instantaneous_eventloop_duration_usec:723
acl_access_denied_auth:0
acl_access_denied_cmd:0
acl_access_denied_key:0
acl_access_denied_channel:0
2025-07-13T18:52:46Z# Stats
total_connections_received:47
total_commands_processed:196107
instantaneous_ops_per_sec:262
total_net_input_bytes:30071282
total_net_output_bytes:3336509
total_net_repl_input_bytes:0
total_net_repl_output_bytes:0
instantaneous_input_kbps:15.93
instantaneous_output_kbps:1.28
instantaneous_input_repl_kbps:0.00
instantaneous_output_repl_kbps:0.00
rejected_connections:0
sync_full:0
sync_partial_ok:0
sync_partial_err:0
expired_subkeys:0
expired_keys:14
expired_stale_perc:0.49
expired_time_cap_reached_count:0
expire_cycle_cpu_milliseconds:207
evicted_keys:0
evicted_clients:0
evicted_scripts:0
total_eviction_exceeded_time:0
current_eviction_exceeded_time:0
keyspace_hits:36579
keyspace_misses:299
pubsub_channels:0
pubsub_patterns:0
pubsubshard_channels:0
latest_fork_usec:903
total_forks:2
migrate_cached_sockets:0
slave_expires_tracked_keys:0
active_defrag_hits:0
active_defrag_misses:0
active_defrag_key_hits:0
active_defrag_key_misses:0
total_active_defrag_time:0
current_active_defrag_time:0
tracking_total_keys:0
tracking_total_items:0
tracking_total_prefixes:0
unexpected_error_replies:0
total_error_replies:18
dump_payload_sanitizations:0
total_reads_processed:56073
total_writes_processed:56017
io_threaded_reads_processed:0
io_threaded_writes_processed:0
client_query_buffer_limit_disconnections:0
client_output_buffer_limit_disconnections:0
reply_buffer_shrinks:72
reply_buffer_expands:110
eventloop_cycles:47979
eventloop_duration_sum:36945868
eventloop_duration_cmd_sum:6085055
instantaneous_eventloop_cycles_per_sec:224
instantaneous_eventloop_duration_usec:3813
acl_access_denied_auth:0
acl_access_denied_cmd:0
acl_access_denied_key:0
acl_access_denied_channel:0
2025-07-13T18:52:57Z# Stats
total_connections_received:49
total_commands_processed:214356
instantaneous_ops_per_sec:326
total_net_input_bytes:32879699
total_net_output_bytes:3744573
total_net_repl_input_bytes:0
total_net_repl_output_bytes:0
instantaneous_input_kbps:19.12
instantaneous_output_kbps:1.50
instantaneous_input_repl_kbps:0.00
instantaneous_output_repl_kbps:0.00
rejected_connections:0
sync_full:0
sync_partial_ok:0
sync_partial_err:0
expired_subkeys:0
expired_keys:16
expired_stale_perc:0.05
expired_time_cap_reached_count:0
expire_cycle_cpu_milliseconds:209
evicted_keys:0
evicted_clients:0
evicted_scripts:0
total_eviction_exceeded_time:0
current_eviction_exceeded_time:0
keyspace_hits:39781
keyspace_misses:299
pubsub_channels:0
pubsub_patterns:0
pubsubshard_channels:0
latest_fork_usec:1286
total_forks:3
migrate_cached_sockets:0
slave_expires_tracked_keys:0
active_defrag_hits:0
active_defrag_misses:0
active_defrag_key_hits:0
active_defrag_key_misses:0
total_active_defrag_time:0
current_active_defrag_time:0
tracking_total_keys:0
tracking_total_items:0
tracking_total_prefixes:0
unexpected_error_replies:0
total_error_replies:18
dump_payload_sanitizations:0
total_reads_processed:59690
total_writes_processed:59628
io_threaded_reads_processed:0
io_threaded_writes_processed:0
client_query_buffer_limit_disconnections:0
client_output_buffer_limit_disconnections:0
reply_buffer_shrinks:81
reply_buffer_expands:121
eventloop_cycles:51034
eventloop_duration_sum:39456196
eventloop_duration_cmd_sum:6848686
instantaneous_eventloop_cycles_per_sec:268
instantaneous_eventloop_duration_usec:1066
acl_access_denied_auth:0
acl_access_denied_cmd:0
acl_access_denied_key:0
acl_access_denied_channel:0
2025-07-13T18:53:09Z# Stats
total_connections_received:51
total_commands_processed:222937
instantaneous_ops_per_sec:1920
total_net_input_bytes:34142646
total_net_output_bytes:3835872
total_net_repl_input_bytes:0
total_net_repl_output_bytes:0
instantaneous_input_kbps:296.41
instantaneous_output_kbps:22.14
instantaneous_input_repl_kbps:0.00
instantaneous_output_repl_kbps:0.00
rejected_connections:0
sync_full:0
sync_partial_ok:0
sync_partial_err:0
expired_subkeys:0
expired_keys:22
expired_stale_perc:0.48
expired_time_cap_reached_count:0
expire_cycle_cpu_milliseconds:212
evicted_keys:0
evicted_clients:0
evicted_scripts:0
total_eviction_exceeded_time:0
current_eviction_exceeded_time:0
keyspace_hits:41696
keyspace_misses:299
pubsub_channels:0
pubsub_patterns:0
pubsubshard_channels:0
latest_fork_usec:1286
total_forks:3
migrate_cached_sockets:0
slave_expires_tracked_keys:0
active_defrag_hits:0
active_defrag_misses:0
active_defrag_key_hits:0
active_defrag_key_misses:0
total_active_defrag_time:0
current_active_defrag_time:0
tracking_total_keys:0
tracking_total_items:0
tracking_total_prefixes:0
unexpected_error_replies:0
total_error_replies:18
dump_payload_sanitizations:0
total_reads_processed:62418
total_writes_processed:62354
io_threaded_reads_processed:0
io_threaded_writes_processed:0
client_query_buffer_limit_disconnections:0
client_output_buffer_limit_disconnections:0
reply_buffer_shrinks:84
reply_buffer_expands:125
eventloop_cycles:53003
eventloop_duration_sum:44154315
eventloop_duration_cmd_sum:7239178
instantaneous_eventloop_cycles_per_sec:170
instantaneous_eventloop_duration_usec:9085
acl_access_denied_auth:0
acl_access_denied_cmd:0
acl_access_denied_key:0
acl_access_denied_channel:0
2025-07-13T18:53:20Z# Stats
total_connections_received:52
total_commands_processed:249913
instantaneous_ops_per_sec:1102
total_net_input_bytes:38378581
total_net_output_bytes:4136301
total_net_repl_input_bytes:0
total_net_repl_output_bytes:0
instantaneous_input_kbps:164.03
instantaneous_output_kbps:11.42
instantaneous_input_repl_kbps:0.00
instantaneous_output_repl_kbps:0.00
rejected_connections:0
sync_full:0
sync_partial_ok:0
sync_partial_err:0
expired_subkeys:0
expired_keys:27
expired_stale_perc:0.10
expired_time_cap_reached_count:0
expire_cycle_cpu_milliseconds:213
evicted_keys:0
evicted_clients:0
evicted_scripts:0
total_eviction_exceeded_time:0
current_eviction_exceeded_time:0
keyspace_hits:46139
keyspace_misses:299
pubsub_channels:0
pubsub_patterns:0
pubsubshard_channels:0
latest_fork_usec:1286
total_forks:3
migrate_cached_sockets:0
slave_expires_tracked_keys:0
active_defrag_hits:0
active_defrag_misses:0
active_defrag_key_hits:0
active_defrag_key_misses:0
total_active_defrag_time:0
current_active_defrag_time:0
tracking_total_keys:0
tracking_total_items:0
tracking_total_prefixes:0
unexpected_error_replies:0
total_error_replies:18
dump_payload_sanitizations:0
total_reads_processed:68881
total_writes_processed:68816
io_threaded_reads_processed:0
io_threaded_writes_processed:0
client_query_buffer_limit_disconnections:0
client_output_buffer_limit_disconnections:0
reply_buffer_shrinks:91
reply_buffer_expands:139
eventloop_cycles:57419
eventloop_duration_sum:47976386
eventloop_duration_cmd_sum:7871009
instantaneous_eventloop_cycles_per_sec:317
instantaneous_eventloop_duration_usec:706
acl_access_denied_auth:0
acl_access_denied_cmd:0
acl_access_denied_key:0
acl_access_denied_channel:0
2025-07-13T18:53:31Z# Stats
total_connections_received:54
total_commands_processed:266781
instantaneous_ops_per_sec:6
total_net_input_bytes:41078756
total_net_output_bytes:4328734
total_net_repl_input_bytes:0
total_net_repl_output_bytes:0
instantaneous_input_kbps:0.26
instantaneous_output_kbps:0.05
instantaneous_input_repl_kbps:0.00
instantaneous_output_repl_kbps:0.00
rejected_connections:0
sync_full:0
sync_partial_ok:0
sync_partial_err:0
expired_subkeys:0
expired_keys:31
expired_stale_perc:0.22
expired_time_cap_reached_count:0
expire_cycle_cpu_milliseconds:214
evicted_keys:0
evicted_clients:0
evicted_scripts:0
total_eviction_exceeded_time:0
current_eviction_exceeded_time:0
keyspace_hits:49493
keyspace_misses:299
pubsub_channels:0
pubsub_patterns:0
pubsubshard_channels:0
latest_fork_usec:1286
total_forks:3
migrate_cached_sockets:0
slave_expires_tracked_keys:0
active_defrag_hits:0
active_defrag_misses:0
active_defrag_key_hits:0
active_defrag_key_misses:0
total_active_defrag_time:0
current_active_defrag_time:0
tracking_total_keys:0
tracking_total_items:0
tracking_total_prefixes:0
unexpected_error_replies:0
total_error_replies:18
dump_payload_sanitizations:0
total_reads_processed:72567
total_writes_processed:72500
io_threaded_reads_processed:0
io_threaded_writes_processed:0
client_query_buffer_limit_disconnections:0
client_output_buffer_limit_disconnections:0
reply_buffer_shrinks:98
reply_buffer_expands:148
eventloop_cycles:60231
eventloop_duration_sum:50015972
eventloop_duration_cmd_sum:8196785
instantaneous_eventloop_cycles_per_sec:14
instantaneous_eventloop_duration_usec:3532
acl_access_denied_auth:0
acl_access_denied_cmd:0
acl_access_denied_key:0
acl_access_denied_channel:0
2025-07-13T18:53:42Z# Stats
total_connections_received:56
total_commands_processed:284371
instantaneous_ops_per_sec:385
total_net_input_bytes:43674860
total_net_output_bytes:4719147
total_net_repl_input_bytes:0
total_net_repl_output_bytes:0
instantaneous_input_kbps:22.47
instantaneous_output_kbps:1.72
instantaneous_input_repl_kbps:0.00
instantaneous_output_repl_kbps:0.00
rejected_connections:0
sync_full:0
sync_partial_ok:0
sync_partial_err:0
expired_subkeys:0
expired_keys:34
expired_stale_perc:0.24
expired_time_cap_reached_count:0
expire_cycle_cpu_milliseconds:218
evicted_keys:0
evicted_clients:0
evicted_scripts:0
total_eviction_exceeded_time:0
current_eviction_exceeded_time:0
keyspace_hits:52868
keyspace_misses:299
pubsub_channels:0
pubsub_patterns:0
pubsubshard_channels:0
latest_fork_usec:1286
total_forks:3
migrate_cached_sockets:0
slave_expires_tracked_keys:0
active_defrag_hits:0
active_defrag_misses:0
active_defrag_key_hits:0
active_defrag_key_misses:0
total_active_defrag_time:0
current_active_defrag_time:0
tracking_total_keys:0
tracking_total_items:0
tracking_total_prefixes:0
unexpected_error_replies:0
total_error_replies:18
dump_payload_sanitizations:0
total_reads_processed:78362
total_writes_processed:78294
io_threaded_reads_processed:0
io_threaded_writes_processed:0
client_query_buffer_limit_disconnections:0
client_output_buffer_limit_disconnections:0
reply_buffer_shrinks:104
reply_buffer_expands:158
eventloop_cycles:64699
eventloop_duration_sum:52859162
eventloop_duration_cmd_sum:8661132
instantaneous_eventloop_cycles_per_sec:344
instantaneous_eventloop_duration_usec:652
acl_access_denied_auth:0
acl_access_denied_cmd:0
acl_access_denied_key:0
acl_access_denied_channel:0
