2025-07-13 18:48:20,922 - INFO - consumidor_mongo2: conectado a MongoDB en mongodb://mongo:27017.
2025-07-13 18:48:20,954 - INFO - <BrokerConnection node_id=bootstrap-0 host=kafka:9092 <connecting> [IPv4 ('172.18.0.2', 9092)]>: connecting to kafka:9092 [('172.18.0.2', 9092) IPv4]
2025-07-13 18:48:20,956 - INFO - Probing node bootstrap-0 broker version
2025-07-13 18:48:20,961 - INFO - <BrokerConnection node_id=bootstrap-0 host=kafka:9092 <connecting> [IPv4 ('172.18.0.2', 9092)]>: Connection complete.
2025-07-13 18:48:21,233 - INFO - Broker version identified as 2.5.0
2025-07-13 18:48:21,235 - INFO - Set configuration api_version=(2, 5, 0) to skip auto check_version requests on startup
2025-07-13 18:48:21,236 - INFO - Probing node bootstrap-0 broker version
2025-07-13 18:48:21,388 - INFO - Broker version identified as 2.5.0
2025-07-13 18:48:21,438 - INFO - Set configuration api_version=(2, 5, 0) to skip auto check_version requests on startup
2025-07-13 18:48:21,522 - INFO - <BrokerConnection node_id=1 host=kafka:9092 <connecting> [IPv4 ('172.18.0.2', 9092)]>: connecting to kafka:9092 [('172.18.0.2', 9092) IPv4]
2025-07-13 18:48:21,525 - INFO - Probing node 1 broker version
2025-07-13 18:48:21,527 - INFO - <BrokerConnection node_id=1 host=kafka:9092 <connecting> [IPv4 ('172.18.0.2', 9092)]>: Connection complete.
2025-07-13 18:48:21,528 - INFO - <BrokerConnection node_id=bootstrap-0 host=kafka:9092 <connected> [IPv4 ('172.18.0.2', 9092)]>: Closing connection. 
2025-07-13 18:48:21,655 - INFO - Broker version identified as 2.5.0
2025-07-13 18:48:21,656 - INFO - Set configuration api_version=(2, 5, 0) to skip auto check_version requests on startup
2025-07-13 18:48:21,734 - INFO - consumidor_mongo2:El topic adsb.aeronaves ya existe en Kafka.
2025-07-13 18:48:21,747 - INFO - <BrokerConnection node_id=1 host=kafka:9092 <connected> [IPv4 ('172.18.0.2', 9092)]>: Closing connection. 
2025-07-13 18:48:31,797 - INFO - <BrokerConnection node_id=bootstrap-0 host=kafka:9092 <connecting> [IPv4 ('172.18.0.2', 9092)]>: connecting to kafka:9092 [('172.18.0.2', 9092) IPv4]
2025-07-13 18:48:31,804 - INFO - Probing node bootstrap-0 broker version
2025-07-13 18:48:31,856 - INFO - <BrokerConnection node_id=bootstrap-0 host=kafka:9092 <connecting> [IPv4 ('172.18.0.2', 9092)]>: Connection complete.
2025-07-13 18:48:32,994 - INFO - Broker version identified as 2.5.0
2025-07-13 18:48:32,996 - INFO - Set configuration api_version=(2, 5, 0) to skip auto check_version requests on startup
2025-07-13 18:48:33,023 - INFO - Updating subscribed topics to: ('adsb.aeronaves',)
2025-07-13 18:48:33,024 - INFO - consumidor_mongo2: Conectado a Kafka en kafka:9092.
2025-07-13 18:48:33,027 - INFO - consumidor_mongo2: esperando mensajes en el topic adsb.aeronaves...
2025-07-13 18:48:33,058 - INFO - Group coordinator for adsb_mongo_group is BrokerMetadata(nodeId='coordinator-1', host='kafka', port=9092, rack=None)
2025-07-13 18:48:33,061 - INFO - Discovered coordinator coordinator-1 for group adsb_mongo_group
2025-07-13 18:48:33,063 - INFO - Starting new heartbeat thread
2025-07-13 18:48:33,068 - INFO - Revoking previously assigned partitions set() for group adsb_mongo_group
2025-07-13 18:48:33,073 - INFO - <BrokerConnection node_id=coordinator-1 host=kafka:9092 <connecting> [IPv4 ('172.18.0.2', 9092)]>: connecting to kafka:9092 [('172.18.0.2', 9092) IPv4]
2025-07-13 18:48:33,083 - INFO - <BrokerConnection node_id=coordinator-1 host=kafka:9092 <connecting> [IPv4 ('172.18.0.2', 9092)]>: Connection complete.
2025-07-13 18:48:33,088 - INFO - <BrokerConnection node_id=bootstrap-0 host=kafka:9092 <connected> [IPv4 ('172.18.0.2', 9092)]>: Closing connection. 
2025-07-13 18:48:33,193 - INFO - (Re-)joining group adsb_mongo_group
2025-07-13 18:48:33,253 - WARNING - Marking the coordinator dead (node coordinator-1) for group adsb_mongo_group: [Error 16] NotCoordinatorForGroupError.
2025-07-13 18:48:33,380 - INFO - <BrokerConnection node_id=1 host=kafka:9092 <connecting> [IPv4 ('172.18.0.2', 9092)]>: connecting to kafka:9092 [('172.18.0.2', 9092) IPv4]
2025-07-13 18:48:33,386 - INFO - <BrokerConnection node_id=1 host=kafka:9092 <connecting> [IPv4 ('172.18.0.2', 9092)]>: Connection complete.
2025-07-13 18:48:33,912 - INFO - Group coordinator for adsb_mongo_group is BrokerMetadata(nodeId='coordinator-1', host='kafka', port=9092, rack=None)
2025-07-13 18:48:33,914 - INFO - Discovered coordinator coordinator-1 for group adsb_mongo_group
2025-07-13 18:48:33,915 - INFO - (Re-)joining group adsb_mongo_group
2025-07-13 18:48:33,919 - WARNING - Marking the coordinator dead (node coordinator-1) for group adsb_mongo_group: [Error 16] NotCoordinatorForGroupError.
2025-07-13 18:48:34,261 - INFO - Group coordinator for adsb_mongo_group is BrokerMetadata(nodeId='coordinator-1', host='kafka', port=9092, rack=None)
2025-07-13 18:48:34,262 - INFO - Discovered coordinator coordinator-1 for group adsb_mongo_group
2025-07-13 18:48:34,264 - INFO - (Re-)joining group adsb_mongo_group
2025-07-13 18:48:34,411 - WARNING - Marking the coordinator dead (node coordinator-1) for group adsb_mongo_group: [Error 16] NotCoordinatorForGroupError.
2025-07-13 18:48:34,553 - INFO - Group coordinator for adsb_mongo_group is BrokerMetadata(nodeId='coordinator-1', host='kafka', port=9092, rack=None)
2025-07-13 18:48:34,553 - INFO - Discovered coordinator coordinator-1 for group adsb_mongo_group
2025-07-13 18:48:34,562 - INFO - (Re-)joining group adsb_mongo_group
2025-07-13 18:48:34,600 - WARNING - Marking the coordinator dead (node coordinator-1) for group adsb_mongo_group: [Error 16] NotCoordinatorForGroupError.
2025-07-13 18:48:35,188 - INFO - Group coordinator for adsb_mongo_group is BrokerMetadata(nodeId='coordinator-1', host='kafka', port=9092, rack=None)
2025-07-13 18:48:35,190 - INFO - Discovered coordinator coordinator-1 for group adsb_mongo_group
2025-07-13 18:48:35,191 - INFO - (Re-)joining group adsb_mongo_group
2025-07-13 18:48:35,212 - WARNING - Marking the coordinator dead (node coordinator-1) for group adsb_mongo_group: [Error 16] NotCoordinatorForGroupError.
2025-07-13 18:48:35,407 - INFO - Group coordinator for adsb_mongo_group is BrokerMetadata(nodeId='coordinator-1', host='kafka', port=9092, rack=None)
2025-07-13 18:48:35,409 - INFO - Discovered coordinator coordinator-1 for group adsb_mongo_group
2025-07-13 18:48:35,410 - INFO - (Re-)joining group adsb_mongo_group
2025-07-13 18:48:35,457 - WARNING - Marking the coordinator dead (node coordinator-1) for group adsb_mongo_group: [Error 16] NotCoordinatorForGroupError.
2025-07-13 18:48:35,666 - INFO - Group coordinator for adsb_mongo_group is BrokerMetadata(nodeId='coordinator-1', host='kafka', port=9092, rack=None)
2025-07-13 18:48:35,671 - INFO - Discovered coordinator coordinator-1 for group adsb_mongo_group
2025-07-13 18:48:35,677 - INFO - (Re-)joining group adsb_mongo_group
2025-07-13 18:48:35,869 - WARNING - Marking the coordinator dead (node coordinator-1) for group adsb_mongo_group: [Error 16] NotCoordinatorForGroupError.
2025-07-13 18:48:36,155 - INFO - Group coordinator for adsb_mongo_group is BrokerMetadata(nodeId='coordinator-1', host='kafka', port=9092, rack=None)
2025-07-13 18:48:36,156 - INFO - Discovered coordinator coordinator-1 for group adsb_mongo_group
2025-07-13 18:48:36,175 - INFO - (Re-)joining group adsb_mongo_group
2025-07-13 18:48:36,210 - WARNING - Marking the coordinator dead (node coordinator-1) for group adsb_mongo_group: [Error 16] NotCoordinatorForGroupError.
2025-07-13 18:48:36,405 - INFO - Group coordinator for adsb_mongo_group is BrokerMetadata(nodeId='coordinator-1', host='kafka', port=9092, rack=None)
2025-07-13 18:48:36,426 - INFO - Discovered coordinator coordinator-1 for group adsb_mongo_group
2025-07-13 18:48:36,435 - INFO - (Re-)joining group adsb_mongo_group
2025-07-13 18:48:36,496 - WARNING - Marking the coordinator dead (node coordinator-1) for group adsb_mongo_group: [Error 16] NotCoordinatorForGroupError.
2025-07-13 18:48:36,745 - INFO - Group coordinator for adsb_mongo_group is BrokerMetadata(nodeId='coordinator-1', host='kafka', port=9092, rack=None)
2025-07-13 18:48:36,748 - INFO - Discovered coordinator coordinator-1 for group adsb_mongo_group
2025-07-13 18:48:36,749 - INFO - (Re-)joining group adsb_mongo_group
2025-07-13 18:48:36,851 - WARNING - Marking the coordinator dead (node coordinator-1) for group adsb_mongo_group: [Error 16] NotCoordinatorForGroupError.
2025-07-13 18:48:37,816 - INFO - Group coordinator for adsb_mongo_group is BrokerMetadata(nodeId='coordinator-1', host='kafka', port=9092, rack=None)
2025-07-13 18:48:37,885 - INFO - Discovered coordinator coordinator-1 for group adsb_mongo_group
2025-07-13 18:48:37,890 - INFO - (Re-)joining group adsb_mongo_group
2025-07-13 18:48:37,936 - WARNING - Marking the coordinator dead (node coordinator-1) for group adsb_mongo_group: [Error 16] NotCoordinatorForGroupError.
2025-07-13 18:48:38,055 - INFO - Group coordinator for adsb_mongo_group is BrokerMetadata(nodeId='coordinator-1', host='kafka', port=9092, rack=None)
2025-07-13 18:48:38,056 - INFO - Discovered coordinator coordinator-1 for group adsb_mongo_group
2025-07-13 18:48:38,057 - INFO - (Re-)joining group adsb_mongo_group
2025-07-13 18:48:38,125 - WARNING - Marking the coordinator dead (node coordinator-1) for group adsb_mongo_group: [Error 16] NotCoordinatorForGroupError.
2025-07-13 18:48:38,238 - INFO - Group coordinator for adsb_mongo_group is BrokerMetadata(nodeId='coordinator-1', host='kafka', port=9092, rack=None)
2025-07-13 18:48:38,239 - INFO - Discovered coordinator coordinator-1 for group adsb_mongo_group
2025-07-13 18:48:38,240 - INFO - (Re-)joining group adsb_mongo_group
2025-07-13 18:48:38,257 - WARNING - Marking the coordinator dead (node coordinator-1) for group adsb_mongo_group: [Error 16] NotCoordinatorForGroupError.
2025-07-13 18:48:38,422 - INFO - Group coordinator for adsb_mongo_group is BrokerMetadata(nodeId='coordinator-1', host='kafka', port=9092, rack=None)
2025-07-13 18:48:38,426 - INFO - Discovered coordinator coordinator-1 for group adsb_mongo_group
2025-07-13 18:48:38,452 - INFO - (Re-)joining group adsb_mongo_group
2025-07-13 18:48:38,621 - WARNING - Marking the coordinator dead (node coordinator-1) for group adsb_mongo_group: [Error 16] NotCoordinatorForGroupError.
2025-07-13 18:48:38,834 - INFO - Group coordinator for adsb_mongo_group is BrokerMetadata(nodeId='coordinator-1', host='kafka', port=9092, rack=None)
2025-07-13 18:48:38,836 - INFO - Discovered coordinator coordinator-1 for group adsb_mongo_group
2025-07-13 18:48:38,838 - INFO - (Re-)joining group adsb_mongo_group
2025-07-13 18:48:38,848 - WARNING - Marking the coordinator dead (node coordinator-1) for group adsb_mongo_group: [Error 16] NotCoordinatorForGroupError.
2025-07-13 18:48:39,004 - INFO - Group coordinator for adsb_mongo_group is BrokerMetadata(nodeId='coordinator-1', host='kafka', port=9092, rack=None)
2025-07-13 18:48:39,007 - INFO - Discovered coordinator coordinator-1 for group adsb_mongo_group
2025-07-13 18:48:39,009 - INFO - (Re-)joining group adsb_mongo_group
2025-07-13 18:48:39,026 - WARNING - Marking the coordinator dead (node coordinator-1) for group adsb_mongo_group: [Error 16] NotCoordinatorForGroupError.
2025-07-13 18:48:39,306 - INFO - Group coordinator for adsb_mongo_group is BrokerMetadata(nodeId='coordinator-1', host='kafka', port=9092, rack=None)
2025-07-13 18:48:39,308 - INFO - Discovered coordinator coordinator-1 for group adsb_mongo_group
2025-07-13 18:48:39,308 - INFO - (Re-)joining group adsb_mongo_group
2025-07-13 18:48:39,337 - WARNING - Marking the coordinator dead (node coordinator-1) for group adsb_mongo_group: [Error 16] NotCoordinatorForGroupError.
2025-07-13 18:48:39,559 - INFO - Group coordinator for adsb_mongo_group is BrokerMetadata(nodeId='coordinator-1', host='kafka', port=9092, rack=None)
2025-07-13 18:48:39,562 - INFO - Discovered coordinator coordinator-1 for group adsb_mongo_group
2025-07-13 18:48:39,563 - INFO - (Re-)joining group adsb_mongo_group
2025-07-13 18:48:39,604 - WARNING - Marking the coordinator dead (node coordinator-1) for group adsb_mongo_group: [Error 16] NotCoordinatorForGroupError.
2025-07-13 18:48:40,568 - INFO - Group coordinator for adsb_mongo_group is BrokerMetadata(nodeId='coordinator-1', host='kafka', port=9092, rack=None)
2025-07-13 18:48:40,676 - INFO - Discovered coordinator coordinator-1 for group adsb_mongo_group
2025-07-13 18:48:40,680 - INFO - (Re-)joining group adsb_mongo_group
2025-07-13 18:48:41,017 - WARNING - Marking the coordinator dead (node coordinator-1) for group adsb_mongo_group: [Error 16] NotCoordinatorForGroupError.
2025-07-13 18:48:41,235 - INFO - Group coordinator for adsb_mongo_group is BrokerMetadata(nodeId='coordinator-1', host='kafka', port=9092, rack=None)
2025-07-13 18:48:41,241 - INFO - Discovered coordinator coordinator-1 for group adsb_mongo_group
2025-07-13 18:48:41,245 - INFO - (Re-)joining group adsb_mongo_group
2025-07-13 18:48:41,632 - WARNING - Marking the coordinator dead (node coordinator-1) for group adsb_mongo_group: [Error 16] NotCoordinatorForGroupError.
2025-07-13 18:48:42,119 - INFO - Group coordinator for adsb_mongo_group is BrokerMetadata(nodeId='coordinator-1', host='kafka', port=9092, rack=None)
2025-07-13 18:48:42,215 - INFO - Discovered coordinator coordinator-1 for group adsb_mongo_group
2025-07-13 18:48:42,216 - INFO - (Re-)joining group adsb_mongo_group
2025-07-13 18:48:42,246 - WARNING - Marking the coordinator dead (node coordinator-1) for group adsb_mongo_group: [Error 16] NotCoordinatorForGroupError.
2025-07-13 18:48:43,294 - INFO - Group coordinator for adsb_mongo_group is BrokerMetadata(nodeId='coordinator-1', host='kafka', port=9092, rack=None)
2025-07-13 18:48:43,299 - INFO - Discovered coordinator coordinator-1 for group adsb_mongo_group
2025-07-13 18:48:43,305 - INFO - (Re-)joining group adsb_mongo_group
2025-07-13 18:48:43,726 - WARNING - Marking the coordinator dead (node coordinator-1) for group adsb_mongo_group: [Error 16] NotCoordinatorForGroupError.
2025-07-13 18:48:44,139 - INFO - Group coordinator for adsb_mongo_group is BrokerMetadata(nodeId='coordinator-1', host='kafka', port=9092, rack=None)
2025-07-13 18:48:44,146 - INFO - Discovered coordinator coordinator-1 for group adsb_mongo_group
2025-07-13 18:48:44,148 - INFO - (Re-)joining group adsb_mongo_group
2025-07-13 18:48:44,184 - WARNING - Marking the coordinator dead (node coordinator-1) for group adsb_mongo_group: [Error 16] NotCoordinatorForGroupError.
2025-07-13 18:48:44,520 - INFO - Group coordinator for adsb_mongo_group is BrokerMetadata(nodeId='coordinator-1', host='kafka', port=9092, rack=None)
2025-07-13 18:48:44,526 - INFO - Discovered coordinator coordinator-1 for group adsb_mongo_group
2025-07-13 18:48:44,527 - INFO - (Re-)joining group adsb_mongo_group
2025-07-13 18:48:44,653 - WARNING - Marking the coordinator dead (node coordinator-1) for group adsb_mongo_group: [Error 16] NotCoordinatorForGroupError.
2025-07-13 18:48:44,865 - INFO - Group coordinator for adsb_mongo_group is BrokerMetadata(nodeId='coordinator-1', host='kafka', port=9092, rack=None)
2025-07-13 18:48:44,872 - INFO - Discovered coordinator coordinator-1 for group adsb_mongo_group
2025-07-13 18:48:44,873 - INFO - (Re-)joining group adsb_mongo_group
2025-07-13 18:48:44,881 - WARNING - Marking the coordinator dead (node coordinator-1) for group adsb_mongo_group: [Error 16] NotCoordinatorForGroupError.
2025-07-13 18:48:45,138 - INFO - Group coordinator for adsb_mongo_group is BrokerMetadata(nodeId='coordinator-1', host='kafka', port=9092, rack=None)
2025-07-13 18:48:45,138 - INFO - Discovered coordinator coordinator-1 for group adsb_mongo_group
2025-07-13 18:48:45,140 - INFO - (Re-)joining group adsb_mongo_group
2025-07-13 18:48:45,170 - WARNING - Marking the coordinator dead (node coordinator-1) for group adsb_mongo_group: [Error 16] NotCoordinatorForGroupError.
2025-07-13 18:48:45,487 - INFO - Group coordinator for adsb_mongo_group is BrokerMetadata(nodeId='coordinator-1', host='kafka', port=9092, rack=None)
2025-07-13 18:48:45,488 - INFO - Discovered coordinator coordinator-1 for group adsb_mongo_group
2025-07-13 18:48:45,489 - INFO - (Re-)joining group adsb_mongo_group
2025-07-13 18:48:45,492 - WARNING - Marking the coordinator dead (node coordinator-1) for group adsb_mongo_group: [Error 16] NotCoordinatorForGroupError.
2025-07-13 18:48:45,691 - INFO - Group coordinator for adsb_mongo_group is BrokerMetadata(nodeId='coordinator-1', host='kafka', port=9092, rack=None)
2025-07-13 18:48:45,692 - INFO - Discovered coordinator coordinator-1 for group adsb_mongo_group
2025-07-13 18:48:45,693 - INFO - (Re-)joining group adsb_mongo_group
2025-07-13 18:48:45,724 - WARNING - Marking the coordinator dead (node coordinator-1) for group adsb_mongo_group: [Error 16] NotCoordinatorForGroupError.
2025-07-13 18:48:45,968 - INFO - Group coordinator for adsb_mongo_group is BrokerMetadata(nodeId='coordinator-1', host='kafka', port=9092, rack=None)
2025-07-13 18:48:45,969 - INFO - Discovered coordinator coordinator-1 for group adsb_mongo_group
2025-07-13 18:48:45,970 - INFO - (Re-)joining group adsb_mongo_group
2025-07-13 18:48:46,035 - WARNING - Marking the coordinator dead (node coordinator-1) for group adsb_mongo_group: [Error 16] NotCoordinatorForGroupError.
2025-07-13 18:48:46,204 - INFO - Group coordinator for adsb_mongo_group is BrokerMetadata(nodeId='coordinator-1', host='kafka', port=9092, rack=None)
2025-07-13 18:48:46,205 - INFO - Discovered coordinator coordinator-1 for group adsb_mongo_group
2025-07-13 18:48:46,206 - INFO - (Re-)joining group adsb_mongo_group
2025-07-13 18:48:46,222 - WARNING - Marking the coordinator dead (node coordinator-1) for group adsb_mongo_group: [Error 16] NotCoordinatorForGroupError.
2025-07-13 18:48:46,343 - INFO - Group coordinator for adsb_mongo_group is BrokerMetadata(nodeId='coordinator-1', host='kafka', port=9092, rack=None)
2025-07-13 18:48:46,345 - INFO - Discovered coordinator coordinator-1 for group adsb_mongo_group
2025-07-13 18:48:46,348 - INFO - (Re-)joining group adsb_mongo_group
2025-07-13 18:48:46,543 - WARNING - Marking the coordinator dead (node coordinator-1) for group adsb_mongo_group: [Error 16] NotCoordinatorForGroupError.
2025-07-13 18:48:46,650 - INFO - Group coordinator for adsb_mongo_group is BrokerMetadata(nodeId='coordinator-1', host='kafka', port=9092, rack=None)
2025-07-13 18:48:46,651 - INFO - Discovered coordinator coordinator-1 for group adsb_mongo_group
2025-07-13 18:48:46,653 - INFO - (Re-)joining group adsb_mongo_group
2025-07-13 18:48:46,667 - WARNING - Marking the coordinator dead (node coordinator-1) for group adsb_mongo_group: [Error 16] NotCoordinatorForGroupError.
2025-07-13 18:48:46,810 - INFO - Group coordinator for adsb_mongo_group is BrokerMetadata(nodeId='coordinator-1', host='kafka', port=9092, rack=None)
2025-07-13 18:48:46,825 - INFO - Discovered coordinator coordinator-1 for group adsb_mongo_group
2025-07-13 18:48:46,830 - INFO - (Re-)joining group adsb_mongo_group
2025-07-13 18:48:46,883 - WARNING - Marking the coordinator dead (node coordinator-1) for group adsb_mongo_group: [Error 16] NotCoordinatorForGroupError.
2025-07-13 18:48:48,149 - INFO - Group coordinator for adsb_mongo_group is BrokerMetadata(nodeId='coordinator-1', host='kafka', port=9092, rack=None)
2025-07-13 18:48:48,150 - INFO - Discovered coordinator coordinator-1 for group adsb_mongo_group
2025-07-13 18:48:48,157 - INFO - (Re-)joining group adsb_mongo_group
2025-07-13 18:48:48,221 - WARNING - Marking the coordinator dead (node coordinator-1) for group adsb_mongo_group: [Error 16] NotCoordinatorForGroupError.
2025-07-13 18:48:48,605 - INFO - Group coordinator for adsb_mongo_group is BrokerMetadata(nodeId='coordinator-1', host='kafka', port=9092, rack=None)
2025-07-13 18:48:48,624 - INFO - Discovered coordinator coordinator-1 for group adsb_mongo_group
2025-07-13 18:48:48,626 - INFO - (Re-)joining group adsb_mongo_group
2025-07-13 18:48:49,373 - WARNING - Marking the coordinator dead (node coordinator-1) for group adsb_mongo_group: [Error 16] NotCoordinatorForGroupError.
2025-07-13 18:48:50,108 - INFO - Group coordinator for adsb_mongo_group is BrokerMetadata(nodeId='coordinator-1', host='kafka', port=9092, rack=None)
2025-07-13 18:48:50,109 - INFO - Discovered coordinator coordinator-1 for group adsb_mongo_group
2025-07-13 18:48:50,110 - INFO - (Re-)joining group adsb_mongo_group
2025-07-13 18:48:50,264 - WARNING - Marking the coordinator dead (node coordinator-1) for group adsb_mongo_group: [Error 16] NotCoordinatorForGroupError.
2025-07-13 18:48:52,696 - INFO - Group coordinator for adsb_mongo_group is BrokerMetadata(nodeId='coordinator-1', host='kafka', port=9092, rack=None)
2025-07-13 18:48:52,705 - INFO - Discovered coordinator coordinator-1 for group adsb_mongo_group
2025-07-13 18:48:52,775 - INFO - (Re-)joining group adsb_mongo_group
2025-07-13 18:48:52,905 - WARNING - Marking the coordinator dead (node coordinator-1) for group adsb_mongo_group: [Error 16] NotCoordinatorForGroupError.
2025-07-13 18:48:53,193 - INFO - Group coordinator for adsb_mongo_group is BrokerMetadata(nodeId='coordinator-1', host='kafka', port=9092, rack=None)
2025-07-13 18:48:53,193 - INFO - Discovered coordinator coordinator-1 for group adsb_mongo_group
2025-07-13 18:48:53,194 - INFO - (Re-)joining group adsb_mongo_group
2025-07-13 18:48:53,638 - WARNING - Marking the coordinator dead (node coordinator-1) for group adsb_mongo_group: [Error 16] NotCoordinatorForGroupError.
2025-07-13 18:48:55,102 - INFO - Group coordinator for adsb_mongo_group is BrokerMetadata(nodeId='coordinator-1', host='kafka', port=9092, rack=None)
2025-07-13 18:48:55,102 - INFO - Discovered coordinator coordinator-1 for group adsb_mongo_group
2025-07-13 18:48:55,104 - INFO - (Re-)joining group adsb_mongo_group
2025-07-13 18:48:55,125 - WARNING - Marking the coordinator dead (node coordinator-1) for group adsb_mongo_group: [Error 16] NotCoordinatorForGroupError.
2025-07-13 18:48:55,600 - INFO - Group coordinator for adsb_mongo_group is BrokerMetadata(nodeId='coordinator-1', host='kafka', port=9092, rack=None)
2025-07-13 18:48:55,618 - INFO - Discovered coordinator coordinator-1 for group adsb_mongo_group
2025-07-13 18:48:55,624 - INFO - (Re-)joining group adsb_mongo_group
2025-07-13 18:48:56,086 - WARNING - Marking the coordinator dead (node coordinator-1) for group adsb_mongo_group: [Error 16] NotCoordinatorForGroupError.
2025-07-13 18:48:56,193 - INFO - Group coordinator for adsb_mongo_group is BrokerMetadata(nodeId='coordinator-1', host='kafka', port=9092, rack=None)
2025-07-13 18:48:56,194 - INFO - Discovered coordinator coordinator-1 for group adsb_mongo_group
2025-07-13 18:48:56,196 - INFO - (Re-)joining group adsb_mongo_group
2025-07-13 18:48:56,734 - WARNING - Marking the coordinator dead (node coordinator-1) for group adsb_mongo_group: [Error 16] NotCoordinatorForGroupError.
2025-07-13 18:48:56,962 - INFO - Group coordinator for adsb_mongo_group is BrokerMetadata(nodeId='coordinator-1', host='kafka', port=9092, rack=None)
2025-07-13 18:48:56,969 - INFO - Discovered coordinator coordinator-1 for group adsb_mongo_group
2025-07-13 18:48:56,970 - INFO - (Re-)joining group adsb_mongo_group
2025-07-13 18:48:56,987 - WARNING - Marking the coordinator dead (node coordinator-1) for group adsb_mongo_group: [Error 16] NotCoordinatorForGroupError.
2025-07-13 18:48:57,193 - INFO - Group coordinator for adsb_mongo_group is BrokerMetadata(nodeId='coordinator-1', host='kafka', port=9092, rack=None)
2025-07-13 18:48:57,193 - INFO - Discovered coordinator coordinator-1 for group adsb_mongo_group
2025-07-13 18:48:57,194 - INFO - (Re-)joining group adsb_mongo_group
2025-07-13 18:48:57,262 - WARNING - Marking the coordinator dead (node coordinator-1) for group adsb_mongo_group: [Error 16] NotCoordinatorForGroupError.
2025-07-13 18:48:57,385 - INFO - Group coordinator for adsb_mongo_group is BrokerMetadata(nodeId='coordinator-1', host='kafka', port=9092, rack=None)
2025-07-13 18:48:57,387 - INFO - Discovered coordinator coordinator-1 for group adsb_mongo_group
2025-07-13 18:48:57,388 - INFO - (Re-)joining group adsb_mongo_group
2025-07-13 18:48:57,403 - WARNING - Marking the coordinator dead (node coordinator-1) for group adsb_mongo_group: [Error 16] NotCoordinatorForGroupError.
2025-07-13 18:48:57,764 - INFO - Group coordinator for adsb_mongo_group is BrokerMetadata(nodeId='coordinator-1', host='kafka', port=9092, rack=None)
2025-07-13 18:48:57,765 - INFO - Discovered coordinator coordinator-1 for group adsb_mongo_group
2025-07-13 18:48:57,772 - INFO - (Re-)joining group adsb_mongo_group
2025-07-13 18:48:57,867 - WARNING - Marking the coordinator dead (node coordinator-1) for group adsb_mongo_group: [Error 16] NotCoordinatorForGroupError.
2025-07-13 18:48:58,241 - INFO - Group coordinator for adsb_mongo_group is BrokerMetadata(nodeId='coordinator-1', host='kafka', port=9092, rack=None)
2025-07-13 18:48:58,242 - INFO - Discovered coordinator coordinator-1 for group adsb_mongo_group
2025-07-13 18:48:58,242 - INFO - (Re-)joining group adsb_mongo_group
2025-07-13 18:48:58,341 - WARNING - Marking the coordinator dead (node coordinator-1) for group adsb_mongo_group: [Error 16] NotCoordinatorForGroupError.
2025-07-13 18:48:59,111 - INFO - Group coordinator for adsb_mongo_group is BrokerMetadata(nodeId='coordinator-1', host='kafka', port=9092, rack=None)
2025-07-13 18:48:59,113 - INFO - Discovered coordinator coordinator-1 for group adsb_mongo_group
2025-07-13 18:48:59,116 - INFO - (Re-)joining group adsb_mongo_group
2025-07-13 18:48:59,141 - WARNING - Marking the coordinator dead (node coordinator-1) for group adsb_mongo_group: [Error 16] NotCoordinatorForGroupError.
2025-07-13 18:48:59,346 - INFO - Group coordinator for adsb_mongo_group is BrokerMetadata(nodeId='coordinator-1', host='kafka', port=9092, rack=None)
2025-07-13 18:48:59,347 - INFO - Discovered coordinator coordinator-1 for group adsb_mongo_group
2025-07-13 18:48:59,348 - INFO - (Re-)joining group adsb_mongo_group
2025-07-13 18:48:59,411 - WARNING - Marking the coordinator dead (node coordinator-1) for group adsb_mongo_group: [Error 16] NotCoordinatorForGroupError.
2025-07-13 18:48:59,616 - INFO - Group coordinator for adsb_mongo_group is BrokerMetadata(nodeId='coordinator-1', host='kafka', port=9092, rack=None)
2025-07-13 18:48:59,617 - INFO - Discovered coordinator coordinator-1 for group adsb_mongo_group
2025-07-13 18:48:59,619 - INFO - (Re-)joining group adsb_mongo_group
2025-07-13 18:48:59,638 - WARNING - Marking the coordinator dead (node coordinator-1) for group adsb_mongo_group: [Error 16] NotCoordinatorForGroupError.
2025-07-13 18:48:59,818 - INFO - Group coordinator for adsb_mongo_group is BrokerMetadata(nodeId='coordinator-1', host='kafka', port=9092, rack=None)
2025-07-13 18:48:59,827 - INFO - Discovered coordinator coordinator-1 for group adsb_mongo_group
2025-07-13 18:48:59,838 - INFO - (Re-)joining group adsb_mongo_group
2025-07-13 18:48:59,891 - WARNING - Marking the coordinator dead (node coordinator-1) for group adsb_mongo_group: [Error 16] NotCoordinatorForGroupError.
2025-07-13 18:49:00,357 - INFO - Group coordinator for adsb_mongo_group is BrokerMetadata(nodeId='coordinator-1', host='kafka', port=9092, rack=None)
2025-07-13 18:49:00,359 - INFO - Discovered coordinator coordinator-1 for group adsb_mongo_group
2025-07-13 18:49:00,359 - INFO - (Re-)joining group adsb_mongo_group
2025-07-13 18:49:00,883 - WARNING - Marking the coordinator dead (node coordinator-1) for group adsb_mongo_group: [Error 16] NotCoordinatorForGroupError.
2025-07-13 18:49:01,041 - INFO - Group coordinator for adsb_mongo_group is BrokerMetadata(nodeId='coordinator-1', host='kafka', port=9092, rack=None)
2025-07-13 18:49:01,047 - INFO - Discovered coordinator coordinator-1 for group adsb_mongo_group
2025-07-13 18:49:01,059 - INFO - (Re-)joining group adsb_mongo_group
2025-07-13 18:49:01,394 - WARNING - Marking the coordinator dead (node coordinator-1) for group adsb_mongo_group: [Error 16] NotCoordinatorForGroupError.
2025-07-13 18:49:01,764 - INFO - Group coordinator for adsb_mongo_group is BrokerMetadata(nodeId='coordinator-1', host='kafka', port=9092, rack=None)
2025-07-13 18:49:01,809 - INFO - Discovered coordinator coordinator-1 for group adsb_mongo_group
2025-07-13 18:49:01,922 - INFO - (Re-)joining group adsb_mongo_group
2025-07-13 18:49:02,031 - WARNING - Marking the coordinator dead (node coordinator-1) for group adsb_mongo_group: [Error 16] NotCoordinatorForGroupError.
2025-07-13 18:49:02,221 - INFO - Group coordinator for adsb_mongo_group is BrokerMetadata(nodeId='coordinator-1', host='kafka', port=9092, rack=None)
2025-07-13 18:49:02,222 - INFO - Discovered coordinator coordinator-1 for group adsb_mongo_group
2025-07-13 18:49:02,222 - INFO - (Re-)joining group adsb_mongo_group
2025-07-13 18:49:02,390 - WARNING - Marking the coordinator dead (node coordinator-1) for group adsb_mongo_group: [Error 16] NotCoordinatorForGroupError.
2025-07-13 18:49:02,624 - INFO - Group coordinator for adsb_mongo_group is BrokerMetadata(nodeId='coordinator-1', host='kafka', port=9092, rack=None)
2025-07-13 18:49:02,650 - INFO - Discovered coordinator coordinator-1 for group adsb_mongo_group
2025-07-13 18:49:02,663 - INFO - (Re-)joining group adsb_mongo_group
2025-07-13 18:49:03,369 - WARNING - Marking the coordinator dead (node coordinator-1) for group adsb_mongo_group: [Error 16] NotCoordinatorForGroupError.
2025-07-13 18:49:03,510 - INFO - Group coordinator for adsb_mongo_group is BrokerMetadata(nodeId='coordinator-1', host='kafka', port=9092, rack=None)
2025-07-13 18:49:03,514 - INFO - Discovered coordinator coordinator-1 for group adsb_mongo_group
2025-07-13 18:49:03,519 - INFO - (Re-)joining group adsb_mongo_group
2025-07-13 18:49:03,768 - WARNING - Marking the coordinator dead (node coordinator-1) for group adsb_mongo_group: [Error 16] NotCoordinatorForGroupError.
2025-07-13 18:49:03,877 - INFO - Group coordinator for adsb_mongo_group is BrokerMetadata(nodeId='coordinator-1', host='kafka', port=9092, rack=None)
2025-07-13 18:49:03,877 - INFO - Discovered coordinator coordinator-1 for group adsb_mongo_group
2025-07-13 18:49:03,879 - INFO - (Re-)joining group adsb_mongo_group
2025-07-13 18:49:04,166 - WARNING - Marking the coordinator dead (node coordinator-1) for group adsb_mongo_group: [Error 16] NotCoordinatorForGroupError.
2025-07-13 18:49:04,326 - INFO - Group coordinator for adsb_mongo_group is BrokerMetadata(nodeId='coordinator-1', host='kafka', port=9092, rack=None)
2025-07-13 18:49:04,344 - INFO - Discovered coordinator coordinator-1 for group adsb_mongo_group
2025-07-13 18:49:04,345 - INFO - (Re-)joining group adsb_mongo_group
2025-07-13 18:49:05,055 - WARNING - Marking the coordinator dead (node coordinator-1) for group adsb_mongo_group: [Error 16] NotCoordinatorForGroupError.
2025-07-13 18:49:05,520 - INFO - Group coordinator for adsb_mongo_group is BrokerMetadata(nodeId='coordinator-1', host='kafka', port=9092, rack=None)
2025-07-13 18:49:05,521 - INFO - Discovered coordinator coordinator-1 for group adsb_mongo_group
2025-07-13 18:49:05,525 - INFO - (Re-)joining group adsb_mongo_group
2025-07-13 18:49:05,556 - WARNING - Marking the coordinator dead (node coordinator-1) for group adsb_mongo_group: [Error 16] NotCoordinatorForGroupError.
2025-07-13 18:49:05,713 - INFO - Group coordinator for adsb_mongo_group is BrokerMetadata(nodeId='coordinator-1', host='kafka', port=9092, rack=None)
2025-07-13 18:49:05,722 - INFO - Discovered coordinator coordinator-1 for group adsb_mongo_group
2025-07-13 18:49:05,723 - INFO - (Re-)joining group adsb_mongo_group
2025-07-13 18:49:05,746 - WARNING - Marking the coordinator dead (node coordinator-1) for group adsb_mongo_group: [Error 16] NotCoordinatorForGroupError.
2025-07-13 18:49:05,888 - INFO - Group coordinator for adsb_mongo_group is BrokerMetadata(nodeId='coordinator-1', host='kafka', port=9092, rack=None)
2025-07-13 18:49:05,892 - INFO - Discovered coordinator coordinator-1 for group adsb_mongo_group
2025-07-13 18:49:05,893 - INFO - (Re-)joining group adsb_mongo_group
2025-07-13 18:49:05,905 - WARNING - Marking the coordinator dead (node coordinator-1) for group adsb_mongo_group: [Error 16] NotCoordinatorForGroupError.
2025-07-13 18:49:06,115 - INFO - Group coordinator for adsb_mongo_group is BrokerMetadata(nodeId='coordinator-1', host='kafka', port=9092, rack=None)
2025-07-13 18:49:06,119 - INFO - Discovered coordinator coordinator-1 for group adsb_mongo_group
2025-07-13 18:49:06,176 - INFO - (Re-)joining group adsb_mongo_group
2025-07-13 18:49:06,339 - WARNING - Marking the coordinator dead (node coordinator-1) for group adsb_mongo_group: [Error 16] NotCoordinatorForGroupError.
2025-07-13 18:49:06,735 - INFO - Group coordinator for adsb_mongo_group is BrokerMetadata(nodeId='coordinator-1', host='kafka', port=9092, rack=None)
2025-07-13 18:49:06,740 - INFO - Discovered coordinator coordinator-1 for group adsb_mongo_group
2025-07-13 18:49:06,742 - INFO - (Re-)joining group adsb_mongo_group
2025-07-13 18:49:06,787 - WARNING - Marking the coordinator dead (node coordinator-1) for group adsb_mongo_group: [Error 16] NotCoordinatorForGroupError.
2025-07-13 18:49:06,915 - INFO - Group coordinator for adsb_mongo_group is BrokerMetadata(nodeId='coordinator-1', host='kafka', port=9092, rack=None)
2025-07-13 18:49:06,920 - INFO - Discovered coordinator coordinator-1 for group adsb_mongo_group
2025-07-13 18:49:06,921 - INFO - (Re-)joining group adsb_mongo_group
2025-07-13 18:49:06,934 - WARNING - Marking the coordinator dead (node coordinator-1) for group adsb_mongo_group: [Error 16] NotCoordinatorForGroupError.
2025-07-13 18:49:07,073 - INFO - Group coordinator for adsb_mongo_group is BrokerMetadata(nodeId='coordinator-1', host='kafka', port=9092, rack=None)
2025-07-13 18:49:07,075 - INFO - Discovered coordinator coordinator-1 for group adsb_mongo_group
2025-07-13 18:49:07,076 - INFO - (Re-)joining group adsb_mongo_group
2025-07-13 18:49:07,083 - WARNING - Marking the coordinator dead (node coordinator-1) for group adsb_mongo_group: [Error 16] NotCoordinatorForGroupError.
2025-07-13 18:49:07,198 - INFO - Group coordinator for adsb_mongo_group is BrokerMetadata(nodeId='coordinator-1', host='kafka', port=9092, rack=None)
2025-07-13 18:49:07,200 - INFO - Discovered coordinator coordinator-1 for group adsb_mongo_group
2025-07-13 18:49:07,200 - INFO - (Re-)joining group adsb_mongo_group
2025-07-13 18:49:07,616 - WARNING - Marking the coordinator dead (node coordinator-1) for group adsb_mongo_group: [Error 16] NotCoordinatorForGroupError.
2025-07-13 18:49:07,877 - INFO - Group coordinator for adsb_mongo_group is BrokerMetadata(nodeId='coordinator-1', host='kafka', port=9092, rack=None)
2025-07-13 18:49:07,911 - INFO - Discovered coordinator coordinator-1 for group adsb_mongo_group
2025-07-13 18:49:07,918 - INFO - (Re-)joining group adsb_mongo_group
2025-07-13 18:49:07,964 - WARNING - Marking the coordinator dead (node coordinator-1) for group adsb_mongo_group: [Error 16] NotCoordinatorForGroupError.
2025-07-13 18:49:08,105 - INFO - Group coordinator for adsb_mongo_group is BrokerMetadata(nodeId='coordinator-1', host='kafka', port=9092, rack=None)
2025-07-13 18:49:08,106 - INFO - Discovered coordinator coordinator-1 for group adsb_mongo_group
2025-07-13 18:49:08,108 - INFO - (Re-)joining group adsb_mongo_group
2025-07-13 18:49:08,151 - WARNING - Marking the coordinator dead (node coordinator-1) for group adsb_mongo_group: [Error 16] NotCoordinatorForGroupError.
2025-07-13 18:49:08,294 - INFO - Group coordinator for adsb_mongo_group is BrokerMetadata(nodeId='coordinator-1', host='kafka', port=9092, rack=None)
2025-07-13 18:49:08,297 - INFO - Discovered coordinator coordinator-1 for group adsb_mongo_group
2025-07-13 18:49:08,298 - INFO - (Re-)joining group adsb_mongo_group
2025-07-13 18:49:08,444 - WARNING - Marking the coordinator dead (node coordinator-1) for group adsb_mongo_group: [Error 16] NotCoordinatorForGroupError.
2025-07-13 18:49:08,554 - INFO - Group coordinator for adsb_mongo_group is BrokerMetadata(nodeId='coordinator-1', host='kafka', port=9092, rack=None)
2025-07-13 18:49:08,555 - INFO - Discovered coordinator coordinator-1 for group adsb_mongo_group
2025-07-13 18:49:08,555 - INFO - (Re-)joining group adsb_mongo_group
2025-07-13 18:49:08,566 - WARNING - Marking the coordinator dead (node coordinator-1) for group adsb_mongo_group: [Error 16] NotCoordinatorForGroupError.
2025-07-13 18:49:08,700 - INFO - Group coordinator for adsb_mongo_group is BrokerMetadata(nodeId='coordinator-1', host='kafka', port=9092, rack=None)
2025-07-13 18:49:08,702 - INFO - Discovered coordinator coordinator-1 for group adsb_mongo_group
2025-07-13 18:49:08,704 - INFO - (Re-)joining group adsb_mongo_group
2025-07-13 18:49:08,801 - WARNING - Marking the coordinator dead (node coordinator-1) for group adsb_mongo_group: [Error 16] NotCoordinatorForGroupError.
2025-07-13 18:49:09,035 - INFO - Group coordinator for adsb_mongo_group is BrokerMetadata(nodeId='coordinator-1', host='kafka', port=9092, rack=None)
2025-07-13 18:49:09,036 - INFO - Discovered coordinator coordinator-1 for group adsb_mongo_group
2025-07-13 18:49:09,037 - INFO - (Re-)joining group adsb_mongo_group
2025-07-13 18:49:09,041 - WARNING - Marking the coordinator dead (node coordinator-1) for group adsb_mongo_group: [Error 16] NotCoordinatorForGroupError.
2025-07-13 18:49:09,148 - INFO - Group coordinator for adsb_mongo_group is BrokerMetadata(nodeId='coordinator-1', host='kafka', port=9092, rack=None)
2025-07-13 18:49:09,150 - INFO - Discovered coordinator coordinator-1 for group adsb_mongo_group
2025-07-13 18:49:09,153 - INFO - (Re-)joining group adsb_mongo_group
2025-07-13 18:49:09,193 - WARNING - Marking the coordinator dead (node coordinator-1) for group adsb_mongo_group: [Error 16] NotCoordinatorForGroupError.
2025-07-13 18:49:09,360 - INFO - Group coordinator for adsb_mongo_group is BrokerMetadata(nodeId='coordinator-1', host='kafka', port=9092, rack=None)
2025-07-13 18:49:09,362 - INFO - Discovered coordinator coordinator-1 for group adsb_mongo_group
2025-07-13 18:49:09,363 - INFO - (Re-)joining group adsb_mongo_group
2025-07-13 18:49:09,368 - WARNING - Marking the coordinator dead (node coordinator-1) for group adsb_mongo_group: [Error 16] NotCoordinatorForGroupError.
2025-07-13 18:49:09,489 - INFO - Group coordinator for adsb_mongo_group is BrokerMetadata(nodeId='coordinator-1', host='kafka', port=9092, rack=None)
2025-07-13 18:49:09,491 - INFO - Discovered coordinator coordinator-1 for group adsb_mongo_group
2025-07-13 18:49:09,491 - INFO - (Re-)joining group adsb_mongo_group
2025-07-13 18:49:09,526 - WARNING - Marking the coordinator dead (node coordinator-1) for group adsb_mongo_group: [Error 16] NotCoordinatorForGroupError.
2025-07-13 18:49:09,646 - INFO - Group coordinator for adsb_mongo_group is BrokerMetadata(nodeId='coordinator-1', host='kafka', port=9092, rack=None)
2025-07-13 18:49:09,647 - INFO - Discovered coordinator coordinator-1 for group adsb_mongo_group
2025-07-13 18:49:09,648 - INFO - (Re-)joining group adsb_mongo_group
2025-07-13 18:49:09,668 - WARNING - Marking the coordinator dead (node coordinator-1) for group adsb_mongo_group: [Error 16] NotCoordinatorForGroupError.
2025-07-13 18:49:09,779 - INFO - Group coordinator for adsb_mongo_group is BrokerMetadata(nodeId='coordinator-1', host='kafka', port=9092, rack=None)
2025-07-13 18:49:09,805 - INFO - Discovered coordinator coordinator-1 for group adsb_mongo_group
2025-07-13 18:49:09,873 - INFO - (Re-)joining group adsb_mongo_group
2025-07-13 18:49:09,920 - WARNING - Marking the coordinator dead (node coordinator-1) for group adsb_mongo_group: [Error 16] NotCoordinatorForGroupError.
2025-07-13 18:49:10,050 - INFO - Group coordinator for adsb_mongo_group is BrokerMetadata(nodeId='coordinator-1', host='kafka', port=9092, rack=None)
2025-07-13 18:49:10,051 - INFO - Discovered coordinator coordinator-1 for group adsb_mongo_group
2025-07-13 18:49:10,053 - INFO - (Re-)joining group adsb_mongo_group
2025-07-13 18:49:10,063 - WARNING - Marking the coordinator dead (node coordinator-1) for group adsb_mongo_group: [Error 16] NotCoordinatorForGroupError.
2025-07-13 18:49:10,181 - INFO - Group coordinator for adsb_mongo_group is BrokerMetadata(nodeId='coordinator-1', host='kafka', port=9092, rack=None)
2025-07-13 18:49:10,182 - INFO - Discovered coordinator coordinator-1 for group adsb_mongo_group
2025-07-13 18:49:10,184 - INFO - (Re-)joining group adsb_mongo_group
2025-07-13 18:49:10,212 - WARNING - Marking the coordinator dead (node coordinator-1) for group adsb_mongo_group: [Error 16] NotCoordinatorForGroupError.
2025-07-13 18:49:10,330 - INFO - Group coordinator for adsb_mongo_group is BrokerMetadata(nodeId='coordinator-1', host='kafka', port=9092, rack=None)
2025-07-13 18:49:10,333 - INFO - Discovered coordinator coordinator-1 for group adsb_mongo_group
2025-07-13 18:49:10,336 - INFO - (Re-)joining group adsb_mongo_group
2025-07-13 18:49:10,516 - WARNING - Marking the coordinator dead (node coordinator-1) for group adsb_mongo_group: [Error 16] NotCoordinatorForGroupError.
2025-07-13 18:49:10,978 - INFO - Group coordinator for adsb_mongo_group is BrokerMetadata(nodeId='coordinator-1', host='kafka', port=9092, rack=None)
2025-07-13 18:49:10,980 - INFO - Discovered coordinator coordinator-1 for group adsb_mongo_group
2025-07-13 18:49:10,989 - INFO - (Re-)joining group adsb_mongo_group
2025-07-13 18:49:11,102 - WARNING - Marking the coordinator dead (node coordinator-1) for group adsb_mongo_group: [Error 16] NotCoordinatorForGroupError.
2025-07-13 18:49:11,307 - INFO - Group coordinator for adsb_mongo_group is BrokerMetadata(nodeId='coordinator-1', host='kafka', port=9092, rack=None)
2025-07-13 18:49:11,391 - INFO - Discovered coordinator coordinator-1 for group adsb_mongo_group
2025-07-13 18:49:11,426 - INFO - (Re-)joining group adsb_mongo_group
2025-07-13 18:49:11,450 - WARNING - Marking the coordinator dead (node coordinator-1) for group adsb_mongo_group: [Error 16] NotCoordinatorForGroupError.
2025-07-13 18:49:11,764 - INFO - Group coordinator for adsb_mongo_group is BrokerMetadata(nodeId='coordinator-1', host='kafka', port=9092, rack=None)
2025-07-13 18:49:11,768 - INFO - Discovered coordinator coordinator-1 for group adsb_mongo_group
2025-07-13 18:49:11,769 - INFO - (Re-)joining group adsb_mongo_group
2025-07-13 18:49:11,785 - WARNING - Marking the coordinator dead (node coordinator-1) for group adsb_mongo_group: [Error 16] NotCoordinatorForGroupError.
2025-07-13 18:49:11,983 - INFO - Group coordinator for adsb_mongo_group is BrokerMetadata(nodeId='coordinator-1', host='kafka', port=9092, rack=None)
2025-07-13 18:49:11,988 - INFO - Discovered coordinator coordinator-1 for group adsb_mongo_group
2025-07-13 18:49:11,998 - INFO - (Re-)joining group adsb_mongo_group
2025-07-13 18:49:12,046 - WARNING - Marking the coordinator dead (node coordinator-1) for group adsb_mongo_group: [Error 16] NotCoordinatorForGroupError.
2025-07-13 18:49:12,209 - INFO - Group coordinator for adsb_mongo_group is BrokerMetadata(nodeId='coordinator-1', host='kafka', port=9092, rack=None)
2025-07-13 18:49:12,225 - INFO - Discovered coordinator coordinator-1 for group adsb_mongo_group
2025-07-13 18:49:12,226 - INFO - (Re-)joining group adsb_mongo_group
2025-07-13 18:49:12,252 - WARNING - Marking the coordinator dead (node coordinator-1) for group adsb_mongo_group: [Error 16] NotCoordinatorForGroupError.
2025-07-13 18:49:12,380 - INFO - Group coordinator for adsb_mongo_group is BrokerMetadata(nodeId='coordinator-1', host='kafka', port=9092, rack=None)
2025-07-13 18:49:12,380 - INFO - Discovered coordinator coordinator-1 for group adsb_mongo_group
2025-07-13 18:49:12,381 - INFO - (Re-)joining group adsb_mongo_group
2025-07-13 18:49:12,398 - WARNING - Marking the coordinator dead (node coordinator-1) for group adsb_mongo_group: [Error 16] NotCoordinatorForGroupError.
2025-07-13 18:49:12,511 - INFO - Group coordinator for adsb_mongo_group is BrokerMetadata(nodeId='coordinator-1', host='kafka', port=9092, rack=None)
2025-07-13 18:49:12,515 - INFO - Discovered coordinator coordinator-1 for group adsb_mongo_group
2025-07-13 18:49:12,516 - INFO - (Re-)joining group adsb_mongo_group
2025-07-13 18:49:12,533 - WARNING - Marking the coordinator dead (node coordinator-1) for group adsb_mongo_group: [Error 16] NotCoordinatorForGroupError.
2025-07-13 18:49:12,754 - INFO - Group coordinator for adsb_mongo_group is BrokerMetadata(nodeId='coordinator-1', host='kafka', port=9092, rack=None)
2025-07-13 18:49:12,757 - INFO - Discovered coordinator coordinator-1 for group adsb_mongo_group
2025-07-13 18:49:12,771 - INFO - (Re-)joining group adsb_mongo_group
2025-07-13 18:49:20,158 - INFO - Successfully joined group adsb_mongo_group with generation 1
2025-07-13 18:49:20,220 - INFO - Updated partition assignment: [TopicPartition(topic='adsb.aeronaves', partition=1)]
2025-07-13 18:49:20,224 - INFO - Setting newly assigned partitions {TopicPartition(topic='adsb.aeronaves', partition=1)} for group adsb_mongo_group
2025-07-13 18:50:30,198 - INFO - consumidor_mongo2***Latencia_mensajeria***556.0097694396973***ms
2025-07-13 18:50:30,663 - INFO - consumidor_mongo2:19 aeronaves insertadas en la colección 202507131845.
2025-07-13 18:50:30,664 - INFO - consumidor_mongo2***Latencia_ConsumidorMongo***465.5022621154785***ms
2025-07-13 18:50:43,549 - INFO - consumidor_mongo2***Latencia_mensajeria***3946.744203567505***ms
2025-07-13 18:50:47,799 - INFO - consumidor_mongo2:381 aeronaves insertadas en la colección 202507131845.
2025-07-13 18:50:47,811 - INFO - consumidor_mongo2***Latencia_ConsumidorMongo***4262.034893035889***ms
2025-07-13 18:51:02,179 - INFO - consumidor_mongo2***Latencia_mensajeria***2567.7530765533447***ms
2025-07-13 18:51:06,432 - INFO - consumidor_mongo2:374 aeronaves insertadas en la colección 202507131845.
2025-07-13 18:51:06,433 - INFO - consumidor_mongo2***Latencia_ConsumidorMongo***4254.60958480835***ms
2025-07-13 18:51:06,465 - INFO - consumidor_mongo2***Latencia_mensajeria***6824.352264404297***ms
2025-07-13 18:51:09,576 - INFO - consumidor_mongo2:370 aeronaves insertadas en la colección 202507131845.
2025-07-13 18:51:09,577 - INFO - consumidor_mongo2***Latencia_ConsumidorMongo***3112.0076179504395***ms
2025-07-13 18:51:09,577 - INFO - consumidor_mongo2***Latencia_mensajeria***9880.746841430664***ms
2025-07-13 18:51:14,055 - INFO - consumidor_mongo2:378 aeronaves insertadas en la colección 202507131845.
2025-07-13 18:51:14,056 - INFO - consumidor_mongo2***Latencia_ConsumidorMongo***4478.911638259888***ms
2025-07-13 18:51:14,171 - INFO - consumidor_mongo2***Latencia_mensajeria***4527.239561080933***ms
2025-07-13 18:51:17,697 - INFO - consumidor_mongo2:368 aeronaves insertadas en la colección 202507131845.
2025-07-13 18:51:17,700 - INFO - consumidor_mongo2***Latencia_ConsumidorMongo***3528.6920070648193***ms
2025-07-13 18:51:23,643 - INFO - consumidor_mongo2***Latencia_mensajeria***3950.359106063843***ms
2025-07-13 18:51:27,257 - INFO - consumidor_mongo2:372 aeronaves insertadas en la colección 202507131845.
2025-07-13 18:51:27,259 - INFO - consumidor_mongo2***Latencia_ConsumidorMongo***3615.203619003296***ms
2025-07-13 18:51:27,283 - INFO - consumidor_mongo2***Latencia_mensajeria***7490.484237670898***ms
2025-07-13 18:51:30,216 - INFO - consumidor_mongo2:370 aeronaves insertadas en la colección 202507131845.
2025-07-13 18:51:30,218 - INFO - consumidor_mongo2***Latencia_ConsumidorMongo***2934.513807296753***ms
2025-07-13 18:51:33,941 - INFO - consumidor_mongo2***Latencia_mensajeria***854.9885749816895***ms
2025-07-13 18:51:36,673 - INFO - consumidor_mongo2:257 aeronaves insertadas en la colección 202507131845.
2025-07-13 18:51:36,675 - INFO - consumidor_mongo2***Latencia_ConsumidorMongo***2733.8104248046875***ms
2025-07-13 18:51:41,454 - INFO - consumidor_mongo2***Latencia_mensajeria***1478.914737701416***ms
2025-07-13 18:51:45,524 - INFO - consumidor_mongo2:369 aeronaves insertadas en la colección 202507131845.
2025-07-13 18:51:45,525 - INFO - consumidor_mongo2***Latencia_ConsumidorMongo***4070.5907344818115***ms
2025-07-13 18:51:45,545 - INFO - consumidor_mongo2***Latencia_mensajeria***5053.259372711182***ms
2025-07-13 18:51:47,366 - INFO - consumidor_mongo2:372 aeronaves insertadas en la colección 202507131845.
2025-07-13 18:51:47,368 - INFO - consumidor_mongo2***Latencia_ConsumidorMongo***1823.0538368225098***ms
2025-07-13 18:51:50,659 - INFO - consumidor_mongo2***Latencia_mensajeria***851.4094352722168***ms
2025-07-13 18:51:55,090 - INFO - consumidor_mongo2:378 aeronaves insertadas en la colección 202507131845.
2025-07-13 18:51:55,091 - INFO - consumidor_mongo2***Latencia_ConsumidorMongo***4432.251453399658***ms
2025-07-13 18:51:55,116 - INFO - consumidor_mongo2***Latencia_mensajeria***5281.524419784546***ms
2025-07-13 18:51:57,621 - INFO - consumidor_mongo2:286 aeronaves insertadas en la colección 202507131845.
2025-07-13 18:51:57,622 - INFO - consumidor_mongo2***Latencia_ConsumidorMongo***2505.5112838745117***ms
2025-07-13 18:52:00,582 - INFO - consumidor_mongo2***Latencia_mensajeria***1014.4002437591553***ms
2025-07-13 18:52:05,388 - INFO - consumidor_mongo2:370 aeronaves insertadas en la colección 202507131845.
2025-07-13 18:52:05,392 - INFO - consumidor_mongo2***Latencia_ConsumidorMongo***4809.641599655151***ms
2025-07-13 18:52:05,426 - INFO - consumidor_mongo2***Latencia_mensajeria***5642.244577407837***ms
2025-07-13 18:52:07,775 - INFO - consumidor_mongo2:369 aeronaves insertadas en la colección 202507131845.
2025-07-13 18:52:07,776 - INFO - consumidor_mongo2***Latencia_ConsumidorMongo***2349.6756553649902***ms
2025-07-13 18:52:07,783 - INFO - consumidor_mongo2***Latencia_mensajeria***7222.1925258636475***ms
2025-07-13 18:52:11,134 - INFO - consumidor_mongo2:371 aeronaves insertadas en la colección 202507131845.
2025-07-13 18:52:11,136 - INFO - consumidor_mongo2***Latencia_ConsumidorMongo***3352.844715118408***ms
2025-07-13 18:52:11,292 - INFO - consumidor_mongo2***Latencia_mensajeria***1691.255807876587***ms
2025-07-13 18:52:17,201 - INFO - consumidor_mongo2:364 aeronaves insertadas en la colección 202507131845.
2025-07-13 18:52:17,202 - INFO - consumidor_mongo2***Latencia_ConsumidorMongo***5910.76922416687***ms
2025-07-13 18:52:17,331 - INFO - consumidor_mongo2***Latencia_mensajeria***7592.120885848999***ms
2025-07-13 18:52:20,138 - INFO - consumidor_mongo2:377 aeronaves insertadas en la colección 202507131845.
2025-07-13 18:52:20,139 - INFO - consumidor_mongo2***Latencia_ConsumidorMongo***2807.2705268859863***ms
2025-07-13 18:52:20,139 - INFO - consumidor_mongo2***Latencia_mensajeria***10361.8745803833***ms
2025-07-13 18:52:26,845 - INFO - consumidor_mongo2:368 aeronaves insertadas en la colección 202507131845.
2025-07-13 18:52:26,850 - INFO - consumidor_mongo2***Latencia_ConsumidorMongo***6710.489988327026***ms
2025-07-13 18:52:26,852 - INFO - consumidor_mongo2***Latencia_mensajeria***17021.178483963013***ms
2025-07-13 18:52:29,896 - INFO - consumidor_mongo2:368 aeronaves insertadas en la colección 202507131845.
2025-07-13 18:52:29,896 - INFO - consumidor_mongo2***Latencia_ConsumidorMongo***3044.745683670044***ms
2025-07-13 18:52:30,439 - INFO - consumidor_mongo2***Latencia_mensajeria***10874.447107315063***ms
2025-07-13 18:52:36,495 - INFO - consumidor_mongo2:374 aeronaves insertadas en la colección 202507131845.
2025-07-13 18:52:36,506 - INFO - consumidor_mongo2***Latencia_ConsumidorMongo***6067.094087600708***ms
2025-07-13 18:52:36,508 - INFO - consumidor_mongo2***Latencia_mensajeria***16609.5974445343***ms
2025-07-13 18:52:39,822 - INFO - consumidor_mongo2:371 aeronaves insertadas en la colección 202507131845.
2025-07-13 18:52:39,826 - INFO - consumidor_mongo2***Latencia_ConsumidorMongo***3318.0203437805176***ms
2025-07-13 18:52:39,891 - INFO - consumidor_mongo2***Latencia_mensajeria***9392.548561096191***ms
2025-07-13 18:52:44,331 - INFO - consumidor_mongo2:367 aeronaves insertadas en la colección 202507131845.
2025-07-13 18:52:45,068 - INFO - consumidor_mongo2***Latencia_ConsumidorMongo***5176.3410568237305***ms
2025-07-13 18:52:45,087 - INFO - consumidor_mongo2***Latencia_mensajeria***14559.895753860474***ms
2025-07-13 18:52:50,010 - INFO - consumidor_mongo2:375 aeronaves insertadas en la colección 202507131845.
2025-07-13 18:52:50,011 - INFO - consumidor_mongo2***Latencia_ConsumidorMongo***4923.952579498291***ms
2025-07-13 18:52:50,011 - INFO - consumidor_mongo2***Latencia_mensajeria***19367.817640304565***ms
2025-07-13 18:52:56,397 - INFO - consumidor_mongo2:333 aeronaves insertadas en la colección 202507131845.
2025-07-13 18:52:56,398 - INFO - consumidor_mongo2***Latencia_ConsumidorMongo***6386.587142944336***ms
2025-07-13 18:52:56,795 - INFO - consumidor_mongo2***Latencia_mensajeria***16895.798206329346***ms
2025-07-13 18:53:07,612 - INFO - consumidor_mongo2:364 aeronaves insertadas en la colección 202507131845.
2025-07-13 18:53:07,615 - INFO - consumidor_mongo2***Latencia_ConsumidorMongo***10819.890022277832***ms
2025-07-13 18:53:07,707 - INFO - consumidor_mongo2***Latencia_mensajeria***27769.72770690918***ms
2025-07-13 18:53:16,714 - INFO - consumidor_mongo2:361 aeronaves insertadas en la colección 202507131845.
2025-07-13 18:53:16,728 - INFO - consumidor_mongo2***Latencia_ConsumidorMongo***9021.021366119385***ms
2025-07-13 18:53:16,729 - INFO - consumidor_mongo2***Latencia_mensajeria***36689.6595954895***ms
2025-07-13 18:53:24,198 - INFO - consumidor_mongo2:377 aeronaves insertadas en la colección 202507131845.
2025-07-13 18:53:24,199 - INFO - consumidor_mongo2***Latencia_ConsumidorMongo***7470.027446746826***ms
2025-07-13 18:53:24,201 - INFO - consumidor_mongo2***Latencia_mensajeria***44012.97211647034***ms
2025-07-13 18:53:27,645 - INFO - consumidor_mongo2:359 aeronaves insertadas en la colección 202507131845.
2025-07-13 18:53:27,646 - INFO - consumidor_mongo2***Latencia_ConsumidorMongo***3445.4143047332764***ms
2025-07-13 18:53:27,647 - INFO - consumidor_mongo2***Latencia_mensajeria***38060.00852584839***ms
2025-07-13 18:53:29,767 - INFO - consumidor_mongo2:372 aeronaves insertadas en la colección 202507131845.
2025-07-13 18:53:29,775 - INFO - consumidor_mongo2***Latencia_ConsumidorMongo***2128.90887260437***ms
2025-07-13 18:53:29,777 - INFO - consumidor_mongo2***Latencia_mensajeria***39858.46734046936***ms
2025-07-13 18:53:34,873 - INFO - consumidor_mongo2:375 aeronaves insertadas en la colección 202507131845.
2025-07-13 18:53:34,896 - INFO - consumidor_mongo2***Latencia_ConsumidorMongo***5119.592666625977***ms
2025-07-13 18:53:34,900 - INFO - consumidor_mongo2***Latencia_mensajeria***44688.944816589355***ms
2025-07-13 18:53:34,962 - INFO - consumidor_mongo2:4 aeronaves insertadas en la colección 202507131845.
2025-07-13 18:53:34,963 - INFO - consumidor_mongo2***Latencia_ConsumidorMongo***63.033342361450195***ms
2025-07-13 18:53:35,069 - INFO - consumidor_mongo2***Latencia_mensajeria***35505.49817085266***ms
2025-07-13 18:53:39,663 - INFO - consumidor_mongo2:376 aeronaves insertadas en la colección 202507131845.
2025-07-13 18:53:39,666 - INFO - consumidor_mongo2***Latencia_ConsumidorMongo***4596.27628326416***ms
2025-07-13 18:53:39,666 - INFO - consumidor_mongo2***Latencia_mensajeria***39191.87903404236***ms
2025-07-13 18:53:46,688 - INFO - consumidor_mongo2:372 aeronaves insertadas en la colección 202507131845.
2025-07-13 18:53:46,689 - INFO - consumidor_mongo2***Latencia_ConsumidorMongo***7022.787094116211***ms
2025-07-13 18:53:46,690 - INFO - consumidor_mongo2***Latencia_mensajeria***37048.818588256836***ms
2025-07-13 18:53:49,485 - INFO - consumidor_mongo2:364 aeronaves insertadas en la colección 202507131845.
2025-07-13 18:53:49,486 - INFO - consumidor_mongo2***Latencia_ConsumidorMongo***2796.8130111694336***ms
2025-07-13 18:53:49,487 - INFO - consumidor_mongo2***Latencia_mensajeria***39512.12930679321***ms
2025-07-13 18:53:55,385 - INFO - consumidor_mongo2:368 aeronaves insertadas en la colección 202507131845.
2025-07-13 18:53:55,392 - INFO - consumidor_mongo2***Latencia_ConsumidorMongo***5904.483795166016***ms
2025-07-13 18:53:55,393 - INFO - consumidor_mongo2***Latencia_mensajeria***35641.01600646973***ms
2025-07-13 18:53:58,373 - INFO - consumidor_mongo2:364 aeronaves insertadas en la colección 202507131845.
2025-07-13 18:53:58,385 - INFO - consumidor_mongo2***Latencia_ConsumidorMongo***2991.638660430908***ms
2025-07-13 18:53:58,395 - INFO - consumidor_mongo2***Latencia_mensajeria***28692.989110946655***ms
2025-07-13 18:54:04,824 - INFO - consumidor_mongo2:367 aeronaves insertadas en la colección 202507131845.
2025-07-13 18:54:04,829 - INFO - consumidor_mongo2***Latencia_ConsumidorMongo***6433.762550354004***ms
2025-07-13 18:54:05,063 - INFO - consumidor_mongo2***Latencia_mensajeria***35120.91159820557***ms
2025-07-13 18:54:08,194 - INFO - consumidor_mongo2:364 aeronaves insertadas en la colección 202507131845.
2025-07-13 18:54:08,195 - INFO - consumidor_mongo2***Latencia_ConsumidorMongo***3131.5324306488037***ms
2025-07-13 18:54:08,195 - INFO - consumidor_mongo2***Latencia_mensajeria***28625.563383102417***ms
2025-07-13 18:54:10,162 - INFO - consumidor_mongo2:368 aeronaves insertadas en la colección 202507131845.
2025-07-13 18:54:10,162 - INFO - consumidor_mongo2***Latencia_ConsumidorMongo***1966.8467044830322***ms
2025-07-13 18:54:10,163 - INFO - consumidor_mongo2***Latencia_mensajeria***30541.598796844482***ms
2025-07-13 18:54:14,317 - INFO - consumidor_mongo2:371 aeronaves insertadas en la colección 202507131845.
2025-07-13 18:54:14,321 - INFO - consumidor_mongo2***Latencia_ConsumidorMongo***4158.175706863403***ms
2025-07-13 18:54:14,321 - INFO - consumidor_mongo2***Latencia_mensajeria***33900.535345077515***ms
2025-07-13 18:54:16,964 - INFO - consumidor_mongo2:366 aeronaves insertadas en la colección 202507131845.
2025-07-13 18:54:16,967 - INFO - consumidor_mongo2***Latencia_ConsumidorMongo***2645.026683807373***ms
2025-07-13 18:54:16,969 - INFO - consumidor_mongo2***Latencia_mensajeria***27042.949438095093***ms
2025-07-13 18:54:20,930 - INFO - consumidor_mongo2:368 aeronaves insertadas en la colección 202507131845.
2025-07-13 18:54:20,931 - INFO - consumidor_mongo2***Latencia_ConsumidorMongo***3962.3496532440186***ms
2025-07-13 18:54:20,935 - INFO - consumidor_mongo2***Latencia_mensajeria***30663.35701942444***ms
2025-07-13 18:54:24,535 - INFO - consumidor_mongo2:362 aeronaves insertadas en la colección 202507131845.
2025-07-13 18:54:24,536 - INFO - consumidor_mongo2***Latencia_ConsumidorMongo***3601.1736392974854***ms
2025-07-13 18:54:24,568 - INFO - Fetch offset 44 is out of range for topic-partition TopicPartition(topic='adsb.aeronaves', partition=1)
2025-07-13 18:54:24,730 - INFO - consumidor_mongo2***Latencia_mensajeria***4964.071750640869***ms
2025-07-13 18:54:26,666 - INFO - consumidor_mongo2:367 aeronaves insertadas en la colección 202507131845.
2025-07-13 18:54:26,667 - INFO - consumidor_mongo2***Latencia_ConsumidorMongo***1937.0126724243164***ms
2025-07-13 18:54:26,667 - INFO - consumidor_mongo2***Latencia_mensajeria***6252.286434173584***ms
2025-07-13 18:54:27,529 - INFO - consumidor_mongo2:368 aeronaves insertadas en la colección 202507131845.
2025-07-13 18:54:27,537 - INFO - consumidor_mongo2***Latencia_ConsumidorMongo***869.4524765014648***ms
2025-07-13 18:54:27,540 - INFO - consumidor_mongo2***Latencia_mensajeria***7005.075454711914***ms
2025-07-13 18:54:28,346 - INFO - consumidor_mongo2:374 aeronaves insertadas en la colección 202507131845.
2025-07-13 18:54:28,347 - INFO - consumidor_mongo2***Latencia_ConsumidorMongo***807.0640563964844***ms
2025-07-13 18:54:28,347 - INFO - consumidor_mongo2***Latencia_mensajeria***7730.166435241699***ms
2025-07-13 18:54:29,296 - INFO - consumidor_mongo2:366 aeronaves insertadas en la colección 202507131845.
2025-07-13 18:54:29,296 - INFO - consumidor_mongo2***Latencia_ConsumidorMongo***948.8527774810791***ms
2025-07-13 18:54:30,062 - INFO - consumidor_mongo2***Latencia_mensajeria***490.19837379455566***ms
2025-07-13 18:54:34,717 - INFO - consumidor_mongo2:370 aeronaves insertadas en la colección 202507131845.
2025-07-13 18:54:34,717 - INFO - consumidor_mongo2***Latencia_ConsumidorMongo***4655.611753463745***ms
2025-07-13 18:54:34,801 - INFO - consumidor_mongo2***Latencia_mensajeria***5113.008737564087***ms
2025-07-13 18:54:38,489 - INFO - consumidor_mongo2:368 aeronaves insertadas en la colección 202507131845.
2025-07-13 18:54:38,493 - INFO - consumidor_mongo2***Latencia_ConsumidorMongo***3691.162586212158***ms
2025-07-13 18:54:38,494 - INFO - consumidor_mongo2***Latencia_mensajeria***8775.346517562866***ms
2025-07-13 18:54:41,195 - INFO - consumidor_mongo2:363 aeronaves insertadas en la colección 202507131845.
2025-07-13 18:54:41,196 - INFO - consumidor_mongo2***Latencia_ConsumidorMongo***2702.122449874878***ms
2025-07-13 18:54:41,310 - INFO - consumidor_mongo2***Latencia_mensajeria***1153.4674167633057***ms
