=== 2025-07-13T18:16:06Z ===
{
  "Hora UTC": "No disponible",
  "Sectorización aplicable": {
    "sector_CZ_Centro": 0,
    "sector_AD": 0,
    "sector_XK": 0,
    "sector_GB_Oeste": 0,
    "sector_BE_Este": 0,
    "sector_PT_Este": 0,
    "sector_TR_Oeste": 0,
    "sector_SE_Oeste": 0,
    "sector_RU_Oeste": 0,
    "sector_IT_Norte": 0
  }
}
=== 2025-07-13T18:16:12Z ===
{
  "Hora UTC": "No disponible",
  "Sectorización aplicable": {
    "sector_CZ_Centro": 0,
    "sector_AD": 0,
    "sector_XK": 0,
    "sector_GB_Oeste": 0,
    "sector_BE_Este": 0,
    "sector_PT_Este": 0,
    "sector_TR_Oeste": 0,
    "sector_SE_Oeste": 0,
    "sector_RU_Oeste": 0,
    "sector_IT_Norte": 0
  }
}
=== 2025-07-13T18:16:18Z ===
{
  "Hora UTC": "No disponible",
  "Sectorización aplicable": {
    "sector_CZ_Centro": 0,
    "sector_AD": 0,
    "sector_XK": 0,
    "sector_GB_Oeste": 0,
    "sector_BE_Este": 0,
    "sector_PT_Este": 0,
    "sector_TR_Oeste": 0,
    "sector_SE_Oeste": 0,
    "sector_RU_Oeste": 0,
    "sector_IT_Norte": 0
  }
}
=== 2025-07-13T18:16:23Z ===
{
  "Hora UTC": "No disponible",
  "Sectorización aplicable": {
    "sector_CZ_Centro": 2,
    "sector_AD": 0,
    "sector_XK": 0,
    "sector_GB_Oeste": 0,
    "sector_BE_Este": 0,
    "sector_PT_Este": 0,
    "sector_TR_Oeste": 0,
    "sector_SE_Oeste": 0,
    "sector_RU_Oeste": 0,
    "sector_IT_Norte": 0
  }
}
=== 2025-07-13T18:16:29Z ===
{
  "Hora UTC": "No disponible",
  "Sectorización aplicable": {
    "sector_CZ_Centro": 2,
    "sector_AD": 0,
    "sector_XK": 0,
    "sector_GB_Oeste": 0,
    "sector_BE_Este": 0,
    "sector_PT_Este": 0,
    "sector_TR_Oeste": 0,
    "sector_SE_Oeste": 0,
    "sector_RU_Oeste": 0,
    "sector_IT_Norte": 0
  }
}
=== 2025-07-13T18:16:34Z ===
{
  "Hora UTC": "No disponible",
  "Sectorización aplicable": {
    "sector_CZ_Centro": 2,
    "sector_AD": 0,
    "sector_XK": 0,
    "sector_GB_Oeste": 0,
    "sector_BE_Este": 0,
    "sector_PT_Este": 0,
    "sector_TR_Oeste": 0,
    "sector_SE_Oeste": 0,
    "sector_RU_Oeste": 0,
    "sector_IT_Norte": 0
  }
}
=== 2025-07-13T18:16:39Z ===
{
  "Hora UTC": "2025-07-13 18:16:34",
  "Sectorización aplicable": {
    "sector_CZ_Centro": 43,
    "sector_AD": 38,
    "sector_XK": 53,
    "sector_GB_Oeste": 52,
    "sector_BE_Este": 66,
    "sector_PT_Este": 31,
    "sector_TR_Oeste": 27,
    "sector_SE_Oeste": 20,
    "sector_RU_Oeste": 10,
    "sector_IT_Norte": 53
  }
}
=== 2025-07-13T18:16:44Z ===
{
  "Hora UTC": "2025-07-13 18:16:34",
  "Sectorización aplicable": {
    "sector_CZ_Centro": 43,
    "sector_AD": 38,
    "sector_XK": 53,
    "sector_GB_Oeste": 52,
    "sector_BE_Este": 66,
    "sector_PT_Este": 31,
    "sector_TR_Oeste": 27,
    "sector_SE_Oeste": 20,
    "sector_RU_Oeste": 10,
    "sector_IT_Norte": 53
  }
}
=== 2025-07-13T18:16:49Z ===
{
  "Hora UTC": "2025-07-13 18:16:45",
  "Sectorización aplicable": {
    "sector_CZ_Centro": 86,
    "sector_AD": 96,
    "sector_XK": 94,
    "sector_GB_Oeste": 115,
    "sector_BE_Este": 145,
    "sector_PT_Este": 63,
    "sector_TR_Oeste": 67,
    "sector_SE_Oeste": 49,
    "sector_RU_Oeste": 25,
    "sector_IT_Norte": 125
  }
}
=== 2025-07-13T18:16:55Z ===
{
  "Hora UTC": "2025-07-13 18:16:45",
  "Sectorización aplicable": {
    "sector_CZ_Centro": 86,
    "sector_AD": 96,
    "sector_XK": 94,
    "sector_GB_Oeste": 115,
    "sector_BE_Este": 145,
    "sector_PT_Este": 63,
    "sector_TR_Oeste": 67,
    "sector_SE_Oeste": 49,
    "sector_RU_Oeste": 25,
    "sector_IT_Norte": 125
  }
}
=== 2025-07-13T18:17:00Z ===
{
  "Hora UTC": "2025-07-13 18:16:57",
  "Sectorización aplicable": {
    "sector_CZ_Centro": 123,
    "sector_AD": 134,
    "sector_XK": 129,
    "sector_GB_Oeste": 157,
    "sector_BE_Este": 186,
    "sector_PT_Este": 83,
    "sector_TR_Oeste": 84,
    "sector_SE_Oeste": 70,
    "sector_RU_Oeste": 36,
    "sector_IT_Norte": 186
  }
}
=== 2025-07-13T18:17:05Z ===
{
  "Hora UTC": "2025-07-13 18:16:57",
  "Sectorización aplicable": {
    "sector_CZ_Centro": 123,
    "sector_AD": 134,
    "sector_XK": 129,
    "sector_GB_Oeste": 157,
    "sector_BE_Este": 186,
    "sector_PT_Este": 83,
    "sector_TR_Oeste": 84,
    "sector_SE_Oeste": 70,
    "sector_RU_Oeste": 36,
    "sector_IT_Norte": 186
  }
}
=== 2025-07-13T18:17:11Z ===
{
  "Hora UTC": "2025-07-13 18:17:11",
  "Sectorización aplicable": {
    "sector_CZ_Centro": 165,
    "sector_AD": 172,
    "sector_XK": 156,
    "sector_GB_Oeste": 197,
    "sector_BE_Este": 230,
    "sector_PT_Este": 99,
    "sector_TR_Oeste": 102,
    "sector_SE_Oeste": 84,
    "sector_RU_Oeste": 42,
    "sector_IT_Norte": 228
  }
}
=== 2025-07-13T18:17:16Z ===
{
  "Hora UTC": "2025-07-13 18:17:11",
  "Sectorización aplicable": {
    "sector_CZ_Centro": 165,
    "sector_AD": 172,
    "sector_XK": 156,
    "sector_GB_Oeste": 197,
    "sector_BE_Este": 230,
    "sector_PT_Este": 99,
    "sector_TR_Oeste": 102,
    "sector_SE_Oeste": 84,
    "sector_RU_Oeste": 42,
    "sector_IT_Norte": 228
  }
}
=== 2025-07-13T18:17:21Z ===
{
  "Hora UTC": "2025-07-13 18:17:11",
  "Sectorización aplicable": {
    "sector_CZ_Centro": 165,
    "sector_AD": 172,
    "sector_XK": 156,
    "sector_GB_Oeste": 197,
    "sector_BE_Este": 230,
    "sector_PT_Este": 99,
    "sector_TR_Oeste": 102,
    "sector_SE_Oeste": 84,
    "sector_RU_Oeste": 42,
    "sector_IT_Norte": 228
  }
}
=== 2025-07-13T18:17:26Z ===
{
  "Hora UTC": "2025-07-13 18:17:24",
  "Sectorización aplicable": {
    "sector_CZ_Centro": 192,
    "sector_AD": 202,
    "sector_XK": 180,
    "sector_GB_Oeste": 222,
    "sector_BE_Este": 257,
    "sector_PT_Este": 116,
    "sector_TR_Oeste": 120,
    "sector_SE_Oeste": 98,
    "sector_RU_Oeste": 47,
    "sector_IT_Norte": 258
  }
}
=== 2025-07-13T18:17:32Z ===
{
  "Hora UTC": "2025-07-13 18:17:24",
  "Sectorización aplicable": {
    "sector_CZ_Centro": 192,
    "sector_AD": 202,
    "sector_XK": 180,
    "sector_GB_Oeste": 222,
    "sector_BE_Este": 257,
    "sector_PT_Este": 116,
    "sector_TR_Oeste": 120,
    "sector_SE_Oeste": 98,
    "sector_RU_Oeste": 47,
    "sector_IT_Norte": 258
  }
}
=== 2025-07-13T18:17:37Z ===
{
  "Hora UTC": "2025-07-13 18:17:36",
  "Sectorización aplicable": {
    "sector_CZ_Centro": 209,
    "sector_AD": 234,
    "sector_XK": 181,
    "sector_GB_Oeste": 245,
    "sector_BE_Este": 276,
    "sector_PT_Este": 125,
    "sector_TR_Oeste": 142,
    "sector_SE_Oeste": 115,
    "sector_RU_Oeste": 51,
    "sector_IT_Norte": 296
  }
}
=== 2025-07-13T18:17:42Z ===
{
  "Hora UTC": "2025-07-13 18:17:36",
  "Sectorización aplicable": {
    "sector_CZ_Centro": 209,
    "sector_AD": 234,
    "sector_XK": 181,
    "sector_GB_Oeste": 245,
    "sector_BE_Este": 276,
    "sector_PT_Este": 125,
    "sector_TR_Oeste": 142,
    "sector_SE_Oeste": 115,
    "sector_RU_Oeste": 51,
    "sector_IT_Norte": 296
  }
}
=== 2025-07-13T18:17:47Z ===
{
  "Hora UTC": "2025-07-13 18:17:36",
  "Sectorización aplicable": {
    "sector_CZ_Centro": 209,
    "sector_AD": 234,
    "sector_XK": 181,
    "sector_GB_Oeste": 245,
    "sector_BE_Este": 276,
    "sector_PT_Este": 125,
    "sector_TR_Oeste": 142,
    "sector_SE_Oeste": 115,
    "sector_RU_Oeste": 51,
    "sector_IT_Norte": 296
  }
}
=== 2025-07-13T18:17:52Z ===
{
  "Hora UTC": "2025-07-13 18:17:48",
  "Sectorización aplicable": {
    "sector_CZ_Centro": 210,
    "sector_AD": 234,
    "sector_XK": 187,
    "sector_GB_Oeste": 247,
    "sector_BE_Este": 279,
    "sector_PT_Este": 123,
    "sector_TR_Oeste": 142,
    "sector_SE_Oeste": 116,
    "sector_RU_Oeste": 54,
    "sector_IT_Norte": 301
  }
}
=== 2025-07-13T18:17:57Z ===
{
  "Hora UTC": "2025-07-13 18:17:48",
  "Sectorización aplicable": {
    "sector_CZ_Centro": 210,
    "sector_AD": 234,
    "sector_XK": 187,
    "sector_GB_Oeste": 247,
    "sector_BE_Este": 279,
    "sector_PT_Este": 123,
    "sector_TR_Oeste": 142,
    "sector_SE_Oeste": 116,
    "sector_RU_Oeste": 54,
    "sector_IT_Norte": 301
  }
}
=== 2025-07-13T18:18:03Z ===
{
  "Hora UTC": "2025-07-13 18:18:00",
  "Sectorización aplicable": {
    "sector_CZ_Centro": 206,
    "sector_AD": 228,
    "sector_XK": 189,
    "sector_GB_Oeste": 247,
    "sector_BE_Este": 265,
    "sector_PT_Este": 133,
    "sector_TR_Oeste": 143,
    "sector_SE_Oeste": 112,
    "sector_RU_Oeste": 57,
    "sector_IT_Norte": 303
  }
}
=== 2025-07-13T18:18:08Z ===
{
  "Hora UTC": "2025-07-13 18:18:00",
  "Sectorización aplicable": {
    "sector_CZ_Centro": 206,
    "sector_AD": 228,
    "sector_XK": 189,
    "sector_GB_Oeste": 247,
    "sector_BE_Este": 265,
    "sector_PT_Este": 133,
    "sector_TR_Oeste": 143,
    "sector_SE_Oeste": 112,
    "sector_RU_Oeste": 57,
    "sector_IT_Norte": 303
  }
}
=== 2025-07-13T18:18:13Z ===
{
  "Hora UTC": "2025-07-13 18:18:12",
  "Sectorización aplicable": {
    "sector_CZ_Centro": 205,
    "sector_AD": 225,
    "sector_XK": 196,
    "sector_GB_Oeste": 255,
    "sector_BE_Este": 262,
    "sector_PT_Este": 136,
    "sector_TR_Oeste": 145,
    "sector_SE_Oeste": 113,
    "sector_RU_Oeste": 57,
    "sector_IT_Norte": 305
  }
}
=== 2025-07-13T18:18:18Z ===
{
  "Hora UTC": "2025-07-13 18:18:12",
  "Sectorización aplicable": {
    "sector_CZ_Centro": 205,
    "sector_AD": 225,
    "sector_XK": 196,
    "sector_GB_Oeste": 255,
    "sector_BE_Este": 262,
    "sector_PT_Este": 136,
    "sector_TR_Oeste": 145,
    "sector_SE_Oeste": 113,
    "sector_RU_Oeste": 57,
    "sector_IT_Norte": 305
  }
}
=== 2025-07-13T18:18:23Z ===
{
  "Hora UTC": "2025-07-13 18:18:12",
  "Sectorización aplicable": {
    "sector_CZ_Centro": 205,
    "sector_AD": 225,
    "sector_XK": 196,
    "sector_GB_Oeste": 255,
    "sector_BE_Este": 262,
    "sector_PT_Este": 136,
    "sector_TR_Oeste": 145,
    "sector_SE_Oeste": 113,
    "sector_RU_Oeste": 57,
    "sector_IT_Norte": 305
  }
}
=== 2025-07-13T18:18:28Z ===
{
  "Hora UTC": "2025-07-13 18:18:25",
  "Sectorización aplicable": {
    "sector_CZ_Centro": 205,
    "sector_AD": 214,
    "sector_XK": 191,
    "sector_GB_Oeste": 255,
    "sector_BE_Este": 272,
    "sector_PT_Este": 136,
    "sector_TR_Oeste": 140,
    "sector_SE_Oeste": 111,
    "sector_RU_Oeste": 62,
    "sector_IT_Norte": 315
  }
}
=== 2025-07-13T18:18:33Z ===
{
  "Hora UTC": "2025-07-13 18:18:25",
  "Sectorización aplicable": {
    "sector_CZ_Centro": 205,
    "sector_AD": 214,
    "sector_XK": 191,
    "sector_GB_Oeste": 255,
    "sector_BE_Este": 272,
    "sector_PT_Este": 136,
    "sector_TR_Oeste": 140,
    "sector_SE_Oeste": 111,
    "sector_RU_Oeste": 62,
    "sector_IT_Norte": 315
  }
}
=== 2025-07-13T18:18:38Z ===
{
  "Hora UTC": "2025-07-13 18:18:38",
  "Sectorización aplicable": {
    "sector_CZ_Centro": 214,
    "sector_AD": 215,
    "sector_XK": 198,
    "sector_GB_Oeste": 251,
    "sector_BE_Este": 271,
    "sector_PT_Este": 141,
    "sector_TR_Oeste": 138,
    "sector_SE_Oeste": 109,
    "sector_RU_Oeste": 65,
    "sector_IT_Norte": 304
  }
}
=== 2025-07-13T18:18:44Z ===
{
  "Hora UTC": "2025-07-13 18:18:38",
  "Sectorización aplicable": {
    "sector_CZ_Centro": 214,
    "sector_AD": 215,
    "sector_XK": 198,
    "sector_GB_Oeste": 251,
    "sector_BE_Este": 271,
    "sector_PT_Este": 141,
    "sector_TR_Oeste": 138,
    "sector_SE_Oeste": 109,
    "sector_RU_Oeste": 65,
    "sector_IT_Norte": 304
  }
}
=== 2025-07-13T18:18:49Z ===
{
  "Hora UTC": "2025-07-13 18:18:38",
  "Sectorización aplicable": {
    "sector_CZ_Centro": 214,
    "sector_AD": 215,
    "sector_XK": 198,
    "sector_GB_Oeste": 251,
    "sector_BE_Este": 271,
    "sector_PT_Este": 141,
    "sector_TR_Oeste": 138,
    "sector_SE_Oeste": 109,
    "sector_RU_Oeste": 65,
    "sector_IT_Norte": 304
  }
}
=== 2025-07-13T18:18:54Z ===
{
  "Hora UTC": "2025-07-13 18:18:50",
  "Sectorización aplicable": {
    "sector_CZ_Centro": 215,
    "sector_AD": 221,
    "sector_XK": 197,
    "sector_GB_Oeste": 257,
    "sector_BE_Este": 266,
    "sector_PT_Este": 141,
    "sector_TR_Oeste": 139,
    "sector_SE_Oeste": 111,
    "sector_RU_Oeste": 59,
    "sector_IT_Norte": 300
  }
}
=== 2025-07-13T18:18:59Z ===
{
  "Hora UTC": "2025-07-13 18:18:50",
  "Sectorización aplicable": {
    "sector_CZ_Centro": 215,
    "sector_AD": 221,
    "sector_XK": 197,
    "sector_GB_Oeste": 257,
    "sector_BE_Este": 266,
    "sector_PT_Este": 141,
    "sector_TR_Oeste": 139,
    "sector_SE_Oeste": 111,
    "sector_RU_Oeste": 59,
    "sector_IT_Norte": 300
  }
}
=== 2025-07-13T18:19:04Z ===
{
  "Hora UTC": "2025-07-13 18:19:03",
  "Sectorización aplicable": {
    "sector_CZ_Centro": 221,
    "sector_AD": 220,
    "sector_XK": 188,
    "sector_GB_Oeste": 241,
    "sector_BE_Este": 262,
    "sector_PT_Este": 139,
    "sector_TR_Oeste": 141,
    "sector_SE_Oeste": 110,
    "sector_RU_Oeste": 54,
    "sector_IT_Norte": 303
  }
}
=== 2025-07-13T18:19:09Z ===
{
  "Hora UTC": "2025-07-13 18:19:03",
  "Sectorización aplicable": {
    "sector_CZ_Centro": 221,
    "sector_AD": 220,
    "sector_XK": 188,
    "sector_GB_Oeste": 241,
    "sector_BE_Este": 262,
    "sector_PT_Este": 139,
    "sector_TR_Oeste": 141,
    "sector_SE_Oeste": 110,
    "sector_RU_Oeste": 54,
    "sector_IT_Norte": 303
  }
}
=== 2025-07-13T18:19:15Z ===
{
  "Hora UTC": "2025-07-13 18:19:03",
  "Sectorización aplicable": {
    "sector_CZ_Centro": 221,
    "sector_AD": 220,
    "sector_XK": 188,
    "sector_GB_Oeste": 241,
    "sector_BE_Este": 262,
    "sector_PT_Este": 139,
    "sector_TR_Oeste": 141,
    "sector_SE_Oeste": 110,
    "sector_RU_Oeste": 54,
    "sector_IT_Norte": 303
  }
}
=== 2025-07-13T18:19:20Z ===
{
  "Hora UTC": "2025-07-13 18:19:15",
  "Sectorización aplicable": {
    "sector_CZ_Centro": 220,
    "sector_AD": 218,
    "sector_XK": 197,
    "sector_GB_Oeste": 228,
    "sector_BE_Este": 266,
    "sector_PT_Este": 134,
    "sector_TR_Oeste": 154,
    "sector_SE_Oeste": 97,
    "sector_RU_Oeste": 48,
    "sector_IT_Norte": 306
  }
}
=== 2025-07-13T18:19:25Z ===
{
  "Hora UTC": "2025-07-13 18:19:15",
  "Sectorización aplicable": {
    "sector_CZ_Centro": 220,
    "sector_AD": 218,
    "sector_XK": 197,
    "sector_GB_Oeste": 228,
    "sector_BE_Este": 266,
    "sector_PT_Este": 134,
    "sector_TR_Oeste": 154,
    "sector_SE_Oeste": 97,
    "sector_RU_Oeste": 48,
    "sector_IT_Norte": 306
  }
}
=== 2025-07-13T18:19:30Z ===
{
  "Hora UTC": "2025-07-13 18:19:27",
  "Sectorización aplicable": {
    "sector_CZ_Centro": 214,
    "sector_AD": 204,
    "sector_XK": 185,
    "sector_GB_Oeste": 218,
    "sector_BE_Este": 276,
    "sector_PT_Este": 133,
    "sector_TR_Oeste": 162,
    "sector_SE_Oeste": 108,
    "sector_RU_Oeste": 49,
    "sector_IT_Norte": 306
  }
}
=== 2025-07-13T18:19:35Z ===
{
  "Hora UTC": "2025-07-13 18:19:27",
  "Sectorización aplicable": {
    "sector_CZ_Centro": 214,
    "sector_AD": 204,
    "sector_XK": 185,
    "sector_GB_Oeste": 218,
    "sector_BE_Este": 276,
    "sector_PT_Este": 133,
    "sector_TR_Oeste": 162,
    "sector_SE_Oeste": 108,
    "sector_RU_Oeste": 49,
    "sector_IT_Norte": 306
  }
}
=== 2025-07-13T18:19:40Z ===
{
  "Hora UTC": "2025-07-13 18:19:27",
  "Sectorización aplicable": {
    "sector_CZ_Centro": 214,
    "sector_AD": 204,
    "sector_XK": 185,
    "sector_GB_Oeste": 218,
    "sector_BE_Este": 276,
    "sector_PT_Este": 133,
    "sector_TR_Oeste": 162,
    "sector_SE_Oeste": 108,
    "sector_RU_Oeste": 49,
    "sector_IT_Norte": 306
  }
}
=== 2025-07-13T18:19:45Z ===
{
  "Hora UTC": "2025-07-13 18:19:41",
  "Sectorización aplicable": {
    "sector_CZ_Centro": 206,
    "sector_AD": 206,
    "sector_XK": 187,
    "sector_GB_Oeste": 229,
    "sector_BE_Este": 265,
    "sector_PT_Este": 130,
    "sector_TR_Oeste": 165,
    "sector_SE_Oeste": 111,
    "sector_RU_Oeste": 51,
    "sector_IT_Norte": 306
  }
}
=== 2025-07-13T18:19:51Z ===
{
  "Hora UTC": "2025-07-13 18:19:41",
  "Sectorización aplicable": {
    "sector_CZ_Centro": 206,
    "sector_AD": 206,
    "sector_XK": 187,
    "sector_GB_Oeste": 229,
    "sector_BE_Este": 265,
    "sector_PT_Este": 130,
    "sector_TR_Oeste": 165,
    "sector_SE_Oeste": 111,
    "sector_RU_Oeste": 51,
    "sector_IT_Norte": 306
  }
}
=== 2025-07-13T18:19:56Z ===
{
  "Hora UTC": "2025-07-13 18:19:56",
  "Sectorización aplicable": {
    "sector_CZ_Centro": 202,
    "sector_AD": 215,
    "sector_XK": 195,
    "sector_GB_Oeste": 222,
    "sector_BE_Este": 261,
    "sector_PT_Este": 129,
    "sector_TR_Oeste": 163,
    "sector_SE_Oeste": 113,
    "sector_RU_Oeste": 52,
    "sector_IT_Norte": 311
  }
}
=== 2025-07-13T18:20:01Z ===
{
  "Hora UTC": "2025-07-13 18:19:56",
  "Sectorización aplicable": {
    "sector_CZ_Centro": 202,
    "sector_AD": 215,
    "sector_XK": 195,
    "sector_GB_Oeste": 222,
    "sector_BE_Este": 261,
    "sector_PT_Este": 129,
    "sector_TR_Oeste": 163,
    "sector_SE_Oeste": 113,
    "sector_RU_Oeste": 52,
    "sector_IT_Norte": 311
  }
}
=== 2025-07-13T18:20:06Z ===
{
  "Hora UTC": "2025-07-13 18:19:56",
  "Sectorización aplicable": {
    "sector_CZ_Centro": 202,
    "sector_AD": 215,
    "sector_XK": 195,
    "sector_GB_Oeste": 222,
    "sector_BE_Este": 261,
    "sector_PT_Este": 129,
    "sector_TR_Oeste": 163,
    "sector_SE_Oeste": 113,
    "sector_RU_Oeste": 52,
    "sector_IT_Norte": 311
  }
}
=== 2025-07-13T18:20:12Z ===
{
  "Hora UTC": "2025-07-13 18:20:07",
  "Sectorización aplicable": {
    "sector_CZ_Centro": 210,
    "sector_AD": 225,
    "sector_XK": 204,
    "sector_GB_Oeste": 219,
    "sector_BE_Este": 268,
    "sector_PT_Este": 128,
    "sector_TR_Oeste": 154,
    "sector_SE_Oeste": 112,
    "sector_RU_Oeste": 59,
    "sector_IT_Norte": 300
  }
}
=== 2025-07-13T18:20:17Z ===
{
  "Hora UTC": "2025-07-13 18:20:07",
  "Sectorización aplicable": {
    "sector_CZ_Centro": 210,
    "sector_AD": 225,
    "sector_XK": 204,
    "sector_GB_Oeste": 219,
    "sector_BE_Este": 268,
    "sector_PT_Este": 128,
    "sector_TR_Oeste": 154,
    "sector_SE_Oeste": 112,
    "sector_RU_Oeste": 59,
    "sector_IT_Norte": 300
  }
}
=== 2025-07-13T18:20:22Z ===
{
  "Hora UTC": "2025-07-13 18:20:18",
  "Sectorización aplicable": {
    "sector_CZ_Centro": 198,
    "sector_AD": 225,
    "sector_XK": 205,
    "sector_GB_Oeste": 228,
    "sector_BE_Este": 277,
    "sector_PT_Este": 139,
    "sector_TR_Oeste": 154,
    "sector_SE_Oeste": 110,
    "sector_RU_Oeste": 57,
    "sector_IT_Norte": 290
  }
}
=== 2025-07-13T18:20:27Z ===
{
  "Hora UTC": "2025-07-13 18:20:18",
  "Sectorización aplicable": {
    "sector_CZ_Centro": 198,
    "sector_AD": 225,
    "sector_XK": 205,
    "sector_GB_Oeste": 228,
    "sector_BE_Este": 277,
    "sector_PT_Este": 139,
    "sector_TR_Oeste": 154,
    "sector_SE_Oeste": 110,
    "sector_RU_Oeste": 57,
    "sector_IT_Norte": 290
  }
}
=== 2025-07-13T18:20:32Z ===
{
  "Hora UTC": "2025-07-13 18:20:31",
  "Sectorización aplicable": {
    "sector_CZ_Centro": 195,
    "sector_AD": 221,
    "sector_XK": 203,
    "sector_GB_Oeste": 228,
    "sector_BE_Este": 276,
    "sector_PT_Este": 134,
    "sector_TR_Oeste": 156,
    "sector_SE_Oeste": 101,
    "sector_RU_Oeste": 59,
    "sector_IT_Norte": 297
  }
}
=== 2025-07-13T18:20:38Z ===
{
  "Hora UTC": "2025-07-13 18:20:31",
  "Sectorización aplicable": {
    "sector_CZ_Centro": 195,
    "sector_AD": 221,
    "sector_XK": 203,
    "sector_GB_Oeste": 228,
    "sector_BE_Este": 276,
    "sector_PT_Este": 134,
    "sector_TR_Oeste": 156,
    "sector_SE_Oeste": 101,
    "sector_RU_Oeste": 59,
    "sector_IT_Norte": 297
  }
}
=== 2025-07-13T18:20:43Z ===
{
  "Hora UTC": "2025-07-13 18:20:31",
  "Sectorización aplicable": {
    "sector_CZ_Centro": 195,
    "sector_AD": 221,
    "sector_XK": 203,
    "sector_GB_Oeste": 228,
    "sector_BE_Este": 276,
    "sector_PT_Este": 134,
    "sector_TR_Oeste": 156,
    "sector_SE_Oeste": 101,
    "sector_RU_Oeste": 59,
    "sector_IT_Norte": 297
  }
}
=== 2025-07-13T18:20:48Z ===
{
  "Hora UTC": "2025-07-13 18:20:43",
  "Sectorización aplicable": {
    "sector_CZ_Centro": 198,
    "sector_AD": 215,
    "sector_XK": 207,
    "sector_GB_Oeste": 220,
    "sector_BE_Este": 276,
    "sector_PT_Este": 134,
    "sector_TR_Oeste": 153,
    "sector_SE_Oeste": 104,
    "sector_RU_Oeste": 56,
    "sector_IT_Norte": 297
  }
}
=== 2025-07-13T18:20:53Z ===
{
  "Hora UTC": "2025-07-13 18:20:43",
  "Sectorización aplicable": {
    "sector_CZ_Centro": 198,
    "sector_AD": 215,
    "sector_XK": 207,
    "sector_GB_Oeste": 220,
    "sector_BE_Este": 276,
    "sector_PT_Este": 134,
    "sector_TR_Oeste": 153,
    "sector_SE_Oeste": 104,
    "sector_RU_Oeste": 56,
    "sector_IT_Norte": 297
  }
}
=== 2025-07-13T18:20:58Z ===
{
  "Hora UTC": "2025-07-13 18:20:58",
  "Sectorización aplicable": {
    "sector_CZ_Centro": 200,
    "sector_AD": 221,
    "sector_XK": 188,
    "sector_GB_Oeste": 231,
    "sector_BE_Este": 273,
    "sector_PT_Este": 136,
    "sector_TR_Oeste": 164,
    "sector_SE_Oeste": 109,
    "sector_RU_Oeste": 55,
    "sector_IT_Norte": 285
  }
}
=== 2025-07-13T18:21:03Z ===
{
  "Hora UTC": "2025-07-13 18:20:58",
  "Sectorización aplicable": {
    "sector_CZ_Centro": 200,
    "sector_AD": 221,
    "sector_XK": 188,
    "sector_GB_Oeste": 231,
    "sector_BE_Este": 273,
    "sector_PT_Este": 136,
    "sector_TR_Oeste": 164,
    "sector_SE_Oeste": 109,
    "sector_RU_Oeste": 55,
    "sector_IT_Norte": 285
  }
}
