2025-07-05 16:55:40,487 - INFO - <BrokerConnection node_id=bootstrap-0 host=kafka:9092 <connecting> [IPv4 ('172.18.0.2', 9092)]>: connecting to kafka:9092 [('172.18.0.2', 9092) IPv4]
2025-07-05 16:55:40,489 - INFO - Probing node bootstrap-0 broker version
2025-07-05 16:55:40,495 - INFO - <BrokerConnection node_id=bootstrap-0 host=kafka:9092 <connecting> [IPv4 ('172.18.0.2', 9092)]>: Connection complete.
2025-07-05 16:55:40,642 - INFO - Broker version identified as 2.5.0
2025-07-05 16:55:40,643 - INFO - Set configuration api_version=(2, 5, 0) to skip auto check_version requests on startup
2025-07-05 16:55:49,853 - INFO - productor: Datos cargados desde /app/data/aeronaves_completo.json.
2025-07-05 16:56:29,912 - INFO - <BrokerConnection node_id=1 host=kafka:9092 <connecting> [IPv4 ('172.18.0.2', 9092)]>: connecting to kafka:9092 [('172.18.0.2', 9092) IPv4]
2025-07-05 16:56:29,915 - INFO - <BrokerConnection node_id=1 host=kafka:9092 <connecting> [IPv4 ('172.18.0.2', 9092)]>: Connection complete.
2025-07-05 16:56:29,916 - INFO - <BrokerConnection node_id=bootstrap-0 host=kafka:9092 <connected> [IPv4 ('172.18.0.2', 9092)]>: Closing connection. 
2025-07-05 16:56:29,923 - INFO - productor: Enviadas 19 aeronaves al topic 'adsb.aeronaves'.
2025-07-05 16:56:39,867 - INFO - productor: Enviadas 100 aeronaves al topic 'adsb.aeronaves'.
2025-07-05 16:56:39,880 - INFO - productor: Enviadas 100 aeronaves al topic 'adsb.aeronaves'.
2025-07-05 16:56:39,888 - INFO - productor: Enviadas 100 aeronaves al topic 'adsb.aeronaves'.
2025-07-05 16:56:39,891 - INFO - productor: Enviadas 100 aeronaves al topic 'adsb.aeronaves'.
2025-07-05 16:56:39,919 - INFO - productor: Enviadas 100 aeronaves al topic 'adsb.aeronaves'.
2025-07-05 16:56:49,858 - INFO - productor: Enviadas 100 aeronaves al topic 'adsb.aeronaves'.
2025-07-05 16:56:49,873 - INFO - productor: Enviadas 100 aeronaves al topic 'adsb.aeronaves'.
2025-07-05 16:56:49,896 - INFO - productor: Enviadas 100 aeronaves al topic 'adsb.aeronaves'.
2025-07-05 16:56:49,931 - INFO - productor: Enviadas 100 aeronaves al topic 'adsb.aeronaves'.
2025-07-05 16:56:49,934 - INFO - productor: Enviadas 100 aeronaves al topic 'adsb.aeronaves'.
2025-07-05 16:56:59,867 - INFO - productor: Enviadas 100 aeronaves al topic 'adsb.aeronaves'.
2025-07-05 16:56:59,890 - INFO - productor: Enviadas 100 aeronaves al topic 'adsb.aeronaves'.
2025-07-05 16:56:59,921 - INFO - productor: Enviadas 100 aeronaves al topic 'adsb.aeronaves'.
2025-07-05 16:56:59,950 - INFO - productor: Enviadas 100 aeronaves al topic 'adsb.aeronaves'.
2025-07-05 16:56:59,978 - INFO - productor: Enviadas 100 aeronaves al topic 'adsb.aeronaves'.
2025-07-05 16:57:09,854 - INFO - productor: Enviadas 100 aeronaves al topic 'adsb.aeronaves'.
2025-07-05 16:57:09,863 - INFO - productor: Enviadas 100 aeronaves al topic 'adsb.aeronaves'.
2025-07-05 16:57:09,881 - INFO - productor: Enviadas 100 aeronaves al topic 'adsb.aeronaves'.
2025-07-05 16:57:09,889 - INFO - productor: Enviadas 100 aeronaves al topic 'adsb.aeronaves'.
2025-07-05 16:57:09,907 - INFO - productor: Enviadas 100 aeronaves al topic 'adsb.aeronaves'.
2025-07-05 16:57:19,858 - INFO - productor: Enviadas 100 aeronaves al topic 'adsb.aeronaves'.
2025-07-05 16:57:19,884 - INFO - productor: Enviadas 100 aeronaves al topic 'adsb.aeronaves'.
2025-07-05 16:57:19,900 - INFO - productor: Enviadas 100 aeronaves al topic 'adsb.aeronaves'.
2025-07-05 16:57:19,928 - INFO - productor: Enviadas 100 aeronaves al topic 'adsb.aeronaves'.
2025-07-05 16:57:19,961 - INFO - productor: Enviadas 100 aeronaves al topic 'adsb.aeronaves'.
2025-07-05 16:57:29,867 - INFO - productor: Enviadas 100 aeronaves al topic 'adsb.aeronaves'.
2025-07-05 16:57:29,880 - INFO - productor: Enviadas 100 aeronaves al topic 'adsb.aeronaves'.
2025-07-05 16:57:29,891 - INFO - productor: Enviadas 100 aeronaves al topic 'adsb.aeronaves'.
2025-07-05 16:57:29,905 - INFO - productor: Enviadas 100 aeronaves al topic 'adsb.aeronaves'.
2025-07-05 16:57:29,940 - INFO - productor: Enviadas 100 aeronaves al topic 'adsb.aeronaves'.
2025-07-05 16:57:39,863 - INFO - productor: Enviadas 100 aeronaves al topic 'adsb.aeronaves'.
2025-07-05 16:57:39,880 - INFO - productor: Enviadas 100 aeronaves al topic 'adsb.aeronaves'.
2025-07-05 16:57:39,921 - INFO - productor: Enviadas 100 aeronaves al topic 'adsb.aeronaves'.
2025-07-05 16:57:39,948 - INFO - productor: Enviadas 100 aeronaves al topic 'adsb.aeronaves'.
2025-07-05 16:57:39,962 - INFO - productor: Enviadas 100 aeronaves al topic 'adsb.aeronaves'.
2025-07-05 16:57:49,865 - INFO - productor: Enviadas 100 aeronaves al topic 'adsb.aeronaves'.
2025-07-05 16:57:49,879 - INFO - productor: Enviadas 100 aeronaves al topic 'adsb.aeronaves'.
2025-07-05 16:57:49,887 - INFO - productor: Enviadas 100 aeronaves al topic 'adsb.aeronaves'.
2025-07-05 16:57:49,897 - INFO - productor: Enviadas 100 aeronaves al topic 'adsb.aeronaves'.
2025-07-05 16:57:49,915 - INFO - productor: Enviadas 100 aeronaves al topic 'adsb.aeronaves'.
2025-07-05 16:57:59,859 - INFO - productor: Enviadas 100 aeronaves al topic 'adsb.aeronaves'.
2025-07-05 16:57:59,869 - INFO - productor: Enviadas 100 aeronaves al topic 'adsb.aeronaves'.
2025-07-05 16:57:59,878 - INFO - productor: Enviadas 100 aeronaves al topic 'adsb.aeronaves'.
2025-07-05 16:57:59,916 - INFO - productor: Enviadas 100 aeronaves al topic 'adsb.aeronaves'.
2025-07-05 16:57:59,931 - INFO - productor: Enviadas 100 aeronaves al topic 'adsb.aeronaves'.
2025-07-05 16:58:09,857 - INFO - productor: Enviadas 100 aeronaves al topic 'adsb.aeronaves'.
2025-07-05 16:58:09,891 - INFO - productor: Enviadas 100 aeronaves al topic 'adsb.aeronaves'.
2025-07-05 16:58:09,912 - INFO - productor: Enviadas 100 aeronaves al topic 'adsb.aeronaves'.
2025-07-05 16:58:09,921 - INFO - productor: Enviadas 100 aeronaves al topic 'adsb.aeronaves'.
2025-07-05 16:58:09,986 - INFO - productor: Enviadas 100 aeronaves al topic 'adsb.aeronaves'.
2025-07-05 16:58:19,864 - INFO - productor: Enviadas 100 aeronaves al topic 'adsb.aeronaves'.
2025-07-05 16:58:19,875 - INFO - productor: Enviadas 100 aeronaves al topic 'adsb.aeronaves'.
2025-07-05 16:58:20,003 - INFO - productor: Enviadas 100 aeronaves al topic 'adsb.aeronaves'.
2025-07-05 16:58:20,043 - INFO - productor: Enviadas 100 aeronaves al topic 'adsb.aeronaves'.
2025-07-05 16:58:20,111 - INFO - productor: Enviadas 100 aeronaves al topic 'adsb.aeronaves'.
2025-07-05 16:58:29,856 - INFO - productor: Enviadas 100 aeronaves al topic 'adsb.aeronaves'.
2025-07-05 16:58:29,872 - INFO - productor: Enviadas 100 aeronaves al topic 'adsb.aeronaves'.
2025-07-05 16:58:29,881 - INFO - productor: Enviadas 100 aeronaves al topic 'adsb.aeronaves'.
2025-07-05 16:58:29,896 - INFO - productor: Enviadas 100 aeronaves al topic 'adsb.aeronaves'.
2025-07-05 16:58:29,912 - INFO - productor: Enviadas 100 aeronaves al topic 'adsb.aeronaves'.
2025-07-05 16:58:39,867 - INFO - productor: Enviadas 100 aeronaves al topic 'adsb.aeronaves'.
2025-07-05 16:58:39,888 - INFO - productor: Enviadas 100 aeronaves al topic 'adsb.aeronaves'.
2025-07-05 16:58:39,915 - INFO - productor: Enviadas 100 aeronaves al topic 'adsb.aeronaves'.
2025-07-05 16:58:39,924 - INFO - productor: Enviadas 100 aeronaves al topic 'adsb.aeronaves'.
2025-07-05 16:58:39,940 - INFO - productor: Enviadas 100 aeronaves al topic 'adsb.aeronaves'.
2025-07-05 16:58:49,858 - INFO - productor: Enviadas 100 aeronaves al topic 'adsb.aeronaves'.
2025-07-05 16:58:49,885 - INFO - productor: Enviadas 100 aeronaves al topic 'adsb.aeronaves'.
2025-07-05 16:58:49,901 - INFO - productor: Enviadas 100 aeronaves al topic 'adsb.aeronaves'.
2025-07-05 16:58:49,920 - INFO - productor: Enviadas 100 aeronaves al topic 'adsb.aeronaves'.
2025-07-05 16:58:49,966 - INFO - productor: Enviadas 100 aeronaves al topic 'adsb.aeronaves'.
2025-07-05 16:58:59,867 - INFO - productor: Enviadas 100 aeronaves al topic 'adsb.aeronaves'.
2025-07-05 16:58:59,888 - INFO - productor: Enviadas 100 aeronaves al topic 'adsb.aeronaves'.
2025-07-05 16:58:59,914 - INFO - productor: Enviadas 100 aeronaves al topic 'adsb.aeronaves'.
2025-07-05 16:58:59,945 - INFO - productor: Enviadas 100 aeronaves al topic 'adsb.aeronaves'.
2025-07-05 16:58:59,953 - INFO - productor: Enviadas 100 aeronaves al topic 'adsb.aeronaves'.
2025-07-05 16:59:09,896 - INFO - productor: Enviadas 100 aeronaves al topic 'adsb.aeronaves'.
2025-07-05 16:59:09,920 - INFO - productor: Enviadas 100 aeronaves al topic 'adsb.aeronaves'.
2025-07-05 16:59:09,934 - INFO - productor: Enviadas 100 aeronaves al topic 'adsb.aeronaves'.
2025-07-05 16:59:09,960 - INFO - productor: Enviadas 100 aeronaves al topic 'adsb.aeronaves'.
2025-07-05 16:59:09,983 - INFO - productor: Enviadas 100 aeronaves al topic 'adsb.aeronaves'.
2025-07-05 16:59:19,895 - INFO - productor: Enviadas 100 aeronaves al topic 'adsb.aeronaves'.
2025-07-05 16:59:19,928 - INFO - productor: Enviadas 100 aeronaves al topic 'adsb.aeronaves'.
2025-07-05 16:59:19,960 - INFO - productor: Enviadas 100 aeronaves al topic 'adsb.aeronaves'.
2025-07-05 16:59:20,045 - INFO - productor: Enviadas 100 aeronaves al topic 'adsb.aeronaves'.
2025-07-05 16:59:20,055 - INFO - productor: Enviadas 100 aeronaves al topic 'adsb.aeronaves'.
2025-07-05 16:59:29,866 - INFO - productor: Enviadas 100 aeronaves al topic 'adsb.aeronaves'.
2025-07-05 16:59:29,880 - INFO - productor: Enviadas 100 aeronaves al topic 'adsb.aeronaves'.
2025-07-05 16:59:29,905 - INFO - productor: Enviadas 100 aeronaves al topic 'adsb.aeronaves'.
2025-07-05 16:59:29,914 - INFO - productor: Enviadas 100 aeronaves al topic 'adsb.aeronaves'.
2025-07-05 16:59:29,928 - INFO - productor: Enviadas 100 aeronaves al topic 'adsb.aeronaves'.
2025-07-05 16:59:39,867 - INFO - productor: Enviadas 100 aeronaves al topic 'adsb.aeronaves'.
2025-07-05 16:59:39,902 - INFO - productor: Enviadas 100 aeronaves al topic 'adsb.aeronaves'.
2025-07-05 16:59:39,913 - INFO - productor: Enviadas 100 aeronaves al topic 'adsb.aeronaves'.
2025-07-05 16:59:39,945 - INFO - productor: Enviadas 100 aeronaves al topic 'adsb.aeronaves'.
2025-07-05 16:59:39,960 - INFO - productor: Enviadas 100 aeronaves al topic 'adsb.aeronaves'.
2025-07-05 16:59:49,862 - INFO - productor: Enviadas 100 aeronaves al topic 'adsb.aeronaves'.
2025-07-05 16:59:49,881 - INFO - productor: Enviadas 100 aeronaves al topic 'adsb.aeronaves'.
2025-07-05 16:59:49,895 - INFO - productor: Enviadas 100 aeronaves al topic 'adsb.aeronaves'.
2025-07-05 16:59:49,921 - INFO - productor: Enviadas 100 aeronaves al topic 'adsb.aeronaves'.
2025-07-05 16:59:49,940 - INFO - productor: Enviadas 100 aeronaves al topic 'adsb.aeronaves'.
2025-07-05 16:59:59,876 - INFO - productor: Enviadas 100 aeronaves al topic 'adsb.aeronaves'.
2025-07-05 16:59:59,906 - INFO - productor: Enviadas 100 aeronaves al topic 'adsb.aeronaves'.
2025-07-05 16:59:59,910 - INFO - productor: Enviadas 100 aeronaves al topic 'adsb.aeronaves'.
2025-07-05 16:59:59,914 - INFO - productor: Enviadas 100 aeronaves al topic 'adsb.aeronaves'.
2025-07-05 16:59:59,962 - INFO - productor: Enviadas 100 aeronaves al topic 'adsb.aeronaves'.
2025-07-05 17:00:09,863 - INFO - productor: Enviadas 100 aeronaves al topic 'adsb.aeronaves'.
2025-07-05 17:00:09,889 - INFO - productor: Enviadas 100 aeronaves al topic 'adsb.aeronaves'.
2025-07-05 17:00:09,905 - INFO - productor: Enviadas 100 aeronaves al topic 'adsb.aeronaves'.
2025-07-05 17:00:09,908 - INFO - productor: Enviadas 100 aeronaves al topic 'adsb.aeronaves'.
2025-07-05 17:00:09,916 - INFO - productor: Enviadas 100 aeronaves al topic 'adsb.aeronaves'.
2025-07-05 17:00:19,858 - INFO - productor: Enviadas 100 aeronaves al topic 'adsb.aeronaves'.
2025-07-05 17:00:19,872 - INFO - productor: Enviadas 100 aeronaves al topic 'adsb.aeronaves'.
2025-07-05 17:00:19,901 - INFO - productor: Enviadas 100 aeronaves al topic 'adsb.aeronaves'.
2025-07-05 17:00:19,910 - INFO - productor: Enviadas 100 aeronaves al topic 'adsb.aeronaves'.
2025-07-05 17:00:19,923 - INFO - productor: Enviadas 100 aeronaves al topic 'adsb.aeronaves'.
2025-07-05 17:00:29,870 - INFO - productor: Enviadas 100 aeronaves al topic 'adsb.aeronaves'.
2025-07-05 17:00:29,886 - INFO - productor: Enviadas 100 aeronaves al topic 'adsb.aeronaves'.
2025-07-05 17:00:29,905 - INFO - productor: Enviadas 100 aeronaves al topic 'adsb.aeronaves'.
2025-07-05 17:00:29,918 - INFO - productor: Enviadas 100 aeronaves al topic 'adsb.aeronaves'.
2025-07-05 17:00:29,938 - INFO - productor: Enviadas 100 aeronaves al topic 'adsb.aeronaves'.
2025-07-05 17:00:39,863 - INFO - productor: Enviadas 100 aeronaves al topic 'adsb.aeronaves'.
2025-07-05 17:00:39,877 - INFO - productor: Enviadas 100 aeronaves al topic 'adsb.aeronaves'.
2025-07-05 17:00:39,903 - INFO - productor: Enviadas 100 aeronaves al topic 'adsb.aeronaves'.
2025-07-05 17:00:39,931 - INFO - productor: Enviadas 100 aeronaves al topic 'adsb.aeronaves'.
2025-07-05 17:00:39,960 - INFO - productor: Enviadas 100 aeronaves al topic 'adsb.aeronaves'.
2025-07-05 17:00:49,864 - INFO - productor: Enviadas 100 aeronaves al topic 'adsb.aeronaves'.
2025-07-05 17:00:49,879 - INFO - productor: Enviadas 100 aeronaves al topic 'adsb.aeronaves'.
2025-07-05 17:00:49,905 - INFO - productor: Enviadas 100 aeronaves al topic 'adsb.aeronaves'.
2025-07-05 17:00:49,909 - INFO - productor: Enviadas 100 aeronaves al topic 'adsb.aeronaves'.
2025-07-05 17:00:49,924 - INFO - productor: Enviadas 100 aeronaves al topic 'adsb.aeronaves'.
2025-07-05 17:00:59,864 - INFO - productor: Enviadas 100 aeronaves al topic 'adsb.aeronaves'.
2025-07-05 17:00:59,889 - INFO - productor: Enviadas 100 aeronaves al topic 'adsb.aeronaves'.
2025-07-05 17:00:59,923 - INFO - productor: Enviadas 100 aeronaves al topic 'adsb.aeronaves'.
2025-07-05 17:00:59,964 - INFO - productor: Enviadas 100 aeronaves al topic 'adsb.aeronaves'.
2025-07-05 17:00:59,982 - INFO - productor: Enviadas 100 aeronaves al topic 'adsb.aeronaves'.
2025-07-05 17:01:09,859 - INFO - productor: Enviadas 100 aeronaves al topic 'adsb.aeronaves'.
2025-07-05 17:01:09,873 - INFO - productor: Enviadas 100 aeronaves al topic 'adsb.aeronaves'.
2025-07-05 17:01:09,902 - INFO - productor: Enviadas 100 aeronaves al topic 'adsb.aeronaves'.
2025-07-05 17:01:09,939 - INFO - productor: Enviadas 100 aeronaves al topic 'adsb.aeronaves'.
2025-07-05 17:01:09,948 - INFO - productor: Enviadas 100 aeronaves al topic 'adsb.aeronaves'.
2025-07-05 17:01:19,862 - INFO - productor: Enviadas 100 aeronaves al topic 'adsb.aeronaves'.
2025-07-05 17:01:19,882 - INFO - productor: Enviadas 100 aeronaves al topic 'adsb.aeronaves'.
2025-07-05 17:01:19,913 - INFO - productor: Enviadas 100 aeronaves al topic 'adsb.aeronaves'.
2025-07-05 17:01:19,926 - INFO - productor: Enviadas 100 aeronaves al topic 'adsb.aeronaves'.
2025-07-05 17:01:19,958 - INFO - productor: Enviadas 100 aeronaves al topic 'adsb.aeronaves'.
2025-07-05 17:01:29,865 - INFO - productor: Enviadas 100 aeronaves al topic 'adsb.aeronaves'.
2025-07-05 17:01:29,894 - INFO - productor: Enviadas 100 aeronaves al topic 'adsb.aeronaves'.
2025-07-05 17:01:29,904 - INFO - productor: Enviadas 100 aeronaves al topic 'adsb.aeronaves'.
2025-07-05 17:01:29,957 - INFO - productor: Enviadas 100 aeronaves al topic 'adsb.aeronaves'.
2025-07-05 17:01:29,964 - INFO - productor: Enviadas 100 aeronaves al topic 'adsb.aeronaves'.
2025-07-05 17:01:39,867 - INFO - productor: Enviadas 100 aeronaves al topic 'adsb.aeronaves'.
2025-07-05 17:01:39,883 - INFO - productor: Enviadas 100 aeronaves al topic 'adsb.aeronaves'.
2025-07-05 17:01:39,893 - INFO - productor: Enviadas 100 aeronaves al topic 'adsb.aeronaves'.
2025-07-05 17:01:39,925 - INFO - productor: Enviadas 100 aeronaves al topic 'adsb.aeronaves'.
2025-07-05 17:01:39,933 - INFO - productor: Enviadas 100 aeronaves al topic 'adsb.aeronaves'.
2025-07-05 17:01:49,866 - INFO - productor: Enviadas 100 aeronaves al topic 'adsb.aeronaves'.
2025-07-05 17:01:49,893 - INFO - productor: Enviadas 100 aeronaves al topic 'adsb.aeronaves'.
2025-07-05 17:01:49,907 - INFO - productor: Enviadas 100 aeronaves al topic 'adsb.aeronaves'.
2025-07-05 17:01:49,944 - INFO - productor: Enviadas 100 aeronaves al topic 'adsb.aeronaves'.
2025-07-05 17:01:49,963 - INFO - productor: Enviadas 100 aeronaves al topic 'adsb.aeronaves'.
2025-07-05 17:01:59,872 - INFO - productor: Enviadas 100 aeronaves al topic 'adsb.aeronaves'.
2025-07-05 17:01:59,895 - INFO - productor: Enviadas 100 aeronaves al topic 'adsb.aeronaves'.
2025-07-05 17:01:59,925 - INFO - productor: Enviadas 100 aeronaves al topic 'adsb.aeronaves'.
2025-07-05 17:01:59,941 - INFO - productor: Enviadas 100 aeronaves al topic 'adsb.aeronaves'.
2025-07-05 17:01:59,974 - INFO - productor: Enviadas 100 aeronaves al topic 'adsb.aeronaves'.
2025-07-05 17:02:09,856 - INFO - productor: Enviadas 100 aeronaves al topic 'adsb.aeronaves'.
2025-07-05 17:02:09,878 - INFO - productor: Enviadas 100 aeronaves al topic 'adsb.aeronaves'.
2025-07-05 17:02:09,890 - INFO - productor: Enviadas 100 aeronaves al topic 'adsb.aeronaves'.
2025-07-05 17:02:09,913 - INFO - productor: Enviadas 100 aeronaves al topic 'adsb.aeronaves'.
2025-07-05 17:02:09,921 - INFO - productor: Enviadas 100 aeronaves al topic 'adsb.aeronaves'.
2025-07-05 17:02:19,867 - INFO - productor: Enviadas 100 aeronaves al topic 'adsb.aeronaves'.
2025-07-05 17:02:19,886 - INFO - productor: Enviadas 100 aeronaves al topic 'adsb.aeronaves'.
2025-07-05 17:02:19,912 - INFO - productor: Enviadas 100 aeronaves al topic 'adsb.aeronaves'.
2025-07-05 17:02:19,941 - INFO - productor: Enviadas 100 aeronaves al topic 'adsb.aeronaves'.
2025-07-05 17:02:19,952 - INFO - productor: Enviadas 100 aeronaves al topic 'adsb.aeronaves'.
2025-07-05 17:02:29,862 - INFO - productor: Enviadas 100 aeronaves al topic 'adsb.aeronaves'.
2025-07-05 17:02:29,871 - INFO - productor: Enviadas 100 aeronaves al topic 'adsb.aeronaves'.
2025-07-05 17:02:29,885 - INFO - productor: Enviadas 100 aeronaves al topic 'adsb.aeronaves'.
2025-07-05 17:02:29,920 - INFO - productor: Enviadas 100 aeronaves al topic 'adsb.aeronaves'.
2025-07-05 17:02:29,924 - INFO - productor: Enviadas 100 aeronaves al topic 'adsb.aeronaves'.
2025-07-05 17:02:39,871 - INFO - productor: Enviadas 100 aeronaves al topic 'adsb.aeronaves'.
2025-07-05 17:02:39,883 - INFO - productor: Enviadas 100 aeronaves al topic 'adsb.aeronaves'.
2025-07-05 17:02:39,903 - INFO - productor: Enviadas 100 aeronaves al topic 'adsb.aeronaves'.
2025-07-05 17:02:40,062 - INFO - productor: Enviadas 100 aeronaves al topic 'adsb.aeronaves'.
2025-07-05 17:02:40,073 - INFO - productor: Enviadas 100 aeronaves al topic 'adsb.aeronaves'.
2025-07-05 17:02:49,867 - INFO - productor: Enviadas 100 aeronaves al topic 'adsb.aeronaves'.
2025-07-05 17:02:49,883 - INFO - productor: Enviadas 100 aeronaves al topic 'adsb.aeronaves'.
2025-07-05 17:02:49,897 - INFO - productor: Enviadas 100 aeronaves al topic 'adsb.aeronaves'.
2025-07-05 17:02:49,908 - INFO - productor: Enviadas 100 aeronaves al topic 'adsb.aeronaves'.
2025-07-05 17:02:49,917 - INFO - productor: Enviadas 100 aeronaves al topic 'adsb.aeronaves'.
2025-07-05 17:02:59,867 - INFO - productor: Enviadas 100 aeronaves al topic 'adsb.aeronaves'.
2025-07-05 17:02:59,882 - INFO - productor: Enviadas 100 aeronaves al topic 'adsb.aeronaves'.
2025-07-05 17:02:59,916 - INFO - productor: Enviadas 100 aeronaves al topic 'adsb.aeronaves'.
2025-07-05 17:02:59,938 - INFO - productor: Enviadas 100 aeronaves al topic 'adsb.aeronaves'.
2025-07-05 17:02:59,995 - INFO - productor: Enviadas 100 aeronaves al topic 'adsb.aeronaves'.
2025-07-05 17:03:09,920 - INFO - productor: Enviadas 100 aeronaves al topic 'adsb.aeronaves'.
2025-07-05 17:03:09,963 - INFO - productor: Enviadas 100 aeronaves al topic 'adsb.aeronaves'.
2025-07-05 17:03:10,006 - INFO - productor: Enviadas 100 aeronaves al topic 'adsb.aeronaves'.
2025-07-05 17:03:10,011 - INFO - productor: Enviadas 100 aeronaves al topic 'adsb.aeronaves'.
2025-07-05 17:03:10,195 - INFO - productor: Enviadas 100 aeronaves al topic 'adsb.aeronaves'.
2025-07-05 17:03:19,867 - INFO - productor: Enviadas 100 aeronaves al topic 'adsb.aeronaves'.
2025-07-05 17:03:19,893 - INFO - productor: Enviadas 100 aeronaves al topic 'adsb.aeronaves'.
2025-07-05 17:03:19,914 - INFO - productor: Enviadas 100 aeronaves al topic 'adsb.aeronaves'.
2025-07-05 17:03:19,951 - INFO - productor: Enviadas 100 aeronaves al topic 'adsb.aeronaves'.
2025-07-05 17:03:19,978 - INFO - productor: Enviadas 100 aeronaves al topic 'adsb.aeronaves'.
2025-07-05 17:03:29,864 - INFO - productor: Enviadas 100 aeronaves al topic 'adsb.aeronaves'.
2025-07-05 17:03:29,881 - INFO - productor: Enviadas 100 aeronaves al topic 'adsb.aeronaves'.
2025-07-05 17:03:29,940 - INFO - productor: Enviadas 100 aeronaves al topic 'adsb.aeronaves'.
2025-07-05 17:03:29,962 - INFO - productor: Enviadas 100 aeronaves al topic 'adsb.aeronaves'.
2025-07-05 17:03:29,968 - INFO - productor: Enviadas 100 aeronaves al topic 'adsb.aeronaves'.
2025-07-07 18:22:31,036 - INFO - <BrokerConnection node_id=bootstrap-0 host=kafka:9092 <connecting> [IPv4 ('172.18.0.3', 9092)]>: connecting to kafka:9092 [('172.18.0.3', 9092) IPv4]
2025-07-07 18:22:31,044 - INFO - Probing node bootstrap-0 broker version
2025-07-07 18:22:31,048 - INFO - <BrokerConnection node_id=bootstrap-0 host=kafka:9092 <connecting> [IPv4 ('172.18.0.3', 9092)]>: Connection complete.
2025-07-07 18:22:31,226 - INFO - Broker version identified as 2.5.0
2025-07-07 18:22:31,227 - INFO - Set configuration api_version=(2, 5, 0) to skip auto check_version requests on startup
2025-07-07 18:22:36,146 - INFO - productor: Datos cargados desde /app/data/aeronaves_completo.json.
2025-07-07 18:23:16,406 - INFO - <BrokerConnection node_id=1 host=kafka:9092 <connecting> [IPv4 ('172.18.0.3', 9092)]>: connecting to kafka:9092 [('172.18.0.3', 9092) IPv4]
2025-07-07 18:23:16,409 - INFO - <BrokerConnection node_id=1 host=kafka:9092 <connecting> [IPv4 ('172.18.0.3', 9092)]>: Connection complete.
2025-07-07 18:23:16,411 - INFO - <BrokerConnection node_id=bootstrap-0 host=kafka:9092 <connected> [IPv4 ('172.18.0.3', 9092)]>: Closing connection. 
2025-07-07 18:23:16,421 - INFO - productor: Enviadas 19 aeronaves al topic 'adsb.aeronaves'.
2025-07-07 18:23:26,155 - INFO - productor: Enviadas 100 aeronaves al topic 'adsb.aeronaves'.
2025-07-07 18:23:26,171 - INFO - productor: Enviadas 100 aeronaves al topic 'adsb.aeronaves'.
2025-07-07 18:23:26,204 - INFO - productor: Enviadas 100 aeronaves al topic 'adsb.aeronaves'.
2025-07-07 18:23:26,207 - INFO - productor: Enviadas 100 aeronaves al topic 'adsb.aeronaves'.
2025-07-07 18:23:26,211 - INFO - productor: Enviadas 100 aeronaves al topic 'adsb.aeronaves'.
2025-07-07 18:23:36,159 - INFO - productor: Enviadas 100 aeronaves al topic 'adsb.aeronaves'.
2025-07-07 18:23:36,193 - INFO - productor: Enviadas 100 aeronaves al topic 'adsb.aeronaves'.
2025-07-07 18:23:36,219 - INFO - productor: Enviadas 100 aeronaves al topic 'adsb.aeronaves'.
2025-07-07 18:23:36,225 - INFO - productor: Enviadas 100 aeronaves al topic 'adsb.aeronaves'.
2025-07-07 18:23:36,260 - INFO - productor: Enviadas 100 aeronaves al topic 'adsb.aeronaves'.
2025-07-07 18:23:46,151 - INFO - productor: Enviadas 100 aeronaves al topic 'adsb.aeronaves'.
2025-07-07 18:23:46,165 - INFO - productor: Enviadas 100 aeronaves al topic 'adsb.aeronaves'.
2025-07-07 18:23:46,176 - INFO - productor: Enviadas 100 aeronaves al topic 'adsb.aeronaves'.
2025-07-07 18:23:46,204 - INFO - productor: Enviadas 100 aeronaves al topic 'adsb.aeronaves'.
2025-07-07 18:23:46,234 - INFO - productor: Enviadas 100 aeronaves al topic 'adsb.aeronaves'.
2025-07-07 18:23:56,151 - INFO - productor: Enviadas 100 aeronaves al topic 'adsb.aeronaves'.
2025-07-07 18:23:56,165 - INFO - productor: Enviadas 100 aeronaves al topic 'adsb.aeronaves'.
2025-07-07 18:23:56,176 - INFO - productor: Enviadas 100 aeronaves al topic 'adsb.aeronaves'.
2025-07-07 18:23:56,186 - INFO - productor: Enviadas 100 aeronaves al topic 'adsb.aeronaves'.
2025-07-07 18:23:56,224 - INFO - productor: Enviadas 100 aeronaves al topic 'adsb.aeronaves'.
2025-07-07 18:24:06,159 - INFO - productor: Enviadas 100 aeronaves al topic 'adsb.aeronaves'.
2025-07-07 18:24:06,168 - INFO - productor: Enviadas 100 aeronaves al topic 'adsb.aeronaves'.
2025-07-07 18:24:06,217 - INFO - productor: Enviadas 100 aeronaves al topic 'adsb.aeronaves'.
2025-07-07 18:24:06,229 - INFO - productor: Enviadas 100 aeronaves al topic 'adsb.aeronaves'.
2025-07-07 18:24:06,244 - INFO - productor: Enviadas 100 aeronaves al topic 'adsb.aeronaves'.
2025-07-07 18:24:16,153 - INFO - productor: Enviadas 100 aeronaves al topic 'adsb.aeronaves'.
2025-07-07 18:24:16,174 - INFO - productor: Enviadas 100 aeronaves al topic 'adsb.aeronaves'.
2025-07-07 18:24:16,183 - INFO - productor: Enviadas 100 aeronaves al topic 'adsb.aeronaves'.
2025-07-07 18:24:16,210 - INFO - productor: Enviadas 100 aeronaves al topic 'adsb.aeronaves'.
2025-07-07 18:24:16,220 - INFO - productor: Enviadas 100 aeronaves al topic 'adsb.aeronaves'.
2025-07-07 18:24:26,160 - INFO - productor: Enviadas 100 aeronaves al topic 'adsb.aeronaves'.
2025-07-07 18:24:26,176 - INFO - productor: Enviadas 100 aeronaves al topic 'adsb.aeronaves'.
2025-07-07 18:24:26,310 - INFO - productor: Enviadas 100 aeronaves al topic 'adsb.aeronaves'.
2025-07-07 18:24:26,323 - INFO - productor: Enviadas 100 aeronaves al topic 'adsb.aeronaves'.
2025-07-07 18:24:26,329 - INFO - productor: Enviadas 100 aeronaves al topic 'adsb.aeronaves'.
2025-07-07 18:24:36,156 - INFO - productor: Enviadas 100 aeronaves al topic 'adsb.aeronaves'.
2025-07-07 18:24:36,178 - INFO - productor: Enviadas 100 aeronaves al topic 'adsb.aeronaves'.
2025-07-07 18:24:36,208 - INFO - productor: Enviadas 100 aeronaves al topic 'adsb.aeronaves'.
2025-07-07 18:24:36,226 - INFO - productor: Enviadas 100 aeronaves al topic 'adsb.aeronaves'.
2025-07-07 18:24:36,268 - INFO - productor: Enviadas 100 aeronaves al topic 'adsb.aeronaves'.
2025-07-07 18:24:46,165 - INFO - productor: Enviadas 100 aeronaves al topic 'adsb.aeronaves'.
2025-07-07 18:24:46,242 - INFO - productor: Enviadas 100 aeronaves al topic 'adsb.aeronaves'.
2025-07-07 18:24:46,263 - INFO - productor: Enviadas 100 aeronaves al topic 'adsb.aeronaves'.
2025-07-07 18:24:46,298 - INFO - productor: Enviadas 100 aeronaves al topic 'adsb.aeronaves'.
2025-07-07 18:24:46,337 - INFO - productor: Enviadas 100 aeronaves al topic 'adsb.aeronaves'.
2025-07-07 18:24:56,149 - INFO - productor: Enviadas 100 aeronaves al topic 'adsb.aeronaves'.
2025-07-07 18:24:56,165 - INFO - productor: Enviadas 100 aeronaves al topic 'adsb.aeronaves'.
2025-07-07 18:24:56,186 - INFO - productor: Enviadas 100 aeronaves al topic 'adsb.aeronaves'.
2025-07-07 18:24:56,225 - INFO - productor: Enviadas 100 aeronaves al topic 'adsb.aeronaves'.
2025-07-07 18:24:56,235 - INFO - productor: Enviadas 100 aeronaves al topic 'adsb.aeronaves'.
2025-07-07 18:25:06,159 - INFO - productor: Enviadas 100 aeronaves al topic 'adsb.aeronaves'.
2025-07-07 18:25:06,180 - INFO - productor: Enviadas 100 aeronaves al topic 'adsb.aeronaves'.
2025-07-07 18:25:06,224 - INFO - productor: Enviadas 100 aeronaves al topic 'adsb.aeronaves'.
2025-07-07 18:25:06,273 - INFO - productor: Enviadas 100 aeronaves al topic 'adsb.aeronaves'.
2025-07-07 18:25:06,328 - INFO - productor: Enviadas 100 aeronaves al topic 'adsb.aeronaves'.
2025-07-07 18:25:16,157 - INFO - productor: Enviadas 100 aeronaves al topic 'adsb.aeronaves'.
2025-07-07 18:25:16,184 - INFO - productor: Enviadas 100 aeronaves al topic 'adsb.aeronaves'.
2025-07-07 18:25:16,244 - INFO - productor: Enviadas 100 aeronaves al topic 'adsb.aeronaves'.
2025-07-07 18:25:16,275 - INFO - productor: Enviadas 100 aeronaves al topic 'adsb.aeronaves'.
2025-07-07 18:25:16,303 - INFO - productor: Enviadas 100 aeronaves al topic 'adsb.aeronaves'.
2025-07-07 18:25:26,189 - INFO - productor: Enviadas 100 aeronaves al topic 'adsb.aeronaves'.
2025-07-07 18:25:26,248 - INFO - productor: Enviadas 100 aeronaves al topic 'adsb.aeronaves'.
2025-07-07 18:25:26,307 - INFO - productor: Enviadas 100 aeronaves al topic 'adsb.aeronaves'.
2025-07-07 18:25:26,328 - INFO - productor: Enviadas 100 aeronaves al topic 'adsb.aeronaves'.
2025-07-07 18:25:26,332 - INFO - productor: Enviadas 100 aeronaves al topic 'adsb.aeronaves'.
2025-07-07 18:25:36,160 - INFO - productor: Enviadas 100 aeronaves al topic 'adsb.aeronaves'.
2025-07-07 18:25:36,293 - INFO - productor: Enviadas 100 aeronaves al topic 'adsb.aeronaves'.
2025-07-07 18:25:36,363 - INFO - productor: Enviadas 100 aeronaves al topic 'adsb.aeronaves'.
2025-07-07 18:25:36,377 - INFO - productor: Enviadas 100 aeronaves al topic 'adsb.aeronaves'.
2025-07-07 18:25:36,392 - INFO - productor: Enviadas 100 aeronaves al topic 'adsb.aeronaves'.
2025-07-07 18:25:46,160 - INFO - productor: Enviadas 100 aeronaves al topic 'adsb.aeronaves'.
2025-07-07 18:25:46,243 - INFO - productor: Enviadas 100 aeronaves al topic 'adsb.aeronaves'.
2025-07-07 18:25:46,248 - INFO - productor: Enviadas 100 aeronaves al topic 'adsb.aeronaves'.
2025-07-07 18:25:46,253 - INFO - productor: Enviadas 100 aeronaves al topic 'adsb.aeronaves'.
2025-07-07 18:25:46,257 - INFO - productor: Enviadas 100 aeronaves al topic 'adsb.aeronaves'.
2025-07-07 18:25:56,165 - INFO - productor: Enviadas 100 aeronaves al topic 'adsb.aeronaves'.
2025-07-07 18:25:56,251 - INFO - productor: Enviadas 100 aeronaves al topic 'adsb.aeronaves'.
2025-07-07 18:25:56,267 - INFO - productor: Enviadas 100 aeronaves al topic 'adsb.aeronaves'.
2025-07-07 18:25:56,309 - INFO - productor: Enviadas 100 aeronaves al topic 'adsb.aeronaves'.
2025-07-07 18:25:56,349 - INFO - productor: Enviadas 100 aeronaves al topic 'adsb.aeronaves'.
2025-07-07 18:26:06,153 - INFO - productor: Enviadas 100 aeronaves al topic 'adsb.aeronaves'.
2025-07-07 18:26:06,178 - INFO - productor: Enviadas 100 aeronaves al topic 'adsb.aeronaves'.
2025-07-07 18:26:06,198 - INFO - productor: Enviadas 100 aeronaves al topic 'adsb.aeronaves'.
2025-07-07 18:26:06,202 - INFO - productor: Enviadas 100 aeronaves al topic 'adsb.aeronaves'.
2025-07-07 18:26:06,213 - INFO - productor: Enviadas 100 aeronaves al topic 'adsb.aeronaves'.
2025-07-07 18:26:16,166 - INFO - productor: Enviadas 100 aeronaves al topic 'adsb.aeronaves'.
2025-07-07 18:26:16,236 - INFO - productor: Enviadas 100 aeronaves al topic 'adsb.aeronaves'.
2025-07-07 18:26:16,257 - INFO - productor: Enviadas 100 aeronaves al topic 'adsb.aeronaves'.
2025-07-07 18:26:16,271 - INFO - productor: Enviadas 100 aeronaves al topic 'adsb.aeronaves'.
2025-07-07 18:26:16,316 - INFO - productor: Enviadas 100 aeronaves al topic 'adsb.aeronaves'.
2025-07-07 18:26:26,151 - INFO - productor: Enviadas 100 aeronaves al topic 'adsb.aeronaves'.
2025-07-07 18:26:26,164 - INFO - productor: Enviadas 100 aeronaves al topic 'adsb.aeronaves'.
2025-07-07 18:26:26,180 - INFO - productor: Enviadas 100 aeronaves al topic 'adsb.aeronaves'.
2025-07-07 18:26:26,232 - INFO - productor: Enviadas 100 aeronaves al topic 'adsb.aeronaves'.
2025-07-07 18:26:26,270 - INFO - productor: Enviadas 100 aeronaves al topic 'adsb.aeronaves'.
2025-07-07 18:26:36,159 - INFO - productor: Enviadas 100 aeronaves al topic 'adsb.aeronaves'.
2025-07-07 18:26:36,195 - INFO - productor: Enviadas 100 aeronaves al topic 'adsb.aeronaves'.
2025-07-07 18:26:36,207 - INFO - productor: Enviadas 100 aeronaves al topic 'adsb.aeronaves'.
2025-07-07 18:26:36,230 - INFO - productor: Enviadas 100 aeronaves al topic 'adsb.aeronaves'.
2025-07-07 18:26:36,299 - INFO - productor: Enviadas 100 aeronaves al topic 'adsb.aeronaves'.
2025-07-07 18:26:46,154 - INFO - productor: Enviadas 100 aeronaves al topic 'adsb.aeronaves'.
2025-07-07 18:26:46,321 - INFO - productor: Enviadas 100 aeronaves al topic 'adsb.aeronaves'.
2025-07-07 18:26:46,384 - INFO - productor: Enviadas 100 aeronaves al topic 'adsb.aeronaves'.
2025-07-07 18:26:46,466 - INFO - productor: Enviadas 100 aeronaves al topic 'adsb.aeronaves'.
2025-07-07 18:26:46,526 - INFO - productor: Enviadas 100 aeronaves al topic 'adsb.aeronaves'.
2025-07-07 18:26:56,153 - INFO - productor: Enviadas 100 aeronaves al topic 'adsb.aeronaves'.
2025-07-07 18:26:56,204 - INFO - productor: Enviadas 100 aeronaves al topic 'adsb.aeronaves'.
2025-07-07 18:26:56,233 - INFO - productor: Enviadas 100 aeronaves al topic 'adsb.aeronaves'.
2025-07-07 18:26:56,249 - INFO - productor: Enviadas 100 aeronaves al topic 'adsb.aeronaves'.
2025-07-07 18:26:56,258 - INFO - productor: Enviadas 100 aeronaves al topic 'adsb.aeronaves'.
2025-07-07 18:27:06,161 - INFO - productor: Enviadas 100 aeronaves al topic 'adsb.aeronaves'.
2025-07-07 18:27:06,181 - INFO - productor: Enviadas 100 aeronaves al topic 'adsb.aeronaves'.
2025-07-07 18:27:06,212 - INFO - productor: Enviadas 100 aeronaves al topic 'adsb.aeronaves'.
2025-07-07 18:27:06,285 - INFO - productor: Enviadas 100 aeronaves al topic 'adsb.aeronaves'.
2025-07-07 18:27:06,297 - INFO - productor: Enviadas 100 aeronaves al topic 'adsb.aeronaves'.
2025-07-07 18:27:16,164 - INFO - productor: Enviadas 100 aeronaves al topic 'adsb.aeronaves'.
2025-07-07 18:27:16,204 - INFO - productor: Enviadas 100 aeronaves al topic 'adsb.aeronaves'.
2025-07-07 18:27:16,232 - INFO - productor: Enviadas 100 aeronaves al topic 'adsb.aeronaves'.
2025-07-07 18:27:16,261 - INFO - productor: Enviadas 100 aeronaves al topic 'adsb.aeronaves'.
2025-07-07 18:27:16,270 - INFO - productor: Enviadas 100 aeronaves al topic 'adsb.aeronaves'.
2025-07-07 18:27:26,158 - INFO - productor: Enviadas 100 aeronaves al topic 'adsb.aeronaves'.
2025-07-07 18:27:26,209 - INFO - productor: Enviadas 100 aeronaves al topic 'adsb.aeronaves'.
2025-07-07 18:27:26,233 - INFO - productor: Enviadas 100 aeronaves al topic 'adsb.aeronaves'.
2025-07-07 18:27:26,262 - INFO - productor: Enviadas 100 aeronaves al topic 'adsb.aeronaves'.
2025-07-07 18:27:26,271 - INFO - productor: Enviadas 100 aeronaves al topic 'adsb.aeronaves'.
2025-07-07 18:27:36,163 - INFO - productor: Enviadas 100 aeronaves al topic 'adsb.aeronaves'.
2025-07-07 18:27:36,177 - INFO - productor: Enviadas 100 aeronaves al topic 'adsb.aeronaves'.
2025-07-07 18:27:36,208 - INFO - productor: Enviadas 100 aeronaves al topic 'adsb.aeronaves'.
2025-07-07 18:27:36,293 - INFO - productor: Enviadas 100 aeronaves al topic 'adsb.aeronaves'.
2025-07-07 18:27:36,354 - INFO - productor: Enviadas 100 aeronaves al topic 'adsb.aeronaves'.
2025-07-07 18:27:46,158 - INFO - productor: Enviadas 100 aeronaves al topic 'adsb.aeronaves'.
2025-07-07 18:27:46,173 - INFO - productor: Enviadas 100 aeronaves al topic 'adsb.aeronaves'.
2025-07-07 18:27:46,181 - INFO - productor: Enviadas 100 aeronaves al topic 'adsb.aeronaves'.
2025-07-07 18:27:46,219 - INFO - productor: Enviadas 100 aeronaves al topic 'adsb.aeronaves'.
2025-07-07 18:27:46,234 - INFO - productor: Enviadas 100 aeronaves al topic 'adsb.aeronaves'.
2025-07-07 18:27:56,149 - INFO - productor: Enviadas 100 aeronaves al topic 'adsb.aeronaves'.
2025-07-07 18:27:56,165 - INFO - productor: Enviadas 100 aeronaves al topic 'adsb.aeronaves'.
2025-07-07 18:27:56,174 - INFO - productor: Enviadas 100 aeronaves al topic 'adsb.aeronaves'.
2025-07-07 18:27:56,216 - INFO - productor: Enviadas 100 aeronaves al topic 'adsb.aeronaves'.
2025-07-07 18:27:56,226 - INFO - productor: Enviadas 100 aeronaves al topic 'adsb.aeronaves'.
2025-07-07 18:28:06,166 - INFO - productor: Enviadas 100 aeronaves al topic 'adsb.aeronaves'.
2025-07-07 18:28:06,265 - INFO - productor: Enviadas 100 aeronaves al topic 'adsb.aeronaves'.
2025-07-07 18:28:06,280 - INFO - productor: Enviadas 100 aeronaves al topic 'adsb.aeronaves'.
2025-07-07 18:28:06,297 - INFO - productor: Enviadas 100 aeronaves al topic 'adsb.aeronaves'.
2025-07-07 18:28:06,308 - INFO - productor: Enviadas 100 aeronaves al topic 'adsb.aeronaves'.
2025-07-07 18:28:16,154 - INFO - productor: Enviadas 100 aeronaves al topic 'adsb.aeronaves'.
2025-07-07 18:28:16,196 - INFO - productor: Enviadas 100 aeronaves al topic 'adsb.aeronaves'.
2025-07-07 18:28:16,218 - INFO - productor: Enviadas 100 aeronaves al topic 'adsb.aeronaves'.
2025-07-07 18:28:16,231 - INFO - productor: Enviadas 100 aeronaves al topic 'adsb.aeronaves'.
2025-07-07 18:28:16,435 - INFO - productor: Enviadas 100 aeronaves al topic 'adsb.aeronaves'.
2025-07-07 18:28:26,150 - INFO - productor: Enviadas 100 aeronaves al topic 'adsb.aeronaves'.
2025-07-07 18:28:26,160 - INFO - productor: Enviadas 100 aeronaves al topic 'adsb.aeronaves'.
2025-07-07 18:28:26,171 - INFO - productor: Enviadas 100 aeronaves al topic 'adsb.aeronaves'.
2025-07-07 18:28:26,217 - INFO - productor: Enviadas 100 aeronaves al topic 'adsb.aeronaves'.
2025-07-07 18:28:26,286 - INFO - productor: Enviadas 100 aeronaves al topic 'adsb.aeronaves'.
2025-07-07 18:28:36,158 - INFO - productor: Enviadas 100 aeronaves al topic 'adsb.aeronaves'.
2025-07-07 18:28:36,181 - INFO - productor: Enviadas 100 aeronaves al topic 'adsb.aeronaves'.
2025-07-07 18:28:36,208 - INFO - productor: Enviadas 100 aeronaves al topic 'adsb.aeronaves'.
2025-07-07 18:28:36,247 - INFO - productor: Enviadas 100 aeronaves al topic 'adsb.aeronaves'.
2025-07-07 18:28:36,262 - INFO - productor: Enviadas 100 aeronaves al topic 'adsb.aeronaves'.
2025-07-07 18:28:46,159 - INFO - productor: Enviadas 100 aeronaves al topic 'adsb.aeronaves'.
2025-07-07 18:28:46,175 - INFO - productor: Enviadas 100 aeronaves al topic 'adsb.aeronaves'.
2025-07-07 18:28:46,203 - INFO - productor: Enviadas 100 aeronaves al topic 'adsb.aeronaves'.
2025-07-07 18:28:46,224 - INFO - productor: Enviadas 100 aeronaves al topic 'adsb.aeronaves'.
2025-07-07 18:28:46,262 - INFO - productor: Enviadas 100 aeronaves al topic 'adsb.aeronaves'.
2025-07-07 18:28:56,293 - INFO - productor: Enviadas 100 aeronaves al topic 'adsb.aeronaves'.
2025-07-07 18:28:56,426 - INFO - productor: Enviadas 100 aeronaves al topic 'adsb.aeronaves'.
2025-07-07 18:28:56,510 - INFO - productor: Enviadas 100 aeronaves al topic 'adsb.aeronaves'.
2025-07-07 18:28:56,719 - INFO - productor: Enviadas 100 aeronaves al topic 'adsb.aeronaves'.
2025-07-07 18:28:56,738 - INFO - productor: Enviadas 100 aeronaves al topic 'adsb.aeronaves'.
2025-07-07 18:29:06,159 - INFO - productor: Enviadas 100 aeronaves al topic 'adsb.aeronaves'.
2025-07-07 18:29:06,178 - INFO - productor: Enviadas 100 aeronaves al topic 'adsb.aeronaves'.
2025-07-07 18:29:06,210 - INFO - productor: Enviadas 100 aeronaves al topic 'adsb.aeronaves'.
2025-07-07 18:29:06,242 - INFO - productor: Enviadas 100 aeronaves al topic 'adsb.aeronaves'.
2025-07-07 18:29:06,279 - INFO - productor: Enviadas 100 aeronaves al topic 'adsb.aeronaves'.
2025-07-07 18:29:16,154 - INFO - productor: Enviadas 100 aeronaves al topic 'adsb.aeronaves'.
2025-07-07 18:29:16,165 - INFO - productor: Enviadas 100 aeronaves al topic 'adsb.aeronaves'.
2025-07-07 18:29:16,181 - INFO - productor: Enviadas 100 aeronaves al topic 'adsb.aeronaves'.
2025-07-07 18:29:16,199 - INFO - productor: Enviadas 100 aeronaves al topic 'adsb.aeronaves'.
2025-07-07 18:29:16,218 - INFO - productor: Enviadas 100 aeronaves al topic 'adsb.aeronaves'.
2025-07-07 18:29:26,162 - INFO - productor: Enviadas 100 aeronaves al topic 'adsb.aeronaves'.
2025-07-07 18:29:26,293 - INFO - productor: Enviadas 100 aeronaves al topic 'adsb.aeronaves'.
2025-07-07 18:29:26,353 - INFO - productor: Enviadas 100 aeronaves al topic 'adsb.aeronaves'.
2025-07-07 18:29:26,380 - INFO - productor: Enviadas 100 aeronaves al topic 'adsb.aeronaves'.
2025-07-07 18:29:26,406 - INFO - productor: Enviadas 100 aeronaves al topic 'adsb.aeronaves'.
2025-07-07 18:29:36,154 - INFO - productor: Enviadas 100 aeronaves al topic 'adsb.aeronaves'.
2025-07-07 18:29:36,196 - INFO - productor: Enviadas 100 aeronaves al topic 'adsb.aeronaves'.
2025-07-07 18:29:36,206 - INFO - productor: Enviadas 100 aeronaves al topic 'adsb.aeronaves'.
2025-07-07 18:29:36,239 - INFO - productor: Enviadas 100 aeronaves al topic 'adsb.aeronaves'.
2025-07-07 18:29:36,253 - INFO - productor: Enviadas 100 aeronaves al topic 'adsb.aeronaves'.
2025-07-07 18:29:46,148 - INFO - productor: Enviadas 100 aeronaves al topic 'adsb.aeronaves'.
2025-07-07 18:29:46,157 - INFO - productor: Enviadas 100 aeronaves al topic 'adsb.aeronaves'.
2025-07-07 18:29:46,197 - INFO - productor: Enviadas 100 aeronaves al topic 'adsb.aeronaves'.
2025-07-07 18:29:46,212 - INFO - productor: Enviadas 100 aeronaves al topic 'adsb.aeronaves'.
2025-07-07 18:29:46,228 - INFO - productor: Enviadas 100 aeronaves al topic 'adsb.aeronaves'.
2025-07-07 18:29:56,160 - INFO - productor: Enviadas 100 aeronaves al topic 'adsb.aeronaves'.
2025-07-07 18:29:56,191 - INFO - productor: Enviadas 100 aeronaves al topic 'adsb.aeronaves'.
2025-07-07 18:29:56,224 - INFO - productor: Enviadas 100 aeronaves al topic 'adsb.aeronaves'.
2025-07-07 18:29:56,254 - INFO - productor: Enviadas 100 aeronaves al topic 'adsb.aeronaves'.
2025-07-07 18:29:56,290 - INFO - productor: Enviadas 100 aeronaves al topic 'adsb.aeronaves'.
2025-07-07 18:30:06,159 - INFO - productor: Enviadas 100 aeronaves al topic 'adsb.aeronaves'.
2025-07-07 18:30:06,202 - INFO - productor: Enviadas 100 aeronaves al topic 'adsb.aeronaves'.
2025-07-07 18:30:06,243 - INFO - productor: Enviadas 100 aeronaves al topic 'adsb.aeronaves'.
2025-07-07 18:30:06,254 - INFO - productor: Enviadas 100 aeronaves al topic 'adsb.aeronaves'.
2025-07-07 18:30:06,355 - INFO - productor: Enviadas 100 aeronaves al topic 'adsb.aeronaves'.
2025-07-07 18:30:16,156 - INFO - productor: Enviadas 100 aeronaves al topic 'adsb.aeronaves'.
2025-07-07 18:30:16,167 - INFO - productor: Enviadas 100 aeronaves al topic 'adsb.aeronaves'.
2025-07-07 18:30:16,196 - INFO - productor: Enviadas 100 aeronaves al topic 'adsb.aeronaves'.
2025-07-07 18:30:16,218 - INFO - productor: Enviadas 100 aeronaves al topic 'adsb.aeronaves'.
2025-07-07 18:30:16,234 - INFO - productor: Enviadas 100 aeronaves al topic 'adsb.aeronaves'.
2025-07-07 18:30:26,171 - INFO - productor: Enviadas 100 aeronaves al topic 'adsb.aeronaves'.
2025-07-07 18:30:26,218 - INFO - productor: Enviadas 100 aeronaves al topic 'adsb.aeronaves'.
2025-07-07 18:30:26,253 - INFO - productor: Enviadas 100 aeronaves al topic 'adsb.aeronaves'.
2025-07-07 18:30:26,292 - INFO - productor: Enviadas 100 aeronaves al topic 'adsb.aeronaves'.
2025-07-07 18:30:26,319 - INFO - productor: Enviadas 100 aeronaves al topic 'adsb.aeronaves'.
2025-07-07 18:30:36,164 - INFO - productor: Enviadas 100 aeronaves al topic 'adsb.aeronaves'.
2025-07-07 18:30:36,244 - INFO - productor: Enviadas 100 aeronaves al topic 'adsb.aeronaves'.
2025-07-07 18:30:36,289 - INFO - productor: Enviadas 100 aeronaves al topic 'adsb.aeronaves'.
2025-07-07 18:30:36,324 - INFO - productor: Enviadas 100 aeronaves al topic 'adsb.aeronaves'.
2025-07-07 18:30:36,362 - INFO - productor: Enviadas 100 aeronaves al topic 'adsb.aeronaves'.
2025-07-07 18:30:46,181 - INFO - productor: Enviadas 100 aeronaves al topic 'adsb.aeronaves'.
2025-07-07 18:30:46,229 - INFO - productor: Enviadas 100 aeronaves al topic 'adsb.aeronaves'.
2025-07-07 18:30:46,272 - INFO - productor: Enviadas 100 aeronaves al topic 'adsb.aeronaves'.
2025-07-07 18:30:46,278 - INFO - productor: Enviadas 100 aeronaves al topic 'adsb.aeronaves'.
2025-07-07 18:30:46,285 - INFO - productor: Enviadas 100 aeronaves al topic 'adsb.aeronaves'.
2025-07-07 18:30:56,184 - INFO - productor: Enviadas 100 aeronaves al topic 'adsb.aeronaves'.
2025-07-07 18:30:56,347 - INFO - productor: Enviadas 100 aeronaves al topic 'adsb.aeronaves'.
2025-07-07 18:30:56,355 - INFO - productor: Enviadas 100 aeronaves al topic 'adsb.aeronaves'.
2025-07-07 18:30:56,376 - INFO - productor: Enviadas 100 aeronaves al topic 'adsb.aeronaves'.
2025-07-07 18:30:56,440 - INFO - productor: Enviadas 100 aeronaves al topic 'adsb.aeronaves'.
2025-07-07 18:31:06,265 - INFO - productor: Enviadas 100 aeronaves al topic 'adsb.aeronaves'.
2025-07-07 18:31:06,406 - INFO - productor: Enviadas 100 aeronaves al topic 'adsb.aeronaves'.
2025-07-07 18:31:06,421 - INFO - productor: Enviadas 100 aeronaves al topic 'adsb.aeronaves'.
2025-07-07 18:31:06,430 - INFO - productor: Enviadas 100 aeronaves al topic 'adsb.aeronaves'.
2025-07-07 18:31:06,433 - INFO - productor: Enviadas 100 aeronaves al topic 'adsb.aeronaves'.
2025-07-07 18:31:16,151 - INFO - productor: Enviadas 100 aeronaves al topic 'adsb.aeronaves'.
2025-07-07 18:31:16,215 - INFO - productor: Enviadas 100 aeronaves al topic 'adsb.aeronaves'.
2025-07-07 18:31:16,222 - INFO - productor: Enviadas 100 aeronaves al topic 'adsb.aeronaves'.
2025-07-07 18:31:16,271 - INFO - productor: Enviadas 100 aeronaves al topic 'adsb.aeronaves'.
2025-07-07 18:31:16,330 - INFO - productor: Enviadas 100 aeronaves al topic 'adsb.aeronaves'.
2025-07-07 18:31:26,161 - INFO - productor: Enviadas 100 aeronaves al topic 'adsb.aeronaves'.
2025-07-07 18:31:26,181 - INFO - productor: Enviadas 100 aeronaves al topic 'adsb.aeronaves'.
2025-07-07 18:31:26,201 - INFO - productor: Enviadas 100 aeronaves al topic 'adsb.aeronaves'.
2025-07-07 18:31:26,205 - INFO - productor: Enviadas 100 aeronaves al topic 'adsb.aeronaves'.
2025-07-07 18:31:26,216 - INFO - productor: Enviadas 100 aeronaves al topic 'adsb.aeronaves'.
2025-07-07 18:31:36,161 - INFO - productor: Enviadas 100 aeronaves al topic 'adsb.aeronaves'.
2025-07-07 18:31:36,200 - INFO - productor: Enviadas 100 aeronaves al topic 'adsb.aeronaves'.
2025-07-07 18:31:36,219 - INFO - productor: Enviadas 100 aeronaves al topic 'adsb.aeronaves'.
2025-07-07 18:31:36,281 - INFO - productor: Enviadas 100 aeronaves al topic 'adsb.aeronaves'.
2025-07-07 18:31:36,300 - INFO - productor: Enviadas 100 aeronaves al topic 'adsb.aeronaves'.
2025-07-07 18:31:46,297 - INFO - productor: Enviadas 100 aeronaves al topic 'adsb.aeronaves'.
2025-07-07 18:31:46,339 - INFO - productor: Enviadas 100 aeronaves al topic 'adsb.aeronaves'.
2025-07-07 18:31:46,373 - INFO - productor: Enviadas 100 aeronaves al topic 'adsb.aeronaves'.
2025-07-07 18:31:46,389 - INFO - productor: Enviadas 100 aeronaves al topic 'adsb.aeronaves'.
2025-07-07 18:31:46,420 - INFO - productor: Enviadas 100 aeronaves al topic 'adsb.aeronaves'.
2025-07-07 18:31:56,220 - INFO - productor: Enviadas 100 aeronaves al topic 'adsb.aeronaves'.
2025-07-07 18:31:56,267 - INFO - productor: Enviadas 100 aeronaves al topic 'adsb.aeronaves'.
2025-07-07 18:31:56,319 - INFO - productor: Enviadas 100 aeronaves al topic 'adsb.aeronaves'.
2025-07-07 18:31:56,363 - INFO - productor: Enviadas 100 aeronaves al topic 'adsb.aeronaves'.
2025-07-07 18:31:56,425 - INFO - productor: Enviadas 100 aeronaves al topic 'adsb.aeronaves'.
2025-07-07 18:32:06,165 - INFO - productor: Enviadas 100 aeronaves al topic 'adsb.aeronaves'.
2025-07-07 18:32:06,184 - INFO - productor: Enviadas 100 aeronaves al topic 'adsb.aeronaves'.
2025-07-07 18:32:06,216 - INFO - productor: Enviadas 100 aeronaves al topic 'adsb.aeronaves'.
2025-07-07 18:32:06,245 - INFO - productor: Enviadas 100 aeronaves al topic 'adsb.aeronaves'.
2025-07-07 18:32:06,273 - INFO - productor: Enviadas 100 aeronaves al topic 'adsb.aeronaves'.
2025-07-07 18:32:16,160 - INFO - productor: Enviadas 100 aeronaves al topic 'adsb.aeronaves'.
2025-07-07 18:32:16,196 - INFO - productor: Enviadas 100 aeronaves al topic 'adsb.aeronaves'.
2025-07-07 18:32:16,232 - INFO - productor: Enviadas 100 aeronaves al topic 'adsb.aeronaves'.
2025-07-07 18:32:16,242 - INFO - productor: Enviadas 100 aeronaves al topic 'adsb.aeronaves'.
2025-07-07 18:32:16,268 - INFO - productor: Enviadas 100 aeronaves al topic 'adsb.aeronaves'.
2025-07-07 18:32:26,160 - INFO - productor: Enviadas 100 aeronaves al topic 'adsb.aeronaves'.
2025-07-07 18:32:26,196 - INFO - productor: Enviadas 100 aeronaves al topic 'adsb.aeronaves'.
2025-07-07 18:32:26,343 - INFO - productor: Enviadas 100 aeronaves al topic 'adsb.aeronaves'.
2025-07-07 18:32:26,351 - INFO - productor: Enviadas 100 aeronaves al topic 'adsb.aeronaves'.
2025-07-07 18:32:26,354 - INFO - productor: Enviadas 100 aeronaves al topic 'adsb.aeronaves'.
2025-07-07 18:32:36,160 - INFO - productor: Enviadas 100 aeronaves al topic 'adsb.aeronaves'.
2025-07-07 18:32:36,231 - INFO - productor: Enviadas 100 aeronaves al topic 'adsb.aeronaves'.
2025-07-07 18:32:36,249 - INFO - productor: Enviadas 100 aeronaves al topic 'adsb.aeronaves'.
2025-07-07 18:32:36,276 - INFO - productor: Enviadas 100 aeronaves al topic 'adsb.aeronaves'.
2025-07-07 18:32:36,332 - INFO - productor: Enviadas 100 aeronaves al topic 'adsb.aeronaves'.
2025-07-07 18:32:46,153 - INFO - productor: Enviadas 100 aeronaves al topic 'adsb.aeronaves'.
2025-07-07 18:32:46,205 - INFO - productor: Enviadas 100 aeronaves al topic 'adsb.aeronaves'.
2025-07-07 18:32:46,217 - INFO - productor: Enviadas 100 aeronaves al topic 'adsb.aeronaves'.
2025-07-07 18:32:46,280 - INFO - productor: Enviadas 100 aeronaves al topic 'adsb.aeronaves'.
2025-07-07 18:32:46,293 - INFO - productor: Enviadas 100 aeronaves al topic 'adsb.aeronaves'.
2025-07-07 18:32:56,151 - INFO - productor: Enviadas 100 aeronaves al topic 'adsb.aeronaves'.
2025-07-07 18:32:56,162 - INFO - productor: Enviadas 100 aeronaves al topic 'adsb.aeronaves'.
2025-07-07 18:32:56,172 - INFO - productor: Enviadas 100 aeronaves al topic 'adsb.aeronaves'.
2025-07-07 18:32:56,198 - INFO - productor: Enviadas 100 aeronaves al topic 'adsb.aeronaves'.
2025-07-07 18:32:56,242 - INFO - productor: Enviadas 100 aeronaves al topic 'adsb.aeronaves'.
2025-07-07 18:33:06,160 - INFO - productor: Enviadas 100 aeronaves al topic 'adsb.aeronaves'.
2025-07-07 18:33:06,171 - INFO - productor: Enviadas 100 aeronaves al topic 'adsb.aeronaves'.
2025-07-07 18:33:06,183 - INFO - productor: Enviadas 100 aeronaves al topic 'adsb.aeronaves'.
2025-07-07 18:33:06,203 - INFO - productor: Enviadas 100 aeronaves al topic 'adsb.aeronaves'.
2025-07-07 18:33:06,214 - INFO - productor: Enviadas 100 aeronaves al topic 'adsb.aeronaves'.
2025-07-07 18:33:16,159 - INFO - productor: Enviadas 100 aeronaves al topic 'adsb.aeronaves'.
2025-07-07 18:33:16,186 - INFO - productor: Enviadas 100 aeronaves al topic 'adsb.aeronaves'.
2025-07-07 18:33:16,215 - INFO - productor: Enviadas 100 aeronaves al topic 'adsb.aeronaves'.
2025-07-07 18:33:16,240 - INFO - productor: Enviadas 100 aeronaves al topic 'adsb.aeronaves'.
2025-07-07 18:33:16,269 - INFO - productor: Enviadas 100 aeronaves al topic 'adsb.aeronaves'.
2025-07-07 18:33:26,155 - INFO - productor: Enviadas 100 aeronaves al topic 'adsb.aeronaves'.
2025-07-07 18:33:26,179 - INFO - productor: Enviadas 100 aeronaves al topic 'adsb.aeronaves'.
2025-07-07 18:33:26,195 - INFO - productor: Enviadas 100 aeronaves al topic 'adsb.aeronaves'.
2025-07-07 18:33:26,214 - INFO - productor: Enviadas 100 aeronaves al topic 'adsb.aeronaves'.
2025-07-07 18:33:26,228 - INFO - productor: Enviadas 100 aeronaves al topic 'adsb.aeronaves'.
2025-07-07 18:33:36,156 - INFO - productor: Enviadas 100 aeronaves al topic 'adsb.aeronaves'.
2025-07-07 18:33:36,169 - INFO - productor: Enviadas 100 aeronaves al topic 'adsb.aeronaves'.
2025-07-07 18:33:36,178 - INFO - productor: Enviadas 100 aeronaves al topic 'adsb.aeronaves'.
2025-07-07 18:33:36,193 - INFO - productor: Enviadas 100 aeronaves al topic 'adsb.aeronaves'.
2025-07-07 18:33:36,209 - INFO - productor: Enviadas 100 aeronaves al topic 'adsb.aeronaves'.
2025-07-07 18:33:46,160 - INFO - productor: Enviadas 100 aeronaves al topic 'adsb.aeronaves'.
2025-07-07 18:33:46,187 - INFO - productor: Enviadas 100 aeronaves al topic 'adsb.aeronaves'.
2025-07-07 18:33:46,201 - INFO - productor: Enviadas 100 aeronaves al topic 'adsb.aeronaves'.
2025-07-07 18:33:46,215 - INFO - productor: Enviadas 100 aeronaves al topic 'adsb.aeronaves'.
2025-07-07 18:33:46,224 - INFO - productor: Enviadas 100 aeronaves al topic 'adsb.aeronaves'.
2025-07-07 18:33:56,154 - INFO - productor: Enviadas 100 aeronaves al topic 'adsb.aeronaves'.
2025-07-07 18:33:56,380 - INFO - productor: Enviadas 100 aeronaves al topic 'adsb.aeronaves'.
2025-07-07 18:33:56,385 - INFO - productor: Enviadas 100 aeronaves al topic 'adsb.aeronaves'.
2025-07-07 18:33:56,388 - INFO - productor: Enviadas 100 aeronaves al topic 'adsb.aeronaves'.
2025-07-07 18:33:56,405 - INFO - productor: Enviadas 100 aeronaves al topic 'adsb.aeronaves'.
2025-07-07 18:34:06,159 - INFO - productor: Enviadas 100 aeronaves al topic 'adsb.aeronaves'.
2025-07-07 18:34:06,195 - INFO - productor: Enviadas 100 aeronaves al topic 'adsb.aeronaves'.
2025-07-07 18:34:06,203 - INFO - productor: Enviadas 100 aeronaves al topic 'adsb.aeronaves'.
2025-07-07 18:34:06,213 - INFO - productor: Enviadas 100 aeronaves al topic 'adsb.aeronaves'.
2025-07-07 18:34:06,225 - INFO - productor: Enviadas 100 aeronaves al topic 'adsb.aeronaves'.
2025-07-07 18:34:16,155 - INFO - productor: Enviadas 100 aeronaves al topic 'adsb.aeronaves'.
2025-07-07 18:34:16,178 - INFO - productor: Enviadas 100 aeronaves al topic 'adsb.aeronaves'.
2025-07-07 18:34:16,212 - INFO - productor: Enviadas 100 aeronaves al topic 'adsb.aeronaves'.
2025-07-07 18:34:16,227 - INFO - productor: Enviadas 100 aeronaves al topic 'adsb.aeronaves'.
2025-07-07 18:34:16,239 - INFO - productor: Enviadas 100 aeronaves al topic 'adsb.aeronaves'.
2025-07-07 18:34:26,156 - INFO - productor: Enviadas 100 aeronaves al topic 'adsb.aeronaves'.
2025-07-07 18:34:26,179 - INFO - productor: Enviadas 100 aeronaves al topic 'adsb.aeronaves'.
2025-07-07 18:34:26,197 - INFO - productor: Enviadas 100 aeronaves al topic 'adsb.aeronaves'.
2025-07-07 18:34:26,218 - INFO - productor: Enviadas 100 aeronaves al topic 'adsb.aeronaves'.
2025-07-07 18:34:26,226 - INFO - productor: Enviadas 100 aeronaves al topic 'adsb.aeronaves'.
2025-07-07 18:34:36,159 - INFO - productor: Enviadas 100 aeronaves al topic 'adsb.aeronaves'.
2025-07-07 18:34:36,182 - INFO - productor: Enviadas 100 aeronaves al topic 'adsb.aeronaves'.
2025-07-07 18:34:36,260 - INFO - productor: Enviadas 100 aeronaves al topic 'adsb.aeronaves'.
2025-07-07 18:34:36,341 - INFO - productor: Enviadas 100 aeronaves al topic 'adsb.aeronaves'.
2025-07-07 18:34:36,395 - INFO - productor: Enviadas 100 aeronaves al topic 'adsb.aeronaves'.
2025-07-07 18:34:46,152 - INFO - productor: Enviadas 100 aeronaves al topic 'adsb.aeronaves'.
2025-07-07 18:34:46,179 - INFO - productor: Enviadas 100 aeronaves al topic 'adsb.aeronaves'.
2025-07-07 18:34:46,201 - INFO - productor: Enviadas 100 aeronaves al topic 'adsb.aeronaves'.
2025-07-07 18:34:46,284 - INFO - productor: Enviadas 100 aeronaves al topic 'adsb.aeronaves'.
2025-07-07 18:34:46,300 - INFO - productor: Enviadas 100 aeronaves al topic 'adsb.aeronaves'.
2025-07-07 18:34:56,146 - INFO - productor: Enviadas 100 aeronaves al topic 'adsb.aeronaves'.
2025-07-07 18:34:56,162 - INFO - productor: Enviadas 100 aeronaves al topic 'adsb.aeronaves'.
2025-07-07 18:34:56,190 - INFO - productor: Enviadas 100 aeronaves al topic 'adsb.aeronaves'.
2025-07-07 18:34:56,265 - INFO - productor: Enviadas 100 aeronaves al topic 'adsb.aeronaves'.
2025-07-07 18:34:56,274 - INFO - productor: Enviadas 100 aeronaves al topic 'adsb.aeronaves'.
2025-07-07 18:35:06,178 - INFO - productor: Enviadas 100 aeronaves al topic 'adsb.aeronaves'.
2025-07-07 18:35:06,216 - INFO - productor: Enviadas 100 aeronaves al topic 'adsb.aeronaves'.
2025-07-07 18:35:06,251 - INFO - productor: Enviadas 100 aeronaves al topic 'adsb.aeronaves'.
2025-07-07 18:35:06,273 - INFO - productor: Enviadas 100 aeronaves al topic 'adsb.aeronaves'.
2025-07-07 18:35:06,282 - INFO - productor: Enviadas 100 aeronaves al topic 'adsb.aeronaves'.
