2025-07-13T18:58:21Z# Stats
total_connections_received:19
total_commands_processed:240
instantaneous_ops_per_sec:14
total_net_input_bytes:11186
total_net_output_bytes:1225
total_net_repl_input_bytes:0
total_net_repl_output_bytes:0
instantaneous_input_kbps:0.61
instantaneous_output_kbps:0.06
instantaneous_input_repl_kbps:0.00
instantaneous_output_repl_kbps:0.00
rejected_connections:0
sync_full:0
sync_partial_ok:0
sync_partial_err:0
expired_subkeys:0
expired_keys:0
expired_stale_perc:0.00
expired_time_cap_reached_count:0
expire_cycle_cpu_milliseconds:171
evicted_keys:0
evicted_clients:0
evicted_scripts:0
total_eviction_exceeded_time:0
current_eviction_exceeded_time:0
keyspace_hits:0
keyspace_misses:41
pubsub_channels:0
pubsub_patterns:0
pubsubshard_channels:0
latest_fork_usec:0
total_forks:0
migrate_cached_sockets:0
slave_expires_tracked_keys:0
active_defrag_hits:0
active_defrag_misses:0
active_defrag_key_hits:0
active_defrag_key_misses:0
total_active_defrag_time:0
current_active_defrag_time:0
tracking_total_keys:0
tracking_total_items:0
tracking_total_prefixes:0
unexpected_error_replies:0
total_error_replies:15
dump_payload_sanitizations:0
total_reads_processed:251
total_writes_processed:240
io_threaded_reads_processed:0
io_threaded_writes_processed:0
client_query_buffer_limit_disconnections:0
client_output_buffer_limit_disconnections:0
reply_buffer_shrinks:8
reply_buffer_expands:0
eventloop_cycles:1518
eventloop_duration_sum:10729673
eventloop_duration_cmd_sum:1431
instantaneous_eventloop_cycles_per_sec:19
instantaneous_eventloop_duration_usec:1578
acl_access_denied_auth:0
acl_access_denied_cmd:0
acl_access_denied_key:0
acl_access_denied_channel:0
2025-07-13T18:58:32Z# Stats
total_connections_received:21
total_commands_processed:277
instantaneous_ops_per_sec:5
total_net_input_bytes:12759
total_net_output_bytes:3117
total_net_repl_input_bytes:0
total_net_repl_output_bytes:0
instantaneous_input_kbps:0.25
instantaneous_output_kbps:0.03
instantaneous_input_repl_kbps:0.00
instantaneous_output_repl_kbps:0.00
rejected_connections:0
sync_full:0
sync_partial_ok:0
sync_partial_err:0
expired_subkeys:0
expired_keys:0
expired_stale_perc:0.00
expired_time_cap_reached_count:0
expire_cycle_cpu_milliseconds:172
evicted_keys:0
evicted_clients:0
evicted_scripts:0
total_eviction_exceeded_time:0
current_eviction_exceeded_time:0
keyspace_hits:0
keyspace_misses:65
pubsub_channels:0
pubsub_patterns:0
pubsubshard_channels:0
latest_fork_usec:0
total_forks:0
migrate_cached_sockets:0
slave_expires_tracked_keys:0
active_defrag_hits:0
active_defrag_misses:0
active_defrag_key_hits:0
active_defrag_key_misses:0
total_active_defrag_time:0
current_active_defrag_time:0
tracking_total_keys:0
tracking_total_items:0
tracking_total_prefixes:0
unexpected_error_replies:0
total_error_replies:16
dump_payload_sanitizations:0
total_reads_processed:290
total_writes_processed:277
io_threaded_reads_processed:0
io_threaded_writes_processed:0
client_query_buffer_limit_disconnections:0
client_output_buffer_limit_disconnections:0
reply_buffer_shrinks:8
reply_buffer_expands:0
eventloop_cycles:1639
eventloop_duration_sum:11464925
eventloop_duration_cmd_sum:1959
instantaneous_eventloop_cycles_per_sec:12
instantaneous_eventloop_duration_usec:11732
acl_access_denied_auth:0
acl_access_denied_cmd:0
acl_access_denied_key:0
acl_access_denied_channel:0
2025-07-13T18:58:46Z# Stats
total_connections_received:22
total_commands_processed:313
instantaneous_ops_per_sec:0
total_net_input_bytes:14318
total_net_output_bytes:5002
total_net_repl_input_bytes:0
total_net_repl_output_bytes:0
instantaneous_input_kbps:0.00
instantaneous_output_kbps:0.00
instantaneous_input_repl_kbps:0.00
instantaneous_output_repl_kbps:0.00
rejected_connections:0
sync_full:0
sync_partial_ok:0
sync_partial_err:0
expired_subkeys:0
expired_keys:0
expired_stale_perc:0.00
expired_time_cap_reached_count:0
expire_cycle_cpu_milliseconds:173
evicted_keys:0
evicted_clients:0
evicted_scripts:0
total_eviction_exceeded_time:0
current_eviction_exceeded_time:0
keyspace_hits:0
keyspace_misses:89
pubsub_channels:0
pubsub_patterns:0
pubsubshard_channels:0
latest_fork_usec:0
total_forks:0
migrate_cached_sockets:0
slave_expires_tracked_keys:0
active_defrag_hits:0
active_defrag_misses:0
active_defrag_key_hits:0
active_defrag_key_misses:0
total_active_defrag_time:0
current_active_defrag_time:0
tracking_total_keys:0
tracking_total_items:0
tracking_total_prefixes:0
unexpected_error_replies:0
total_error_replies:17
dump_payload_sanitizations:0
total_reads_processed:327
total_writes_processed:313
io_threaded_reads_processed:0
io_threaded_writes_processed:0
client_query_buffer_limit_disconnections:0
client_output_buffer_limit_disconnections:0
reply_buffer_shrinks:8
reply_buffer_expands:0
eventloop_cycles:1768
eventloop_duration_sum:12547157
eventloop_duration_cmd_sum:11343
instantaneous_eventloop_cycles_per_sec:7
instantaneous_eventloop_duration_usec:16524
acl_access_denied_auth:0
acl_access_denied_cmd:0
acl_access_denied_key:0
acl_access_denied_channel:0
2025-07-13T18:58:58Z# Stats
total_connections_received:24
total_commands_processed:350
instantaneous_ops_per_sec:0
total_net_input_bytes:15891
total_net_output_bytes:6894
total_net_repl_input_bytes:0
total_net_repl_output_bytes:0
instantaneous_input_kbps:0.00
instantaneous_output_kbps:0.00
instantaneous_input_repl_kbps:0.00
instantaneous_output_repl_kbps:0.00
rejected_connections:0
sync_full:0
sync_partial_ok:0
sync_partial_err:0
expired_subkeys:0
expired_keys:0
expired_stale_perc:0.00
expired_time_cap_reached_count:0
expire_cycle_cpu_milliseconds:173
evicted_keys:0
evicted_clients:0
evicted_scripts:0
total_eviction_exceeded_time:0
current_eviction_exceeded_time:0
keyspace_hits:0
keyspace_misses:113
pubsub_channels:0
pubsub_patterns:0
pubsubshard_channels:0
latest_fork_usec:0
total_forks:0
migrate_cached_sockets:0
slave_expires_tracked_keys:0
active_defrag_hits:0
active_defrag_misses:0
active_defrag_key_hits:0
active_defrag_key_misses:0
total_active_defrag_time:0
current_active_defrag_time:0
tracking_total_keys:0
tracking_total_items:0
tracking_total_prefixes:0
unexpected_error_replies:0
total_error_replies:18
dump_payload_sanitizations:0
total_reads_processed:366
total_writes_processed:350
io_threaded_reads_processed:0
io_threaded_writes_processed:0
client_query_buffer_limit_disconnections:0
client_output_buffer_limit_disconnections:0
reply_buffer_shrinks:8
reply_buffer_expands:0
eventloop_cycles:1875
eventloop_duration_sum:13087050
eventloop_duration_cmd_sum:11662
instantaneous_eventloop_cycles_per_sec:6
instantaneous_eventloop_duration_usec:8197
acl_access_denied_auth:0
acl_access_denied_cmd:0
acl_access_denied_key:0
acl_access_denied_channel:0
2025-07-13T18:59:10Z# Stats
total_connections_received:26
total_commands_processed:398
instantaneous_ops_per_sec:5
total_net_input_bytes:17922
total_net_output_bytes:8831
total_net_repl_input_bytes:0
total_net_repl_output_bytes:0
instantaneous_input_kbps:0.21
instantaneous_output_kbps:0.02
instantaneous_input_repl_kbps:0.00
instantaneous_output_repl_kbps:0.00
rejected_connections:0
sync_full:0
sync_partial_ok:0
sync_partial_err:0
expired_subkeys:0
expired_keys:0
expired_stale_perc:0.00
expired_time_cap_reached_count:0
expire_cycle_cpu_milliseconds:173
evicted_keys:0
evicted_clients:0
evicted_scripts:0
total_eviction_exceeded_time:0
current_eviction_exceeded_time:0
keyspace_hits:0
keyspace_misses:148
pubsub_channels:0
pubsub_patterns:0
pubsubshard_channels:0
latest_fork_usec:0
total_forks:0
migrate_cached_sockets:0
slave_expires_tracked_keys:0
active_defrag_hits:0
active_defrag_misses:0
active_defrag_key_hits:0
active_defrag_key_misses:0
total_active_defrag_time:0
current_active_defrag_time:0
tracking_total_keys:0
tracking_total_items:0
tracking_total_prefixes:0
unexpected_error_replies:0
total_error_replies:19
dump_payload_sanitizations:0
total_reads_processed:416
total_writes_processed:398
io_threaded_reads_processed:0
io_threaded_writes_processed:0
client_query_buffer_limit_disconnections:0
client_output_buffer_limit_disconnections:0
reply_buffer_shrinks:8
reply_buffer_expands:0
eventloop_cycles:2026
eventloop_duration_sum:13417793
eventloop_duration_cmd_sum:12176
instantaneous_eventloop_cycles_per_sec:13
instantaneous_eventloop_duration_usec:4382
acl_access_denied_auth:0
acl_access_denied_cmd:0
acl_access_denied_key:0
acl_access_denied_channel:0
2025-07-13T18:59:21Z# Stats
total_connections_received:28
total_commands_processed:435
instantaneous_ops_per_sec:6
total_net_input_bytes:19495
total_net_output_bytes:10724
total_net_repl_input_bytes:0
total_net_repl_output_bytes:0
instantaneous_input_kbps:0.27
instantaneous_output_kbps:0.03
instantaneous_input_repl_kbps:0.00
instantaneous_output_repl_kbps:0.00
rejected_connections:0
sync_full:0
sync_partial_ok:0
sync_partial_err:0
expired_subkeys:0
expired_keys:0
expired_stale_perc:0.00
expired_time_cap_reached_count:0
expire_cycle_cpu_milliseconds:177
evicted_keys:0
evicted_clients:0
evicted_scripts:0
total_eviction_exceeded_time:0
current_eviction_exceeded_time:0
keyspace_hits:0
keyspace_misses:172
pubsub_channels:0
pubsub_patterns:0
pubsubshard_channels:0
latest_fork_usec:0
total_forks:0
migrate_cached_sockets:0
slave_expires_tracked_keys:0
active_defrag_hits:0
active_defrag_misses:0
active_defrag_key_hits:0
active_defrag_key_misses:0
total_active_defrag_time:0
current_active_defrag_time:0
tracking_total_keys:0
tracking_total_items:0
tracking_total_prefixes:0
unexpected_error_replies:0
total_error_replies:20
dump_payload_sanitizations:0
total_reads_processed:455
total_writes_processed:435
io_threaded_reads_processed:0
io_threaded_writes_processed:0
client_query_buffer_limit_disconnections:0
client_output_buffer_limit_disconnections:0
reply_buffer_shrinks:8
reply_buffer_expands:0
eventloop_cycles:2156
eventloop_duration_sum:13895130
eventloop_duration_cmd_sum:13091
instantaneous_eventloop_cycles_per_sec:15
instantaneous_eventloop_duration_usec:921
acl_access_denied_auth:0
acl_access_denied_cmd:0
acl_access_denied_key:0
acl_access_denied_channel:0
2025-07-13T18:59:32Z# Stats
total_connections_received:29
total_commands_processed:484
instantaneous_ops_per_sec:14
total_net_input_bytes:21672
total_net_output_bytes:12676
total_net_repl_input_bytes:0
total_net_repl_output_bytes:0
instantaneous_input_kbps:0.65
instantaneous_output_kbps:0.07
instantaneous_input_repl_kbps:0.00
instantaneous_output_repl_kbps:0.00
rejected_connections:0
sync_full:0
sync_partial_ok:0
sync_partial_err:0
expired_subkeys:0
expired_keys:0
expired_stale_perc:0.00
expired_time_cap_reached_count:0
expire_cycle_cpu_milliseconds:177
evicted_keys:0
evicted_clients:0
evicted_scripts:0
total_eviction_exceeded_time:0
current_eviction_exceeded_time:0
keyspace_hits:0
keyspace_misses:198
pubsub_channels:0
pubsub_patterns:0
pubsubshard_channels:0
latest_fork_usec:0
total_forks:0
migrate_cached_sockets:0
slave_expires_tracked_keys:0
active_defrag_hits:0
active_defrag_misses:0
active_defrag_key_hits:0
active_defrag_key_misses:0
total_active_defrag_time:0
current_active_defrag_time:0
tracking_total_keys:0
tracking_total_items:0
tracking_total_prefixes:0
unexpected_error_replies:0
total_error_replies:22
dump_payload_sanitizations:0
total_reads_processed:505
total_writes_processed:484
io_threaded_reads_processed:0
io_threaded_writes_processed:0
client_query_buffer_limit_disconnections:0
client_output_buffer_limit_disconnections:0
reply_buffer_shrinks:8
reply_buffer_expands:0
eventloop_cycles:2304
eventloop_duration_sum:14180516
eventloop_duration_cmd_sum:13316
instantaneous_eventloop_cycles_per_sec:22
instantaneous_eventloop_duration_usec:2287
acl_access_denied_auth:0
acl_access_denied_cmd:0
acl_access_denied_key:0
acl_access_denied_channel:0
2025-07-13T18:59:45Z# Stats
total_connections_received:31
total_commands_processed:521
instantaneous_ops_per_sec:5
total_net_input_bytes:23245
total_net_output_bytes:14571
total_net_repl_input_bytes:0
total_net_repl_output_bytes:0
instantaneous_input_kbps:0.23
instantaneous_output_kbps:0.02
instantaneous_input_repl_kbps:0.00
instantaneous_output_repl_kbps:0.00
rejected_connections:0
sync_full:0
sync_partial_ok:0
sync_partial_err:0
expired_subkeys:0
expired_keys:0
expired_stale_perc:0.00
expired_time_cap_reached_count:0
expire_cycle_cpu_milliseconds:177
evicted_keys:0
evicted_clients:0
evicted_scripts:0
total_eviction_exceeded_time:0
current_eviction_exceeded_time:0
keyspace_hits:0
keyspace_misses:222
pubsub_channels:0
pubsub_patterns:0
pubsubshard_channels:0
latest_fork_usec:0
total_forks:0
migrate_cached_sockets:0
slave_expires_tracked_keys:0
active_defrag_hits:0
active_defrag_misses:0
active_defrag_key_hits:0
active_defrag_key_misses:0
total_active_defrag_time:0
current_active_defrag_time:0
tracking_total_keys:0
tracking_total_items:0
tracking_total_prefixes:0
unexpected_error_replies:0
total_error_replies:23
dump_payload_sanitizations:0
total_reads_processed:544
total_writes_processed:521
io_threaded_reads_processed:0
io_threaded_writes_processed:0
client_query_buffer_limit_disconnections:0
client_output_buffer_limit_disconnections:0
reply_buffer_shrinks:8
reply_buffer_expands:0
eventloop_cycles:2436
eventloop_duration_sum:15305250
eventloop_duration_cmd_sum:13463
instantaneous_eventloop_cycles_per_sec:11
instantaneous_eventloop_duration_usec:14779
acl_access_denied_auth:0
acl_access_denied_cmd:0
acl_access_denied_key:0
acl_access_denied_channel:0
2025-07-13T18:59:58Z# Stats
total_connections_received:33
total_commands_processed:558
instantaneous_ops_per_sec:0
total_net_input_bytes:24818
total_net_output_bytes:16466
total_net_repl_input_bytes:0
total_net_repl_output_bytes:0
instantaneous_input_kbps:0.00
instantaneous_output_kbps:0.00
instantaneous_input_repl_kbps:0.00
instantaneous_output_repl_kbps:0.00
rejected_connections:0
sync_full:0
sync_partial_ok:0
sync_partial_err:0
expired_subkeys:0
expired_keys:0
expired_stale_perc:0.00
expired_time_cap_reached_count:0
expire_cycle_cpu_milliseconds:178
evicted_keys:0
evicted_clients:0
evicted_scripts:0
total_eviction_exceeded_time:0
current_eviction_exceeded_time:0
keyspace_hits:0
keyspace_misses:246
pubsub_channels:0
pubsub_patterns:0
pubsubshard_channels:0
latest_fork_usec:0
total_forks:0
migrate_cached_sockets:0
slave_expires_tracked_keys:0
active_defrag_hits:0
active_defrag_misses:0
active_defrag_key_hits:0
active_defrag_key_misses:0
total_active_defrag_time:0
current_active_defrag_time:0
tracking_total_keys:0
tracking_total_items:0
tracking_total_prefixes:0
unexpected_error_replies:0
total_error_replies:24
dump_payload_sanitizations:0
total_reads_processed:583
total_writes_processed:558
io_threaded_reads_processed:0
io_threaded_writes_processed:0
client_query_buffer_limit_disconnections:0
client_output_buffer_limit_disconnections:0
reply_buffer_shrinks:8
reply_buffer_expands:0
eventloop_cycles:2571
eventloop_duration_sum:15820916
eventloop_duration_cmd_sum:13628
instantaneous_eventloop_cycles_per_sec:5
instantaneous_eventloop_duration_usec:3836
acl_access_denied_auth:0
acl_access_denied_cmd:0
acl_access_denied_key:0
acl_access_denied_channel:0
2025-07-13T19:00:09Z# Stats
total_connections_received:35
total_commands_processed:595
instantaneous_ops_per_sec:0
total_net_input_bytes:26391
total_net_output_bytes:18359
total_net_repl_input_bytes:0
total_net_repl_output_bytes:0
instantaneous_input_kbps:0.00
instantaneous_output_kbps:0.00
instantaneous_input_repl_kbps:0.00
instantaneous_output_repl_kbps:0.00
rejected_connections:0
sync_full:0
sync_partial_ok:0
sync_partial_err:0
expired_subkeys:0
expired_keys:0
expired_stale_perc:0.00
expired_time_cap_reached_count:0
expire_cycle_cpu_milliseconds:178
evicted_keys:0
evicted_clients:0
evicted_scripts:0
total_eviction_exceeded_time:0
current_eviction_exceeded_time:0
keyspace_hits:0
keyspace_misses:270
pubsub_channels:0
pubsub_patterns:0
pubsubshard_channels:0
latest_fork_usec:0
total_forks:0
migrate_cached_sockets:0
slave_expires_tracked_keys:0
active_defrag_hits:0
active_defrag_misses:0
active_defrag_key_hits:0
active_defrag_key_misses:0
total_active_defrag_time:0
current_active_defrag_time:0
tracking_total_keys:0
tracking_total_items:0
tracking_total_prefixes:0
unexpected_error_replies:0
total_error_replies:25
dump_payload_sanitizations:0
total_reads_processed:622
total_writes_processed:595
io_threaded_reads_processed:0
io_threaded_writes_processed:0
client_query_buffer_limit_disconnections:0
client_output_buffer_limit_disconnections:0
reply_buffer_shrinks:8
reply_buffer_expands:0
eventloop_cycles:2703
eventloop_duration_sum:16162880
eventloop_duration_cmd_sum:13817
instantaneous_eventloop_cycles_per_sec:8
instantaneous_eventloop_duration_usec:2637
acl_access_denied_auth:0
acl_access_denied_cmd:0
acl_access_denied_key:0
acl_access_denied_channel:0
2025-07-13T19:00:20Z# Stats
total_connections_received:37
total_commands_processed:632
instantaneous_ops_per_sec:0
total_net_input_bytes:27964
total_net_output_bytes:20252
total_net_repl_input_bytes:0
total_net_repl_output_bytes:0
instantaneous_input_kbps:0.01
instantaneous_output_kbps:0.00
instantaneous_input_repl_kbps:0.00
instantaneous_output_repl_kbps:0.00
rejected_connections:0
sync_full:0
sync_partial_ok:0
sync_partial_err:0
expired_subkeys:0
expired_keys:0
expired_stale_perc:0.00
expired_time_cap_reached_count:0
expire_cycle_cpu_milliseconds:178
evicted_keys:0
evicted_clients:0
evicted_scripts:0
total_eviction_exceeded_time:0
current_eviction_exceeded_time:0
keyspace_hits:0
keyspace_misses:294
pubsub_channels:0
pubsub_patterns:0
pubsubshard_channels:0
latest_fork_usec:0
total_forks:0
migrate_cached_sockets:0
slave_expires_tracked_keys:0
active_defrag_hits:0
active_defrag_misses:0
active_defrag_key_hits:0
active_defrag_key_misses:0
total_active_defrag_time:0
current_active_defrag_time:0
tracking_total_keys:0
tracking_total_items:0
tracking_total_prefixes:0
unexpected_error_replies:0
total_error_replies:26
dump_payload_sanitizations:0
total_reads_processed:661
total_writes_processed:632
io_threaded_reads_processed:0
io_threaded_writes_processed:0
client_query_buffer_limit_disconnections:0
client_output_buffer_limit_disconnections:0
reply_buffer_shrinks:8
reply_buffer_expands:0
eventloop_cycles:2838
eventloop_duration_sum:16626372
eventloop_duration_cmd_sum:13948
instantaneous_eventloop_cycles_per_sec:10
instantaneous_eventloop_duration_usec:668
acl_access_denied_auth:0
acl_access_denied_cmd:0
acl_access_denied_key:0
acl_access_denied_channel:0
2025-07-13T19:00:31Z# Stats
total_connections_received:38
total_commands_processed:766
instantaneous_ops_per_sec:59
total_net_input_bytes:44902
total_net_output_bytes:23254
total_net_repl_input_bytes:0
total_net_repl_output_bytes:0
instantaneous_input_kbps:9.21
instantaneous_output_kbps:0.67
instantaneous_input_repl_kbps:0.00
instantaneous_output_repl_kbps:0.00
rejected_connections:0
sync_full:0
sync_partial_ok:0
sync_partial_err:0
expired_subkeys:0
expired_keys:0
expired_stale_perc:0.00
expired_time_cap_reached_count:0
expire_cycle_cpu_milliseconds:178
evicted_keys:0
evicted_clients:0
evicted_scripts:0
total_eviction_exceeded_time:0
current_eviction_exceeded_time:0
keyspace_hits:1
keyspace_misses:337
pubsub_channels:0
pubsub_patterns:0
pubsubshard_channels:0
latest_fork_usec:4284
total_forks:1
migrate_cached_sockets:0
slave_expires_tracked_keys:0
active_defrag_hits:0
active_defrag_misses:0
active_defrag_key_hits:0
active_defrag_key_misses:0
total_active_defrag_time:0
current_active_defrag_time:0
tracking_total_keys:0
tracking_total_items:0
tracking_total_prefixes:0
unexpected_error_replies:0
total_error_replies:27
dump_payload_sanitizations:0
total_reads_processed:720
total_writes_processed:690
io_threaded_reads_processed:0
io_threaded_writes_processed:0
client_query_buffer_limit_disconnections:0
client_output_buffer_limit_disconnections:0
reply_buffer_shrinks:8
reply_buffer_expands:0
eventloop_cycles:2986
eventloop_duration_sum:17417109
eventloop_duration_cmd_sum:34881
instantaneous_eventloop_cycles_per_sec:21
instantaneous_eventloop_duration_usec:16824
acl_access_denied_auth:0
acl_access_denied_cmd:0
acl_access_denied_key:0
acl_access_denied_channel:0
2025-07-13T19:00:43Z# Stats
total_connections_received:40
total_commands_processed:834
instantaneous_ops_per_sec:6
total_net_input_bytes:48338
total_net_output_bytes:26592
total_net_repl_input_bytes:0
total_net_repl_output_bytes:0
instantaneous_input_kbps:0.25
instantaneous_output_kbps:0.02
instantaneous_input_repl_kbps:0.00
instantaneous_output_repl_kbps:0.00
rejected_connections:0
sync_full:0
sync_partial_ok:0
sync_partial_err:0
expired_subkeys:0
expired_keys:0
expired_stale_perc:0.00
expired_time_cap_reached_count:0
expire_cycle_cpu_milliseconds:179
evicted_keys:0
evicted_clients:0
evicted_scripts:0
total_eviction_exceeded_time:0
current_eviction_exceeded_time:0
keyspace_hits:5
keyspace_misses:368
pubsub_channels:0
pubsub_patterns:0
pubsubshard_channels:0
latest_fork_usec:4284
total_forks:1
migrate_cached_sockets:0
slave_expires_tracked_keys:0
active_defrag_hits:0
active_defrag_misses:0
active_defrag_key_hits:0
active_defrag_key_misses:0
total_active_defrag_time:0
current_active_defrag_time:0
tracking_total_keys:0
tracking_total_items:0
tracking_total_prefixes:0
unexpected_error_replies:0
total_error_replies:28
dump_payload_sanitizations:0
total_reads_processed:790
total_writes_processed:758
io_threaded_reads_processed:0
io_threaded_writes_processed:0
client_query_buffer_limit_disconnections:0
client_output_buffer_limit_disconnections:0
reply_buffer_shrinks:9
reply_buffer_expands:1
eventloop_cycles:3140
eventloop_duration_sum:18382203
eventloop_duration_cmd_sum:35830
instantaneous_eventloop_cycles_per_sec:13
instantaneous_eventloop_duration_usec:4854
acl_access_denied_auth:0
acl_access_denied_cmd:0
acl_access_denied_key:0
acl_access_denied_channel:0
2025-07-13T19:00:56Z# Stats
total_connections_received:42
total_commands_processed:17642
instantaneous_ops_per_sec:951
total_net_input_bytes:2766428
total_net_output_bytes:412293
total_net_repl_input_bytes:0
total_net_repl_output_bytes:0
instantaneous_input_kbps:157.29
instantaneous_output_kbps:68.10
instantaneous_input_repl_kbps:0.00
instantaneous_output_repl_kbps:0.00
rejected_connections:0
sync_full:0
sync_partial_ok:0
sync_partial_err:0
expired_subkeys:0
expired_keys:0
expired_stale_perc:0.00
expired_time_cap_reached_count:0
expire_cycle_cpu_milliseconds:180
evicted_keys:0
evicted_clients:0
evicted_scripts:0
total_eviction_exceeded_time:0
current_eviction_exceeded_time:0
keyspace_hits:3510
keyspace_misses:388
pubsub_channels:0
pubsub_patterns:0
pubsubshard_channels:0
latest_fork_usec:4284
total_forks:1
migrate_cached_sockets:0
slave_expires_tracked_keys:0
active_defrag_hits:0
active_defrag_misses:0
active_defrag_key_hits:0
active_defrag_key_misses:0
total_active_defrag_time:0
current_active_defrag_time:0
tracking_total_keys:0
tracking_total_items:0
tracking_total_prefixes:0
unexpected_error_replies:0
total_error_replies:29
dump_payload_sanitizations:0
total_reads_processed:4495
total_writes_processed:4461
io_threaded_reads_processed:0
io_threaded_writes_processed:0
client_query_buffer_limit_disconnections:0
client_output_buffer_limit_disconnections:0
reply_buffer_shrinks:19
reply_buffer_expands:20
eventloop_cycles:5732
eventloop_duration_sum:23506788
eventloop_duration_cmd_sum:1835536
instantaneous_eventloop_cycles_per_sec:182
instantaneous_eventloop_duration_usec:17837
acl_access_denied_auth:0
acl_access_denied_cmd:0
acl_access_denied_key:0
acl_access_denied_channel:0
2025-07-13T19:01:09Z# Stats
total_connections_received:44
total_commands_processed:24768
instantaneous_ops_per_sec:640
total_net_input_bytes:3838555
total_net_output_bytes:489906
total_net_repl_input_bytes:0
total_net_repl_output_bytes:0
instantaneous_input_kbps:85.93
instantaneous_output_kbps:6.31
instantaneous_input_repl_kbps:0.00
instantaneous_output_repl_kbps:0.00
rejected_connections:0
sync_full:0
sync_partial_ok:0
sync_partial_err:0
expired_subkeys:0
expired_keys:0
expired_stale_perc:0.00
expired_time_cap_reached_count:0
expire_cycle_cpu_milliseconds:276
evicted_keys:0
evicted_clients:0
evicted_scripts:0
total_eviction_exceeded_time:0
current_eviction_exceeded_time:0
keyspace_hits:5143
keyspace_misses:408
pubsub_channels:0
pubsub_patterns:0
pubsubshard_channels:0
latest_fork_usec:4284
total_forks:1
migrate_cached_sockets:0
slave_expires_tracked_keys:0
active_defrag_hits:0
active_defrag_misses:0
active_defrag_key_hits:0
active_defrag_key_misses:0
total_active_defrag_time:0
current_active_defrag_time:0
tracking_total_keys:0
tracking_total_items:0
tracking_total_prefixes:0
unexpected_error_replies:0
total_error_replies:29
dump_payload_sanitizations:0
total_reads_processed:6580
total_writes_processed:6537
io_threaded_reads_processed:0
io_threaded_writes_processed:0
client_query_buffer_limit_disconnections:0
client_output_buffer_limit_disconnections:0
reply_buffer_shrinks:28
reply_buffer_expands:28
eventloop_cycles:7093
eventloop_duration_sum:28193161
eventloop_duration_cmd_sum:2608222
instantaneous_eventloop_cycles_per_sec:112
instantaneous_eventloop_duration_usec:37062
acl_access_denied_auth:0
acl_access_denied_cmd:0
acl_access_denied_key:0
acl_access_denied_channel:0
2025-07-13T19:01:20Z# Stats
total_connections_received:45
total_commands_processed:47218
instantaneous_ops_per_sec:4918
total_net_input_bytes:7373633
total_net_output_bytes:741131
total_net_repl_input_bytes:0
total_net_repl_output_bytes:0
instantaneous_input_kbps:767.67
instantaneous_output_kbps:54.95
instantaneous_input_repl_kbps:0.00
instantaneous_output_repl_kbps:0.00
rejected_connections:0
sync_full:0
sync_partial_ok:0
sync_partial_err:0
expired_subkeys:0
expired_keys:0
expired_stale_perc:0.00
expired_time_cap_reached_count:0
expire_cycle_cpu_milliseconds:288
evicted_keys:0
evicted_clients:0
evicted_scripts:0
total_eviction_exceeded_time:0
current_eviction_exceeded_time:0
keyspace_hits:9388
keyspace_misses:428
pubsub_channels:0
pubsub_patterns:0
pubsubshard_channels:0
latest_fork_usec:4284
total_forks:1
migrate_cached_sockets:0
slave_expires_tracked_keys:0
active_defrag_hits:0
active_defrag_misses:0
active_defrag_key_hits:0
active_defrag_key_misses:0
total_active_defrag_time:0
current_active_defrag_time:0
tracking_total_keys:0
tracking_total_items:0
tracking_total_prefixes:0
unexpected_error_replies:0
total_error_replies:29
dump_payload_sanitizations:0
total_reads_processed:11914
total_writes_processed:11877
io_threaded_reads_processed:0
io_threaded_writes_processed:0
client_query_buffer_limit_disconnections:0
client_output_buffer_limit_disconnections:0
reply_buffer_shrinks:36
reply_buffer_expands:45
eventloop_cycles:9894
eventloop_duration_sum:34874300
eventloop_duration_cmd_sum:4259476
instantaneous_eventloop_cycles_per_sec:529
instantaneous_eventloop_duration_usec:1105
acl_access_denied_auth:0
acl_access_denied_cmd:0
acl_access_denied_key:0
acl_access_denied_channel:0
2025-07-13T19:01:32Z# Stats
total_connections_received:47
total_commands_processed:64891
instantaneous_ops_per_sec:1327
total_net_input_bytes:10149897
total_net_output_bytes:938810
total_net_repl_input_bytes:0
total_net_repl_output_bytes:0
instantaneous_input_kbps:222.87
instantaneous_output_kbps:14.42
instantaneous_input_repl_kbps:0.00
instantaneous_output_repl_kbps:0.00
rejected_connections:0
sync_full:0
sync_partial_ok:0
sync_partial_err:0
expired_subkeys:0
expired_keys:0
expired_stale_perc:0.00
expired_time_cap_reached_count:0
expire_cycle_cpu_milliseconds:291
evicted_keys:0
evicted_clients:0
evicted_scripts:0
total_eviction_exceeded_time:0
current_eviction_exceeded_time:0
keyspace_hits:12647
keyspace_misses:448
pubsub_channels:0
pubsub_patterns:0
pubsubshard_channels:0
latest_fork_usec:147594
total_forks:2
migrate_cached_sockets:0
slave_expires_tracked_keys:0
active_defrag_hits:0
active_defrag_misses:0
active_defrag_key_hits:0
active_defrag_key_misses:0
total_active_defrag_time:0
current_active_defrag_time:0
tracking_total_keys:0
tracking_total_items:0
tracking_total_prefixes:0
unexpected_error_replies:0
total_error_replies:29
dump_payload_sanitizations:0
total_reads_processed:16141
total_writes_processed:16102
io_threaded_reads_processed:0
io_threaded_writes_processed:0
client_query_buffer_limit_disconnections:0
client_output_buffer_limit_disconnections:0
reply_buffer_shrinks:48
reply_buffer_expands:61
eventloop_cycles:12187
eventloop_duration_sum:41365252
eventloop_duration_cmd_sum:6093153
instantaneous_eventloop_cycles_per_sec:161
instantaneous_eventloop_duration_usec:8048
acl_access_denied_auth:0
acl_access_denied_cmd:0
acl_access_denied_key:0
acl_access_denied_channel:0
2025-07-13T19:01:46Z# Stats
total_connections_received:49
total_commands_processed:78615
instantaneous_ops_per_sec:900
total_net_input_bytes:12303764
total_net_output_bytes:1092665
total_net_repl_input_bytes:0
total_net_repl_output_bytes:0
instantaneous_input_kbps:188.11
instantaneous_output_kbps:13.30
instantaneous_input_repl_kbps:0.00
instantaneous_output_repl_kbps:0.00
rejected_connections:0
sync_full:0
sync_partial_ok:0
sync_partial_err:0
expired_subkeys:0
expired_keys:1
expired_stale_perc:0.14
expired_time_cap_reached_count:0
expire_cycle_cpu_milliseconds:296
evicted_keys:0
evicted_clients:0
evicted_scripts:0
total_eviction_exceeded_time:0
current_eviction_exceeded_time:0
keyspace_hits:15294
keyspace_misses:468
pubsub_channels:0
pubsub_patterns:0
pubsubshard_channels:0
latest_fork_usec:147594
total_forks:2
migrate_cached_sockets:0
slave_expires_tracked_keys:0
active_defrag_hits:0
active_defrag_misses:0
active_defrag_key_hits:0
active_defrag_key_misses:0
total_active_defrag_time:0
current_active_defrag_time:0
tracking_total_keys:0
tracking_total_items:0
tracking_total_prefixes:0
unexpected_error_replies:0
total_error_replies:29
dump_payload_sanitizations:0
total_reads_processed:19452
total_writes_processed:19411
io_threaded_reads_processed:0
io_threaded_writes_processed:0
client_query_buffer_limit_disconnections:0
client_output_buffer_limit_disconnections:0
reply_buffer_shrinks:61
reply_buffer_expands:75
eventloop_cycles:14014
eventloop_duration_sum:49672129
eventloop_duration_cmd_sum:7625781
instantaneous_eventloop_cycles_per_sec:41
instantaneous_eventloop_duration_usec:41917
acl_access_denied_auth:0
acl_access_denied_cmd:0
acl_access_denied_key:0
acl_access_denied_channel:0
2025-07-13T19:01:58Z# Stats
total_connections_received:51
total_commands_processed:102209
instantaneous_ops_per_sec:2914
total_net_input_bytes:16077719
total_net_output_bytes:1395694
total_net_repl_input_bytes:0
total_net_repl_output_bytes:0
instantaneous_input_kbps:437.75
instantaneous_output_kbps:50.30
instantaneous_input_repl_kbps:0.00
instantaneous_output_repl_kbps:0.00
rejected_connections:0
sync_full:0
sync_partial_ok:0
sync_partial_err:0
expired_subkeys:0
expired_keys:1
expired_stale_perc:0.00
expired_time_cap_reached_count:0
expire_cycle_cpu_milliseconds:314
evicted_keys:0
evicted_clients:0
evicted_scripts:0
total_eviction_exceeded_time:0
current_eviction_exceeded_time:0
keyspace_hits:20074
keyspace_misses:468
pubsub_channels:0
pubsub_patterns:0
pubsubshard_channels:0
latest_fork_usec:147594
total_forks:2
migrate_cached_sockets:0
slave_expires_tracked_keys:0
active_defrag_hits:0
active_defrag_misses:0
active_defrag_key_hits:0
active_defrag_key_misses:0
total_active_defrag_time:0
current_active_defrag_time:0
tracking_total_keys:0
tracking_total_items:0
tracking_total_prefixes:0
unexpected_error_replies:0
total_error_replies:29
dump_payload_sanitizations:0
total_reads_processed:24610
total_writes_processed:24563
io_threaded_reads_processed:0
io_threaded_writes_processed:0
client_query_buffer_limit_disconnections:0
client_output_buffer_limit_disconnections:0
reply_buffer_shrinks:71
reply_buffer_expands:97
eventloop_cycles:17104
eventloop_duration_sum:55071049
eventloop_duration_cmd_sum:8918979
instantaneous_eventloop_cycles_per_sec:484
instantaneous_eventloop_duration_usec:3603
acl_access_denied_auth:0
acl_access_denied_cmd:0
acl_access_denied_key:0
acl_access_denied_channel:0
2025-07-13T19:02:08Z# Stats
total_connections_received:52
total_commands_processed:133802
instantaneous_ops_per_sec:1947
total_net_input_bytes:21030886
total_net_output_bytes:1910510
total_net_repl_input_bytes:0
total_net_repl_output_bytes:0
instantaneous_input_kbps:278.06
instantaneous_output_kbps:19.54
instantaneous_input_repl_kbps:0.00
instantaneous_output_repl_kbps:0.00
rejected_connections:0
sync_full:0
sync_partial_ok:0
sync_partial_err:0
expired_subkeys:0
expired_keys:2
expired_stale_perc:0.17
expired_time_cap_reached_count:0
expire_cycle_cpu_milliseconds:320
evicted_keys:0
evicted_clients:0
evicted_scripts:0
total_eviction_exceeded_time:0
current_eviction_exceeded_time:0
keyspace_hits:25717
keyspace_misses:468
pubsub_channels:0
pubsub_patterns:0
pubsubshard_channels:0
latest_fork_usec:147594
total_forks:2
migrate_cached_sockets:0
slave_expires_tracked_keys:0
active_defrag_hits:0
active_defrag_misses:0
active_defrag_key_hits:0
active_defrag_key_misses:0
total_active_defrag_time:0
current_active_defrag_time:0
tracking_total_keys:0
tracking_total_items:0
tracking_total_prefixes:0
unexpected_error_replies:0
total_error_replies:29
dump_payload_sanitizations:0
total_reads_processed:32541
total_writes_processed:32498
io_threaded_reads_processed:0
io_threaded_writes_processed:0
client_query_buffer_limit_disconnections:0
client_output_buffer_limit_disconnections:0
reply_buffer_shrinks:81
reply_buffer_expands:110
eventloop_cycles:22817
eventloop_duration_sum:58313936
eventloop_duration_cmd_sum:9715116
instantaneous_eventloop_cycles_per_sec:579
instantaneous_eventloop_duration_usec:435
acl_access_denied_auth:0
acl_access_denied_cmd:0
acl_access_denied_key:0
acl_access_denied_channel:0
2025-07-13T19:02:20Z# Stats
total_connections_received:54
total_commands_processed:149305
instantaneous_ops_per_sec:1
total_net_input_bytes:23433533
total_net_output_bytes:2082071
total_net_repl_input_bytes:0
total_net_repl_output_bytes:0
instantaneous_input_kbps:0.07
instantaneous_output_kbps:0.00
instantaneous_input_repl_kbps:0.00
instantaneous_output_repl_kbps:0.00
rejected_connections:0
sync_full:0
sync_partial_ok:0
sync_partial_err:0
expired_subkeys:0
expired_keys:3
expired_stale_perc:0.20
expired_time_cap_reached_count:0
expire_cycle_cpu_milliseconds:322
evicted_keys:0
evicted_clients:0
evicted_scripts:0
total_eviction_exceeded_time:0
current_eviction_exceeded_time:0
keyspace_hits:28665
keyspace_misses:468
pubsub_channels:0
pubsub_patterns:0
pubsubshard_channels:0
latest_fork_usec:147594
total_forks:2
migrate_cached_sockets:0
slave_expires_tracked_keys:0
active_defrag_hits:0
active_defrag_misses:0
active_defrag_key_hits:0
active_defrag_key_misses:0
total_active_defrag_time:0
current_active_defrag_time:0
tracking_total_keys:0
tracking_total_items:0
tracking_total_prefixes:0
unexpected_error_replies:0
total_error_replies:29
dump_payload_sanitizations:0
total_reads_processed:36509
total_writes_processed:36463
io_threaded_reads_processed:0
io_threaded_writes_processed:0
client_query_buffer_limit_disconnections:0
client_output_buffer_limit_disconnections:0
reply_buffer_shrinks:91
reply_buffer_expands:123
eventloop_cycles:26053
eventloop_duration_sum:60323248
eventloop_duration_cmd_sum:10432072
instantaneous_eventloop_cycles_per_sec:8
instantaneous_eventloop_duration_usec:3805
acl_access_denied_auth:0
acl_access_denied_cmd:0
acl_access_denied_key:0
acl_access_denied_channel:0
2025-07-13T19:02:31Z# Stats
total_connections_received:56
total_commands_processed:167105
instantaneous_ops_per_sec:693
total_net_input_bytes:26102716
total_net_output_bytes:2473425
total_net_repl_input_bytes:0
total_net_repl_output_bytes:0
instantaneous_input_kbps:39.61
instantaneous_output_kbps:2.84
instantaneous_input_repl_kbps:0.00
instantaneous_output_repl_kbps:0.00
rejected_connections:0
sync_full:0
sync_partial_ok:0
sync_partial_err:0
expired_subkeys:0
expired_keys:5
expired_stale_perc:0.05
expired_time_cap_reached_count:0
expire_cycle_cpu_milliseconds:323
evicted_keys:0
evicted_clients:0
evicted_scripts:0
total_eviction_exceeded_time:0
current_eviction_exceeded_time:0
keyspace_hits:31840
keyspace_misses:468
pubsub_channels:0
pubsub_patterns:0
pubsubshard_channels:0
latest_fork_usec:147594
total_forks:2
migrate_cached_sockets:0
slave_expires_tracked_keys:0
active_defrag_hits:0
active_defrag_misses:0
active_defrag_key_hits:0
active_defrag_key_misses:0
total_active_defrag_time:0
current_active_defrag_time:0
tracking_total_keys:0
tracking_total_items:0
tracking_total_prefixes:0
unexpected_error_replies:0
total_error_replies:29
dump_payload_sanitizations:0
total_reads_processed:42033
total_writes_processed:41987
io_threaded_reads_processed:0
io_threaded_writes_processed:0
client_query_buffer_limit_disconnections:0
client_output_buffer_limit_disconnections:0
reply_buffer_shrinks:100
reply_buffer_expands:140
eventloop_cycles:30175
eventloop_duration_sum:63055665
eventloop_duration_cmd_sum:11050095
instantaneous_eventloop_cycles_per_sec:653
instantaneous_eventloop_duration_usec:739
acl_access_denied_auth:0
acl_access_denied_cmd:0
acl_access_denied_key:0
acl_access_denied_channel:0
2025-07-13T19:02:41Z# Stats
total_connections_received:57
total_commands_processed:184484
instantaneous_ops_per_sec:4662
total_net_input_bytes:28807497
total_net_output_bytes:2666402
total_net_repl_input_bytes:0
total_net_repl_output_bytes:0
instantaneous_input_kbps:740.15
instantaneous_output_kbps:50.76
instantaneous_input_repl_kbps:0.00
instantaneous_output_repl_kbps:0.00
rejected_connections:0
sync_full:0
sync_partial_ok:0
sync_partial_err:0
expired_subkeys:0
expired_keys:9
expired_stale_perc:0.08
expired_time_cap_reached_count:0
expire_cycle_cpu_milliseconds:326
evicted_keys:0
evicted_clients:0
evicted_scripts:0
total_eviction_exceeded_time:0
current_eviction_exceeded_time:0
keyspace_hits:35302
keyspace_misses:468
pubsub_channels:0
pubsub_patterns:0
pubsubshard_channels:0
latest_fork_usec:1781
total_forks:3
migrate_cached_sockets:0
slave_expires_tracked_keys:0
active_defrag_hits:0
active_defrag_misses:0
active_defrag_key_hits:0
active_defrag_key_misses:0
total_active_defrag_time:0
current_active_defrag_time:0
tracking_total_keys:0
tracking_total_items:0
tracking_total_prefixes:0
unexpected_error_replies:0
total_error_replies:29
dump_payload_sanitizations:0
total_reads_processed:46405
total_writes_processed:46358
io_threaded_reads_processed:0
io_threaded_writes_processed:0
client_query_buffer_limit_disconnections:0
client_output_buffer_limit_disconnections:0
reply_buffer_shrinks:105
reply_buffer_expands:151
eventloop_cycles:33487
eventloop_duration_sum:68154929
eventloop_duration_cmd_sum:12150790
instantaneous_eventloop_cycles_per_sec:724
instantaneous_eventloop_duration_usec:763
acl_access_denied_auth:0
acl_access_denied_cmd:0
acl_access_denied_key:0
acl_access_denied_channel:0
2025-07-13T19:02:52Z# Stats
total_connections_received:59
total_commands_processed:202332
instantaneous_ops_per_sec:2981
total_net_input_bytes:31638810
total_net_output_bytes:3069620
total_net_repl_input_bytes:0
total_net_repl_output_bytes:0
instantaneous_input_kbps:430.37
instantaneous_output_kbps:29.13
instantaneous_input_repl_kbps:0.00
instantaneous_output_repl_kbps:0.00
rejected_connections:0
sync_full:0
sync_partial_ok:0
sync_partial_err:0
expired_subkeys:0
expired_keys:11
expired_stale_perc:0.02
expired_time_cap_reached_count:0
expire_cycle_cpu_milliseconds:362
evicted_keys:0
evicted_clients:0
evicted_scripts:0
total_eviction_exceeded_time:0
current_eviction_exceeded_time:0
keyspace_hits:39154
keyspace_misses:468
pubsub_channels:0
pubsub_patterns:0
pubsubshard_channels:0
latest_fork_usec:1781
total_forks:3
migrate_cached_sockets:0
slave_expires_tracked_keys:0
active_defrag_hits:0
active_defrag_misses:0
active_defrag_key_hits:0
active_defrag_key_misses:0
total_active_defrag_time:0
current_active_defrag_time:0
tracking_total_keys:0
tracking_total_items:0
tracking_total_prefixes:0
unexpected_error_replies:0
total_error_replies:29
dump_payload_sanitizations:0
total_reads_processed:51070
total_writes_processed:51019
io_threaded_reads_processed:0
io_threaded_writes_processed:0
client_query_buffer_limit_disconnections:0
client_output_buffer_limit_disconnections:0
reply_buffer_shrinks:114
reply_buffer_expands:168
eventloop_cycles:36594
eventloop_duration_sum:70816400
eventloop_duration_cmd_sum:12610211
instantaneous_eventloop_cycles_per_sec:539
instantaneous_eventloop_duration_usec:3022
acl_access_denied_auth:0
acl_access_denied_cmd:0
acl_access_denied_key:0
acl_access_denied_channel:0
2025-07-13T19:03:03Z# Stats
total_connections_received:61
total_commands_processed:223048
instantaneous_ops_per_sec:3165
total_net_input_bytes:34694581
total_net_output_bytes:3289108
total_net_repl_input_bytes:0
total_net_repl_output_bytes:0
instantaneous_input_kbps:470.56
instantaneous_output_kbps:34.48
instantaneous_input_repl_kbps:0.00
instantaneous_output_repl_kbps:0.00
rejected_connections:0
sync_full:0
sync_partial_ok:0
sync_partial_err:0
expired_subkeys:0
expired_keys:15
expired_stale_perc:0.17
expired_time_cap_reached_count:0
expire_cycle_cpu_milliseconds:370
evicted_keys:0
evicted_clients:0
evicted_scripts:0
total_eviction_exceeded_time:0
current_eviction_exceeded_time:0
keyspace_hits:42849
keyspace_misses:468
pubsub_channels:0
pubsub_patterns:0
pubsubshard_channels:0
latest_fork_usec:1781
total_forks:3
migrate_cached_sockets:0
slave_expires_tracked_keys:0
active_defrag_hits:0
active_defrag_misses:0
active_defrag_key_hits:0
active_defrag_key_misses:0
total_active_defrag_time:0
current_active_defrag_time:0
tracking_total_keys:0
tracking_total_items:0
tracking_total_prefixes:0
unexpected_error_replies:0
total_error_replies:29
dump_payload_sanitizations:0
total_reads_processed:57230
total_writes_processed:57179
io_threaded_reads_processed:0
io_threaded_writes_processed:0
client_query_buffer_limit_disconnections:0
client_output_buffer_limit_disconnections:0
reply_buffer_shrinks:124
reply_buffer_expands:182
eventloop_cycles:41116
eventloop_duration_sum:72677917
eventloop_duration_cmd_sum:13028959
instantaneous_eventloop_cycles_per_sec:460
instantaneous_eventloop_duration_usec:1156
acl_access_denied_auth:0
acl_access_denied_cmd:0
acl_access_denied_key:0
acl_access_denied_channel:0
2025-07-13T19:03:14Z# Stats
total_connections_received:63
total_commands_processed:236236
instantaneous_ops_per_sec:2497
total_net_input_bytes:36831799
total_net_output_bytes:3645554
total_net_repl_input_bytes:0
total_net_repl_output_bytes:0
instantaneous_input_kbps:388.36
instantaneous_output_kbps:28.19
instantaneous_input_repl_kbps:0.00
instantaneous_output_repl_kbps:0.00
rejected_connections:0
sync_full:0
sync_partial_ok:0
sync_partial_err:0
expired_subkeys:0
expired_keys:19
expired_stale_perc:0.11
expired_time_cap_reached_count:0
expire_cycle_cpu_milliseconds:371
evicted_keys:0
evicted_clients:0
evicted_scripts:0
total_eviction_exceeded_time:0
current_eviction_exceeded_time:0
keyspace_hits:44901
keyspace_misses:468
pubsub_channels:0
pubsub_patterns:0
pubsubshard_channels:0
latest_fork_usec:1781
total_forks:3
migrate_cached_sockets:0
slave_expires_tracked_keys:0
active_defrag_hits:0
active_defrag_misses:0
active_defrag_key_hits:0
active_defrag_key_misses:0
total_active_defrag_time:0
current_active_defrag_time:0
tracking_total_keys:0
tracking_total_items:0
tracking_total_prefixes:0
unexpected_error_replies:0
total_error_replies:29
dump_payload_sanitizations:0
total_reads_processed:60159
total_writes_processed:60100
io_threaded_reads_processed:0
io_threaded_writes_processed:0
client_query_buffer_limit_disconnections:0
client_output_buffer_limit_disconnections:0
reply_buffer_shrinks:131
reply_buffer_expands:197
eventloop_cycles:42964
eventloop_duration_sum:74683570
eventloop_duration_cmd_sum:13623613
instantaneous_eventloop_cycles_per_sec:325
instantaneous_eventloop_duration_usec:7313
acl_access_denied_auth:0
acl_access_denied_cmd:0
acl_access_denied_key:0
acl_access_denied_channel:0
