2025-07-13 18:24:44,979 - INFO - <BrokerConnection node_id=bootstrap-0 host=kafka:9092 <connecting> [IPv4 ('172.18.0.3', 9092)]>: connecting to kafka:9092 [('172.18.0.3', 9092) IPv4]
2025-07-13 18:24:44,981 - INFO - Probing node bootstrap-0 broker version
2025-07-13 18:24:44,989 - INFO - <BrokerConnection node_id=bootstrap-0 host=kafka:9092 <connecting> [IPv4 ('172.18.0.3', 9092)]>: Connection complete.
2025-07-13 18:24:45,149 - INFO - Broker version identified as 2.5.0
2025-07-13 18:24:45,164 - INFO - Set configuration api_version=(2, 5, 0) to skip auto check_version requests on startup
2025-07-13 18:25:11,026 - INFO - productor: Datos cargados desde /app/data/aeronaves_completo.json.
2025-07-13 18:25:51,069 - INFO - productor: Enviadas 19 aeronaves al topic 'adsb.aeronaves'.
2025-07-13 18:25:51,075 - INFO - <BrokerConnection node_id=1 host=kafka:9092 <connecting> [IPv4 ('172.18.0.3', 9092)]>: connecting to kafka:9092 [('172.18.0.3', 9092) IPv4]
2025-07-13 18:25:51,077 - INFO - <BrokerConnection node_id=1 host=kafka:9092 <connecting> [IPv4 ('172.18.0.3', 9092)]>: Connection complete.
2025-07-13 18:25:51,079 - INFO - <BrokerConnection node_id=bootstrap-0 host=kafka:9092 <connected> [IPv4 ('172.18.0.3', 9092)]>: Closing connection. 
2025-07-13 18:26:01,251 - INFO - productor: Enviadas 400 aeronaves al topic 'adsb.aeronaves'.
2025-07-13 18:26:02,018 - INFO - productor: Enviadas 400 aeronaves al topic 'adsb.aeronaves'.
2025-07-13 18:26:02,220 - INFO - productor: Enviadas 400 aeronaves al topic 'adsb.aeronaves'.
2025-07-13 18:26:02,405 - INFO - productor: Enviadas 300 aeronaves al topic 'adsb.aeronaves'.
2025-07-13 18:26:11,083 - INFO - productor: Enviadas 400 aeronaves al topic 'adsb.aeronaves'.
2025-07-13 18:26:11,800 - INFO - productor: Enviadas 400 aeronaves al topic 'adsb.aeronaves'.
2025-07-13 18:26:11,924 - INFO - productor: Enviadas 400 aeronaves al topic 'adsb.aeronaves'.
2025-07-13 18:26:12,012 - INFO - productor: Enviadas 300 aeronaves al topic 'adsb.aeronaves'.
2025-07-13 18:26:21,049 - INFO - productor: Enviadas 400 aeronaves al topic 'adsb.aeronaves'.
2025-07-13 18:26:21,073 - INFO - productor: Enviadas 400 aeronaves al topic 'adsb.aeronaves'.
2025-07-13 18:26:21,097 - INFO - productor: Enviadas 400 aeronaves al topic 'adsb.aeronaves'.
2025-07-13 18:26:21,120 - INFO - productor: Enviadas 300 aeronaves al topic 'adsb.aeronaves'.
2025-07-13 18:26:31,090 - INFO - productor: Enviadas 400 aeronaves al topic 'adsb.aeronaves'.
2025-07-13 18:26:31,141 - INFO - productor: Enviadas 400 aeronaves al topic 'adsb.aeronaves'.
2025-07-13 18:26:31,176 - INFO - productor: Enviadas 400 aeronaves al topic 'adsb.aeronaves'.
2025-07-13 18:26:31,190 - INFO - productor: Enviadas 300 aeronaves al topic 'adsb.aeronaves'.
2025-07-13 18:26:41,046 - INFO - productor: Enviadas 400 aeronaves al topic 'adsb.aeronaves'.
2025-07-13 18:26:41,076 - INFO - productor: Enviadas 400 aeronaves al topic 'adsb.aeronaves'.
2025-07-13 18:26:41,094 - INFO - productor: Enviadas 400 aeronaves al topic 'adsb.aeronaves'.
2025-07-13 18:26:41,110 - INFO - productor: Enviadas 300 aeronaves al topic 'adsb.aeronaves'.
2025-07-13 18:26:51,055 - INFO - productor: Enviadas 400 aeronaves al topic 'adsb.aeronaves'.
2025-07-13 18:26:51,075 - INFO - productor: Enviadas 400 aeronaves al topic 'adsb.aeronaves'.
2025-07-13 18:26:51,108 - INFO - productor: Enviadas 400 aeronaves al topic 'adsb.aeronaves'.
2025-07-13 18:26:51,369 - INFO - productor: Enviadas 300 aeronaves al topic 'adsb.aeronaves'.
2025-07-13 18:27:01,077 - INFO - productor: Enviadas 400 aeronaves al topic 'adsb.aeronaves'.
2025-07-13 18:27:01,105 - INFO - productor: Enviadas 400 aeronaves al topic 'adsb.aeronaves'.
2025-07-13 18:27:01,148 - INFO - productor: Enviadas 400 aeronaves al topic 'adsb.aeronaves'.
2025-07-13 18:27:01,322 - INFO - productor: Enviadas 300 aeronaves al topic 'adsb.aeronaves'.
2025-07-13 18:27:11,055 - INFO - productor: Enviadas 400 aeronaves al topic 'adsb.aeronaves'.
2025-07-13 18:27:11,096 - INFO - productor: Enviadas 400 aeronaves al topic 'adsb.aeronaves'.
2025-07-13 18:27:11,148 - INFO - productor: Enviadas 400 aeronaves al topic 'adsb.aeronaves'.
2025-07-13 18:27:11,185 - INFO - productor: Enviadas 300 aeronaves al topic 'adsb.aeronaves'.
2025-07-13 18:27:21,048 - INFO - productor: Enviadas 400 aeronaves al topic 'adsb.aeronaves'.
2025-07-13 18:27:21,071 - INFO - productor: Enviadas 400 aeronaves al topic 'adsb.aeronaves'.
2025-07-13 18:27:21,158 - INFO - productor: Enviadas 400 aeronaves al topic 'adsb.aeronaves'.
2025-07-13 18:27:21,199 - INFO - productor: Enviadas 300 aeronaves al topic 'adsb.aeronaves'.
2025-07-13 18:27:31,044 - INFO - productor: Enviadas 400 aeronaves al topic 'adsb.aeronaves'.
2025-07-13 18:27:31,116 - INFO - productor: Enviadas 400 aeronaves al topic 'adsb.aeronaves'.
2025-07-13 18:27:31,158 - INFO - productor: Enviadas 400 aeronaves al topic 'adsb.aeronaves'.
2025-07-13 18:27:31,183 - INFO - productor: Enviadas 300 aeronaves al topic 'adsb.aeronaves'.
2025-07-13 18:27:41,046 - INFO - productor: Enviadas 400 aeronaves al topic 'adsb.aeronaves'.
2025-07-13 18:27:41,067 - INFO - productor: Enviadas 400 aeronaves al topic 'adsb.aeronaves'.
2025-07-13 18:27:41,091 - INFO - productor: Enviadas 400 aeronaves al topic 'adsb.aeronaves'.
2025-07-13 18:27:41,106 - INFO - productor: Enviadas 300 aeronaves al topic 'adsb.aeronaves'.
2025-07-13 18:27:51,059 - INFO - productor: Enviadas 400 aeronaves al topic 'adsb.aeronaves'.
2025-07-13 18:27:51,090 - INFO - productor: Enviadas 400 aeronaves al topic 'adsb.aeronaves'.
2025-07-13 18:27:51,125 - INFO - productor: Enviadas 400 aeronaves al topic 'adsb.aeronaves'.
2025-07-13 18:27:51,136 - INFO - productor: Enviadas 300 aeronaves al topic 'adsb.aeronaves'.
2025-07-13 18:28:01,079 - INFO - productor: Enviadas 400 aeronaves al topic 'adsb.aeronaves'.
2025-07-13 18:28:01,141 - INFO - productor: Enviadas 400 aeronaves al topic 'adsb.aeronaves'.
2025-07-13 18:28:01,206 - INFO - productor: Enviadas 400 aeronaves al topic 'adsb.aeronaves'.
2025-07-13 18:28:01,581 - INFO - productor: Enviadas 300 aeronaves al topic 'adsb.aeronaves'.
2025-07-13 18:28:11,044 - INFO - productor: Enviadas 400 aeronaves al topic 'adsb.aeronaves'.
2025-07-13 18:28:11,071 - INFO - productor: Enviadas 400 aeronaves al topic 'adsb.aeronaves'.
2025-07-13 18:28:11,095 - INFO - productor: Enviadas 400 aeronaves al topic 'adsb.aeronaves'.
2025-07-13 18:28:11,118 - INFO - productor: Enviadas 300 aeronaves al topic 'adsb.aeronaves'.
2025-07-13 18:28:21,054 - INFO - productor: Enviadas 400 aeronaves al topic 'adsb.aeronaves'.
2025-07-13 18:28:21,081 - INFO - productor: Enviadas 400 aeronaves al topic 'adsb.aeronaves'.
2025-07-13 18:28:21,107 - INFO - productor: Enviadas 400 aeronaves al topic 'adsb.aeronaves'.
2025-07-13 18:28:21,129 - INFO - productor: Enviadas 300 aeronaves al topic 'adsb.aeronaves'.
2025-07-13 18:28:31,044 - INFO - productor: Enviadas 400 aeronaves al topic 'adsb.aeronaves'.
2025-07-13 18:28:31,219 - INFO - productor: Enviadas 400 aeronaves al topic 'adsb.aeronaves'.
2025-07-13 18:28:31,365 - INFO - productor: Enviadas 400 aeronaves al topic 'adsb.aeronaves'.
2025-07-13 18:28:31,590 - INFO - productor: Enviadas 300 aeronaves al topic 'adsb.aeronaves'.
2025-07-13 18:28:41,042 - INFO - productor: Enviadas 400 aeronaves al topic 'adsb.aeronaves'.
2025-07-13 18:28:41,149 - INFO - productor: Enviadas 400 aeronaves al topic 'adsb.aeronaves'.
2025-07-13 18:28:41,206 - INFO - productor: Enviadas 400 aeronaves al topic 'adsb.aeronaves'.
2025-07-13 18:28:41,382 - INFO - productor: Enviadas 300 aeronaves al topic 'adsb.aeronaves'.
2025-07-13 18:28:51,047 - INFO - productor: Enviadas 400 aeronaves al topic 'adsb.aeronaves'.
2025-07-13 18:28:51,066 - INFO - productor: Enviadas 400 aeronaves al topic 'adsb.aeronaves'.
2025-07-13 18:28:51,083 - INFO - productor: Enviadas 400 aeronaves al topic 'adsb.aeronaves'.
2025-07-13 18:28:51,099 - INFO - productor: Enviadas 300 aeronaves al topic 'adsb.aeronaves'.
2025-07-13 18:29:01,043 - INFO - productor: Enviadas 400 aeronaves al topic 'adsb.aeronaves'.
2025-07-13 18:29:01,130 - INFO - productor: Enviadas 400 aeronaves al topic 'adsb.aeronaves'.
2025-07-13 18:29:01,159 - INFO - productor: Enviadas 400 aeronaves al topic 'adsb.aeronaves'.
2025-07-13 18:29:01,187 - INFO - productor: Enviadas 300 aeronaves al topic 'adsb.aeronaves'.
2025-07-13 18:29:11,068 - INFO - productor: Enviadas 400 aeronaves al topic 'adsb.aeronaves'.
2025-07-13 18:29:11,309 - INFO - productor: Enviadas 400 aeronaves al topic 'adsb.aeronaves'.
2025-07-13 18:29:11,321 - INFO - productor: Enviadas 400 aeronaves al topic 'adsb.aeronaves'.
2025-07-13 18:29:11,349 - INFO - productor: Enviadas 300 aeronaves al topic 'adsb.aeronaves'.
2025-07-13 18:29:21,048 - INFO - productor: Enviadas 400 aeronaves al topic 'adsb.aeronaves'.
2025-07-13 18:29:21,264 - INFO - productor: Enviadas 400 aeronaves al topic 'adsb.aeronaves'.
2025-07-13 18:29:21,477 - INFO - productor: Enviadas 400 aeronaves al topic 'adsb.aeronaves'.
2025-07-13 18:29:21,508 - INFO - productor: Enviadas 300 aeronaves al topic 'adsb.aeronaves'.
2025-07-13 18:29:31,051 - INFO - productor: Enviadas 400 aeronaves al topic 'adsb.aeronaves'.
2025-07-13 18:29:31,278 - INFO - productor: Enviadas 400 aeronaves al topic 'adsb.aeronaves'.
2025-07-13 18:29:31,327 - INFO - productor: Enviadas 400 aeronaves al topic 'adsb.aeronaves'.
2025-07-13 18:29:31,363 - INFO - productor: Enviadas 300 aeronaves al topic 'adsb.aeronaves'.
2025-07-13 18:29:41,058 - INFO - productor: Enviadas 400 aeronaves al topic 'adsb.aeronaves'.
2025-07-13 18:29:41,204 - INFO - productor: Enviadas 400 aeronaves al topic 'adsb.aeronaves'.
2025-07-13 18:29:41,225 - INFO - productor: Enviadas 400 aeronaves al topic 'adsb.aeronaves'.
2025-07-13 18:29:41,268 - INFO - productor: Enviadas 300 aeronaves al topic 'adsb.aeronaves'.
2025-07-13 18:29:51,051 - INFO - productor: Enviadas 400 aeronaves al topic 'adsb.aeronaves'.
2025-07-13 18:29:51,155 - INFO - productor: Enviadas 400 aeronaves al topic 'adsb.aeronaves'.
2025-07-13 18:29:51,179 - INFO - productor: Enviadas 400 aeronaves al topic 'adsb.aeronaves'.
2025-07-13 18:29:51,197 - INFO - productor: Enviadas 300 aeronaves al topic 'adsb.aeronaves'.
2025-07-13 18:30:01,126 - INFO - productor: Enviadas 400 aeronaves al topic 'adsb.aeronaves'.
2025-07-13 18:30:01,597 - INFO - productor: Enviadas 400 aeronaves al topic 'adsb.aeronaves'.
2025-07-13 18:30:01,665 - INFO - productor: Enviadas 400 aeronaves al topic 'adsb.aeronaves'.
2025-07-13 18:30:02,144 - INFO - productor: Enviadas 300 aeronaves al topic 'adsb.aeronaves'.
2025-07-13 18:30:11,047 - INFO - productor: Enviadas 400 aeronaves al topic 'adsb.aeronaves'.
2025-07-13 18:30:11,058 - INFO - productor: Enviadas 400 aeronaves al topic 'adsb.aeronaves'.
2025-07-13 18:30:11,075 - INFO - productor: Enviadas 400 aeronaves al topic 'adsb.aeronaves'.
2025-07-13 18:30:11,088 - INFO - productor: Enviadas 300 aeronaves al topic 'adsb.aeronaves'.
2025-07-13 18:30:21,059 - INFO - productor: Enviadas 400 aeronaves al topic 'adsb.aeronaves'.
2025-07-13 18:30:21,085 - INFO - productor: Enviadas 400 aeronaves al topic 'adsb.aeronaves'.
2025-07-13 18:30:21,113 - INFO - productor: Enviadas 400 aeronaves al topic 'adsb.aeronaves'.
2025-07-13 18:30:21,228 - INFO - productor: Enviadas 300 aeronaves al topic 'adsb.aeronaves'.
2025-07-13 18:30:31,048 - INFO - productor: Enviadas 400 aeronaves al topic 'adsb.aeronaves'.
2025-07-13 18:30:31,061 - INFO - productor: Enviadas 400 aeronaves al topic 'adsb.aeronaves'.
2025-07-13 18:30:31,078 - INFO - productor: Enviadas 400 aeronaves al topic 'adsb.aeronaves'.
2025-07-13 18:30:31,093 - INFO - productor: Enviadas 300 aeronaves al topic 'adsb.aeronaves'.
2025-07-13 18:30:41,052 - INFO - productor: Enviadas 400 aeronaves al topic 'adsb.aeronaves'.
2025-07-13 18:30:41,086 - INFO - productor: Enviadas 400 aeronaves al topic 'adsb.aeronaves'.
2025-07-13 18:30:41,145 - INFO - productor: Enviadas 400 aeronaves al topic 'adsb.aeronaves'.
2025-07-13 18:30:41,174 - INFO - productor: Enviadas 300 aeronaves al topic 'adsb.aeronaves'.
