2025-07-13 18:48:16,631 - INFO - consumidor_redis4: Conectado a Redis en redis:6379
2025-07-13 18:48:16,650 - INFO - <BrokerConnection node_id=bootstrap-0 host=kafka:9092 <connecting> [IPv4 ('172.18.0.2', 9092)]>: connecting to kafka:9092 [('172.18.0.2', 9092) IPv4]
2025-07-13 18:48:16,656 - INFO - Probing node bootstrap-0 broker version
2025-07-13 18:48:16,665 - INFO - <BrokerConnection node_id=bootstrap-0 host=kafka:9092 <connecting> [IPv4 ('172.18.0.2', 9092)]>: Connection complete.
2025-07-13 18:48:16,829 - INFO - Broker version identified as 2.5.0
2025-07-13 18:48:16,830 - INFO - Set configuration api_version=(2, 5, 0) to skip auto check_version requests on startup
2025-07-13 18:48:16,831 - INFO - Probing node bootstrap-0 broker version
2025-07-13 18:48:17,113 - INFO - Broker version identified as 2.5.0
2025-07-13 18:48:17,124 - INFO - Set configuration api_version=(2, 5, 0) to skip auto check_version requests on startup
2025-07-13 18:48:17,182 - INFO - <BrokerConnection node_id=1 host=kafka:9092 <connecting> [IPv4 ('172.18.0.2', 9092)]>: connecting to kafka:9092 [('172.18.0.2', 9092) IPv4]
2025-07-13 18:48:17,186 - INFO - Probing node 1 broker version
2025-07-13 18:48:17,199 - INFO - <BrokerConnection node_id=1 host=kafka:9092 <connecting> [IPv4 ('172.18.0.2', 9092)]>: Connection complete.
2025-07-13 18:48:17,208 - INFO - <BrokerConnection node_id=bootstrap-0 host=kafka:9092 <connected> [IPv4 ('172.18.0.2', 9092)]>: Closing connection. 
2025-07-13 18:48:17,352 - INFO - Broker version identified as 2.5.0
2025-07-13 18:48:17,354 - INFO - Set configuration api_version=(2, 5, 0) to skip auto check_version requests on startup
2025-07-13 18:48:18,104 - INFO - consumidor_redis4:El topic adsb.aeronaves ya existe en Kafka.
2025-07-13 18:48:18,108 - INFO - <BrokerConnection node_id=1 host=kafka:9092 <connected> [IPv4 ('172.18.0.2', 9092)]>: Closing connection. 
2025-07-13 18:48:28,245 - INFO - <BrokerConnection node_id=bootstrap-0 host=kafka:9092 <connecting> [IPv4 ('172.18.0.2', 9092)]>: connecting to kafka:9092 [('172.18.0.2', 9092) IPv4]
2025-07-13 18:48:28,263 - INFO - Probing node bootstrap-0 broker version
2025-07-13 18:48:28,268 - INFO - <BrokerConnection node_id=bootstrap-0 host=kafka:9092 <connecting> [IPv4 ('172.18.0.2', 9092)]>: Connection complete.
2025-07-13 18:48:28,426 - INFO - Broker version identified as 2.5.0
2025-07-13 18:48:28,430 - INFO - Set configuration api_version=(2, 5, 0) to skip auto check_version requests on startup
2025-07-13 18:48:28,439 - INFO - Updating subscribed topics to: ('adsb.aeronaves',)
2025-07-13 18:48:28,442 - INFO - consumidor_redis4:Conectado a Kafka en kafka:9092.
2025-07-13 18:48:29,101 - INFO - <BrokerConnection node_id=1 host=kafka:9092 <connecting> [IPv4 ('172.18.0.2', 9092)]>: connecting to kafka:9092 [('172.18.0.2', 9092) IPv4]
2025-07-13 18:48:29,103 - INFO - <BrokerConnection node_id=1 host=kafka:9092 <connecting> [IPv4 ('172.18.0.2', 9092)]>: Connection complete.
2025-07-13 18:48:29,132 - INFO - <BrokerConnection node_id=bootstrap-0 host=kafka:9092 <connected> [IPv4 ('172.18.0.2', 9092)]>: Closing connection. 
2025-07-13 18:48:30,264 - INFO - Group coordinator for adsb_redis_group is BrokerMetadata(nodeId='coordinator-1', host='kafka', port=9092, rack=None)
2025-07-13 18:48:30,267 - INFO - Discovered coordinator coordinator-1 for group adsb_redis_group
2025-07-13 18:48:30,269 - INFO - Starting new heartbeat thread
2025-07-13 18:48:30,274 - INFO - Revoking previously assigned partitions set() for group adsb_redis_group
2025-07-13 18:48:30,302 - INFO - <BrokerConnection node_id=coordinator-1 host=kafka:9092 <connecting> [IPv4 ('172.18.0.2', 9092)]>: connecting to kafka:9092 [('172.18.0.2', 9092) IPv4]
2025-07-13 18:48:30,303 - INFO - <BrokerConnection node_id=coordinator-1 host=kafka:9092 <connecting> [IPv4 ('172.18.0.2', 9092)]>: Connection complete.
2025-07-13 18:48:30,415 - INFO - (Re-)joining group adsb_redis_group
2025-07-13 18:48:30,544 - WARNING - Marking the coordinator dead (node coordinator-1) for group adsb_redis_group: [Error 16] NotCoordinatorForGroupError.
2025-07-13 18:48:30,930 - INFO - Group coordinator for adsb_redis_group is BrokerMetadata(nodeId='coordinator-1', host='kafka', port=9092, rack=None)
2025-07-13 18:48:30,943 - INFO - Discovered coordinator coordinator-1 for group adsb_redis_group
2025-07-13 18:48:30,944 - INFO - (Re-)joining group adsb_redis_group
2025-07-13 18:48:31,058 - WARNING - Marking the coordinator dead (node coordinator-1) for group adsb_redis_group: [Error 16] NotCoordinatorForGroupError.
2025-07-13 18:48:31,539 - INFO - Group coordinator for adsb_redis_group is BrokerMetadata(nodeId='coordinator-1', host='kafka', port=9092, rack=None)
2025-07-13 18:48:31,544 - INFO - Discovered coordinator coordinator-1 for group adsb_redis_group
2025-07-13 18:48:31,545 - INFO - (Re-)joining group adsb_redis_group
2025-07-13 18:48:31,553 - WARNING - Marking the coordinator dead (node coordinator-1) for group adsb_redis_group: [Error 16] NotCoordinatorForGroupError.
2025-07-13 18:48:32,054 - INFO - Group coordinator for adsb_redis_group is BrokerMetadata(nodeId='coordinator-1', host='kafka', port=9092, rack=None)
2025-07-13 18:48:32,077 - INFO - Discovered coordinator coordinator-1 for group adsb_redis_group
2025-07-13 18:48:32,094 - INFO - (Re-)joining group adsb_redis_group
2025-07-13 18:48:32,503 - WARNING - Marking the coordinator dead (node coordinator-1) for group adsb_redis_group: [Error 16] NotCoordinatorForGroupError.
2025-07-13 18:48:32,650 - INFO - Group coordinator for adsb_redis_group is BrokerMetadata(nodeId='coordinator-1', host='kafka', port=9092, rack=None)
2025-07-13 18:48:32,661 - INFO - Discovered coordinator coordinator-1 for group adsb_redis_group
2025-07-13 18:48:32,663 - INFO - (Re-)joining group adsb_redis_group
2025-07-13 18:48:32,851 - WARNING - Marking the coordinator dead (node coordinator-1) for group adsb_redis_group: [Error 16] NotCoordinatorForGroupError.
2025-07-13 18:48:32,979 - INFO - Group coordinator for adsb_redis_group is BrokerMetadata(nodeId='coordinator-1', host='kafka', port=9092, rack=None)
2025-07-13 18:48:32,980 - INFO - Discovered coordinator coordinator-1 for group adsb_redis_group
2025-07-13 18:48:32,981 - INFO - (Re-)joining group adsb_redis_group
2025-07-13 18:48:32,994 - WARNING - Marking the coordinator dead (node coordinator-1) for group adsb_redis_group: [Error 16] NotCoordinatorForGroupError.
2025-07-13 18:48:33,131 - INFO - Group coordinator for adsb_redis_group is BrokerMetadata(nodeId='coordinator-1', host='kafka', port=9092, rack=None)
2025-07-13 18:48:33,134 - INFO - Discovered coordinator coordinator-1 for group adsb_redis_group
2025-07-13 18:48:33,144 - INFO - (Re-)joining group adsb_redis_group
2025-07-13 18:48:33,154 - WARNING - Marking the coordinator dead (node coordinator-1) for group adsb_redis_group: [Error 16] NotCoordinatorForGroupError.
2025-07-13 18:48:33,331 - INFO - Group coordinator for adsb_redis_group is BrokerMetadata(nodeId='coordinator-1', host='kafka', port=9092, rack=None)
2025-07-13 18:48:33,332 - INFO - Discovered coordinator coordinator-1 for group adsb_redis_group
2025-07-13 18:48:33,335 - INFO - (Re-)joining group adsb_redis_group
2025-07-13 18:48:33,510 - WARNING - Marking the coordinator dead (node coordinator-1) for group adsb_redis_group: [Error 16] NotCoordinatorForGroupError.
2025-07-13 18:48:33,836 - INFO - Group coordinator for adsb_redis_group is BrokerMetadata(nodeId='coordinator-1', host='kafka', port=9092, rack=None)
2025-07-13 18:48:33,837 - INFO - Discovered coordinator coordinator-1 for group adsb_redis_group
2025-07-13 18:48:33,838 - INFO - (Re-)joining group adsb_redis_group
2025-07-13 18:48:33,968 - WARNING - Marking the coordinator dead (node coordinator-1) for group adsb_redis_group: [Error 16] NotCoordinatorForGroupError.
2025-07-13 18:48:34,300 - INFO - Group coordinator for adsb_redis_group is BrokerMetadata(nodeId='coordinator-1', host='kafka', port=9092, rack=None)
2025-07-13 18:48:34,301 - INFO - Discovered coordinator coordinator-1 for group adsb_redis_group
2025-07-13 18:48:34,302 - INFO - (Re-)joining group adsb_redis_group
2025-07-13 18:48:34,455 - WARNING - Marking the coordinator dead (node coordinator-1) for group adsb_redis_group: [Error 16] NotCoordinatorForGroupError.
2025-07-13 18:48:35,013 - INFO - Group coordinator for adsb_redis_group is BrokerMetadata(nodeId='coordinator-1', host='kafka', port=9092, rack=None)
2025-07-13 18:48:35,015 - INFO - Discovered coordinator coordinator-1 for group adsb_redis_group
2025-07-13 18:48:35,016 - INFO - (Re-)joining group adsb_redis_group
2025-07-13 18:48:35,175 - WARNING - Marking the coordinator dead (node coordinator-1) for group adsb_redis_group: [Error 16] NotCoordinatorForGroupError.
2025-07-13 18:48:35,398 - INFO - Group coordinator for adsb_redis_group is BrokerMetadata(nodeId='coordinator-1', host='kafka', port=9092, rack=None)
2025-07-13 18:48:35,400 - INFO - Discovered coordinator coordinator-1 for group adsb_redis_group
2025-07-13 18:48:35,401 - INFO - (Re-)joining group adsb_redis_group
2025-07-13 18:48:35,443 - WARNING - Marking the coordinator dead (node coordinator-1) for group adsb_redis_group: [Error 16] NotCoordinatorForGroupError.
2025-07-13 18:48:35,603 - INFO - Group coordinator for adsb_redis_group is BrokerMetadata(nodeId='coordinator-1', host='kafka', port=9092, rack=None)
2025-07-13 18:48:35,607 - INFO - Discovered coordinator coordinator-1 for group adsb_redis_group
2025-07-13 18:48:35,645 - INFO - (Re-)joining group adsb_redis_group
2025-07-13 18:48:35,747 - WARNING - Marking the coordinator dead (node coordinator-1) for group adsb_redis_group: [Error 16] NotCoordinatorForGroupError.
2025-07-13 18:48:36,079 - INFO - Group coordinator for adsb_redis_group is BrokerMetadata(nodeId='coordinator-1', host='kafka', port=9092, rack=None)
2025-07-13 18:48:36,116 - INFO - Discovered coordinator coordinator-1 for group adsb_redis_group
2025-07-13 18:48:36,117 - INFO - (Re-)joining group adsb_redis_group
2025-07-13 18:48:36,177 - WARNING - Marking the coordinator dead (node coordinator-1) for group adsb_redis_group: [Error 16] NotCoordinatorForGroupError.
2025-07-13 18:48:36,404 - INFO - Group coordinator for adsb_redis_group is BrokerMetadata(nodeId='coordinator-1', host='kafka', port=9092, rack=None)
2025-07-13 18:48:36,426 - INFO - Discovered coordinator coordinator-1 for group adsb_redis_group
2025-07-13 18:48:36,427 - INFO - (Re-)joining group adsb_redis_group
2025-07-13 18:48:36,480 - WARNING - Marking the coordinator dead (node coordinator-1) for group adsb_redis_group: [Error 16] NotCoordinatorForGroupError.
2025-07-13 18:48:36,748 - INFO - Group coordinator for adsb_redis_group is BrokerMetadata(nodeId='coordinator-1', host='kafka', port=9092, rack=None)
2025-07-13 18:48:36,780 - INFO - Discovered coordinator coordinator-1 for group adsb_redis_group
2025-07-13 18:48:36,812 - INFO - (Re-)joining group adsb_redis_group
2025-07-13 18:48:36,849 - WARNING - Marking the coordinator dead (node coordinator-1) for group adsb_redis_group: [Error 16] NotCoordinatorForGroupError.
2025-07-13 18:48:37,789 - INFO - Group coordinator for adsb_redis_group is BrokerMetadata(nodeId='coordinator-1', host='kafka', port=9092, rack=None)
2025-07-13 18:48:37,791 - INFO - Discovered coordinator coordinator-1 for group adsb_redis_group
2025-07-13 18:48:37,796 - INFO - (Re-)joining group adsb_redis_group
2025-07-13 18:48:38,023 - WARNING - Marking the coordinator dead (node coordinator-1) for group adsb_redis_group: [Error 16] NotCoordinatorForGroupError.
2025-07-13 18:48:38,144 - INFO - Group coordinator for adsb_redis_group is BrokerMetadata(nodeId='coordinator-1', host='kafka', port=9092, rack=None)
2025-07-13 18:48:38,145 - INFO - Discovered coordinator coordinator-1 for group adsb_redis_group
2025-07-13 18:48:38,148 - INFO - (Re-)joining group adsb_redis_group
2025-07-13 18:48:38,173 - WARNING - Marking the coordinator dead (node coordinator-1) for group adsb_redis_group: [Error 16] NotCoordinatorForGroupError.
2025-07-13 18:48:38,309 - INFO - Group coordinator for adsb_redis_group is BrokerMetadata(nodeId='coordinator-1', host='kafka', port=9092, rack=None)
2025-07-13 18:48:38,311 - INFO - Discovered coordinator coordinator-1 for group adsb_redis_group
2025-07-13 18:48:38,313 - INFO - (Re-)joining group adsb_redis_group
2025-07-13 18:48:38,339 - WARNING - Marking the coordinator dead (node coordinator-1) for group adsb_redis_group: [Error 16] NotCoordinatorForGroupError.
2025-07-13 18:48:38,463 - INFO - Group coordinator for adsb_redis_group is BrokerMetadata(nodeId='coordinator-1', host='kafka', port=9092, rack=None)
2025-07-13 18:48:38,470 - INFO - Discovered coordinator coordinator-1 for group adsb_redis_group
2025-07-13 18:48:38,476 - INFO - (Re-)joining group adsb_redis_group
2025-07-13 18:48:38,612 - WARNING - Marking the coordinator dead (node coordinator-1) for group adsb_redis_group: [Error 16] NotCoordinatorForGroupError.
2025-07-13 18:48:38,723 - INFO - Group coordinator for adsb_redis_group is BrokerMetadata(nodeId='coordinator-1', host='kafka', port=9092, rack=None)
2025-07-13 18:48:38,726 - INFO - Discovered coordinator coordinator-1 for group adsb_redis_group
2025-07-13 18:48:38,730 - INFO - (Re-)joining group adsb_redis_group
2025-07-13 18:48:38,842 - WARNING - Marking the coordinator dead (node coordinator-1) for group adsb_redis_group: [Error 16] NotCoordinatorForGroupError.
2025-07-13 18:48:38,988 - INFO - Group coordinator for adsb_redis_group is BrokerMetadata(nodeId='coordinator-1', host='kafka', port=9092, rack=None)
2025-07-13 18:48:38,991 - INFO - Discovered coordinator coordinator-1 for group adsb_redis_group
2025-07-13 18:48:38,992 - INFO - (Re-)joining group adsb_redis_group
2025-07-13 18:48:39,305 - WARNING - Marking the coordinator dead (node coordinator-1) for group adsb_redis_group: [Error 16] NotCoordinatorForGroupError.
2025-07-13 18:48:39,558 - INFO - Group coordinator for adsb_redis_group is BrokerMetadata(nodeId='coordinator-1', host='kafka', port=9092, rack=None)
2025-07-13 18:48:39,559 - INFO - Discovered coordinator coordinator-1 for group adsb_redis_group
2025-07-13 18:48:39,560 - INFO - (Re-)joining group adsb_redis_group
2025-07-13 18:48:39,606 - WARNING - Marking the coordinator dead (node coordinator-1) for group adsb_redis_group: [Error 16] NotCoordinatorForGroupError.
2025-07-13 18:48:40,507 - INFO - Group coordinator for adsb_redis_group is BrokerMetadata(nodeId='coordinator-1', host='kafka', port=9092, rack=None)
2025-07-13 18:48:40,532 - INFO - Discovered coordinator coordinator-1 for group adsb_redis_group
2025-07-13 18:48:40,683 - INFO - (Re-)joining group adsb_redis_group
2025-07-13 18:48:41,204 - WARNING - Marking the coordinator dead (node coordinator-1) for group adsb_redis_group: [Error 16] NotCoordinatorForGroupError.
2025-07-13 18:48:41,592 - INFO - Group coordinator for adsb_redis_group is BrokerMetadata(nodeId='coordinator-1', host='kafka', port=9092, rack=None)
2025-07-13 18:48:41,603 - INFO - Discovered coordinator coordinator-1 for group adsb_redis_group
2025-07-13 18:48:41,605 - INFO - (Re-)joining group adsb_redis_group
2025-07-13 18:48:41,843 - WARNING - Marking the coordinator dead (node coordinator-1) for group adsb_redis_group: [Error 16] NotCoordinatorForGroupError.
2025-07-13 18:48:42,116 - INFO - Group coordinator for adsb_redis_group is BrokerMetadata(nodeId='coordinator-1', host='kafka', port=9092, rack=None)
2025-07-13 18:48:42,212 - INFO - Discovered coordinator coordinator-1 for group adsb_redis_group
2025-07-13 18:48:42,215 - INFO - (Re-)joining group adsb_redis_group
2025-07-13 18:48:43,297 - WARNING - Marking the coordinator dead (node coordinator-1) for group adsb_redis_group: [Error 16] NotCoordinatorForGroupError.
2025-07-13 18:48:43,729 - INFO - Group coordinator for adsb_redis_group is BrokerMetadata(nodeId='coordinator-1', host='kafka', port=9092, rack=None)
2025-07-13 18:48:43,731 - INFO - Discovered coordinator coordinator-1 for group adsb_redis_group
2025-07-13 18:48:43,747 - INFO - (Re-)joining group adsb_redis_group
2025-07-13 18:48:43,767 - WARNING - Marking the coordinator dead (node coordinator-1) for group adsb_redis_group: [Error 16] NotCoordinatorForGroupError.
2025-07-13 18:48:44,156 - INFO - Group coordinator for adsb_redis_group is BrokerMetadata(nodeId='coordinator-1', host='kafka', port=9092, rack=None)
2025-07-13 18:48:44,164 - INFO - Discovered coordinator coordinator-1 for group adsb_redis_group
2025-07-13 18:48:44,165 - INFO - (Re-)joining group adsb_redis_group
2025-07-13 18:48:44,174 - WARNING - Marking the coordinator dead (node coordinator-1) for group adsb_redis_group: [Error 16] NotCoordinatorForGroupError.
2025-07-13 18:48:44,528 - INFO - Group coordinator for adsb_redis_group is BrokerMetadata(nodeId='coordinator-1', host='kafka', port=9092, rack=None)
2025-07-13 18:48:44,532 - INFO - Discovered coordinator coordinator-1 for group adsb_redis_group
2025-07-13 18:48:44,534 - INFO - (Re-)joining group adsb_redis_group
2025-07-13 18:48:44,590 - WARNING - Marking the coordinator dead (node coordinator-1) for group adsb_redis_group: [Error 16] NotCoordinatorForGroupError.
2025-07-13 18:48:44,765 - INFO - Group coordinator for adsb_redis_group is BrokerMetadata(nodeId='coordinator-1', host='kafka', port=9092, rack=None)
2025-07-13 18:48:44,767 - INFO - Discovered coordinator coordinator-1 for group adsb_redis_group
2025-07-13 18:48:44,770 - INFO - (Re-)joining group adsb_redis_group
2025-07-13 18:48:44,833 - WARNING - Marking the coordinator dead (node coordinator-1) for group adsb_redis_group: [Error 16] NotCoordinatorForGroupError.
2025-07-13 18:48:45,106 - INFO - Group coordinator for adsb_redis_group is BrokerMetadata(nodeId='coordinator-1', host='kafka', port=9092, rack=None)
2025-07-13 18:48:45,107 - INFO - Discovered coordinator coordinator-1 for group adsb_redis_group
2025-07-13 18:48:45,108 - INFO - (Re-)joining group adsb_redis_group
2025-07-13 18:48:45,147 - WARNING - Marking the coordinator dead (node coordinator-1) for group adsb_redis_group: [Error 16] NotCoordinatorForGroupError.
2025-07-13 18:48:45,389 - INFO - Group coordinator for adsb_redis_group is BrokerMetadata(nodeId='coordinator-1', host='kafka', port=9092, rack=None)
2025-07-13 18:48:45,406 - INFO - Discovered coordinator coordinator-1 for group adsb_redis_group
2025-07-13 18:48:45,406 - INFO - (Re-)joining group adsb_redis_group
2025-07-13 18:48:45,487 - WARNING - Marking the coordinator dead (node coordinator-1) for group adsb_redis_group: [Error 16] NotCoordinatorForGroupError.
2025-07-13 18:48:45,645 - INFO - Group coordinator for adsb_redis_group is BrokerMetadata(nodeId='coordinator-1', host='kafka', port=9092, rack=None)
2025-07-13 18:48:45,657 - INFO - Discovered coordinator coordinator-1 for group adsb_redis_group
2025-07-13 18:48:45,658 - INFO - (Re-)joining group adsb_redis_group
2025-07-13 18:48:45,692 - WARNING - Marking the coordinator dead (node coordinator-1) for group adsb_redis_group: [Error 16] NotCoordinatorForGroupError.
2025-07-13 18:48:45,867 - INFO - Group coordinator for adsb_redis_group is BrokerMetadata(nodeId='coordinator-1', host='kafka', port=9092, rack=None)
2025-07-13 18:48:45,895 - INFO - Discovered coordinator coordinator-1 for group adsb_redis_group
2025-07-13 18:48:45,899 - INFO - (Re-)joining group adsb_redis_group
2025-07-13 18:48:46,045 - WARNING - Marking the coordinator dead (node coordinator-1) for group adsb_redis_group: [Error 16] NotCoordinatorForGroupError.
2025-07-13 18:48:46,170 - INFO - Group coordinator for adsb_redis_group is BrokerMetadata(nodeId='coordinator-1', host='kafka', port=9092, rack=None)
2025-07-13 18:48:46,171 - INFO - Discovered coordinator coordinator-1 for group adsb_redis_group
2025-07-13 18:48:46,195 - INFO - (Re-)joining group adsb_redis_group
2025-07-13 18:48:46,201 - WARNING - Marking the coordinator dead (node coordinator-1) for group adsb_redis_group: [Error 16] NotCoordinatorForGroupError.
2025-07-13 18:48:46,341 - INFO - Group coordinator for adsb_redis_group is BrokerMetadata(nodeId='coordinator-1', host='kafka', port=9092, rack=None)
2025-07-13 18:48:46,342 - INFO - Discovered coordinator coordinator-1 for group adsb_redis_group
2025-07-13 18:48:46,344 - INFO - (Re-)joining group adsb_redis_group
2025-07-13 18:48:46,617 - WARNING - Marking the coordinator dead (node coordinator-1) for group adsb_redis_group: [Error 16] NotCoordinatorForGroupError.
2025-07-13 18:48:46,741 - INFO - Group coordinator for adsb_redis_group is BrokerMetadata(nodeId='coordinator-1', host='kafka', port=9092, rack=None)
2025-07-13 18:48:46,742 - INFO - Discovered coordinator coordinator-1 for group adsb_redis_group
2025-07-13 18:48:46,745 - INFO - (Re-)joining group adsb_redis_group
2025-07-13 18:48:46,785 - WARNING - Marking the coordinator dead (node coordinator-1) for group adsb_redis_group: [Error 16] NotCoordinatorForGroupError.
2025-07-13 18:48:46,931 - INFO - Group coordinator for adsb_redis_group is BrokerMetadata(nodeId='coordinator-1', host='kafka', port=9092, rack=None)
2025-07-13 18:48:46,932 - INFO - Discovered coordinator coordinator-1 for group adsb_redis_group
2025-07-13 18:48:46,933 - INFO - (Re-)joining group adsb_redis_group
2025-07-13 18:48:46,948 - WARNING - Marking the coordinator dead (node coordinator-1) for group adsb_redis_group: [Error 16] NotCoordinatorForGroupError.
2025-07-13 18:48:47,976 - INFO - Group coordinator for adsb_redis_group is BrokerMetadata(nodeId='coordinator-1', host='kafka', port=9092, rack=None)
2025-07-13 18:48:47,985 - INFO - Discovered coordinator coordinator-1 for group adsb_redis_group
2025-07-13 18:48:47,989 - INFO - (Re-)joining group adsb_redis_group
2025-07-13 18:48:48,199 - WARNING - Marking the coordinator dead (node coordinator-1) for group adsb_redis_group: [Error 16] NotCoordinatorForGroupError.
2025-07-13 18:48:49,232 - INFO - Group coordinator for adsb_redis_group is BrokerMetadata(nodeId='coordinator-1', host='kafka', port=9092, rack=None)
2025-07-13 18:48:49,236 - INFO - Discovered coordinator coordinator-1 for group adsb_redis_group
2025-07-13 18:48:49,240 - INFO - (Re-)joining group adsb_redis_group
2025-07-13 18:48:49,271 - WARNING - Marking the coordinator dead (node coordinator-1) for group adsb_redis_group: [Error 16] NotCoordinatorForGroupError.
2025-07-13 18:48:49,888 - INFO - Group coordinator for adsb_redis_group is BrokerMetadata(nodeId='coordinator-1', host='kafka', port=9092, rack=None)
2025-07-13 18:48:50,094 - INFO - Discovered coordinator coordinator-1 for group adsb_redis_group
2025-07-13 18:48:50,154 - INFO - (Re-)joining group adsb_redis_group
2025-07-13 18:48:50,418 - WARNING - Marking the coordinator dead (node coordinator-1) for group adsb_redis_group: [Error 16] NotCoordinatorForGroupError.
2025-07-13 18:48:51,792 - INFO - Group coordinator for adsb_redis_group is BrokerMetadata(nodeId='coordinator-1', host='kafka', port=9092, rack=None)
2025-07-13 18:48:51,876 - INFO - Discovered coordinator coordinator-1 for group adsb_redis_group
2025-07-13 18:48:52,224 - INFO - (Re-)joining group adsb_redis_group
2025-07-13 18:48:52,866 - WARNING - Marking the coordinator dead (node coordinator-1) for group adsb_redis_group: [Error 16] NotCoordinatorForGroupError.
2025-07-13 18:48:52,972 - INFO - Group coordinator for adsb_redis_group is BrokerMetadata(nodeId='coordinator-1', host='kafka', port=9092, rack=None)
2025-07-13 18:48:52,973 - INFO - Discovered coordinator coordinator-1 for group adsb_redis_group
2025-07-13 18:48:52,974 - INFO - (Re-)joining group adsb_redis_group
2025-07-13 18:48:53,314 - WARNING - Marking the coordinator dead (node coordinator-1) for group adsb_redis_group: [Error 16] NotCoordinatorForGroupError.
2025-07-13 18:48:53,605 - INFO - Group coordinator for adsb_redis_group is BrokerMetadata(nodeId='coordinator-1', host='kafka', port=9092, rack=None)
2025-07-13 18:48:53,746 - INFO - Discovered coordinator coordinator-1 for group adsb_redis_group
2025-07-13 18:48:53,746 - INFO - (Re-)joining group adsb_redis_group
2025-07-13 18:48:55,478 - WARNING - Marking the coordinator dead (node coordinator-1) for group adsb_redis_group: [Error 16] NotCoordinatorForGroupError.
2025-07-13 18:48:56,001 - INFO - Group coordinator for adsb_redis_group is BrokerMetadata(nodeId='coordinator-1', host='kafka', port=9092, rack=None)
2025-07-13 18:48:56,027 - INFO - Discovered coordinator coordinator-1 for group adsb_redis_group
2025-07-13 18:48:56,028 - INFO - (Re-)joining group adsb_redis_group
2025-07-13 18:48:56,156 - WARNING - Marking the coordinator dead (node coordinator-1) for group adsb_redis_group: [Error 16] NotCoordinatorForGroupError.
2025-07-13 18:48:56,453 - INFO - Group coordinator for adsb_redis_group is BrokerMetadata(nodeId='coordinator-1', host='kafka', port=9092, rack=None)
2025-07-13 18:48:56,456 - INFO - Discovered coordinator coordinator-1 for group adsb_redis_group
2025-07-13 18:48:56,523 - INFO - (Re-)joining group adsb_redis_group
2025-07-13 18:48:56,768 - WARNING - Marking the coordinator dead (node coordinator-1) for group adsb_redis_group: [Error 16] NotCoordinatorForGroupError.
2025-07-13 18:48:56,876 - INFO - Group coordinator for adsb_redis_group is BrokerMetadata(nodeId='coordinator-1', host='kafka', port=9092, rack=None)
2025-07-13 18:48:56,880 - INFO - Discovered coordinator coordinator-1 for group adsb_redis_group
2025-07-13 18:48:56,881 - INFO - (Re-)joining group adsb_redis_group
2025-07-13 18:48:57,159 - WARNING - Marking the coordinator dead (node coordinator-1) for group adsb_redis_group: [Error 16] NotCoordinatorForGroupError.
2025-07-13 18:48:57,331 - INFO - Group coordinator for adsb_redis_group is BrokerMetadata(nodeId='coordinator-1', host='kafka', port=9092, rack=None)
2025-07-13 18:48:57,332 - INFO - Discovered coordinator coordinator-1 for group adsb_redis_group
2025-07-13 18:48:57,339 - INFO - (Re-)joining group adsb_redis_group
2025-07-13 18:48:57,394 - WARNING - Marking the coordinator dead (node coordinator-1) for group adsb_redis_group: [Error 16] NotCoordinatorForGroupError.
2025-07-13 18:48:57,510 - INFO - Group coordinator for adsb_redis_group is BrokerMetadata(nodeId='coordinator-1', host='kafka', port=9092, rack=None)
2025-07-13 18:48:57,511 - INFO - Discovered coordinator coordinator-1 for group adsb_redis_group
2025-07-13 18:48:57,516 - INFO - (Re-)joining group adsb_redis_group
2025-07-13 18:48:57,638 - WARNING - Marking the coordinator dead (node coordinator-1) for group adsb_redis_group: [Error 16] NotCoordinatorForGroupError.
2025-07-13 18:48:57,798 - INFO - Group coordinator for adsb_redis_group is BrokerMetadata(nodeId='coordinator-1', host='kafka', port=9092, rack=None)
2025-07-13 18:48:57,801 - INFO - Discovered coordinator coordinator-1 for group adsb_redis_group
2025-07-13 18:48:57,801 - INFO - (Re-)joining group adsb_redis_group
2025-07-13 18:48:57,833 - WARNING - Marking the coordinator dead (node coordinator-1) for group adsb_redis_group: [Error 16] NotCoordinatorForGroupError.
2025-07-13 18:48:58,195 - INFO - Group coordinator for adsb_redis_group is BrokerMetadata(nodeId='coordinator-1', host='kafka', port=9092, rack=None)
2025-07-13 18:48:58,216 - INFO - Discovered coordinator coordinator-1 for group adsb_redis_group
2025-07-13 18:48:58,229 - INFO - (Re-)joining group adsb_redis_group
2025-07-13 18:48:58,385 - WARNING - Marking the coordinator dead (node coordinator-1) for group adsb_redis_group: [Error 16] NotCoordinatorForGroupError.
2025-07-13 18:48:59,108 - INFO - Group coordinator for adsb_redis_group is BrokerMetadata(nodeId='coordinator-1', host='kafka', port=9092, rack=None)
2025-07-13 18:48:59,110 - INFO - Discovered coordinator coordinator-1 for group adsb_redis_group
2025-07-13 18:48:59,138 - INFO - (Re-)joining group adsb_redis_group
2025-07-13 18:48:59,212 - WARNING - Marking the coordinator dead (node coordinator-1) for group adsb_redis_group: [Error 16] NotCoordinatorForGroupError.
2025-07-13 18:48:59,593 - INFO - Group coordinator for adsb_redis_group is BrokerMetadata(nodeId='coordinator-1', host='kafka', port=9092, rack=None)
2025-07-13 18:48:59,594 - INFO - Discovered coordinator coordinator-1 for group adsb_redis_group
2025-07-13 18:48:59,595 - INFO - (Re-)joining group adsb_redis_group
2025-07-13 18:48:59,629 - WARNING - Marking the coordinator dead (node coordinator-1) for group adsb_redis_group: [Error 16] NotCoordinatorForGroupError.
2025-07-13 18:48:59,816 - INFO - Group coordinator for adsb_redis_group is BrokerMetadata(nodeId='coordinator-1', host='kafka', port=9092, rack=None)
2025-07-13 18:48:59,829 - INFO - Discovered coordinator coordinator-1 for group adsb_redis_group
2025-07-13 18:48:59,831 - INFO - (Re-)joining group adsb_redis_group
2025-07-13 18:49:00,268 - WARNING - Marking the coordinator dead (node coordinator-1) for group adsb_redis_group: [Error 16] NotCoordinatorForGroupError.
2025-07-13 18:49:00,830 - INFO - Group coordinator for adsb_redis_group is BrokerMetadata(nodeId='coordinator-1', host='kafka', port=9092, rack=None)
2025-07-13 18:49:00,832 - INFO - Discovered coordinator coordinator-1 for group adsb_redis_group
2025-07-13 18:49:00,833 - INFO - (Re-)joining group adsb_redis_group
2025-07-13 18:49:01,038 - WARNING - Marking the coordinator dead (node coordinator-1) for group adsb_redis_group: [Error 16] NotCoordinatorForGroupError.
2025-07-13 18:49:01,391 - INFO - Group coordinator for adsb_redis_group is BrokerMetadata(nodeId='coordinator-1', host='kafka', port=9092, rack=None)
2025-07-13 18:49:01,405 - INFO - Discovered coordinator coordinator-1 for group adsb_redis_group
2025-07-13 18:49:01,489 - INFO - (Re-)joining group adsb_redis_group
2025-07-13 18:49:01,772 - WARNING - Marking the coordinator dead (node coordinator-1) for group adsb_redis_group: [Error 16] NotCoordinatorForGroupError.
2025-07-13 18:49:02,056 - INFO - Group coordinator for adsb_redis_group is BrokerMetadata(nodeId='coordinator-1', host='kafka', port=9092, rack=None)
2025-07-13 18:49:02,065 - INFO - Discovered coordinator coordinator-1 for group adsb_redis_group
2025-07-13 18:49:02,097 - INFO - (Re-)joining group adsb_redis_group
2025-07-13 18:49:02,141 - WARNING - Marking the coordinator dead (node coordinator-1) for group adsb_redis_group: [Error 16] NotCoordinatorForGroupError.
2025-07-13 18:49:02,342 - INFO - Group coordinator for adsb_redis_group is BrokerMetadata(nodeId='coordinator-1', host='kafka', port=9092, rack=None)
2025-07-13 18:49:02,345 - INFO - Discovered coordinator coordinator-1 for group adsb_redis_group
2025-07-13 18:49:02,345 - INFO - (Re-)joining group adsb_redis_group
2025-07-13 18:49:02,372 - WARNING - Marking the coordinator dead (node coordinator-1) for group adsb_redis_group: [Error 16] NotCoordinatorForGroupError.
2025-07-13 18:49:02,664 - INFO - Group coordinator for adsb_redis_group is BrokerMetadata(nodeId='coordinator-1', host='kafka', port=9092, rack=None)
2025-07-13 18:49:02,666 - INFO - Discovered coordinator coordinator-1 for group adsb_redis_group
2025-07-13 18:49:02,672 - INFO - (Re-)joining group adsb_redis_group
2025-07-13 18:49:03,478 - WARNING - Marking the coordinator dead (node coordinator-1) for group adsb_redis_group: [Error 16] NotCoordinatorForGroupError.
2025-07-13 18:49:03,775 - INFO - Group coordinator for adsb_redis_group is BrokerMetadata(nodeId='coordinator-1', host='kafka', port=9092, rack=None)
2025-07-13 18:49:03,776 - INFO - Discovered coordinator coordinator-1 for group adsb_redis_group
2025-07-13 18:49:03,776 - INFO - (Re-)joining group adsb_redis_group
2025-07-13 18:49:03,783 - WARNING - Marking the coordinator dead (node coordinator-1) for group adsb_redis_group: [Error 16] NotCoordinatorForGroupError.
2025-07-13 18:49:03,923 - INFO - Group coordinator for adsb_redis_group is BrokerMetadata(nodeId='coordinator-1', host='kafka', port=9092, rack=None)
2025-07-13 18:49:03,926 - INFO - Discovered coordinator coordinator-1 for group adsb_redis_group
2025-07-13 18:49:03,929 - INFO - (Re-)joining group adsb_redis_group
2025-07-13 18:49:04,016 - WARNING - Marking the coordinator dead (node coordinator-1) for group adsb_redis_group: [Error 16] NotCoordinatorForGroupError.
2025-07-13 18:49:04,266 - INFO - Group coordinator for adsb_redis_group is BrokerMetadata(nodeId='coordinator-1', host='kafka', port=9092, rack=None)
2025-07-13 18:49:04,269 - INFO - Discovered coordinator coordinator-1 for group adsb_redis_group
2025-07-13 18:49:04,284 - INFO - (Re-)joining group adsb_redis_group
2025-07-13 18:49:04,328 - WARNING - Marking the coordinator dead (node coordinator-1) for group adsb_redis_group: [Error 16] NotCoordinatorForGroupError.
2025-07-13 18:49:04,591 - INFO - Group coordinator for adsb_redis_group is BrokerMetadata(nodeId='coordinator-1', host='kafka', port=9092, rack=None)
2025-07-13 18:49:04,598 - INFO - Discovered coordinator coordinator-1 for group adsb_redis_group
2025-07-13 18:49:04,749 - INFO - (Re-)joining group adsb_redis_group
2025-07-13 18:49:04,876 - WARNING - Marking the coordinator dead (node coordinator-1) for group adsb_redis_group: [Error 16] NotCoordinatorForGroupError.
2025-07-13 18:49:05,355 - INFO - Group coordinator for adsb_redis_group is BrokerMetadata(nodeId='coordinator-1', host='kafka', port=9092, rack=None)
2025-07-13 18:49:05,358 - INFO - Discovered coordinator coordinator-1 for group adsb_redis_group
2025-07-13 18:49:05,366 - INFO - (Re-)joining group adsb_redis_group
2025-07-13 18:49:05,533 - WARNING - Marking the coordinator dead (node coordinator-1) for group adsb_redis_group: [Error 16] NotCoordinatorForGroupError.
2025-07-13 18:49:05,702 - INFO - Group coordinator for adsb_redis_group is BrokerMetadata(nodeId='coordinator-1', host='kafka', port=9092, rack=None)
2025-07-13 18:49:05,704 - INFO - Discovered coordinator coordinator-1 for group adsb_redis_group
2025-07-13 18:49:05,704 - INFO - (Re-)joining group adsb_redis_group
2025-07-13 18:49:05,738 - WARNING - Marking the coordinator dead (node coordinator-1) for group adsb_redis_group: [Error 16] NotCoordinatorForGroupError.
2025-07-13 18:49:05,907 - INFO - Group coordinator for adsb_redis_group is BrokerMetadata(nodeId='coordinator-1', host='kafka', port=9092, rack=None)
2025-07-13 18:49:05,911 - INFO - Discovered coordinator coordinator-1 for group adsb_redis_group
2025-07-13 18:49:05,911 - INFO - (Re-)joining group adsb_redis_group
2025-07-13 18:49:05,949 - WARNING - Marking the coordinator dead (node coordinator-1) for group adsb_redis_group: [Error 16] NotCoordinatorForGroupError.
2025-07-13 18:49:06,177 - INFO - Group coordinator for adsb_redis_group is BrokerMetadata(nodeId='coordinator-1', host='kafka', port=9092, rack=None)
2025-07-13 18:49:06,178 - INFO - Discovered coordinator coordinator-1 for group adsb_redis_group
2025-07-13 18:49:06,218 - INFO - (Re-)joining group adsb_redis_group
2025-07-13 18:49:06,417 - WARNING - Marking the coordinator dead (node coordinator-1) for group adsb_redis_group: [Error 16] NotCoordinatorForGroupError.
2025-07-13 18:49:06,668 - INFO - Group coordinator for adsb_redis_group is BrokerMetadata(nodeId='coordinator-1', host='kafka', port=9092, rack=None)
2025-07-13 18:49:06,702 - INFO - Discovered coordinator coordinator-1 for group adsb_redis_group
2025-07-13 18:49:06,708 - INFO - (Re-)joining group adsb_redis_group
2025-07-13 18:49:06,819 - WARNING - Marking the coordinator dead (node coordinator-1) for group adsb_redis_group: [Error 16] NotCoordinatorForGroupError.
2025-07-13 18:49:06,941 - INFO - Group coordinator for adsb_redis_group is BrokerMetadata(nodeId='coordinator-1', host='kafka', port=9092, rack=None)
2025-07-13 18:49:06,946 - INFO - Discovered coordinator coordinator-1 for group adsb_redis_group
2025-07-13 18:49:06,949 - INFO - (Re-)joining group adsb_redis_group
2025-07-13 18:49:06,987 - WARNING - Marking the coordinator dead (node coordinator-1) for group adsb_redis_group: [Error 16] NotCoordinatorForGroupError.
2025-07-13 18:49:07,113 - INFO - Group coordinator for adsb_redis_group is BrokerMetadata(nodeId='coordinator-1', host='kafka', port=9092, rack=None)
2025-07-13 18:49:07,115 - INFO - Discovered coordinator coordinator-1 for group adsb_redis_group
2025-07-13 18:49:07,115 - INFO - (Re-)joining group adsb_redis_group
2025-07-13 18:49:07,147 - WARNING - Marking the coordinator dead (node coordinator-1) for group adsb_redis_group: [Error 16] NotCoordinatorForGroupError.
2025-07-13 18:49:07,634 - INFO - Group coordinator for adsb_redis_group is BrokerMetadata(nodeId='coordinator-1', host='kafka', port=9092, rack=None)
2025-07-13 18:49:07,637 - INFO - Discovered coordinator coordinator-1 for group adsb_redis_group
2025-07-13 18:49:07,638 - INFO - (Re-)joining group adsb_redis_group
2025-07-13 18:49:07,685 - WARNING - Marking the coordinator dead (node coordinator-1) for group adsb_redis_group: [Error 16] NotCoordinatorForGroupError.
2025-07-13 18:49:08,017 - INFO - Group coordinator for adsb_redis_group is BrokerMetadata(nodeId='coordinator-1', host='kafka', port=9092, rack=None)
2025-07-13 18:49:08,018 - INFO - Discovered coordinator coordinator-1 for group adsb_redis_group
2025-07-13 18:49:08,019 - INFO - (Re-)joining group adsb_redis_group
2025-07-13 18:49:08,034 - WARNING - Marking the coordinator dead (node coordinator-1) for group adsb_redis_group: [Error 16] NotCoordinatorForGroupError.
2025-07-13 18:49:08,207 - INFO - Group coordinator for adsb_redis_group is BrokerMetadata(nodeId='coordinator-1', host='kafka', port=9092, rack=None)
2025-07-13 18:49:08,209 - INFO - Discovered coordinator coordinator-1 for group adsb_redis_group
2025-07-13 18:49:08,210 - INFO - (Re-)joining group adsb_redis_group
2025-07-13 18:49:08,216 - WARNING - Marking the coordinator dead (node coordinator-1) for group adsb_redis_group: [Error 16] NotCoordinatorForGroupError.
2025-07-13 18:49:08,463 - INFO - Group coordinator for adsb_redis_group is BrokerMetadata(nodeId='coordinator-1', host='kafka', port=9092, rack=None)
2025-07-13 18:49:08,464 - INFO - Discovered coordinator coordinator-1 for group adsb_redis_group
2025-07-13 18:49:08,464 - INFO - (Re-)joining group adsb_redis_group
2025-07-13 18:49:08,472 - WARNING - Marking the coordinator dead (node coordinator-1) for group adsb_redis_group: [Error 16] NotCoordinatorForGroupError.
2025-07-13 18:49:08,600 - INFO - Group coordinator for adsb_redis_group is BrokerMetadata(nodeId='coordinator-1', host='kafka', port=9092, rack=None)
2025-07-13 18:49:08,601 - INFO - Discovered coordinator coordinator-1 for group adsb_redis_group
2025-07-13 18:49:08,602 - INFO - (Re-)joining group adsb_redis_group
2025-07-13 18:49:08,616 - WARNING - Marking the coordinator dead (node coordinator-1) for group adsb_redis_group: [Error 16] NotCoordinatorForGroupError.
2025-07-13 18:49:08,820 - INFO - Group coordinator for adsb_redis_group is BrokerMetadata(nodeId='coordinator-1', host='kafka', port=9092, rack=None)
2025-07-13 18:49:08,822 - INFO - Discovered coordinator coordinator-1 for group adsb_redis_group
2025-07-13 18:49:08,826 - INFO - (Re-)joining group adsb_redis_group
2025-07-13 18:49:08,841 - WARNING - Marking the coordinator dead (node coordinator-1) for group adsb_redis_group: [Error 16] NotCoordinatorForGroupError.
2025-07-13 18:49:09,053 - INFO - Group coordinator for adsb_redis_group is BrokerMetadata(nodeId='coordinator-1', host='kafka', port=9092, rack=None)
2025-07-13 18:49:09,056 - INFO - Discovered coordinator coordinator-1 for group adsb_redis_group
2025-07-13 18:49:09,059 - INFO - (Re-)joining group adsb_redis_group
2025-07-13 18:49:09,068 - WARNING - Marking the coordinator dead (node coordinator-1) for group adsb_redis_group: [Error 16] NotCoordinatorForGroupError.
2025-07-13 18:49:09,176 - INFO - Group coordinator for adsb_redis_group is BrokerMetadata(nodeId='coordinator-1', host='kafka', port=9092, rack=None)
2025-07-13 18:49:09,177 - INFO - Discovered coordinator coordinator-1 for group adsb_redis_group
2025-07-13 18:49:09,178 - INFO - (Re-)joining group adsb_redis_group
2025-07-13 18:49:09,193 - WARNING - Marking the coordinator dead (node coordinator-1) for group adsb_redis_group: [Error 16] NotCoordinatorForGroupError.
2025-07-13 18:49:09,338 - INFO - Group coordinator for adsb_redis_group is BrokerMetadata(nodeId='coordinator-1', host='kafka', port=9092, rack=None)
2025-07-13 18:49:09,344 - INFO - Discovered coordinator coordinator-1 for group adsb_redis_group
2025-07-13 18:49:09,346 - INFO - (Re-)joining group adsb_redis_group
2025-07-13 18:49:09,366 - WARNING - Marking the coordinator dead (node coordinator-1) for group adsb_redis_group: [Error 16] NotCoordinatorForGroupError.
2025-07-13 18:49:09,485 - INFO - Group coordinator for adsb_redis_group is BrokerMetadata(nodeId='coordinator-1', host='kafka', port=9092, rack=None)
2025-07-13 18:49:09,486 - INFO - Discovered coordinator coordinator-1 for group adsb_redis_group
2025-07-13 18:49:09,492 - INFO - (Re-)joining group adsb_redis_group
2025-07-13 18:49:09,515 - WARNING - Marking the coordinator dead (node coordinator-1) for group adsb_redis_group: [Error 16] NotCoordinatorForGroupError.
2025-07-13 18:49:09,645 - INFO - Group coordinator for adsb_redis_group is BrokerMetadata(nodeId='coordinator-1', host='kafka', port=9092, rack=None)
2025-07-13 18:49:09,656 - INFO - Discovered coordinator coordinator-1 for group adsb_redis_group
2025-07-13 18:49:09,660 - INFO - (Re-)joining group adsb_redis_group
2025-07-13 18:49:09,663 - WARNING - Marking the coordinator dead (node coordinator-1) for group adsb_redis_group: [Error 16] NotCoordinatorForGroupError.
2025-07-13 18:49:09,779 - INFO - Group coordinator for adsb_redis_group is BrokerMetadata(nodeId='coordinator-1', host='kafka', port=9092, rack=None)
2025-07-13 18:49:09,789 - INFO - Discovered coordinator coordinator-1 for group adsb_redis_group
2025-07-13 18:49:09,805 - INFO - (Re-)joining group adsb_redis_group
2025-07-13 18:49:09,937 - WARNING - Marking the coordinator dead (node coordinator-1) for group adsb_redis_group: [Error 16] NotCoordinatorForGroupError.
2025-07-13 18:49:10,088 - INFO - Group coordinator for adsb_redis_group is BrokerMetadata(nodeId='coordinator-1', host='kafka', port=9092, rack=None)
2025-07-13 18:49:10,089 - INFO - Discovered coordinator coordinator-1 for group adsb_redis_group
2025-07-13 18:49:10,091 - INFO - (Re-)joining group adsb_redis_group
2025-07-13 18:49:10,104 - WARNING - Marking the coordinator dead (node coordinator-1) for group adsb_redis_group: [Error 16] NotCoordinatorForGroupError.
2025-07-13 18:49:10,233 - INFO - Group coordinator for adsb_redis_group is BrokerMetadata(nodeId='coordinator-1', host='kafka', port=9092, rack=None)
2025-07-13 18:49:10,235 - INFO - Discovered coordinator coordinator-1 for group adsb_redis_group
2025-07-13 18:49:10,239 - INFO - (Re-)joining group adsb_redis_group
2025-07-13 18:49:10,274 - WARNING - Marking the coordinator dead (node coordinator-1) for group adsb_redis_group: [Error 16] NotCoordinatorForGroupError.
2025-07-13 18:49:10,840 - INFO - Group coordinator for adsb_redis_group is BrokerMetadata(nodeId='coordinator-1', host='kafka', port=9092, rack=None)
2025-07-13 18:49:10,843 - INFO - Discovered coordinator coordinator-1 for group adsb_redis_group
2025-07-13 18:49:10,873 - INFO - (Re-)joining group adsb_redis_group
2025-07-13 18:49:11,053 - WARNING - Marking the coordinator dead (node coordinator-1) for group adsb_redis_group: [Error 16] NotCoordinatorForGroupError.
2025-07-13 18:49:11,267 - INFO - Group coordinator for adsb_redis_group is BrokerMetadata(nodeId='coordinator-1', host='kafka', port=9092, rack=None)
2025-07-13 18:49:11,268 - INFO - Discovered coordinator coordinator-1 for group adsb_redis_group
2025-07-13 18:49:11,269 - INFO - (Re-)joining group adsb_redis_group
2025-07-13 18:49:11,755 - WARNING - Marking the coordinator dead (node coordinator-1) for group adsb_redis_group: [Error 16] NotCoordinatorForGroupError.
2025-07-13 18:49:11,951 - INFO - Group coordinator for adsb_redis_group is BrokerMetadata(nodeId='coordinator-1', host='kafka', port=9092, rack=None)
2025-07-13 18:49:11,956 - INFO - Discovered coordinator coordinator-1 for group adsb_redis_group
2025-07-13 18:49:11,957 - INFO - (Re-)joining group adsb_redis_group
2025-07-13 18:49:12,096 - WARNING - Marking the coordinator dead (node coordinator-1) for group adsb_redis_group: [Error 16] NotCoordinatorForGroupError.
2025-07-13 18:49:12,237 - INFO - Group coordinator for adsb_redis_group is BrokerMetadata(nodeId='coordinator-1', host='kafka', port=9092, rack=None)
2025-07-13 18:49:12,238 - INFO - Discovered coordinator coordinator-1 for group adsb_redis_group
2025-07-13 18:49:12,239 - INFO - (Re-)joining group adsb_redis_group
2025-07-13 18:49:12,264 - WARNING - Marking the coordinator dead (node coordinator-1) for group adsb_redis_group: [Error 16] NotCoordinatorForGroupError.
2025-07-13 18:49:12,378 - INFO - Group coordinator for adsb_redis_group is BrokerMetadata(nodeId='coordinator-1', host='kafka', port=9092, rack=None)
2025-07-13 18:49:12,382 - INFO - Discovered coordinator coordinator-1 for group adsb_redis_group
2025-07-13 18:49:12,383 - INFO - (Re-)joining group adsb_redis_group
2025-07-13 18:49:12,416 - WARNING - Marking the coordinator dead (node coordinator-1) for group adsb_redis_group: [Error 16] NotCoordinatorForGroupError.
2025-07-13 18:49:12,572 - INFO - Group coordinator for adsb_redis_group is BrokerMetadata(nodeId='coordinator-1', host='kafka', port=9092, rack=None)
2025-07-13 18:49:12,572 - INFO - Discovered coordinator coordinator-1 for group adsb_redis_group
2025-07-13 18:49:12,573 - INFO - (Re-)joining group adsb_redis_group
2025-07-13 18:49:20,074 - INFO - Successfully joined group adsb_redis_group with generation 1
2025-07-13 18:49:20,081 - INFO - Updated partition assignment: [TopicPartition(topic='adsb.aeronaves', partition=3)]
2025-07-13 18:49:20,100 - INFO - Setting newly assigned partitions {TopicPartition(topic='adsb.aeronaves', partition=3)} for group adsb_redis_group
2025-07-13 18:50:43,658 - INFO - consumidor_redis4***Latencia_mensajeria***3030.9317111968994***ms
2025-07-13 18:50:44,891 - INFO - consumidor_redis4: 373 insertadas en Redis.
2025-07-13 18:50:45,692 - INFO - consumidor_redis4***Latencia_ConsumidorRedis***2034.2819690704346***ms
2025-07-13 18:50:45,931 - INFO - consumidor_redis4***Latencia_mensajeria***5180.775880813599***ms
2025-07-13 18:50:47,492 - INFO - consumidor_redis4: 382 insertadas en Redis.
2025-07-13 18:50:47,545 - INFO - consumidor_redis4***Latencia_ConsumidorRedis***1613.5938167572021***ms
2025-07-13 18:50:47,559 - INFO - consumidor_redis4***Latencia_mensajeria***6778.301239013672***ms
2025-07-13 18:50:48,336 - INFO - consumidor_redis4: 386 insertadas en Redis.
2025-07-13 18:50:48,338 - INFO - consumidor_redis4***Latencia_ConsumidorRedis***779.0272235870361***ms
2025-07-13 18:50:49,988 - INFO - consumidor_redis4***Latencia_mensajeria***415.7137870788574***ms
2025-07-13 18:50:51,296 - INFO - consumidor_redis4: 385 insertadas en Redis.
2025-07-13 18:50:51,316 - INFO - consumidor_redis4***Latencia_ConsumidorRedis***1327.8706073760986***ms
2025-07-13 18:50:51,360 - INFO - consumidor_redis4***Latencia_mensajeria***1632.042646408081***ms
2025-07-13 18:50:53,965 - INFO - consumidor_redis4: 383 insertadas en Redis.
2025-07-13 18:50:53,967 - INFO - consumidor_redis4***Latencia_ConsumidorRedis***2607.1488857269287***ms
2025-07-13 18:50:54,014 - INFO - consumidor_redis4***Latencia_mensajeria***4080.8053016662598***ms
2025-07-13 18:50:54,982 - INFO - consumidor_redis4: 378 insertadas en Redis.
2025-07-13 18:50:54,984 - INFO - consumidor_redis4***Latencia_ConsumidorRedis***970.6635475158691***ms
2025-07-13 18:50:54,985 - INFO - consumidor_redis4***Latencia_mensajeria***4831.339359283447***ms
2025-07-13 18:50:55,484 - INFO - consumidor_redis4: 377 insertadas en Redis.
2025-07-13 18:50:55,484 - INFO - consumidor_redis4***Latencia_ConsumidorRedis***499.5863437652588***ms
2025-07-13 18:51:00,077 - INFO - consumidor_redis4***Latencia_mensajeria***501.3697147369385***ms
2025-07-13 18:51:00,908 - INFO - consumidor_redis4: 367 insertadas en Redis.
2025-07-13 18:51:01,618 - INFO - consumidor_redis4***Latencia_ConsumidorRedis***1547.7550029754639***ms
2025-07-13 18:51:02,120 - INFO - consumidor_redis4***Latencia_mensajeria***2318.6516761779785***ms
2025-07-13 18:51:04,488 - INFO - consumidor_redis4: 384 insertadas en Redis.
2025-07-13 18:51:04,491 - INFO - consumidor_redis4***Latencia_ConsumidorRedis***2370.5875873565674***ms
2025-07-13 18:51:04,547 - INFO - consumidor_redis4***Latencia_mensajeria***4562.668561935425***ms
2025-07-13 18:51:06,085 - INFO - consumidor_redis4: 376 insertadas en Redis.
2025-07-13 18:51:06,094 - INFO - consumidor_redis4***Latencia_ConsumidorRedis***1550.7872104644775***ms
2025-07-13 18:51:06,095 - INFO - consumidor_redis4***Latencia_mensajeria***6021.876335144043***ms
2025-07-13 18:51:06,570 - INFO - consumidor_redis4: 182 insertadas en Redis.
2025-07-13 18:51:06,572 - INFO - consumidor_redis4***Latencia_ConsumidorRedis***477.4141311645508***ms
2025-07-13 18:51:10,366 - INFO - consumidor_redis4***Latencia_mensajeria***786.529541015625***ms
2025-07-13 18:51:11,558 - INFO - consumidor_redis4: 378 insertadas en Redis.
2025-07-13 18:51:11,561 - INFO - consumidor_redis4***Latencia_ConsumidorRedis***1194.8940753936768***ms
2025-07-13 18:51:12,032 - INFO - consumidor_redis4***Latencia_mensajeria***2149.4178771972656***ms
2025-07-13 18:51:13,857 - INFO - consumidor_redis4: 369 insertadas en Redis.
2025-07-13 18:51:13,868 - INFO - consumidor_redis4***Latencia_ConsumidorRedis***1836.1880779266357***ms
2025-07-13 18:51:13,961 - INFO - consumidor_redis4***Latencia_mensajeria***3802.6516437530518***ms
2025-07-13 18:51:15,508 - INFO - consumidor_redis4: 375 insertadas en Redis.
2025-07-13 18:51:15,518 - INFO - consumidor_redis4***Latencia_ConsumidorRedis***1556.6332340240479***ms
2025-07-13 18:51:15,540 - INFO - consumidor_redis4***Latencia_mensajeria***5293.949365615845***ms
2025-07-13 18:51:16,637 - INFO - consumidor_redis4: 377 insertadas en Redis.
2025-07-13 18:51:16,642 - INFO - consumidor_redis4***Latencia_ConsumidorRedis***1101.623773574829***ms
2025-07-13 18:51:21,173 - INFO - consumidor_redis4***Latencia_mensajeria***1353.1551361083984***ms
2025-07-13 18:51:23,197 - INFO - consumidor_redis4: 375 insertadas en Redis.
2025-07-13 18:51:23,213 - INFO - consumidor_redis4***Latencia_ConsumidorRedis***2043.3144569396973***ms
2025-07-13 18:51:23,661 - INFO - consumidor_redis4***Latencia_mensajeria***3746.122360229492***ms
2025-07-13 18:51:25,772 - INFO - consumidor_redis4: 376 insertadas en Redis.
2025-07-13 18:51:25,775 - INFO - consumidor_redis4***Latencia_ConsumidorRedis***2114.2451763153076***ms
2025-07-13 18:51:25,807 - INFO - consumidor_redis4***Latencia_mensajeria***5547.346830368042***ms
2025-07-13 18:51:26,932 - INFO - consumidor_redis4: 241 insertadas en Redis.
2025-07-13 18:51:26,936 - INFO - consumidor_redis4***Latencia_ConsumidorRedis***1128.2827854156494***ms
2025-07-13 18:51:33,393 - INFO - consumidor_redis4***Latencia_mensajeria***1447.9646682739258***ms
2025-07-13 18:51:35,261 - INFO - consumidor_redis4: 365 insertadas en Redis.
2025-07-13 18:51:35,265 - INFO - consumidor_redis4***Latencia_ConsumidorRedis***1872.2336292266846***ms
2025-07-13 18:51:41,465 - INFO - consumidor_redis4***Latencia_mensajeria***1042.7048206329346***ms
2025-07-13 18:51:44,158 - INFO - consumidor_redis4: 378 insertadas en Redis.
2025-07-13 18:51:44,162 - INFO - consumidor_redis4***Latencia_ConsumidorRedis***2696.949243545532***ms
2025-07-13 18:51:50,643 - INFO - consumidor_redis4***Latencia_mensajeria***1006.4265727996826***ms
2025-07-13 18:51:52,892 - INFO - consumidor_redis4: 367 insertadas en Redis.
2025-07-13 18:51:52,915 - INFO - consumidor_redis4***Latencia_ConsumidorRedis***2272.3748683929443***ms
2025-07-13 18:51:53,023 - INFO - consumidor_redis4***Latencia_mensajeria***3241.832733154297***ms
2025-07-13 18:51:55,082 - INFO - consumidor_redis4: 377 insertadas en Redis.
2025-07-13 18:51:55,083 - INFO - consumidor_redis4***Latencia_ConsumidorRedis***2060.131311416626***ms
2025-07-13 18:52:00,689 - INFO - consumidor_redis4***Latencia_mensajeria***978.1637191772461***ms
2025-07-13 18:52:03,566 - INFO - consumidor_redis4: 368 insertadas en Redis.
2025-07-13 18:52:03,567 - INFO - consumidor_redis4***Latencia_ConsumidorRedis***2877.734661102295***ms
2025-07-13 18:52:03,609 - INFO - consumidor_redis4***Latencia_mensajeria***3455.4858207702637***ms
2025-07-13 18:52:04,880 - INFO - consumidor_redis4: 364 insertadas en Redis.
2025-07-13 18:52:04,883 - INFO - consumidor_redis4***Latencia_ConsumidorRedis***1274.1022109985352***ms
2025-07-13 18:52:04,927 - INFO - consumidor_redis4***Latencia_mensajeria***4325.089931488037***ms
2025-07-13 18:52:05,978 - INFO - consumidor_redis4: 308 insertadas en Redis.
2025-07-13 18:52:05,992 - INFO - consumidor_redis4***Latencia_ConsumidorRedis***1063.786268234253***ms
2025-07-13 18:52:10,057 - INFO - consumidor_redis4***Latencia_mensajeria***487.4577522277832***ms
2025-07-13 18:52:10,549 - INFO - consumidor_redis4: 370 insertadas en Redis.
2025-07-13 18:52:10,554 - INFO - consumidor_redis4***Latencia_ConsumidorRedis***497.2546100616455***ms
2025-07-13 18:52:21,115 - INFO - consumidor_redis4***Latencia_mensajeria***1384.5195770263672***ms
2025-07-13 18:52:24,271 - INFO - consumidor_redis4: 365 insertadas en Redis.
2025-07-13 18:52:24,379 - INFO - consumidor_redis4***Latencia_ConsumidorRedis***3264.0044689178467***ms
2025-07-13 18:52:24,684 - INFO - consumidor_redis4***Latencia_mensajeria***4919.82364654541***ms
2025-07-13 18:52:26,966 - INFO - consumidor_redis4: 369 insertadas en Redis.
2025-07-13 18:52:27,030 - INFO - consumidor_redis4***Latencia_ConsumidorRedis***2345.980644226074***ms
2025-07-13 18:52:27,031 - INFO - consumidor_redis4***Latencia_mensajeria***7229.339838027954***ms
2025-07-13 18:52:28,411 - INFO - consumidor_redis4: 362 insertadas en Redis.
2025-07-13 18:52:28,417 - INFO - consumidor_redis4***Latencia_ConsumidorRedis***1386.340856552124***ms
2025-07-13 18:52:28,418 - INFO - consumidor_redis4***Latencia_mensajeria***8340.347051620483***ms
2025-07-13 18:52:29,161 - INFO - consumidor_redis4: 375 insertadas en Redis.
2025-07-13 18:52:29,165 - INFO - consumidor_redis4***Latencia_ConsumidorRedis***747.23219871521***ms
2025-07-13 18:52:32,667 - INFO - consumidor_redis4***Latencia_mensajeria***2088.486909866333***ms
2025-07-13 18:52:34,980 - INFO - consumidor_redis4: 373 insertadas en Redis.
2025-07-13 18:52:34,985 - INFO - consumidor_redis4***Latencia_ConsumidorRedis***2318.3577060699463***ms
2025-07-13 18:52:50,780 - INFO - consumidor_redis4***Latencia_mensajeria***1172.2216606140137***ms
2025-07-13 18:52:54,391 - INFO - consumidor_redis4: 367 insertadas en Redis.
2025-07-13 18:52:54,400 - INFO - consumidor_redis4***Latencia_ConsumidorRedis***3619.5967197418213***ms
2025-07-13 18:53:02,365 - INFO - consumidor_redis4***Latencia_mensajeria***2132.350444793701***ms
2025-07-13 18:53:09,641 - INFO - consumidor_redis4: 360 insertadas en Redis.
2025-07-13 18:53:09,650 - INFO - consumidor_redis4***Latencia_ConsumidorRedis***7284.663200378418***ms
2025-07-13 18:53:09,674 - INFO - consumidor_redis4***Latencia_mensajeria***8886.069536209106***ms
2025-07-13 18:53:09,780 - INFO - consumidor_redis4: 12 insertadas en Redis.
2025-07-13 18:53:09,781 - INFO - consumidor_redis4***Latencia_ConsumidorRedis***107.82623291015625***ms
2025-07-13 18:53:13,314 - INFO - consumidor_redis4***Latencia_mensajeria***3298.008441925049***ms
2025-07-13 18:53:14,963 - INFO - consumidor_redis4: 361 insertadas en Redis.
2025-07-13 18:53:14,966 - INFO - consumidor_redis4***Latencia_ConsumidorRedis***1654.4568538665771***ms
2025-07-13 18:53:15,007 - INFO - consumidor_redis4***Latencia_mensajeria***4961.799144744873***ms
2025-07-13 18:53:17,822 - INFO - consumidor_redis4: 369 insertadas en Redis.
2025-07-13 18:53:17,829 - INFO - consumidor_redis4***Latencia_ConsumidorRedis***2822.533369064331***ms
2025-07-13 18:53:17,830 - INFO - consumidor_redis4***Latencia_mensajeria***7571.681261062622***ms
2025-07-13 18:53:17,930 - INFO - consumidor_redis4: 25 insertadas en Redis.
2025-07-13 18:53:17,947 - INFO - consumidor_redis4***Latencia_ConsumidorRedis***116.87898635864258***ms
2025-07-13 18:53:21,941 - INFO - consumidor_redis4***Latencia_mensajeria***2355.8480739593506***ms
2025-07-13 18:53:24,727 - INFO - consumidor_redis4: 358 insertadas en Redis.
2025-07-13 18:53:24,732 - INFO - consumidor_redis4***Latencia_ConsumidorRedis***2790.8620834350586***ms
2025-07-13 18:53:24,774 - INFO - consumidor_redis4***Latencia_mensajeria***4807.925224304199***ms
2025-07-13 18:53:26,064 - INFO - consumidor_redis4: 368 insertadas en Redis.
2025-07-13 18:53:26,198 - INFO - consumidor_redis4***Latencia_ConsumidorRedis***1423.7546920776367***ms
2025-07-13 18:53:26,231 - INFO - consumidor_redis4***Latencia_mensajeria***6193.886041641235***ms
2025-07-13 18:53:26,913 - INFO - consumidor_redis4: 374 insertadas en Redis.
2025-07-13 18:53:26,917 - INFO - consumidor_redis4***Latencia_ConsumidorRedis***686.326265335083***ms
2025-07-13 18:53:31,692 - INFO - consumidor_redis4***Latencia_mensajeria***1873.6026287078857***ms
2025-07-13 18:53:33,127 - INFO - consumidor_redis4: 358 insertadas en Redis.
2025-07-13 18:53:33,131 - INFO - consumidor_redis4***Latencia_ConsumidorRedis***1439.0223026275635***ms
2025-07-13 18:53:33,320 - INFO - consumidor_redis4***Latencia_mensajeria***2935.4753494262695***ms
2025-07-13 18:53:35,010 - INFO - consumidor_redis4: 362 insertadas en Redis.
2025-07-13 18:53:35,017 - INFO - consumidor_redis4***Latencia_ConsumidorRedis***1697.8857517242432***ms
2025-07-13 18:54:00,097 - INFO - consumidor_redis4***Latencia_mensajeria***527.1215438842773***ms
2025-07-13 18:54:01,647 - INFO - consumidor_redis4: 374 insertadas en Redis.
2025-07-13 18:54:01,655 - INFO - consumidor_redis4***Latencia_ConsumidorRedis***1557.9512119293213***ms
2025-07-13 18:54:02,251 - INFO - consumidor_redis4***Latencia_mensajeria***2446.856737136841***ms
2025-07-13 18:54:04,970 - INFO - consumidor_redis4: 357 insertadas en Redis.
2025-07-13 18:54:04,976 - INFO - consumidor_redis4***Latencia_ConsumidorRedis***2725.0332832336426***ms
2025-07-13 18:54:05,073 - INFO - consumidor_redis4***Latencia_mensajeria***5093.417406082153***ms
2025-07-13 18:54:06,465 - INFO - consumidor_redis4: 362 insertadas en Redis.
2025-07-13 18:54:06,478 - INFO - consumidor_redis4***Latencia_ConsumidorRedis***1404.9227237701416***ms
2025-07-13 18:54:06,483 - INFO - consumidor_redis4***Latencia_mensajeria***6388.554334640503***ms
2025-07-13 18:54:07,248 - INFO - consumidor_redis4: 373 insertadas en Redis.
2025-07-13 18:54:07,253 - INFO - consumidor_redis4***Latencia_ConsumidorRedis***769.5620059967041***ms
2025-07-13 18:54:07,254 - INFO - consumidor_redis4***Latencia_mensajeria***6763.780832290649***ms
2025-07-13 18:54:07,450 - INFO - consumidor_redis4: 73 insertadas en Redis.
2025-07-13 18:54:07,493 - INFO - consumidor_redis4***Latencia_ConsumidorRedis***206.20989799499512***ms
2025-07-13 18:54:10,596 - INFO - consumidor_redis4***Latencia_mensajeria***750.293493270874***ms
2025-07-13 18:54:12,082 - INFO - consumidor_redis4: 358 insertadas en Redis.
2025-07-13 18:54:12,086 - INFO - consumidor_redis4***Latencia_ConsumidorRedis***1490.3433322906494***ms
2025-07-13 18:54:12,295 - INFO - consumidor_redis4***Latencia_mensajeria***2394.385814666748***ms
2025-07-13 18:54:13,493 - INFO - consumidor_redis4: 77 insertadas en Redis.
2025-07-13 18:54:13,507 - INFO - consumidor_redis4***Latencia_ConsumidorRedis***1211.6291522979736***ms
2025-07-13 18:54:19,015 - ERROR - Group adsb_redis_group failed to commit partition TopicPartition(topic='adsb.aeronaves', partition=3) at offset OffsetAndMetadata(offset=49, metadata=''): UnknownTopicOrPartitionError
2025-07-13 18:54:19,024 - WARNING - Auto offset commit failed for group adsb_redis_group: [Error 3] UnknownTopicOrPartitionError
2025-07-13 18:54:20,403 - INFO - Fetch offset 49 is out of range for topic-partition TopicPartition(topic='adsb.aeronaves', partition=3)
2025-07-13 18:54:21,341 - INFO - consumidor_redis4***Latencia_mensajeria***1690.953016281128***ms
2025-07-13 18:54:22,714 - INFO - consumidor_redis4: 355 insertadas en Redis.
2025-07-13 18:54:22,719 - INFO - consumidor_redis4***Latencia_ConsumidorRedis***1377.6638507843018***ms
2025-07-13 18:54:30,065 - INFO - consumidor_redis4***Latencia_mensajeria***430.94325065612793***ms
2025-07-13 18:54:31,574 - INFO - consumidor_redis4: 355 insertadas en Redis.
2025-07-13 18:54:31,628 - INFO - consumidor_redis4***Latencia_ConsumidorRedis***1562.821865081787***ms
2025-07-13 18:54:41,298 - INFO - consumidor_redis4***Latencia_mensajeria***1083.526611328125***ms
