2025-07-13 18:08:12,135 - INFO - <BrokerConnection node_id=bootstrap-0 host=kafka:9092 <connecting> [IPv4 ('172.18.0.2', 9092)]>: connecting to kafka:9092 [('172.18.0.2', 9092) IPv4]
2025-07-13 18:08:12,137 - INFO - Probing node bootstrap-0 broker version
2025-07-13 18:08:12,141 - INFO - <BrokerConnection node_id=bootstrap-0 host=kafka:9092 <connecting> [IPv4 ('172.18.0.2', 9092)]>: Connection complete.
2025-07-13 18:08:12,254 - INFO - Broker version identified as 2.5.0
2025-07-13 18:08:12,255 - INFO - Set configuration api_version=(2, 5, 0) to skip auto check_version requests on startup
2025-07-13 18:08:16,525 - INFO - productor: Datos cargados desde /app/data/aeronaves_completo.json.
2025-07-13 18:08:56,614 - INFO - productor: Enviadas 19 aeronaves al topic 'adsb.aeronaves'.
2025-07-13 18:08:56,652 - INFO - <BrokerConnection node_id=1 host=kafka:9092 <connecting> [IPv4 ('172.18.0.2', 9092)]>: connecting to kafka:9092 [('172.18.0.2', 9092) IPv4]
2025-07-13 18:08:56,655 - INFO - <BrokerConnection node_id=1 host=kafka:9092 <connecting> [IPv4 ('172.18.0.2', 9092)]>: Connection complete.
2025-07-13 18:08:56,656 - INFO - <BrokerConnection node_id=bootstrap-0 host=kafka:9092 <connected> [IPv4 ('172.18.0.2', 9092)]>: Closing connection. 
2025-07-13 18:09:06,557 - INFO - productor: Enviadas 100 aeronaves al topic 'adsb.aeronaves'.
2025-07-13 18:09:06,588 - INFO - productor: Enviadas 100 aeronaves al topic 'adsb.aeronaves'.
2025-07-13 18:09:06,623 - INFO - productor: Enviadas 100 aeronaves al topic 'adsb.aeronaves'.
2025-07-13 18:09:06,632 - INFO - productor: Enviadas 100 aeronaves al topic 'adsb.aeronaves'.
2025-07-13 18:09:06,705 - INFO - productor: Enviadas 100 aeronaves al topic 'adsb.aeronaves'.
2025-07-13 18:09:16,562 - INFO - productor: Enviadas 100 aeronaves al topic 'adsb.aeronaves'.
2025-07-13 18:09:16,576 - INFO - productor: Enviadas 100 aeronaves al topic 'adsb.aeronaves'.
2025-07-13 18:09:16,600 - INFO - productor: Enviadas 100 aeronaves al topic 'adsb.aeronaves'.
2025-07-13 18:09:16,643 - INFO - productor: Enviadas 100 aeronaves al topic 'adsb.aeronaves'.
2025-07-13 18:09:16,665 - INFO - productor: Enviadas 100 aeronaves al topic 'adsb.aeronaves'.
2025-07-13 18:09:26,545 - INFO - productor: Enviadas 100 aeronaves al topic 'adsb.aeronaves'.
2025-07-13 18:09:26,556 - INFO - productor: Enviadas 100 aeronaves al topic 'adsb.aeronaves'.
2025-07-13 18:09:26,559 - INFO - productor: Enviadas 100 aeronaves al topic 'adsb.aeronaves'.
2025-07-13 18:09:26,567 - INFO - productor: Enviadas 100 aeronaves al topic 'adsb.aeronaves'.
2025-07-13 18:09:26,646 - INFO - productor: Enviadas 100 aeronaves al topic 'adsb.aeronaves'.
2025-07-13 18:09:36,544 - INFO - productor: Enviadas 100 aeronaves al topic 'adsb.aeronaves'.
2025-07-13 18:09:36,562 - INFO - productor: Enviadas 100 aeronaves al topic 'adsb.aeronaves'.
2025-07-13 18:09:36,583 - INFO - productor: Enviadas 100 aeronaves al topic 'adsb.aeronaves'.
2025-07-13 18:09:36,656 - INFO - productor: Enviadas 100 aeronaves al topic 'adsb.aeronaves'.
2025-07-13 18:09:36,733 - INFO - productor: Enviadas 100 aeronaves al topic 'adsb.aeronaves'.
2025-07-13 18:09:46,436 - INFO - productor: Enviadas 100 aeronaves al topic 'adsb.aeronaves'.
2025-07-13 18:09:46,441 - INFO - productor: Enviadas 100 aeronaves al topic 'adsb.aeronaves'.
2025-07-13 18:09:46,443 - INFO - productor: Enviadas 100 aeronaves al topic 'adsb.aeronaves'.
2025-07-13 18:09:46,450 - INFO - productor: Enviadas 100 aeronaves al topic 'adsb.aeronaves'.
2025-07-13 18:09:46,558 - INFO - productor: Enviadas 100 aeronaves al topic 'adsb.aeronaves'.
2025-07-13 18:09:56,553 - INFO - productor: Enviadas 100 aeronaves al topic 'adsb.aeronaves'.
2025-07-13 18:09:56,568 - INFO - productor: Enviadas 100 aeronaves al topic 'adsb.aeronaves'.
2025-07-13 18:09:56,645 - INFO - productor: Enviadas 100 aeronaves al topic 'adsb.aeronaves'.
2025-07-13 18:09:56,671 - INFO - productor: Enviadas 100 aeronaves al topic 'adsb.aeronaves'.
2025-07-13 18:09:56,674 - INFO - productor: Enviadas 100 aeronaves al topic 'adsb.aeronaves'.
2025-07-13 18:10:06,550 - INFO - productor: Enviadas 100 aeronaves al topic 'adsb.aeronaves'.
2025-07-13 18:10:06,577 - INFO - productor: Enviadas 100 aeronaves al topic 'adsb.aeronaves'.
2025-07-13 18:10:06,598 - INFO - productor: Enviadas 100 aeronaves al topic 'adsb.aeronaves'.
2025-07-13 18:10:06,606 - INFO - productor: Enviadas 100 aeronaves al topic 'adsb.aeronaves'.
2025-07-13 18:10:06,640 - INFO - productor: Enviadas 100 aeronaves al topic 'adsb.aeronaves'.
2025-07-13 18:10:16,659 - INFO - productor: Enviadas 100 aeronaves al topic 'adsb.aeronaves'.
2025-07-13 18:10:16,686 - INFO - productor: Enviadas 100 aeronaves al topic 'adsb.aeronaves'.
2025-07-13 18:10:16,722 - INFO - productor: Enviadas 100 aeronaves al topic 'adsb.aeronaves'.
2025-07-13 18:10:16,806 - INFO - productor: Enviadas 100 aeronaves al topic 'adsb.aeronaves'.
2025-07-13 18:10:16,829 - INFO - productor: Enviadas 100 aeronaves al topic 'adsb.aeronaves'.
2025-07-13 18:10:26,545 - INFO - productor: Enviadas 100 aeronaves al topic 'adsb.aeronaves'.
2025-07-13 18:10:26,552 - INFO - productor: Enviadas 100 aeronaves al topic 'adsb.aeronaves'.
2025-07-13 18:10:26,561 - INFO - productor: Enviadas 100 aeronaves al topic 'adsb.aeronaves'.
2025-07-13 18:10:26,641 - INFO - productor: Enviadas 100 aeronaves al topic 'adsb.aeronaves'.
2025-07-13 18:10:26,686 - INFO - productor: Enviadas 100 aeronaves al topic 'adsb.aeronaves'.
2025-07-13 18:10:36,546 - INFO - productor: Enviadas 100 aeronaves al topic 'adsb.aeronaves'.
2025-07-13 18:10:36,555 - INFO - productor: Enviadas 100 aeronaves al topic 'adsb.aeronaves'.
2025-07-13 18:10:36,584 - INFO - productor: Enviadas 100 aeronaves al topic 'adsb.aeronaves'.
2025-07-13 18:10:36,605 - INFO - productor: Enviadas 100 aeronaves al topic 'adsb.aeronaves'.
2025-07-13 18:10:36,645 - INFO - productor: Enviadas 100 aeronaves al topic 'adsb.aeronaves'.
2025-07-13 18:10:46,563 - INFO - productor: Enviadas 100 aeronaves al topic 'adsb.aeronaves'.
2025-07-13 18:10:46,587 - INFO - productor: Enviadas 100 aeronaves al topic 'adsb.aeronaves'.
2025-07-13 18:10:46,620 - INFO - productor: Enviadas 100 aeronaves al topic 'adsb.aeronaves'.
2025-07-13 18:10:46,644 - INFO - productor: Enviadas 100 aeronaves al topic 'adsb.aeronaves'.
2025-07-13 18:10:46,648 - INFO - productor: Enviadas 100 aeronaves al topic 'adsb.aeronaves'.
2025-07-13 18:10:56,566 - INFO - productor: Enviadas 100 aeronaves al topic 'adsb.aeronaves'.
2025-07-13 18:10:56,612 - INFO - productor: Enviadas 100 aeronaves al topic 'adsb.aeronaves'.
2025-07-13 18:10:56,629 - INFO - productor: Enviadas 100 aeronaves al topic 'adsb.aeronaves'.
2025-07-13 18:10:56,651 - INFO - productor: Enviadas 100 aeronaves al topic 'adsb.aeronaves'.
2025-07-13 18:10:56,692 - INFO - productor: Enviadas 100 aeronaves al topic 'adsb.aeronaves'.
2025-07-13 18:11:06,575 - INFO - productor: Enviadas 100 aeronaves al topic 'adsb.aeronaves'.
2025-07-13 18:11:06,621 - INFO - productor: Enviadas 100 aeronaves al topic 'adsb.aeronaves'.
2025-07-13 18:11:06,718 - INFO - productor: Enviadas 100 aeronaves al topic 'adsb.aeronaves'.
2025-07-13 18:11:06,728 - INFO - productor: Enviadas 100 aeronaves al topic 'adsb.aeronaves'.
2025-07-13 18:11:06,760 - INFO - productor: Enviadas 100 aeronaves al topic 'adsb.aeronaves'.
2025-07-13 18:11:16,552 - INFO - productor: Enviadas 100 aeronaves al topic 'adsb.aeronaves'.
2025-07-13 18:11:16,585 - INFO - productor: Enviadas 100 aeronaves al topic 'adsb.aeronaves'.
2025-07-13 18:11:16,590 - INFO - productor: Enviadas 100 aeronaves al topic 'adsb.aeronaves'.
2025-07-13 18:11:16,607 - INFO - productor: Enviadas 100 aeronaves al topic 'adsb.aeronaves'.
2025-07-13 18:11:16,646 - INFO - productor: Enviadas 100 aeronaves al topic 'adsb.aeronaves'.
2025-07-13 18:11:26,539 - INFO - productor: Enviadas 100 aeronaves al topic 'adsb.aeronaves'.
2025-07-13 18:11:26,563 - INFO - productor: Enviadas 100 aeronaves al topic 'adsb.aeronaves'.
2025-07-13 18:11:26,584 - INFO - productor: Enviadas 100 aeronaves al topic 'adsb.aeronaves'.
2025-07-13 18:11:26,594 - INFO - productor: Enviadas 100 aeronaves al topic 'adsb.aeronaves'.
2025-07-13 18:11:26,610 - INFO - productor: Enviadas 100 aeronaves al topic 'adsb.aeronaves'.
2025-07-13 18:11:36,542 - INFO - productor: Enviadas 100 aeronaves al topic 'adsb.aeronaves'.
2025-07-13 18:11:36,626 - INFO - productor: Enviadas 100 aeronaves al topic 'adsb.aeronaves'.
2025-07-13 18:11:36,700 - INFO - productor: Enviadas 100 aeronaves al topic 'adsb.aeronaves'.
2025-07-13 18:11:36,732 - INFO - productor: Enviadas 100 aeronaves al topic 'adsb.aeronaves'.
2025-07-13 18:11:36,741 - INFO - productor: Enviadas 100 aeronaves al topic 'adsb.aeronaves'.
2025-07-13 18:11:46,551 - INFO - productor: Enviadas 100 aeronaves al topic 'adsb.aeronaves'.
2025-07-13 18:11:46,563 - INFO - productor: Enviadas 100 aeronaves al topic 'adsb.aeronaves'.
2025-07-13 18:11:46,575 - INFO - productor: Enviadas 100 aeronaves al topic 'adsb.aeronaves'.
2025-07-13 18:11:46,603 - INFO - productor: Enviadas 100 aeronaves al topic 'adsb.aeronaves'.
2025-07-13 18:11:46,651 - INFO - productor: Enviadas 100 aeronaves al topic 'adsb.aeronaves'.
2025-07-13 18:11:56,539 - INFO - productor: Enviadas 100 aeronaves al topic 'adsb.aeronaves'.
2025-07-13 18:11:56,600 - INFO - productor: Enviadas 100 aeronaves al topic 'adsb.aeronaves'.
2025-07-13 18:11:56,636 - INFO - productor: Enviadas 100 aeronaves al topic 'adsb.aeronaves'.
2025-07-13 18:11:56,656 - INFO - productor: Enviadas 100 aeronaves al topic 'adsb.aeronaves'.
2025-07-13 18:11:56,769 - INFO - productor: Enviadas 100 aeronaves al topic 'adsb.aeronaves'.
2025-07-13 18:12:06,555 - INFO - productor: Enviadas 100 aeronaves al topic 'adsb.aeronaves'.
2025-07-13 18:12:06,610 - INFO - productor: Enviadas 100 aeronaves al topic 'adsb.aeronaves'.
2025-07-13 18:12:06,633 - INFO - productor: Enviadas 100 aeronaves al topic 'adsb.aeronaves'.
2025-07-13 18:12:06,690 - INFO - productor: Enviadas 100 aeronaves al topic 'adsb.aeronaves'.
2025-07-13 18:12:06,743 - INFO - productor: Enviadas 100 aeronaves al topic 'adsb.aeronaves'.
2025-07-13 18:12:16,547 - INFO - productor: Enviadas 100 aeronaves al topic 'adsb.aeronaves'.
2025-07-13 18:12:16,579 - INFO - productor: Enviadas 100 aeronaves al topic 'adsb.aeronaves'.
2025-07-13 18:12:16,676 - INFO - productor: Enviadas 100 aeronaves al topic 'adsb.aeronaves'.
2025-07-13 18:12:16,679 - INFO - productor: Enviadas 100 aeronaves al topic 'adsb.aeronaves'.
2025-07-13 18:12:16,776 - INFO - productor: Enviadas 100 aeronaves al topic 'adsb.aeronaves'.
2025-07-13 18:12:26,538 - INFO - productor: Enviadas 100 aeronaves al topic 'adsb.aeronaves'.
2025-07-13 18:12:26,613 - INFO - productor: Enviadas 100 aeronaves al topic 'adsb.aeronaves'.
2025-07-13 18:12:26,660 - INFO - productor: Enviadas 100 aeronaves al topic 'adsb.aeronaves'.
2025-07-13 18:12:26,663 - INFO - productor: Enviadas 100 aeronaves al topic 'adsb.aeronaves'.
2025-07-13 18:12:26,724 - INFO - productor: Enviadas 100 aeronaves al topic 'adsb.aeronaves'.
2025-07-13 18:12:36,550 - INFO - productor: Enviadas 100 aeronaves al topic 'adsb.aeronaves'.
2025-07-13 18:12:36,559 - INFO - productor: Enviadas 100 aeronaves al topic 'adsb.aeronaves'.
2025-07-13 18:12:36,712 - INFO - productor: Enviadas 100 aeronaves al topic 'adsb.aeronaves'.
2025-07-13 18:12:36,715 - INFO - productor: Enviadas 100 aeronaves al topic 'adsb.aeronaves'.
2025-07-13 18:12:36,732 - INFO - productor: Enviadas 100 aeronaves al topic 'adsb.aeronaves'.
2025-07-13 18:12:46,552 - INFO - productor: Enviadas 100 aeronaves al topic 'adsb.aeronaves'.
2025-07-13 18:12:46,570 - INFO - productor: Enviadas 100 aeronaves al topic 'adsb.aeronaves'.
2025-07-13 18:12:46,610 - INFO - productor: Enviadas 100 aeronaves al topic 'adsb.aeronaves'.
2025-07-13 18:12:46,715 - INFO - productor: Enviadas 100 aeronaves al topic 'adsb.aeronaves'.
2025-07-13 18:12:46,794 - INFO - productor: Enviadas 100 aeronaves al topic 'adsb.aeronaves'.
2025-07-13 18:12:56,548 - INFO - productor: Enviadas 100 aeronaves al topic 'adsb.aeronaves'.
2025-07-13 18:12:56,554 - INFO - productor: Enviadas 100 aeronaves al topic 'adsb.aeronaves'.
2025-07-13 18:12:56,569 - INFO - productor: Enviadas 100 aeronaves al topic 'adsb.aeronaves'.
2025-07-13 18:12:56,588 - INFO - productor: Enviadas 100 aeronaves al topic 'adsb.aeronaves'.
2025-07-13 18:12:56,657 - INFO - productor: Enviadas 100 aeronaves al topic 'adsb.aeronaves'.
2025-07-13 18:13:06,537 - INFO - productor: Enviadas 100 aeronaves al topic 'adsb.aeronaves'.
2025-07-13 18:13:06,552 - INFO - productor: Enviadas 100 aeronaves al topic 'adsb.aeronaves'.
2025-07-13 18:13:06,569 - INFO - productor: Enviadas 100 aeronaves al topic 'adsb.aeronaves'.
2025-07-13 18:13:06,600 - INFO - productor: Enviadas 100 aeronaves al topic 'adsb.aeronaves'.
2025-07-13 18:13:06,642 - INFO - productor: Enviadas 100 aeronaves al topic 'adsb.aeronaves'.
2025-07-13 18:13:16,568 - INFO - productor: Enviadas 100 aeronaves al topic 'adsb.aeronaves'.
2025-07-13 18:13:16,646 - INFO - productor: Enviadas 100 aeronaves al topic 'adsb.aeronaves'.
2025-07-13 18:13:16,794 - INFO - productor: Enviadas 100 aeronaves al topic 'adsb.aeronaves'.
2025-07-13 18:13:16,819 - INFO - productor: Enviadas 100 aeronaves al topic 'adsb.aeronaves'.
2025-07-13 18:13:16,920 - INFO - productor: Enviadas 100 aeronaves al topic 'adsb.aeronaves'.
2025-07-13 18:13:26,577 - INFO - productor: Enviadas 100 aeronaves al topic 'adsb.aeronaves'.
2025-07-13 18:13:26,682 - INFO - productor: Enviadas 100 aeronaves al topic 'adsb.aeronaves'.
2025-07-13 18:13:26,711 - INFO - productor: Enviadas 100 aeronaves al topic 'adsb.aeronaves'.
2025-07-13 18:13:26,765 - INFO - productor: Enviadas 100 aeronaves al topic 'adsb.aeronaves'.
2025-07-13 18:13:26,818 - INFO - productor: Enviadas 100 aeronaves al topic 'adsb.aeronaves'.
2025-07-13 18:13:36,553 - INFO - productor: Enviadas 100 aeronaves al topic 'adsb.aeronaves'.
2025-07-13 18:13:36,616 - INFO - productor: Enviadas 100 aeronaves al topic 'adsb.aeronaves'.
2025-07-13 18:13:36,636 - INFO - productor: Enviadas 100 aeronaves al topic 'adsb.aeronaves'.
2025-07-13 18:13:36,750 - INFO - productor: Enviadas 100 aeronaves al topic 'adsb.aeronaves'.
2025-07-13 18:13:36,810 - INFO - productor: Enviadas 100 aeronaves al topic 'adsb.aeronaves'.
2025-07-13 18:13:46,542 - INFO - productor: Enviadas 100 aeronaves al topic 'adsb.aeronaves'.
2025-07-13 18:13:46,562 - INFO - productor: Enviadas 100 aeronaves al topic 'adsb.aeronaves'.
2025-07-13 18:13:46,600 - INFO - productor: Enviadas 100 aeronaves al topic 'adsb.aeronaves'.
2025-07-13 18:13:46,617 - INFO - productor: Enviadas 100 aeronaves al topic 'adsb.aeronaves'.
2025-07-13 18:13:46,698 - INFO - productor: Enviadas 100 aeronaves al topic 'adsb.aeronaves'.
2025-07-13 18:13:56,548 - INFO - productor: Enviadas 100 aeronaves al topic 'adsb.aeronaves'.
2025-07-13 18:13:56,557 - INFO - productor: Enviadas 100 aeronaves al topic 'adsb.aeronaves'.
2025-07-13 18:13:56,579 - INFO - productor: Enviadas 100 aeronaves al topic 'adsb.aeronaves'.
2025-07-13 18:13:56,595 - INFO - productor: Enviadas 100 aeronaves al topic 'adsb.aeronaves'.
2025-07-13 18:13:56,624 - INFO - productor: Enviadas 100 aeronaves al topic 'adsb.aeronaves'.
2025-07-13 18:14:06,546 - INFO - productor: Enviadas 100 aeronaves al topic 'adsb.aeronaves'.
2025-07-13 18:14:06,554 - INFO - productor: Enviadas 100 aeronaves al topic 'adsb.aeronaves'.
2025-07-13 18:14:06,565 - INFO - productor: Enviadas 100 aeronaves al topic 'adsb.aeronaves'.
2025-07-13 18:14:06,580 - INFO - productor: Enviadas 100 aeronaves al topic 'adsb.aeronaves'.
2025-07-13 18:14:06,625 - INFO - productor: Enviadas 100 aeronaves al topic 'adsb.aeronaves'.
