2025-07-13 18:00:43,270 - INFO - consumidor_redis2: Conectado a Redis en redis:6379
2025-07-13 18:00:43,339 - INFO - <BrokerConnection node_id=bootstrap-0 host=kafka:9092 <connecting> [IPv4 ('172.18.0.4', 9092)]>: connecting to kafka:9092 [('172.18.0.4', 9092) IPv4]
2025-07-13 18:00:43,340 - INFO - Probing node bootstrap-0 broker version
2025-07-13 18:00:43,345 - INFO - <BrokerConnection node_id=bootstrap-0 host=kafka:9092 <connecting> [IPv4 ('172.18.0.4', 9092)]>: Connection complete.
2025-07-13 18:00:43,492 - INFO - Broker version identified as 2.5.0
2025-07-13 18:00:43,496 - INFO - Set configuration api_version=(2, 5, 0) to skip auto check_version requests on startup
2025-07-13 18:00:43,500 - INFO - Probing node bootstrap-0 broker version
2025-07-13 18:00:43,636 - INFO - Broker version identified as 2.5.0
2025-07-13 18:00:43,639 - INFO - Set configuration api_version=(2, 5, 0) to skip auto check_version requests on startup
2025-07-13 18:00:43,672 - INFO - <BrokerConnection node_id=1 host=kafka:9092 <connecting> [IPv4 ('172.18.0.4', 9092)]>: connecting to kafka:9092 [('172.18.0.4', 9092) IPv4]
2025-07-13 18:00:43,678 - INFO - Probing node 1 broker version
2025-07-13 18:00:43,686 - INFO - <BrokerConnection node_id=1 host=kafka:9092 <connecting> [IPv4 ('172.18.0.4', 9092)]>: Connection complete.
2025-07-13 18:00:43,689 - INFO - <BrokerConnection node_id=bootstrap-0 host=kafka:9092 <connected> [IPv4 ('172.18.0.4', 9092)]>: Closing connection. 
2025-07-13 18:00:43,810 - INFO - Broker version identified as 2.5.0
2025-07-13 18:00:43,812 - INFO - Set configuration api_version=(2, 5, 0) to skip auto check_version requests on startup
2025-07-13 18:00:44,323 - INFO - <BrokerConnection node_id=1 host=kafka:9092 <connected> [IPv4 ('172.18.0.4', 9092)]>: Closing connection. 
2025-07-13 18:00:54,332 - INFO - <BrokerConnection node_id=bootstrap-0 host=kafka:9092 <connecting> [IPv4 ('172.18.0.4', 9092)]>: connecting to kafka:9092 [('172.18.0.4', 9092) IPv4]
2025-07-13 18:00:54,354 - INFO - Probing node bootstrap-0 broker version
2025-07-13 18:00:54,362 - INFO - <BrokerConnection node_id=bootstrap-0 host=kafka:9092 <connecting> [IPv4 ('172.18.0.4', 9092)]>: Connection complete.
2025-07-13 18:00:54,552 - INFO - Broker version identified as 2.5.0
2025-07-13 18:00:54,558 - INFO - Set configuration api_version=(2, 5, 0) to skip auto check_version requests on startup
2025-07-13 18:00:54,594 - INFO - Updating subscribed topics to: ('adsb.aeronaves',)
2025-07-13 18:00:54,595 - INFO - consumidor_redis2:Conectado a Kafka en kafka:9092.
2025-07-13 18:00:54,867 - INFO - <BrokerConnection node_id=1 host=kafka:9092 <connecting> [IPv4 ('172.18.0.4', 9092)]>: connecting to kafka:9092 [('172.18.0.4', 9092) IPv4]
2025-07-13 18:00:54,868 - INFO - <BrokerConnection node_id=1 host=kafka:9092 <connecting> [IPv4 ('172.18.0.4', 9092)]>: Connection complete.
2025-07-13 18:00:54,869 - INFO - <BrokerConnection node_id=bootstrap-0 host=kafka:9092 <connected> [IPv4 ('172.18.0.4', 9092)]>: Closing connection. 
2025-07-13 18:00:54,993 - INFO - Group coordinator for adsb_redis_group is BrokerMetadata(nodeId='coordinator-1', host='kafka', port=9092, rack=None)
2025-07-13 18:00:54,994 - INFO - Discovered coordinator coordinator-1 for group adsb_redis_group
2025-07-13 18:00:54,995 - INFO - Starting new heartbeat thread
2025-07-13 18:00:54,998 - INFO - Revoking previously assigned partitions set() for group adsb_redis_group
2025-07-13 18:00:55,002 - INFO - <BrokerConnection node_id=coordinator-1 host=kafka:9092 <connecting> [IPv4 ('172.18.0.4', 9092)]>: connecting to kafka:9092 [('172.18.0.4', 9092) IPv4]
2025-07-13 18:00:55,005 - INFO - <BrokerConnection node_id=coordinator-1 host=kafka:9092 <connecting> [IPv4 ('172.18.0.4', 9092)]>: Connection complete.
2025-07-13 18:00:55,111 - INFO - (Re-)joining group adsb_redis_group
2025-07-13 18:00:55,146 - WARNING - Marking the coordinator dead (node coordinator-1) for group adsb_redis_group: [Error 16] NotCoordinatorForGroupError.
2025-07-13 18:00:55,281 - INFO - Group coordinator for adsb_redis_group is BrokerMetadata(nodeId='coordinator-1', host='kafka', port=9092, rack=None)
2025-07-13 18:00:55,284 - INFO - Discovered coordinator coordinator-1 for group adsb_redis_group
2025-07-13 18:00:55,285 - INFO - (Re-)joining group adsb_redis_group
2025-07-13 18:00:55,292 - WARNING - Marking the coordinator dead (node coordinator-1) for group adsb_redis_group: [Error 16] NotCoordinatorForGroupError.
2025-07-13 18:00:55,503 - INFO - Group coordinator for adsb_redis_group is BrokerMetadata(nodeId='coordinator-1', host='kafka', port=9092, rack=None)
2025-07-13 18:00:55,506 - INFO - Discovered coordinator coordinator-1 for group adsb_redis_group
2025-07-13 18:00:55,510 - INFO - (Re-)joining group adsb_redis_group
2025-07-13 18:00:55,539 - WARNING - Marking the coordinator dead (node coordinator-1) for group adsb_redis_group: [Error 16] NotCoordinatorForGroupError.
2025-07-13 18:00:55,697 - INFO - Group coordinator for adsb_redis_group is BrokerMetadata(nodeId='coordinator-1', host='kafka', port=9092, rack=None)
2025-07-13 18:00:55,699 - INFO - Discovered coordinator coordinator-1 for group adsb_redis_group
2025-07-13 18:00:55,700 - INFO - (Re-)joining group adsb_redis_group
2025-07-13 18:00:55,706 - WARNING - Marking the coordinator dead (node coordinator-1) for group adsb_redis_group: [Error 16] NotCoordinatorForGroupError.
2025-07-13 18:00:55,865 - INFO - Group coordinator for adsb_redis_group is BrokerMetadata(nodeId='coordinator-1', host='kafka', port=9092, rack=None)
2025-07-13 18:00:55,866 - INFO - Discovered coordinator coordinator-1 for group adsb_redis_group
2025-07-13 18:00:55,867 - INFO - (Re-)joining group adsb_redis_group
2025-07-13 18:00:55,904 - WARNING - Marking the coordinator dead (node coordinator-1) for group adsb_redis_group: [Error 16] NotCoordinatorForGroupError.
2025-07-13 18:00:56,104 - INFO - Group coordinator for adsb_redis_group is BrokerMetadata(nodeId='coordinator-1', host='kafka', port=9092, rack=None)
2025-07-13 18:00:56,220 - INFO - Discovered coordinator coordinator-1 for group adsb_redis_group
2025-07-13 18:00:56,272 - INFO - (Re-)joining group adsb_redis_group
2025-07-13 18:00:56,294 - WARNING - Marking the coordinator dead (node coordinator-1) for group adsb_redis_group: [Error 16] NotCoordinatorForGroupError.
2025-07-13 18:00:56,527 - INFO - Group coordinator for adsb_redis_group is BrokerMetadata(nodeId='coordinator-1', host='kafka', port=9092, rack=None)
2025-07-13 18:00:56,531 - INFO - Discovered coordinator coordinator-1 for group adsb_redis_group
2025-07-13 18:00:56,542 - INFO - (Re-)joining group adsb_redis_group
2025-07-13 18:00:56,591 - WARNING - Marking the coordinator dead (node coordinator-1) for group adsb_redis_group: [Error 16] NotCoordinatorForGroupError.
2025-07-13 18:00:56,699 - INFO - Group coordinator for adsb_redis_group is BrokerMetadata(nodeId='coordinator-1', host='kafka', port=9092, rack=None)
2025-07-13 18:00:56,712 - INFO - Discovered coordinator coordinator-1 for group adsb_redis_group
2025-07-13 18:00:56,713 - INFO - (Re-)joining group adsb_redis_group
2025-07-13 18:00:56,740 - WARNING - Marking the coordinator dead (node coordinator-1) for group adsb_redis_group: [Error 16] NotCoordinatorForGroupError.
2025-07-13 18:00:56,851 - INFO - Group coordinator for adsb_redis_group is BrokerMetadata(nodeId='coordinator-1', host='kafka', port=9092, rack=None)
2025-07-13 18:00:56,852 - INFO - Discovered coordinator coordinator-1 for group adsb_redis_group
2025-07-13 18:00:56,853 - INFO - (Re-)joining group adsb_redis_group
2025-07-13 18:00:56,861 - WARNING - Marking the coordinator dead (node coordinator-1) for group adsb_redis_group: [Error 16] NotCoordinatorForGroupError.
2025-07-13 18:00:56,988 - INFO - Group coordinator for adsb_redis_group is BrokerMetadata(nodeId='coordinator-1', host='kafka', port=9092, rack=None)
2025-07-13 18:00:56,989 - INFO - Discovered coordinator coordinator-1 for group adsb_redis_group
2025-07-13 18:00:56,990 - INFO - (Re-)joining group adsb_redis_group
2025-07-13 18:00:57,005 - WARNING - Marking the coordinator dead (node coordinator-1) for group adsb_redis_group: [Error 16] NotCoordinatorForGroupError.
2025-07-13 18:00:57,126 - INFO - Group coordinator for adsb_redis_group is BrokerMetadata(nodeId='coordinator-1', host='kafka', port=9092, rack=None)
2025-07-13 18:00:57,137 - INFO - Discovered coordinator coordinator-1 for group adsb_redis_group
2025-07-13 18:00:57,139 - INFO - (Re-)joining group adsb_redis_group
2025-07-13 18:00:57,144 - WARNING - Marking the coordinator dead (node coordinator-1) for group adsb_redis_group: [Error 16] NotCoordinatorForGroupError.
2025-07-13 18:00:57,289 - INFO - Group coordinator for adsb_redis_group is BrokerMetadata(nodeId='coordinator-1', host='kafka', port=9092, rack=None)
2025-07-13 18:00:57,293 - INFO - Discovered coordinator coordinator-1 for group adsb_redis_group
2025-07-13 18:00:57,294 - INFO - (Re-)joining group adsb_redis_group
2025-07-13 18:00:57,299 - WARNING - Marking the coordinator dead (node coordinator-1) for group adsb_redis_group: [Error 16] NotCoordinatorForGroupError.
2025-07-13 18:00:57,410 - INFO - Group coordinator for adsb_redis_group is BrokerMetadata(nodeId='coordinator-1', host='kafka', port=9092, rack=None)
2025-07-13 18:00:57,417 - INFO - Discovered coordinator coordinator-1 for group adsb_redis_group
2025-07-13 18:00:57,418 - INFO - (Re-)joining group adsb_redis_group
2025-07-13 18:00:57,423 - WARNING - Marking the coordinator dead (node coordinator-1) for group adsb_redis_group: [Error 16] NotCoordinatorForGroupError.
2025-07-13 18:00:57,576 - INFO - Group coordinator for adsb_redis_group is BrokerMetadata(nodeId='coordinator-1', host='kafka', port=9092, rack=None)
2025-07-13 18:00:57,589 - INFO - Discovered coordinator coordinator-1 for group adsb_redis_group
2025-07-13 18:00:57,592 - INFO - (Re-)joining group adsb_redis_group
2025-07-13 18:00:57,613 - WARNING - Marking the coordinator dead (node coordinator-1) for group adsb_redis_group: [Error 16] NotCoordinatorForGroupError.
2025-07-13 18:00:57,726 - INFO - Group coordinator for adsb_redis_group is BrokerMetadata(nodeId='coordinator-1', host='kafka', port=9092, rack=None)
2025-07-13 18:00:57,728 - INFO - Discovered coordinator coordinator-1 for group adsb_redis_group
2025-07-13 18:00:57,729 - INFO - (Re-)joining group adsb_redis_group
2025-07-13 18:00:57,734 - WARNING - Marking the coordinator dead (node coordinator-1) for group adsb_redis_group: [Error 16] NotCoordinatorForGroupError.
2025-07-13 18:00:57,916 - INFO - Group coordinator for adsb_redis_group is BrokerMetadata(nodeId='coordinator-1', host='kafka', port=9092, rack=None)
2025-07-13 18:00:57,933 - INFO - Discovered coordinator coordinator-1 for group adsb_redis_group
2025-07-13 18:00:57,945 - INFO - (Re-)joining group adsb_redis_group
2025-07-13 18:00:57,962 - WARNING - Marking the coordinator dead (node coordinator-1) for group adsb_redis_group: [Error 16] NotCoordinatorForGroupError.
2025-07-13 18:00:58,100 - INFO - Group coordinator for adsb_redis_group is BrokerMetadata(nodeId='coordinator-1', host='kafka', port=9092, rack=None)
2025-07-13 18:00:58,101 - INFO - Discovered coordinator coordinator-1 for group adsb_redis_group
2025-07-13 18:00:58,102 - INFO - (Re-)joining group adsb_redis_group
2025-07-13 18:00:58,110 - WARNING - Marking the coordinator dead (node coordinator-1) for group adsb_redis_group: [Error 16] NotCoordinatorForGroupError.
2025-07-13 18:00:58,278 - INFO - Group coordinator for adsb_redis_group is BrokerMetadata(nodeId='coordinator-1', host='kafka', port=9092, rack=None)
2025-07-13 18:00:58,286 - INFO - Discovered coordinator coordinator-1 for group adsb_redis_group
2025-07-13 18:00:58,287 - INFO - (Re-)joining group adsb_redis_group
2025-07-13 18:00:58,314 - WARNING - Marking the coordinator dead (node coordinator-1) for group adsb_redis_group: [Error 16] NotCoordinatorForGroupError.
2025-07-13 18:00:58,491 - INFO - Group coordinator for adsb_redis_group is BrokerMetadata(nodeId='coordinator-1', host='kafka', port=9092, rack=None)
2025-07-13 18:00:58,493 - INFO - Discovered coordinator coordinator-1 for group adsb_redis_group
2025-07-13 18:00:58,494 - INFO - (Re-)joining group adsb_redis_group
2025-07-13 18:00:58,503 - WARNING - Marking the coordinator dead (node coordinator-1) for group adsb_redis_group: [Error 16] NotCoordinatorForGroupError.
2025-07-13 18:00:58,619 - INFO - Group coordinator for adsb_redis_group is BrokerMetadata(nodeId='coordinator-1', host='kafka', port=9092, rack=None)
2025-07-13 18:00:58,620 - INFO - Discovered coordinator coordinator-1 for group adsb_redis_group
2025-07-13 18:00:58,622 - INFO - (Re-)joining group adsb_redis_group
2025-07-13 18:00:58,639 - WARNING - Marking the coordinator dead (node coordinator-1) for group adsb_redis_group: [Error 16] NotCoordinatorForGroupError.
2025-07-13 18:00:58,763 - INFO - Group coordinator for adsb_redis_group is BrokerMetadata(nodeId='coordinator-1', host='kafka', port=9092, rack=None)
2025-07-13 18:00:58,764 - INFO - Discovered coordinator coordinator-1 for group adsb_redis_group
2025-07-13 18:00:58,766 - INFO - (Re-)joining group adsb_redis_group
2025-07-13 18:00:58,777 - WARNING - Marking the coordinator dead (node coordinator-1) for group adsb_redis_group: [Error 16] NotCoordinatorForGroupError.
2025-07-13 18:00:58,904 - INFO - Group coordinator for adsb_redis_group is BrokerMetadata(nodeId='coordinator-1', host='kafka', port=9092, rack=None)
2025-07-13 18:00:58,910 - INFO - Discovered coordinator coordinator-1 for group adsb_redis_group
2025-07-13 18:00:58,912 - INFO - (Re-)joining group adsb_redis_group
2025-07-13 18:00:58,937 - WARNING - Marking the coordinator dead (node coordinator-1) for group adsb_redis_group: [Error 16] NotCoordinatorForGroupError.
2025-07-13 18:00:59,086 - INFO - Group coordinator for adsb_redis_group is BrokerMetadata(nodeId='coordinator-1', host='kafka', port=9092, rack=None)
2025-07-13 18:00:59,088 - INFO - Discovered coordinator coordinator-1 for group adsb_redis_group
2025-07-13 18:00:59,110 - INFO - (Re-)joining group adsb_redis_group
2025-07-13 18:00:59,139 - WARNING - Marking the coordinator dead (node coordinator-1) for group adsb_redis_group: [Error 16] NotCoordinatorForGroupError.
2025-07-13 18:00:59,353 - INFO - Group coordinator for adsb_redis_group is BrokerMetadata(nodeId='coordinator-1', host='kafka', port=9092, rack=None)
2025-07-13 18:00:59,356 - INFO - Discovered coordinator coordinator-1 for group adsb_redis_group
2025-07-13 18:00:59,358 - INFO - (Re-)joining group adsb_redis_group
2025-07-13 18:00:59,382 - WARNING - Marking the coordinator dead (node coordinator-1) for group adsb_redis_group: [Error 16] NotCoordinatorForGroupError.
2025-07-13 18:00:59,534 - INFO - Group coordinator for adsb_redis_group is BrokerMetadata(nodeId='coordinator-1', host='kafka', port=9092, rack=None)
2025-07-13 18:00:59,535 - INFO - Discovered coordinator coordinator-1 for group adsb_redis_group
2025-07-13 18:00:59,536 - INFO - (Re-)joining group adsb_redis_group
2025-07-13 18:00:59,546 - WARNING - Marking the coordinator dead (node coordinator-1) for group adsb_redis_group: [Error 16] NotCoordinatorForGroupError.
2025-07-13 18:00:59,670 - INFO - Group coordinator for adsb_redis_group is BrokerMetadata(nodeId='coordinator-1', host='kafka', port=9092, rack=None)
2025-07-13 18:00:59,672 - INFO - Discovered coordinator coordinator-1 for group adsb_redis_group
2025-07-13 18:00:59,691 - INFO - (Re-)joining group adsb_redis_group
2025-07-13 18:00:59,827 - WARNING - Marking the coordinator dead (node coordinator-1) for group adsb_redis_group: [Error 16] NotCoordinatorForGroupError.
2025-07-13 18:00:59,991 - INFO - Group coordinator for adsb_redis_group is BrokerMetadata(nodeId='coordinator-1', host='kafka', port=9092, rack=None)
2025-07-13 18:01:00,022 - INFO - Discovered coordinator coordinator-1 for group adsb_redis_group
2025-07-13 18:01:00,029 - INFO - (Re-)joining group adsb_redis_group
2025-07-13 18:01:00,112 - WARNING - Marking the coordinator dead (node coordinator-1) for group adsb_redis_group: [Error 16] NotCoordinatorForGroupError.
2025-07-13 18:01:00,224 - INFO - Group coordinator for adsb_redis_group is BrokerMetadata(nodeId='coordinator-1', host='kafka', port=9092, rack=None)
2025-07-13 18:01:00,227 - INFO - Discovered coordinator coordinator-1 for group adsb_redis_group
2025-07-13 18:01:00,232 - INFO - (Re-)joining group adsb_redis_group
2025-07-13 18:01:00,270 - WARNING - Marking the coordinator dead (node coordinator-1) for group adsb_redis_group: [Error 16] NotCoordinatorForGroupError.
2025-07-13 18:01:00,448 - INFO - Group coordinator for adsb_redis_group is BrokerMetadata(nodeId='coordinator-1', host='kafka', port=9092, rack=None)
2025-07-13 18:01:00,450 - INFO - Discovered coordinator coordinator-1 for group adsb_redis_group
2025-07-13 18:01:00,453 - INFO - (Re-)joining group adsb_redis_group
2025-07-13 18:01:00,464 - WARNING - Marking the coordinator dead (node coordinator-1) for group adsb_redis_group: [Error 16] NotCoordinatorForGroupError.
2025-07-13 18:01:00,663 - INFO - Group coordinator for adsb_redis_group is BrokerMetadata(nodeId='coordinator-1', host='kafka', port=9092, rack=None)
2025-07-13 18:01:00,676 - INFO - Discovered coordinator coordinator-1 for group adsb_redis_group
2025-07-13 18:01:00,676 - INFO - (Re-)joining group adsb_redis_group
2025-07-13 18:01:00,815 - WARNING - Marking the coordinator dead (node coordinator-1) for group adsb_redis_group: [Error 16] NotCoordinatorForGroupError.
2025-07-13 18:01:00,930 - INFO - Group coordinator for adsb_redis_group is BrokerMetadata(nodeId='coordinator-1', host='kafka', port=9092, rack=None)
2025-07-13 18:01:00,935 - INFO - Discovered coordinator coordinator-1 for group adsb_redis_group
2025-07-13 18:01:00,936 - INFO - (Re-)joining group adsb_redis_group
2025-07-13 18:01:00,939 - WARNING - Marking the coordinator dead (node coordinator-1) for group adsb_redis_group: [Error 16] NotCoordinatorForGroupError.
2025-07-13 18:01:01,053 - INFO - Group coordinator for adsb_redis_group is BrokerMetadata(nodeId='coordinator-1', host='kafka', port=9092, rack=None)
2025-07-13 18:01:01,054 - INFO - Discovered coordinator coordinator-1 for group adsb_redis_group
2025-07-13 18:01:01,056 - INFO - (Re-)joining group adsb_redis_group
2025-07-13 18:01:01,062 - WARNING - Marking the coordinator dead (node coordinator-1) for group adsb_redis_group: [Error 16] NotCoordinatorForGroupError.
2025-07-13 18:01:01,176 - INFO - Group coordinator for adsb_redis_group is BrokerMetadata(nodeId='coordinator-1', host='kafka', port=9092, rack=None)
2025-07-13 18:01:01,178 - INFO - Discovered coordinator coordinator-1 for group adsb_redis_group
2025-07-13 18:01:01,178 - INFO - (Re-)joining group adsb_redis_group
2025-07-13 18:01:01,204 - WARNING - Marking the coordinator dead (node coordinator-1) for group adsb_redis_group: [Error 16] NotCoordinatorForGroupError.
2025-07-13 18:01:01,322 - INFO - Group coordinator for adsb_redis_group is BrokerMetadata(nodeId='coordinator-1', host='kafka', port=9092, rack=None)
2025-07-13 18:01:01,327 - INFO - Discovered coordinator coordinator-1 for group adsb_redis_group
2025-07-13 18:01:01,335 - INFO - (Re-)joining group adsb_redis_group
2025-07-13 18:01:01,344 - WARNING - Marking the coordinator dead (node coordinator-1) for group adsb_redis_group: [Error 16] NotCoordinatorForGroupError.
2025-07-13 18:01:01,534 - INFO - Group coordinator for adsb_redis_group is BrokerMetadata(nodeId='coordinator-1', host='kafka', port=9092, rack=None)
2025-07-13 18:01:01,535 - INFO - Discovered coordinator coordinator-1 for group adsb_redis_group
2025-07-13 18:01:01,540 - INFO - (Re-)joining group adsb_redis_group
2025-07-13 18:01:01,544 - WARNING - Marking the coordinator dead (node coordinator-1) for group adsb_redis_group: [Error 16] NotCoordinatorForGroupError.
2025-07-13 18:01:01,681 - INFO - Group coordinator for adsb_redis_group is BrokerMetadata(nodeId='coordinator-1', host='kafka', port=9092, rack=None)
2025-07-13 18:01:01,683 - INFO - Discovered coordinator coordinator-1 for group adsb_redis_group
2025-07-13 18:01:01,685 - INFO - (Re-)joining group adsb_redis_group
2025-07-13 18:01:01,690 - WARNING - Marking the coordinator dead (node coordinator-1) for group adsb_redis_group: [Error 16] NotCoordinatorForGroupError.
2025-07-13 18:01:01,859 - INFO - Group coordinator for adsb_redis_group is BrokerMetadata(nodeId='coordinator-1', host='kafka', port=9092, rack=None)
2025-07-13 18:01:01,868 - INFO - Discovered coordinator coordinator-1 for group adsb_redis_group
2025-07-13 18:01:01,872 - INFO - (Re-)joining group adsb_redis_group
2025-07-13 18:01:01,889 - WARNING - Marking the coordinator dead (node coordinator-1) for group adsb_redis_group: [Error 16] NotCoordinatorForGroupError.
2025-07-13 18:01:02,011 - INFO - Group coordinator for adsb_redis_group is BrokerMetadata(nodeId='coordinator-1', host='kafka', port=9092, rack=None)
2025-07-13 18:01:02,012 - INFO - Discovered coordinator coordinator-1 for group adsb_redis_group
2025-07-13 18:01:02,013 - INFO - (Re-)joining group adsb_redis_group
2025-07-13 18:01:02,016 - WARNING - Marking the coordinator dead (node coordinator-1) for group adsb_redis_group: [Error 16] NotCoordinatorForGroupError.
2025-07-13 18:01:02,160 - INFO - Group coordinator for adsb_redis_group is BrokerMetadata(nodeId='coordinator-1', host='kafka', port=9092, rack=None)
2025-07-13 18:01:02,161 - INFO - Discovered coordinator coordinator-1 for group adsb_redis_group
2025-07-13 18:01:02,162 - INFO - (Re-)joining group adsb_redis_group
2025-07-13 18:01:02,167 - WARNING - Marking the coordinator dead (node coordinator-1) for group adsb_redis_group: [Error 16] NotCoordinatorForGroupError.
2025-07-13 18:01:02,292 - INFO - Group coordinator for adsb_redis_group is BrokerMetadata(nodeId='coordinator-1', host='kafka', port=9092, rack=None)
2025-07-13 18:01:02,293 - INFO - Discovered coordinator coordinator-1 for group adsb_redis_group
2025-07-13 18:01:02,295 - INFO - (Re-)joining group adsb_redis_group
2025-07-13 18:01:02,306 - WARNING - Marking the coordinator dead (node coordinator-1) for group adsb_redis_group: [Error 16] NotCoordinatorForGroupError.
2025-07-13 18:01:02,413 - INFO - Group coordinator for adsb_redis_group is BrokerMetadata(nodeId='coordinator-1', host='kafka', port=9092, rack=None)
2025-07-13 18:01:02,416 - INFO - Discovered coordinator coordinator-1 for group adsb_redis_group
2025-07-13 18:01:02,420 - INFO - (Re-)joining group adsb_redis_group
2025-07-13 18:01:02,430 - WARNING - Marking the coordinator dead (node coordinator-1) for group adsb_redis_group: [Error 16] NotCoordinatorForGroupError.
2025-07-13 18:01:02,550 - INFO - Group coordinator for adsb_redis_group is BrokerMetadata(nodeId='coordinator-1', host='kafka', port=9092, rack=None)
2025-07-13 18:01:02,557 - INFO - Discovered coordinator coordinator-1 for group adsb_redis_group
2025-07-13 18:01:02,560 - INFO - (Re-)joining group adsb_redis_group
2025-07-13 18:01:02,567 - WARNING - Marking the coordinator dead (node coordinator-1) for group adsb_redis_group: [Error 16] NotCoordinatorForGroupError.
2025-07-13 18:01:02,677 - INFO - Group coordinator for adsb_redis_group is BrokerMetadata(nodeId='coordinator-1', host='kafka', port=9092, rack=None)
2025-07-13 18:01:02,678 - INFO - Discovered coordinator coordinator-1 for group adsb_redis_group
2025-07-13 18:01:02,680 - INFO - (Re-)joining group adsb_redis_group
2025-07-13 18:01:02,688 - WARNING - Marking the coordinator dead (node coordinator-1) for group adsb_redis_group: [Error 16] NotCoordinatorForGroupError.
2025-07-13 18:01:02,796 - INFO - Group coordinator for adsb_redis_group is BrokerMetadata(nodeId='coordinator-1', host='kafka', port=9092, rack=None)
2025-07-13 18:01:02,799 - INFO - Discovered coordinator coordinator-1 for group adsb_redis_group
2025-07-13 18:01:02,801 - INFO - (Re-)joining group adsb_redis_group
2025-07-13 18:01:02,836 - WARNING - Marking the coordinator dead (node coordinator-1) for group adsb_redis_group: [Error 16] NotCoordinatorForGroupError.
2025-07-13 18:01:02,967 - INFO - Group coordinator for adsb_redis_group is BrokerMetadata(nodeId='coordinator-1', host='kafka', port=9092, rack=None)
2025-07-13 18:01:02,982 - INFO - Discovered coordinator coordinator-1 for group adsb_redis_group
2025-07-13 18:01:02,989 - INFO - (Re-)joining group adsb_redis_group
2025-07-13 18:01:03,072 - WARNING - Marking the coordinator dead (node coordinator-1) for group adsb_redis_group: [Error 16] NotCoordinatorForGroupError.
2025-07-13 18:01:03,182 - INFO - Group coordinator for adsb_redis_group is BrokerMetadata(nodeId='coordinator-1', host='kafka', port=9092, rack=None)
2025-07-13 18:01:03,182 - INFO - Discovered coordinator coordinator-1 for group adsb_redis_group
2025-07-13 18:01:03,183 - INFO - (Re-)joining group adsb_redis_group
2025-07-13 18:01:03,194 - WARNING - Marking the coordinator dead (node coordinator-1) for group adsb_redis_group: [Error 16] NotCoordinatorForGroupError.
2025-07-13 18:01:03,306 - INFO - Group coordinator for adsb_redis_group is BrokerMetadata(nodeId='coordinator-1', host='kafka', port=9092, rack=None)
2025-07-13 18:01:03,313 - INFO - Discovered coordinator coordinator-1 for group adsb_redis_group
2025-07-13 18:01:03,316 - INFO - (Re-)joining group adsb_redis_group
2025-07-13 18:01:09,562 - INFO - Successfully joined group adsb_redis_group with generation 1
2025-07-13 18:01:09,563 - INFO - Updated partition assignment: [TopicPartition(topic='adsb.aeronaves', partition=1)]
2025-07-13 18:01:09,564 - INFO - Setting newly assigned partitions {TopicPartition(topic='adsb.aeronaves', partition=1)} for group adsb_redis_group
2025-07-13 18:01:32,893 - INFO - consumidor_redis2***Latencia_mensajeria***194.64993476867676***ms
2025-07-13 18:01:32,979 - INFO - consumidor_redis2: 19 insertadas en Redis.
2025-07-13 18:01:32,983 - INFO - consumidor_redis2***Latencia_ConsumidorRedis***90.4839038848877***ms
2025-07-13 18:01:43,298 - INFO - consumidor_redis2***Latencia_mensajeria***649.8074531555176***ms
2025-07-13 18:01:43,676 - INFO - consumidor_redis2: 188 insertadas en Redis.
2025-07-13 18:01:43,728 - INFO - consumidor_redis2***Latencia_ConsumidorRedis***429.96978759765625***ms
2025-07-13 18:01:43,735 - INFO - consumidor_redis2***Latencia_mensajeria***1071.8634128570557***ms
2025-07-13 18:01:44,177 - INFO - consumidor_redis2: 189 insertadas en Redis.
2025-07-13 18:01:44,183 - INFO - consumidor_redis2***Latencia_ConsumidorRedis***448.5905170440674***ms
2025-07-13 18:01:44,206 - INFO - consumidor_redis2***Latencia_mensajeria***1537.9416942596436***ms
2025-07-13 18:01:44,422 - INFO - consumidor_redis2: 95 insertadas en Redis.
2025-07-13 18:01:44,424 - INFO - consumidor_redis2***Latencia_ConsumidorRedis***218.1544303894043***ms
2025-07-13 18:01:53,347 - INFO - consumidor_redis2***Latencia_mensajeria***576.3421058654785***ms
2025-07-13 18:01:54,022 - INFO - consumidor_redis2: 187 insertadas en Redis.
2025-07-13 18:01:54,027 - INFO - consumidor_redis2***Latencia_ConsumidorRedis***680.4537773132324***ms
2025-07-13 18:02:02,966 - INFO - consumidor_redis2***Latencia_mensajeria***10138.628482818604***ms
2025-07-13 18:02:03,133 - INFO - consumidor_redis2: 90 insertadas en Redis.
2025-07-13 18:02:03,139 - INFO - consumidor_redis2***Latencia_ConsumidorRedis***172.84750938415527***ms
2025-07-13 18:02:03,182 - INFO - consumidor_redis2***Latencia_mensajeria***514.460563659668***ms
2025-07-13 18:02:03,633 - INFO - consumidor_redis2: 184 insertadas en Redis.
2025-07-13 18:02:03,638 - INFO - consumidor_redis2***Latencia_ConsumidorRedis***455.92570304870605***ms
2025-07-13 18:02:03,642 - INFO - consumidor_redis2***Latencia_mensajeria***961.3626003265381***ms
2025-07-13 18:02:03,785 - INFO - consumidor_redis2: 98 insertadas en Redis.
2025-07-13 18:02:03,821 - INFO - consumidor_redis2***Latencia_ConsumidorRedis***178.985595703125***ms
2025-07-13 18:02:13,096 - INFO - consumidor_redis2***Latencia_mensajeria***435.66226959228516***ms
2025-07-13 18:02:13,468 - INFO - consumidor_redis2: 193 insertadas en Redis.
2025-07-13 18:02:13,474 - INFO - consumidor_redis2***Latencia_ConsumidorRedis***377.87604331970215***ms
2025-07-13 18:02:13,498 - INFO - consumidor_redis2***Latencia_mensajeria***826.8213272094727***ms
2025-07-13 18:02:13,890 - INFO - consumidor_redis2: 95 insertadas en Redis.
2025-07-13 18:02:13,892 - INFO - consumidor_redis2***Latencia_ConsumidorRedis***394.0310478210449***ms
2025-07-13 18:02:23,355 - INFO - consumidor_redis2***Latencia_mensajeria***578.2172679901123***ms
2025-07-13 18:02:23,634 - INFO - consumidor_redis2: 95 insertadas en Redis.
2025-07-13 18:02:23,638 - INFO - consumidor_redis2***Latencia_ConsumidorRedis***283.2295894622803***ms
2025-07-13 18:02:52,771 - INFO - consumidor_redis2***Latencia_mensajeria***129.26983833312988***ms
2025-07-13 18:02:53,267 - INFO - consumidor_redis2: 187 insertadas en Redis.
2025-07-13 18:02:53,288 - INFO - consumidor_redis2***Latencia_ConsumidorRedis***517.2290802001953***ms
2025-07-13 18:02:53,305 - INFO - consumidor_redis2***Latencia_mensajeria***639.7075653076172***ms
2025-07-13 18:02:53,475 - INFO - consumidor_redis2: 189 insertadas en Redis.
2025-07-13 18:02:53,478 - INFO - consumidor_redis2***Latencia_ConsumidorRedis***172.98173904418945***ms
2025-07-13 18:02:53,481 - INFO - consumidor_redis2***Latencia_mensajeria***727.2899150848389***ms
2025-07-13 18:02:53,755 - INFO - consumidor_redis2: 94 insertadas en Redis.
2025-07-13 18:02:53,793 - INFO - consumidor_redis2***Latencia_ConsumidorRedis***311.8000030517578***ms
2025-07-13 18:03:02,821 - INFO - consumidor_redis2***Latencia_mensajeria***156.83555603027344***ms
2025-07-13 18:03:03,648 - INFO - consumidor_redis2: 193 insertadas en Redis.
2025-07-13 18:03:03,675 - INFO - consumidor_redis2***Latencia_ConsumidorRedis***853.9934158325195***ms
2025-07-13 18:03:03,782 - INFO - consumidor_redis2***Latencia_mensajeria***1102.4656295776367***ms
2025-07-13 18:03:04,295 - INFO - consumidor_redis2: 90 insertadas en Redis.
2025-07-13 18:03:04,297 - INFO - consumidor_redis2***Latencia_ConsumidorRedis***515.6190395355225***ms
2025-07-13 18:03:13,007 - INFO - consumidor_redis2***Latencia_mensajeria***359.62867736816406***ms
2025-07-13 18:03:13,321 - INFO - consumidor_redis2: 185 insertadas en Redis.
2025-07-13 18:03:13,329 - INFO - consumidor_redis2***Latencia_ConsumidorRedis***322.44300842285156***ms
2025-07-13 18:03:22,818 - INFO - consumidor_redis2***Latencia_mensajeria***172.20282554626465***ms
2025-07-13 18:03:23,226 - INFO - consumidor_redis2: 183 insertadas en Redis.
2025-07-13 18:03:23,292 - INFO - consumidor_redis2***Latencia_ConsumidorRedis***474.5926856994629***ms
2025-07-13 18:03:23,320 - INFO - consumidor_redis2***Latencia_mensajeria***653.1796455383301***ms
2025-07-13 18:03:23,692 - INFO - consumidor_redis2: 191 insertadas en Redis.
2025-07-13 18:03:23,703 - INFO - consumidor_redis2***Latencia_ConsumidorRedis***382.8115463256836***ms
2025-07-13 18:03:23,706 - INFO - consumidor_redis2***Latencia_mensajeria***923.8321781158447***ms
2025-07-13 18:03:23,828 - INFO - consumidor_redis2: 94 insertadas en Redis.
2025-07-13 18:03:23,912 - INFO - consumidor_redis2***Latencia_ConsumidorRedis***206.4340114593506***ms
2025-07-13 18:03:32,820 - INFO - consumidor_redis2***Latencia_mensajeria***177.97470092773438***ms
2025-07-13 18:03:33,569 - INFO - consumidor_redis2: 184 insertadas en Redis.
2025-07-13 18:03:33,573 - INFO - consumidor_redis2***Latencia_ConsumidorRedis***753.2384395599365***ms
2025-07-13 18:03:33,609 - INFO - consumidor_redis2***Latencia_mensajeria***948.2014179229736***ms
2025-07-13 18:03:34,308 - INFO - consumidor_redis2: 188 insertadas en Redis.
2025-07-13 18:03:34,394 - INFO - consumidor_redis2***Latencia_ConsumidorRedis***785.4313850402832***ms
2025-07-13 18:03:42,705 - INFO - consumidor_redis2***Latencia_mensajeria***59.88955497741699***ms
2025-07-13 18:03:42,855 - INFO - consumidor_redis2: 182 insertadas en Redis.
2025-07-13 18:03:42,875 - INFO - consumidor_redis2***Latencia_ConsumidorRedis***170.34459114074707***ms
2025-07-13 18:03:42,903 - INFO - consumidor_redis2***Latencia_mensajeria***232.20372200012207***ms
2025-07-13 18:03:43,267 - INFO - consumidor_redis2: 93 insertadas en Redis.
2025-07-13 18:03:43,273 - INFO - consumidor_redis2***Latencia_ConsumidorRedis***370.01919746398926***ms
2025-07-13 18:03:53,132 - INFO - consumidor_redis2***Latencia_mensajeria***399.19304847717285***ms
2025-07-13 18:03:53,297 - INFO - consumidor_redis2: 91 insertadas en Redis.
2025-07-13 18:03:53,307 - INFO - consumidor_redis2***Latencia_ConsumidorRedis***174.57246780395508***ms
2025-07-13 18:04:02,761 - INFO - consumidor_redis2***Latencia_mensajeria***110.87155342102051***ms
2025-07-13 18:04:03,510 - INFO - consumidor_redis2: 187 insertadas en Redis.
2025-07-13 18:04:03,512 - INFO - consumidor_redis2***Latencia_ConsumidorRedis***750.5402565002441***ms
2025-07-13 18:04:13,217 - INFO - consumidor_redis2***Latencia_mensajeria***456.65812492370605***ms
2025-07-13 18:04:13,804 - INFO - consumidor_redis2: 92 insertadas en Redis.
2025-07-13 18:04:13,812 - INFO - consumidor_redis2***Latencia_ConsumidorRedis***594.627857208252***ms
2025-07-13 18:04:22,749 - INFO - consumidor_redis2***Latencia_mensajeria***108.84523391723633***ms
2025-07-13 18:04:23,039 - INFO - consumidor_redis2: 181 insertadas en Redis.
2025-07-13 18:04:23,045 - INFO - consumidor_redis2***Latencia_ConsumidorRedis***295.6690788269043***ms
2025-07-13 18:04:23,056 - INFO - consumidor_redis2***Latencia_mensajeria***397.24016189575195***ms
2025-07-13 18:04:23,270 - INFO - consumidor_redis2: 186 insertadas en Redis.
2025-07-13 18:04:23,279 - INFO - consumidor_redis2***Latencia_ConsumidorRedis***222.58615493774414***ms
2025-07-13 18:04:23,280 - INFO - consumidor_redis2***Latencia_mensajeria***552.5643825531006***ms
2025-07-13 18:04:23,422 - INFO - consumidor_redis2: 91 insertadas en Redis.
2025-07-13 18:04:23,424 - INFO - consumidor_redis2***Latencia_ConsumidorRedis***144.2089080810547***ms
2025-07-13 18:04:42,963 - INFO - consumidor_redis2***Latencia_mensajeria***234.11202430725098***ms
2025-07-13 18:04:43,452 - INFO - consumidor_redis2: 92 insertadas en Redis.
2025-07-13 18:04:43,463 - INFO - consumidor_redis2***Latencia_ConsumidorRedis***500.89001655578613***ms
2025-07-13 18:04:52,861 - INFO - consumidor_redis2***Latencia_mensajeria***212.8276824951172***ms
2025-07-13 18:04:53,324 - INFO - consumidor_redis2: 179 insertadas en Redis.
2025-07-13 18:04:53,334 - INFO - consumidor_redis2***Latencia_ConsumidorRedis***473.0863571166992***ms
2025-07-13 18:05:02,879 - INFO - consumidor_redis2***Latencia_mensajeria***236.26947402954102***ms
2025-07-13 18:05:03,497 - INFO - consumidor_redis2: 179 insertadas en Redis.
2025-07-13 18:05:03,517 - INFO - consumidor_redis2***Latencia_ConsumidorRedis***639.9710178375244***ms
2025-07-13 18:05:12,892 - INFO - consumidor_redis2***Latencia_mensajeria***252.0911693572998***ms
2025-07-13 18:05:13,388 - INFO - consumidor_redis2: 185 insertadas en Redis.
2025-07-13 18:05:13,437 - INFO - consumidor_redis2***Latencia_ConsumidorRedis***545.7069873809814***ms
2025-07-13 18:05:13,495 - INFO - consumidor_redis2***Latencia_mensajeria***786.6549491882324***ms
2025-07-13 18:05:13,824 - INFO - consumidor_redis2: 90 insertadas en Redis.
2025-07-13 18:05:13,827 - INFO - consumidor_redis2***Latencia_ConsumidorRedis***332.42273330688477***ms
2025-07-13 18:05:23,162 - INFO - consumidor_redis2***Latencia_mensajeria***494.2443370819092***ms
2025-07-13 18:05:24,348 - INFO - consumidor_redis2: 175 insertadas en Redis.
2025-07-13 18:05:24,379 - INFO - consumidor_redis2***Latencia_ConsumidorRedis***1217.3655033111572***ms
2025-07-13 18:05:33,306 - INFO - consumidor_redis2***Latencia_mensajeria***235.27956008911133***ms
2025-07-13 18:05:33,662 - INFO - consumidor_redis2: 89 insertadas en Redis.
2025-07-13 18:05:33,800 - INFO - consumidor_redis2***Latencia_ConsumidorRedis***488.82079124450684***ms
2025-07-13 18:05:42,947 - INFO - consumidor_redis2***Latencia_mensajeria***265.40589332580566***ms
2025-07-13 18:05:43,119 - INFO - consumidor_redis2: 179 insertadas en Redis.
2025-07-13 18:05:43,129 - INFO - consumidor_redis2***Latencia_ConsumidorRedis***182.27863311767578***ms
2025-07-13 18:05:53,159 - INFO - consumidor_redis2***Latencia_mensajeria***219.02871131896973***ms
2025-07-13 18:05:53,382 - INFO - consumidor_redis2: 93 insertadas en Redis.
2025-07-13 18:05:53,393 - INFO - consumidor_redis2***Latencia_ConsumidorRedis***234.27128791809082***ms
2025-07-13 18:06:02,765 - INFO - consumidor_redis2***Latencia_mensajeria***119.54832077026367***ms
2025-07-13 18:06:03,055 - INFO - consumidor_redis2: 178 insertadas en Redis.
2025-07-13 18:06:03,061 - INFO - consumidor_redis2***Latencia_ConsumidorRedis***295.83287239074707***ms
2025-07-13 18:06:03,072 - INFO - consumidor_redis2***Latencia_mensajeria***397.57394790649414***ms
2025-07-13 18:06:03,567 - INFO - consumidor_redis2: 188 insertadas en Redis.
2025-07-13 18:06:03,569 - INFO - consumidor_redis2***Latencia_ConsumidorRedis***496.65117263793945***ms
2025-07-13 18:06:03,571 - INFO - consumidor_redis2***Latencia_mensajeria***810.2314472198486***ms
2025-07-13 18:06:03,775 - INFO - consumidor_redis2: 92 insertadas en Redis.
2025-07-13 18:06:03,786 - INFO - consumidor_redis2***Latencia_ConsumidorRedis***215.71850776672363***ms
2025-07-13 18:06:12,800 - INFO - consumidor_redis2***Latencia_mensajeria***143.00012588500977***ms
2025-07-13 18:06:13,538 - INFO - consumidor_redis2: 181 insertadas en Redis.
2025-07-13 18:06:13,542 - INFO - consumidor_redis2***Latencia_ConsumidorRedis***742.6786422729492***ms
2025-07-13 18:06:21,816 - INFO - Fetch offset 43 is out of range for topic-partition TopicPartition(topic='adsb.aeronaves', partition=1)
2025-07-13 18:06:22,753 - INFO - consumidor_redis2***Latencia_mensajeria***91.45879745483398***ms
2025-07-13 18:06:23,154 - INFO - consumidor_redis2: 178 insertadas en Redis.
2025-07-13 18:06:23,156 - INFO - consumidor_redis2***Latencia_ConsumidorRedis***402.3933410644531***ms
2025-07-13 18:06:23,163 - INFO - consumidor_redis2***Latencia_mensajeria***489.94994163513184***ms
2025-07-13 18:06:23,253 - INFO - consumidor_redis2: 91 insertadas en Redis.
2025-07-13 18:06:23,257 - INFO - consumidor_redis2***Latencia_ConsumidorRedis***94.06375885009766***ms
2025-07-13 18:06:32,978 - INFO - consumidor_redis2***Latencia_mensajeria***283.9798927307129***ms
2025-07-13 18:06:33,088 - INFO - consumidor_redis2: 87 insertadas en Redis.
2025-07-13 18:06:33,092 - INFO - consumidor_redis2***Latencia_ConsumidorRedis***113.43836784362793***ms
2025-07-13 18:06:42,752 - INFO - consumidor_redis2***Latencia_mensajeria***102.22744941711426***ms
2025-07-13 18:06:43,060 - INFO - consumidor_redis2: 180 insertadas en Redis.
2025-07-13 18:06:43,062 - INFO - consumidor_redis2***Latencia_ConsumidorRedis***310.14156341552734***ms
2025-07-13 18:06:43,068 - INFO - consumidor_redis2***Latencia_mensajeria***381.1972141265869***ms
2025-07-13 18:06:43,138 - INFO - consumidor_redis2: 93 insertadas en Redis.
2025-07-13 18:06:43,140 - INFO - consumidor_redis2***Latencia_ConsumidorRedis***71.79069519042969***ms
