=== 2025-07-13T18:08:41Z ===
{
  "Hora UTC": "No disponible",
  "Sectorización aplicable": {
    "sector_CZ_Centro": 0,
    "sector_AD": 0,
    "sector_XK": 0,
    "sector_GB_Oeste": 0,
    "sector_BE_Este": 0,
    "sector_PT_Este": 0,
    "sector_TR_Oeste": 0,
    "sector_SE_Oeste": 0,
    "sector_RU_Oeste": 0,
    "sector_IT_Norte": 0
  }
}
=== 2025-07-13T18:08:47Z ===
{
  "Hora UTC": "No disponible",
  "Sectorización aplicable": {
    "sector_CZ_Centro": 0,
    "sector_AD": 0,
    "sector_XK": 0,
    "sector_GB_Oeste": 0,
    "sector_BE_Este": 0,
    "sector_PT_Este": 0,
    "sector_TR_Oeste": 0,
    "sector_SE_Oeste": 0,
    "sector_RU_Oeste": 0,
    "sector_IT_Norte": 0
  }
}
=== 2025-07-13T18:08:52Z ===
{
  "Hora UTC": "No disponible",
  "Sectorización aplicable": {
    "sector_CZ_Centro": 0,
    "sector_AD": 0,
    "sector_XK": 0,
    "sector_GB_Oeste": 0,
    "sector_BE_Este": 0,
    "sector_PT_Este": 0,
    "sector_TR_Oeste": 0,
    "sector_SE_Oeste": 0,
    "sector_RU_Oeste": 0,
    "sector_IT_Norte": 0
  }
}
=== 2025-07-13T18:08:57Z ===
{
  "Hora UTC": "No disponible",
  "Sectorización aplicable": {
    "sector_CZ_Centro": 2,
    "sector_AD": 0,
    "sector_XK": 0,
    "sector_GB_Oeste": 0,
    "sector_BE_Este": 0,
    "sector_PT_Este": 0,
    "sector_TR_Oeste": 0,
    "sector_SE_Oeste": 0,
    "sector_RU_Oeste": 0,
    "sector_IT_Norte": 0
  }
}
=== 2025-07-13T18:09:02Z ===
{
  "Hora UTC": "No disponible",
  "Sectorización aplicable": {
    "sector_CZ_Centro": 2,
    "sector_AD": 0,
    "sector_XK": 0,
    "sector_GB_Oeste": 0,
    "sector_BE_Este": 0,
    "sector_PT_Este": 0,
    "sector_TR_Oeste": 0,
    "sector_SE_Oeste": 0,
    "sector_RU_Oeste": 0,
    "sector_IT_Norte": 0
  }
}
=== 2025-07-13T18:09:07Z ===
{
  "Hora UTC": "No disponible",
  "Sectorización aplicable": {
    "sector_CZ_Centro": 2,
    "sector_AD": 0,
    "sector_XK": 0,
    "sector_GB_Oeste": 0,
    "sector_BE_Este": 0,
    "sector_PT_Este": 0,
    "sector_TR_Oeste": 0,
    "sector_SE_Oeste": 0,
    "sector_RU_Oeste": 0,
    "sector_IT_Norte": 0
  }
}
=== 2025-07-13T18:09:13Z ===
{
  "Hora UTC": "No disponible",
  "Sectorización aplicable": {
    "sector_CZ_Centro": 2,
    "sector_AD": 0,
    "sector_XK": 0,
    "sector_GB_Oeste": 0,
    "sector_BE_Este": 0,
    "sector_PT_Este": 0,
    "sector_TR_Oeste": 0,
    "sector_SE_Oeste": 0,
    "sector_RU_Oeste": 0,
    "sector_IT_Norte": 0
  }
}
=== 2025-07-13T18:09:18Z ===
{
  "Hora UTC": "No disponible",
  "Sectorización aplicable": {
    "sector_CZ_Centro": 61,
    "sector_AD": 69,
    "sector_XK": 66,
    "sector_GB_Oeste": 68,
    "sector_BE_Este": 92,
    "sector_PT_Este": 44,
    "sector_TR_Oeste": 37,
    "sector_SE_Oeste": 29,
    "sector_RU_Oeste": 18,
    "sector_IT_Norte": 74
  }
}
=== 2025-07-13T18:09:23Z ===
{
  "Hora UTC": "2025-07-13 18:09:18",
  "Sectorización aplicable": {
    "sector_CZ_Centro": 61,
    "sector_AD": 69,
    "sector_XK": 66,
    "sector_GB_Oeste": 68,
    "sector_BE_Este": 92,
    "sector_PT_Este": 44,
    "sector_TR_Oeste": 37,
    "sector_SE_Oeste": 29,
    "sector_RU_Oeste": 18,
    "sector_IT_Norte": 74
  }
}
=== 2025-07-13T18:09:28Z ===
{
  "Hora UTC": "2025-07-13 18:09:18",
  "Sectorización aplicable": {
    "sector_CZ_Centro": 61,
    "sector_AD": 69,
    "sector_XK": 66,
    "sector_GB_Oeste": 68,
    "sector_BE_Este": 92,
    "sector_PT_Este": 44,
    "sector_TR_Oeste": 37,
    "sector_SE_Oeste": 29,
    "sector_RU_Oeste": 18,
    "sector_IT_Norte": 74
  }
}
=== 2025-07-13T18:09:34Z ===
{
  "Hora UTC": "2025-07-13 18:09:31",
  "Sectorización aplicable": {
    "sector_CZ_Centro": 123,
    "sector_AD": 134,
    "sector_XK": 129,
    "sector_GB_Oeste": 157,
    "sector_BE_Este": 186,
    "sector_PT_Este": 83,
    "sector_TR_Oeste": 84,
    "sector_SE_Oeste": 70,
    "sector_RU_Oeste": 36,
    "sector_IT_Norte": 186
  }
}
=== 2025-07-13T18:09:39Z ===
{
  "Hora UTC": "2025-07-13 18:09:31",
  "Sectorización aplicable": {
    "sector_CZ_Centro": 123,
    "sector_AD": 134,
    "sector_XK": 129,
    "sector_GB_Oeste": 157,
    "sector_BE_Este": 186,
    "sector_PT_Este": 83,
    "sector_TR_Oeste": 84,
    "sector_SE_Oeste": 70,
    "sector_RU_Oeste": 36,
    "sector_IT_Norte": 186
  }
}
=== 2025-07-13T18:09:44Z ===
{
  "Hora UTC": "2025-07-13 18:09:31",
  "Sectorización aplicable": {
    "sector_CZ_Centro": 123,
    "sector_AD": 134,
    "sector_XK": 129,
    "sector_GB_Oeste": 157,
    "sector_BE_Este": 186,
    "sector_PT_Este": 83,
    "sector_TR_Oeste": 84,
    "sector_SE_Oeste": 70,
    "sector_RU_Oeste": 36,
    "sector_IT_Norte": 186
  }
}
=== 2025-07-13T18:09:49Z ===
{
  "Hora UTC": "2025-07-13 18:09:47",
  "Sectorización aplicable": {
    "sector_CZ_Centro": 165,
    "sector_AD": 172,
    "sector_XK": 156,
    "sector_GB_Oeste": 197,
    "sector_BE_Este": 230,
    "sector_PT_Este": 99,
    "sector_TR_Oeste": 102,
    "sector_SE_Oeste": 84,
    "sector_RU_Oeste": 42,
    "sector_IT_Norte": 228
  }
}
=== 2025-07-13T18:09:54Z ===
{
  "Hora UTC": "2025-07-13 18:09:47",
  "Sectorización aplicable": {
    "sector_CZ_Centro": 165,
    "sector_AD": 172,
    "sector_XK": 156,
    "sector_GB_Oeste": 197,
    "sector_BE_Este": 230,
    "sector_PT_Este": 99,
    "sector_TR_Oeste": 102,
    "sector_SE_Oeste": 84,
    "sector_RU_Oeste": 42,
    "sector_IT_Norte": 228
  }
}
=== 2025-07-13T18:10:00Z ===
{
  "Hora UTC": "2025-07-13 18:09:47",
  "Sectorización aplicable": {
    "sector_CZ_Centro": 165,
    "sector_AD": 172,
    "sector_XK": 156,
    "sector_GB_Oeste": 197,
    "sector_BE_Este": 230,
    "sector_PT_Este": 99,
    "sector_TR_Oeste": 102,
    "sector_SE_Oeste": 84,
    "sector_RU_Oeste": 42,
    "sector_IT_Norte": 228
  }
}
=== 2025-07-13T18:10:05Z ===
{
  "Hora UTC": "2025-07-13 18:10:00",
  "Sectorización aplicable": {
    "sector_CZ_Centro": 196,
    "sector_AD": 208,
    "sector_XK": 183,
    "sector_GB_Oeste": 226,
    "sector_BE_Este": 257,
    "sector_PT_Este": 119,
    "sector_TR_Oeste": 123,
    "sector_SE_Oeste": 98,
    "sector_RU_Oeste": 50,
    "sector_IT_Norte": 265
  }
}
=== 2025-07-13T18:10:10Z ===
{
  "Hora UTC": "2025-07-13 18:10:00",
  "Sectorización aplicable": {
    "sector_CZ_Centro": 196,
    "sector_AD": 208,
    "sector_XK": 183,
    "sector_GB_Oeste": 226,
    "sector_BE_Este": 257,
    "sector_PT_Este": 119,
    "sector_TR_Oeste": 123,
    "sector_SE_Oeste": 98,
    "sector_RU_Oeste": 50,
    "sector_IT_Norte": 265
  }
}
=== 2025-07-13T18:10:15Z ===
{
  "Hora UTC": "2025-07-13 18:10:13",
  "Sectorización aplicable": {
    "sector_CZ_Centro": 209,
    "sector_AD": 234,
    "sector_XK": 181,
    "sector_GB_Oeste": 245,
    "sector_BE_Este": 276,
    "sector_PT_Este": 125,
    "sector_TR_Oeste": 142,
    "sector_SE_Oeste": 115,
    "sector_RU_Oeste": 51,
    "sector_IT_Norte": 296
  }
}
=== 2025-07-13T18:10:20Z ===
{
  "Hora UTC": "2025-07-13 18:10:13",
  "Sectorización aplicable": {
    "sector_CZ_Centro": 209,
    "sector_AD": 234,
    "sector_XK": 181,
    "sector_GB_Oeste": 245,
    "sector_BE_Este": 276,
    "sector_PT_Este": 125,
    "sector_TR_Oeste": 142,
    "sector_SE_Oeste": 115,
    "sector_RU_Oeste": 51,
    "sector_IT_Norte": 296
  }
}
=== 2025-07-13T18:10:25Z ===
{
  "Hora UTC": "2025-07-13 18:10:13",
  "Sectorización aplicable": {
    "sector_CZ_Centro": 209,
    "sector_AD": 234,
    "sector_XK": 181,
    "sector_GB_Oeste": 245,
    "sector_BE_Este": 276,
    "sector_PT_Este": 125,
    "sector_TR_Oeste": 142,
    "sector_SE_Oeste": 115,
    "sector_RU_Oeste": 51,
    "sector_IT_Norte": 296
  }
}
=== 2025-07-13T18:10:31Z ===
{
  "Hora UTC": "2025-07-13 18:10:26",
  "Sectorización aplicable": {
    "sector_CZ_Centro": 210,
    "sector_AD": 234,
    "sector_XK": 187,
    "sector_GB_Oeste": 247,
    "sector_BE_Este": 279,
    "sector_PT_Este": 123,
    "sector_TR_Oeste": 142,
    "sector_SE_Oeste": 116,
    "sector_RU_Oeste": 54,
    "sector_IT_Norte": 301
  }
}
=== 2025-07-13T18:10:36Z ===
{
  "Hora UTC": "2025-07-13 18:10:26",
  "Sectorización aplicable": {
    "sector_CZ_Centro": 210,
    "sector_AD": 234,
    "sector_XK": 187,
    "sector_GB_Oeste": 247,
    "sector_BE_Este": 279,
    "sector_PT_Este": 123,
    "sector_TR_Oeste": 142,
    "sector_SE_Oeste": 116,
    "sector_RU_Oeste": 54,
    "sector_IT_Norte": 301
  }
}
=== 2025-07-13T18:10:41Z ===
{
  "Hora UTC": "2025-07-13 18:10:26",
  "Sectorización aplicable": {
    "sector_CZ_Centro": 210,
    "sector_AD": 234,
    "sector_XK": 187,
    "sector_GB_Oeste": 247,
    "sector_BE_Este": 279,
    "sector_PT_Este": 123,
    "sector_TR_Oeste": 142,
    "sector_SE_Oeste": 116,
    "sector_RU_Oeste": 54,
    "sector_IT_Norte": 301
  }
}
=== 2025-07-13T18:10:46Z ===
{
  "Hora UTC": "2025-07-13 18:10:42",
  "Sectorización aplicable": {
    "sector_CZ_Centro": 206,
    "sector_AD": 228,
    "sector_XK": 189,
    "sector_GB_Oeste": 247,
    "sector_BE_Este": 265,
    "sector_PT_Este": 133,
    "sector_TR_Oeste": 143,
    "sector_SE_Oeste": 112,
    "sector_RU_Oeste": 57,
    "sector_IT_Norte": 303
  }
}
=== 2025-07-13T18:10:51Z ===
{
  "Hora UTC": "2025-07-13 18:10:42",
  "Sectorización aplicable": {
    "sector_CZ_Centro": 206,
    "sector_AD": 228,
    "sector_XK": 189,
    "sector_GB_Oeste": 247,
    "sector_BE_Este": 265,
    "sector_PT_Este": 133,
    "sector_TR_Oeste": 143,
    "sector_SE_Oeste": 112,
    "sector_RU_Oeste": 57,
    "sector_IT_Norte": 303
  }
}
=== 2025-07-13T18:10:57Z ===
{
  "Hora UTC": "2025-07-13 18:10:55",
  "Sectorización aplicable": {
    "sector_CZ_Centro": 205,
    "sector_AD": 214,
    "sector_XK": 191,
    "sector_GB_Oeste": 255,
    "sector_BE_Este": 272,
    "sector_PT_Este": 136,
    "sector_TR_Oeste": 140,
    "sector_SE_Oeste": 111,
    "sector_RU_Oeste": 62,
    "sector_IT_Norte": 315
  }
}
=== 2025-07-13T18:11:02Z ===
{
  "Hora UTC": "2025-07-13 18:10:55",
  "Sectorización aplicable": {
    "sector_CZ_Centro": 205,
    "sector_AD": 214,
    "sector_XK": 191,
    "sector_GB_Oeste": 255,
    "sector_BE_Este": 272,
    "sector_PT_Este": 136,
    "sector_TR_Oeste": 140,
    "sector_SE_Oeste": 111,
    "sector_RU_Oeste": 62,
    "sector_IT_Norte": 315
  }
}
=== 2025-07-13T18:11:07Z ===
{
  "Hora UTC": "2025-07-13 18:10:55",
  "Sectorización aplicable": {
    "sector_CZ_Centro": 205,
    "sector_AD": 214,
    "sector_XK": 191,
    "sector_GB_Oeste": 255,
    "sector_BE_Este": 272,
    "sector_PT_Este": 136,
    "sector_TR_Oeste": 140,
    "sector_SE_Oeste": 111,
    "sector_RU_Oeste": 62,
    "sector_IT_Norte": 315
  }
}
=== 2025-07-13T18:11:12Z ===
{
  "Hora UTC": "2025-07-13 18:11:12",
  "Sectorización aplicable": {
    "sector_CZ_Centro": 209,
    "sector_AD": 220,
    "sector_XK": 193,
    "sector_GB_Oeste": 258,
    "sector_BE_Este": 262,
    "sector_PT_Este": 138,
    "sector_TR_Oeste": 132,
    "sector_SE_Oeste": 110,
    "sector_RU_Oeste": 64,
    "sector_IT_Norte": 302
  }
}
=== 2025-07-13T18:11:17Z ===
{
  "Hora UTC": "2025-07-13 18:11:12",
  "Sectorización aplicable": {
    "sector_CZ_Centro": 209,
    "sector_AD": 220,
    "sector_XK": 193,
    "sector_GB_Oeste": 258,
    "sector_BE_Este": 262,
    "sector_PT_Este": 138,
    "sector_TR_Oeste": 132,
    "sector_SE_Oeste": 110,
    "sector_RU_Oeste": 64,
    "sector_IT_Norte": 302
  }
}
=== 2025-07-13T18:11:22Z ===
{
  "Hora UTC": "2025-07-13 18:11:12",
  "Sectorización aplicable": {
    "sector_CZ_Centro": 209,
    "sector_AD": 220,
    "sector_XK": 193,
    "sector_GB_Oeste": 258,
    "sector_BE_Este": 262,
    "sector_PT_Este": 138,
    "sector_TR_Oeste": 132,
    "sector_SE_Oeste": 110,
    "sector_RU_Oeste": 64,
    "sector_IT_Norte": 302
  }
}
=== 2025-07-13T18:11:27Z ===
{
  "Hora UTC": "2025-07-13 18:11:25",
  "Sectorización aplicable": {
    "sector_CZ_Centro": 215,
    "sector_AD": 221,
    "sector_XK": 197,
    "sector_GB_Oeste": 257,
    "sector_BE_Este": 266,
    "sector_PT_Este": 141,
    "sector_TR_Oeste": 139,
    "sector_SE_Oeste": 111,
    "sector_RU_Oeste": 59,
    "sector_IT_Norte": 300
  }
}
=== 2025-07-13T18:11:33Z ===
{
  "Hora UTC": "2025-07-13 18:11:25",
  "Sectorización aplicable": {
    "sector_CZ_Centro": 215,
    "sector_AD": 221,
    "sector_XK": 197,
    "sector_GB_Oeste": 257,
    "sector_BE_Este": 266,
    "sector_PT_Este": 141,
    "sector_TR_Oeste": 139,
    "sector_SE_Oeste": 111,
    "sector_RU_Oeste": 59,
    "sector_IT_Norte": 300
  }
}
=== 2025-07-13T18:11:38Z ===
{
  "Hora UTC": "2025-07-13 18:11:25",
  "Sectorización aplicable": {
    "sector_CZ_Centro": 215,
    "sector_AD": 221,
    "sector_XK": 197,
    "sector_GB_Oeste": 257,
    "sector_BE_Este": 266,
    "sector_PT_Este": 141,
    "sector_TR_Oeste": 139,
    "sector_SE_Oeste": 111,
    "sector_RU_Oeste": 59,
    "sector_IT_Norte": 300
  }
}
=== 2025-07-13T18:11:43Z ===
{
  "Hora UTC": "2025-07-13 18:11:38",
  "Sectorización aplicable": {
    "sector_CZ_Centro": 221,
    "sector_AD": 220,
    "sector_XK": 188,
    "sector_GB_Oeste": 241,
    "sector_BE_Este": 262,
    "sector_PT_Este": 139,
    "sector_TR_Oeste": 141,
    "sector_SE_Oeste": 110,
    "sector_RU_Oeste": 54,
    "sector_IT_Norte": 303
  }
}
=== 2025-07-13T18:11:48Z ===
{
  "Hora UTC": "2025-07-13 18:11:38",
  "Sectorización aplicable": {
    "sector_CZ_Centro": 221,
    "sector_AD": 220,
    "sector_XK": 188,
    "sector_GB_Oeste": 241,
    "sector_BE_Este": 262,
    "sector_PT_Este": 139,
    "sector_TR_Oeste": 141,
    "sector_SE_Oeste": 110,
    "sector_RU_Oeste": 54,
    "sector_IT_Norte": 303
  }
}
=== 2025-07-13T18:11:53Z ===
{
  "Hora UTC": "2025-07-13 18:11:52",
  "Sectorización aplicable": {
    "sector_CZ_Centro": 220,
    "sector_AD": 218,
    "sector_XK": 197,
    "sector_GB_Oeste": 228,
    "sector_BE_Este": 266,
    "sector_PT_Este": 134,
    "sector_TR_Oeste": 154,
    "sector_SE_Oeste": 97,
    "sector_RU_Oeste": 48,
    "sector_IT_Norte": 306
  }
}
=== 2025-07-13T18:11:58Z ===
{
  "Hora UTC": "2025-07-13 18:11:52",
  "Sectorización aplicable": {
    "sector_CZ_Centro": 220,
    "sector_AD": 218,
    "sector_XK": 197,
    "sector_GB_Oeste": 228,
    "sector_BE_Este": 266,
    "sector_PT_Este": 134,
    "sector_TR_Oeste": 154,
    "sector_SE_Oeste": 97,
    "sector_RU_Oeste": 48,
    "sector_IT_Norte": 306
  }
}
=== 2025-07-13T18:12:04Z ===
{
  "Hora UTC": "2025-07-13 18:11:52",
  "Sectorización aplicable": {
    "sector_CZ_Centro": 220,
    "sector_AD": 218,
    "sector_XK": 197,
    "sector_GB_Oeste": 228,
    "sector_BE_Este": 266,
    "sector_PT_Este": 134,
    "sector_TR_Oeste": 154,
    "sector_SE_Oeste": 97,
    "sector_RU_Oeste": 48,
    "sector_IT_Norte": 306
  }
}
=== 2025-07-13T18:12:09Z ===
{
  "Hora UTC": "2025-07-13 18:12:07",
  "Sectorización aplicable": {
    "sector_CZ_Centro": 214,
    "sector_AD": 204,
    "sector_XK": 185,
    "sector_GB_Oeste": 218,
    "sector_BE_Este": 276,
    "sector_PT_Este": 133,
    "sector_TR_Oeste": 162,
    "sector_SE_Oeste": 108,
    "sector_RU_Oeste": 49,
    "sector_IT_Norte": 306
  }
}
=== 2025-07-13T18:12:14Z ===
{
  "Hora UTC": "2025-07-13 18:12:07",
  "Sectorización aplicable": {
    "sector_CZ_Centro": 214,
    "sector_AD": 204,
    "sector_XK": 185,
    "sector_GB_Oeste": 218,
    "sector_BE_Este": 276,
    "sector_PT_Este": 133,
    "sector_TR_Oeste": 162,
    "sector_SE_Oeste": 108,
    "sector_RU_Oeste": 49,
    "sector_IT_Norte": 306
  }
}
=== 2025-07-13T18:12:19Z ===
{
  "Hora UTC": "2025-07-13 18:12:19",
  "Sectorización aplicable": {
    "sector_CZ_Centro": 202,
    "sector_AD": 215,
    "sector_XK": 195,
    "sector_GB_Oeste": 222,
    "sector_BE_Este": 261,
    "sector_PT_Este": 129,
    "sector_TR_Oeste": 163,
    "sector_SE_Oeste": 113,
    "sector_RU_Oeste": 52,
    "sector_IT_Norte": 311
  }
}
=== 2025-07-13T18:12:25Z ===
{
  "Hora UTC": "2025-07-13 18:12:19",
  "Sectorización aplicable": {
    "sector_CZ_Centro": 202,
    "sector_AD": 215,
    "sector_XK": 195,
    "sector_GB_Oeste": 222,
    "sector_BE_Este": 261,
    "sector_PT_Este": 129,
    "sector_TR_Oeste": 163,
    "sector_SE_Oeste": 113,
    "sector_RU_Oeste": 52,
    "sector_IT_Norte": 311
  }
}
=== 2025-07-13T18:12:30Z ===
{
  "Hora UTC": "2025-07-13 18:12:19",
  "Sectorización aplicable": {
    "sector_CZ_Centro": 202,
    "sector_AD": 215,
    "sector_XK": 195,
    "sector_GB_Oeste": 222,
    "sector_BE_Este": 261,
    "sector_PT_Este": 129,
    "sector_TR_Oeste": 163,
    "sector_SE_Oeste": 113,
    "sector_RU_Oeste": 52,
    "sector_IT_Norte": 311
  }
}
=== 2025-07-13T18:12:35Z ===
{
  "Hora UTC": "2025-07-13 18:12:33",
  "Sectorización aplicable": {
    "sector_CZ_Centro": 211,
    "sector_AD": 214,
    "sector_XK": 201,
    "sector_GB_Oeste": 220,
    "sector_BE_Este": 275,
    "sector_PT_Este": 131,
    "sector_TR_Oeste": 152,
    "sector_SE_Oeste": 116,
    "sector_RU_Oeste": 56,
    "sector_IT_Norte": 300
  }
}
=== 2025-07-13T18:12:40Z ===
{
  "Hora UTC": "2025-07-13 18:12:33",
  "Sectorización aplicable": {
    "sector_CZ_Centro": 211,
    "sector_AD": 214,
    "sector_XK": 201,
    "sector_GB_Oeste": 220,
    "sector_BE_Este": 275,
    "sector_PT_Este": 131,
    "sector_TR_Oeste": 152,
    "sector_SE_Oeste": 116,
    "sector_RU_Oeste": 56,
    "sector_IT_Norte": 300
  }
}
=== 2025-07-13T18:12:45Z ===
{
  "Hora UTC": "2025-07-13 18:12:45",
  "Sectorización aplicable": {
    "sector_CZ_Centro": 210,
    "sector_AD": 225,
    "sector_XK": 204,
    "sector_GB_Oeste": 219,
    "sector_BE_Este": 268,
    "sector_PT_Este": 128,
    "sector_TR_Oeste": 154,
    "sector_SE_Oeste": 112,
    "sector_RU_Oeste": 59,
    "sector_IT_Norte": 300
  }
}
=== 2025-07-13T18:12:50Z ===
{
  "Hora UTC": "2025-07-13 18:12:45",
  "Sectorización aplicable": {
    "sector_CZ_Centro": 210,
    "sector_AD": 225,
    "sector_XK": 204,
    "sector_GB_Oeste": 219,
    "sector_BE_Este": 268,
    "sector_PT_Este": 128,
    "sector_TR_Oeste": 154,
    "sector_SE_Oeste": 112,
    "sector_RU_Oeste": 59,
    "sector_IT_Norte": 300
  }
}
=== 2025-07-13T18:12:56Z ===
{
  "Hora UTC": "2025-07-13 18:12:45",
  "Sectorización aplicable": {
    "sector_CZ_Centro": 210,
    "sector_AD": 225,
    "sector_XK": 204,
    "sector_GB_Oeste": 219,
    "sector_BE_Este": 268,
    "sector_PT_Este": 128,
    "sector_TR_Oeste": 154,
    "sector_SE_Oeste": 112,
    "sector_RU_Oeste": 59,
    "sector_IT_Norte": 300
  }
}
=== 2025-07-13T18:13:01Z ===
{
  "Hora UTC": "2025-07-13 18:12:45",
  "Sectorización aplicable": {
    "sector_CZ_Centro": 210,
    "sector_AD": 225,
    "sector_XK": 204,
    "sector_GB_Oeste": 219,
    "sector_BE_Este": 268,
    "sector_PT_Este": 128,
    "sector_TR_Oeste": 154,
    "sector_SE_Oeste": 112,
    "sector_RU_Oeste": 59,
    "sector_IT_Norte": 300
  }
}
=== 2025-07-13T18:13:06Z ===
{
  "Hora UTC": "2025-07-13 18:13:01",
  "Sectorización aplicable": {
    "sector_CZ_Centro": 198,
    "sector_AD": 225,
    "sector_XK": 205,
    "sector_GB_Oeste": 228,
    "sector_BE_Este": 277,
    "sector_PT_Este": 139,
    "sector_TR_Oeste": 154,
    "sector_SE_Oeste": 110,
    "sector_RU_Oeste": 57,
    "sector_IT_Norte": 290
  }
}
=== 2025-07-13T18:13:11Z ===
{
  "Hora UTC": "2025-07-13 18:13:01",
  "Sectorización aplicable": {
    "sector_CZ_Centro": 198,
    "sector_AD": 225,
    "sector_XK": 205,
    "sector_GB_Oeste": 228,
    "sector_BE_Este": 277,
    "sector_PT_Este": 139,
    "sector_TR_Oeste": 154,
    "sector_SE_Oeste": 110,
    "sector_RU_Oeste": 57,
    "sector_IT_Norte": 290
  }
}
=== 2025-07-13T18:13:16Z ===
{
  "Hora UTC": "2025-07-13 18:13:15",
  "Sectorización aplicable": {
    "sector_CZ_Centro": 197,
    "sector_AD": 214,
    "sector_XK": 207,
    "sector_GB_Oeste": 219,
    "sector_BE_Este": 273,
    "sector_PT_Este": 134,
    "sector_TR_Oeste": 153,
    "sector_SE_Oeste": 104,
    "sector_RU_Oeste": 56,
    "sector_IT_Norte": 295
  }
}
=== 2025-07-13T18:13:21Z ===
{
  "Hora UTC": "2025-07-13 18:13:15",
  "Sectorización aplicable": {
    "sector_CZ_Centro": 197,
    "sector_AD": 214,
    "sector_XK": 207,
    "sector_GB_Oeste": 219,
    "sector_BE_Este": 273,
    "sector_PT_Este": 134,
    "sector_TR_Oeste": 153,
    "sector_SE_Oeste": 104,
    "sector_RU_Oeste": 56,
    "sector_IT_Norte": 295
  }
}
=== 2025-07-13T18:13:26Z ===
{
  "Hora UTC": "2025-07-13 18:13:15",
  "Sectorización aplicable": {
    "sector_CZ_Centro": 197,
    "sector_AD": 214,
    "sector_XK": 207,
    "sector_GB_Oeste": 219,
    "sector_BE_Este": 273,
    "sector_PT_Este": 134,
    "sector_TR_Oeste": 153,
    "sector_SE_Oeste": 104,
    "sector_RU_Oeste": 56,
    "sector_IT_Norte": 295
  }
}
=== 2025-07-13T18:13:32Z ===
{
  "Hora UTC": "2025-07-13 18:13:29",
  "Sectorización aplicable": {
    "sector_CZ_Centro": 205,
    "sector_AD": 215,
    "sector_XK": 199,
    "sector_GB_Oeste": 226,
    "sector_BE_Este": 280,
    "sector_PT_Este": 132,
    "sector_TR_Oeste": 166,
    "sector_SE_Oeste": 110,
    "sector_RU_Oeste": 52,
    "sector_IT_Norte": 291
  }
}
=== 2025-07-13T18:13:37Z ===
{
  "Hora UTC": "2025-07-13 18:13:29",
  "Sectorización aplicable": {
    "sector_CZ_Centro": 205,
    "sector_AD": 215,
    "sector_XK": 199,
    "sector_GB_Oeste": 226,
    "sector_BE_Este": 280,
    "sector_PT_Este": 132,
    "sector_TR_Oeste": 166,
    "sector_SE_Oeste": 110,
    "sector_RU_Oeste": 52,
    "sector_IT_Norte": 291
  }
}
