2025-07-13T18:08:42Z# Stats
total_connections_received:11
total_commands_processed:122
instantaneous_ops_per_sec:6
total_net_input_bytes:5683
total_net_output_bytes:617
total_net_repl_input_bytes:0
total_net_repl_output_bytes:0
instantaneous_input_kbps:0.27
instantaneous_output_kbps:0.03
instantaneous_input_repl_kbps:0.00
instantaneous_output_repl_kbps:0.00
rejected_connections:0
sync_full:0
sync_partial_ok:0
sync_partial_err:0
expired_subkeys:0
expired_keys:0
expired_stale_perc:0.00
expired_time_cap_reached_count:0
expire_cycle_cpu_milliseconds:3
evicted_keys:0
evicted_clients:0
evicted_scripts:0
total_eviction_exceeded_time:0
current_eviction_exceeded_time:0
keyspace_hits:0
keyspace_misses:25
pubsub_channels:0
pubsub_patterns:0
pubsubshard_channels:0
latest_fork_usec:0
total_forks:0
migrate_cached_sockets:0
slave_expires_tracked_keys:0
active_defrag_hits:0
active_defrag_misses:0
active_defrag_key_hits:0
active_defrag_key_misses:0
total_active_defrag_time:0
current_active_defrag_time:0
tracking_total_keys:0
tracking_total_items:0
tracking_total_prefixes:0
unexpected_error_replies:0
total_error_replies:7
dump_payload_sanitizations:0
total_reads_processed:128
total_writes_processed:122
io_threaded_reads_processed:0
io_threaded_writes_processed:0
client_query_buffer_limit_disconnections:0
client_output_buffer_limit_disconnections:0
reply_buffer_shrinks:5
reply_buffer_expands:0
eventloop_cycles:899
eventloop_duration_sum:1380532
eventloop_duration_cmd_sum:336
instantaneous_eventloop_cycles_per_sec:14
instantaneous_eventloop_duration_usec:719
acl_access_denied_auth:0
acl_access_denied_cmd:0
acl_access_denied_key:0
acl_access_denied_channel:0
2025-07-13T18:08:53Z# Stats
total_connections_received:13
total_commands_processed:159
instantaneous_ops_per_sec:6
total_net_input_bytes:7256
total_net_output_bytes:2499
total_net_repl_input_bytes:0
total_net_repl_output_bytes:0
instantaneous_input_kbps:0.27
instantaneous_output_kbps:0.03
instantaneous_input_repl_kbps:0.00
instantaneous_output_repl_kbps:0.00
rejected_connections:0
sync_full:0
sync_partial_ok:0
sync_partial_err:0
expired_subkeys:0
expired_keys:0
expired_stale_perc:0.00
expired_time_cap_reached_count:0
expire_cycle_cpu_milliseconds:4
evicted_keys:0
evicted_clients:0
evicted_scripts:0
total_eviction_exceeded_time:0
current_eviction_exceeded_time:0
keyspace_hits:0
keyspace_misses:49
pubsub_channels:0
pubsub_patterns:0
pubsubshard_channels:0
latest_fork_usec:0
total_forks:0
migrate_cached_sockets:0
slave_expires_tracked_keys:0
active_defrag_hits:0
active_defrag_misses:0
active_defrag_key_hits:0
active_defrag_key_misses:0
total_active_defrag_time:0
current_active_defrag_time:0
tracking_total_keys:0
tracking_total_items:0
tracking_total_prefixes:0
unexpected_error_replies:0
total_error_replies:8
dump_payload_sanitizations:0
total_reads_processed:167
total_writes_processed:159
io_threaded_reads_processed:0
io_threaded_writes_processed:0
client_query_buffer_limit_disconnections:0
client_output_buffer_limit_disconnections:0
reply_buffer_shrinks:5
reply_buffer_expands:0
eventloop_cycles:1035
eventloop_duration_sum:1584275
eventloop_duration_cmd_sum:974
instantaneous_eventloop_cycles_per_sec:15
instantaneous_eventloop_duration_usec:764
acl_access_denied_auth:0
acl_access_denied_cmd:0
acl_access_denied_key:0
acl_access_denied_channel:0
2025-07-13T18:09:03Z# Stats
total_connections_received:14
total_commands_processed:313
instantaneous_ops_per_sec:6
total_net_input_bytes:25599
total_net_output_bytes:6886
total_net_repl_input_bytes:0
total_net_repl_output_bytes:0
instantaneous_input_kbps:0.25
instantaneous_output_kbps:0.02
instantaneous_input_repl_kbps:0.00
instantaneous_output_repl_kbps:0.00
rejected_connections:0
sync_full:0
sync_partial_ok:0
sync_partial_err:0
expired_subkeys:0
expired_keys:0
expired_stale_perc:0.00
expired_time_cap_reached_count:0
expire_cycle_cpu_milliseconds:4
evicted_keys:0
evicted_clients:0
evicted_scripts:0
total_eviction_exceeded_time:0
current_eviction_exceeded_time:0
keyspace_hits:5
keyspace_misses:88
pubsub_channels:0
pubsub_patterns:0
pubsubshard_channels:0
latest_fork_usec:0
total_forks:0
migrate_cached_sockets:0
slave_expires_tracked_keys:0
active_defrag_hits:0
active_defrag_misses:0
active_defrag_key_hits:0
active_defrag_key_misses:0
total_active_defrag_time:0
current_active_defrag_time:0
tracking_total_keys:0
tracking_total_items:0
tracking_total_prefixes:0
unexpected_error_replies:0
total_error_replies:9
dump_payload_sanitizations:0
total_reads_processed:245
total_writes_processed:236
io_threaded_reads_processed:0
io_threaded_writes_processed:0
client_query_buffer_limit_disconnections:0
client_output_buffer_limit_disconnections:0
reply_buffer_shrinks:6
reply_buffer_expands:1
eventloop_cycles:1210
eventloop_duration_sum:1759671
eventloop_duration_cmd_sum:3703
instantaneous_eventloop_cycles_per_sec:15
instantaneous_eventloop_duration_usec:1665
acl_access_denied_auth:0
acl_access_denied_cmd:0
acl_access_denied_key:0
acl_access_denied_channel:0
2025-07-13T18:09:14Z# Stats
total_connections_received:16
total_commands_processed:2745
instantaneous_ops_per_sec:6
total_net_input_bytes:410253
total_net_output_bytes:37615
total_net_repl_input_bytes:0
total_net_repl_output_bytes:0
instantaneous_input_kbps:0.27
instantaneous_output_kbps:0.03
instantaneous_input_repl_kbps:0.00
instantaneous_output_repl_kbps:0.00
rejected_connections:0
sync_full:0
sync_partial_ok:0
sync_partial_err:0
expired_subkeys:0
expired_keys:0
expired_stale_perc:0.00
expired_time_cap_reached_count:0
expire_cycle_cpu_milliseconds:5
evicted_keys:0
evicted_clients:0
evicted_scripts:0
total_eviction_exceeded_time:0
current_eviction_exceeded_time:0
keyspace_hits:486
keyspace_misses:108
pubsub_channels:0
pubsub_patterns:0
pubsubshard_channels:0
latest_fork_usec:1099
total_forks:1
migrate_cached_sockets:0
slave_expires_tracked_keys:0
active_defrag_hits:0
active_defrag_misses:0
active_defrag_key_hits:0
active_defrag_key_misses:0
total_active_defrag_time:0
current_active_defrag_time:0
tracking_total_keys:0
tracking_total_items:0
tracking_total_prefixes:0
unexpected_error_replies:0
total_error_replies:10
dump_payload_sanitizations:0
total_reads_processed:804
total_writes_processed:793
io_threaded_reads_processed:0
io_threaded_writes_processed:0
client_query_buffer_limit_disconnections:0
client_output_buffer_limit_disconnections:0
reply_buffer_shrinks:10
reply_buffer_expands:6
eventloop_cycles:1763
eventloop_duration_sum:2175577
eventloop_duration_cmd_sum:48444
instantaneous_eventloop_cycles_per_sec:15
instantaneous_eventloop_duration_usec:1575
acl_access_denied_auth:0
acl_access_denied_cmd:0
acl_access_denied_key:0
acl_access_denied_channel:0
2025-07-13T18:09:25Z# Stats
total_connections_received:18
total_commands_processed:5705
instantaneous_ops_per_sec:6
total_net_input_bytes:830064
total_net_output_bytes:107708
total_net_repl_input_bytes:0
total_net_repl_output_bytes:0
instantaneous_input_kbps:0.27
instantaneous_output_kbps:0.04
instantaneous_input_repl_kbps:0.00
instantaneous_output_repl_kbps:0.00
rejected_connections:0
sync_full:0
sync_partial_ok:0
sync_partial_err:0
expired_subkeys:0
expired_keys:0
expired_stale_perc:0.00
expired_time_cap_reached_count:0
expire_cycle_cpu_milliseconds:9
evicted_keys:0
evicted_clients:0
evicted_scripts:0
total_eviction_exceeded_time:0
current_eviction_exceeded_time:0
keyspace_hits:982
keyspace_misses:109
pubsub_channels:0
pubsub_patterns:0
pubsubshard_channels:0
latest_fork_usec:1099
total_forks:1
migrate_cached_sockets:0
slave_expires_tracked_keys:0
active_defrag_hits:0
active_defrag_misses:0
active_defrag_key_hits:0
active_defrag_key_misses:0
total_active_defrag_time:0
current_active_defrag_time:0
tracking_total_keys:0
tracking_total_items:0
tracking_total_prefixes:0
unexpected_error_replies:0
total_error_replies:10
dump_payload_sanitizations:0
total_reads_processed:1907
total_writes_processed:1894
io_threaded_reads_processed:0
io_threaded_writes_processed:0
client_query_buffer_limit_disconnections:0
client_output_buffer_limit_disconnections:0
reply_buffer_shrinks:13
reply_buffer_expands:10
eventloop_cycles:2838
eventloop_duration_sum:2875209
eventloop_duration_cmd_sum:123321
instantaneous_eventloop_cycles_per_sec:15
instantaneous_eventloop_duration_usec:1420
acl_access_denied_auth:0
acl_access_denied_cmd:0
acl_access_denied_key:0
acl_access_denied_channel:0
2025-07-13T18:09:35Z# Stats
total_connections_received:19
total_commands_processed:9299
instantaneous_ops_per_sec:6
total_net_input_bytes:1294732
total_net_output_bytes:224077
total_net_repl_input_bytes:0
total_net_repl_output_bytes:0
instantaneous_input_kbps:0.27
instantaneous_output_kbps:0.05
instantaneous_input_repl_kbps:0.00
instantaneous_output_repl_kbps:0.00
rejected_connections:0
sync_full:0
sync_partial_ok:0
sync_partial_err:0
expired_subkeys:0
expired_keys:0
expired_stale_perc:0.00
expired_time_cap_reached_count:0
expire_cycle_cpu_milliseconds:10
evicted_keys:0
evicted_clients:0
evicted_scripts:0
total_eviction_exceeded_time:0
current_eviction_exceeded_time:0
keyspace_hits:1480
keyspace_misses:109
pubsub_channels:0
pubsub_patterns:0
pubsubshard_channels:0
latest_fork_usec:1099
total_forks:1
migrate_cached_sockets:0
slave_expires_tracked_keys:0
active_defrag_hits:0
active_defrag_misses:0
active_defrag_key_hits:0
active_defrag_key_misses:0
total_active_defrag_time:0
current_active_defrag_time:0
tracking_total_keys:0
tracking_total_items:0
tracking_total_prefixes:0
unexpected_error_replies:0
total_error_replies:10
dump_payload_sanitizations:0
total_reads_processed:3644
total_writes_processed:3626
io_threaded_reads_processed:0
io_threaded_writes_processed:0
client_query_buffer_limit_disconnections:0
client_output_buffer_limit_disconnections:0
reply_buffer_shrinks:17
reply_buffer_expands:15
eventloop_cycles:4596
eventloop_duration_sum:3830990
eventloop_duration_cmd_sum:230932
instantaneous_eventloop_cycles_per_sec:15
instantaneous_eventloop_duration_usec:3300
acl_access_denied_auth:0
acl_access_denied_cmd:0
acl_access_denied_key:0
acl_access_denied_channel:0
2025-07-13T18:09:46Z# Stats
total_connections_received:21
total_commands_processed:12622
instantaneous_ops_per_sec:281
total_net_input_bytes:1749189
total_net_output_bytes:359458
total_net_repl_input_bytes:0
total_net_repl_output_bytes:0
instantaneous_input_kbps:15.80
instantaneous_output_kbps:1.12
instantaneous_input_repl_kbps:0.00
instantaneous_output_repl_kbps:0.00
rejected_connections:0
sync_full:0
sync_partial_ok:0
sync_partial_err:0
expired_subkeys:0
expired_keys:0
expired_stale_perc:0.00
expired_time_cap_reached_count:0
expire_cycle_cpu_milliseconds:11
evicted_keys:0
evicted_clients:0
evicted_scripts:0
total_eviction_exceeded_time:0
current_eviction_exceeded_time:0
keyspace_hits:1983
keyspace_misses:109
pubsub_channels:0
pubsub_patterns:0
pubsubshard_channels:0
latest_fork_usec:1099
total_forks:1
migrate_cached_sockets:0
slave_expires_tracked_keys:0
active_defrag_hits:0
active_defrag_misses:0
active_defrag_key_hits:0
active_defrag_key_misses:0
total_active_defrag_time:0
current_active_defrag_time:0
tracking_total_keys:0
tracking_total_items:0
tracking_total_prefixes:0
unexpected_error_replies:0
total_error_replies:10
dump_payload_sanitizations:0
total_reads_processed:5083
total_writes_processed:5064
io_threaded_reads_processed:0
io_threaded_writes_processed:0
client_query_buffer_limit_disconnections:0
client_output_buffer_limit_disconnections:0
reply_buffer_shrinks:21
reply_buffer_expands:19
eventloop_cycles:6008
eventloop_duration_sum:5483056
eventloop_duration_cmd_sum:389062
instantaneous_eventloop_cycles_per_sec:282
instantaneous_eventloop_duration_usec:1839
acl_access_denied_auth:0
acl_access_denied_cmd:0
acl_access_denied_key:0
acl_access_denied_channel:0
2025-07-13T18:09:57Z# Stats
total_connections_received:23
total_commands_processed:16322
instantaneous_ops_per_sec:408
total_net_input_bytes:2255087
total_net_output_bytes:418260
total_net_repl_input_bytes:0
total_net_repl_output_bytes:0
instantaneous_input_kbps:52.70
instantaneous_output_kbps:3.86
instantaneous_input_repl_kbps:0.00
instantaneous_output_repl_kbps:0.00
rejected_connections:0
sync_full:0
sync_partial_ok:0
sync_partial_err:0
expired_subkeys:0
expired_keys:1
expired_stale_perc:0.24
expired_time_cap_reached_count:0
expire_cycle_cpu_milliseconds:13
evicted_keys:0
evicted_clients:0
evicted_scripts:0
total_eviction_exceeded_time:0
current_eviction_exceeded_time:0
keyspace_hits:2821
keyspace_misses:109
pubsub_channels:0
pubsub_patterns:0
pubsubshard_channels:0
latest_fork_usec:1099
total_forks:1
migrate_cached_sockets:0
slave_expires_tracked_keys:0
active_defrag_hits:0
active_defrag_misses:0
active_defrag_key_hits:0
active_defrag_key_misses:0
total_active_defrag_time:0
current_active_defrag_time:0
tracking_total_keys:0
tracking_total_items:0
tracking_total_prefixes:0
unexpected_error_replies:0
total_error_replies:10
dump_payload_sanitizations:0
total_reads_processed:6553
total_writes_processed:6532
io_threaded_reads_processed:0
io_threaded_writes_processed:0
client_query_buffer_limit_disconnections:0
client_output_buffer_limit_disconnections:0
reply_buffer_shrinks:24
reply_buffer_expands:23
eventloop_cycles:7340
eventloop_duration_sum:5950543
eventloop_duration_cmd_sum:437653
instantaneous_eventloop_cycles_per_sec:141
instantaneous_eventloop_duration_usec:592
acl_access_denied_auth:0
acl_access_denied_cmd:0
acl_access_denied_key:0
acl_access_denied_channel:0
2025-07-13T18:10:07Z# Stats
total_connections_received:25
total_commands_processed:22021
instantaneous_ops_per_sec:1419
total_net_input_bytes:3038093
total_net_output_bytes:574941
total_net_repl_input_bytes:0
total_net_repl_output_bytes:0
instantaneous_input_kbps:225.47
instantaneous_output_kbps:17.10
instantaneous_input_repl_kbps:0.00
instantaneous_output_repl_kbps:0.00
rejected_connections:0
sync_full:0
sync_partial_ok:0
sync_partial_err:0
expired_subkeys:0
expired_keys:29
expired_stale_perc:2.29
expired_time_cap_reached_count:0
expire_cycle_cpu_milliseconds:14
evicted_keys:0
evicted_clients:0
evicted_scripts:0
total_eviction_exceeded_time:0
current_eviction_exceeded_time:0
keyspace_hits:3438
keyspace_misses:109
pubsub_channels:0
pubsub_patterns:0
pubsubshard_channels:0
latest_fork_usec:1099
total_forks:1
migrate_cached_sockets:0
slave_expires_tracked_keys:0
active_defrag_hits:0
active_defrag_misses:0
active_defrag_key_hits:0
active_defrag_key_misses:0
total_active_defrag_time:0
current_active_defrag_time:0
tracking_total_keys:0
tracking_total_items:0
tracking_total_prefixes:0
unexpected_error_replies:0
total_error_replies:10
dump_payload_sanitizations:0
total_reads_processed:8956
total_writes_processed:8933
io_threaded_reads_processed:0
io_threaded_writes_processed:0
client_query_buffer_limit_disconnections:0
client_output_buffer_limit_disconnections:0
reply_buffer_shrinks:28
reply_buffer_expands:29
eventloop_cycles:9698
eventloop_duration_sum:6942935
eventloop_duration_cmd_sum:581440
instantaneous_eventloop_cycles_per_sec:258
instantaneous_eventloop_duration_usec:737
acl_access_denied_auth:0
acl_access_denied_cmd:0
acl_access_denied_key:0
acl_access_denied_channel:0
2025-07-13T18:10:18Z# Stats
total_connections_received:26
total_commands_processed:26308
instantaneous_ops_per_sec:1410
total_net_input_bytes:3555192
total_net_output_bytes:743778
total_net_repl_input_bytes:0
total_net_repl_output_bytes:0
instantaneous_input_kbps:222.76
instantaneous_output_kbps:16.96
instantaneous_input_repl_kbps:0.00
instantaneous_output_repl_kbps:0.00
rejected_connections:0
sync_full:0
sync_partial_ok:0
sync_partial_err:0
expired_subkeys:0
expired_keys:198
expired_stale_perc:4.45
expired_time_cap_reached_count:0
expire_cycle_cpu_milliseconds:18
evicted_keys:0
evicted_clients:0
evicted_scripts:0
total_eviction_exceeded_time:0
current_eviction_exceeded_time:0
keyspace_hits:3937
keyspace_misses:109
pubsub_channels:0
pubsub_patterns:0
pubsubshard_channels:0
latest_fork_usec:9643
total_forks:2
migrate_cached_sockets:0
slave_expires_tracked_keys:0
active_defrag_hits:0
active_defrag_misses:0
active_defrag_key_hits:0
active_defrag_key_misses:0
total_active_defrag_time:0
current_active_defrag_time:0
tracking_total_keys:0
tracking_total_items:0
tracking_total_prefixes:0
unexpected_error_replies:0
total_error_replies:10
dump_payload_sanitizations:0
total_reads_processed:11379
total_writes_processed:11355
io_threaded_reads_processed:0
io_threaded_writes_processed:0
client_query_buffer_limit_disconnections:0
client_output_buffer_limit_disconnections:0
reply_buffer_shrinks:33
reply_buffer_expands:35
eventloop_cycles:12146
eventloop_duration_sum:7686304
eventloop_duration_cmd_sum:652224
instantaneous_eventloop_cycles_per_sec:277
instantaneous_eventloop_duration_usec:1776
acl_access_denied_auth:0
acl_access_denied_cmd:0
acl_access_denied_key:0
acl_access_denied_channel:0
2025-07-13T18:10:29Z# Stats
total_connections_received:28
total_commands_processed:30595
instantaneous_ops_per_sec:487
total_net_input_bytes:4070597
total_net_output_bytes:914089
total_net_repl_input_bytes:0
total_net_repl_output_bytes:0
instantaneous_input_kbps:81.28
instantaneous_output_kbps:5.76
instantaneous_input_repl_kbps:0.00
instantaneous_output_repl_kbps:0.00
rejected_connections:0
sync_full:0
sync_partial_ok:0
sync_partial_err:0
expired_subkeys:0
expired_keys:409
expired_stale_perc:6.34
expired_time_cap_reached_count:0
expire_cycle_cpu_milliseconds:29
evicted_keys:0
evicted_clients:0
evicted_scripts:0
total_eviction_exceeded_time:0
current_eviction_exceeded_time:0
keyspace_hits:4432
keyspace_misses:109
pubsub_channels:0
pubsub_patterns:0
pubsubshard_channels:0
latest_fork_usec:9643
total_forks:2
migrate_cached_sockets:0
slave_expires_tracked_keys:0
active_defrag_hits:0
active_defrag_misses:0
active_defrag_key_hits:0
active_defrag_key_misses:0
total_active_defrag_time:0
current_active_defrag_time:0
tracking_total_keys:0
tracking_total_items:0
tracking_total_prefixes:0
unexpected_error_replies:0
total_error_replies:10
dump_payload_sanitizations:0
total_reads_processed:13827
total_writes_processed:13796
io_threaded_reads_processed:0
io_threaded_writes_processed:0
client_query_buffer_limit_disconnections:0
client_output_buffer_limit_disconnections:0
reply_buffer_shrinks:37
reply_buffer_expands:40
eventloop_cycles:14627
eventloop_duration_sum:8749418
eventloop_duration_cmd_sum:736659
instantaneous_eventloop_cycles_per_sec:71
instantaneous_eventloop_duration_usec:848
acl_access_denied_auth:0
acl_access_denied_cmd:0
acl_access_denied_key:0
acl_access_denied_channel:0
2025-07-13T18:10:39Z# Stats
total_connections_received:30
total_commands_processed:33641
instantaneous_ops_per_sec:1580
total_net_input_bytes:4512741
total_net_output_bytes:1078584
total_net_repl_input_bytes:0
total_net_repl_output_bytes:0
instantaneous_input_kbps:225.08
instantaneous_output_kbps:17.02
instantaneous_input_repl_kbps:0.00
instantaneous_output_repl_kbps:0.00
rejected_connections:0
sync_full:0
sync_partial_ok:0
sync_partial_err:0
expired_subkeys:0
expired_keys:595
expired_stale_perc:5.10
expired_time_cap_reached_count:0
expire_cycle_cpu_milliseconds:32
evicted_keys:0
evicted_clients:0
evicted_scripts:0
total_eviction_exceeded_time:0
current_eviction_exceeded_time:0
keyspace_hits:4923
keyspace_misses:109
pubsub_channels:0
pubsub_patterns:0
pubsubshard_channels:0
latest_fork_usec:9643
total_forks:2
migrate_cached_sockets:0
slave_expires_tracked_keys:0
active_defrag_hits:0
active_defrag_misses:0
active_defrag_key_hits:0
active_defrag_key_misses:0
total_active_defrag_time:0
current_active_defrag_time:0
tracking_total_keys:0
tracking_total_items:0
tracking_total_prefixes:0
unexpected_error_replies:0
total_error_replies:10
dump_payload_sanitizations:0
total_reads_processed:15040
total_writes_processed:15007
io_threaded_reads_processed:0
io_threaded_writes_processed:0
client_query_buffer_limit_disconnections:0
client_output_buffer_limit_disconnections:0
reply_buffer_shrinks:41
reply_buffer_expands:46
eventloop_cycles:15764
eventloop_duration_sum:9606592
eventloop_duration_cmd_sum:871576
instantaneous_eventloop_cycles_per_sec:479
instantaneous_eventloop_duration_usec:1034
acl_access_denied_auth:0
acl_access_denied_cmd:0
acl_access_denied_key:0
acl_access_denied_channel:0
2025-07-13T18:10:50Z# Stats
total_connections_received:31
total_commands_processed:37232
instantaneous_ops_per_sec:0
total_net_input_bytes:4966479
total_net_output_bytes:1114673
total_net_repl_input_bytes:0
total_net_repl_output_bytes:0
instantaneous_input_kbps:0.00
instantaneous_output_kbps:0.00
instantaneous_input_repl_kbps:0.00
instantaneous_output_repl_kbps:0.00
rejected_connections:0
sync_full:0
sync_partial_ok:0
sync_partial_err:0
expired_subkeys:0
expired_keys:788
expired_stale_perc:5.38
expired_time_cap_reached_count:0
expire_cycle_cpu_milliseconds:40
evicted_keys:0
evicted_clients:0
evicted_scripts:0
total_eviction_exceeded_time:0
current_eviction_exceeded_time:0
keyspace_hits:5418
keyspace_misses:109
pubsub_channels:0
pubsub_patterns:0
pubsubshard_channels:0
latest_fork_usec:9643
total_forks:2
migrate_cached_sockets:0
slave_expires_tracked_keys:0
active_defrag_hits:0
active_defrag_misses:0
active_defrag_key_hits:0
active_defrag_key_misses:0
total_active_defrag_time:0
current_active_defrag_time:0
tracking_total_keys:0
tracking_total_items:0
tracking_total_prefixes:0
unexpected_error_replies:0
total_error_replies:10
dump_payload_sanitizations:0
total_reads_processed:16774
total_writes_processed:16740
io_threaded_reads_processed:0
io_threaded_writes_processed:0
client_query_buffer_limit_disconnections:0
client_output_buffer_limit_disconnections:0
reply_buffer_shrinks:45
reply_buffer_expands:49
eventloop_cycles:17503
eventloop_duration_sum:10375646
eventloop_duration_cmd_sum:959672
instantaneous_eventloop_cycles_per_sec:8
instantaneous_eventloop_duration_usec:2094
acl_access_denied_auth:0
acl_access_denied_cmd:0
acl_access_denied_key:0
acl_access_denied_channel:0
2025-07-13T18:11:00Z# Stats
total_connections_received:33
total_commands_processed:41512
instantaneous_ops_per_sec:0
total_net_input_bytes:5480622
total_net_output_bytes:1285428
total_net_repl_input_bytes:0
total_net_repl_output_bytes:0
instantaneous_input_kbps:0.00
instantaneous_output_kbps:0.00
instantaneous_input_repl_kbps:0.00
instantaneous_output_repl_kbps:0.00
rejected_connections:0
sync_full:0
sync_partial_ok:0
sync_partial_err:0
expired_subkeys:0
expired_keys:1007
expired_stale_perc:6.80
expired_time_cap_reached_count:0
expire_cycle_cpu_milliseconds:46
evicted_keys:0
evicted_clients:0
evicted_scripts:0
total_eviction_exceeded_time:0
current_eviction_exceeded_time:0
keyspace_hits:5910
keyspace_misses:109
pubsub_channels:0
pubsub_patterns:0
pubsubshard_channels:0
latest_fork_usec:9643
total_forks:2
migrate_cached_sockets:0
slave_expires_tracked_keys:0
active_defrag_hits:0
active_defrag_misses:0
active_defrag_key_hits:0
active_defrag_key_misses:0
total_active_defrag_time:0
current_active_defrag_time:0
tracking_total_keys:0
tracking_total_items:0
tracking_total_prefixes:0
unexpected_error_replies:0
total_error_replies:10
dump_payload_sanitizations:0
total_reads_processed:19229
total_writes_processed:19193
io_threaded_reads_processed:0
io_threaded_writes_processed:0
client_query_buffer_limit_disconnections:0
client_output_buffer_limit_disconnections:0
reply_buffer_shrinks:49
reply_buffer_expands:54
eventloop_cycles:19949
eventloop_duration_sum:11191954
eventloop_duration_cmd_sum:1077057
instantaneous_eventloop_cycles_per_sec:8
instantaneous_eventloop_duration_usec:967
acl_access_denied_auth:0
acl_access_denied_cmd:0
acl_access_denied_key:0
acl_access_denied_channel:0
2025-07-13T18:11:11Z# Stats
total_connections_received:35
total_commands_processed:45637
instantaneous_ops_per_sec:218
total_net_input_bytes:5985030
total_net_output_bytes:1454363
total_net_repl_input_bytes:0
total_net_repl_output_bytes:0
instantaneous_input_kbps:12.32
instantaneous_output_kbps:0.86
instantaneous_input_repl_kbps:0.00
instantaneous_output_repl_kbps:0.00
rejected_connections:0
sync_full:0
sync_partial_ok:0
sync_partial_err:0
expired_subkeys:0
expired_keys:1185
expired_stale_perc:5.40
expired_time_cap_reached_count:0
expire_cycle_cpu_milliseconds:50
evicted_keys:0
evicted_clients:0
evicted_scripts:0
total_eviction_exceeded_time:0
current_eviction_exceeded_time:0
keyspace_hits:6403
keyspace_misses:109
pubsub_channels:0
pubsub_patterns:0
pubsubshard_channels:0
latest_fork_usec:3087
total_forks:3
migrate_cached_sockets:0
slave_expires_tracked_keys:0
active_defrag_hits:0
active_defrag_misses:0
active_defrag_key_hits:0
active_defrag_key_misses:0
total_active_defrag_time:0
current_active_defrag_time:0
tracking_total_keys:0
tracking_total_items:0
tracking_total_prefixes:0
unexpected_error_replies:0
total_error_replies:10
dump_payload_sanitizations:0
total_reads_processed:21517
total_writes_processed:21474
io_threaded_reads_processed:0
io_threaded_writes_processed:0
client_query_buffer_limit_disconnections:0
client_output_buffer_limit_disconnections:0
reply_buffer_shrinks:53
reply_buffer_expands:59
eventloop_cycles:22114
eventloop_duration_sum:12289275
eventloop_duration_cmd_sum:1178552
instantaneous_eventloop_cycles_per_sec:223
instantaneous_eventloop_duration_usec:617
acl_access_denied_auth:0
acl_access_denied_cmd:0
acl_access_denied_key:0
acl_access_denied_channel:0
2025-07-13T18:11:22Z# Stats
total_connections_received:36
total_commands_processed:48138
instantaneous_ops_per_sec:11
total_net_input_bytes:6392649
total_net_output_bytes:1617996
total_net_repl_input_bytes:0
total_net_repl_output_bytes:0
instantaneous_input_kbps:14.05
instantaneous_output_kbps:78.15
instantaneous_input_repl_kbps:0.00
instantaneous_output_repl_kbps:0.00
rejected_connections:0
sync_full:0
sync_partial_ok:0
sync_partial_err:0
expired_subkeys:0
expired_keys:1394
expired_stale_perc:7.24
expired_time_cap_reached_count:0
expire_cycle_cpu_milliseconds:54
evicted_keys:0
evicted_clients:0
evicted_scripts:0
total_eviction_exceeded_time:0
current_eviction_exceeded_time:0
keyspace_hits:6888
keyspace_misses:109
pubsub_channels:0
pubsub_patterns:0
pubsubshard_channels:0
latest_fork_usec:3087
total_forks:3
migrate_cached_sockets:0
slave_expires_tracked_keys:0
active_defrag_hits:0
active_defrag_misses:0
active_defrag_key_hits:0
active_defrag_key_misses:0
total_active_defrag_time:0
current_active_defrag_time:0
tracking_total_keys:0
tracking_total_items:0
tracking_total_prefixes:0
unexpected_error_replies:0
total_error_replies:10
dump_payload_sanitizations:0
total_reads_processed:22212
total_writes_processed:22168
io_threaded_reads_processed:0
io_threaded_writes_processed:0
client_query_buffer_limit_disconnections:0
client_output_buffer_limit_disconnections:0
reply_buffer_shrinks:56
reply_buffer_expands:63
eventloop_cycles:22855
eventloop_duration_sum:12823722
eventloop_duration_cmd_sum:1239359
instantaneous_eventloop_cycles_per_sec:20
instantaneous_eventloop_duration_usec:3469
acl_access_denied_auth:0
acl_access_denied_cmd:0
acl_access_denied_key:0
acl_access_denied_channel:0
2025-07-13T18:11:32Z# Stats
total_connections_received:38
total_commands_processed:52389
instantaneous_ops_per_sec:0
total_net_input_bytes:6882452
total_net_output_bytes:1656545
total_net_repl_input_bytes:0
total_net_repl_output_bytes:0
instantaneous_input_kbps:0.00
instantaneous_output_kbps:0.00
instantaneous_input_repl_kbps:0.00
instantaneous_output_repl_kbps:0.00
rejected_connections:0
sync_full:0
sync_partial_ok:0
sync_partial_err:0
expired_subkeys:0
expired_keys:1575
expired_stale_perc:6.73
expired_time_cap_reached_count:0
expire_cycle_cpu_milliseconds:59
evicted_keys:0
evicted_clients:0
evicted_scripts:0
total_eviction_exceeded_time:0
current_eviction_exceeded_time:0
keyspace_hits:7378
keyspace_misses:109
pubsub_channels:0
pubsub_patterns:0
pubsubshard_channels:0
latest_fork_usec:3087
total_forks:3
migrate_cached_sockets:0
slave_expires_tracked_keys:0
active_defrag_hits:0
active_defrag_misses:0
active_defrag_key_hits:0
active_defrag_key_misses:0
total_active_defrag_time:0
current_active_defrag_time:0
tracking_total_keys:0
tracking_total_items:0
tracking_total_prefixes:0
unexpected_error_replies:0
total_error_replies:10
dump_payload_sanitizations:0
total_reads_processed:24633
total_writes_processed:24587
io_threaded_reads_processed:0
io_threaded_writes_processed:0
client_query_buffer_limit_disconnections:0
client_output_buffer_limit_disconnections:0
reply_buffer_shrinks:60
reply_buffer_expands:66
eventloop_cycles:25259
eventloop_duration_sum:13699210
eventloop_duration_cmd_sum:1345161
instantaneous_eventloop_cycles_per_sec:8
instantaneous_eventloop_duration_usec:1025
acl_access_denied_auth:0
acl_access_denied_cmd:0
acl_access_denied_key:0
acl_access_denied_channel:0
2025-07-13T18:11:43Z# Stats
total_connections_received:40
total_commands_processed:56652
instantaneous_ops_per_sec:0
total_net_input_bytes:7395898
total_net_output_bytes:1825641
total_net_repl_input_bytes:0
total_net_repl_output_bytes:0
instantaneous_input_kbps:0.00
instantaneous_output_kbps:0.00
instantaneous_input_repl_kbps:0.00
instantaneous_output_repl_kbps:0.00
rejected_connections:0
sync_full:0
sync_partial_ok:0
sync_partial_err:0
expired_subkeys:0
expired_keys:1731
expired_stale_perc:6.16
expired_time_cap_reached_count:0
expire_cycle_cpu_milliseconds:62
evicted_keys:0
evicted_clients:0
evicted_scripts:0
total_eviction_exceeded_time:0
current_eviction_exceeded_time:0
keyspace_hits:7871
keyspace_misses:109
pubsub_channels:0
pubsub_patterns:0
pubsubshard_channels:0
latest_fork_usec:3087
total_forks:3
migrate_cached_sockets:0
slave_expires_tracked_keys:0
active_defrag_hits:0
active_defrag_misses:0
active_defrag_key_hits:0
active_defrag_key_misses:0
total_active_defrag_time:0
current_active_defrag_time:0
tracking_total_keys:0
tracking_total_items:0
tracking_total_prefixes:0
unexpected_error_replies:0
total_error_replies:10
dump_payload_sanitizations:0
total_reads_processed:27066
total_writes_processed:27015
io_threaded_reads_processed:0
io_threaded_writes_processed:0
client_query_buffer_limit_disconnections:0
client_output_buffer_limit_disconnections:0
reply_buffer_shrinks:63
reply_buffer_expands:70
eventloop_cycles:27651
eventloop_duration_sum:14576445
eventloop_duration_cmd_sum:1488311
instantaneous_eventloop_cycles_per_sec:8
instantaneous_eventloop_duration_usec:1670
acl_access_denied_auth:0
acl_access_denied_cmd:0
acl_access_denied_key:0
acl_access_denied_channel:0
2025-07-13T18:11:53Z# Stats
total_connections_received:41
total_commands_processed:60884
instantaneous_ops_per_sec:199
total_net_input_bytes:7903683
total_net_output_bytes:1993641
total_net_repl_input_bytes:0
total_net_repl_output_bytes:0
instantaneous_input_kbps:11.20
instantaneous_output_kbps:0.81
instantaneous_input_repl_kbps:0.00
instantaneous_output_repl_kbps:0.00
rejected_connections:0
sync_full:0
sync_partial_ok:0
sync_partial_err:0
expired_subkeys:0
expired_keys:1967
expired_stale_perc:7.52
expired_time_cap_reached_count:0
expire_cycle_cpu_milliseconds:67
evicted_keys:0
evicted_clients:0
evicted_scripts:0
total_eviction_exceeded_time:0
current_eviction_exceeded_time:0
keyspace_hits:8369
keyspace_misses:109
pubsub_channels:0
pubsub_patterns:0
pubsubshard_channels:0
latest_fork_usec:3087
total_forks:3
migrate_cached_sockets:0
slave_expires_tracked_keys:0
active_defrag_hits:0
active_defrag_misses:0
active_defrag_key_hits:0
active_defrag_key_misses:0
total_active_defrag_time:0
current_active_defrag_time:0
tracking_total_keys:0
tracking_total_items:0
tracking_total_prefixes:0
unexpected_error_replies:0
total_error_replies:10
dump_payload_sanitizations:0
total_reads_processed:29481
total_writes_processed:29427
io_threaded_reads_processed:0
io_threaded_writes_processed:0
client_query_buffer_limit_disconnections:0
client_output_buffer_limit_disconnections:0
reply_buffer_shrinks:67
reply_buffer_expands:74
eventloop_cycles:30095
eventloop_duration_sum:15457310
eventloop_duration_cmd_sum:1599207
instantaneous_eventloop_cycles_per_sec:206
instantaneous_eventloop_duration_usec:1828
acl_access_denied_auth:0
acl_access_denied_cmd:0
acl_access_denied_key:0
acl_access_denied_channel:0
2025-07-13T18:12:04Z# Stats
total_connections_received:43
total_commands_processed:63721
instantaneous_ops_per_sec:271
total_net_input_bytes:8330654
total_net_output_bytes:2155078
total_net_repl_input_bytes:0
total_net_repl_output_bytes:0
instantaneous_input_kbps:27.74
instantaneous_output_kbps:74.95
instantaneous_input_repl_kbps:0.00
instantaneous_output_repl_kbps:0.00
rejected_connections:0
sync_full:0
sync_partial_ok:0
sync_partial_err:0
expired_subkeys:0
expired_keys:2151
expired_stale_perc:7.36
expired_time_cap_reached_count:0
expire_cycle_cpu_milliseconds:70
evicted_keys:0
evicted_clients:0
evicted_scripts:0
total_eviction_exceeded_time:0
current_eviction_exceeded_time:0
keyspace_hits:8855
keyspace_misses:109
pubsub_channels:0
pubsub_patterns:0
pubsubshard_channels:0
latest_fork_usec:3087
total_forks:3
migrate_cached_sockets:0
slave_expires_tracked_keys:0
active_defrag_hits:0
active_defrag_misses:0
active_defrag_key_hits:0
active_defrag_key_misses:0
total_active_defrag_time:0
current_active_defrag_time:0
tracking_total_keys:0
tracking_total_items:0
tracking_total_prefixes:0
unexpected_error_replies:0
total_error_replies:10
dump_payload_sanitizations:0
total_reads_processed:30512
total_writes_processed:30456
io_threaded_reads_processed:0
io_threaded_writes_processed:0
client_query_buffer_limit_disconnections:0
client_output_buffer_limit_disconnections:0
reply_buffer_shrinks:70
reply_buffer_expands:79
eventloop_cycles:31184
eventloop_duration_sum:16056549
eventloop_duration_cmd_sum:1711709
instantaneous_eventloop_cycles_per_sec:274
instantaneous_eventloop_duration_usec:981
acl_access_denied_auth:0
acl_access_denied_cmd:0
acl_access_denied_key:0
acl_access_denied_channel:0
2025-07-13T18:12:15Z# Stats
total_connections_received:45
total_commands_processed:67384
instantaneous_ops_per_sec:6
total_net_input_bytes:8779996
total_net_output_bytes:2190828
total_net_repl_input_bytes:0
total_net_repl_output_bytes:0
instantaneous_input_kbps:0.28
instantaneous_output_kbps:0.05
instantaneous_input_repl_kbps:0.00
instantaneous_output_repl_kbps:0.00
rejected_connections:0
sync_full:0
sync_partial_ok:0
sync_partial_err:0
expired_subkeys:0
expired_keys:2363
expired_stale_perc:6.71
expired_time_cap_reached_count:0
expire_cycle_cpu_milliseconds:82
evicted_keys:0
evicted_clients:0
evicted_scripts:0
total_eviction_exceeded_time:0
current_eviction_exceeded_time:0
keyspace_hits:9333
keyspace_misses:109
pubsub_channels:0
pubsub_patterns:0
pubsubshard_channels:0
latest_fork_usec:6573
total_forks:4
migrate_cached_sockets:0
slave_expires_tracked_keys:0
active_defrag_hits:0
active_defrag_misses:0
active_defrag_key_hits:0
active_defrag_key_misses:0
total_active_defrag_time:0
current_active_defrag_time:0
tracking_total_keys:0
tracking_total_items:0
tracking_total_prefixes:0
unexpected_error_replies:0
total_error_replies:10
dump_payload_sanitizations:0
total_reads_processed:32383
total_writes_processed:32325
io_threaded_reads_processed:0
io_threaded_writes_processed:0
client_query_buffer_limit_disconnections:0
client_output_buffer_limit_disconnections:0
reply_buffer_shrinks:72
reply_buffer_expands:82
eventloop_cycles:32992
eventloop_duration_sum:16980338
eventloop_duration_cmd_sum:1792049
instantaneous_eventloop_cycles_per_sec:15
instantaneous_eventloop_duration_usec:1083
acl_access_denied_auth:0
acl_access_denied_cmd:0
acl_access_denied_key:0
acl_access_denied_channel:0
2025-07-13T18:12:25Z# Stats
total_connections_received:47
total_commands_processed:71556
instantaneous_ops_per_sec:6
total_net_input_bytes:9279358
total_net_output_bytes:2357727
total_net_repl_input_bytes:0
total_net_repl_output_bytes:0
instantaneous_input_kbps:0.27
instantaneous_output_kbps:0.05
instantaneous_input_repl_kbps:0.00
instantaneous_output_repl_kbps:0.00
rejected_connections:0
sync_full:0
sync_partial_ok:0
sync_partial_err:0
expired_subkeys:0
expired_keys:2526
expired_stale_perc:5.16
expired_time_cap_reached_count:0
expire_cycle_cpu_milliseconds:86
evicted_keys:0
evicted_clients:0
evicted_scripts:0
total_eviction_exceeded_time:0
current_eviction_exceeded_time:0
keyspace_hits:9811
keyspace_misses:109
pubsub_channels:0
pubsub_patterns:0
pubsubshard_channels:0
latest_fork_usec:6573
total_forks:4
migrate_cached_sockets:0
slave_expires_tracked_keys:0
active_defrag_hits:0
active_defrag_misses:0
active_defrag_key_hits:0
active_defrag_key_misses:0
total_active_defrag_time:0
current_active_defrag_time:0
tracking_total_keys:0
tracking_total_items:0
tracking_total_prefixes:0
unexpected_error_replies:0
total_error_replies:10
dump_payload_sanitizations:0
total_reads_processed:34779
total_writes_processed:34714
io_threaded_reads_processed:0
io_threaded_writes_processed:0
client_query_buffer_limit_disconnections:0
client_output_buffer_limit_disconnections:0
reply_buffer_shrinks:75
reply_buffer_expands:85
eventloop_cycles:35451
eventloop_duration_sum:17601672
eventloop_duration_cmd_sum:1873421
instantaneous_eventloop_cycles_per_sec:17
instantaneous_eventloop_duration_usec:828
acl_access_denied_auth:0
acl_access_denied_cmd:0
acl_access_denied_key:0
acl_access_denied_channel:0
2025-07-13T18:12:36Z# Stats
total_connections_received:48
total_commands_processed:75780
instantaneous_ops_per_sec:6
total_net_input_bytes:9787125
total_net_output_bytes:2526078
total_net_repl_input_bytes:0
total_net_repl_output_bytes:0
instantaneous_input_kbps:0.27
instantaneous_output_kbps:0.05
instantaneous_input_repl_kbps:0.00
instantaneous_output_repl_kbps:0.00
rejected_connections:0
sync_full:0
sync_partial_ok:0
sync_partial_err:0
expired_subkeys:0
expired_keys:2702
expired_stale_perc:6.01
expired_time_cap_reached_count:0
expire_cycle_cpu_milliseconds:221
evicted_keys:0
evicted_clients:0
evicted_scripts:0
total_eviction_exceeded_time:0
current_eviction_exceeded_time:0
keyspace_hits:10297
keyspace_misses:109
pubsub_channels:0
pubsub_patterns:0
pubsubshard_channels:0
latest_fork_usec:6573
total_forks:4
migrate_cached_sockets:0
slave_expires_tracked_keys:0
active_defrag_hits:0
active_defrag_misses:0
active_defrag_key_hits:0
active_defrag_key_misses:0
total_active_defrag_time:0
current_active_defrag_time:0
tracking_total_keys:0
tracking_total_items:0
tracking_total_prefixes:0
unexpected_error_replies:0
total_error_replies:10
dump_payload_sanitizations:0
total_reads_processed:37209
total_writes_processed:37138
io_threaded_reads_processed:0
io_threaded_writes_processed:0
client_query_buffer_limit_disconnections:0
client_output_buffer_limit_disconnections:0
reply_buffer_shrinks:78
reply_buffer_expands:90
eventloop_cycles:37903
eventloop_duration_sum:18599921
eventloop_duration_cmd_sum:1961060
instantaneous_eventloop_cycles_per_sec:15
instantaneous_eventloop_duration_usec:632
acl_access_denied_auth:0
acl_access_denied_cmd:0
acl_access_denied_key:0
acl_access_denied_channel:0
2025-07-13T18:12:46Z# Stats
total_connections_received:50
total_commands_processed:80045
instantaneous_ops_per_sec:459
total_net_input_bytes:10297564
total_net_output_bytes:2694971
total_net_repl_input_bytes:0
total_net_repl_output_bytes:0
instantaneous_input_kbps:25.84
instantaneous_output_kbps:1.83
instantaneous_input_repl_kbps:0.00
instantaneous_output_repl_kbps:0.00
rejected_connections:0
sync_full:0
sync_partial_ok:0
sync_partial_err:0
expired_subkeys:0
expired_keys:2878
expired_stale_perc:4.78
expired_time_cap_reached_count:0
expire_cycle_cpu_milliseconds:224
evicted_keys:0
evicted_clients:0
evicted_scripts:0
total_eviction_exceeded_time:0
current_eviction_exceeded_time:0
keyspace_hits:10812
keyspace_misses:109
pubsub_channels:0
pubsub_patterns:0
pubsubshard_channels:0
latest_fork_usec:6573
total_forks:4
migrate_cached_sockets:0
slave_expires_tracked_keys:0
active_defrag_hits:0
active_defrag_misses:0
active_defrag_key_hits:0
active_defrag_key_misses:0
total_active_defrag_time:0
current_active_defrag_time:0
tracking_total_keys:0
tracking_total_items:0
tracking_total_prefixes:0
unexpected_error_replies:0
total_error_replies:10
dump_payload_sanitizations:0
total_reads_processed:39670
total_writes_processed:39597
io_threaded_reads_processed:0
io_threaded_writes_processed:0
client_query_buffer_limit_disconnections:0
client_output_buffer_limit_disconnections:0
reply_buffer_shrinks:81
reply_buffer_expands:94
eventloop_cycles:40424
eventloop_duration_sum:19311534
eventloop_duration_cmd_sum:2053490
instantaneous_eventloop_cycles_per_sec:466
instantaneous_eventloop_duration_usec:511
acl_access_denied_auth:0
acl_access_denied_cmd:0
acl_access_denied_key:0
acl_access_denied_channel:0
2025-07-13T18:12:57Z# Stats
total_connections_received:52
total_commands_processed:84130
instantaneous_ops_per_sec:415
total_net_input_bytes:10941248
total_net_output_bytes:2875654
total_net_repl_input_bytes:0
total_net_repl_output_bytes:0
instantaneous_input_kbps:37.37
instantaneous_output_kbps:79.90
instantaneous_input_repl_kbps:0.00
instantaneous_output_repl_kbps:0.00
rejected_connections:0
sync_full:0
sync_partial_ok:0
sync_partial_err:0
expired_subkeys:0
expired_keys:3087
expired_stale_perc:5.20
expired_time_cap_reached_count:0
expire_cycle_cpu_milliseconds:228
evicted_keys:0
evicted_clients:0
evicted_scripts:0
total_eviction_exceeded_time:0
current_eviction_exceeded_time:0
keyspace_hits:11544
keyspace_misses:109
pubsub_channels:0
pubsub_patterns:0
pubsubshard_channels:0
latest_fork_usec:6573
total_forks:4
migrate_cached_sockets:0
slave_expires_tracked_keys:0
active_defrag_hits:0
active_defrag_misses:0
active_defrag_key_hits:0
active_defrag_key_misses:0
total_active_defrag_time:0
current_active_defrag_time:0
tracking_total_keys:0
tracking_total_items:0
tracking_total_prefixes:0
unexpected_error_replies:0
total_error_replies:10
dump_payload_sanitizations:0
total_reads_processed:40875
total_writes_processed:40797
io_threaded_reads_processed:0
io_threaded_writes_processed:0
client_query_buffer_limit_disconnections:0
client_output_buffer_limit_disconnections:0
reply_buffer_shrinks:84
reply_buffer_expands:100
eventloop_cycles:41487
eventloop_duration_sum:20343167
eventloop_duration_cmd_sum:2352201
instantaneous_eventloop_cycles_per_sec:323
instantaneous_eventloop_duration_usec:784
acl_access_denied_auth:0
acl_access_denied_cmd:0
acl_access_denied_key:0
acl_access_denied_channel:0
2025-07-13T18:13:07Z# Stats
total_connections_received:53
total_commands_processed:88782
instantaneous_ops_per_sec:1341
total_net_input_bytes:11536851
total_net_output_bytes:2921900
total_net_repl_input_bytes:0
total_net_repl_output_bytes:0
instantaneous_input_kbps:212.44
instantaneous_output_kbps:16.49
instantaneous_input_repl_kbps:0.00
instantaneous_output_repl_kbps:0.00
rejected_connections:0
sync_full:0
sync_partial_ok:0
sync_partial_err:0
expired_subkeys:0
expired_keys:3271
expired_stale_perc:6.24
expired_time_cap_reached_count:0
expire_cycle_cpu_milliseconds:233
evicted_keys:0
evicted_clients:0
evicted_scripts:0
total_eviction_exceeded_time:0
current_eviction_exceeded_time:0
keyspace_hits:12198
keyspace_misses:109
pubsub_channels:0
pubsub_patterns:0
pubsubshard_channels:0
latest_fork_usec:6573
total_forks:4
migrate_cached_sockets:0
slave_expires_tracked_keys:0
active_defrag_hits:0
active_defrag_misses:0
active_defrag_key_hits:0
active_defrag_key_misses:0
total_active_defrag_time:0
current_active_defrag_time:0
tracking_total_keys:0
tracking_total_items:0
tracking_total_prefixes:0
unexpected_error_replies:0
total_error_replies:10
dump_payload_sanitizations:0
total_reads_processed:43052
total_writes_processed:42973
io_threaded_reads_processed:0
io_threaded_writes_processed:0
client_query_buffer_limit_disconnections:0
client_output_buffer_limit_disconnections:0
reply_buffer_shrinks:89
reply_buffer_expands:108
eventloop_cycles:43617
eventloop_duration_sum:21423757
eventloop_duration_cmd_sum:2437979
instantaneous_eventloop_cycles_per_sec:261
instantaneous_eventloop_duration_usec:557
acl_access_denied_auth:0
acl_access_denied_cmd:0
acl_access_denied_key:0
acl_access_denied_channel:0
2025-07-13T18:13:18Z# Stats
total_connections_received:55
total_commands_processed:92943
instantaneous_ops_per_sec:1363
total_net_input_bytes:12035172
total_net_output_bytes:3087933
total_net_repl_input_bytes:0
total_net_repl_output_bytes:0
instantaneous_input_kbps:218.84
instantaneous_output_kbps:16.64
instantaneous_input_repl_kbps:0.00
instantaneous_output_repl_kbps:0.00
rejected_connections:0
sync_full:0
sync_partial_ok:0
sync_partial_err:0
expired_subkeys:0
expired_keys:3508
expired_stale_perc:6.12
expired_time_cap_reached_count:0
expire_cycle_cpu_milliseconds:238
evicted_keys:0
evicted_clients:0
evicted_scripts:0
total_eviction_exceeded_time:0
current_eviction_exceeded_time:0
keyspace_hits:12676
keyspace_misses:109
pubsub_channels:0
pubsub_patterns:0
pubsubshard_channels:0
latest_fork_usec:737
total_forks:5
migrate_cached_sockets:0
slave_expires_tracked_keys:0
active_defrag_hits:0
active_defrag_misses:0
active_defrag_key_hits:0
active_defrag_key_misses:0
total_active_defrag_time:0
current_active_defrag_time:0
tracking_total_keys:0
tracking_total_items:0
tracking_total_prefixes:0
unexpected_error_replies:0
total_error_replies:10
dump_payload_sanitizations:0
total_reads_processed:45437
total_writes_processed:45356
io_threaded_reads_processed:0
io_threaded_writes_processed:0
client_query_buffer_limit_disconnections:0
client_output_buffer_limit_disconnections:0
reply_buffer_shrinks:92
reply_buffer_expands:113
eventloop_cycles:46004
eventloop_duration_sum:22296932
eventloop_duration_cmd_sum:2513243
instantaneous_eventloop_cycles_per_sec:230
instantaneous_eventloop_duration_usec:1418
acl_access_denied_auth:0
acl_access_denied_cmd:0
acl_access_denied_key:0
acl_access_denied_channel:0
2025-07-13T18:13:29Z# Stats
total_connections_received:57
total_commands_processed:97046
instantaneous_ops_per_sec:762
total_net_input_bytes:12535358
total_net_output_bytes:3255975
total_net_repl_input_bytes:0
total_net_repl_output_bytes:0
instantaneous_input_kbps:71.33
instantaneous_output_kbps:6.11
instantaneous_input_repl_kbps:0.00
instantaneous_output_repl_kbps:0.00
rejected_connections:0
sync_full:0
sync_partial_ok:0
sync_partial_err:0
expired_subkeys:0
expired_keys:3696
expired_stale_perc:6.34
expired_time_cap_reached_count:0
expire_cycle_cpu_milliseconds:241
evicted_keys:0
evicted_clients:0
evicted_scripts:0
total_eviction_exceeded_time:0
current_eviction_exceeded_time:0
keyspace_hits:13163
keyspace_misses:109
pubsub_channels:0
pubsub_patterns:0
pubsubshard_channels:0
latest_fork_usec:737
total_forks:5
migrate_cached_sockets:0
slave_expires_tracked_keys:0
active_defrag_hits:0
active_defrag_misses:0
active_defrag_key_hits:0
active_defrag_key_misses:0
total_active_defrag_time:0
current_active_defrag_time:0
tracking_total_keys:0
tracking_total_items:0
tracking_total_prefixes:0
unexpected_error_replies:0
total_error_replies:10
dump_payload_sanitizations:0
total_reads_processed:47721
total_writes_processed:47638
io_threaded_reads_processed:0
io_threaded_writes_processed:0
client_query_buffer_limit_disconnections:0
client_output_buffer_limit_disconnections:0
reply_buffer_shrinks:96
reply_buffer_expands:118
eventloop_cycles:48196
eventloop_duration_sum:23263366
eventloop_duration_cmd_sum:2589729
instantaneous_eventloop_cycles_per_sec:528
instantaneous_eventloop_duration_usec:312
acl_access_denied_auth:0
acl_access_denied_cmd:0
acl_access_denied_key:0
acl_access_denied_channel:0
2025-07-13T18:13:39Z# Stats
total_connections_received:58
total_commands_processed:99557
instantaneous_ops_per_sec:37
total_net_input_bytes:12945659
total_net_output_bytes:3420580
total_net_repl_input_bytes:0
total_net_repl_output_bytes:0
instantaneous_input_kbps:15.31
instantaneous_output_kbps:77.17
instantaneous_input_repl_kbps:0.00
instantaneous_output_repl_kbps:0.00
rejected_connections:0
sync_full:0
sync_partial_ok:0
sync_partial_err:0
expired_subkeys:0
expired_keys:3870
expired_stale_perc:6.34
expired_time_cap_reached_count:0
expire_cycle_cpu_milliseconds:244
evicted_keys:0
evicted_clients:0
evicted_scripts:0
total_eviction_exceeded_time:0
current_eviction_exceeded_time:0
keyspace_hits:13643
keyspace_misses:109
pubsub_channels:0
pubsub_patterns:0
pubsubshard_channels:0
latest_fork_usec:737
total_forks:5
migrate_cached_sockets:0
slave_expires_tracked_keys:0
active_defrag_hits:0
active_defrag_misses:0
active_defrag_key_hits:0
active_defrag_key_misses:0
total_active_defrag_time:0
current_active_defrag_time:0
tracking_total_keys:0
tracking_total_items:0
tracking_total_prefixes:0
unexpected_error_replies:0
total_error_replies:10
dump_payload_sanitizations:0
total_reads_processed:48452
total_writes_processed:48368
io_threaded_reads_processed:0
io_threaded_writes_processed:0
client_query_buffer_limit_disconnections:0
client_output_buffer_limit_disconnections:0
reply_buffer_shrinks:99
reply_buffer_expands:122
eventloop_cycles:48929
eventloop_duration_sum:23615532
eventloop_duration_cmd_sum:2651363
instantaneous_eventloop_cycles_per_sec:46
instantaneous_eventloop_duration_usec:1848
acl_access_denied_auth:0
acl_access_denied_cmd:0
acl_access_denied_key:0
acl_access_denied_channel:0
