2025-07-13 18:57:57,066 - INFO - consumidor_mongo2: conectado a MongoDB en mongodb://mongo:27017.
2025-07-13 18:57:57,852 - INFO - <BrokerConnection node_id=bootstrap-0 host=kafka:9092 <connecting> [IPv4 ('172.18.0.4', 9092)]>: connecting to kafka:9092 [('172.18.0.4', 9092) IPv4]
2025-07-13 18:57:57,857 - INFO - Probing node bootstrap-0 broker version
2025-07-13 18:57:57,868 - INFO - <BrokerConnection node_id=bootstrap-0 host=kafka:9092 <connecting> [IPv4 ('172.18.0.4', 9092)]>: Connection complete.
2025-07-13 18:57:58,039 - INFO - Broker version identified as 2.5.0
2025-07-13 18:57:58,040 - INFO - Set configuration api_version=(2, 5, 0) to skip auto check_version requests on startup
2025-07-13 18:57:58,042 - INFO - Probing node bootstrap-0 broker version
2025-07-13 18:57:58,185 - INFO - Broker version identified as 2.5.0
2025-07-13 18:57:58,186 - INFO - Set configuration api_version=(2, 5, 0) to skip auto check_version requests on startup
2025-07-13 18:57:58,446 - INFO - <BrokerConnection node_id=1 host=kafka:9092 <connecting> [IPv4 ('172.18.0.4', 9092)]>: connecting to kafka:9092 [('172.18.0.4', 9092) IPv4]
2025-07-13 18:57:58,467 - INFO - Probing node 1 broker version
2025-07-13 18:57:58,488 - INFO - <BrokerConnection node_id=1 host=kafka:9092 <connecting> [IPv4 ('172.18.0.4', 9092)]>: Connection complete.
2025-07-13 18:57:58,490 - INFO - <BrokerConnection node_id=bootstrap-0 host=kafka:9092 <connected> [IPv4 ('172.18.0.4', 9092)]>: Closing connection. 
2025-07-13 18:57:58,627 - INFO - Broker version identified as 2.5.0
2025-07-13 18:57:58,631 - INFO - Set configuration api_version=(2, 5, 0) to skip auto check_version requests on startup
2025-07-13 18:57:58,704 - INFO - consumidor_mongo2:El topic adsb.aeronaves ya existe en Kafka.
2025-07-13 18:57:58,728 - INFO - <BrokerConnection node_id=1 host=kafka:9092 <connected> [IPv4 ('172.18.0.4', 9092)]>: Closing connection. 
2025-07-13 18:58:08,816 - INFO - <BrokerConnection node_id=bootstrap-0 host=kafka:9092 <connecting> [IPv4 ('172.18.0.4', 9092)]>: connecting to kafka:9092 [('172.18.0.4', 9092) IPv4]
2025-07-13 18:58:08,936 - INFO - Probing node bootstrap-0 broker version
2025-07-13 18:58:08,955 - INFO - <BrokerConnection node_id=bootstrap-0 host=kafka:9092 <connecting> [IPv4 ('172.18.0.4', 9092)]>: Connection complete.
2025-07-13 18:58:10,713 - INFO - Broker version identified as 2.5.0
2025-07-13 18:58:10,714 - INFO - Set configuration api_version=(2, 5, 0) to skip auto check_version requests on startup
2025-07-13 18:58:10,718 - INFO - Updating subscribed topics to: ('adsb.aeronaves',)
2025-07-13 18:58:10,723 - INFO - consumidor_mongo2: Conectado a Kafka en kafka:9092.
2025-07-13 18:58:10,725 - INFO - consumidor_mongo2: esperando mensajes en el topic adsb.aeronaves...
2025-07-13 18:58:10,852 - INFO - Group coordinator for adsb_mongo_group is BrokerMetadata(nodeId='coordinator-1', host='kafka', port=9092, rack=None)
2025-07-13 18:58:10,859 - INFO - Discovered coordinator coordinator-1 for group adsb_mongo_group
2025-07-13 18:58:10,860 - INFO - Starting new heartbeat thread
2025-07-13 18:58:10,862 - INFO - Revoking previously assigned partitions set() for group adsb_mongo_group
2025-07-13 18:58:10,922 - INFO - <BrokerConnection node_id=coordinator-1 host=kafka:9092 <connecting> [IPv4 ('172.18.0.4', 9092)]>: connecting to kafka:9092 [('172.18.0.4', 9092) IPv4]
2025-07-13 18:58:10,926 - INFO - <BrokerConnection node_id=coordinator-1 host=kafka:9092 <connecting> [IPv4 ('172.18.0.4', 9092)]>: Connection complete.
2025-07-13 18:58:10,929 - INFO - <BrokerConnection node_id=bootstrap-0 host=kafka:9092 <connected> [IPv4 ('172.18.0.4', 9092)]>: Closing connection. 
2025-07-13 18:58:11,036 - INFO - (Re-)joining group adsb_mongo_group
2025-07-13 18:58:11,051 - INFO - <BrokerConnection node_id=bootstrap-0 host=kafka:9092 <connecting> [IPv4 ('172.18.0.4', 9092)]>: connecting to kafka:9092 [('172.18.0.4', 9092) IPv4]
2025-07-13 18:58:11,052 - INFO - <BrokerConnection node_id=bootstrap-0 host=kafka:9092 <connecting> [IPv4 ('172.18.0.4', 9092)]>: Connection complete.
2025-07-13 18:58:11,082 - WARNING - Marking the coordinator dead (node coordinator-1) for group adsb_mongo_group: [Error 16] NotCoordinatorForGroupError.
2025-07-13 18:58:11,353 - INFO - Group coordinator for adsb_mongo_group is BrokerMetadata(nodeId='coordinator-1', host='kafka', port=9092, rack=None)
2025-07-13 18:58:11,359 - INFO - Discovered coordinator coordinator-1 for group adsb_mongo_group
2025-07-13 18:58:11,363 - INFO - (Re-)joining group adsb_mongo_group
2025-07-13 18:58:11,438 - WARNING - Marking the coordinator dead (node coordinator-1) for group adsb_mongo_group: [Error 16] NotCoordinatorForGroupError.
2025-07-13 18:58:11,551 - INFO - <BrokerConnection node_id=1 host=kafka:9092 <connecting> [IPv4 ('172.18.0.4', 9092)]>: connecting to kafka:9092 [('172.18.0.4', 9092) IPv4]
2025-07-13 18:58:11,553 - INFO - <BrokerConnection node_id=1 host=kafka:9092 <connecting> [IPv4 ('172.18.0.4', 9092)]>: Connection complete.
2025-07-13 18:58:11,563 - INFO - <BrokerConnection node_id=bootstrap-0 host=kafka:9092 <connected> [IPv4 ('172.18.0.4', 9092)]>: Closing connection. 
2025-07-13 18:58:11,685 - INFO - Group coordinator for adsb_mongo_group is BrokerMetadata(nodeId='coordinator-1', host='kafka', port=9092, rack=None)
2025-07-13 18:58:11,686 - INFO - Discovered coordinator coordinator-1 for group adsb_mongo_group
2025-07-13 18:58:11,687 - INFO - (Re-)joining group adsb_mongo_group
2025-07-13 18:58:11,718 - WARNING - Marking the coordinator dead (node coordinator-1) for group adsb_mongo_group: [Error 16] NotCoordinatorForGroupError.
2025-07-13 18:58:12,141 - INFO - Group coordinator for adsb_mongo_group is BrokerMetadata(nodeId='coordinator-1', host='kafka', port=9092, rack=None)
2025-07-13 18:58:12,143 - INFO - Discovered coordinator coordinator-1 for group adsb_mongo_group
2025-07-13 18:58:12,143 - INFO - (Re-)joining group adsb_mongo_group
2025-07-13 18:58:12,160 - WARNING - Marking the coordinator dead (node coordinator-1) for group adsb_mongo_group: [Error 16] NotCoordinatorForGroupError.
2025-07-13 18:58:12,308 - INFO - Group coordinator for adsb_mongo_group is BrokerMetadata(nodeId='coordinator-1', host='kafka', port=9092, rack=None)
2025-07-13 18:58:12,311 - INFO - Discovered coordinator coordinator-1 for group adsb_mongo_group
2025-07-13 18:58:12,312 - INFO - (Re-)joining group adsb_mongo_group
2025-07-13 18:58:12,325 - WARNING - Marking the coordinator dead (node coordinator-1) for group adsb_mongo_group: [Error 16] NotCoordinatorForGroupError.
2025-07-13 18:58:12,766 - INFO - Group coordinator for adsb_mongo_group is BrokerMetadata(nodeId='coordinator-1', host='kafka', port=9092, rack=None)
2025-07-13 18:58:12,767 - INFO - Discovered coordinator coordinator-1 for group adsb_mongo_group
2025-07-13 18:58:12,769 - INFO - (Re-)joining group adsb_mongo_group
2025-07-13 18:58:12,793 - WARNING - Marking the coordinator dead (node coordinator-1) for group adsb_mongo_group: [Error 16] NotCoordinatorForGroupError.
2025-07-13 18:58:12,976 - INFO - Group coordinator for adsb_mongo_group is BrokerMetadata(nodeId='coordinator-1', host='kafka', port=9092, rack=None)
2025-07-13 18:58:12,980 - INFO - Discovered coordinator coordinator-1 for group adsb_mongo_group
2025-07-13 18:58:12,981 - INFO - (Re-)joining group adsb_mongo_group
2025-07-13 18:58:13,036 - WARNING - Marking the coordinator dead (node coordinator-1) for group adsb_mongo_group: [Error 16] NotCoordinatorForGroupError.
2025-07-13 18:58:13,329 - INFO - Group coordinator for adsb_mongo_group is BrokerMetadata(nodeId='coordinator-1', host='kafka', port=9092, rack=None)
2025-07-13 18:58:13,330 - INFO - Discovered coordinator coordinator-1 for group adsb_mongo_group
2025-07-13 18:58:13,331 - INFO - (Re-)joining group adsb_mongo_group
2025-07-13 18:58:13,358 - WARNING - Marking the coordinator dead (node coordinator-1) for group adsb_mongo_group: [Error 16] NotCoordinatorForGroupError.
2025-07-13 18:58:13,555 - INFO - Group coordinator for adsb_mongo_group is BrokerMetadata(nodeId='coordinator-1', host='kafka', port=9092, rack=None)
2025-07-13 18:58:13,556 - INFO - Discovered coordinator coordinator-1 for group adsb_mongo_group
2025-07-13 18:58:13,559 - INFO - (Re-)joining group adsb_mongo_group
2025-07-13 18:58:13,582 - WARNING - Marking the coordinator dead (node coordinator-1) for group adsb_mongo_group: [Error 16] NotCoordinatorForGroupError.
2025-07-13 18:58:14,425 - INFO - Group coordinator for adsb_mongo_group is BrokerMetadata(nodeId='coordinator-1', host='kafka', port=9092, rack=None)
2025-07-13 18:58:14,429 - INFO - Discovered coordinator coordinator-1 for group adsb_mongo_group
2025-07-13 18:58:14,471 - INFO - (Re-)joining group adsb_mongo_group
2025-07-13 18:58:15,007 - WARNING - Marking the coordinator dead (node coordinator-1) for group adsb_mongo_group: [Error 16] NotCoordinatorForGroupError.
2025-07-13 18:58:16,050 - INFO - Group coordinator for adsb_mongo_group is BrokerMetadata(nodeId='coordinator-1', host='kafka', port=9092, rack=None)
2025-07-13 18:58:16,197 - INFO - Discovered coordinator coordinator-1 for group adsb_mongo_group
2025-07-13 18:58:16,198 - INFO - (Re-)joining group adsb_mongo_group
2025-07-13 18:58:16,415 - WARNING - Marking the coordinator dead (node coordinator-1) for group adsb_mongo_group: [Error 16] NotCoordinatorForGroupError.
2025-07-13 18:58:16,591 - INFO - Group coordinator for adsb_mongo_group is BrokerMetadata(nodeId='coordinator-1', host='kafka', port=9092, rack=None)
2025-07-13 18:58:16,642 - INFO - Discovered coordinator coordinator-1 for group adsb_mongo_group
2025-07-13 18:58:16,644 - INFO - (Re-)joining group adsb_mongo_group
2025-07-13 18:58:16,725 - WARNING - Marking the coordinator dead (node coordinator-1) for group adsb_mongo_group: [Error 16] NotCoordinatorForGroupError.
2025-07-13 18:58:17,261 - INFO - Group coordinator for adsb_mongo_group is BrokerMetadata(nodeId='coordinator-1', host='kafka', port=9092, rack=None)
2025-07-13 18:58:17,262 - INFO - Discovered coordinator coordinator-1 for group adsb_mongo_group
2025-07-13 18:58:17,263 - INFO - (Re-)joining group adsb_mongo_group
2025-07-13 18:58:17,278 - WARNING - Marking the coordinator dead (node coordinator-1) for group adsb_mongo_group: [Error 16] NotCoordinatorForGroupError.
2025-07-13 18:58:17,521 - INFO - Group coordinator for adsb_mongo_group is BrokerMetadata(nodeId='coordinator-1', host='kafka', port=9092, rack=None)
2025-07-13 18:58:17,540 - INFO - Discovered coordinator coordinator-1 for group adsb_mongo_group
2025-07-13 18:58:17,542 - INFO - (Re-)joining group adsb_mongo_group
2025-07-13 18:58:17,641 - WARNING - Marking the coordinator dead (node coordinator-1) for group adsb_mongo_group: [Error 16] NotCoordinatorForGroupError.
2025-07-13 18:58:17,755 - INFO - Group coordinator for adsb_mongo_group is BrokerMetadata(nodeId='coordinator-1', host='kafka', port=9092, rack=None)
2025-07-13 18:58:17,785 - INFO - Discovered coordinator coordinator-1 for group adsb_mongo_group
2025-07-13 18:58:17,787 - INFO - (Re-)joining group adsb_mongo_group
2025-07-13 18:58:18,088 - WARNING - Marking the coordinator dead (node coordinator-1) for group adsb_mongo_group: [Error 16] NotCoordinatorForGroupError.
2025-07-13 18:58:18,251 - INFO - Group coordinator for adsb_mongo_group is BrokerMetadata(nodeId='coordinator-1', host='kafka', port=9092, rack=None)
2025-07-13 18:58:18,252 - INFO - Discovered coordinator coordinator-1 for group adsb_mongo_group
2025-07-13 18:58:18,254 - INFO - (Re-)joining group adsb_mongo_group
2025-07-13 18:58:18,263 - WARNING - Marking the coordinator dead (node coordinator-1) for group adsb_mongo_group: [Error 16] NotCoordinatorForGroupError.
2025-07-13 18:58:18,449 - INFO - Group coordinator for adsb_mongo_group is BrokerMetadata(nodeId='coordinator-1', host='kafka', port=9092, rack=None)
2025-07-13 18:58:18,451 - INFO - Discovered coordinator coordinator-1 for group adsb_mongo_group
2025-07-13 18:58:18,459 - INFO - (Re-)joining group adsb_mongo_group
2025-07-13 18:58:18,593 - WARNING - Marking the coordinator dead (node coordinator-1) for group adsb_mongo_group: [Error 16] NotCoordinatorForGroupError.
2025-07-13 18:58:18,749 - INFO - Group coordinator for adsb_mongo_group is BrokerMetadata(nodeId='coordinator-1', host='kafka', port=9092, rack=None)
2025-07-13 18:58:18,751 - INFO - Discovered coordinator coordinator-1 for group adsb_mongo_group
2025-07-13 18:58:18,752 - INFO - (Re-)joining group adsb_mongo_group
2025-07-13 18:58:18,787 - WARNING - Marking the coordinator dead (node coordinator-1) for group adsb_mongo_group: [Error 16] NotCoordinatorForGroupError.
2025-07-13 18:58:19,147 - INFO - Group coordinator for adsb_mongo_group is BrokerMetadata(nodeId='coordinator-1', host='kafka', port=9092, rack=None)
2025-07-13 18:58:19,154 - INFO - Discovered coordinator coordinator-1 for group adsb_mongo_group
2025-07-13 18:58:19,156 - INFO - (Re-)joining group adsb_mongo_group
2025-07-13 18:58:19,200 - WARNING - Marking the coordinator dead (node coordinator-1) for group adsb_mongo_group: [Error 16] NotCoordinatorForGroupError.
2025-07-13 18:58:19,492 - INFO - Group coordinator for adsb_mongo_group is BrokerMetadata(nodeId='coordinator-1', host='kafka', port=9092, rack=None)
2025-07-13 18:58:19,495 - INFO - Discovered coordinator coordinator-1 for group adsb_mongo_group
2025-07-13 18:58:19,497 - INFO - (Re-)joining group adsb_mongo_group
2025-07-13 18:58:19,511 - WARNING - Marking the coordinator dead (node coordinator-1) for group adsb_mongo_group: [Error 16] NotCoordinatorForGroupError.
2025-07-13 18:58:19,653 - INFO - Group coordinator for adsb_mongo_group is BrokerMetadata(nodeId='coordinator-1', host='kafka', port=9092, rack=None)
2025-07-13 18:58:19,657 - INFO - Discovered coordinator coordinator-1 for group adsb_mongo_group
2025-07-13 18:58:19,661 - INFO - (Re-)joining group adsb_mongo_group
2025-07-13 18:58:19,767 - WARNING - Marking the coordinator dead (node coordinator-1) for group adsb_mongo_group: [Error 16] NotCoordinatorForGroupError.
2025-07-13 18:58:20,461 - INFO - Group coordinator for adsb_mongo_group is BrokerMetadata(nodeId='coordinator-1', host='kafka', port=9092, rack=None)
2025-07-13 18:58:20,462 - INFO - Discovered coordinator coordinator-1 for group adsb_mongo_group
2025-07-13 18:58:20,474 - INFO - (Re-)joining group adsb_mongo_group
2025-07-13 18:58:20,762 - WARNING - Marking the coordinator dead (node coordinator-1) for group adsb_mongo_group: [Error 16] NotCoordinatorForGroupError.
2025-07-13 18:58:20,940 - INFO - Group coordinator for adsb_mongo_group is BrokerMetadata(nodeId='coordinator-1', host='kafka', port=9092, rack=None)
2025-07-13 18:58:20,941 - INFO - Discovered coordinator coordinator-1 for group adsb_mongo_group
2025-07-13 18:58:20,942 - INFO - (Re-)joining group adsb_mongo_group
2025-07-13 18:58:20,984 - WARNING - Marking the coordinator dead (node coordinator-1) for group adsb_mongo_group: [Error 16] NotCoordinatorForGroupError.
2025-07-13 18:58:21,203 - INFO - Group coordinator for adsb_mongo_group is BrokerMetadata(nodeId='coordinator-1', host='kafka', port=9092, rack=None)
2025-07-13 18:58:21,206 - INFO - Discovered coordinator coordinator-1 for group adsb_mongo_group
2025-07-13 18:58:21,207 - INFO - (Re-)joining group adsb_mongo_group
2025-07-13 18:58:21,297 - WARNING - Marking the coordinator dead (node coordinator-1) for group adsb_mongo_group: [Error 16] NotCoordinatorForGroupError.
2025-07-13 18:58:21,482 - INFO - Group coordinator for adsb_mongo_group is BrokerMetadata(nodeId='coordinator-1', host='kafka', port=9092, rack=None)
2025-07-13 18:58:21,514 - INFO - Discovered coordinator coordinator-1 for group adsb_mongo_group
2025-07-13 18:58:21,553 - INFO - (Re-)joining group adsb_mongo_group
2025-07-13 18:58:21,812 - WARNING - Marking the coordinator dead (node coordinator-1) for group adsb_mongo_group: [Error 16] NotCoordinatorForGroupError.
2025-07-13 18:58:22,564 - INFO - Group coordinator for adsb_mongo_group is BrokerMetadata(nodeId='coordinator-1', host='kafka', port=9092, rack=None)
2025-07-13 18:58:22,565 - INFO - Discovered coordinator coordinator-1 for group adsb_mongo_group
2025-07-13 18:58:22,566 - INFO - (Re-)joining group adsb_mongo_group
2025-07-13 18:58:22,962 - WARNING - Marking the coordinator dead (node coordinator-1) for group adsb_mongo_group: [Error 16] NotCoordinatorForGroupError.
2025-07-13 18:58:23,145 - INFO - Group coordinator for adsb_mongo_group is BrokerMetadata(nodeId='coordinator-1', host='kafka', port=9092, rack=None)
2025-07-13 18:58:23,167 - INFO - Discovered coordinator coordinator-1 for group adsb_mongo_group
2025-07-13 18:58:23,180 - INFO - (Re-)joining group adsb_mongo_group
2025-07-13 18:58:23,348 - WARNING - Marking the coordinator dead (node coordinator-1) for group adsb_mongo_group: [Error 16] NotCoordinatorForGroupError.
2025-07-13 18:58:23,813 - INFO - Group coordinator for adsb_mongo_group is BrokerMetadata(nodeId='coordinator-1', host='kafka', port=9092, rack=None)
2025-07-13 18:58:23,834 - INFO - Discovered coordinator coordinator-1 for group adsb_mongo_group
2025-07-13 18:58:23,838 - INFO - (Re-)joining group adsb_mongo_group
2025-07-13 18:58:24,056 - WARNING - Marking the coordinator dead (node coordinator-1) for group adsb_mongo_group: [Error 16] NotCoordinatorForGroupError.
2025-07-13 18:58:24,224 - INFO - Group coordinator for adsb_mongo_group is BrokerMetadata(nodeId='coordinator-1', host='kafka', port=9092, rack=None)
2025-07-13 18:58:24,317 - INFO - Discovered coordinator coordinator-1 for group adsb_mongo_group
2025-07-13 18:58:24,322 - INFO - (Re-)joining group adsb_mongo_group
2025-07-13 18:58:24,540 - WARNING - Marking the coordinator dead (node coordinator-1) for group adsb_mongo_group: [Error 16] NotCoordinatorForGroupError.
2025-07-13 18:58:24,998 - INFO - Group coordinator for adsb_mongo_group is BrokerMetadata(nodeId='coordinator-1', host='kafka', port=9092, rack=None)
2025-07-13 18:58:25,000 - INFO - Discovered coordinator coordinator-1 for group adsb_mongo_group
2025-07-13 18:58:25,014 - INFO - (Re-)joining group adsb_mongo_group
2025-07-13 18:58:25,404 - WARNING - Marking the coordinator dead (node coordinator-1) for group adsb_mongo_group: [Error 16] NotCoordinatorForGroupError.
2025-07-13 18:58:25,537 - INFO - Group coordinator for adsb_mongo_group is BrokerMetadata(nodeId='coordinator-1', host='kafka', port=9092, rack=None)
2025-07-13 18:58:25,538 - INFO - Discovered coordinator coordinator-1 for group adsb_mongo_group
2025-07-13 18:58:25,539 - INFO - (Re-)joining group adsb_mongo_group
2025-07-13 18:58:25,559 - WARNING - Marking the coordinator dead (node coordinator-1) for group adsb_mongo_group: [Error 16] NotCoordinatorForGroupError.
2025-07-13 18:58:25,917 - INFO - Group coordinator for adsb_mongo_group is BrokerMetadata(nodeId='coordinator-1', host='kafka', port=9092, rack=None)
2025-07-13 18:58:25,919 - INFO - Discovered coordinator coordinator-1 for group adsb_mongo_group
2025-07-13 18:58:25,921 - INFO - (Re-)joining group adsb_mongo_group
2025-07-13 18:58:25,982 - WARNING - Marking the coordinator dead (node coordinator-1) for group adsb_mongo_group: [Error 16] NotCoordinatorForGroupError.
2025-07-13 18:58:26,162 - INFO - Group coordinator for adsb_mongo_group is BrokerMetadata(nodeId='coordinator-1', host='kafka', port=9092, rack=None)
2025-07-13 18:58:26,164 - INFO - Discovered coordinator coordinator-1 for group adsb_mongo_group
2025-07-13 18:58:26,172 - INFO - (Re-)joining group adsb_mongo_group
2025-07-13 18:58:26,226 - WARNING - Marking the coordinator dead (node coordinator-1) for group adsb_mongo_group: [Error 16] NotCoordinatorForGroupError.
2025-07-13 18:58:26,349 - INFO - Group coordinator for adsb_mongo_group is BrokerMetadata(nodeId='coordinator-1', host='kafka', port=9092, rack=None)
2025-07-13 18:58:26,358 - INFO - Discovered coordinator coordinator-1 for group adsb_mongo_group
2025-07-13 18:58:26,359 - INFO - (Re-)joining group adsb_mongo_group
2025-07-13 18:58:26,384 - WARNING - Marking the coordinator dead (node coordinator-1) for group adsb_mongo_group: [Error 16] NotCoordinatorForGroupError.
2025-07-13 18:58:26,548 - INFO - Group coordinator for adsb_mongo_group is BrokerMetadata(nodeId='coordinator-1', host='kafka', port=9092, rack=None)
2025-07-13 18:58:26,550 - INFO - Discovered coordinator coordinator-1 for group adsb_mongo_group
2025-07-13 18:58:26,552 - INFO - (Re-)joining group adsb_mongo_group
2025-07-13 18:58:26,628 - WARNING - Marking the coordinator dead (node coordinator-1) for group adsb_mongo_group: [Error 16] NotCoordinatorForGroupError.
2025-07-13 18:58:26,773 - INFO - Group coordinator for adsb_mongo_group is BrokerMetadata(nodeId='coordinator-1', host='kafka', port=9092, rack=None)
2025-07-13 18:58:26,775 - INFO - Discovered coordinator coordinator-1 for group adsb_mongo_group
2025-07-13 18:58:26,776 - INFO - (Re-)joining group adsb_mongo_group
2025-07-13 18:58:26,828 - WARNING - Marking the coordinator dead (node coordinator-1) for group adsb_mongo_group: [Error 16] NotCoordinatorForGroupError.
2025-07-13 18:58:26,956 - INFO - Group coordinator for adsb_mongo_group is BrokerMetadata(nodeId='coordinator-1', host='kafka', port=9092, rack=None)
2025-07-13 18:58:26,959 - INFO - Discovered coordinator coordinator-1 for group adsb_mongo_group
2025-07-13 18:58:26,963 - INFO - (Re-)joining group adsb_mongo_group
2025-07-13 18:58:26,979 - WARNING - Marking the coordinator dead (node coordinator-1) for group adsb_mongo_group: [Error 16] NotCoordinatorForGroupError.
2025-07-13 18:58:27,165 - INFO - Group coordinator for adsb_mongo_group is BrokerMetadata(nodeId='coordinator-1', host='kafka', port=9092, rack=None)
2025-07-13 18:58:27,176 - INFO - Discovered coordinator coordinator-1 for group adsb_mongo_group
2025-07-13 18:58:27,177 - INFO - (Re-)joining group adsb_mongo_group
2025-07-13 18:58:27,315 - WARNING - Marking the coordinator dead (node coordinator-1) for group adsb_mongo_group: [Error 16] NotCoordinatorForGroupError.
2025-07-13 18:58:27,799 - INFO - Group coordinator for adsb_mongo_group is BrokerMetadata(nodeId='coordinator-1', host='kafka', port=9092, rack=None)
2025-07-13 18:58:27,835 - INFO - Discovered coordinator coordinator-1 for group adsb_mongo_group
2025-07-13 18:58:27,847 - INFO - (Re-)joining group adsb_mongo_group
2025-07-13 18:58:27,999 - WARNING - Marking the coordinator dead (node coordinator-1) for group adsb_mongo_group: [Error 16] NotCoordinatorForGroupError.
2025-07-13 18:58:29,653 - INFO - Group coordinator for adsb_mongo_group is BrokerMetadata(nodeId='coordinator-1', host='kafka', port=9092, rack=None)
2025-07-13 18:58:29,657 - INFO - Discovered coordinator coordinator-1 for group adsb_mongo_group
2025-07-13 18:58:29,660 - INFO - (Re-)joining group adsb_mongo_group
2025-07-13 18:58:30,177 - WARNING - Marking the coordinator dead (node coordinator-1) for group adsb_mongo_group: [Error 16] NotCoordinatorForGroupError.
2025-07-13 18:58:31,225 - INFO - Group coordinator for adsb_mongo_group is BrokerMetadata(nodeId='coordinator-1', host='kafka', port=9092, rack=None)
2025-07-13 18:58:31,291 - INFO - Discovered coordinator coordinator-1 for group adsb_mongo_group
2025-07-13 18:58:31,293 - INFO - (Re-)joining group adsb_mongo_group
2025-07-13 18:58:31,785 - WARNING - Marking the coordinator dead (node coordinator-1) for group adsb_mongo_group: [Error 16] NotCoordinatorForGroupError.
2025-07-13 18:58:32,280 - INFO - Group coordinator for adsb_mongo_group is BrokerMetadata(nodeId='coordinator-1', host='kafka', port=9092, rack=None)
2025-07-13 18:58:32,281 - INFO - Discovered coordinator coordinator-1 for group adsb_mongo_group
2025-07-13 18:58:32,282 - INFO - (Re-)joining group adsb_mongo_group
2025-07-13 18:58:32,704 - WARNING - Marking the coordinator dead (node coordinator-1) for group adsb_mongo_group: [Error 16] NotCoordinatorForGroupError.
2025-07-13 18:58:32,995 - INFO - Group coordinator for adsb_mongo_group is BrokerMetadata(nodeId='coordinator-1', host='kafka', port=9092, rack=None)
2025-07-13 18:58:33,020 - INFO - Discovered coordinator coordinator-1 for group adsb_mongo_group
2025-07-13 18:58:33,022 - INFO - (Re-)joining group adsb_mongo_group
2025-07-13 18:58:33,088 - WARNING - Marking the coordinator dead (node coordinator-1) for group adsb_mongo_group: [Error 16] NotCoordinatorForGroupError.
2025-07-13 18:58:33,427 - INFO - Group coordinator for adsb_mongo_group is BrokerMetadata(nodeId='coordinator-1', host='kafka', port=9092, rack=None)
2025-07-13 18:58:33,512 - INFO - Discovered coordinator coordinator-1 for group adsb_mongo_group
2025-07-13 18:58:33,525 - INFO - (Re-)joining group adsb_mongo_group
2025-07-13 18:58:34,085 - WARNING - Marking the coordinator dead (node coordinator-1) for group adsb_mongo_group: [Error 16] NotCoordinatorForGroupError.
2025-07-13 18:58:34,302 - INFO - Group coordinator for adsb_mongo_group is BrokerMetadata(nodeId='coordinator-1', host='kafka', port=9092, rack=None)
2025-07-13 18:58:34,321 - INFO - Discovered coordinator coordinator-1 for group adsb_mongo_group
2025-07-13 18:58:34,321 - INFO - (Re-)joining group adsb_mongo_group
2025-07-13 18:58:34,415 - WARNING - Marking the coordinator dead (node coordinator-1) for group adsb_mongo_group: [Error 16] NotCoordinatorForGroupError.
2025-07-13 18:58:34,524 - INFO - Group coordinator for adsb_mongo_group is BrokerMetadata(nodeId='coordinator-1', host='kafka', port=9092, rack=None)
2025-07-13 18:58:34,525 - INFO - Discovered coordinator coordinator-1 for group adsb_mongo_group
2025-07-13 18:58:34,526 - INFO - (Re-)joining group adsb_mongo_group
2025-07-13 18:58:34,607 - WARNING - Marking the coordinator dead (node coordinator-1) for group adsb_mongo_group: [Error 16] NotCoordinatorForGroupError.
2025-07-13 18:58:34,824 - INFO - Group coordinator for adsb_mongo_group is BrokerMetadata(nodeId='coordinator-1', host='kafka', port=9092, rack=None)
2025-07-13 18:58:34,827 - INFO - Discovered coordinator coordinator-1 for group adsb_mongo_group
2025-07-13 18:58:34,833 - INFO - (Re-)joining group adsb_mongo_group
2025-07-13 18:58:34,873 - WARNING - Marking the coordinator dead (node coordinator-1) for group adsb_mongo_group: [Error 16] NotCoordinatorForGroupError.
2025-07-13 18:58:35,283 - INFO - Group coordinator for adsb_mongo_group is BrokerMetadata(nodeId='coordinator-1', host='kafka', port=9092, rack=None)
2025-07-13 18:58:35,284 - INFO - Discovered coordinator coordinator-1 for group adsb_mongo_group
2025-07-13 18:58:35,368 - INFO - (Re-)joining group adsb_mongo_group
2025-07-13 18:58:36,470 - WARNING - Marking the coordinator dead (node coordinator-1) for group adsb_mongo_group: [Error 16] NotCoordinatorForGroupError.
2025-07-13 18:58:36,845 - INFO - Group coordinator for adsb_mongo_group is BrokerMetadata(nodeId='coordinator-1', host='kafka', port=9092, rack=None)
2025-07-13 18:58:36,854 - INFO - Discovered coordinator coordinator-1 for group adsb_mongo_group
2025-07-13 18:58:36,872 - INFO - (Re-)joining group adsb_mongo_group
2025-07-13 18:58:37,169 - WARNING - Marking the coordinator dead (node coordinator-1) for group adsb_mongo_group: [Error 16] NotCoordinatorForGroupError.
2025-07-13 18:58:37,660 - INFO - Group coordinator for adsb_mongo_group is BrokerMetadata(nodeId='coordinator-1', host='kafka', port=9092, rack=None)
2025-07-13 18:58:37,687 - INFO - Discovered coordinator coordinator-1 for group adsb_mongo_group
2025-07-13 18:58:37,706 - INFO - (Re-)joining group adsb_mongo_group
2025-07-13 18:58:37,874 - WARNING - Marking the coordinator dead (node coordinator-1) for group adsb_mongo_group: [Error 16] NotCoordinatorForGroupError.
2025-07-13 18:58:38,160 - INFO - Group coordinator for adsb_mongo_group is BrokerMetadata(nodeId='coordinator-1', host='kafka', port=9092, rack=None)
2025-07-13 18:58:38,163 - INFO - Discovered coordinator coordinator-1 for group adsb_mongo_group
2025-07-13 18:58:38,168 - INFO - (Re-)joining group adsb_mongo_group
2025-07-13 18:58:38,175 - WARNING - Marking the coordinator dead (node coordinator-1) for group adsb_mongo_group: [Error 16] NotCoordinatorForGroupError.
2025-07-13 18:58:38,335 - INFO - Group coordinator for adsb_mongo_group is BrokerMetadata(nodeId='coordinator-1', host='kafka', port=9092, rack=None)
2025-07-13 18:58:38,364 - INFO - Discovered coordinator coordinator-1 for group adsb_mongo_group
2025-07-13 18:58:38,390 - INFO - (Re-)joining group adsb_mongo_group
2025-07-13 18:58:38,422 - WARNING - Marking the coordinator dead (node coordinator-1) for group adsb_mongo_group: [Error 16] NotCoordinatorForGroupError.
2025-07-13 18:58:38,613 - INFO - Group coordinator for adsb_mongo_group is BrokerMetadata(nodeId='coordinator-1', host='kafka', port=9092, rack=None)
2025-07-13 18:58:38,616 - INFO - Discovered coordinator coordinator-1 for group adsb_mongo_group
2025-07-13 18:58:38,625 - INFO - (Re-)joining group adsb_mongo_group
2025-07-13 18:58:39,083 - WARNING - Marking the coordinator dead (node coordinator-1) for group adsb_mongo_group: [Error 16] NotCoordinatorForGroupError.
2025-07-13 18:58:40,646 - INFO - Group coordinator for adsb_mongo_group is BrokerMetadata(nodeId='coordinator-1', host='kafka', port=9092, rack=None)
2025-07-13 18:58:40,650 - INFO - Discovered coordinator coordinator-1 for group adsb_mongo_group
2025-07-13 18:58:40,651 - INFO - (Re-)joining group adsb_mongo_group
2025-07-13 18:58:40,935 - WARNING - Marking the coordinator dead (node coordinator-1) for group adsb_mongo_group: [Error 16] NotCoordinatorForGroupError.
2025-07-13 18:58:41,378 - INFO - Group coordinator for adsb_mongo_group is BrokerMetadata(nodeId='coordinator-1', host='kafka', port=9092, rack=None)
2025-07-13 18:58:41,391 - INFO - Discovered coordinator coordinator-1 for group adsb_mongo_group
2025-07-13 18:58:41,392 - INFO - (Re-)joining group adsb_mongo_group
2025-07-13 18:58:41,582 - WARNING - Marking the coordinator dead (node coordinator-1) for group adsb_mongo_group: [Error 16] NotCoordinatorForGroupError.
2025-07-13 18:58:41,947 - INFO - Group coordinator for adsb_mongo_group is BrokerMetadata(nodeId='coordinator-1', host='kafka', port=9092, rack=None)
2025-07-13 18:58:41,959 - INFO - Discovered coordinator coordinator-1 for group adsb_mongo_group
2025-07-13 18:58:41,974 - INFO - (Re-)joining group adsb_mongo_group
2025-07-13 18:58:43,235 - WARNING - Marking the coordinator dead (node coordinator-1) for group adsb_mongo_group: [Error 16] NotCoordinatorForGroupError.
2025-07-13 18:58:43,483 - INFO - Group coordinator for adsb_mongo_group is BrokerMetadata(nodeId='coordinator-1', host='kafka', port=9092, rack=None)
2025-07-13 18:58:43,484 - INFO - Discovered coordinator coordinator-1 for group adsb_mongo_group
2025-07-13 18:58:43,485 - INFO - (Re-)joining group adsb_mongo_group
2025-07-13 18:58:43,785 - WARNING - Marking the coordinator dead (node coordinator-1) for group adsb_mongo_group: [Error 16] NotCoordinatorForGroupError.
2025-07-13 18:58:44,460 - INFO - Group coordinator for adsb_mongo_group is BrokerMetadata(nodeId='coordinator-1', host='kafka', port=9092, rack=None)
2025-07-13 18:58:44,463 - INFO - Discovered coordinator coordinator-1 for group adsb_mongo_group
2025-07-13 18:58:44,471 - INFO - (Re-)joining group adsb_mongo_group
2025-07-13 18:58:45,013 - WARNING - Marking the coordinator dead (node coordinator-1) for group adsb_mongo_group: [Error 16] NotCoordinatorForGroupError.
2025-07-13 18:58:45,672 - INFO - Group coordinator for adsb_mongo_group is BrokerMetadata(nodeId='coordinator-1', host='kafka', port=9092, rack=None)
2025-07-13 18:58:45,674 - INFO - Discovered coordinator coordinator-1 for group adsb_mongo_group
2025-07-13 18:58:45,675 - INFO - (Re-)joining group adsb_mongo_group
2025-07-13 18:58:45,710 - WARNING - Marking the coordinator dead (node coordinator-1) for group adsb_mongo_group: [Error 16] NotCoordinatorForGroupError.
2025-07-13 18:58:45,988 - INFO - Group coordinator for adsb_mongo_group is BrokerMetadata(nodeId='coordinator-1', host='kafka', port=9092, rack=None)
2025-07-13 18:58:45,997 - INFO - Discovered coordinator coordinator-1 for group adsb_mongo_group
2025-07-13 18:58:46,178 - INFO - (Re-)joining group adsb_mongo_group
2025-07-13 18:58:46,392 - WARNING - Marking the coordinator dead (node coordinator-1) for group adsb_mongo_group: [Error 16] NotCoordinatorForGroupError.
2025-07-13 18:58:46,754 - INFO - Group coordinator for adsb_mongo_group is BrokerMetadata(nodeId='coordinator-1', host='kafka', port=9092, rack=None)
2025-07-13 18:58:46,902 - INFO - Discovered coordinator coordinator-1 for group adsb_mongo_group
2025-07-13 18:58:46,946 - INFO - (Re-)joining group adsb_mongo_group
2025-07-13 18:58:47,859 - WARNING - Marking the coordinator dead (node coordinator-1) for group adsb_mongo_group: [Error 16] NotCoordinatorForGroupError.
2025-07-13 18:58:48,210 - INFO - Group coordinator for adsb_mongo_group is BrokerMetadata(nodeId='coordinator-1', host='kafka', port=9092, rack=None)
2025-07-13 18:58:48,212 - INFO - Discovered coordinator coordinator-1 for group adsb_mongo_group
2025-07-13 18:58:48,219 - INFO - (Re-)joining group adsb_mongo_group
2025-07-13 18:58:48,300 - WARNING - Marking the coordinator dead (node coordinator-1) for group adsb_mongo_group: [Error 16] NotCoordinatorForGroupError.
2025-07-13 18:58:48,438 - INFO - Group coordinator for adsb_mongo_group is BrokerMetadata(nodeId='coordinator-1', host='kafka', port=9092, rack=None)
2025-07-13 18:58:48,442 - INFO - Discovered coordinator coordinator-1 for group adsb_mongo_group
2025-07-13 18:58:48,442 - INFO - (Re-)joining group adsb_mongo_group
2025-07-13 18:58:48,878 - WARNING - Marking the coordinator dead (node coordinator-1) for group adsb_mongo_group: [Error 16] NotCoordinatorForGroupError.
2025-07-13 18:58:50,603 - INFO - Group coordinator for adsb_mongo_group is BrokerMetadata(nodeId='coordinator-1', host='kafka', port=9092, rack=None)
2025-07-13 18:58:50,607 - INFO - Discovered coordinator coordinator-1 for group adsb_mongo_group
2025-07-13 18:58:50,609 - INFO - (Re-)joining group adsb_mongo_group
2025-07-13 18:58:51,369 - WARNING - Marking the coordinator dead (node coordinator-1) for group adsb_mongo_group: [Error 16] NotCoordinatorForGroupError.
2025-07-13 18:58:51,675 - INFO - Group coordinator for adsb_mongo_group is BrokerMetadata(nodeId='coordinator-1', host='kafka', port=9092, rack=None)
2025-07-13 18:58:51,676 - INFO - Discovered coordinator coordinator-1 for group adsb_mongo_group
2025-07-13 18:58:51,698 - INFO - (Re-)joining group adsb_mongo_group
2025-07-13 18:58:51,753 - WARNING - Marking the coordinator dead (node coordinator-1) for group adsb_mongo_group: [Error 16] NotCoordinatorForGroupError.
2025-07-13 18:58:51,908 - INFO - Group coordinator for adsb_mongo_group is BrokerMetadata(nodeId='coordinator-1', host='kafka', port=9092, rack=None)
2025-07-13 18:58:51,918 - INFO - Discovered coordinator coordinator-1 for group adsb_mongo_group
2025-07-13 18:58:52,012 - INFO - (Re-)joining group adsb_mongo_group
2025-07-13 18:58:52,244 - WARNING - Marking the coordinator dead (node coordinator-1) for group adsb_mongo_group: [Error 16] NotCoordinatorForGroupError.
2025-07-13 18:58:52,528 - INFO - Group coordinator for adsb_mongo_group is BrokerMetadata(nodeId='coordinator-1', host='kafka', port=9092, rack=None)
2025-07-13 18:58:52,578 - INFO - Discovered coordinator coordinator-1 for group adsb_mongo_group
2025-07-13 18:58:52,597 - INFO - (Re-)joining group adsb_mongo_group
2025-07-13 18:58:52,867 - WARNING - Marking the coordinator dead (node coordinator-1) for group adsb_mongo_group: [Error 16] NotCoordinatorForGroupError.
2025-07-13 18:58:53,577 - INFO - Group coordinator for adsb_mongo_group is BrokerMetadata(nodeId='coordinator-1', host='kafka', port=9092, rack=None)
2025-07-13 18:58:53,646 - INFO - Discovered coordinator coordinator-1 for group adsb_mongo_group
2025-07-13 18:58:53,819 - INFO - (Re-)joining group adsb_mongo_group
2025-07-13 18:58:54,751 - WARNING - Marking the coordinator dead (node coordinator-1) for group adsb_mongo_group: [Error 16] NotCoordinatorForGroupError.
2025-07-13 18:58:55,721 - INFO - Group coordinator for adsb_mongo_group is BrokerMetadata(nodeId='coordinator-1', host='kafka', port=9092, rack=None)
2025-07-13 18:58:55,770 - INFO - Discovered coordinator coordinator-1 for group adsb_mongo_group
2025-07-13 18:58:55,772 - INFO - (Re-)joining group adsb_mongo_group
2025-07-13 18:58:55,996 - WARNING - Marking the coordinator dead (node coordinator-1) for group adsb_mongo_group: [Error 16] NotCoordinatorForGroupError.
2025-07-13 18:58:57,760 - INFO - Group coordinator for adsb_mongo_group is BrokerMetadata(nodeId='coordinator-1', host='kafka', port=9092, rack=None)
2025-07-13 18:58:57,836 - INFO - Discovered coordinator coordinator-1 for group adsb_mongo_group
2025-07-13 18:58:57,857 - INFO - (Re-)joining group adsb_mongo_group
2025-07-13 18:58:58,394 - WARNING - Marking the coordinator dead (node coordinator-1) for group adsb_mongo_group: [Error 16] NotCoordinatorForGroupError.
2025-07-13 18:58:58,773 - INFO - Group coordinator for adsb_mongo_group is BrokerMetadata(nodeId='coordinator-1', host='kafka', port=9092, rack=None)
2025-07-13 18:58:58,790 - INFO - Discovered coordinator coordinator-1 for group adsb_mongo_group
2025-07-13 18:58:58,790 - INFO - (Re-)joining group adsb_mongo_group
2025-07-13 18:58:59,449 - WARNING - Marking the coordinator dead (node coordinator-1) for group adsb_mongo_group: [Error 16] NotCoordinatorForGroupError.
2025-07-13 18:58:59,820 - INFO - Group coordinator for adsb_mongo_group is BrokerMetadata(nodeId='coordinator-1', host='kafka', port=9092, rack=None)
2025-07-13 18:58:59,821 - INFO - Discovered coordinator coordinator-1 for group adsb_mongo_group
2025-07-13 18:58:59,824 - INFO - (Re-)joining group adsb_mongo_group
2025-07-13 18:59:00,152 - WARNING - Marking the coordinator dead (node coordinator-1) for group adsb_mongo_group: [Error 16] NotCoordinatorForGroupError.
2025-07-13 18:59:00,330 - INFO - Group coordinator for adsb_mongo_group is BrokerMetadata(nodeId='coordinator-1', host='kafka', port=9092, rack=None)
2025-07-13 18:59:00,364 - INFO - Discovered coordinator coordinator-1 for group adsb_mongo_group
2025-07-13 18:59:00,365 - INFO - (Re-)joining group adsb_mongo_group
2025-07-13 18:59:00,384 - WARNING - Marking the coordinator dead (node coordinator-1) for group adsb_mongo_group: [Error 16] NotCoordinatorForGroupError.
2025-07-13 18:59:00,604 - INFO - Group coordinator for adsb_mongo_group is BrokerMetadata(nodeId='coordinator-1', host='kafka', port=9092, rack=None)
2025-07-13 18:59:00,607 - INFO - Discovered coordinator coordinator-1 for group adsb_mongo_group
2025-07-13 18:59:00,608 - INFO - (Re-)joining group adsb_mongo_group
2025-07-13 18:59:00,627 - WARNING - Marking the coordinator dead (node coordinator-1) for group adsb_mongo_group: [Error 16] NotCoordinatorForGroupError.
2025-07-13 18:59:00,747 - INFO - Group coordinator for adsb_mongo_group is BrokerMetadata(nodeId='coordinator-1', host='kafka', port=9092, rack=None)
2025-07-13 18:59:00,748 - INFO - Discovered coordinator coordinator-1 for group adsb_mongo_group
2025-07-13 18:59:00,749 - INFO - (Re-)joining group adsb_mongo_group
2025-07-13 18:59:00,759 - WARNING - Marking the coordinator dead (node coordinator-1) for group adsb_mongo_group: [Error 16] NotCoordinatorForGroupError.
2025-07-13 18:59:01,229 - INFO - Group coordinator for adsb_mongo_group is BrokerMetadata(nodeId='coordinator-1', host='kafka', port=9092, rack=None)
2025-07-13 18:59:01,238 - INFO - Discovered coordinator coordinator-1 for group adsb_mongo_group
2025-07-13 18:59:01,250 - INFO - (Re-)joining group adsb_mongo_group
2025-07-13 18:59:01,306 - WARNING - Marking the coordinator dead (node coordinator-1) for group adsb_mongo_group: [Error 16] NotCoordinatorForGroupError.
2025-07-13 18:59:01,892 - INFO - Group coordinator for adsb_mongo_group is BrokerMetadata(nodeId='coordinator-1', host='kafka', port=9092, rack=None)
2025-07-13 18:59:01,894 - INFO - Discovered coordinator coordinator-1 for group adsb_mongo_group
2025-07-13 18:59:01,894 - INFO - (Re-)joining group adsb_mongo_group
2025-07-13 18:59:02,296 - WARNING - Marking the coordinator dead (node coordinator-1) for group adsb_mongo_group: [Error 16] NotCoordinatorForGroupError.
2025-07-13 18:59:02,618 - INFO - Group coordinator for adsb_mongo_group is BrokerMetadata(nodeId='coordinator-1', host='kafka', port=9092, rack=None)
2025-07-13 18:59:02,619 - INFO - Discovered coordinator coordinator-1 for group adsb_mongo_group
2025-07-13 18:59:02,635 - INFO - (Re-)joining group adsb_mongo_group
2025-07-13 18:59:02,999 - WARNING - Marking the coordinator dead (node coordinator-1) for group adsb_mongo_group: [Error 16] NotCoordinatorForGroupError.
2025-07-13 18:59:03,448 - INFO - Group coordinator for adsb_mongo_group is BrokerMetadata(nodeId='coordinator-1', host='kafka', port=9092, rack=None)
2025-07-13 18:59:03,477 - INFO - Discovered coordinator coordinator-1 for group adsb_mongo_group
2025-07-13 18:59:03,480 - INFO - (Re-)joining group adsb_mongo_group
2025-07-13 18:59:03,498 - WARNING - Marking the coordinator dead (node coordinator-1) for group adsb_mongo_group: [Error 16] NotCoordinatorForGroupError.
2025-07-13 18:59:03,692 - INFO - Group coordinator for adsb_mongo_group is BrokerMetadata(nodeId='coordinator-1', host='kafka', port=9092, rack=None)
2025-07-13 18:59:03,698 - INFO - Discovered coordinator coordinator-1 for group adsb_mongo_group
2025-07-13 18:59:03,699 - INFO - (Re-)joining group adsb_mongo_group
2025-07-13 18:59:04,013 - WARNING - Marking the coordinator dead (node coordinator-1) for group adsb_mongo_group: [Error 16] NotCoordinatorForGroupError.
2025-07-13 18:59:04,355 - INFO - Group coordinator for adsb_mongo_group is BrokerMetadata(nodeId='coordinator-1', host='kafka', port=9092, rack=None)
2025-07-13 18:59:04,367 - INFO - Discovered coordinator coordinator-1 for group adsb_mongo_group
2025-07-13 18:59:04,389 - INFO - (Re-)joining group adsb_mongo_group
2025-07-13 18:59:04,471 - WARNING - Marking the coordinator dead (node coordinator-1) for group adsb_mongo_group: [Error 16] NotCoordinatorForGroupError.
2025-07-13 18:59:04,636 - INFO - Group coordinator for adsb_mongo_group is BrokerMetadata(nodeId='coordinator-1', host='kafka', port=9092, rack=None)
2025-07-13 18:59:04,642 - INFO - Discovered coordinator coordinator-1 for group adsb_mongo_group
2025-07-13 18:59:04,645 - INFO - (Re-)joining group adsb_mongo_group
2025-07-13 18:59:04,742 - WARNING - Marking the coordinator dead (node coordinator-1) for group adsb_mongo_group: [Error 16] NotCoordinatorForGroupError.
2025-07-13 18:59:04,881 - INFO - Group coordinator for adsb_mongo_group is BrokerMetadata(nodeId='coordinator-1', host='kafka', port=9092, rack=None)
2025-07-13 18:59:04,894 - INFO - Discovered coordinator coordinator-1 for group adsb_mongo_group
2025-07-13 18:59:04,895 - INFO - (Re-)joining group adsb_mongo_group
2025-07-13 18:59:04,960 - WARNING - Marking the coordinator dead (node coordinator-1) for group adsb_mongo_group: [Error 16] NotCoordinatorForGroupError.
2025-07-13 18:59:05,686 - INFO - Group coordinator for adsb_mongo_group is BrokerMetadata(nodeId='coordinator-1', host='kafka', port=9092, rack=None)
2025-07-13 18:59:05,689 - INFO - Discovered coordinator coordinator-1 for group adsb_mongo_group
2025-07-13 18:59:05,693 - INFO - (Re-)joining group adsb_mongo_group
2025-07-13 18:59:12,360 - INFO - Successfully joined group adsb_mongo_group with generation 1
2025-07-13 18:59:12,363 - INFO - Updated partition assignment: [TopicPartition(topic='adsb.aeronaves', partition=1)]
2025-07-13 18:59:12,366 - INFO - Setting newly assigned partitions {TopicPartition(topic='adsb.aeronaves', partition=1)} for group adsb_mongo_group
2025-07-13 19:00:45,417 - INFO - consumidor_mongo2***Latencia_mensajeria***2841.8619632720947***ms
2025-07-13 19:00:53,296 - INFO - consumidor_mongo2:192 aeronaves insertadas en la colección 202507131900.
2025-07-13 19:00:53,300 - INFO - consumidor_mongo2***Latencia_ConsumidorMongo***7882.8442096710205***ms
2025-07-13 19:00:53,541 - INFO - consumidor_mongo2***Latencia_mensajeria***10917.517185211182***ms
2025-07-13 19:01:07,766 - INFO - consumidor_mongo2:190 aeronaves insertadas en la colección 202507131900.
2025-07-13 19:01:07,767 - INFO - consumidor_mongo2***Latencia_ConsumidorMongo***14225.876569747925***ms
2025-07-13 19:01:07,773 - INFO - consumidor_mongo2***Latencia_mensajeria***25097.30839729309***ms
2025-07-13 19:01:19,997 - INFO - consumidor_mongo2:193 aeronaves insertadas en la colección 202507131900.
2025-07-13 19:01:20,013 - INFO - consumidor_mongo2***Latencia_ConsumidorMongo***12239.929676055908***ms
2025-07-13 19:01:20,250 - INFO - consumidor_mongo2***Latencia_mensajeria***18243.765830993652***ms
2025-07-13 19:01:29,195 - INFO - consumidor_mongo2:188 aeronaves insertadas en la colección 202507131900.
2025-07-13 19:01:29,197 - INFO - consumidor_mongo2***Latencia_ConsumidorMongo***8946.674585342407***ms
2025-07-13 19:01:29,201 - INFO - consumidor_mongo2***Latencia_mensajeria***26109.60364341736***ms
2025-07-13 19:01:40,640 - INFO - consumidor_mongo2:182 aeronaves insertadas en la colección 202507131900.
2025-07-13 19:01:40,642 - INFO - consumidor_mongo2***Latencia_ConsumidorMongo***11441.636800765991***ms
2025-07-13 19:01:40,646 - INFO - consumidor_mongo2***Latencia_mensajeria***30311.723232269287***ms
2025-07-13 19:01:48,377 - INFO - consumidor_mongo2:187 aeronaves insertadas en la colección 202507131900.
2025-07-13 19:01:48,379 - INFO - consumidor_mongo2***Latencia_ConsumidorMongo***7733.153581619263***ms
2025-07-13 19:01:48,382 - INFO - consumidor_mongo2***Latencia_mensajeria***35905.64799308777***ms
2025-07-13 19:01:56,985 - INFO - consumidor_mongo2:190 aeronaves insertadas en la colección 202507131900.
2025-07-13 19:01:56,987 - INFO - consumidor_mongo2***Latencia_ConsumidorMongo***8604.768514633179***ms
2025-07-13 19:01:57,117 - INFO - consumidor_mongo2***Latencia_mensajeria***36501.58071517944***ms
2025-07-13 19:02:01,123 - INFO - consumidor_mongo2:188 aeronaves insertadas en la colección 202507131900.
2025-07-13 19:02:01,124 - INFO - consumidor_mongo2***Latencia_ConsumidorMongo***4007.0745944976807***ms
2025-07-13 19:02:01,125 - INFO - consumidor_mongo2***Latencia_mensajeria***31253.65662574768***ms
2025-07-13 19:02:05,946 - INFO - consumidor_mongo2:189 aeronaves insertadas en la colección 202507131900.
2025-07-13 19:02:05,947 - INFO - consumidor_mongo2***Latencia_ConsumidorMongo***4822.2856521606445***ms
2025-07-13 19:02:05,948 - INFO - consumidor_mongo2***Latencia_mensajeria***34574.26142692566***ms
2025-07-13 19:02:10,034 - INFO - consumidor_mongo2:184 aeronaves insertadas en la colección 202507131900.
2025-07-13 19:02:10,050 - INFO - consumidor_mongo2***Latencia_ConsumidorMongo***4102.2374629974365***ms
2025-07-13 19:02:10,053 - INFO - consumidor_mongo2***Latencia_mensajeria***37226.61113739014***ms
2025-07-13 19:02:13,210 - INFO - consumidor_mongo2:187 aeronaves insertadas en la colección 202507131900.
2025-07-13 19:02:13,211 - INFO - consumidor_mongo2***Latencia_ConsumidorMongo***3159.72900390625***ms
2025-07-13 19:02:13,213 - INFO - consumidor_mongo2***Latencia_mensajeria***40145.51019668579***ms
2025-07-13 19:02:13,968 - INFO - consumidor_mongo2:69 aeronaves insertadas en la colección 202507131900.
2025-07-13 19:02:13,971 - INFO - consumidor_mongo2***Latencia_ConsumidorMongo***757.6160430908203***ms
2025-07-13 19:02:13,971 - INFO - consumidor_mongo2***Latencia_mensajeria***33322.604179382324***ms
2025-07-13 19:02:16,171 - INFO - consumidor_mongo2:187 aeronaves insertadas en la colección 202507131900.
2025-07-13 19:02:16,172 - INFO - consumidor_mongo2***Latencia_ConsumidorMongo***2200.090169906616***ms
2025-07-13 19:02:16,172 - INFO - consumidor_mongo2***Latencia_mensajeria***34917.784214019775***ms
2025-07-13 19:02:17,354 - INFO - consumidor_mongo2:193 aeronaves insertadas en la colección 202507131900.
2025-07-13 19:02:17,356 - INFO - consumidor_mongo2***Latencia_ConsumidorMongo***1183.5894584655762***ms
2025-07-13 19:02:17,356 - INFO - consumidor_mongo2***Latencia_mensajeria***24562.990427017212***ms
2025-07-13 19:02:18,055 - INFO - consumidor_mongo2:184 aeronaves insertadas en la colección 202507131900.
2025-07-13 19:02:18,058 - INFO - consumidor_mongo2***Latencia_ConsumidorMongo***701.3895511627197***ms
2025-07-13 19:02:18,117 - INFO - consumidor_mongo2***Latencia_mensajeria***7786.919355392456***ms
2025-07-13 19:02:19,387 - INFO - consumidor_mongo2:188 aeronaves insertadas en la colección 202507131900.
2025-07-13 19:02:19,387 - INFO - consumidor_mongo2***Latencia_ConsumidorMongo***1270.4756259918213***ms
2025-07-13 19:02:21,481 - INFO - consumidor_mongo2***Latencia_mensajeria***1190.7134056091309***ms
2025-07-13 19:02:27,777 - INFO - consumidor_mongo2:183 aeronaves insertadas en la colección 202507131900.
2025-07-13 19:02:27,778 - INFO - consumidor_mongo2***Latencia_ConsumidorMongo***6297.682762145996***ms
2025-07-13 19:02:33,338 - INFO - consumidor_mongo2***Latencia_mensajeria***3147.908926010132***ms
2025-07-13 19:02:40,245 - INFO - consumidor_mongo2:192 aeronaves insertadas en la colección 202507131900.
2025-07-13 19:02:40,246 - INFO - consumidor_mongo2***Latencia_ConsumidorMongo***6908.03599357605***ms
2025-07-13 19:02:40,277 - INFO - consumidor_mongo2***Latencia_mensajeria***10014.350414276123***ms
2025-07-13 19:02:43,703 - INFO - consumidor_mongo2:181 aeronaves insertadas en la colección 202507131900.
2025-07-13 19:02:43,704 - INFO - consumidor_mongo2***Latencia_ConsumidorMongo***3426.5458583831787***ms
2025-07-13 19:02:43,705 - INFO - consumidor_mongo2***Latencia_mensajeria***13411.346912384033***ms
2025-07-13 19:02:48,108 - INFO - consumidor_mongo2:186 aeronaves insertadas en la colección 202507131900.
2025-07-13 19:02:48,110 - INFO - consumidor_mongo2***Latencia_ConsumidorMongo***4404.717445373535***ms
2025-07-13 19:02:48,111 - INFO - consumidor_mongo2***Latencia_mensajeria***17493.656635284424***ms
2025-07-13 19:02:49,193 - INFO - consumidor_mongo2:184 aeronaves insertadas en la colección 202507131900.
2025-07-13 19:02:49,194 - INFO - consumidor_mongo2***Latencia_ConsumidorMongo***1083.130121231079***ms
2025-07-13 19:02:49,195 - INFO - consumidor_mongo2***Latencia_mensajeria***18472.095489501953***ms
2025-07-13 19:02:51,665 - INFO - consumidor_mongo2:173 aeronaves insertadas en la colección 202507131900.
2025-07-13 19:02:51,668 - INFO - consumidor_mongo2***Latencia_ConsumidorMongo***2473.0231761932373***ms
2025-07-13 19:02:51,726 - INFO - consumidor_mongo2***Latencia_mensajeria***11571.335554122925***ms
2025-07-13 19:02:53,951 - INFO - consumidor_mongo2:178 aeronaves insertadas en la colección 202507131900.
2025-07-13 19:02:53,952 - INFO - consumidor_mongo2***Latencia_ConsumidorMongo***2225.733995437622***ms
2025-07-13 19:02:53,953 - INFO - consumidor_mongo2***Latencia_mensajeria***4110.173940658569***ms
2025-07-13 19:02:55,745 - INFO - consumidor_mongo2:186 aeronaves insertadas en la colección 202507131900.
2025-07-13 19:02:55,746 - INFO - consumidor_mongo2***Latencia_ConsumidorMongo***1793.065071105957***ms
2025-07-13 19:02:55,774 - INFO - consumidor_mongo2***Latencia_mensajeria***5663.380146026611***ms
2025-07-13 19:02:58,211 - INFO - consumidor_mongo2:184 aeronaves insertadas en la colección 202507131900.
2025-07-13 19:02:58,214 - INFO - consumidor_mongo2***Latencia_ConsumidorMongo***2440.237283706665***ms
2025-07-13 19:02:58,215 - INFO - consumidor_mongo2***Latencia_mensajeria***7888.3209228515625***ms
2025-07-13 19:02:59,841 - INFO - consumidor_mongo2:191 aeronaves insertadas en la colección 202507131900.
2025-07-13 19:02:59,841 - INFO - consumidor_mongo2***Latencia_ConsumidorMongo***1626.3563632965088***ms
2025-07-13 19:03:00,818 - INFO - consumidor_mongo2***Latencia_mensajeria***958.0612182617188***ms
2025-07-13 19:03:04,235 - INFO - consumidor_mongo2:189 aeronaves insertadas en la colección 202507131900.
2025-07-13 19:03:04,240 - INFO - consumidor_mongo2***Latencia_ConsumidorMongo***3421.781063079834***ms
2025-07-13 19:03:04,296 - INFO - consumidor_mongo2***Latencia_mensajeria***4101.006746292114***ms
2025-07-13 19:03:05,539 - INFO - consumidor_mongo2:184 aeronaves insertadas en la colección 202507131900.
2025-07-13 19:03:05,540 - INFO - consumidor_mongo2***Latencia_ConsumidorMongo***1244.4648742675781***ms
2025-07-13 19:03:05,543 - INFO - consumidor_mongo2***Latencia_mensajeria***5110.0475788116455***ms
2025-07-13 19:03:08,331 - INFO - consumidor_mongo2:183 aeronaves insertadas en la colección 202507131900.
2025-07-13 19:03:08,334 - INFO - consumidor_mongo2***Latencia_ConsumidorMongo***2790.6486988067627***ms
2025-07-13 19:03:08,335 - INFO - consumidor_mongo2***Latencia_mensajeria***7714.1618728637695***ms
2025-07-13 19:03:12,912 - INFO - consumidor_mongo2:190 aeronaves insertadas en la colección 202507131900.
2025-07-13 19:03:12,916 - INFO - consumidor_mongo2***Latencia_ConsumidorMongo***4580.556869506836***ms
2025-07-13 19:03:12,951 - INFO - consumidor_mongo2***Latencia_mensajeria***3065.7804012298584***ms
2025-07-13 19:03:16,828 - INFO - consumidor_mongo2:180 aeronaves insertadas en la colección 202507131900.
2025-07-13 19:03:16,834 - INFO - consumidor_mongo2***Latencia_ConsumidorMongo***3882.871389389038***ms
2025-07-13 19:03:16,865 - INFO - consumidor_mongo2***Latencia_mensajeria***6831.2623500823975***ms
2025-07-13 19:03:26,669 - INFO - consumidor_mongo2:184 aeronaves insertadas en la colección 202507131900.
2025-07-13 19:03:26,672 - INFO - consumidor_mongo2***Latencia_ConsumidorMongo***9806.846141815186***ms
2025-07-13 19:03:26,675 - INFO - consumidor_mongo2***Latencia_mensajeria***16157.584190368652***ms
2025-07-13 19:03:30,109 - INFO - consumidor_mongo2:179 aeronaves insertadas en la colección 202507131900.
2025-07-13 19:03:30,112 - INFO - consumidor_mongo2***Latencia_ConsumidorMongo***3436.976432800293***ms
2025-07-13 19:03:30,113 - INFO - consumidor_mongo2***Latencia_mensajeria***19430.690050125122***ms
2025-07-13 19:03:34,211 - INFO - consumidor_mongo2:182 aeronaves insertadas en la colección 202507131900.
2025-07-13 19:03:34,213 - INFO - consumidor_mongo2***Latencia_ConsumidorMongo***4100.457429885864***ms
2025-07-13 19:03:34,286 - INFO - consumidor_mongo2***Latencia_mensajeria***14405.622959136963***ms
2025-07-13 19:03:37,260 - INFO - consumidor_mongo2:182 aeronaves insertadas en la colección 202507131900.
2025-07-13 19:03:37,261 - INFO - consumidor_mongo2***Latencia_ConsumidorMongo***2975.1107692718506***ms
2025-07-13 19:03:37,265 - INFO - consumidor_mongo2***Latencia_mensajeria***13057.535886764526***ms
2025-07-13 19:03:41,197 - INFO - consumidor_mongo2:185 aeronaves insertadas en la colección 202507131900.
2025-07-13 19:03:41,199 - INFO - consumidor_mongo2***Latencia_ConsumidorMongo***3934.0929985046387***ms
2025-07-13 19:03:41,201 - INFO - consumidor_mongo2***Latencia_mensajeria***14527.32229232788***ms
2025-07-13 19:03:44,960 - INFO - consumidor_mongo2:185 aeronaves insertadas en la colección 202507131900.
2025-07-13 19:03:44,963 - INFO - consumidor_mongo2***Latencia_ConsumidorMongo***3762.6829147338867***ms
2025-07-13 19:03:44,967 - INFO - consumidor_mongo2***Latencia_mensajeria***17977.571487426758***ms
2025-07-13 19:03:47,121 - INFO - consumidor_mongo2:183 aeronaves insertadas en la colección 202507131900.
2025-07-13 19:03:47,122 - INFO - consumidor_mongo2***Latencia_ConsumidorMongo***2155.853748321533***ms
2025-07-13 19:03:47,123 - INFO - consumidor_mongo2***Latencia_mensajeria***17079.641580581665***ms
2025-07-13 19:03:48,280 - INFO - consumidor_mongo2:184 aeronaves insertadas en la colección 202507131900.
2025-07-13 19:03:48,282 - INFO - consumidor_mongo2***Latencia_ConsumidorMongo***1158.4744453430176***ms
2025-07-13 19:03:48,283 - INFO - consumidor_mongo2***Latencia_mensajeria***18196.25449180603***ms
2025-07-13 19:03:50,795 - INFO - consumidor_mongo2:183 aeronaves insertadas en la colección 202507131900.
2025-07-13 19:03:50,796 - INFO - consumidor_mongo2***Latencia_ConsumidorMongo***2512.7575397491455***ms
2025-07-13 19:03:50,821 - INFO - consumidor_mongo2***Latencia_mensajeria***10439.932584762573***ms
2025-07-13 19:03:53,823 - INFO - consumidor_mongo2:186 aeronaves insertadas en la colección 202507131900.
2025-07-13 19:03:53,826 - INFO - consumidor_mongo2***Latencia_ConsumidorMongo***3004.9540996551514***ms
2025-07-13 19:03:53,827 - INFO - consumidor_mongo2***Latencia_mensajeria***13385.706901550293***ms
2025-07-13 19:03:57,102 - INFO - consumidor_mongo2:182 aeronaves insertadas en la colección 202507131900.
2025-07-13 19:03:57,104 - INFO - consumidor_mongo2***Latencia_ConsumidorMongo***3276.4971256256104***ms
2025-07-13 19:03:57,162 - INFO - consumidor_mongo2***Latencia_mensajeria***7307.980298995972***ms
2025-07-13 19:04:01,148 - INFO - consumidor_mongo2:180 aeronaves insertadas en la colección 202507131900.
2025-07-13 19:04:01,149 - INFO - consumidor_mongo2***Latencia_ConsumidorMongo***3987.375259399414***ms
2025-07-13 19:04:01,150 - INFO - consumidor_mongo2***Latencia_mensajeria***10538.716077804565***ms
2025-07-13 19:04:04,265 - INFO - consumidor_mongo2:189 aeronaves insertadas en la colección 202507131900.
2025-07-13 19:04:04,270 - INFO - consumidor_mongo2***Latencia_ConsumidorMongo***3120.147466659546***ms
2025-07-13 19:04:04,309 - INFO - consumidor_mongo2***Latencia_mensajeria***4029.116153717041***ms
2025-07-13 19:04:05,600 - INFO - consumidor_mongo2:183 aeronaves insertadas en la colección 202507131900.
2025-07-13 19:04:05,602 - INFO - consumidor_mongo2***Latencia_ConsumidorMongo***1292.3431396484375***ms
2025-07-13 19:04:05,603 - INFO - consumidor_mongo2***Latencia_mensajeria***4716.785669326782***ms
2025-07-13 19:04:06,088 - INFO - consumidor_mongo2:73 aeronaves insertadas en la colección 202507131900.
2025-07-13 19:04:06,089 - INFO - consumidor_mongo2***Latencia_ConsumidorMongo***486.15312576293945***ms
2025-07-13 19:04:13,168 - INFO - Fetch offset 46 is out of range for topic-partition TopicPartition(topic='adsb.aeronaves', partition=1)
2025-07-13 19:04:13,260 - INFO - consumidor_mongo2***Latencia_mensajeria***3382.2455406188965***ms
2025-07-13 19:04:14,814 - INFO - consumidor_mongo2:180 aeronaves insertadas en la colección 202507131900.
2025-07-13 19:04:14,815 - INFO - consumidor_mongo2***Latencia_ConsumidorMongo***1555.1350116729736***ms
2025-07-13 19:04:15,086 - INFO - consumidor_mongo2***Latencia_mensajeria***4460.8283042907715***ms
2025-07-13 19:04:16,940 - INFO - consumidor_mongo2:184 aeronaves insertadas en la colección 202507131900.
2025-07-13 19:04:16,942 - INFO - consumidor_mongo2***Latencia_ConsumidorMongo***1855.997085571289***ms
2025-07-13 19:04:21,293 - INFO - consumidor_mongo2***Latencia_mensajeria***1021.7490196228027***ms
2025-07-13 19:04:22,838 - INFO - consumidor_mongo2:183 aeronaves insertadas en la colección 202507131900.
2025-07-13 19:04:22,844 - INFO - consumidor_mongo2***Latencia_ConsumidorMongo***1550.6460666656494***ms
2025-07-13 19:04:31,711 - INFO - consumidor_mongo2***Latencia_mensajeria***1809.53049659729***ms
