2025-07-13 18:57:52,708 - INFO - <BrokerConnection node_id=bootstrap-0 host=kafka:9092 <connecting> [IPv4 ('172.18.0.4', 9092)]>: connecting to kafka:9092 [('172.18.0.4', 9092) IPv4]
2025-07-13 18:57:52,740 - INFO - Probing node bootstrap-0 broker version
2025-07-13 18:57:52,749 - INFO - <BrokerConnection node_id=bootstrap-0 host=kafka:9092 <connecting> [IPv4 ('172.18.0.4', 9092)]>: Connection complete.
2025-07-13 18:57:53,003 - INFO - Broker version identified as 2.5.0
2025-07-13 18:57:53,016 - INFO - Set configuration api_version=(2, 5, 0) to skip auto check_version requests on startup
2025-07-13 18:59:49,629 - INFO - productor: Datos cargados desde /app/data/aeronaves_completo.json.
2025-07-13 19:00:29,920 - INFO - productor: Enviadas 19 aeronaves al topic 'adsb.aeronaves'.
2025-07-13 19:00:29,968 - INFO - <BrokerConnection node_id=1 host=kafka:9092 <connecting> [IPv4 ('172.18.0.4', 9092)]>: connecting to kafka:9092 [('172.18.0.4', 9092) IPv4]
2025-07-13 19:00:29,971 - INFO - <BrokerConnection node_id=1 host=kafka:9092 <connecting> [IPv4 ('172.18.0.4', 9092)]>: Connection complete.
2025-07-13 19:00:29,975 - INFO - <BrokerConnection node_id=bootstrap-0 host=kafka:9092 <connected> [IPv4 ('172.18.0.4', 9092)]>: Closing connection. 
2025-07-13 19:00:39,923 - INFO - productor: Enviadas 200 aeronaves al topic 'adsb.aeronaves'.
2025-07-13 19:00:39,939 - INFO - productor: Enviadas 200 aeronaves al topic 'adsb.aeronaves'.
2025-07-13 19:00:41,814 - INFO - productor: Enviadas 200 aeronaves al topic 'adsb.aeronaves'.
2025-07-13 19:00:42,111 - INFO - productor: Enviadas 200 aeronaves al topic 'adsb.aeronaves'.
2025-07-13 19:00:42,141 - INFO - productor: Enviadas 200 aeronaves al topic 'adsb.aeronaves'.
2025-07-13 19:00:42,161 - INFO - productor: Enviadas 200 aeronaves al topic 'adsb.aeronaves'.
2025-07-13 19:00:42,266 - INFO - productor: Enviadas 200 aeronaves al topic 'adsb.aeronaves'.
2025-07-13 19:00:42,311 - INFO - productor: Enviadas 200 aeronaves al topic 'adsb.aeronaves'.
2025-07-13 19:00:42,335 - INFO - productor: Enviadas 200 aeronaves al topic 'adsb.aeronaves'.
2025-07-13 19:00:42,523 - INFO - productor: Enviadas 200 aeronaves al topic 'adsb.aeronaves'.
2025-07-13 19:00:42,601 - INFO - productor: Enviadas 200 aeronaves al topic 'adsb.aeronaves'.
2025-07-13 19:00:42,658 - INFO - productor: Enviadas 200 aeronaves al topic 'adsb.aeronaves'.
2025-07-13 19:00:42,697 - INFO - productor: Enviadas 200 aeronaves al topic 'adsb.aeronaves'.
2025-07-13 19:00:43,022 - INFO - productor: Enviadas 200 aeronaves al topic 'adsb.aeronaves'.
2025-07-13 19:00:43,288 - INFO - productor: Enviadas 61 aeronaves al topic 'adsb.aeronaves'.
2025-07-13 19:00:49,804 - INFO - productor: Enviadas 200 aeronaves al topic 'adsb.aeronaves'.
2025-07-13 19:00:49,984 - INFO - productor: Enviadas 200 aeronaves al topic 'adsb.aeronaves'.
2025-07-13 19:00:50,159 - INFO - productor: Enviadas 200 aeronaves al topic 'adsb.aeronaves'.
2025-07-13 19:00:50,338 - INFO - productor: Enviadas 200 aeronaves al topic 'adsb.aeronaves'.
2025-07-13 19:00:50,519 - INFO - productor: Enviadas 200 aeronaves al topic 'adsb.aeronaves'.
2025-07-13 19:00:50,553 - INFO - productor: Enviadas 200 aeronaves al topic 'adsb.aeronaves'.
2025-07-13 19:00:50,607 - INFO - productor: Enviadas 200 aeronaves al topic 'adsb.aeronaves'.
2025-07-13 19:00:50,630 - INFO - productor: Enviadas 200 aeronaves al topic 'adsb.aeronaves'.
2025-07-13 19:00:50,660 - INFO - productor: Enviadas 200 aeronaves al topic 'adsb.aeronaves'.
2025-07-13 19:00:50,759 - INFO - productor: Enviadas 200 aeronaves al topic 'adsb.aeronaves'.
2025-07-13 19:00:50,823 - INFO - productor: Enviadas 200 aeronaves al topic 'adsb.aeronaves'.
2025-07-13 19:00:50,880 - INFO - productor: Enviadas 200 aeronaves al topic 'adsb.aeronaves'.
2025-07-13 19:00:50,953 - INFO - productor: Enviadas 200 aeronaves al topic 'adsb.aeronaves'.
2025-07-13 19:00:51,201 - INFO - productor: Enviadas 200 aeronaves al topic 'adsb.aeronaves'.
2025-07-13 19:00:51,287 - INFO - productor: Enviadas 145 aeronaves al topic 'adsb.aeronaves'.
2025-07-13 19:01:00,488 - INFO - productor: Enviadas 200 aeronaves al topic 'adsb.aeronaves'.
2025-07-13 19:01:00,802 - INFO - productor: Enviadas 200 aeronaves al topic 'adsb.aeronaves'.
2025-07-13 19:01:00,844 - INFO - productor: Enviadas 200 aeronaves al topic 'adsb.aeronaves'.
2025-07-13 19:01:01,033 - INFO - productor: Enviadas 200 aeronaves al topic 'adsb.aeronaves'.
2025-07-13 19:01:01,358 - INFO - productor: Enviadas 200 aeronaves al topic 'adsb.aeronaves'.
2025-07-13 19:01:01,588 - INFO - productor: Enviadas 200 aeronaves al topic 'adsb.aeronaves'.
2025-07-13 19:01:01,653 - INFO - productor: Enviadas 200 aeronaves al topic 'adsb.aeronaves'.
2025-07-13 19:01:01,782 - INFO - productor: Enviadas 200 aeronaves al topic 'adsb.aeronaves'.
2025-07-13 19:01:01,837 - INFO - productor: Enviadas 200 aeronaves al topic 'adsb.aeronaves'.
2025-07-13 19:01:01,854 - INFO - productor: Enviadas 200 aeronaves al topic 'adsb.aeronaves'.
2025-07-13 19:01:01,947 - INFO - productor: Enviadas 200 aeronaves al topic 'adsb.aeronaves'.
2025-07-13 19:01:02,002 - INFO - productor: Enviadas 200 aeronaves al topic 'adsb.aeronaves'.
2025-07-13 19:01:02,257 - INFO - productor: Enviadas 200 aeronaves al topic 'adsb.aeronaves'.
2025-07-13 19:01:03,088 - INFO - productor: Enviadas 200 aeronaves al topic 'adsb.aeronaves'.
2025-07-13 19:01:03,285 - INFO - productor: Enviadas 190 aeronaves al topic 'adsb.aeronaves'.
2025-07-13 19:01:10,232 - INFO - productor: Enviadas 200 aeronaves al topic 'adsb.aeronaves'.
2025-07-13 19:01:10,333 - INFO - productor: Enviadas 200 aeronaves al topic 'adsb.aeronaves'.
2025-07-13 19:01:10,379 - INFO - productor: Enviadas 200 aeronaves al topic 'adsb.aeronaves'.
2025-07-13 19:01:10,946 - INFO - productor: Enviadas 200 aeronaves al topic 'adsb.aeronaves'.
2025-07-13 19:01:11,277 - INFO - productor: Enviadas 200 aeronaves al topic 'adsb.aeronaves'.
2025-07-13 19:01:11,555 - INFO - productor: Enviadas 200 aeronaves al topic 'adsb.aeronaves'.
2025-07-13 19:01:11,630 - INFO - productor: Enviadas 200 aeronaves al topic 'adsb.aeronaves'.
2025-07-13 19:01:11,963 - INFO - productor: Enviadas 200 aeronaves al topic 'adsb.aeronaves'.
2025-07-13 19:01:12,236 - INFO - productor: Enviadas 200 aeronaves al topic 'adsb.aeronaves'.
2025-07-13 19:01:12,305 - INFO - productor: Enviadas 200 aeronaves al topic 'adsb.aeronaves'.
2025-07-13 19:01:12,894 - INFO - productor: Enviadas 200 aeronaves al topic 'adsb.aeronaves'.
2025-07-13 19:01:12,921 - INFO - productor: Enviadas 200 aeronaves al topic 'adsb.aeronaves'.
2025-07-13 19:01:12,946 - INFO - productor: Enviadas 200 aeronaves al topic 'adsb.aeronaves'.
2025-07-13 19:01:13,009 - INFO - productor: Enviadas 200 aeronaves al topic 'adsb.aeronaves'.
2025-07-13 19:01:14,656 - INFO - productor: Enviadas 200 aeronaves al topic 'adsb.aeronaves'.
2025-07-13 19:01:15,951 - INFO - productor: Enviadas 25 aeronaves al topic 'adsb.aeronaves'.
2025-07-13 19:01:19,885 - INFO - productor: Enviadas 200 aeronaves al topic 'adsb.aeronaves'.
2025-07-13 19:01:19,918 - INFO - productor: Enviadas 200 aeronaves al topic 'adsb.aeronaves'.
2025-07-13 19:01:20,024 - INFO - productor: Enviadas 200 aeronaves al topic 'adsb.aeronaves'.
2025-07-13 19:01:20,190 - INFO - productor: Enviadas 200 aeronaves al topic 'adsb.aeronaves'.
2025-07-13 19:01:20,235 - INFO - productor: Enviadas 200 aeronaves al topic 'adsb.aeronaves'.
2025-07-13 19:01:20,284 - INFO - productor: Enviadas 200 aeronaves al topic 'adsb.aeronaves'.
2025-07-13 19:01:20,415 - INFO - productor: Enviadas 200 aeronaves al topic 'adsb.aeronaves'.
2025-07-13 19:01:20,612 - INFO - productor: Enviadas 200 aeronaves al topic 'adsb.aeronaves'.
2025-07-13 19:01:20,656 - INFO - productor: Enviadas 200 aeronaves al topic 'adsb.aeronaves'.
2025-07-13 19:01:20,728 - INFO - productor: Enviadas 200 aeronaves al topic 'adsb.aeronaves'.
2025-07-13 19:01:20,828 - INFO - productor: Enviadas 200 aeronaves al topic 'adsb.aeronaves'.
2025-07-13 19:01:20,908 - INFO - productor: Enviadas 200 aeronaves al topic 'adsb.aeronaves'.
2025-07-13 19:01:21,149 - INFO - productor: Enviadas 200 aeronaves al topic 'adsb.aeronaves'.
2025-07-13 19:01:21,185 - INFO - productor: Enviadas 200 aeronaves al topic 'adsb.aeronaves'.
2025-07-13 19:01:21,346 - INFO - productor: Enviadas 200 aeronaves al topic 'adsb.aeronaves'.
2025-07-13 19:01:21,385 - INFO - productor: Enviadas 54 aeronaves al topic 'adsb.aeronaves'.
2025-07-13 19:01:29,813 - INFO - productor: Enviadas 200 aeronaves al topic 'adsb.aeronaves'.
2025-07-13 19:01:30,018 - INFO - productor: Enviadas 200 aeronaves al topic 'adsb.aeronaves'.
2025-07-13 19:01:30,958 - INFO - productor: Enviadas 200 aeronaves al topic 'adsb.aeronaves'.
2025-07-13 19:01:31,209 - INFO - productor: Enviadas 200 aeronaves al topic 'adsb.aeronaves'.
2025-07-13 19:01:31,283 - INFO - productor: Enviadas 200 aeronaves al topic 'adsb.aeronaves'.
2025-07-13 19:01:31,337 - INFO - productor: Enviadas 200 aeronaves al topic 'adsb.aeronaves'.
2025-07-13 19:01:31,360 - INFO - productor: Enviadas 200 aeronaves al topic 'adsb.aeronaves'.
2025-07-13 19:01:31,500 - INFO - productor: Enviadas 200 aeronaves al topic 'adsb.aeronaves'.
2025-07-13 19:01:31,541 - INFO - productor: Enviadas 200 aeronaves al topic 'adsb.aeronaves'.
2025-07-13 19:01:31,743 - INFO - productor: Enviadas 200 aeronaves al topic 'adsb.aeronaves'.
2025-07-13 19:01:32,689 - INFO - productor: Enviadas 200 aeronaves al topic 'adsb.aeronaves'.
2025-07-13 19:01:32,744 - INFO - productor: Enviadas 200 aeronaves al topic 'adsb.aeronaves'.
2025-07-13 19:01:32,818 - INFO - productor: Enviadas 200 aeronaves al topic 'adsb.aeronaves'.
2025-07-13 19:01:32,841 - INFO - productor: Enviadas 200 aeronaves al topic 'adsb.aeronaves'.
2025-07-13 19:01:33,021 - INFO - productor: Enviadas 200 aeronaves al topic 'adsb.aeronaves'.
2025-07-13 19:01:33,072 - INFO - productor: Enviadas 73 aeronaves al topic 'adsb.aeronaves'.
2025-07-13 19:01:40,531 - INFO - productor: Enviadas 200 aeronaves al topic 'adsb.aeronaves'.
2025-07-13 19:01:40,627 - INFO - productor: Enviadas 200 aeronaves al topic 'adsb.aeronaves'.
2025-07-13 19:01:40,689 - INFO - productor: Enviadas 200 aeronaves al topic 'adsb.aeronaves'.
2025-07-13 19:01:40,880 - INFO - productor: Enviadas 200 aeronaves al topic 'adsb.aeronaves'.
2025-07-13 19:01:41,180 - INFO - productor: Enviadas 200 aeronaves al topic 'adsb.aeronaves'.
2025-07-13 19:01:41,225 - INFO - productor: Enviadas 200 aeronaves al topic 'adsb.aeronaves'.
2025-07-13 19:01:41,246 - INFO - productor: Enviadas 200 aeronaves al topic 'adsb.aeronaves'.
2025-07-13 19:01:41,269 - INFO - productor: Enviadas 200 aeronaves al topic 'adsb.aeronaves'.
2025-07-13 19:01:41,369 - INFO - productor: Enviadas 200 aeronaves al topic 'adsb.aeronaves'.
2025-07-13 19:01:41,489 - INFO - productor: Enviadas 200 aeronaves al topic 'adsb.aeronaves'.
2025-07-13 19:01:41,531 - INFO - productor: Enviadas 200 aeronaves al topic 'adsb.aeronaves'.
2025-07-13 19:01:41,596 - INFO - productor: Enviadas 200 aeronaves al topic 'adsb.aeronaves'.
2025-07-13 19:01:41,668 - INFO - productor: Enviadas 200 aeronaves al topic 'adsb.aeronaves'.
2025-07-13 19:01:41,727 - INFO - productor: Enviadas 200 aeronaves al topic 'adsb.aeronaves'.
2025-07-13 19:01:41,858 - INFO - productor: Enviadas 200 aeronaves al topic 'adsb.aeronaves'.
2025-07-13 19:01:41,950 - INFO - productor: Enviadas 88 aeronaves al topic 'adsb.aeronaves'.
2025-07-13 19:01:50,298 - INFO - productor: Enviadas 200 aeronaves al topic 'adsb.aeronaves'.
2025-07-13 19:01:50,599 - INFO - productor: Enviadas 200 aeronaves al topic 'adsb.aeronaves'.
2025-07-13 19:01:51,106 - INFO - productor: Enviadas 200 aeronaves al topic 'adsb.aeronaves'.
2025-07-13 19:01:51,374 - INFO - productor: Enviadas 200 aeronaves al topic 'adsb.aeronaves'.
2025-07-13 19:01:52,143 - INFO - productor: Enviadas 200 aeronaves al topic 'adsb.aeronaves'.
2025-07-13 19:01:52,467 - INFO - productor: Enviadas 200 aeronaves al topic 'adsb.aeronaves'.
2025-07-13 19:01:52,774 - INFO - productor: Enviadas 200 aeronaves al topic 'adsb.aeronaves'.
2025-07-13 19:01:52,875 - INFO - productor: Enviadas 200 aeronaves al topic 'adsb.aeronaves'.
2025-07-13 19:01:52,900 - INFO - productor: Enviadas 200 aeronaves al topic 'adsb.aeronaves'.
2025-07-13 19:01:52,923 - INFO - productor: Enviadas 200 aeronaves al topic 'adsb.aeronaves'.
2025-07-13 19:01:53,022 - INFO - productor: Enviadas 200 aeronaves al topic 'adsb.aeronaves'.
2025-07-13 19:01:53,059 - INFO - productor: Enviadas 200 aeronaves al topic 'adsb.aeronaves'.
2025-07-13 19:01:53,145 - INFO - productor: Enviadas 200 aeronaves al topic 'adsb.aeronaves'.
2025-07-13 19:01:53,210 - INFO - productor: Enviadas 200 aeronaves al topic 'adsb.aeronaves'.
2025-07-13 19:01:53,278 - INFO - productor: Enviadas 200 aeronaves al topic 'adsb.aeronaves'.
2025-07-13 19:01:53,349 - INFO - productor: Enviadas 107 aeronaves al topic 'adsb.aeronaves'.
2025-07-13 19:01:59,805 - INFO - productor: Enviadas 200 aeronaves al topic 'adsb.aeronaves'.
2025-07-13 19:02:00,078 - INFO - productor: Enviadas 200 aeronaves al topic 'adsb.aeronaves'.
2025-07-13 19:02:00,318 - INFO - productor: Enviadas 200 aeronaves al topic 'adsb.aeronaves'.
2025-07-13 19:02:00,438 - INFO - productor: Enviadas 200 aeronaves al topic 'adsb.aeronaves'.
2025-07-13 19:02:00,454 - INFO - productor: Enviadas 200 aeronaves al topic 'adsb.aeronaves'.
2025-07-13 19:02:00,528 - INFO - productor: Enviadas 200 aeronaves al topic 'adsb.aeronaves'.
2025-07-13 19:02:00,579 - INFO - productor: Enviadas 200 aeronaves al topic 'adsb.aeronaves'.
2025-07-13 19:02:00,647 - INFO - productor: Enviadas 200 aeronaves al topic 'adsb.aeronaves'.
2025-07-13 19:02:00,751 - INFO - productor: Enviadas 200 aeronaves al topic 'adsb.aeronaves'.
2025-07-13 19:02:00,780 - INFO - productor: Enviadas 200 aeronaves al topic 'adsb.aeronaves'.
2025-07-13 19:02:00,880 - INFO - productor: Enviadas 200 aeronaves al topic 'adsb.aeronaves'.
2025-07-13 19:02:01,009 - INFO - productor: Enviadas 200 aeronaves al topic 'adsb.aeronaves'.
2025-07-13 19:02:01,044 - INFO - productor: Enviadas 200 aeronaves al topic 'adsb.aeronaves'.
2025-07-13 19:02:01,074 - INFO - productor: Enviadas 200 aeronaves al topic 'adsb.aeronaves'.
2025-07-13 19:02:01,110 - INFO - productor: Enviadas 200 aeronaves al topic 'adsb.aeronaves'.
2025-07-13 19:02:01,383 - INFO - productor: Enviadas 127 aeronaves al topic 'adsb.aeronaves'.
2025-07-13 19:02:10,077 - INFO - productor: Enviadas 200 aeronaves al topic 'adsb.aeronaves'.
2025-07-13 19:02:10,139 - INFO - productor: Enviadas 200 aeronaves al topic 'adsb.aeronaves'.
2025-07-13 19:02:10,178 - INFO - productor: Enviadas 200 aeronaves al topic 'adsb.aeronaves'.
2025-07-13 19:02:10,214 - INFO - productor: Enviadas 200 aeronaves al topic 'adsb.aeronaves'.
2025-07-13 19:02:10,298 - INFO - productor: Enviadas 200 aeronaves al topic 'adsb.aeronaves'.
2025-07-13 19:02:10,409 - INFO - productor: Enviadas 200 aeronaves al topic 'adsb.aeronaves'.
2025-07-13 19:02:10,435 - INFO - productor: Enviadas 200 aeronaves al topic 'adsb.aeronaves'.
2025-07-13 19:02:10,484 - INFO - productor: Enviadas 200 aeronaves al topic 'adsb.aeronaves'.
2025-07-13 19:02:10,517 - INFO - productor: Enviadas 200 aeronaves al topic 'adsb.aeronaves'.
2025-07-13 19:02:10,542 - INFO - productor: Enviadas 200 aeronaves al topic 'adsb.aeronaves'.
2025-07-13 19:02:10,583 - INFO - productor: Enviadas 200 aeronaves al topic 'adsb.aeronaves'.
2025-07-13 19:02:10,707 - INFO - productor: Enviadas 200 aeronaves al topic 'adsb.aeronaves'.
2025-07-13 19:02:10,762 - INFO - productor: Enviadas 200 aeronaves al topic 'adsb.aeronaves'.
2025-07-13 19:02:10,854 - INFO - productor: Enviadas 200 aeronaves al topic 'adsb.aeronaves'.
2025-07-13 19:02:10,930 - INFO - productor: Enviadas 200 aeronaves al topic 'adsb.aeronaves'.
2025-07-13 19:02:11,126 - INFO - productor: Enviadas 147 aeronaves al topic 'adsb.aeronaves'.
2025-07-13 19:02:19,874 - INFO - productor: Enviadas 200 aeronaves al topic 'adsb.aeronaves'.
2025-07-13 19:02:19,977 - INFO - productor: Enviadas 200 aeronaves al topic 'adsb.aeronaves'.
2025-07-13 19:02:20,001 - INFO - productor: Enviadas 200 aeronaves al topic 'adsb.aeronaves'.
2025-07-13 19:02:20,050 - INFO - productor: Enviadas 200 aeronaves al topic 'adsb.aeronaves'.
2025-07-13 19:02:20,102 - INFO - productor: Enviadas 200 aeronaves al topic 'adsb.aeronaves'.
2025-07-13 19:02:20,111 - INFO - productor: Enviadas 200 aeronaves al topic 'adsb.aeronaves'.
2025-07-13 19:02:20,138 - INFO - productor: Enviadas 200 aeronaves al topic 'adsb.aeronaves'.
2025-07-13 19:02:20,280 - INFO - productor: Enviadas 200 aeronaves al topic 'adsb.aeronaves'.
2025-07-13 19:02:20,340 - INFO - productor: Enviadas 200 aeronaves al topic 'adsb.aeronaves'.
2025-07-13 19:02:20,401 - INFO - productor: Enviadas 200 aeronaves al topic 'adsb.aeronaves'.
2025-07-13 19:02:20,447 - INFO - productor: Enviadas 200 aeronaves al topic 'adsb.aeronaves'.
2025-07-13 19:02:20,478 - INFO - productor: Enviadas 200 aeronaves al topic 'adsb.aeronaves'.
2025-07-13 19:02:20,512 - INFO - productor: Enviadas 200 aeronaves al topic 'adsb.aeronaves'.
2025-07-13 19:02:20,550 - INFO - productor: Enviadas 200 aeronaves al topic 'adsb.aeronaves'.
2025-07-13 19:02:20,570 - INFO - productor: Enviadas 200 aeronaves al topic 'adsb.aeronaves'.
2025-07-13 19:02:20,628 - INFO - productor: Enviadas 160 aeronaves al topic 'adsb.aeronaves'.
2025-07-13 19:02:29,809 - INFO - productor: Enviadas 200 aeronaves al topic 'adsb.aeronaves'.
2025-07-13 19:02:29,865 - INFO - productor: Enviadas 200 aeronaves al topic 'adsb.aeronaves'.
2025-07-13 19:02:29,972 - INFO - productor: Enviadas 200 aeronaves al topic 'adsb.aeronaves'.
2025-07-13 19:02:30,000 - INFO - productor: Enviadas 200 aeronaves al topic 'adsb.aeronaves'.
2025-07-13 19:02:30,163 - INFO - productor: Enviadas 200 aeronaves al topic 'adsb.aeronaves'.
2025-07-13 19:02:30,174 - INFO - productor: Enviadas 200 aeronaves al topic 'adsb.aeronaves'.
2025-07-13 19:02:30,210 - INFO - productor: Enviadas 200 aeronaves al topic 'adsb.aeronaves'.
2025-07-13 19:02:30,262 - INFO - productor: Enviadas 200 aeronaves al topic 'adsb.aeronaves'.
2025-07-13 19:02:30,291 - INFO - productor: Enviadas 200 aeronaves al topic 'adsb.aeronaves'.
2025-07-13 19:02:30,327 - INFO - productor: Enviadas 200 aeronaves al topic 'adsb.aeronaves'.
2025-07-13 19:02:30,371 - INFO - productor: Enviadas 200 aeronaves al topic 'adsb.aeronaves'.
2025-07-13 19:02:30,455 - INFO - productor: Enviadas 200 aeronaves al topic 'adsb.aeronaves'.
2025-07-13 19:02:30,607 - INFO - productor: Enviadas 200 aeronaves al topic 'adsb.aeronaves'.
2025-07-13 19:02:30,696 - INFO - productor: Enviadas 200 aeronaves al topic 'adsb.aeronaves'.
2025-07-13 19:02:30,779 - INFO - productor: Enviadas 200 aeronaves al topic 'adsb.aeronaves'.
2025-07-13 19:02:30,909 - INFO - productor: Enviadas 176 aeronaves al topic 'adsb.aeronaves'.
2025-07-13 19:02:39,958 - INFO - productor: Enviadas 200 aeronaves al topic 'adsb.aeronaves'.
2025-07-13 19:02:40,049 - INFO - productor: Enviadas 200 aeronaves al topic 'adsb.aeronaves'.
2025-07-13 19:02:40,103 - INFO - productor: Enviadas 200 aeronaves al topic 'adsb.aeronaves'.
2025-07-13 19:02:40,185 - INFO - productor: Enviadas 200 aeronaves al topic 'adsb.aeronaves'.
2025-07-13 19:02:40,211 - INFO - productor: Enviadas 200 aeronaves al topic 'adsb.aeronaves'.
2025-07-13 19:02:40,238 - INFO - productor: Enviadas 200 aeronaves al topic 'adsb.aeronaves'.
2025-07-13 19:02:40,262 - INFO - productor: Enviadas 200 aeronaves al topic 'adsb.aeronaves'.
2025-07-13 19:02:40,288 - INFO - productor: Enviadas 200 aeronaves al topic 'adsb.aeronaves'.
2025-07-13 19:02:40,323 - INFO - productor: Enviadas 200 aeronaves al topic 'adsb.aeronaves'.
2025-07-13 19:02:40,364 - INFO - productor: Enviadas 200 aeronaves al topic 'adsb.aeronaves'.
2025-07-13 19:02:40,412 - INFO - productor: Enviadas 200 aeronaves al topic 'adsb.aeronaves'.
2025-07-13 19:02:40,447 - INFO - productor: Enviadas 200 aeronaves al topic 'adsb.aeronaves'.
2025-07-13 19:02:40,487 - INFO - productor: Enviadas 200 aeronaves al topic 'adsb.aeronaves'.
2025-07-13 19:02:40,541 - INFO - productor: Enviadas 200 aeronaves al topic 'adsb.aeronaves'.
2025-07-13 19:02:40,558 - INFO - productor: Enviadas 200 aeronaves al topic 'adsb.aeronaves'.
2025-07-13 19:02:40,576 - INFO - productor: Enviadas 188 aeronaves al topic 'adsb.aeronaves'.
2025-07-13 19:02:49,810 - INFO - productor: Enviadas 200 aeronaves al topic 'adsb.aeronaves'.
2025-07-13 19:02:49,826 - INFO - productor: Enviadas 200 aeronaves al topic 'adsb.aeronaves'.
2025-07-13 19:02:49,847 - INFO - productor: Enviadas 200 aeronaves al topic 'adsb.aeronaves'.
2025-07-13 19:02:49,881 - INFO - productor: Enviadas 200 aeronaves al topic 'adsb.aeronaves'.
2025-07-13 19:02:49,894 - INFO - productor: Enviadas 200 aeronaves al topic 'adsb.aeronaves'.
2025-07-13 19:02:49,918 - INFO - productor: Enviadas 200 aeronaves al topic 'adsb.aeronaves'.
2025-07-13 19:02:49,953 - INFO - productor: Enviadas 200 aeronaves al topic 'adsb.aeronaves'.
2025-07-13 19:02:50,080 - INFO - productor: Enviadas 200 aeronaves al topic 'adsb.aeronaves'.
2025-07-13 19:02:50,104 - INFO - productor: Enviadas 200 aeronaves al topic 'adsb.aeronaves'.
2025-07-13 19:02:50,159 - INFO - productor: Enviadas 200 aeronaves al topic 'adsb.aeronaves'.
2025-07-13 19:02:50,223 - INFO - productor: Enviadas 200 aeronaves al topic 'adsb.aeronaves'.
2025-07-13 19:02:50,248 - INFO - productor: Enviadas 200 aeronaves al topic 'adsb.aeronaves'.
2025-07-13 19:02:50,403 - INFO - productor: Enviadas 200 aeronaves al topic 'adsb.aeronaves'.
2025-07-13 19:02:50,410 - INFO - productor: Enviadas 200 aeronaves al topic 'adsb.aeronaves'.
2025-07-13 19:02:50,523 - INFO - productor: Enviadas 200 aeronaves al topic 'adsb.aeronaves'.
2025-07-13 19:02:50,585 - INFO - productor: Enviadas 200 aeronaves al topic 'adsb.aeronaves'.
2025-07-13 19:02:50,637 - INFO - productor: Enviadas 4 aeronaves al topic 'adsb.aeronaves'.
2025-07-13 19:02:59,847 - INFO - productor: Enviadas 200 aeronaves al topic 'adsb.aeronaves'.
2025-07-13 19:02:59,945 - INFO - productor: Enviadas 200 aeronaves al topic 'adsb.aeronaves'.
2025-07-13 19:03:00,056 - INFO - productor: Enviadas 200 aeronaves al topic 'adsb.aeronaves'.
2025-07-13 19:03:00,104 - INFO - productor: Enviadas 200 aeronaves al topic 'adsb.aeronaves'.
2025-07-13 19:03:00,142 - INFO - productor: Enviadas 200 aeronaves al topic 'adsb.aeronaves'.
2025-07-13 19:03:00,186 - INFO - productor: Enviadas 200 aeronaves al topic 'adsb.aeronaves'.
2025-07-13 19:03:00,243 - INFO - productor: Enviadas 200 aeronaves al topic 'adsb.aeronaves'.
2025-07-13 19:03:00,272 - INFO - productor: Enviadas 200 aeronaves al topic 'adsb.aeronaves'.
2025-07-13 19:03:00,325 - INFO - productor: Enviadas 200 aeronaves al topic 'adsb.aeronaves'.
2025-07-13 19:03:00,392 - INFO - productor: Enviadas 200 aeronaves al topic 'adsb.aeronaves'.
2025-07-13 19:03:00,417 - INFO - productor: Enviadas 200 aeronaves al topic 'adsb.aeronaves'.
2025-07-13 19:03:00,455 - INFO - productor: Enviadas 200 aeronaves al topic 'adsb.aeronaves'.
2025-07-13 19:03:00,476 - INFO - productor: Enviadas 200 aeronaves al topic 'adsb.aeronaves'.
2025-07-13 19:03:00,529 - INFO - productor: Enviadas 200 aeronaves al topic 'adsb.aeronaves'.
2025-07-13 19:03:00,618 - INFO - productor: Enviadas 200 aeronaves al topic 'adsb.aeronaves'.
2025-07-13 19:03:00,648 - INFO - productor: Enviadas 200 aeronaves al topic 'adsb.aeronaves'.
2025-07-13 19:03:00,703 - INFO - productor: Enviadas 13 aeronaves al topic 'adsb.aeronaves'.
2025-07-13 19:03:09,822 - INFO - productor: Enviadas 200 aeronaves al topic 'adsb.aeronaves'.
2025-07-13 19:03:09,831 - INFO - productor: Enviadas 200 aeronaves al topic 'adsb.aeronaves'.
2025-07-13 19:03:09,889 - INFO - productor: Enviadas 200 aeronaves al topic 'adsb.aeronaves'.
2025-07-13 19:03:09,943 - INFO - productor: Enviadas 200 aeronaves al topic 'adsb.aeronaves'.
2025-07-13 19:03:10,020 - INFO - productor: Enviadas 200 aeronaves al topic 'adsb.aeronaves'.
2025-07-13 19:03:10,054 - INFO - productor: Enviadas 200 aeronaves al topic 'adsb.aeronaves'.
2025-07-13 19:03:10,426 - INFO - productor: Enviadas 200 aeronaves al topic 'adsb.aeronaves'.
2025-07-13 19:03:10,440 - INFO - productor: Enviadas 200 aeronaves al topic 'adsb.aeronaves'.
2025-07-13 19:03:10,672 - INFO - productor: Enviadas 200 aeronaves al topic 'adsb.aeronaves'.
2025-07-13 19:03:10,824 - INFO - productor: Enviadas 200 aeronaves al topic 'adsb.aeronaves'.
2025-07-13 19:03:11,001 - INFO - productor: Enviadas 200 aeronaves al topic 'adsb.aeronaves'.
2025-07-13 19:03:11,075 - INFO - productor: Enviadas 200 aeronaves al topic 'adsb.aeronaves'.
2025-07-13 19:03:11,106 - INFO - productor: Enviadas 200 aeronaves al topic 'adsb.aeronaves'.
2025-07-13 19:03:11,150 - INFO - productor: Enviadas 200 aeronaves al topic 'adsb.aeronaves'.
2025-07-13 19:03:11,166 - INFO - productor: Enviadas 200 aeronaves al topic 'adsb.aeronaves'.
2025-07-13 19:03:11,195 - INFO - productor: Enviadas 200 aeronaves al topic 'adsb.aeronaves'.
2025-07-13 19:03:11,264 - INFO - productor: Enviadas 25 aeronaves al topic 'adsb.aeronaves'.
2025-07-13 19:03:19,855 - INFO - productor: Enviadas 200 aeronaves al topic 'adsb.aeronaves'.
2025-07-13 19:03:19,920 - INFO - productor: Enviadas 200 aeronaves al topic 'adsb.aeronaves'.
2025-07-13 19:03:19,993 - INFO - productor: Enviadas 200 aeronaves al topic 'adsb.aeronaves'.
2025-07-13 19:03:22,917 - INFO - productor: Enviadas 200 aeronaves al topic 'adsb.aeronaves'.
2025-07-13 19:03:23,291 - INFO - productor: Enviadas 200 aeronaves al topic 'adsb.aeronaves'.
2025-07-13 19:03:23,839 - INFO - productor: Enviadas 200 aeronaves al topic 'adsb.aeronaves'.
2025-07-13 19:03:24,173 - INFO - productor: Enviadas 200 aeronaves al topic 'adsb.aeronaves'.
2025-07-13 19:03:26,349 - INFO - productor: Enviadas 200 aeronaves al topic 'adsb.aeronaves'.
2025-07-13 19:03:26,513 - INFO - productor: Enviadas 200 aeronaves al topic 'adsb.aeronaves'.
2025-07-13 19:03:26,653 - INFO - productor: Enviadas 200 aeronaves al topic 'adsb.aeronaves'.
2025-07-13 19:03:26,704 - INFO - productor: Enviadas 200 aeronaves al topic 'adsb.aeronaves'.
2025-07-13 19:03:26,799 - INFO - productor: Enviadas 200 aeronaves al topic 'adsb.aeronaves'.
2025-07-13 19:03:26,831 - INFO - productor: Enviadas 200 aeronaves al topic 'adsb.aeronaves'.
2025-07-13 19:03:26,987 - INFO - productor: Enviadas 200 aeronaves al topic 'adsb.aeronaves'.
2025-07-13 19:03:27,004 - INFO - productor: Enviadas 200 aeronaves al topic 'adsb.aeronaves'.
2025-07-13 19:03:27,018 - INFO - productor: Enviadas 200 aeronaves al topic 'adsb.aeronaves'.
2025-07-13 19:03:27,051 - INFO - productor: Enviadas 36 aeronaves al topic 'adsb.aeronaves'.
2025-07-13 19:03:29,882 - INFO - productor: Enviadas 200 aeronaves al topic 'adsb.aeronaves'.
2025-07-13 19:03:29,942 - INFO - productor: Enviadas 200 aeronaves al topic 'adsb.aeronaves'.
2025-07-13 19:03:29,970 - INFO - productor: Enviadas 200 aeronaves al topic 'adsb.aeronaves'.
2025-07-13 19:03:30,002 - INFO - productor: Enviadas 200 aeronaves al topic 'adsb.aeronaves'.
2025-07-13 19:03:30,027 - INFO - productor: Enviadas 200 aeronaves al topic 'adsb.aeronaves'.
2025-07-13 19:03:30,078 - INFO - productor: Enviadas 200 aeronaves al topic 'adsb.aeronaves'.
2025-07-13 19:03:30,114 - INFO - productor: Enviadas 200 aeronaves al topic 'adsb.aeronaves'.
2025-07-13 19:03:30,166 - INFO - productor: Enviadas 200 aeronaves al topic 'adsb.aeronaves'.
2025-07-13 19:03:30,183 - INFO - productor: Enviadas 200 aeronaves al topic 'adsb.aeronaves'.
2025-07-13 19:03:30,239 - INFO - productor: Enviadas 200 aeronaves al topic 'adsb.aeronaves'.
2025-07-13 19:03:30,283 - INFO - productor: Enviadas 200 aeronaves al topic 'adsb.aeronaves'.
2025-07-13 19:03:30,315 - INFO - productor: Enviadas 200 aeronaves al topic 'adsb.aeronaves'.
2025-07-13 19:03:30,521 - INFO - productor: Enviadas 200 aeronaves al topic 'adsb.aeronaves'.
2025-07-13 19:03:30,584 - INFO - productor: Enviadas 200 aeronaves al topic 'adsb.aeronaves'.
2025-07-13 19:03:30,740 - INFO - productor: Enviadas 200 aeronaves al topic 'adsb.aeronaves'.
2025-07-13 19:03:30,778 - INFO - productor: Enviadas 200 aeronaves al topic 'adsb.aeronaves'.
2025-07-13 19:03:30,791 - INFO - productor: Enviadas 52 aeronaves al topic 'adsb.aeronaves'.
2025-07-13 19:03:39,815 - INFO - productor: Enviadas 200 aeronaves al topic 'adsb.aeronaves'.
2025-07-13 19:03:39,849 - INFO - productor: Enviadas 200 aeronaves al topic 'adsb.aeronaves'.
2025-07-13 19:03:39,892 - INFO - productor: Enviadas 200 aeronaves al topic 'adsb.aeronaves'.
2025-07-13 19:03:39,935 - INFO - productor: Enviadas 200 aeronaves al topic 'adsb.aeronaves'.
2025-07-13 19:03:39,968 - INFO - productor: Enviadas 200 aeronaves al topic 'adsb.aeronaves'.
2025-07-13 19:03:39,989 - INFO - productor: Enviadas 200 aeronaves al topic 'adsb.aeronaves'.
2025-07-13 19:03:40,020 - INFO - productor: Enviadas 200 aeronaves al topic 'adsb.aeronaves'.
2025-07-13 19:03:40,050 - INFO - productor: Enviadas 200 aeronaves al topic 'adsb.aeronaves'.
2025-07-13 19:03:40,070 - INFO - productor: Enviadas 200 aeronaves al topic 'adsb.aeronaves'.
2025-07-13 19:03:40,142 - INFO - productor: Enviadas 200 aeronaves al topic 'adsb.aeronaves'.
2025-07-13 19:03:40,188 - INFO - productor: Enviadas 200 aeronaves al topic 'adsb.aeronaves'.
2025-07-13 19:03:40,221 - INFO - productor: Enviadas 200 aeronaves al topic 'adsb.aeronaves'.
2025-07-13 19:03:40,349 - INFO - productor: Enviadas 200 aeronaves al topic 'adsb.aeronaves'.
2025-07-13 19:03:40,373 - INFO - productor: Enviadas 200 aeronaves al topic 'adsb.aeronaves'.
2025-07-13 19:03:40,426 - INFO - productor: Enviadas 200 aeronaves al topic 'adsb.aeronaves'.
2025-07-13 19:03:40,473 - INFO - productor: Enviadas 200 aeronaves al topic 'adsb.aeronaves'.
2025-07-13 19:03:40,495 - INFO - productor: Enviadas 62 aeronaves al topic 'adsb.aeronaves'.
2025-07-13 19:03:49,825 - INFO - productor: Enviadas 200 aeronaves al topic 'adsb.aeronaves'.
2025-07-13 19:03:49,847 - INFO - productor: Enviadas 200 aeronaves al topic 'adsb.aeronaves'.
2025-07-13 19:03:49,887 - INFO - productor: Enviadas 200 aeronaves al topic 'adsb.aeronaves'.
2025-07-13 19:03:50,091 - INFO - productor: Enviadas 200 aeronaves al topic 'adsb.aeronaves'.
2025-07-13 19:03:50,133 - INFO - productor: Enviadas 200 aeronaves al topic 'adsb.aeronaves'.
2025-07-13 19:03:50,171 - INFO - productor: Enviadas 200 aeronaves al topic 'adsb.aeronaves'.
2025-07-13 19:03:50,228 - INFO - productor: Enviadas 200 aeronaves al topic 'adsb.aeronaves'.
2025-07-13 19:03:50,288 - INFO - productor: Enviadas 200 aeronaves al topic 'adsb.aeronaves'.
2025-07-13 19:03:50,403 - INFO - productor: Enviadas 200 aeronaves al topic 'adsb.aeronaves'.
2025-07-13 19:03:50,442 - INFO - productor: Enviadas 200 aeronaves al topic 'adsb.aeronaves'.
2025-07-13 19:03:50,492 - INFO - productor: Enviadas 200 aeronaves al topic 'adsb.aeronaves'.
2025-07-13 19:03:50,517 - INFO - productor: Enviadas 200 aeronaves al topic 'adsb.aeronaves'.
2025-07-13 19:03:50,569 - INFO - productor: Enviadas 200 aeronaves al topic 'adsb.aeronaves'.
2025-07-13 19:03:50,599 - INFO - productor: Enviadas 200 aeronaves al topic 'adsb.aeronaves'.
2025-07-13 19:03:50,639 - INFO - productor: Enviadas 200 aeronaves al topic 'adsb.aeronaves'.
2025-07-13 19:03:50,675 - INFO - productor: Enviadas 200 aeronaves al topic 'adsb.aeronaves'.
2025-07-13 19:03:50,796 - INFO - productor: Enviadas 72 aeronaves al topic 'adsb.aeronaves'.
2025-07-13 19:03:59,815 - INFO - productor: Enviadas 200 aeronaves al topic 'adsb.aeronaves'.
2025-07-13 19:03:59,964 - INFO - productor: Enviadas 200 aeronaves al topic 'adsb.aeronaves'.
2025-07-13 19:03:59,969 - INFO - productor: Enviadas 200 aeronaves al topic 'adsb.aeronaves'.
2025-07-13 19:04:00,022 - INFO - productor: Enviadas 200 aeronaves al topic 'adsb.aeronaves'.
2025-07-13 19:04:00,077 - INFO - productor: Enviadas 200 aeronaves al topic 'adsb.aeronaves'.
2025-07-13 19:04:00,108 - INFO - productor: Enviadas 200 aeronaves al topic 'adsb.aeronaves'.
2025-07-13 19:04:00,145 - INFO - productor: Enviadas 200 aeronaves al topic 'adsb.aeronaves'.
2025-07-13 19:04:00,179 - INFO - productor: Enviadas 200 aeronaves al topic 'adsb.aeronaves'.
2025-07-13 19:04:00,206 - INFO - productor: Enviadas 200 aeronaves al topic 'adsb.aeronaves'.
2025-07-13 19:04:00,234 - INFO - productor: Enviadas 200 aeronaves al topic 'adsb.aeronaves'.
2025-07-13 19:04:00,433 - INFO - productor: Enviadas 200 aeronaves al topic 'adsb.aeronaves'.
2025-07-13 19:04:00,536 - INFO - productor: Enviadas 200 aeronaves al topic 'adsb.aeronaves'.
2025-07-13 19:04:00,638 - INFO - productor: Enviadas 200 aeronaves al topic 'adsb.aeronaves'.
2025-07-13 19:04:00,694 - INFO - productor: Enviadas 200 aeronaves al topic 'adsb.aeronaves'.
2025-07-13 19:04:00,817 - INFO - productor: Enviadas 200 aeronaves al topic 'adsb.aeronaves'.
2025-07-13 19:04:00,883 - INFO - productor: Enviadas 200 aeronaves al topic 'adsb.aeronaves'.
2025-07-13 19:04:00,904 - INFO - productor: Enviadas 77 aeronaves al topic 'adsb.aeronaves'.
2025-07-13 19:04:09,900 - INFO - productor: Enviadas 200 aeronaves al topic 'adsb.aeronaves'.
2025-07-13 19:04:09,940 - INFO - productor: Enviadas 200 aeronaves al topic 'adsb.aeronaves'.
2025-07-13 19:04:09,954 - INFO - productor: Enviadas 200 aeronaves al topic 'adsb.aeronaves'.
2025-07-13 19:04:10,022 - INFO - productor: Enviadas 200 aeronaves al topic 'adsb.aeronaves'.
2025-07-13 19:04:10,064 - INFO - productor: Enviadas 200 aeronaves al topic 'adsb.aeronaves'.
2025-07-13 19:04:10,089 - INFO - productor: Enviadas 200 aeronaves al topic 'adsb.aeronaves'.
2025-07-13 19:04:10,132 - INFO - productor: Enviadas 200 aeronaves al topic 'adsb.aeronaves'.
2025-07-13 19:04:10,203 - INFO - productor: Enviadas 200 aeronaves al topic 'adsb.aeronaves'.
2025-07-13 19:04:10,432 - INFO - productor: Enviadas 200 aeronaves al topic 'adsb.aeronaves'.
2025-07-13 19:04:10,483 - INFO - productor: Enviadas 200 aeronaves al topic 'adsb.aeronaves'.
2025-07-13 19:04:10,583 - INFO - productor: Enviadas 200 aeronaves al topic 'adsb.aeronaves'.
2025-07-13 19:04:10,638 - INFO - productor: Enviadas 200 aeronaves al topic 'adsb.aeronaves'.
2025-07-13 19:04:10,656 - INFO - productor: Enviadas 200 aeronaves al topic 'adsb.aeronaves'.
2025-07-13 19:04:10,689 - INFO - productor: Enviadas 200 aeronaves al topic 'adsb.aeronaves'.
2025-07-13 19:04:10,711 - INFO - productor: Enviadas 200 aeronaves al topic 'adsb.aeronaves'.
2025-07-13 19:04:10,740 - INFO - productor: Enviadas 200 aeronaves al topic 'adsb.aeronaves'.
2025-07-13 19:04:10,805 - INFO - productor: Enviadas 89 aeronaves al topic 'adsb.aeronaves'.
2025-07-13 19:04:11,053 - WARNING - Got error produce response on topic-partition TopicPartition(topic='adsb.aeronaves', partition=1), retrying (4 attempts left). Error: <class 'kafka.errors.UnknownTopicOrPartitionError'>
2025-07-13 19:04:11,089 - WARNING - Got error produce response on topic-partition TopicPartition(topic='adsb.aeronaves', partition=0), retrying (4 attempts left). Error: <class 'kafka.errors.UnknownTopicOrPartitionError'>
2025-07-13 19:04:11,092 - WARNING - Got error produce response on topic-partition TopicPartition(topic='adsb.aeronaves', partition=1), retrying (4 attempts left). Error: <class 'kafka.errors.UnknownTopicOrPartitionError'>
2025-07-13 19:04:11,093 - WARNING - Got error produce response on topic-partition TopicPartition(topic='adsb.aeronaves', partition=5), retrying (4 attempts left). Error: <class 'kafka.errors.UnknownTopicOrPartitionError'>
2025-07-13 19:04:11,094 - WARNING - Got error produce response on topic-partition TopicPartition(topic='adsb.aeronaves', partition=0), retrying (4 attempts left). Error: <class 'kafka.errors.UnknownTopicOrPartitionError'>
2025-07-13 19:04:11,095 - WARNING - Got error produce response on topic-partition TopicPartition(topic='adsb.aeronaves', partition=4), retrying (4 attempts left). Error: <class 'kafka.errors.UnknownTopicOrPartitionError'>
2025-07-13 19:04:11,095 - WARNING - Got error produce response on topic-partition TopicPartition(topic='adsb.aeronaves', partition=2), retrying (4 attempts left). Error: <class 'kafka.errors.UnknownTopicOrPartitionError'>
2025-07-13 19:04:11,096 - WARNING - Got error produce response on topic-partition TopicPartition(topic='adsb.aeronaves', partition=3), retrying (4 attempts left). Error: <class 'kafka.errors.UnknownTopicOrPartitionError'>
2025-07-13 19:04:11,365 - WARNING - Got error produce response on topic-partition TopicPartition(topic='adsb.aeronaves', partition=4), retrying (3 attempts left). Error: <class 'kafka.errors.UnknownTopicOrPartitionError'>
2025-07-13 19:04:11,367 - WARNING - Got error produce response on topic-partition TopicPartition(topic='adsb.aeronaves', partition=1), retrying (3 attempts left). Error: <class 'kafka.errors.UnknownTopicOrPartitionError'>
2025-07-13 19:04:11,368 - WARNING - Got error produce response on topic-partition TopicPartition(topic='adsb.aeronaves', partition=0), retrying (3 attempts left). Error: <class 'kafka.errors.UnknownTopicOrPartitionError'>
2025-07-13 19:04:11,369 - WARNING - Got error produce response on topic-partition TopicPartition(topic='adsb.aeronaves', partition=5), retrying (3 attempts left). Error: <class 'kafka.errors.UnknownTopicOrPartitionError'>
2025-07-13 19:04:11,727 - WARNING - Got error produce response on topic-partition TopicPartition(topic='adsb.aeronaves', partition=1), retrying (3 attempts left). Error: <class 'kafka.errors.NotLeaderForPartitionError'>
2025-07-13 19:04:11,729 - WARNING - Got error produce response on topic-partition TopicPartition(topic='adsb.aeronaves', partition=5), retrying (4 attempts left). Error: <class 'kafka.errors.NotLeaderForPartitionError'>
2025-07-13 19:04:11,731 - WARNING - Got error produce response on topic-partition TopicPartition(topic='adsb.aeronaves', partition=4), retrying (4 attempts left). Error: <class 'kafka.errors.NotLeaderForPartitionError'>
2025-07-13 19:04:11,736 - WARNING - Got error produce response on topic-partition TopicPartition(topic='adsb.aeronaves', partition=2), retrying (3 attempts left). Error: <class 'kafka.errors.NotLeaderForPartitionError'>
2025-07-13 19:04:11,741 - WARNING - Got error produce response on topic-partition TopicPartition(topic='adsb.aeronaves', partition=3), retrying (3 attempts left). Error: <class 'kafka.errors.NotLeaderForPartitionError'>
2025-07-13 19:04:13,336 - WARNING - Got error produce response on topic-partition TopicPartition(topic='adsb.aeronaves', partition=5), retrying (3 attempts left). Error: <class 'kafka.errors.NotLeaderForPartitionError'>
2025-07-13 19:04:13,339 - WARNING - Got error produce response on topic-partition TopicPartition(topic='adsb.aeronaves', partition=4), retrying (3 attempts left). Error: <class 'kafka.errors.NotLeaderForPartitionError'>
2025-07-13 19:04:13,340 - WARNING - Got error produce response on topic-partition TopicPartition(topic='adsb.aeronaves', partition=2), retrying (2 attempts left). Error: <class 'kafka.errors.NotLeaderForPartitionError'>
2025-07-13 19:04:13,341 - WARNING - Got error produce response on topic-partition TopicPartition(topic='adsb.aeronaves', partition=3), retrying (2 attempts left). Error: <class 'kafka.errors.NotLeaderForPartitionError'>
2025-07-13 19:04:13,793 - WARNING - Got error produce response on topic-partition TopicPartition(topic='adsb.aeronaves', partition=2), retrying (4 attempts left). Error: <class 'kafka.errors.NotLeaderForPartitionError'>
2025-07-13 19:04:13,795 - WARNING - Got error produce response on topic-partition TopicPartition(topic='adsb.aeronaves', partition=3), retrying (4 attempts left). Error: <class 'kafka.errors.NotLeaderForPartitionError'>
2025-07-13 19:04:19,813 - INFO - productor: Enviadas 200 aeronaves al topic 'adsb.aeronaves'.
2025-07-13 19:04:19,851 - INFO - productor: Enviadas 200 aeronaves al topic 'adsb.aeronaves'.
2025-07-13 19:04:19,869 - INFO - productor: Enviadas 200 aeronaves al topic 'adsb.aeronaves'.
2025-07-13 19:04:19,896 - INFO - productor: Enviadas 200 aeronaves al topic 'adsb.aeronaves'.
2025-07-13 19:04:19,927 - INFO - productor: Enviadas 200 aeronaves al topic 'adsb.aeronaves'.
2025-07-13 19:04:19,949 - INFO - productor: Enviadas 200 aeronaves al topic 'adsb.aeronaves'.
2025-07-13 19:04:19,988 - INFO - productor: Enviadas 200 aeronaves al topic 'adsb.aeronaves'.
2025-07-13 19:04:20,020 - INFO - productor: Enviadas 200 aeronaves al topic 'adsb.aeronaves'.
2025-07-13 19:04:20,057 - INFO - productor: Enviadas 200 aeronaves al topic 'adsb.aeronaves'.
2025-07-13 19:04:20,088 - INFO - productor: Enviadas 200 aeronaves al topic 'adsb.aeronaves'.
2025-07-13 19:04:20,229 - INFO - productor: Enviadas 200 aeronaves al topic 'adsb.aeronaves'.
2025-07-13 19:04:20,258 - INFO - productor: Enviadas 200 aeronaves al topic 'adsb.aeronaves'.
2025-07-13 19:04:20,271 - INFO - productor: Enviadas 200 aeronaves al topic 'adsb.aeronaves'.
2025-07-13 19:04:20,276 - INFO - productor: Enviadas 200 aeronaves al topic 'adsb.aeronaves'.
2025-07-13 19:04:20,287 - INFO - productor: Enviadas 200 aeronaves al topic 'adsb.aeronaves'.
2025-07-13 19:04:20,309 - INFO - productor: Enviadas 200 aeronaves al topic 'adsb.aeronaves'.
2025-07-13 19:04:20,321 - INFO - productor: Enviadas 98 aeronaves al topic 'adsb.aeronaves'.
2025-07-13 19:04:29,847 - INFO - productor: Enviadas 200 aeronaves al topic 'adsb.aeronaves'.
2025-07-13 19:04:29,911 - INFO - productor: Enviadas 200 aeronaves al topic 'adsb.aeronaves'.
2025-07-13 19:04:30,046 - INFO - productor: Enviadas 200 aeronaves al topic 'adsb.aeronaves'.
2025-07-13 19:04:30,066 - INFO - productor: Enviadas 200 aeronaves al topic 'adsb.aeronaves'.
2025-07-13 19:04:30,186 - INFO - productor: Enviadas 200 aeronaves al topic 'adsb.aeronaves'.
2025-07-13 19:04:30,244 - INFO - productor: Enviadas 200 aeronaves al topic 'adsb.aeronaves'.
2025-07-13 19:04:30,271 - INFO - productor: Enviadas 200 aeronaves al topic 'adsb.aeronaves'.
2025-07-13 19:04:30,309 - INFO - productor: Enviadas 200 aeronaves al topic 'adsb.aeronaves'.
2025-07-13 19:04:30,370 - INFO - productor: Enviadas 200 aeronaves al topic 'adsb.aeronaves'.
2025-07-13 19:04:30,421 - INFO - productor: Enviadas 200 aeronaves al topic 'adsb.aeronaves'.
2025-07-13 19:04:30,499 - INFO - productor: Enviadas 200 aeronaves al topic 'adsb.aeronaves'.
2025-07-13 19:04:30,699 - INFO - productor: Enviadas 200 aeronaves al topic 'adsb.aeronaves'.
2025-07-13 19:04:30,808 - INFO - productor: Enviadas 200 aeronaves al topic 'adsb.aeronaves'.
2025-07-13 19:04:30,959 - INFO - productor: Enviadas 200 aeronaves al topic 'adsb.aeronaves'.
2025-07-13 19:04:31,007 - INFO - productor: Enviadas 200 aeronaves al topic 'adsb.aeronaves'.
2025-07-13 19:04:31,078 - INFO - productor: Enviadas 200 aeronaves al topic 'adsb.aeronaves'.
2025-07-13 19:04:31,103 - INFO - productor: Enviadas 108 aeronaves al topic 'adsb.aeronaves'.
