2025-07-05 16:55:40,487 - INFO - <BrokerConnection node_id=bootstrap-0 host=kafka:9092 <connecting> [IPv4 ('172.18.0.2', 9092)]>: connecting to kafka:9092 [('172.18.0.2', 9092) IPv4]
2025-07-05 16:55:40,489 - INFO - Probing node bootstrap-0 broker version
2025-07-05 16:55:40,495 - INFO - <BrokerConnection node_id=bootstrap-0 host=kafka:9092 <connecting> [IPv4 ('172.18.0.2', 9092)]>: Connection complete.
2025-07-05 16:55:40,642 - INFO - Broker version identified as 2.5.0
2025-07-05 16:55:40,643 - INFO - Set configuration api_version=(2, 5, 0) to skip auto check_version requests on startup
2025-07-05 16:55:49,853 - INFO - productor: Datos cargados desde /app/data/aeronaves_completo.json.
2025-07-05 16:56:29,912 - INFO - <BrokerConnection node_id=1 host=kafka:9092 <connecting> [IPv4 ('172.18.0.2', 9092)]>: connecting to kafka:9092 [('172.18.0.2', 9092) IPv4]
2025-07-05 16:56:29,915 - INFO - <BrokerConnection node_id=1 host=kafka:9092 <connecting> [IPv4 ('172.18.0.2', 9092)]>: Connection complete.
2025-07-05 16:56:29,916 - INFO - <BrokerConnection node_id=bootstrap-0 host=kafka:9092 <connected> [IPv4 ('172.18.0.2', 9092)]>: Closing connection. 
2025-07-05 16:56:29,923 - INFO - productor: Enviadas 19 aeronaves al topic 'adsb.aeronaves'.
2025-07-05 16:56:39,867 - INFO - productor: Enviadas 100 aeronaves al topic 'adsb.aeronaves'.
2025-07-05 16:56:39,880 - INFO - productor: Enviadas 100 aeronaves al topic 'adsb.aeronaves'.
2025-07-05 16:56:39,888 - INFO - productor: Enviadas 100 aeronaves al topic 'adsb.aeronaves'.
2025-07-05 16:56:39,891 - INFO - productor: Enviadas 100 aeronaves al topic 'adsb.aeronaves'.
2025-07-05 16:56:39,919 - INFO - productor: Enviadas 100 aeronaves al topic 'adsb.aeronaves'.
2025-07-05 16:56:49,858 - INFO - productor: Enviadas 100 aeronaves al topic 'adsb.aeronaves'.
2025-07-05 16:56:49,873 - INFO - productor: Enviadas 100 aeronaves al topic 'adsb.aeronaves'.
2025-07-05 16:56:49,896 - INFO - productor: Enviadas 100 aeronaves al topic 'adsb.aeronaves'.
2025-07-05 16:56:49,931 - INFO - productor: Enviadas 100 aeronaves al topic 'adsb.aeronaves'.
2025-07-05 16:56:49,934 - INFO - productor: Enviadas 100 aeronaves al topic 'adsb.aeronaves'.
2025-07-05 16:56:59,867 - INFO - productor: Enviadas 100 aeronaves al topic 'adsb.aeronaves'.
2025-07-05 16:56:59,890 - INFO - productor: Enviadas 100 aeronaves al topic 'adsb.aeronaves'.
2025-07-05 16:56:59,921 - INFO - productor: Enviadas 100 aeronaves al topic 'adsb.aeronaves'.
2025-07-05 16:56:59,950 - INFO - productor: Enviadas 100 aeronaves al topic 'adsb.aeronaves'.
2025-07-05 16:56:59,978 - INFO - productor: Enviadas 100 aeronaves al topic 'adsb.aeronaves'.
2025-07-05 16:57:09,854 - INFO - productor: Enviadas 100 aeronaves al topic 'adsb.aeronaves'.
2025-07-05 16:57:09,863 - INFO - productor: Enviadas 100 aeronaves al topic 'adsb.aeronaves'.
2025-07-05 16:57:09,881 - INFO - productor: Enviadas 100 aeronaves al topic 'adsb.aeronaves'.
2025-07-05 16:57:09,889 - INFO - productor: Enviadas 100 aeronaves al topic 'adsb.aeronaves'.
2025-07-05 16:57:09,907 - INFO - productor: Enviadas 100 aeronaves al topic 'adsb.aeronaves'.
2025-07-05 16:57:19,858 - INFO - productor: Enviadas 100 aeronaves al topic 'adsb.aeronaves'.
2025-07-05 16:57:19,884 - INFO - productor: Enviadas 100 aeronaves al topic 'adsb.aeronaves'.
2025-07-05 16:57:19,900 - INFO - productor: Enviadas 100 aeronaves al topic 'adsb.aeronaves'.
2025-07-05 16:57:19,928 - INFO - productor: Enviadas 100 aeronaves al topic 'adsb.aeronaves'.
2025-07-05 16:57:19,961 - INFO - productor: Enviadas 100 aeronaves al topic 'adsb.aeronaves'.
2025-07-05 16:57:29,867 - INFO - productor: Enviadas 100 aeronaves al topic 'adsb.aeronaves'.
2025-07-05 16:57:29,880 - INFO - productor: Enviadas 100 aeronaves al topic 'adsb.aeronaves'.
2025-07-05 16:57:29,891 - INFO - productor: Enviadas 100 aeronaves al topic 'adsb.aeronaves'.
2025-07-05 16:57:29,905 - INFO - productor: Enviadas 100 aeronaves al topic 'adsb.aeronaves'.
2025-07-05 16:57:29,940 - INFO - productor: Enviadas 100 aeronaves al topic 'adsb.aeronaves'.
2025-07-05 16:57:39,863 - INFO - productor: Enviadas 100 aeronaves al topic 'adsb.aeronaves'.
2025-07-05 16:57:39,880 - INFO - productor: Enviadas 100 aeronaves al topic 'adsb.aeronaves'.
2025-07-05 16:57:39,921 - INFO - productor: Enviadas 100 aeronaves al topic 'adsb.aeronaves'.
2025-07-05 16:57:39,948 - INFO - productor: Enviadas 100 aeronaves al topic 'adsb.aeronaves'.
2025-07-05 16:57:39,962 - INFO - productor: Enviadas 100 aeronaves al topic 'adsb.aeronaves'.
2025-07-05 16:57:49,865 - INFO - productor: Enviadas 100 aeronaves al topic 'adsb.aeronaves'.
2025-07-05 16:57:49,879 - INFO - productor: Enviadas 100 aeronaves al topic 'adsb.aeronaves'.
2025-07-05 16:57:49,887 - INFO - productor: Enviadas 100 aeronaves al topic 'adsb.aeronaves'.
2025-07-05 16:57:49,897 - INFO - productor: Enviadas 100 aeronaves al topic 'adsb.aeronaves'.
2025-07-05 16:57:49,915 - INFO - productor: Enviadas 100 aeronaves al topic 'adsb.aeronaves'.
2025-07-05 16:57:59,859 - INFO - productor: Enviadas 100 aeronaves al topic 'adsb.aeronaves'.
2025-07-05 16:57:59,869 - INFO - productor: Enviadas 100 aeronaves al topic 'adsb.aeronaves'.
2025-07-05 16:57:59,878 - INFO - productor: Enviadas 100 aeronaves al topic 'adsb.aeronaves'.
2025-07-05 16:57:59,916 - INFO - productor: Enviadas 100 aeronaves al topic 'adsb.aeronaves'.
2025-07-05 16:57:59,931 - INFO - productor: Enviadas 100 aeronaves al topic 'adsb.aeronaves'.
2025-07-05 16:58:09,857 - INFO - productor: Enviadas 100 aeronaves al topic 'adsb.aeronaves'.
2025-07-05 16:58:09,891 - INFO - productor: Enviadas 100 aeronaves al topic 'adsb.aeronaves'.
2025-07-05 16:58:09,912 - INFO - productor: Enviadas 100 aeronaves al topic 'adsb.aeronaves'.
2025-07-05 16:58:09,921 - INFO - productor: Enviadas 100 aeronaves al topic 'adsb.aeronaves'.
2025-07-05 16:58:09,986 - INFO - productor: Enviadas 100 aeronaves al topic 'adsb.aeronaves'.
2025-07-05 16:58:19,864 - INFO - productor: Enviadas 100 aeronaves al topic 'adsb.aeronaves'.
2025-07-05 16:58:19,875 - INFO - productor: Enviadas 100 aeronaves al topic 'adsb.aeronaves'.
2025-07-05 16:58:20,003 - INFO - productor: Enviadas 100 aeronaves al topic 'adsb.aeronaves'.
2025-07-05 16:58:20,043 - INFO - productor: Enviadas 100 aeronaves al topic 'adsb.aeronaves'.
2025-07-05 16:58:20,111 - INFO - productor: Enviadas 100 aeronaves al topic 'adsb.aeronaves'.
2025-07-05 16:58:29,856 - INFO - productor: Enviadas 100 aeronaves al topic 'adsb.aeronaves'.
2025-07-05 16:58:29,872 - INFO - productor: Enviadas 100 aeronaves al topic 'adsb.aeronaves'.
2025-07-05 16:58:29,881 - INFO - productor: Enviadas 100 aeronaves al topic 'adsb.aeronaves'.
2025-07-05 16:58:29,896 - INFO - productor: Enviadas 100 aeronaves al topic 'adsb.aeronaves'.
2025-07-05 16:58:29,912 - INFO - productor: Enviadas 100 aeronaves al topic 'adsb.aeronaves'.
2025-07-05 16:58:39,867 - INFO - productor: Enviadas 100 aeronaves al topic 'adsb.aeronaves'.
2025-07-05 16:58:39,888 - INFO - productor: Enviadas 100 aeronaves al topic 'adsb.aeronaves'.
2025-07-05 16:58:39,915 - INFO - productor: Enviadas 100 aeronaves al topic 'adsb.aeronaves'.
2025-07-05 16:58:39,924 - INFO - productor: Enviadas 100 aeronaves al topic 'adsb.aeronaves'.
2025-07-05 16:58:39,940 - INFO - productor: Enviadas 100 aeronaves al topic 'adsb.aeronaves'.
2025-07-05 16:58:49,858 - INFO - productor: Enviadas 100 aeronaves al topic 'adsb.aeronaves'.
2025-07-05 16:58:49,885 - INFO - productor: Enviadas 100 aeronaves al topic 'adsb.aeronaves'.
2025-07-05 16:58:49,901 - INFO - productor: Enviadas 100 aeronaves al topic 'adsb.aeronaves'.
2025-07-05 16:58:49,920 - INFO - productor: Enviadas 100 aeronaves al topic 'adsb.aeronaves'.
2025-07-05 16:58:49,966 - INFO - productor: Enviadas 100 aeronaves al topic 'adsb.aeronaves'.
2025-07-05 16:58:59,867 - INFO - productor: Enviadas 100 aeronaves al topic 'adsb.aeronaves'.
2025-07-05 16:58:59,888 - INFO - productor: Enviadas 100 aeronaves al topic 'adsb.aeronaves'.
2025-07-05 16:58:59,914 - INFO - productor: Enviadas 100 aeronaves al topic 'adsb.aeronaves'.
2025-07-05 16:58:59,945 - INFO - productor: Enviadas 100 aeronaves al topic 'adsb.aeronaves'.
2025-07-05 16:58:59,953 - INFO - productor: Enviadas 100 aeronaves al topic 'adsb.aeronaves'.
2025-07-05 16:59:09,896 - INFO - productor: Enviadas 100 aeronaves al topic 'adsb.aeronaves'.
2025-07-05 16:59:09,920 - INFO - productor: Enviadas 100 aeronaves al topic 'adsb.aeronaves'.
2025-07-05 16:59:09,934 - INFO - productor: Enviadas 100 aeronaves al topic 'adsb.aeronaves'.
2025-07-05 16:59:09,960 - INFO - productor: Enviadas 100 aeronaves al topic 'adsb.aeronaves'.
2025-07-05 16:59:09,983 - INFO - productor: Enviadas 100 aeronaves al topic 'adsb.aeronaves'.
2025-07-05 16:59:19,895 - INFO - productor: Enviadas 100 aeronaves al topic 'adsb.aeronaves'.
2025-07-05 16:59:19,928 - INFO - productor: Enviadas 100 aeronaves al topic 'adsb.aeronaves'.
2025-07-05 16:59:19,960 - INFO - productor: Enviadas 100 aeronaves al topic 'adsb.aeronaves'.
2025-07-05 16:59:20,045 - INFO - productor: Enviadas 100 aeronaves al topic 'adsb.aeronaves'.
2025-07-05 16:59:20,055 - INFO - productor: Enviadas 100 aeronaves al topic 'adsb.aeronaves'.
2025-07-05 16:59:29,866 - INFO - productor: Enviadas 100 aeronaves al topic 'adsb.aeronaves'.
2025-07-05 16:59:29,880 - INFO - productor: Enviadas 100 aeronaves al topic 'adsb.aeronaves'.
2025-07-05 16:59:29,905 - INFO - productor: Enviadas 100 aeronaves al topic 'adsb.aeronaves'.
2025-07-05 16:59:29,914 - INFO - productor: Enviadas 100 aeronaves al topic 'adsb.aeronaves'.
2025-07-05 16:59:29,928 - INFO - productor: Enviadas 100 aeronaves al topic 'adsb.aeronaves'.
2025-07-05 16:59:39,867 - INFO - productor: Enviadas 100 aeronaves al topic 'adsb.aeronaves'.
2025-07-05 16:59:39,902 - INFO - productor: Enviadas 100 aeronaves al topic 'adsb.aeronaves'.
2025-07-05 16:59:39,913 - INFO - productor: Enviadas 100 aeronaves al topic 'adsb.aeronaves'.
2025-07-05 16:59:39,945 - INFO - productor: Enviadas 100 aeronaves al topic 'adsb.aeronaves'.
2025-07-05 16:59:39,960 - INFO - productor: Enviadas 100 aeronaves al topic 'adsb.aeronaves'.
2025-07-05 16:59:49,862 - INFO - productor: Enviadas 100 aeronaves al topic 'adsb.aeronaves'.
2025-07-05 16:59:49,881 - INFO - productor: Enviadas 100 aeronaves al topic 'adsb.aeronaves'.
2025-07-05 16:59:49,895 - INFO - productor: Enviadas 100 aeronaves al topic 'adsb.aeronaves'.
2025-07-05 16:59:49,921 - INFO - productor: Enviadas 100 aeronaves al topic 'adsb.aeronaves'.
2025-07-05 16:59:49,940 - INFO - productor: Enviadas 100 aeronaves al topic 'adsb.aeronaves'.
2025-07-05 16:59:59,876 - INFO - productor: Enviadas 100 aeronaves al topic 'adsb.aeronaves'.
2025-07-05 16:59:59,906 - INFO - productor: Enviadas 100 aeronaves al topic 'adsb.aeronaves'.
2025-07-05 16:59:59,910 - INFO - productor: Enviadas 100 aeronaves al topic 'adsb.aeronaves'.
2025-07-05 16:59:59,914 - INFO - productor: Enviadas 100 aeronaves al topic 'adsb.aeronaves'.
2025-07-05 16:59:59,962 - INFO - productor: Enviadas 100 aeronaves al topic 'adsb.aeronaves'.
2025-07-05 17:00:09,863 - INFO - productor: Enviadas 100 aeronaves al topic 'adsb.aeronaves'.
2025-07-05 17:00:09,889 - INFO - productor: Enviadas 100 aeronaves al topic 'adsb.aeronaves'.
2025-07-05 17:00:09,905 - INFO - productor: Enviadas 100 aeronaves al topic 'adsb.aeronaves'.
2025-07-05 17:00:09,908 - INFO - productor: Enviadas 100 aeronaves al topic 'adsb.aeronaves'.
2025-07-05 17:00:09,916 - INFO - productor: Enviadas 100 aeronaves al topic 'adsb.aeronaves'.
2025-07-05 17:00:19,858 - INFO - productor: Enviadas 100 aeronaves al topic 'adsb.aeronaves'.
2025-07-05 17:00:19,872 - INFO - productor: Enviadas 100 aeronaves al topic 'adsb.aeronaves'.
2025-07-05 17:00:19,901 - INFO - productor: Enviadas 100 aeronaves al topic 'adsb.aeronaves'.
2025-07-05 17:00:19,910 - INFO - productor: Enviadas 100 aeronaves al topic 'adsb.aeronaves'.
2025-07-05 17:00:19,923 - INFO - productor: Enviadas 100 aeronaves al topic 'adsb.aeronaves'.
2025-07-05 17:00:29,870 - INFO - productor: Enviadas 100 aeronaves al topic 'adsb.aeronaves'.
2025-07-05 17:00:29,886 - INFO - productor: Enviadas 100 aeronaves al topic 'adsb.aeronaves'.
2025-07-05 17:00:29,905 - INFO - productor: Enviadas 100 aeronaves al topic 'adsb.aeronaves'.
2025-07-05 17:00:29,918 - INFO - productor: Enviadas 100 aeronaves al topic 'adsb.aeronaves'.
2025-07-05 17:00:29,938 - INFO - productor: Enviadas 100 aeronaves al topic 'adsb.aeronaves'.
2025-07-05 17:00:39,863 - INFO - productor: Enviadas 100 aeronaves al topic 'adsb.aeronaves'.
2025-07-05 17:00:39,877 - INFO - productor: Enviadas 100 aeronaves al topic 'adsb.aeronaves'.
2025-07-05 17:00:39,903 - INFO - productor: Enviadas 100 aeronaves al topic 'adsb.aeronaves'.
2025-07-05 17:00:39,931 - INFO - productor: Enviadas 100 aeronaves al topic 'adsb.aeronaves'.
2025-07-05 17:00:39,960 - INFO - productor: Enviadas 100 aeronaves al topic 'adsb.aeronaves'.
2025-07-05 17:00:49,864 - INFO - productor: Enviadas 100 aeronaves al topic 'adsb.aeronaves'.
2025-07-05 17:00:49,879 - INFO - productor: Enviadas 100 aeronaves al topic 'adsb.aeronaves'.
2025-07-05 17:00:49,905 - INFO - productor: Enviadas 100 aeronaves al topic 'adsb.aeronaves'.
2025-07-05 17:00:49,909 - INFO - productor: Enviadas 100 aeronaves al topic 'adsb.aeronaves'.
2025-07-05 17:00:49,924 - INFO - productor: Enviadas 100 aeronaves al topic 'adsb.aeronaves'.
2025-07-05 17:00:59,864 - INFO - productor: Enviadas 100 aeronaves al topic 'adsb.aeronaves'.
2025-07-05 17:00:59,889 - INFO - productor: Enviadas 100 aeronaves al topic 'adsb.aeronaves'.
2025-07-05 17:00:59,923 - INFO - productor: Enviadas 100 aeronaves al topic 'adsb.aeronaves'.
2025-07-05 17:00:59,964 - INFO - productor: Enviadas 100 aeronaves al topic 'adsb.aeronaves'.
2025-07-05 17:00:59,982 - INFO - productor: Enviadas 100 aeronaves al topic 'adsb.aeronaves'.
2025-07-05 17:01:09,859 - INFO - productor: Enviadas 100 aeronaves al topic 'adsb.aeronaves'.
2025-07-05 17:01:09,873 - INFO - productor: Enviadas 100 aeronaves al topic 'adsb.aeronaves'.
2025-07-05 17:01:09,902 - INFO - productor: Enviadas 100 aeronaves al topic 'adsb.aeronaves'.
2025-07-05 17:01:09,939 - INFO - productor: Enviadas 100 aeronaves al topic 'adsb.aeronaves'.
2025-07-05 17:01:09,948 - INFO - productor: Enviadas 100 aeronaves al topic 'adsb.aeronaves'.
2025-07-05 17:01:19,862 - INFO - productor: Enviadas 100 aeronaves al topic 'adsb.aeronaves'.
2025-07-05 17:01:19,882 - INFO - productor: Enviadas 100 aeronaves al topic 'adsb.aeronaves'.
2025-07-05 17:01:19,913 - INFO - productor: Enviadas 100 aeronaves al topic 'adsb.aeronaves'.
2025-07-05 17:01:19,926 - INFO - productor: Enviadas 100 aeronaves al topic 'adsb.aeronaves'.
2025-07-05 17:01:19,958 - INFO - productor: Enviadas 100 aeronaves al topic 'adsb.aeronaves'.
2025-07-05 17:01:29,865 - INFO - productor: Enviadas 100 aeronaves al topic 'adsb.aeronaves'.
2025-07-05 17:01:29,894 - INFO - productor: Enviadas 100 aeronaves al topic 'adsb.aeronaves'.
2025-07-05 17:01:29,904 - INFO - productor: Enviadas 100 aeronaves al topic 'adsb.aeronaves'.
2025-07-05 17:01:29,957 - INFO - productor: Enviadas 100 aeronaves al topic 'adsb.aeronaves'.
2025-07-05 17:01:29,964 - INFO - productor: Enviadas 100 aeronaves al topic 'adsb.aeronaves'.
2025-07-05 17:01:39,867 - INFO - productor: Enviadas 100 aeronaves al topic 'adsb.aeronaves'.
2025-07-05 17:01:39,883 - INFO - productor: Enviadas 100 aeronaves al topic 'adsb.aeronaves'.
2025-07-05 17:01:39,893 - INFO - productor: Enviadas 100 aeronaves al topic 'adsb.aeronaves'.
2025-07-05 17:01:39,925 - INFO - productor: Enviadas 100 aeronaves al topic 'adsb.aeronaves'.
2025-07-05 17:01:39,933 - INFO - productor: Enviadas 100 aeronaves al topic 'adsb.aeronaves'.
2025-07-05 17:01:49,866 - INFO - productor: Enviadas 100 aeronaves al topic 'adsb.aeronaves'.
2025-07-05 17:01:49,893 - INFO - productor: Enviadas 100 aeronaves al topic 'adsb.aeronaves'.
2025-07-05 17:01:49,907 - INFO - productor: Enviadas 100 aeronaves al topic 'adsb.aeronaves'.
2025-07-05 17:01:49,944 - INFO - productor: Enviadas 100 aeronaves al topic 'adsb.aeronaves'.
2025-07-05 17:01:49,963 - INFO - productor: Enviadas 100 aeronaves al topic 'adsb.aeronaves'.
2025-07-05 17:01:59,872 - INFO - productor: Enviadas 100 aeronaves al topic 'adsb.aeronaves'.
2025-07-05 17:01:59,895 - INFO - productor: Enviadas 100 aeronaves al topic 'adsb.aeronaves'.
2025-07-05 17:01:59,925 - INFO - productor: Enviadas 100 aeronaves al topic 'adsb.aeronaves'.
2025-07-05 17:01:59,941 - INFO - productor: Enviadas 100 aeronaves al topic 'adsb.aeronaves'.
2025-07-05 17:01:59,974 - INFO - productor: Enviadas 100 aeronaves al topic 'adsb.aeronaves'.
2025-07-05 17:02:09,856 - INFO - productor: Enviadas 100 aeronaves al topic 'adsb.aeronaves'.
2025-07-05 17:02:09,878 - INFO - productor: Enviadas 100 aeronaves al topic 'adsb.aeronaves'.
2025-07-05 17:02:09,890 - INFO - productor: Enviadas 100 aeronaves al topic 'adsb.aeronaves'.
2025-07-05 17:02:09,913 - INFO - productor: Enviadas 100 aeronaves al topic 'adsb.aeronaves'.
2025-07-05 17:02:09,921 - INFO - productor: Enviadas 100 aeronaves al topic 'adsb.aeronaves'.
2025-07-05 17:02:19,867 - INFO - productor: Enviadas 100 aeronaves al topic 'adsb.aeronaves'.
2025-07-05 17:02:19,886 - INFO - productor: Enviadas 100 aeronaves al topic 'adsb.aeronaves'.
2025-07-05 17:02:19,912 - INFO - productor: Enviadas 100 aeronaves al topic 'adsb.aeronaves'.
2025-07-05 17:02:19,941 - INFO - productor: Enviadas 100 aeronaves al topic 'adsb.aeronaves'.
2025-07-05 17:02:19,952 - INFO - productor: Enviadas 100 aeronaves al topic 'adsb.aeronaves'.
2025-07-05 17:02:29,862 - INFO - productor: Enviadas 100 aeronaves al topic 'adsb.aeronaves'.
2025-07-05 17:02:29,871 - INFO - productor: Enviadas 100 aeronaves al topic 'adsb.aeronaves'.
2025-07-05 17:02:29,885 - INFO - productor: Enviadas 100 aeronaves al topic 'adsb.aeronaves'.
2025-07-05 17:02:29,920 - INFO - productor: Enviadas 100 aeronaves al topic 'adsb.aeronaves'.
2025-07-05 17:02:29,924 - INFO - productor: Enviadas 100 aeronaves al topic 'adsb.aeronaves'.
2025-07-05 17:02:39,871 - INFO - productor: Enviadas 100 aeronaves al topic 'adsb.aeronaves'.
2025-07-05 17:02:39,883 - INFO - productor: Enviadas 100 aeronaves al topic 'adsb.aeronaves'.
2025-07-05 17:02:39,903 - INFO - productor: Enviadas 100 aeronaves al topic 'adsb.aeronaves'.
2025-07-05 17:02:40,062 - INFO - productor: Enviadas 100 aeronaves al topic 'adsb.aeronaves'.
2025-07-05 17:02:40,073 - INFO - productor: Enviadas 100 aeronaves al topic 'adsb.aeronaves'.
2025-07-05 17:02:49,867 - INFO - productor: Enviadas 100 aeronaves al topic 'adsb.aeronaves'.
2025-07-05 17:02:49,883 - INFO - productor: Enviadas 100 aeronaves al topic 'adsb.aeronaves'.
2025-07-05 17:02:49,897 - INFO - productor: Enviadas 100 aeronaves al topic 'adsb.aeronaves'.
2025-07-05 17:02:49,908 - INFO - productor: Enviadas 100 aeronaves al topic 'adsb.aeronaves'.
2025-07-05 17:02:49,917 - INFO - productor: Enviadas 100 aeronaves al topic 'adsb.aeronaves'.
2025-07-05 17:02:59,867 - INFO - productor: Enviadas 100 aeronaves al topic 'adsb.aeronaves'.
2025-07-05 17:02:59,882 - INFO - productor: Enviadas 100 aeronaves al topic 'adsb.aeronaves'.
2025-07-05 17:02:59,916 - INFO - productor: Enviadas 100 aeronaves al topic 'adsb.aeronaves'.
2025-07-05 17:02:59,938 - INFO - productor: Enviadas 100 aeronaves al topic 'adsb.aeronaves'.
2025-07-05 17:02:59,995 - INFO - productor: Enviadas 100 aeronaves al topic 'adsb.aeronaves'.
2025-07-05 17:03:09,920 - INFO - productor: Enviadas 100 aeronaves al topic 'adsb.aeronaves'.
2025-07-05 17:03:09,963 - INFO - productor: Enviadas 100 aeronaves al topic 'adsb.aeronaves'.
2025-07-05 17:03:10,006 - INFO - productor: Enviadas 100 aeronaves al topic 'adsb.aeronaves'.
2025-07-05 17:03:10,011 - INFO - productor: Enviadas 100 aeronaves al topic 'adsb.aeronaves'.
2025-07-05 17:03:10,195 - INFO - productor: Enviadas 100 aeronaves al topic 'adsb.aeronaves'.
2025-07-05 17:03:19,867 - INFO - productor: Enviadas 100 aeronaves al topic 'adsb.aeronaves'.
2025-07-05 17:03:19,893 - INFO - productor: Enviadas 100 aeronaves al topic 'adsb.aeronaves'.
2025-07-05 17:03:19,914 - INFO - productor: Enviadas 100 aeronaves al topic 'adsb.aeronaves'.
2025-07-05 17:03:19,951 - INFO - productor: Enviadas 100 aeronaves al topic 'adsb.aeronaves'.
2025-07-05 17:03:19,978 - INFO - productor: Enviadas 100 aeronaves al topic 'adsb.aeronaves'.
2025-07-05 17:03:29,864 - INFO - productor: Enviadas 100 aeronaves al topic 'adsb.aeronaves'.
2025-07-05 17:03:29,881 - INFO - productor: Enviadas 100 aeronaves al topic 'adsb.aeronaves'.
2025-07-05 17:03:29,940 - INFO - productor: Enviadas 100 aeronaves al topic 'adsb.aeronaves'.
2025-07-05 17:03:29,962 - INFO - productor: Enviadas 100 aeronaves al topic 'adsb.aeronaves'.
2025-07-05 17:03:29,968 - INFO - productor: Enviadas 100 aeronaves al topic 'adsb.aeronaves'.
2025-07-12 17:41:04,988 - INFO - <BrokerConnection node_id=bootstrap-0 host=kafka:9092 <connecting> [IPv4 ('172.18.0.2', 9092)]>: connecting to kafka:9092 [('172.18.0.2', 9092) IPv4]
2025-07-12 17:41:04,989 - INFO - Probing node bootstrap-0 broker version
2025-07-12 17:41:04,991 - INFO - <BrokerConnection node_id=bootstrap-0 host=kafka:9092 <connecting> [IPv4 ('172.18.0.2', 9092)]>: Connection complete.
2025-07-12 17:41:05,102 - INFO - Broker version identified as 2.5.0
2025-07-12 17:41:05,103 - INFO - Set configuration api_version=(2, 5, 0) to skip auto check_version requests on startup
2025-07-12 17:41:07,714 - INFO - productor: Datos cargados desde /app/data/aeronaves_completo.json.
2025-07-12 17:41:47,739 - INFO - productor: Enviadas 19 aeronaves al topic 'adsb.aeronaves'.
2025-07-12 17:41:47,741 - INFO - <BrokerConnection node_id=1 host=kafka:9092 <connecting> [IPv4 ('172.18.0.2', 9092)]>: connecting to kafka:9092 [('172.18.0.2', 9092) IPv4]
2025-07-12 17:41:47,742 - INFO - <BrokerConnection node_id=1 host=kafka:9092 <connecting> [IPv4 ('172.18.0.2', 9092)]>: Connection complete.
2025-07-12 17:41:47,743 - INFO - <BrokerConnection node_id=bootstrap-0 host=kafka:9092 <connected> [IPv4 ('172.18.0.2', 9092)]>: Closing connection. 
2025-07-12 17:41:57,728 - INFO - productor: Enviadas 100 aeronaves al topic 'adsb.aeronaves'.
2025-07-12 17:41:57,748 - INFO - productor: Enviadas 100 aeronaves al topic 'adsb.aeronaves'.
2025-07-12 17:41:57,756 - INFO - productor: Enviadas 100 aeronaves al topic 'adsb.aeronaves'.
2025-07-12 17:41:57,787 - INFO - productor: Enviadas 100 aeronaves al topic 'adsb.aeronaves'.
2025-07-12 17:41:57,807 - INFO - productor: Enviadas 100 aeronaves al topic 'adsb.aeronaves'.
2025-07-12 17:42:07,726 - INFO - productor: Enviadas 100 aeronaves al topic 'adsb.aeronaves'.
2025-07-12 17:42:07,736 - INFO - productor: Enviadas 100 aeronaves al topic 'adsb.aeronaves'.
2025-07-12 17:42:07,749 - INFO - productor: Enviadas 100 aeronaves al topic 'adsb.aeronaves'.
2025-07-12 17:42:07,762 - INFO - productor: Enviadas 100 aeronaves al topic 'adsb.aeronaves'.
2025-07-12 17:42:07,769 - INFO - productor: Enviadas 100 aeronaves al topic 'adsb.aeronaves'.
2025-07-12 17:42:17,729 - INFO - productor: Enviadas 100 aeronaves al topic 'adsb.aeronaves'.
2025-07-12 17:42:17,752 - INFO - productor: Enviadas 100 aeronaves al topic 'adsb.aeronaves'.
2025-07-12 17:42:17,781 - INFO - productor: Enviadas 100 aeronaves al topic 'adsb.aeronaves'.
2025-07-12 17:42:17,797 - INFO - productor: Enviadas 100 aeronaves al topic 'adsb.aeronaves'.
2025-07-12 17:42:17,812 - INFO - productor: Enviadas 100 aeronaves al topic 'adsb.aeronaves'.
2025-07-12 17:42:27,727 - INFO - productor: Enviadas 100 aeronaves al topic 'adsb.aeronaves'.
2025-07-12 17:42:27,747 - INFO - productor: Enviadas 100 aeronaves al topic 'adsb.aeronaves'.
2025-07-12 17:42:27,776 - INFO - productor: Enviadas 100 aeronaves al topic 'adsb.aeronaves'.
2025-07-12 17:42:27,808 - INFO - productor: Enviadas 100 aeronaves al topic 'adsb.aeronaves'.
2025-07-12 17:42:27,812 - INFO - productor: Enviadas 100 aeronaves al topic 'adsb.aeronaves'.
2025-07-12 17:42:37,729 - INFO - productor: Enviadas 100 aeronaves al topic 'adsb.aeronaves'.
2025-07-12 17:42:37,745 - INFO - productor: Enviadas 100 aeronaves al topic 'adsb.aeronaves'.
2025-07-12 17:42:37,759 - INFO - productor: Enviadas 100 aeronaves al topic 'adsb.aeronaves'.
2025-07-12 17:42:37,772 - INFO - productor: Enviadas 100 aeronaves al topic 'adsb.aeronaves'.
2025-07-12 17:42:37,781 - INFO - productor: Enviadas 100 aeronaves al topic 'adsb.aeronaves'.
2025-07-12 17:42:47,728 - INFO - productor: Enviadas 100 aeronaves al topic 'adsb.aeronaves'.
2025-07-12 17:42:47,754 - INFO - productor: Enviadas 100 aeronaves al topic 'adsb.aeronaves'.
2025-07-12 17:42:47,770 - INFO - productor: Enviadas 100 aeronaves al topic 'adsb.aeronaves'.
2025-07-12 17:42:47,816 - INFO - productor: Enviadas 100 aeronaves al topic 'adsb.aeronaves'.
2025-07-12 17:42:47,854 - INFO - productor: Enviadas 100 aeronaves al topic 'adsb.aeronaves'.
2025-07-12 17:42:57,723 - INFO - productor: Enviadas 100 aeronaves al topic 'adsb.aeronaves'.
2025-07-12 17:42:57,744 - INFO - productor: Enviadas 100 aeronaves al topic 'adsb.aeronaves'.
2025-07-12 17:42:57,753 - INFO - productor: Enviadas 100 aeronaves al topic 'adsb.aeronaves'.
2025-07-12 17:42:57,786 - INFO - productor: Enviadas 100 aeronaves al topic 'adsb.aeronaves'.
2025-07-12 17:42:57,813 - INFO - productor: Enviadas 100 aeronaves al topic 'adsb.aeronaves'.
2025-07-12 17:43:07,733 - INFO - productor: Enviadas 100 aeronaves al topic 'adsb.aeronaves'.
2025-07-12 17:43:07,776 - INFO - productor: Enviadas 100 aeronaves al topic 'adsb.aeronaves'.
2025-07-12 17:43:07,824 - INFO - productor: Enviadas 100 aeronaves al topic 'adsb.aeronaves'.
2025-07-12 17:43:07,876 - INFO - productor: Enviadas 100 aeronaves al topic 'adsb.aeronaves'.
2025-07-12 17:43:08,024 - INFO - productor: Enviadas 100 aeronaves al topic 'adsb.aeronaves'.
2025-07-12 17:43:17,727 - INFO - productor: Enviadas 100 aeronaves al topic 'adsb.aeronaves'.
2025-07-12 17:43:17,754 - INFO - productor: Enviadas 100 aeronaves al topic 'adsb.aeronaves'.
2025-07-12 17:43:17,797 - INFO - productor: Enviadas 100 aeronaves al topic 'adsb.aeronaves'.
2025-07-12 17:43:17,832 - INFO - productor: Enviadas 100 aeronaves al topic 'adsb.aeronaves'.
2025-07-12 17:43:17,847 - INFO - productor: Enviadas 100 aeronaves al topic 'adsb.aeronaves'.
2025-07-12 17:43:27,727 - INFO - productor: Enviadas 100 aeronaves al topic 'adsb.aeronaves'.
2025-07-12 17:43:27,751 - INFO - productor: Enviadas 100 aeronaves al topic 'adsb.aeronaves'.
2025-07-12 17:43:27,780 - INFO - productor: Enviadas 100 aeronaves al topic 'adsb.aeronaves'.
2025-07-12 17:43:27,810 - INFO - productor: Enviadas 100 aeronaves al topic 'adsb.aeronaves'.
2025-07-12 17:43:27,845 - INFO - productor: Enviadas 100 aeronaves al topic 'adsb.aeronaves'.
2025-07-12 17:43:37,727 - INFO - productor: Enviadas 100 aeronaves al topic 'adsb.aeronaves'.
2025-07-12 17:43:37,741 - INFO - productor: Enviadas 100 aeronaves al topic 'adsb.aeronaves'.
2025-07-12 17:43:37,768 - INFO - productor: Enviadas 100 aeronaves al topic 'adsb.aeronaves'.
2025-07-12 17:43:37,799 - INFO - productor: Enviadas 100 aeronaves al topic 'adsb.aeronaves'.
2025-07-12 17:43:37,801 - INFO - productor: Enviadas 100 aeronaves al topic 'adsb.aeronaves'.
2025-07-12 17:43:47,728 - INFO - productor: Enviadas 100 aeronaves al topic 'adsb.aeronaves'.
2025-07-12 17:43:47,739 - INFO - productor: Enviadas 100 aeronaves al topic 'adsb.aeronaves'.
2025-07-12 17:43:47,755 - INFO - productor: Enviadas 100 aeronaves al topic 'adsb.aeronaves'.
2025-07-12 17:43:47,763 - INFO - productor: Enviadas 100 aeronaves al topic 'adsb.aeronaves'.
2025-07-12 17:43:47,786 - INFO - productor: Enviadas 100 aeronaves al topic 'adsb.aeronaves'.
2025-07-12 17:43:57,722 - INFO - productor: Enviadas 100 aeronaves al topic 'adsb.aeronaves'.
2025-07-12 17:43:57,752 - INFO - productor: Enviadas 100 aeronaves al topic 'adsb.aeronaves'.
2025-07-12 17:43:57,791 - INFO - productor: Enviadas 100 aeronaves al topic 'adsb.aeronaves'.
2025-07-12 17:43:57,804 - INFO - productor: Enviadas 100 aeronaves al topic 'adsb.aeronaves'.
2025-07-12 17:43:57,866 - INFO - productor: Enviadas 100 aeronaves al topic 'adsb.aeronaves'.
2025-07-12 17:44:07,719 - INFO - productor: Enviadas 100 aeronaves al topic 'adsb.aeronaves'.
2025-07-12 17:44:07,751 - INFO - productor: Enviadas 100 aeronaves al topic 'adsb.aeronaves'.
2025-07-12 17:44:07,781 - INFO - productor: Enviadas 100 aeronaves al topic 'adsb.aeronaves'.
2025-07-12 17:44:07,865 - INFO - productor: Enviadas 100 aeronaves al topic 'adsb.aeronaves'.
2025-07-12 17:44:07,890 - INFO - productor: Enviadas 100 aeronaves al topic 'adsb.aeronaves'.
2025-07-12 17:44:17,730 - INFO - productor: Enviadas 100 aeronaves al topic 'adsb.aeronaves'.
2025-07-12 17:44:17,771 - INFO - productor: Enviadas 100 aeronaves al topic 'adsb.aeronaves'.
2025-07-12 17:44:17,816 - INFO - productor: Enviadas 100 aeronaves al topic 'adsb.aeronaves'.
2025-07-12 17:44:17,931 - INFO - productor: Enviadas 100 aeronaves al topic 'adsb.aeronaves'.
2025-07-12 17:44:17,963 - INFO - productor: Enviadas 100 aeronaves al topic 'adsb.aeronaves'.
2025-07-12 17:44:27,729 - INFO - productor: Enviadas 100 aeronaves al topic 'adsb.aeronaves'.
2025-07-12 17:44:27,751 - INFO - productor: Enviadas 100 aeronaves al topic 'adsb.aeronaves'.
2025-07-12 17:44:27,764 - INFO - productor: Enviadas 100 aeronaves al topic 'adsb.aeronaves'.
2025-07-12 17:44:27,772 - INFO - productor: Enviadas 100 aeronaves al topic 'adsb.aeronaves'.
2025-07-12 17:44:27,788 - INFO - productor: Enviadas 100 aeronaves al topic 'adsb.aeronaves'.
2025-07-12 17:44:37,718 - INFO - productor: Enviadas 100 aeronaves al topic 'adsb.aeronaves'.
2025-07-12 17:44:37,738 - INFO - productor: Enviadas 100 aeronaves al topic 'adsb.aeronaves'.
2025-07-12 17:44:37,758 - INFO - productor: Enviadas 100 aeronaves al topic 'adsb.aeronaves'.
2025-07-12 17:44:37,786 - INFO - productor: Enviadas 100 aeronaves al topic 'adsb.aeronaves'.
2025-07-12 17:44:37,796 - INFO - productor: Enviadas 100 aeronaves al topic 'adsb.aeronaves'.
2025-07-12 17:44:47,728 - INFO - productor: Enviadas 100 aeronaves al topic 'adsb.aeronaves'.
2025-07-12 17:44:47,747 - INFO - productor: Enviadas 100 aeronaves al topic 'adsb.aeronaves'.
2025-07-12 17:44:47,777 - INFO - productor: Enviadas 100 aeronaves al topic 'adsb.aeronaves'.
2025-07-12 17:44:47,811 - INFO - productor: Enviadas 100 aeronaves al topic 'adsb.aeronaves'.
2025-07-12 17:44:47,827 - INFO - productor: Enviadas 100 aeronaves al topic 'adsb.aeronaves'.
2025-07-12 17:44:57,728 - INFO - productor: Enviadas 100 aeronaves al topic 'adsb.aeronaves'.
2025-07-12 17:44:57,744 - INFO - productor: Enviadas 100 aeronaves al topic 'adsb.aeronaves'.
2025-07-12 17:44:57,766 - INFO - productor: Enviadas 100 aeronaves al topic 'adsb.aeronaves'.
2025-07-12 17:44:57,775 - INFO - productor: Enviadas 100 aeronaves al topic 'adsb.aeronaves'.
2025-07-12 17:44:57,801 - INFO - productor: Enviadas 100 aeronaves al topic 'adsb.aeronaves'.
2025-07-12 17:45:07,719 - INFO - productor: Enviadas 100 aeronaves al topic 'adsb.aeronaves'.
2025-07-12 17:45:07,743 - INFO - productor: Enviadas 100 aeronaves al topic 'adsb.aeronaves'.
2025-07-12 17:45:07,756 - INFO - productor: Enviadas 100 aeronaves al topic 'adsb.aeronaves'.
2025-07-12 17:45:07,780 - INFO - productor: Enviadas 100 aeronaves al topic 'adsb.aeronaves'.
2025-07-12 17:45:07,824 - INFO - productor: Enviadas 100 aeronaves al topic 'adsb.aeronaves'.
2025-07-12 17:45:17,721 - INFO - productor: Enviadas 100 aeronaves al topic 'adsb.aeronaves'.
2025-07-12 17:45:17,734 - INFO - productor: Enviadas 100 aeronaves al topic 'adsb.aeronaves'.
2025-07-12 17:45:17,744 - INFO - productor: Enviadas 100 aeronaves al topic 'adsb.aeronaves'.
2025-07-12 17:45:17,760 - INFO - productor: Enviadas 100 aeronaves al topic 'adsb.aeronaves'.
2025-07-12 17:45:17,777 - INFO - productor: Enviadas 100 aeronaves al topic 'adsb.aeronaves'.
2025-07-12 17:45:27,719 - INFO - productor: Enviadas 100 aeronaves al topic 'adsb.aeronaves'.
2025-07-12 17:45:27,740 - INFO - productor: Enviadas 100 aeronaves al topic 'adsb.aeronaves'.
2025-07-12 17:45:27,749 - INFO - productor: Enviadas 100 aeronaves al topic 'adsb.aeronaves'.
2025-07-12 17:45:27,802 - INFO - productor: Enviadas 100 aeronaves al topic 'adsb.aeronaves'.
2025-07-12 17:45:27,818 - INFO - productor: Enviadas 100 aeronaves al topic 'adsb.aeronaves'.
2025-07-12 17:45:37,725 - INFO - productor: Enviadas 100 aeronaves al topic 'adsb.aeronaves'.
2025-07-12 17:45:37,742 - INFO - productor: Enviadas 100 aeronaves al topic 'adsb.aeronaves'.
2025-07-12 17:45:37,756 - INFO - productor: Enviadas 100 aeronaves al topic 'adsb.aeronaves'.
2025-07-12 17:45:37,762 - INFO - productor: Enviadas 100 aeronaves al topic 'adsb.aeronaves'.
2025-07-12 17:45:37,818 - INFO - productor: Enviadas 100 aeronaves al topic 'adsb.aeronaves'.
2025-07-12 17:45:47,728 - INFO - productor: Enviadas 100 aeronaves al topic 'adsb.aeronaves'.
2025-07-12 17:45:47,743 - INFO - productor: Enviadas 100 aeronaves al topic 'adsb.aeronaves'.
2025-07-12 17:45:47,752 - INFO - productor: Enviadas 100 aeronaves al topic 'adsb.aeronaves'.
2025-07-12 17:45:47,776 - INFO - productor: Enviadas 100 aeronaves al topic 'adsb.aeronaves'.
2025-07-12 17:45:47,798 - INFO - productor: Enviadas 100 aeronaves al topic 'adsb.aeronaves'.
2025-07-12 17:45:57,728 - INFO - productor: Enviadas 100 aeronaves al topic 'adsb.aeronaves'.
2025-07-12 17:45:57,754 - INFO - productor: Enviadas 100 aeronaves al topic 'adsb.aeronaves'.
2025-07-12 17:45:57,833 - INFO - productor: Enviadas 100 aeronaves al topic 'adsb.aeronaves'.
2025-07-12 17:45:57,847 - INFO - productor: Enviadas 100 aeronaves al topic 'adsb.aeronaves'.
2025-07-12 17:45:57,898 - INFO - productor: Enviadas 100 aeronaves al topic 'adsb.aeronaves'.
2025-07-12 17:46:07,718 - INFO - productor: Enviadas 100 aeronaves al topic 'adsb.aeronaves'.
2025-07-12 17:46:07,737 - INFO - productor: Enviadas 100 aeronaves al topic 'adsb.aeronaves'.
2025-07-12 17:46:07,747 - INFO - productor: Enviadas 100 aeronaves al topic 'adsb.aeronaves'.
2025-07-12 17:46:07,758 - INFO - productor: Enviadas 100 aeronaves al topic 'adsb.aeronaves'.
2025-07-12 17:46:07,781 - INFO - productor: Enviadas 100 aeronaves al topic 'adsb.aeronaves'.
2025-07-12 17:46:17,726 - INFO - productor: Enviadas 100 aeronaves al topic 'adsb.aeronaves'.
2025-07-12 17:46:17,752 - INFO - productor: Enviadas 100 aeronaves al topic 'adsb.aeronaves'.
2025-07-12 17:46:17,776 - INFO - productor: Enviadas 100 aeronaves al topic 'adsb.aeronaves'.
2025-07-12 17:46:17,825 - INFO - productor: Enviadas 100 aeronaves al topic 'adsb.aeronaves'.
2025-07-12 17:46:17,847 - INFO - productor: Enviadas 100 aeronaves al topic 'adsb.aeronaves'.
2025-07-12 17:46:27,729 - INFO - productor: Enviadas 100 aeronaves al topic 'adsb.aeronaves'.
2025-07-12 17:46:27,754 - INFO - productor: Enviadas 100 aeronaves al topic 'adsb.aeronaves'.
2025-07-12 17:46:27,764 - INFO - productor: Enviadas 100 aeronaves al topic 'adsb.aeronaves'.
2025-07-12 17:46:27,802 - INFO - productor: Enviadas 100 aeronaves al topic 'adsb.aeronaves'.
2025-07-12 17:46:27,924 - INFO - productor: Enviadas 100 aeronaves al topic 'adsb.aeronaves'.
2025-07-12 17:58:57,648 - INFO - <BrokerConnection node_id=bootstrap-0 host=kafka:9092 <connecting> [IPv4 ('172.18.0.2', 9092)]>: connecting to kafka:9092 [('172.18.0.2', 9092) IPv4]
2025-07-12 17:58:57,649 - INFO - Probing node bootstrap-0 broker version
2025-07-12 17:58:57,653 - INFO - <BrokerConnection node_id=bootstrap-0 host=kafka:9092 <connecting> [IPv4 ('172.18.0.2', 9092)]>: Connection complete.
2025-07-12 17:58:57,761 - INFO - Broker version identified as 2.5.0
2025-07-12 17:58:57,762 - INFO - Set configuration api_version=(2, 5, 0) to skip auto check_version requests on startup
2025-07-12 17:59:00,228 - INFO - productor: Datos cargados desde /app/data/aeronaves_completo.json.
2025-07-12 17:59:40,269 - INFO - productor: Enviadas 19 aeronaves al topic 'adsb.aeronaves'.
2025-07-12 17:59:40,270 - INFO - <BrokerConnection node_id=1 host=kafka:9092 <connecting> [IPv4 ('172.18.0.2', 9092)]>: connecting to kafka:9092 [('172.18.0.2', 9092) IPv4]
2025-07-12 17:59:40,271 - INFO - <BrokerConnection node_id=1 host=kafka:9092 <connecting> [IPv4 ('172.18.0.2', 9092)]>: Connection complete.
2025-07-12 17:59:40,273 - INFO - <BrokerConnection node_id=bootstrap-0 host=kafka:9092 <connected> [IPv4 ('172.18.0.2', 9092)]>: Closing connection. 
2025-07-12 17:59:50,231 - INFO - productor: Enviadas 100 aeronaves al topic 'adsb.aeronaves'.
2025-07-12 17:59:50,247 - INFO - productor: Enviadas 100 aeronaves al topic 'adsb.aeronaves'.
2025-07-12 17:59:50,253 - INFO - productor: Enviadas 100 aeronaves al topic 'adsb.aeronaves'.
2025-07-12 17:59:50,262 - INFO - productor: Enviadas 100 aeronaves al topic 'adsb.aeronaves'.
2025-07-12 17:59:50,292 - INFO - productor: Enviadas 100 aeronaves al topic 'adsb.aeronaves'.
2025-07-12 18:00:00,240 - INFO - productor: Enviadas 100 aeronaves al topic 'adsb.aeronaves'.
2025-07-12 18:00:00,254 - INFO - productor: Enviadas 100 aeronaves al topic 'adsb.aeronaves'.
2025-07-12 18:00:00,262 - INFO - productor: Enviadas 100 aeronaves al topic 'adsb.aeronaves'.
2025-07-12 18:00:00,265 - INFO - productor: Enviadas 100 aeronaves al topic 'adsb.aeronaves'.
2025-07-12 18:00:00,295 - INFO - productor: Enviadas 100 aeronaves al topic 'adsb.aeronaves'.
2025-07-12 18:00:10,246 - INFO - productor: Enviadas 100 aeronaves al topic 'adsb.aeronaves'.
2025-07-12 18:00:10,501 - INFO - productor: Enviadas 100 aeronaves al topic 'adsb.aeronaves'.
2025-07-12 18:00:10,566 - INFO - productor: Enviadas 100 aeronaves al topic 'adsb.aeronaves'.
2025-07-12 18:00:10,587 - INFO - productor: Enviadas 100 aeronaves al topic 'adsb.aeronaves'.
2025-07-12 18:00:10,674 - INFO - productor: Enviadas 100 aeronaves al topic 'adsb.aeronaves'.
2025-07-12 18:01:33,226 - INFO - <BrokerConnection node_id=bootstrap-0 host=kafka:9092 <connecting> [IPv4 ('172.18.0.3', 9092)]>: connecting to kafka:9092 [('172.18.0.3', 9092) IPv4]
2025-07-12 18:01:33,227 - INFO - Probing node bootstrap-0 broker version
2025-07-12 18:01:33,229 - INFO - <BrokerConnection node_id=bootstrap-0 host=kafka:9092 <connecting> [IPv4 ('172.18.0.3', 9092)]>: Connection complete.
2025-07-12 18:01:33,339 - INFO - Broker version identified as 2.5.0
2025-07-12 18:01:33,340 - INFO - Set configuration api_version=(2, 5, 0) to skip auto check_version requests on startup
2025-07-12 18:01:34,753 - INFO - productor: Datos cargados desde /app/data/aeronaves_completo.json.
2025-07-12 18:02:14,796 - INFO - productor: Enviadas 19 aeronaves al topic 'adsb.aeronaves'.
2025-07-12 18:02:14,797 - INFO - <BrokerConnection node_id=1 host=kafka:9092 <connecting> [IPv4 ('172.18.0.3', 9092)]>: connecting to kafka:9092 [('172.18.0.3', 9092) IPv4]
2025-07-12 18:02:14,798 - INFO - <BrokerConnection node_id=1 host=kafka:9092 <connecting> [IPv4 ('172.18.0.3', 9092)]>: Connection complete.
2025-07-12 18:02:14,801 - INFO - <BrokerConnection node_id=bootstrap-0 host=kafka:9092 <connected> [IPv4 ('172.18.0.3', 9092)]>: Closing connection. 
2025-07-12 18:02:24,757 - INFO - productor: Enviadas 100 aeronaves al topic 'adsb.aeronaves'.
2025-07-12 18:02:24,777 - INFO - productor: Enviadas 100 aeronaves al topic 'adsb.aeronaves'.
2025-07-12 18:02:24,780 - INFO - productor: Enviadas 100 aeronaves al topic 'adsb.aeronaves'.
2025-07-12 18:02:24,807 - INFO - productor: Enviadas 100 aeronaves al topic 'adsb.aeronaves'.
2025-07-12 18:02:24,823 - INFO - productor: Enviadas 100 aeronaves al topic 'adsb.aeronaves'.
2025-07-12 18:02:34,765 - INFO - productor: Enviadas 100 aeronaves al topic 'adsb.aeronaves'.
2025-07-12 18:02:34,774 - INFO - productor: Enviadas 100 aeronaves al topic 'adsb.aeronaves'.
2025-07-12 18:02:34,783 - INFO - productor: Enviadas 100 aeronaves al topic 'adsb.aeronaves'.
2025-07-12 18:02:34,810 - INFO - productor: Enviadas 100 aeronaves al topic 'adsb.aeronaves'.
2025-07-12 18:02:34,820 - INFO - productor: Enviadas 100 aeronaves al topic 'adsb.aeronaves'.
2025-07-12 18:02:44,765 - INFO - productor: Enviadas 100 aeronaves al topic 'adsb.aeronaves'.
2025-07-12 18:02:44,778 - INFO - productor: Enviadas 100 aeronaves al topic 'adsb.aeronaves'.
2025-07-12 18:02:44,789 - INFO - productor: Enviadas 100 aeronaves al topic 'adsb.aeronaves'.
2025-07-12 18:02:44,821 - INFO - productor: Enviadas 100 aeronaves al topic 'adsb.aeronaves'.
2025-07-12 18:02:44,842 - INFO - productor: Enviadas 100 aeronaves al topic 'adsb.aeronaves'.
2025-07-12 18:02:54,763 - INFO - productor: Enviadas 100 aeronaves al topic 'adsb.aeronaves'.
2025-07-12 18:02:54,791 - INFO - productor: Enviadas 100 aeronaves al topic 'adsb.aeronaves'.
2025-07-12 18:02:54,794 - INFO - productor: Enviadas 100 aeronaves al topic 'adsb.aeronaves'.
2025-07-12 18:02:54,806 - INFO - productor: Enviadas 100 aeronaves al topic 'adsb.aeronaves'.
2025-07-12 18:02:54,834 - INFO - productor: Enviadas 100 aeronaves al topic 'adsb.aeronaves'.
2025-07-12 18:03:04,766 - INFO - productor: Enviadas 100 aeronaves al topic 'adsb.aeronaves'.
2025-07-12 18:03:04,788 - INFO - productor: Enviadas 100 aeronaves al topic 'adsb.aeronaves'.
2025-07-12 18:03:04,810 - INFO - productor: Enviadas 100 aeronaves al topic 'adsb.aeronaves'.
2025-07-12 18:03:04,824 - INFO - productor: Enviadas 100 aeronaves al topic 'adsb.aeronaves'.
2025-07-12 18:03:04,838 - INFO - productor: Enviadas 100 aeronaves al topic 'adsb.aeronaves'.
2025-07-12 18:03:14,766 - INFO - productor: Enviadas 100 aeronaves al topic 'adsb.aeronaves'.
2025-07-12 18:03:14,791 - INFO - productor: Enviadas 100 aeronaves al topic 'adsb.aeronaves'.
2025-07-12 18:03:14,794 - INFO - productor: Enviadas 100 aeronaves al topic 'adsb.aeronaves'.
2025-07-12 18:03:14,797 - INFO - productor: Enviadas 100 aeronaves al topic 'adsb.aeronaves'.
2025-07-12 18:03:14,875 - INFO - productor: Enviadas 100 aeronaves al topic 'adsb.aeronaves'.
2025-07-12 18:03:24,766 - INFO - productor: Enviadas 100 aeronaves al topic 'adsb.aeronaves'.
2025-07-12 18:03:24,787 - INFO - productor: Enviadas 100 aeronaves al topic 'adsb.aeronaves'.
2025-07-12 18:03:24,867 - INFO - productor: Enviadas 100 aeronaves al topic 'adsb.aeronaves'.
2025-07-12 18:03:25,014 - INFO - productor: Enviadas 100 aeronaves al topic 'adsb.aeronaves'.
2025-07-12 18:03:25,122 - INFO - productor: Enviadas 100 aeronaves al topic 'adsb.aeronaves'.
2025-07-12 18:03:34,763 - INFO - productor: Enviadas 100 aeronaves al topic 'adsb.aeronaves'.
2025-07-12 18:03:34,778 - INFO - productor: Enviadas 100 aeronaves al topic 'adsb.aeronaves'.
2025-07-12 18:03:34,785 - INFO - productor: Enviadas 100 aeronaves al topic 'adsb.aeronaves'.
2025-07-12 18:03:34,819 - INFO - productor: Enviadas 100 aeronaves al topic 'adsb.aeronaves'.
2025-07-12 18:03:34,834 - INFO - productor: Enviadas 100 aeronaves al topic 'adsb.aeronaves'.
2025-07-12 18:03:44,756 - INFO - productor: Enviadas 100 aeronaves al topic 'adsb.aeronaves'.
2025-07-12 18:03:44,770 - INFO - productor: Enviadas 100 aeronaves al topic 'adsb.aeronaves'.
2025-07-12 18:03:44,785 - INFO - productor: Enviadas 100 aeronaves al topic 'adsb.aeronaves'.
2025-07-12 18:03:44,854 - INFO - productor: Enviadas 100 aeronaves al topic 'adsb.aeronaves'.
2025-07-12 18:03:44,860 - INFO - productor: Enviadas 100 aeronaves al topic 'adsb.aeronaves'.
2025-07-12 18:03:54,766 - INFO - productor: Enviadas 100 aeronaves al topic 'adsb.aeronaves'.
2025-07-12 18:03:54,796 - INFO - productor: Enviadas 100 aeronaves al topic 'adsb.aeronaves'.
2025-07-12 18:03:54,812 - INFO - productor: Enviadas 100 aeronaves al topic 'adsb.aeronaves'.
2025-07-12 18:03:54,830 - INFO - productor: Enviadas 100 aeronaves al topic 'adsb.aeronaves'.
2025-07-12 18:03:55,022 - INFO - productor: Enviadas 100 aeronaves al topic 'adsb.aeronaves'.
2025-07-12 18:04:04,766 - INFO - productor: Enviadas 100 aeronaves al topic 'adsb.aeronaves'.
2025-07-12 18:04:04,798 - INFO - productor: Enviadas 100 aeronaves al topic 'adsb.aeronaves'.
2025-07-12 18:04:04,838 - INFO - productor: Enviadas 100 aeronaves al topic 'adsb.aeronaves'.
2025-07-12 18:04:04,850 - INFO - productor: Enviadas 100 aeronaves al topic 'adsb.aeronaves'.
2025-07-12 18:04:04,861 - INFO - productor: Enviadas 100 aeronaves al topic 'adsb.aeronaves'.
2025-07-12 18:04:14,765 - INFO - productor: Enviadas 100 aeronaves al topic 'adsb.aeronaves'.
2025-07-12 18:04:14,783 - INFO - productor: Enviadas 100 aeronaves al topic 'adsb.aeronaves'.
2025-07-12 18:04:14,799 - INFO - productor: Enviadas 100 aeronaves al topic 'adsb.aeronaves'.
2025-07-12 18:04:14,809 - INFO - productor: Enviadas 100 aeronaves al topic 'adsb.aeronaves'.
2025-07-12 18:04:14,831 - INFO - productor: Enviadas 100 aeronaves al topic 'adsb.aeronaves'.
2025-07-12 18:04:24,767 - INFO - productor: Enviadas 100 aeronaves al topic 'adsb.aeronaves'.
2025-07-12 18:04:24,782 - INFO - productor: Enviadas 100 aeronaves al topic 'adsb.aeronaves'.
2025-07-12 18:04:24,789 - INFO - productor: Enviadas 100 aeronaves al topic 'adsb.aeronaves'.
2025-07-12 18:04:24,792 - INFO - productor: Enviadas 100 aeronaves al topic 'adsb.aeronaves'.
2025-07-12 18:04:24,829 - INFO - productor: Enviadas 100 aeronaves al topic 'adsb.aeronaves'.
2025-07-12 18:04:34,759 - INFO - productor: Enviadas 100 aeronaves al topic 'adsb.aeronaves'.
2025-07-12 18:04:34,768 - INFO - productor: Enviadas 100 aeronaves al topic 'adsb.aeronaves'.
2025-07-12 18:04:34,776 - INFO - productor: Enviadas 100 aeronaves al topic 'adsb.aeronaves'.
2025-07-12 18:04:34,820 - INFO - productor: Enviadas 100 aeronaves al topic 'adsb.aeronaves'.
2025-07-12 18:04:34,944 - INFO - productor: Enviadas 100 aeronaves al topic 'adsb.aeronaves'.
2025-07-12 18:04:44,764 - INFO - productor: Enviadas 100 aeronaves al topic 'adsb.aeronaves'.
2025-07-12 18:04:44,773 - INFO - productor: Enviadas 100 aeronaves al topic 'adsb.aeronaves'.
2025-07-12 18:04:44,792 - INFO - productor: Enviadas 100 aeronaves al topic 'adsb.aeronaves'.
2025-07-12 18:04:44,807 - INFO - productor: Enviadas 100 aeronaves al topic 'adsb.aeronaves'.
2025-07-12 18:04:44,823 - INFO - productor: Enviadas 100 aeronaves al topic 'adsb.aeronaves'.
2025-07-12 18:04:54,783 - INFO - productor: Enviadas 100 aeronaves al topic 'adsb.aeronaves'.
2025-07-12 18:04:54,819 - INFO - productor: Enviadas 100 aeronaves al topic 'adsb.aeronaves'.
2025-07-12 18:04:54,824 - INFO - productor: Enviadas 100 aeronaves al topic 'adsb.aeronaves'.
2025-07-12 18:04:54,921 - INFO - productor: Enviadas 100 aeronaves al topic 'adsb.aeronaves'.
2025-07-12 18:04:54,926 - INFO - productor: Enviadas 100 aeronaves al topic 'adsb.aeronaves'.
2025-07-12 18:05:04,767 - INFO - productor: Enviadas 100 aeronaves al topic 'adsb.aeronaves'.
2025-07-12 18:05:04,777 - INFO - productor: Enviadas 100 aeronaves al topic 'adsb.aeronaves'.
2025-07-12 18:05:04,801 - INFO - productor: Enviadas 100 aeronaves al topic 'adsb.aeronaves'.
2025-07-12 18:05:04,838 - INFO - productor: Enviadas 100 aeronaves al topic 'adsb.aeronaves'.
2025-07-12 18:05:04,888 - INFO - productor: Enviadas 100 aeronaves al topic 'adsb.aeronaves'.
2025-07-12 18:05:14,765 - INFO - productor: Enviadas 100 aeronaves al topic 'adsb.aeronaves'.
2025-07-12 18:05:14,794 - INFO - productor: Enviadas 100 aeronaves al topic 'adsb.aeronaves'.
2025-07-12 18:05:14,808 - INFO - productor: Enviadas 100 aeronaves al topic 'adsb.aeronaves'.
2025-07-12 18:05:14,830 - INFO - productor: Enviadas 100 aeronaves al topic 'adsb.aeronaves'.
2025-07-12 18:05:14,852 - INFO - productor: Enviadas 100 aeronaves al topic 'adsb.aeronaves'.
2025-07-12 18:05:24,757 - INFO - productor: Enviadas 100 aeronaves al topic 'adsb.aeronaves'.
2025-07-12 18:05:24,777 - INFO - productor: Enviadas 100 aeronaves al topic 'adsb.aeronaves'.
2025-07-12 18:05:24,786 - INFO - productor: Enviadas 100 aeronaves al topic 'adsb.aeronaves'.
2025-07-12 18:05:24,807 - INFO - productor: Enviadas 100 aeronaves al topic 'adsb.aeronaves'.
2025-07-12 18:05:24,826 - INFO - productor: Enviadas 100 aeronaves al topic 'adsb.aeronaves'.
2025-07-12 18:05:34,766 - INFO - productor: Enviadas 100 aeronaves al topic 'adsb.aeronaves'.
2025-07-12 18:05:34,776 - INFO - productor: Enviadas 100 aeronaves al topic 'adsb.aeronaves'.
2025-07-12 18:05:34,813 - INFO - productor: Enviadas 100 aeronaves al topic 'adsb.aeronaves'.
2025-07-12 18:05:34,826 - INFO - productor: Enviadas 100 aeronaves al topic 'adsb.aeronaves'.
2025-07-12 18:05:34,840 - INFO - productor: Enviadas 100 aeronaves al topic 'adsb.aeronaves'.
2025-07-12 18:05:44,764 - INFO - productor: Enviadas 100 aeronaves al topic 'adsb.aeronaves'.
2025-07-12 18:05:44,783 - INFO - productor: Enviadas 100 aeronaves al topic 'adsb.aeronaves'.
2025-07-12 18:05:44,814 - INFO - productor: Enviadas 100 aeronaves al topic 'adsb.aeronaves'.
2025-07-12 18:05:44,832 - INFO - productor: Enviadas 100 aeronaves al topic 'adsb.aeronaves'.
2025-07-12 18:05:44,853 - INFO - productor: Enviadas 100 aeronaves al topic 'adsb.aeronaves'.
2025-07-12 18:05:54,767 - INFO - productor: Enviadas 100 aeronaves al topic 'adsb.aeronaves'.
2025-07-12 18:05:54,796 - INFO - productor: Enviadas 100 aeronaves al topic 'adsb.aeronaves'.
2025-07-12 18:05:54,821 - INFO - productor: Enviadas 100 aeronaves al topic 'adsb.aeronaves'.
2025-07-12 18:05:54,858 - INFO - productor: Enviadas 100 aeronaves al topic 'adsb.aeronaves'.
2025-07-12 18:05:54,891 - INFO - productor: Enviadas 100 aeronaves al topic 'adsb.aeronaves'.
2025-07-12 18:06:04,764 - INFO - productor: Enviadas 100 aeronaves al topic 'adsb.aeronaves'.
2025-07-12 18:06:04,783 - INFO - productor: Enviadas 100 aeronaves al topic 'adsb.aeronaves'.
2025-07-12 18:06:04,795 - INFO - productor: Enviadas 100 aeronaves al topic 'adsb.aeronaves'.
2025-07-12 18:06:04,827 - INFO - productor: Enviadas 100 aeronaves al topic 'adsb.aeronaves'.
2025-07-12 18:06:04,881 - INFO - productor: Enviadas 100 aeronaves al topic 'adsb.aeronaves'.
2025-07-12 18:06:14,764 - INFO - productor: Enviadas 100 aeronaves al topic 'adsb.aeronaves'.
2025-07-12 18:06:14,785 - INFO - productor: Enviadas 100 aeronaves al topic 'adsb.aeronaves'.
2025-07-12 18:06:14,816 - INFO - productor: Enviadas 100 aeronaves al topic 'adsb.aeronaves'.
2025-07-12 18:06:14,827 - INFO - productor: Enviadas 100 aeronaves al topic 'adsb.aeronaves'.
2025-07-12 18:06:14,854 - INFO - productor: Enviadas 100 aeronaves al topic 'adsb.aeronaves'.
2025-07-12 18:06:24,767 - INFO - productor: Enviadas 100 aeronaves al topic 'adsb.aeronaves'.
2025-07-12 18:06:24,796 - INFO - productor: Enviadas 100 aeronaves al topic 'adsb.aeronaves'.
2025-07-12 18:06:24,805 - INFO - productor: Enviadas 100 aeronaves al topic 'adsb.aeronaves'.
2025-07-12 18:06:24,810 - INFO - productor: Enviadas 100 aeronaves al topic 'adsb.aeronaves'.
2025-07-12 18:06:24,821 - INFO - productor: Enviadas 100 aeronaves al topic 'adsb.aeronaves'.
2025-07-12 18:06:34,758 - INFO - productor: Enviadas 100 aeronaves al topic 'adsb.aeronaves'.
2025-07-12 18:06:34,770 - INFO - productor: Enviadas 100 aeronaves al topic 'adsb.aeronaves'.
2025-07-12 18:06:34,808 - INFO - productor: Enviadas 100 aeronaves al topic 'adsb.aeronaves'.
2025-07-12 18:06:34,830 - INFO - productor: Enviadas 100 aeronaves al topic 'adsb.aeronaves'.
2025-07-12 18:06:34,887 - INFO - productor: Enviadas 100 aeronaves al topic 'adsb.aeronaves'.
2025-07-12 18:06:44,765 - INFO - productor: Enviadas 100 aeronaves al topic 'adsb.aeronaves'.
2025-07-12 18:06:44,788 - INFO - productor: Enviadas 100 aeronaves al topic 'adsb.aeronaves'.
2025-07-12 18:06:44,843 - INFO - productor: Enviadas 100 aeronaves al topic 'adsb.aeronaves'.
2025-07-12 18:06:44,939 - INFO - productor: Enviadas 100 aeronaves al topic 'adsb.aeronaves'.
2025-07-12 18:06:44,961 - INFO - productor: Enviadas 100 aeronaves al topic 'adsb.aeronaves'.
2025-07-12 18:06:54,766 - INFO - productor: Enviadas 100 aeronaves al topic 'adsb.aeronaves'.
2025-07-12 18:06:54,796 - INFO - productor: Enviadas 100 aeronaves al topic 'adsb.aeronaves'.
2025-07-12 18:06:54,836 - INFO - productor: Enviadas 100 aeronaves al topic 'adsb.aeronaves'.
2025-07-12 18:06:54,881 - INFO - productor: Enviadas 100 aeronaves al topic 'adsb.aeronaves'.
2025-07-12 18:06:54,908 - INFO - productor: Enviadas 100 aeronaves al topic 'adsb.aeronaves'.
2025-07-12 18:15:28,253 - INFO - <BrokerConnection node_id=bootstrap-0 host=kafka:9092 <connecting> [IPv4 ('172.18.0.3', 9092)]>: connecting to kafka:9092 [('172.18.0.3', 9092) IPv4]
2025-07-12 18:15:28,254 - INFO - Probing node bootstrap-0 broker version
2025-07-12 18:15:28,256 - INFO - <BrokerConnection node_id=bootstrap-0 host=kafka:9092 <connecting> [IPv4 ('172.18.0.3', 9092)]>: Connection complete.
2025-07-12 18:15:28,365 - INFO - Broker version identified as 2.5.0
2025-07-12 18:15:28,365 - INFO - Set configuration api_version=(2, 5, 0) to skip auto check_version requests on startup
2025-07-12 18:15:30,550 - INFO - productor: Datos cargados desde /app/data/aeronaves_completo.json.
2025-07-12 18:16:10,564 - INFO - productor: Enviadas 19 aeronaves al topic 'adsb.aeronaves'.
2025-07-12 18:16:10,566 - INFO - <BrokerConnection node_id=1 host=kafka:9092 <connecting> [IPv4 ('172.18.0.3', 9092)]>: connecting to kafka:9092 [('172.18.0.3', 9092) IPv4]
2025-07-12 18:16:10,567 - INFO - <BrokerConnection node_id=1 host=kafka:9092 <connecting> [IPv4 ('172.18.0.3', 9092)]>: Connection complete.
2025-07-12 18:16:10,568 - INFO - <BrokerConnection node_id=bootstrap-0 host=kafka:9092 <connected> [IPv4 ('172.18.0.3', 9092)]>: Closing connection. 
2025-07-12 18:16:20,563 - INFO - productor: Enviadas 100 aeronaves al topic 'adsb.aeronaves'.
2025-07-12 18:16:20,576 - INFO - productor: Enviadas 100 aeronaves al topic 'adsb.aeronaves'.
2025-07-12 18:16:20,602 - INFO - productor: Enviadas 100 aeronaves al topic 'adsb.aeronaves'.
2025-07-12 18:16:20,637 - INFO - productor: Enviadas 100 aeronaves al topic 'adsb.aeronaves'.
2025-07-12 18:16:20,649 - INFO - productor: Enviadas 100 aeronaves al topic 'adsb.aeronaves'.
2025-07-12 18:16:30,563 - INFO - productor: Enviadas 100 aeronaves al topic 'adsb.aeronaves'.
2025-07-12 18:16:30,583 - INFO - productor: Enviadas 100 aeronaves al topic 'adsb.aeronaves'.
2025-07-12 18:16:30,596 - INFO - productor: Enviadas 100 aeronaves al topic 'adsb.aeronaves'.
2025-07-12 18:16:30,610 - INFO - productor: Enviadas 100 aeronaves al topic 'adsb.aeronaves'.
2025-07-12 18:16:30,650 - INFO - productor: Enviadas 100 aeronaves al topic 'adsb.aeronaves'.
2025-07-12 18:16:40,563 - INFO - productor: Enviadas 100 aeronaves al topic 'adsb.aeronaves'.
2025-07-12 18:16:40,576 - INFO - productor: Enviadas 100 aeronaves al topic 'adsb.aeronaves'.
2025-07-12 18:16:40,583 - INFO - productor: Enviadas 100 aeronaves al topic 'adsb.aeronaves'.
2025-07-12 18:16:40,602 - INFO - productor: Enviadas 100 aeronaves al topic 'adsb.aeronaves'.
2025-07-12 18:16:40,610 - INFO - productor: Enviadas 100 aeronaves al topic 'adsb.aeronaves'.
2025-07-12 18:16:50,561 - INFO - productor: Enviadas 100 aeronaves al topic 'adsb.aeronaves'.
2025-07-12 18:16:50,577 - INFO - productor: Enviadas 100 aeronaves al topic 'adsb.aeronaves'.
2025-07-12 18:16:50,599 - INFO - productor: Enviadas 100 aeronaves al topic 'adsb.aeronaves'.
2025-07-12 18:16:50,633 - INFO - productor: Enviadas 100 aeronaves al topic 'adsb.aeronaves'.
2025-07-12 18:16:50,662 - INFO - productor: Enviadas 100 aeronaves al topic 'adsb.aeronaves'.
2025-07-12 18:17:00,562 - INFO - productor: Enviadas 100 aeronaves al topic 'adsb.aeronaves'.
2025-07-12 18:17:00,597 - INFO - productor: Enviadas 100 aeronaves al topic 'adsb.aeronaves'.
2025-07-12 18:17:00,613 - INFO - productor: Enviadas 100 aeronaves al topic 'adsb.aeronaves'.
2025-07-12 18:17:00,623 - INFO - productor: Enviadas 100 aeronaves al topic 'adsb.aeronaves'.
2025-07-12 18:17:00,643 - INFO - productor: Enviadas 100 aeronaves al topic 'adsb.aeronaves'.
2025-07-12 18:17:10,562 - INFO - productor: Enviadas 100 aeronaves al topic 'adsb.aeronaves'.
2025-07-12 18:17:10,576 - INFO - productor: Enviadas 100 aeronaves al topic 'adsb.aeronaves'.
2025-07-12 18:17:10,591 - INFO - productor: Enviadas 100 aeronaves al topic 'adsb.aeronaves'.
2025-07-12 18:17:10,632 - INFO - productor: Enviadas 100 aeronaves al topic 'adsb.aeronaves'.
2025-07-12 18:17:10,681 - INFO - productor: Enviadas 100 aeronaves al topic 'adsb.aeronaves'.
