=== 2025-07-13T17:53:48Z ===
{
  "Hora UTC": "No disponible",
  "Sectorización aplicable": {
    "sector_CZ_Centro": 0,
    "sector_AD": 0,
    "sector_XK": 0,
    "sector_GB_Oeste": 0,
    "sector_BE_Este": 0,
    "sector_PT_Este": 0,
    "sector_TR_Oeste": 0,
    "sector_SE_Oeste": 0,
    "sector_RU_Oeste": 0,
    "sector_IT_Norte": 0
  }
}
=== 2025-07-13T17:53:54Z ===
{
  "Hora UTC": "No disponible",
  "Sectorización aplicable": {
    "sector_CZ_Centro": 0,
    "sector_AD": 0,
    "sector_XK": 0,
    "sector_GB_Oeste": 0,
    "sector_BE_Este": 0,
    "sector_PT_Este": 0,
    "sector_TR_Oeste": 0,
    "sector_SE_Oeste": 0,
    "sector_RU_Oeste": 0,
    "sector_IT_Norte": 0
  }
}
=== 2025-07-13T17:53:59Z ===
{
  "Hora UTC": "No disponible",
  "Sectorización aplicable": {
    "sector_CZ_Centro": 0,
    "sector_AD": 0,
    "sector_XK": 0,
    "sector_GB_Oeste": 0,
    "sector_BE_Este": 0,
    "sector_PT_Este": 0,
    "sector_TR_Oeste": 0,
    "sector_SE_Oeste": 0,
    "sector_RU_Oeste": 0,
    "sector_IT_Norte": 0
  }
}
=== 2025-07-13T17:54:04Z ===
{
  "Hora UTC": "No disponible",
  "Sectorización aplicable": {
    "sector_CZ_Centro": 0,
    "sector_AD": 0,
    "sector_XK": 0,
    "sector_GB_Oeste": 0,
    "sector_BE_Este": 0,
    "sector_PT_Este": 0,
    "sector_TR_Oeste": 0,
    "sector_SE_Oeste": 0,
    "sector_RU_Oeste": 0,
    "sector_IT_Norte": 0
  }
}
=== 2025-07-13T17:54:09Z ===
{
  "Hora UTC": "No disponible",
  "Sectorización aplicable": {
    "sector_CZ_Centro": 2,
    "sector_AD": 0,
    "sector_XK": 0,
    "sector_GB_Oeste": 0,
    "sector_BE_Este": 0,
    "sector_PT_Este": 0,
    "sector_TR_Oeste": 0,
    "sector_SE_Oeste": 0,
    "sector_RU_Oeste": 0,
    "sector_IT_Norte": 0
  }
}
=== 2025-07-13T17:54:14Z ===
{
  "Hora UTC": "No disponible",
  "Sectorización aplicable": {
    "sector_CZ_Centro": 2,
    "sector_AD": 0,
    "sector_XK": 0,
    "sector_GB_Oeste": 0,
    "sector_BE_Este": 0,
    "sector_PT_Este": 0,
    "sector_TR_Oeste": 0,
    "sector_SE_Oeste": 0,
    "sector_RU_Oeste": 0,
    "sector_IT_Norte": 0
  }
}
=== 2025-07-13T17:54:19Z ===
{
  "Hora UTC": "2025-07-13 17:54:17",
  "Sectorización aplicable": {
    "sector_CZ_Centro": 54,
    "sector_AD": 50,
    "sector_XK": 61,
    "sector_GB_Oeste": 62,
    "sector_BE_Este": 81,
    "sector_PT_Este": 37,
    "sector_TR_Oeste": 35,
    "sector_SE_Oeste": 27,
    "sector_RU_Oeste": 17,
    "sector_IT_Norte": 64
  }
}
=== 2025-07-13T17:54:24Z ===
{
  "Hora UTC": "2025-07-13 17:54:17",
  "Sectorización aplicable": {
    "sector_CZ_Centro": 54,
    "sector_AD": 50,
    "sector_XK": 61,
    "sector_GB_Oeste": 62,
    "sector_BE_Este": 81,
    "sector_PT_Este": 37,
    "sector_TR_Oeste": 35,
    "sector_SE_Oeste": 27,
    "sector_RU_Oeste": 17,
    "sector_IT_Norte": 64
  }
}
=== 2025-07-13T17:54:30Z ===
{
  "Hora UTC": "2025-07-13 17:54:27",
  "Sectorización aplicable": {
    "sector_CZ_Centro": 86,
    "sector_AD": 96,
    "sector_XK": 94,
    "sector_GB_Oeste": 115,
    "sector_BE_Este": 145,
    "sector_PT_Este": 63,
    "sector_TR_Oeste": 67,
    "sector_SE_Oeste": 49,
    "sector_RU_Oeste": 25,
    "sector_IT_Norte": 125
  }
}
=== 2025-07-13T17:54:35Z ===
{
  "Hora UTC": "2025-07-13 17:54:27",
  "Sectorización aplicable": {
    "sector_CZ_Centro": 86,
    "sector_AD": 96,
    "sector_XK": 94,
    "sector_GB_Oeste": 115,
    "sector_BE_Este": 145,
    "sector_PT_Este": 63,
    "sector_TR_Oeste": 67,
    "sector_SE_Oeste": 49,
    "sector_RU_Oeste": 25,
    "sector_IT_Norte": 125
  }
}
=== 2025-07-13T17:54:40Z ===
{
  "Hora UTC": "2025-07-13 17:54:39",
  "Sectorización aplicable": {
    "sector_CZ_Centro": 123,
    "sector_AD": 134,
    "sector_XK": 129,
    "sector_GB_Oeste": 157,
    "sector_BE_Este": 186,
    "sector_PT_Este": 83,
    "sector_TR_Oeste": 84,
    "sector_SE_Oeste": 70,
    "sector_RU_Oeste": 36,
    "sector_IT_Norte": 186
  }
}
=== 2025-07-13T17:54:45Z ===
{
  "Hora UTC": "2025-07-13 17:54:39",
  "Sectorización aplicable": {
    "sector_CZ_Centro": 123,
    "sector_AD": 134,
    "sector_XK": 129,
    "sector_GB_Oeste": 157,
    "sector_BE_Este": 186,
    "sector_PT_Este": 83,
    "sector_TR_Oeste": 84,
    "sector_SE_Oeste": 70,
    "sector_RU_Oeste": 36,
    "sector_IT_Norte": 186
  }
}
=== 2025-07-13T17:54:50Z ===
{
  "Hora UTC": "2025-07-13 17:54:50",
  "Sectorización aplicable": {
    "sector_CZ_Centro": 165,
    "sector_AD": 172,
    "sector_XK": 156,
    "sector_GB_Oeste": 197,
    "sector_BE_Este": 230,
    "sector_PT_Este": 99,
    "sector_TR_Oeste": 102,
    "sector_SE_Oeste": 84,
    "sector_RU_Oeste": 42,
    "sector_IT_Norte": 228
  }
}
=== 2025-07-13T17:54:55Z ===
{
  "Hora UTC": "2025-07-13 17:54:50",
  "Sectorización aplicable": {
    "sector_CZ_Centro": 165,
    "sector_AD": 172,
    "sector_XK": 156,
    "sector_GB_Oeste": 197,
    "sector_BE_Este": 230,
    "sector_PT_Este": 99,
    "sector_TR_Oeste": 102,
    "sector_SE_Oeste": 84,
    "sector_RU_Oeste": 42,
    "sector_IT_Norte": 228
  }
}
=== 2025-07-13T17:55:00Z ===
{
  "Hora UTC": "2025-07-13 17:54:50",
  "Sectorización aplicable": {
    "sector_CZ_Centro": 165,
    "sector_AD": 172,
    "sector_XK": 156,
    "sector_GB_Oeste": 197,
    "sector_BE_Este": 230,
    "sector_PT_Este": 99,
    "sector_TR_Oeste": 102,
    "sector_SE_Oeste": 84,
    "sector_RU_Oeste": 42,
    "sector_IT_Norte": 228
  }
}
=== 2025-07-13T17:55:05Z ===
{
  "Hora UTC": "2025-07-13 17:55:02",
  "Sectorización aplicable": {
    "sector_CZ_Centro": 192,
    "sector_AD": 202,
    "sector_XK": 180,
    "sector_GB_Oeste": 222,
    "sector_BE_Este": 257,
    "sector_PT_Este": 116,
    "sector_TR_Oeste": 120,
    "sector_SE_Oeste": 98,
    "sector_RU_Oeste": 47,
    "sector_IT_Norte": 258
  }
}
=== 2025-07-13T17:55:10Z ===
{
  "Hora UTC": "2025-07-13 17:55:02",
  "Sectorización aplicable": {
    "sector_CZ_Centro": 192,
    "sector_AD": 202,
    "sector_XK": 180,
    "sector_GB_Oeste": 222,
    "sector_BE_Este": 257,
    "sector_PT_Este": 116,
    "sector_TR_Oeste": 120,
    "sector_SE_Oeste": 98,
    "sector_RU_Oeste": 47,
    "sector_IT_Norte": 258
  }
}
=== 2025-07-13T17:55:16Z ===
{
  "Hora UTC": "2025-07-13 17:55:15",
  "Sectorización aplicable": {
    "sector_CZ_Centro": 212,
    "sector_AD": 228,
    "sector_XK": 195,
    "sector_GB_Oeste": 246,
    "sector_BE_Este": 284,
    "sector_PT_Este": 125,
    "sector_TR_Oeste": 137,
    "sector_SE_Oeste": 109,
    "sector_RU_Oeste": 53,
    "sector_IT_Norte": 288
  }
}
=== 2025-07-13T17:55:21Z ===
{
  "Hora UTC": "2025-07-13 17:55:15",
  "Sectorización aplicable": {
    "sector_CZ_Centro": 212,
    "sector_AD": 228,
    "sector_XK": 195,
    "sector_GB_Oeste": 246,
    "sector_BE_Este": 284,
    "sector_PT_Este": 125,
    "sector_TR_Oeste": 137,
    "sector_SE_Oeste": 109,
    "sector_RU_Oeste": 53,
    "sector_IT_Norte": 288
  }
}
=== 2025-07-13T17:55:26Z ===
{
  "Hora UTC": "2025-07-13 17:55:15",
  "Sectorización aplicable": {
    "sector_CZ_Centro": 212,
    "sector_AD": 228,
    "sector_XK": 195,
    "sector_GB_Oeste": 246,
    "sector_BE_Este": 284,
    "sector_PT_Este": 125,
    "sector_TR_Oeste": 137,
    "sector_SE_Oeste": 109,
    "sector_RU_Oeste": 53,
    "sector_IT_Norte": 288
  }
}
=== 2025-07-13T17:55:31Z ===
{
  "Hora UTC": "2025-07-13 17:55:27",
  "Sectorización aplicable": {
    "sector_CZ_Centro": 210,
    "sector_AD": 234,
    "sector_XK": 187,
    "sector_GB_Oeste": 247,
    "sector_BE_Este": 279,
    "sector_PT_Este": 123,
    "sector_TR_Oeste": 142,
    "sector_SE_Oeste": 116,
    "sector_RU_Oeste": 54,
    "sector_IT_Norte": 301
  }
}
=== 2025-07-13T17:55:36Z ===
{
  "Hora UTC": "2025-07-13 17:55:27",
  "Sectorización aplicable": {
    "sector_CZ_Centro": 210,
    "sector_AD": 234,
    "sector_XK": 187,
    "sector_GB_Oeste": 247,
    "sector_BE_Este": 279,
    "sector_PT_Este": 123,
    "sector_TR_Oeste": 142,
    "sector_SE_Oeste": 116,
    "sector_RU_Oeste": 54,
    "sector_IT_Norte": 301
  }
}
=== 2025-07-13T17:55:41Z ===
{
  "Hora UTC": "2025-07-13 17:55:38",
  "Sectorización aplicable": {
    "sector_CZ_Centro": 206,
    "sector_AD": 228,
    "sector_XK": 189,
    "sector_GB_Oeste": 247,
    "sector_BE_Este": 265,
    "sector_PT_Este": 133,
    "sector_TR_Oeste": 143,
    "sector_SE_Oeste": 112,
    "sector_RU_Oeste": 57,
    "sector_IT_Norte": 303
  }
}
=== 2025-07-13T17:55:46Z ===
{
  "Hora UTC": "2025-07-13 17:55:38",
  "Sectorización aplicable": {
    "sector_CZ_Centro": 206,
    "sector_AD": 228,
    "sector_XK": 189,
    "sector_GB_Oeste": 247,
    "sector_BE_Este": 265,
    "sector_PT_Este": 133,
    "sector_TR_Oeste": 143,
    "sector_SE_Oeste": 112,
    "sector_RU_Oeste": 57,
    "sector_IT_Norte": 303
  }
}
=== 2025-07-13T17:55:52Z ===
{
  "Hora UTC": "2025-07-13 17:55:49",
  "Sectorización aplicable": {
    "sector_CZ_Centro": 205,
    "sector_AD": 225,
    "sector_XK": 196,
    "sector_GB_Oeste": 255,
    "sector_BE_Este": 262,
    "sector_PT_Este": 136,
    "sector_TR_Oeste": 145,
    "sector_SE_Oeste": 113,
    "sector_RU_Oeste": 57,
    "sector_IT_Norte": 305
  }
}
=== 2025-07-13T17:55:57Z ===
{
  "Hora UTC": "2025-07-13 17:55:49",
  "Sectorización aplicable": {
    "sector_CZ_Centro": 205,
    "sector_AD": 225,
    "sector_XK": 196,
    "sector_GB_Oeste": 255,
    "sector_BE_Este": 262,
    "sector_PT_Este": 136,
    "sector_TR_Oeste": 145,
    "sector_SE_Oeste": 113,
    "sector_RU_Oeste": 57,
    "sector_IT_Norte": 305
  }
}
=== 2025-07-13T17:56:02Z ===
{
  "Hora UTC": "2025-07-13 17:55:49",
  "Sectorización aplicable": {
    "sector_CZ_Centro": 205,
    "sector_AD": 225,
    "sector_XK": 196,
    "sector_GB_Oeste": 255,
    "sector_BE_Este": 262,
    "sector_PT_Este": 136,
    "sector_TR_Oeste": 145,
    "sector_SE_Oeste": 113,
    "sector_RU_Oeste": 57,
    "sector_IT_Norte": 305
  }
}
=== 2025-07-13T17:56:07Z ===
{
  "Hora UTC": "2025-07-13 17:56:02",
  "Sectorización aplicable": {
    "sector_CZ_Centro": 205,
    "sector_AD": 214,
    "sector_XK": 191,
    "sector_GB_Oeste": 255,
    "sector_BE_Este": 272,
    "sector_PT_Este": 136,
    "sector_TR_Oeste": 140,
    "sector_SE_Oeste": 111,
    "sector_RU_Oeste": 62,
    "sector_IT_Norte": 315
  }
}
=== 2025-07-13T17:56:12Z ===
{
  "Hora UTC": "2025-07-13 17:56:02",
  "Sectorización aplicable": {
    "sector_CZ_Centro": 205,
    "sector_AD": 214,
    "sector_XK": 191,
    "sector_GB_Oeste": 255,
    "sector_BE_Este": 272,
    "sector_PT_Este": 136,
    "sector_TR_Oeste": 140,
    "sector_SE_Oeste": 111,
    "sector_RU_Oeste": 62,
    "sector_IT_Norte": 315
  }
}
=== 2025-07-13T17:56:17Z ===
{
  "Hora UTC": "2025-07-13 17:56:02",
  "Sectorización aplicable": {
    "sector_CZ_Centro": 205,
    "sector_AD": 214,
    "sector_XK": 191,
    "sector_GB_Oeste": 255,
    "sector_BE_Este": 272,
    "sector_PT_Este": 136,
    "sector_TR_Oeste": 140,
    "sector_SE_Oeste": 111,
    "sector_RU_Oeste": 62,
    "sector_IT_Norte": 315
  }
}
=== 2025-07-13T17:56:23Z ===
{
  "Hora UTC": "2025-07-13 17:56:18",
  "Sectorización aplicable": {
    "sector_CZ_Centro": 209,
    "sector_AD": 220,
    "sector_XK": 193,
    "sector_GB_Oeste": 258,
    "sector_BE_Este": 262,
    "sector_PT_Este": 138,
    "sector_TR_Oeste": 132,
    "sector_SE_Oeste": 110,
    "sector_RU_Oeste": 64,
    "sector_IT_Norte": 302
  }
}
=== 2025-07-13T17:56:28Z ===
{
  "Hora UTC": "2025-07-13 17:56:18",
  "Sectorización aplicable": {
    "sector_CZ_Centro": 209,
    "sector_AD": 220,
    "sector_XK": 193,
    "sector_GB_Oeste": 258,
    "sector_BE_Este": 262,
    "sector_PT_Este": 138,
    "sector_TR_Oeste": 132,
    "sector_SE_Oeste": 110,
    "sector_RU_Oeste": 64,
    "sector_IT_Norte": 302
  }
}
=== 2025-07-13T17:56:33Z ===
{
  "Hora UTC": "2025-07-13 17:56:30",
  "Sectorización aplicable": {
    "sector_CZ_Centro": 215,
    "sector_AD": 221,
    "sector_XK": 197,
    "sector_GB_Oeste": 257,
    "sector_BE_Este": 266,
    "sector_PT_Este": 141,
    "sector_TR_Oeste": 139,
    "sector_SE_Oeste": 111,
    "sector_RU_Oeste": 59,
    "sector_IT_Norte": 300
  }
}
=== 2025-07-13T17:56:38Z ===
{
  "Hora UTC": "2025-07-13 17:56:30",
  "Sectorización aplicable": {
    "sector_CZ_Centro": 215,
    "sector_AD": 221,
    "sector_XK": 197,
    "sector_GB_Oeste": 257,
    "sector_BE_Este": 266,
    "sector_PT_Este": 141,
    "sector_TR_Oeste": 139,
    "sector_SE_Oeste": 111,
    "sector_RU_Oeste": 59,
    "sector_IT_Norte": 300
  }
}
=== 2025-07-13T17:56:43Z ===
{
  "Hora UTC": "2025-07-13 17:56:41",
  "Sectorización aplicable": {
    "sector_CZ_Centro": 221,
    "sector_AD": 220,
    "sector_XK": 188,
    "sector_GB_Oeste": 241,
    "sector_BE_Este": 262,
    "sector_PT_Este": 139,
    "sector_TR_Oeste": 141,
    "sector_SE_Oeste": 110,
    "sector_RU_Oeste": 54,
    "sector_IT_Norte": 303
  }
}
=== 2025-07-13T17:56:48Z ===
{
  "Hora UTC": "2025-07-13 17:56:41",
  "Sectorización aplicable": {
    "sector_CZ_Centro": 221,
    "sector_AD": 220,
    "sector_XK": 188,
    "sector_GB_Oeste": 241,
    "sector_BE_Este": 262,
    "sector_PT_Este": 139,
    "sector_TR_Oeste": 141,
    "sector_SE_Oeste": 110,
    "sector_RU_Oeste": 54,
    "sector_IT_Norte": 303
  }
}
=== 2025-07-13T17:56:53Z ===
{
  "Hora UTC": "2025-07-13 17:56:41",
  "Sectorización aplicable": {
    "sector_CZ_Centro": 221,
    "sector_AD": 220,
    "sector_XK": 188,
    "sector_GB_Oeste": 241,
    "sector_BE_Este": 262,
    "sector_PT_Este": 139,
    "sector_TR_Oeste": 141,
    "sector_SE_Oeste": 110,
    "sector_RU_Oeste": 54,
    "sector_IT_Norte": 303
  }
}
=== 2025-07-13T17:56:59Z ===
{
  "Hora UTC": "2025-07-13 17:56:54",
  "Sectorización aplicable": {
    "sector_CZ_Centro": 224,
    "sector_AD": 216,
    "sector_XK": 182,
    "sector_GB_Oeste": 237,
    "sector_BE_Este": 261,
    "sector_PT_Este": 139,
    "sector_TR_Oeste": 145,
    "sector_SE_Oeste": 105,
    "sector_RU_Oeste": 54,
    "sector_IT_Norte": 310
  }
}
=== 2025-07-13T17:57:04Z ===
{
  "Hora UTC": "2025-07-13 17:56:54",
  "Sectorización aplicable": {
    "sector_CZ_Centro": 224,
    "sector_AD": 216,
    "sector_XK": 182,
    "sector_GB_Oeste": 237,
    "sector_BE_Este": 261,
    "sector_PT_Este": 139,
    "sector_TR_Oeste": 145,
    "sector_SE_Oeste": 105,
    "sector_RU_Oeste": 54,
    "sector_IT_Norte": 310
  }
}
=== 2025-07-13T17:57:09Z ===
{
  "Hora UTC": "2025-07-13 17:57:05",
  "Sectorización aplicable": {
    "sector_CZ_Centro": 214,
    "sector_AD": 204,
    "sector_XK": 185,
    "sector_GB_Oeste": 218,
    "sector_BE_Este": 276,
    "sector_PT_Este": 133,
    "sector_TR_Oeste": 162,
    "sector_SE_Oeste": 108,
    "sector_RU_Oeste": 49,
    "sector_IT_Norte": 306
  }
}
=== 2025-07-13T17:57:14Z ===
{
  "Hora UTC": "2025-07-13 17:57:05",
  "Sectorización aplicable": {
    "sector_CZ_Centro": 214,
    "sector_AD": 204,
    "sector_XK": 185,
    "sector_GB_Oeste": 218,
    "sector_BE_Este": 276,
    "sector_PT_Este": 133,
    "sector_TR_Oeste": 162,
    "sector_SE_Oeste": 108,
    "sector_RU_Oeste": 49,
    "sector_IT_Norte": 306
  }
}
=== 2025-07-13T17:57:19Z ===
{
  "Hora UTC": "2025-07-13 17:57:16",
  "Sectorización aplicable": {
    "sector_CZ_Centro": 206,
    "sector_AD": 206,
    "sector_XK": 187,
    "sector_GB_Oeste": 229,
    "sector_BE_Este": 265,
    "sector_PT_Este": 130,
    "sector_TR_Oeste": 165,
    "sector_SE_Oeste": 111,
    "sector_RU_Oeste": 51,
    "sector_IT_Norte": 306
  }
}
=== 2025-07-13T17:57:24Z ===
{
  "Hora UTC": "2025-07-13 17:57:16",
  "Sectorización aplicable": {
    "sector_CZ_Centro": 206,
    "sector_AD": 206,
    "sector_XK": 187,
    "sector_GB_Oeste": 229,
    "sector_BE_Este": 265,
    "sector_PT_Este": 130,
    "sector_TR_Oeste": 165,
    "sector_SE_Oeste": 111,
    "sector_RU_Oeste": 51,
    "sector_IT_Norte": 306
  }
}
=== 2025-07-13T17:57:29Z ===
{
  "Hora UTC": "2025-07-13 17:57:28",
  "Sectorización aplicable": {
    "sector_CZ_Centro": 202,
    "sector_AD": 215,
    "sector_XK": 195,
    "sector_GB_Oeste": 222,
    "sector_BE_Este": 261,
    "sector_PT_Este": 129,
    "sector_TR_Oeste": 163,
    "sector_SE_Oeste": 113,
    "sector_RU_Oeste": 52,
    "sector_IT_Norte": 311
  }
}
=== 2025-07-13T17:57:35Z ===
{
  "Hora UTC": "2025-07-13 17:57:28",
  "Sectorización aplicable": {
    "sector_CZ_Centro": 202,
    "sector_AD": 215,
    "sector_XK": 195,
    "sector_GB_Oeste": 222,
    "sector_BE_Este": 261,
    "sector_PT_Este": 129,
    "sector_TR_Oeste": 163,
    "sector_SE_Oeste": 113,
    "sector_RU_Oeste": 52,
    "sector_IT_Norte": 311
  }
}
=== 2025-07-13T17:57:40Z ===
{
  "Hora UTC": "2025-07-13 17:57:39",
  "Sectorización aplicable": {
    "sector_CZ_Centro": 211,
    "sector_AD": 214,
    "sector_XK": 201,
    "sector_GB_Oeste": 220,
    "sector_BE_Este": 275,
    "sector_PT_Este": 131,
    "sector_TR_Oeste": 152,
    "sector_SE_Oeste": 116,
    "sector_RU_Oeste": 56,
    "sector_IT_Norte": 300
  }
}
=== 2025-07-13T17:57:45Z ===
{
  "Hora UTC": "2025-07-13 17:57:39",
  "Sectorización aplicable": {
    "sector_CZ_Centro": 211,
    "sector_AD": 214,
    "sector_XK": 201,
    "sector_GB_Oeste": 220,
    "sector_BE_Este": 275,
    "sector_PT_Este": 131,
    "sector_TR_Oeste": 152,
    "sector_SE_Oeste": 116,
    "sector_RU_Oeste": 56,
    "sector_IT_Norte": 300
  }
}
=== 2025-07-13T17:57:50Z ===
{
  "Hora UTC": "2025-07-13 17:57:39",
  "Sectorización aplicable": {
    "sector_CZ_Centro": 211,
    "sector_AD": 214,
    "sector_XK": 201,
    "sector_GB_Oeste": 220,
    "sector_BE_Este": 275,
    "sector_PT_Este": 131,
    "sector_TR_Oeste": 152,
    "sector_SE_Oeste": 116,
    "sector_RU_Oeste": 56,
    "sector_IT_Norte": 300
  }
}
=== 2025-07-13T17:57:55Z ===
{
  "Hora UTC": "2025-07-13 17:57:51",
  "Sectorización aplicable": {
    "sector_CZ_Centro": 210,
    "sector_AD": 225,
    "sector_XK": 204,
    "sector_GB_Oeste": 219,
    "sector_BE_Este": 268,
    "sector_PT_Este": 128,
    "sector_TR_Oeste": 154,
    "sector_SE_Oeste": 112,
    "sector_RU_Oeste": 59,
    "sector_IT_Norte": 300
  }
}
=== 2025-07-13T17:58:00Z ===
{
  "Hora UTC": "2025-07-13 17:57:51",
  "Sectorización aplicable": {
    "sector_CZ_Centro": 210,
    "sector_AD": 225,
    "sector_XK": 204,
    "sector_GB_Oeste": 219,
    "sector_BE_Este": 268,
    "sector_PT_Este": 128,
    "sector_TR_Oeste": 154,
    "sector_SE_Oeste": 112,
    "sector_RU_Oeste": 59,
    "sector_IT_Norte": 300
  }
}
=== 2025-07-13T17:58:05Z ===
{
  "Hora UTC": "2025-07-13 17:58:03",
  "Sectorización aplicable": {
    "sector_CZ_Centro": 198,
    "sector_AD": 225,
    "sector_XK": 205,
    "sector_GB_Oeste": 228,
    "sector_BE_Este": 277,
    "sector_PT_Este": 139,
    "sector_TR_Oeste": 154,
    "sector_SE_Oeste": 110,
    "sector_RU_Oeste": 57,
    "sector_IT_Norte": 290
  }
}
=== 2025-07-13T17:58:10Z ===
{
  "Hora UTC": "2025-07-13 17:58:03",
  "Sectorización aplicable": {
    "sector_CZ_Centro": 198,
    "sector_AD": 225,
    "sector_XK": 205,
    "sector_GB_Oeste": 228,
    "sector_BE_Este": 277,
    "sector_PT_Este": 139,
    "sector_TR_Oeste": 154,
    "sector_SE_Oeste": 110,
    "sector_RU_Oeste": 57,
    "sector_IT_Norte": 290
  }
}
=== 2025-07-13T17:58:16Z ===
{
  "Hora UTC": "2025-07-13 17:58:15",
  "Sectorización aplicable": {
    "sector_CZ_Centro": 195,
    "sector_AD": 221,
    "sector_XK": 203,
    "sector_GB_Oeste": 228,
    "sector_BE_Este": 276,
    "sector_PT_Este": 134,
    "sector_TR_Oeste": 156,
    "sector_SE_Oeste": 101,
    "sector_RU_Oeste": 59,
    "sector_IT_Norte": 297
  }
}
=== 2025-07-13T17:58:21Z ===
{
  "Hora UTC": "2025-07-13 17:58:15",
  "Sectorización aplicable": {
    "sector_CZ_Centro": 195,
    "sector_AD": 221,
    "sector_XK": 203,
    "sector_GB_Oeste": 228,
    "sector_BE_Este": 276,
    "sector_PT_Este": 134,
    "sector_TR_Oeste": 156,
    "sector_SE_Oeste": 101,
    "sector_RU_Oeste": 59,
    "sector_IT_Norte": 297
  }
}
=== 2025-07-13T17:58:26Z ===
{
  "Hora UTC": "2025-07-13 17:58:15",
  "Sectorización aplicable": {
    "sector_CZ_Centro": 195,
    "sector_AD": 221,
    "sector_XK": 203,
    "sector_GB_Oeste": 228,
    "sector_BE_Este": 276,
    "sector_PT_Este": 134,
    "sector_TR_Oeste": 156,
    "sector_SE_Oeste": 101,
    "sector_RU_Oeste": 59,
    "sector_IT_Norte": 297
  }
}
=== 2025-07-13T17:58:31Z ===
{
  "Hora UTC": "2025-07-13 17:58:27",
  "Sectorización aplicable": {
    "sector_CZ_Centro": 206,
    "sector_AD": 216,
    "sector_XK": 199,
    "sector_GB_Oeste": 227,
    "sector_BE_Este": 282,
    "sector_PT_Este": 132,
    "sector_TR_Oeste": 166,
    "sector_SE_Oeste": 110,
    "sector_RU_Oeste": 52,
    "sector_IT_Norte": 293
  }
}
=== 2025-07-13T17:58:36Z ===
{
  "Hora UTC": "2025-07-13 17:58:27",
  "Sectorización aplicable": {
    "sector_CZ_Centro": 206,
    "sector_AD": 216,
    "sector_XK": 199,
    "sector_GB_Oeste": 227,
    "sector_BE_Este": 282,
    "sector_PT_Este": 132,
    "sector_TR_Oeste": 166,
    "sector_SE_Oeste": 110,
    "sector_RU_Oeste": 52,
    "sector_IT_Norte": 293
  }
}
=== 2025-07-13T17:58:41Z ===
{
  "Hora UTC": "2025-07-13 17:58:40",
  "Sectorización aplicable": {
    "sector_CZ_Centro": 204,
    "sector_AD": 224,
    "sector_XK": 190,
    "sector_GB_Oeste": 240,
    "sector_BE_Este": 281,
    "sector_PT_Este": 139,
    "sector_TR_Oeste": 166,
    "sector_SE_Oeste": 112,
    "sector_RU_Oeste": 57,
    "sector_IT_Norte": 291
  }
}
=== 2025-07-13T17:58:47Z ===
{
  "Hora UTC": "2025-07-13 17:58:40",
  "Sectorización aplicable": {
    "sector_CZ_Centro": 204,
    "sector_AD": 224,
    "sector_XK": 190,
    "sector_GB_Oeste": 240,
    "sector_BE_Este": 281,
    "sector_PT_Este": 139,
    "sector_TR_Oeste": 166,
    "sector_SE_Oeste": 112,
    "sector_RU_Oeste": 57,
    "sector_IT_Norte": 291
  }
}
