CONTAINER ID   NAME                CPU %     MEM USAGE / LIMIT     MEM %     NET I/O           BLOCK I/O    PIDS
860517acb542   productor           4.36%     210.5MiB / 3.823GiB   5.38%     1.88kB / 781B     0B / 0B      2
40a7d96ff35d   cliente_historico   0.15%     25.61MiB / 3.823GiB   0.65%     7.36kB / 3.67kB   0B / 0B      4
886b94cdcddd   consumidor_redis1   0.36%     18.91MiB / 3.823GiB   0.48%     20kB / 25.9kB     0B / 0B      2
ed31fdfa6e8f   consumidor_mongo1   0.46%     29.48MiB / 3.823GiB   0.75%     23.8kB / 27.3kB   0B / 0B      8
48e73dd4ab5d   sectorizador        0.00%     23.23MiB / 3.823GiB   0.59%     8.91kB / 12kB     0B / 0B      4
c46f710821e4   cliente_atm         0.02%     23.58MiB / 3.823GiB   0.60%     3.81kB / 3.12kB   0B / 0B      1
cd6bfe45793d   kafka_ui            302.44%   222.5MiB / 3.823GiB   5.68%     1.66kB / 264B     0B / 152kB   31
0802920a6c28   redis               0.74%     8.316MiB / 3.823GiB   0.21%     17.7kB / 8.63kB   0B / 0B      6
f29aad2c7381   mongodb             6.95%     78.88MiB / 3.823GiB   2.02%     9.53kB / 9.91kB   0B / 0B      36
f790aa9a62cf   kafka               152.30%   374.4MiB / 3.823GiB   9.57%     52.4kB / 36.6kB   0B / 238kB   112
CONTAINER ID   NAME                CPU %     MEM USAGE / LIMIT     MEM %     NET I/O           BLOCK I/O    PIDS
860517acb542   productor           0.45%     210.5MiB / 3.823GiB   5.38%     1.92kB / 781B     0B / 0B      2
40a7d96ff35d   cliente_historico   0.09%     25.61MiB / 3.823GiB   0.65%     8.16kB / 3.94kB   0B / 0B      4
886b94cdcddd   consumidor_redis1   6.71%     18.93MiB / 3.823GiB   0.48%     21.9kB / 27.6kB   0B / 0B      2
ed31fdfa6e8f   consumidor_mongo1   6.74%     29.49MiB / 3.823GiB   0.75%     26.5kB / 29.4kB   0B / 0B      8
48e73dd4ab5d   sectorizador        0.00%     23.23MiB / 3.823GiB   0.59%     8.95kB / 12kB     0B / 0B      4
c46f710821e4   cliente_atm         0.02%     23.58MiB / 3.823GiB   0.60%     5.18kB / 5.37kB   0B / 0B      1
cd6bfe45793d   kafka_ui            156.54%   237.3MiB / 3.823GiB   6.06%     6.38kB / 1.69kB   0B / 152kB   35
0802920a6c28   redis               1.31%     8.316MiB / 3.823GiB   0.21%     19kB / 9.4kB      0B / 0B      6
f29aad2c7381   mongodb             0.89%     79.34MiB / 3.823GiB   2.03%     10.1kB / 11.4kB   0B / 0B      36
f790aa9a62cf   kafka               323.18%   486.9MiB / 3.823GiB   12.44%    56.7kB / 41.3kB   0B / 238kB   168
CONTAINER ID   NAME                CPU %     MEM USAGE / LIMIT     MEM %     NET I/O           BLOCK I/O    PIDS
860517acb542   productor           0.33%     210.5MiB / 3.823GiB   5.38%     1.92kB / 781B     0B / 0B      2
40a7d96ff35d   cliente_historico   0.06%     25.61MiB / 3.823GiB   0.65%     8.16kB / 3.94kB   0B / 0B      4
886b94cdcddd   consumidor_redis1   6.21%     18.93MiB / 3.823GiB   0.48%     24kB / 29.5kB     0B / 0B      2
ed31fdfa6e8f   consumidor_mongo1   5.37%     29.49MiB / 3.823GiB   0.75%     28.7kB / 31.2kB   0B / 0B      8
48e73dd4ab5d   sectorizador        0.00%     23.23MiB / 3.823GiB   0.59%     9.88kB / 13.6kB   0B / 0B      4
c46f710821e4   cliente_atm         2.12%     23.58MiB / 3.823GiB   0.60%     6.51kB / 7.61kB   0B / 0B      1
cd6bfe45793d   kafka_ui            0.14%     238.6MiB / 3.823GiB   6.10%     33.4kB / 4.03kB   0B / 168kB   35
0802920a6c28   redis               0.60%     8.316MiB / 3.823GiB   0.21%     20.6kB / 10.3kB   0B / 0B      6
f29aad2c7381   mongodb             111.35%   140.4MiB / 3.823GiB   3.59%     10.1kB / 11.4kB   0B / 0B      51
f790aa9a62cf   kafka               38.48%    376.9MiB / 3.823GiB   9.63%     62.7kB / 72.6kB   0B / 238kB   107
CONTAINER ID   NAME                CPU %     MEM USAGE / LIMIT     MEM %     NET I/O           BLOCK I/O    PIDS
860517acb542   productor           0.43%     210.6MiB / 3.823GiB   5.38%     2.48kB / 9kB      0B / 0B      2
40a7d96ff35d   cliente_historico   0.08%     25.61MiB / 3.823GiB   0.65%     8.92kB / 4.18kB   0B / 0B      4
886b94cdcddd   consumidor_redis1   10.46%    18.98MiB / 3.823GiB   0.48%     36.5kB / 48.5kB   0B / 0B      2
ed31fdfa6e8f   consumidor_mongo1   1.84%     29.66MiB / 3.823GiB   0.76%     43.6kB / 47.7kB   0B / 0B      8
48e73dd4ab5d   sectorizador        0.00%     23.23MiB / 3.823GiB   0.59%     9.88kB / 13.6kB   0B / 0B      4
c46f710821e4   cliente_atm         1.78%     23.59MiB / 3.823GiB   0.60%     7.84kB / 9.86kB   0B / 0B      1
cd6bfe45793d   kafka_ui            0.59%     238.6MiB / 3.823GiB   6.10%     33.4kB / 4.03kB   0B / 168kB   35
0802920a6c28   redis               1.50%     8.324MiB / 3.823GiB   0.21%     40.3kB / 14.7kB   0B / 0B      6
f29aad2c7381   mongodb             4.57%     83.41MiB / 3.823GiB   2.13%     24.9kB / 17.7kB   0B / 0B      36
f790aa9a62cf   kafka               242.18%   450.7MiB / 3.823GiB   11.51%    74.8kB / 92.2kB   0B / 238kB   123
CONTAINER ID   NAME                CPU %     MEM USAGE / LIMIT     MEM %     NET I/O           BLOCK I/O    PIDS
860517acb542   productor           0.35%     210.6MiB / 3.823GiB   5.38%     2.56kB / 9.08kB   0B / 0B      2
40a7d96ff35d   cliente_historico   0.07%     25.61MiB / 3.823GiB   0.65%     8.92kB / 4.18kB   0B / 0B      4
886b94cdcddd   consumidor_redis1   0.50%     18.98MiB / 3.823GiB   0.48%     38kB / 49.6kB     0B / 0B      2
ed31fdfa6e8f   consumidor_mongo1   0.91%     29.67MiB / 3.823GiB   0.76%     45.7kB / 49.5kB   0B / 0B      8
48e73dd4ab5d   sectorizador        0.00%     23.25MiB / 3.823GiB   0.59%     13.5kB / 17.9kB   0B / 0B      4
c46f710821e4   cliente_atm         0.02%     23.59MiB / 3.823GiB   0.60%     7.84kB / 9.86kB   0B / 0B      1
cd6bfe45793d   kafka_ui            0.56%     238.6MiB / 3.823GiB   6.10%     33.4kB / 4.03kB   0B / 168kB   35
0802920a6c28   redis               0.75%     8.324MiB / 3.823GiB   0.21%     44.7kB / 18.4kB   0B / 0B      6
f29aad2c7381   mongodb             0.85%     83.41MiB / 3.823GiB   2.13%     24.9kB / 17.7kB   0B / 0B      36
f790aa9a62cf   kafka               355.57%   521.4MiB / 3.823GiB   13.32%    78.4kB / 96.3kB   0B / 238kB   148
CONTAINER ID   NAME                CPU %     MEM USAGE / LIMIT     MEM %     NET I/O           BLOCK I/O    PIDS
860517acb542   productor           19.09%    211.3MiB / 3.823GiB   5.40%     3.83kB / 206kB    0B / 0B      2
40a7d96ff35d   cliente_historico   0.18%     25.61MiB / 3.823GiB   0.65%     9.68kB / 4.45kB   0B / 0B      4
886b94cdcddd   consumidor_redis1   25.59%    19.84MiB / 3.823GiB   0.51%     277kB / 304kB     0B / 0B      2
ed31fdfa6e8f   consumidor_mongo1   24.25%    30.86MiB / 3.823GiB   0.79%     264kB / 119kB     0B / 0B      8
48e73dd4ab5d   sectorizador        0.00%     23.25MiB / 3.823GiB   0.59%     13.5kB / 17.9kB   0B / 0B      4
c46f710821e4   cliente_atm         0.01%     23.59MiB / 3.823GiB   0.60%     9.23kB / 12.2kB   0B / 0B      1
cd6bfe45793d   kafka_ui            0.12%     238.6MiB / 3.823GiB   6.10%     33.4kB / 4.03kB   0B / 172kB   35
0802920a6c28   redis               8.33%     8.609MiB / 3.823GiB   0.22%     295kB / 57kB      0B / 0B      6
f29aad2c7381   mongodb             11.90%    83.42MiB / 3.823GiB   2.13%     91.8kB / 38.3kB   0B / 0B      36
f790aa9a62cf   kafka               312.03%   467MiB / 3.823GiB     11.93%    279kB / 494kB     0B / 238kB   150
CONTAINER ID   NAME                CPU %     MEM USAGE / LIMIT     MEM %     NET I/O           BLOCK I/O    PIDS
860517acb542   productor           0.48%     211.3MiB / 3.823GiB   5.40%     3.83kB / 206kB    0B / 0B      2
40a7d96ff35d   cliente_historico   0.09%     25.61MiB / 3.823GiB   0.65%     9.68kB / 4.45kB   0B / 0B      4
886b94cdcddd   consumidor_redis1   0.68%     19.52MiB / 3.823GiB   0.50%     302kB / 472kB     0B / 0B      2
ed31fdfa6e8f   consumidor_mongo1   0.84%     30.98MiB / 3.823GiB   0.79%     336kB / 374kB     0B / 0B      8
48e73dd4ab5d   sectorizador        7.96%     23.45MiB / 3.823GiB   0.60%     83.4kB / 87.3kB   0B / 0B      4
c46f710821e4   cliente_atm         0.02%     23.59MiB / 3.823GiB   0.60%     10.5kB / 14.5kB   0B / 0B      1
cd6bfe45793d   kafka_ui            0.14%     238.6MiB / 3.823GiB   6.10%     33.4kB / 4.03kB   0B / 172kB   35
0802920a6c28   redis               2.49%     9.227MiB / 3.823GiB   0.24%     535kB / 154kB     0B / 0B      6
f29aad2c7381   mongodb             115.97%   132.6MiB / 3.823GiB   3.39%     347kB / 110kB     0B / 0B      51
f790aa9a62cf   kafka               243.55%   425MiB / 3.823GiB     10.86%    282kB / 497kB     0B / 238kB   129
CONTAINER ID   NAME                CPU %     MEM USAGE / LIMIT     MEM %     NET I/O           BLOCK I/O    PIDS
860517acb542   productor           19.46%    211.3MiB / 3.823GiB   5.40%     4.95kB / 403kB    0B / 0B      2
40a7d96ff35d   cliente_historico   0.21%     25.61MiB / 3.823GiB   0.65%     10.4kB / 4.7kB    0B / 0B      4
886b94cdcddd   consumidor_redis1   0.40%     19.52MiB / 3.823GiB   0.50%     304kB / 473kB     0B / 0B      2
ed31fdfa6e8f   consumidor_mongo1   9.70%     30.98MiB / 3.823GiB   0.79%     385kB / 385kB     0B / 0B      8
48e73dd4ab5d   sectorizador        0.00%     23.45MiB / 3.823GiB   0.60%     83.4kB / 87.3kB   0B / 0B      4
c46f710821e4   cliente_atm         0.02%     23.61MiB / 3.823GiB   0.60%     11.9kB / 16.9kB   0B / 0B      1
cd6bfe45793d   kafka_ui            0.39%     238.7MiB / 3.823GiB   6.10%     44.7kB / 5.07kB   0B / 172kB   35
0802920a6c28   redis               0.99%     9.242MiB / 3.823GiB   0.24%     536kB / 154kB     0B / 0B      6
f29aad2c7381   mongodb             8.34%     84.61MiB / 3.823GiB   2.16%     356kB / 117kB     0B / 0B      36
f790aa9a62cf   kafka               232.48%   454.2MiB / 3.823GiB   11.60%    484kB / 592kB     0B / 238kB   128
CONTAINER ID   NAME                CPU %     MEM USAGE / LIMIT     MEM %     NET I/O           BLOCK I/O    PIDS
860517acb542   productor           0.32%     211.3MiB / 3.823GiB   5.40%     4.95kB / 403kB    0B / 0B      2
40a7d96ff35d   cliente_historico   0.07%     25.61MiB / 3.823GiB   0.65%     10.4kB / 4.7kB    0B / 0B      4
886b94cdcddd   consumidor_redis1   0.41%     19.86MiB / 3.823GiB   0.51%     565kB / 890kB     0B / 0B      2
ed31fdfa6e8f   consumidor_mongo1   0.73%     31.16MiB / 3.823GiB   0.80%     628kB / 698kB     0B / 0B      8
48e73dd4ab5d   sectorizador        43.40%    23.63MiB / 3.823GiB   0.60%     206kB / 208kB     0B / 0B      4
c46f710821e4   cliente_atm         0.02%     23.61MiB / 3.823GiB   0.60%     13.2kB / 19kB     0B / 0B      1
cd6bfe45793d   kafka_ui            0.13%     238.7MiB / 3.823GiB   6.10%     44.8kB / 5.11kB   0B / 172kB   35
0802920a6c28   redis               10.17%    9.812MiB / 3.823GiB   0.25%     1.07MB / 341kB    0B / 0B      6
f29aad2c7381   mongodb             0.71%     86.89MiB / 3.823GiB   2.22%     667kB / 202kB     0B / 0B      36
f790aa9a62cf   kafka               258.88%   452.2MiB / 3.823GiB   11.55%    489kB / 910kB     0B / 238kB   128
CONTAINER ID   NAME                CPU %     MEM USAGE / LIMIT     MEM %     NET I/O           BLOCK I/O    PIDS
860517acb542   productor           0.55%     211.3MiB / 3.823GiB   5.40%     4.95kB / 403kB    0B / 0B      2
40a7d96ff35d   cliente_historico   0.14%     25.61MiB / 3.823GiB   0.65%     10.8kB / 4.76kB   0B / 0B      4
886b94cdcddd   consumidor_redis1   0.38%     19.86MiB / 3.823GiB   0.51%     567kB / 892kB     0B / 0B      2
ed31fdfa6e8f   consumidor_mongo1   0.50%     31.16MiB / 3.823GiB   0.80%     630kB / 700kB     0B / 0B      8
48e73dd4ab5d   sectorizador        0.00%     23.63MiB / 3.823GiB   0.60%     206kB / 208kB     0B / 0B      4
c46f710821e4   cliente_atm         0.02%     23.62MiB / 3.823GiB   0.60%     14.5kB / 21.2kB   0B / 0B      1
cd6bfe45793d   kafka_ui            0.16%     238.7MiB / 3.823GiB   6.10%     44.8kB / 5.11kB   0B / 184kB   35
0802920a6c28   redis               0.66%     9.812MiB / 3.823GiB   0.25%     1.07MB / 341kB    0B / 0B      6
f29aad2c7381   mongodb             1.56%     87.16MiB / 3.823GiB   2.23%     667kB / 202kB     0B / 0B      36
f790aa9a62cf   kafka               289.46%   459.8MiB / 3.823GiB   11.75%    492kB / 914kB     0B / 238kB   131
CONTAINER ID   NAME                CPU %     MEM USAGE / LIMIT     MEM %     NET I/O           BLOCK I/O    PIDS
860517acb542   productor           0.37%     211.3MiB / 3.823GiB   5.40%     6.07kB / 600kB    0B / 0B      2
40a7d96ff35d   cliente_historico   0.10%     25.61MiB / 3.823GiB   0.65%     11.2kB / 4.96kB   0B / 0B      4
886b94cdcddd   consumidor_redis1   0.38%     20.11MiB / 3.823GiB   0.51%     827kB / 1.31MB    0B / 0B      2
ed31fdfa6e8f   consumidor_mongo1   0.52%     31.21MiB / 3.823GiB   0.80%     920kB / 1.02MB    0B / 0B      8
48e73dd4ab5d   sectorizador        0.00%     23.63MiB / 3.823GiB   0.60%     206kB / 208kB     0B / 0B      4
c46f710821e4   cliente_atm         0.02%     23.62MiB / 3.823GiB   0.60%     15.8kB / 23.4kB   0B / 0B      1
cd6bfe45793d   kafka_ui            0.22%     238.7MiB / 3.823GiB   6.10%     44.8kB / 5.11kB   0B / 184kB   35
0802920a6c28   redis               0.77%     10.04MiB / 3.823GiB   0.26%     1.49MB / 403kB    0B / 0B      6
f29aad2c7381   mongodb             37.68%    89.73MiB / 3.823GiB   2.29%     986kB / 294kB     0B / 0B      36
f790aa9a62cf   kafka               238.86%   439MiB / 3.823GiB     11.22%    694kB / 1.31MB    0B / 238kB   146
CONTAINER ID   NAME                CPU %     MEM USAGE / LIMIT     MEM %     NET I/O           BLOCK I/O    PIDS
860517acb542   productor           0.29%     211.3MiB / 3.823GiB   5.40%     6.07kB / 600kB    0B / 0B      2
40a7d96ff35d   cliente_historico   0.13%     25.61MiB / 3.823GiB   0.65%     11.6kB / 5.03kB   0B / 0B      4
886b94cdcddd   consumidor_redis1   4.46%     19.87MiB / 3.823GiB   0.51%     828kB / 1.31MB    0B / 0B      2
ed31fdfa6e8f   consumidor_mongo1   2.72%     31.22MiB / 3.823GiB   0.80%     922kB / 1.02MB    0B / 0B      8
48e73dd4ab5d   sectorizador        0.00%     23.82MiB / 3.823GiB   0.61%     374kB / 373kB     0B / 0B      4
c46f710821e4   cliente_atm         0.03%     23.63MiB / 3.823GiB   0.60%     17.1kB / 25.7kB   0B / 0B      1
cd6bfe45793d   kafka_ui            0.12%     240.8MiB / 3.823GiB   6.15%     44.8kB / 5.11kB   0B / 184kB   35
0802920a6c28   redis               9.29%     10.12MiB / 3.823GiB   0.26%     1.66MB / 572kB    0B / 0B      6
f29aad2c7381   mongodb             0.70%     89.79MiB / 3.823GiB   2.29%     986kB / 294kB     0B / 0B      36
f790aa9a62cf   kafka               184.64%   414.3MiB / 3.823GiB   10.58%    698kB / 1.32MB    0B / 238kB   127
CONTAINER ID   NAME                CPU %     MEM USAGE / LIMIT     MEM %     NET I/O           BLOCK I/O    PIDS
860517acb542   productor           0.44%     211.3MiB / 3.823GiB   5.40%     7.2kB / 797kB     0B / 0B      2
40a7d96ff35d   cliente_historico   0.10%     25.62MiB / 3.823GiB   0.65%     12kB / 5.21kB     0B / 0B      4
886b94cdcddd   consumidor_redis1   0.31%     19.89MiB / 3.823GiB   0.51%     1.09MB / 1.74MB   0B / 0B      2
ed31fdfa6e8f   consumidor_mongo1   0.46%     31.78MiB / 3.823GiB   0.81%     1.21MB / 1.35MB   0B / 0B      8
48e73dd4ab5d   sectorizador        0.00%     23.82MiB / 3.823GiB   0.61%     374kB / 373kB     0B / 0B      4
c46f710821e4   cliente_atm         0.02%     23.63MiB / 3.823GiB   0.60%     18.5kB / 28kB     0B / 0B      1
cd6bfe45793d   kafka_ui            0.16%     240.8MiB / 3.823GiB   6.15%     44.8kB / 5.11kB   0B / 193kB   35
0802920a6c28   redis               0.56%     10.28MiB / 3.823GiB   0.26%     2.08MB / 634kB    0B / 0B      6
f29aad2c7381   mongodb             0.56%     92.04MiB / 3.823GiB   2.35%     1.31MB / 387kB    0B / 0B      36
f790aa9a62cf   kafka               62.28%    380.5MiB / 3.823GiB   9.72%     901kB / 1.71MB    0B / 238kB   108
CONTAINER ID   NAME                CPU %     MEM USAGE / LIMIT     MEM %     NET I/O           BLOCK I/O    PIDS
860517acb542   productor           1.39%     211.3MiB / 3.823GiB   5.40%     7.2kB / 797kB     0B / 0B      2
40a7d96ff35d   cliente_historico   0.46%     25.62MiB / 3.823GiB   0.65%     12kB / 5.21kB     0B / 0B      4
886b94cdcddd   consumidor_redis1   10.91%    19.89MiB / 3.823GiB   0.51%     1.09MB / 1.74MB   0B / 0B      2
ed31fdfa6e8f   consumidor_mongo1   13.75%    31.78MiB / 3.823GiB   0.81%     1.21MB / 1.35MB   0B / 0B      8
48e73dd4ab5d   sectorizador        0.00%     24MiB / 3.823GiB      0.61%     582kB / 576kB     0B / 0B      4
c46f710821e4   cliente_atm         0.05%     23.64MiB / 3.823GiB   0.60%     19.8kB / 30.2kB   0B / 0B      1
cd6bfe45793d   kafka_ui            1.42%     240.9MiB / 3.823GiB   6.15%     55.8kB / 6.15kB   0B / 193kB   35
0802920a6c28   redis               17.13%    13.31MiB / 3.823GiB   0.34%     2.28MB / 843kB    0B / 0B      8
f29aad2c7381   mongodb             8.26%     93.26MiB / 3.823GiB   2.38%     1.31MB / 387kB    0B / 0B      42
f790aa9a62cf   kafka               289.24%   447.2MiB / 3.823GiB   11.42%    905kB / 1.73MB    0B / 238kB   128
CONTAINER ID   NAME                CPU %     MEM USAGE / LIMIT     MEM %     NET I/O           BLOCK I/O    PIDS
860517acb542   productor           0.65%     211.3MiB / 3.823GiB   5.40%     8.33kB / 994kB    0B / 0B      2
40a7d96ff35d   cliente_historico   0.09%     25.62MiB / 3.823GiB   0.65%     12.8kB / 5.54kB   0B / 0B      4
886b94cdcddd   consumidor_redis1   9.66%     19.94MiB / 3.823GiB   0.51%     1.35MB / 2.16MB   0B / 0B      2
ed31fdfa6e8f   consumidor_mongo1   13.97%    31.8MiB / 3.823GiB    0.81%     1.5MB / 1.67MB    0B / 0B      8
48e73dd4ab5d   sectorizador        0.00%     24MiB / 3.823GiB      0.61%     582kB / 576kB     0B / 0B      4
c46f710821e4   cliente_atm         0.03%     23.64MiB / 3.823GiB   0.60%     21.1kB / 32.4kB   0B / 0B      1
cd6bfe45793d   kafka_ui            0.13%     240.9MiB / 3.823GiB   6.15%     55.9kB / 6.24kB   0B / 193kB   35
0802920a6c28   redis               0.96%     10.42MiB / 3.823GiB   0.27%     2.7MB / 906kB     0B / 0B      6
f29aad2c7381   mongodb             143.03%   163.9MiB / 3.823GiB   4.19%     1.63MB / 479kB    0B / 0B      52
f790aa9a62cf   kafka               262.42%   440.8MiB / 3.823GiB   11.26%    1.11MB / 2.13MB   0B / 238kB   149
CONTAINER ID   NAME                CPU %     MEM USAGE / LIMIT     MEM %     NET I/O           BLOCK I/O    PIDS
860517acb542   productor           0.35%     211.3MiB / 3.823GiB   5.40%     8.33kB / 994kB    0B / 0B      2
40a7d96ff35d   cliente_historico   0.08%     25.62MiB / 3.823GiB   0.65%     12.8kB / 5.54kB   0B / 0B      4
886b94cdcddd   consumidor_redis1   9.61%     21.09MiB / 3.823GiB   0.54%     1.35MB / 2.16MB   0B / 0B      9
ed31fdfa6e8f   consumidor_mongo1   9.26%     32.55MiB / 3.823GiB   0.83%     1.51MB / 1.68MB   0B / 0B      9
48e73dd4ab5d   sectorizador        73.53%    24.14MiB / 3.823GiB   0.62%     804kB / 778kB     0B / 0B      4
c46f710821e4   cliente_atm         1.10%     23.65MiB / 3.823GiB   0.60%     22.5kB / 34.6kB   0B / 0B      1
cd6bfe45793d   kafka_ui            0.26%     240.9MiB / 3.823GiB   6.15%     55.9kB / 6.24kB   0B / 205kB   35
0802920a6c28   redis               16.70%    10.45MiB / 3.823GiB   0.27%     2.9MB / 1.13MB    0B / 0B      6
f29aad2c7381   mongodb             1.25%     92.94MiB / 3.823GiB   2.37%     1.63MB / 479kB    0B / 0B      36
f790aa9a62cf   kafka               170.56%   450.9MiB / 3.823GiB   11.52%    1.11MB / 2.13MB   0B / 238kB   121
CONTAINER ID   NAME                CPU %     MEM USAGE / LIMIT     MEM %     NET I/O           BLOCK I/O    PIDS
860517acb542   productor           0.34%     211.4MiB / 3.823GiB   5.40%     9.46kB / 1.19MB   0B / 0B      2
40a7d96ff35d   cliente_historico   0.09%     25.62MiB / 3.823GiB   0.65%     13.5kB / 5.79kB   0B / 0B      4
886b94cdcddd   consumidor_redis1   0.52%     19.97MiB / 3.823GiB   0.51%     1.61MB / 2.57MB   0B / 0B      2
ed31fdfa6e8f   consumidor_mongo1   0.90%     31.82MiB / 3.823GiB   0.81%     1.79MB / 1.99MB   0B / 0B      8
48e73dd4ab5d   sectorizador        0.00%     24.14MiB / 3.823GiB   0.62%     822kB / 809kB     0B / 0B      4
c46f710821e4   cliente_atm         1.58%     23.65MiB / 3.823GiB   0.60%     23.9kB / 36.9kB   0B / 0B      1
cd6bfe45793d   kafka_ui            0.15%     240.9MiB / 3.823GiB   6.15%     55.9kB / 6.24kB   0B / 205kB   35
0802920a6c28   redis               0.83%     10.57MiB / 3.823GiB   0.27%     3.35MB / 1.21MB   0B / 0B      6
f29aad2c7381   mongodb             0.72%     95.04MiB / 3.823GiB   2.43%     1.95MB / 570kB    0B / 0B      36
f790aa9a62cf   kafka               327.46%   522.1MiB / 3.823GiB   13.34%    1.31MB / 2.53MB   0B / 238kB   147
CONTAINER ID   NAME                CPU %     MEM USAGE / LIMIT     MEM %     NET I/O           BLOCK I/O    PIDS
860517acb542   productor           0.28%     211.4MiB / 3.823GiB   5.40%     9.46kB / 1.19MB   0B / 0B      2
40a7d96ff35d   cliente_historico   0.08%     25.62MiB / 3.823GiB   0.65%     13.5kB / 5.79kB   0B / 0B      4
886b94cdcddd   consumidor_redis1   0.66%     19.97MiB / 3.823GiB   0.51%     1.61MB / 2.57MB   0B / 0B      2
ed31fdfa6e8f   consumidor_mongo1   1.00%     31.82MiB / 3.823GiB   0.81%     1.8MB / 2MB       0B / 0B      8
48e73dd4ab5d   sectorizador        0.00%     24.14MiB / 3.823GiB   0.62%     822kB / 809kB     0B / 0B      4
c46f710821e4   cliente_atm         2.54%     23.65MiB / 3.823GiB   0.60%     25.2kB / 39.1kB   0B / 0B      1
cd6bfe45793d   kafka_ui            0.12%     240.9MiB / 3.823GiB   6.15%     55.9kB / 6.24kB   0B / 205kB   35
0802920a6c28   redis               0.98%     10.57MiB / 3.823GiB   0.27%     3.35MB / 1.21MB   0B / 0B      6
f29aad2c7381   mongodb             1.20%     95.11MiB / 3.823GiB   2.43%     1.95MB / 570kB    0B / 0B      36
f790aa9a62cf   kafka               323.44%   507.7MiB / 3.823GiB   12.97%    1.32MB / 2.53MB   0B / 238kB   148
CONTAINER ID   NAME                CPU %     MEM USAGE / LIMIT     MEM %     NET I/O           BLOCK I/O    PIDS
860517acb542   productor           0.74%     211.4MiB / 3.823GiB   5.40%     10.6kB / 1.39MB   0B / 0B      2
40a7d96ff35d   cliente_historico   0.17%     25.62MiB / 3.823GiB   0.65%     14.3kB / 6.05kB   0B / 0B      4
886b94cdcddd   consumidor_redis1   35.25%    20.01MiB / 3.823GiB   0.51%     1.87MB / 2.99MB   0B / 0B      2
ed31fdfa6e8f   consumidor_mongo1   59.57%    31.82MiB / 3.823GiB   0.81%     2.05MB / 2.18MB   0B / 0B      8
48e73dd4ab5d   sectorizador        28.19%    24.24MiB / 3.823GiB   0.62%     1.09MB / 1.07MB   0B / 0B      4
c46f710821e4   cliente_atm         0.01%     23.65MiB / 3.823GiB   0.60%     25.2kB / 39.1kB   0B / 0B      1
cd6bfe45793d   kafka_ui            0.34%     240.9MiB / 3.823GiB   6.15%     55.9kB / 6.24kB   0B / 209kB   35
0802920a6c28   redis               37.55%    10.71MiB / 3.823GiB   0.27%     4.02MB / 1.53MB   0B / 0B      6
f29aad2c7381   mongodb             154.35%   141.7MiB / 3.823GiB   3.62%     2.13MB / 625kB    0B / 0B      51
f790aa9a62cf   kafka               167.09%   382.7MiB / 3.823GiB   9.78%     1.52MB / 2.93MB   0B / 238kB   110
CONTAINER ID   NAME                CPU %     MEM USAGE / LIMIT     MEM %     NET I/O           BLOCK I/O    PIDS
860517acb542   productor           0.51%     211.4MiB / 3.823GiB   5.40%     10.6kB / 1.39MB   0B / 0B      2
40a7d96ff35d   cliente_historico   0.09%     25.62MiB / 3.823GiB   0.65%     14.3kB / 6.05kB   0B / 0B      4
886b94cdcddd   consumidor_redis1   0.80%     20.01MiB / 3.823GiB   0.51%     1.87MB / 2.99MB   0B / 0B      2
ed31fdfa6e8f   consumidor_mongo1   0.63%     31.83MiB / 3.823GiB   0.81%     2.09MB / 2.31MB   0B / 0B      8
48e73dd4ab5d   sectorizador        0.00%     24.24MiB / 3.823GiB   0.62%     1.09MB / 1.07MB   0B / 0B      4
c46f710821e4   cliente_atm         0.02%     23.65MiB / 3.823GiB   0.60%     26.6kB / 41.4kB   0B / 0B      1
cd6bfe45793d   kafka_ui            21.27%    240.9MiB / 3.823GiB   6.15%     67kB / 7.28kB     0B / 209kB   35
0802920a6c28   redis               1.19%     10.71MiB / 3.823GiB   0.27%     4.02MB / 1.54MB   0B / 0B      6
f29aad2c7381   mongodb             1.06%     97.39MiB / 3.823GiB   2.49%     2.26MB / 661kB    0B / 0B      36
f790aa9a62cf   kafka               570.59%   546.8MiB / 3.823GiB   13.97%    1.52MB / 2.94MB   0B / 238kB   175
CONTAINER ID   NAME                CPU %     MEM USAGE / LIMIT     MEM %     NET I/O           BLOCK I/O    PIDS
860517acb542   productor           0.47%     211.4MiB / 3.823GiB   5.40%     11.7kB / 1.59MB   0B / 0B      2
40a7d96ff35d   cliente_historico   0.08%     25.62MiB / 3.823GiB   0.65%     15.1kB / 6.3kB    0B / 0B      4
886b94cdcddd   consumidor_redis1   23.03%    20.03MiB / 3.823GiB   0.51%     2.14MB / 3.41MB   0B / 0B      2
ed31fdfa6e8f   consumidor_mongo1   73.09%    31.83MiB / 3.823GiB   0.81%     2.35MB / 2.53MB   0B / 0B      8
48e73dd4ab5d   sectorizador        0.00%     24.24MiB / 3.823GiB   0.62%     1.09MB / 1.07MB   0B / 0B      4
c46f710821e4   cliente_atm         0.03%     23.65MiB / 3.823GiB   0.60%     27.9kB / 43.6kB   0B / 0B      1
cd6bfe45793d   kafka_ui            0.34%     240.9MiB / 3.823GiB   6.15%     67.1kB / 7.36kB   0B / 209kB   35
0802920a6c28   redis               27.25%    10.65MiB / 3.823GiB   0.27%     4.44MB / 1.62MB   0B / 0B      6
f29aad2c7381   mongodb             44.51%    106.6MiB / 3.823GiB   2.72%     2.47MB / 732kB    0B / 0B      50
f790aa9a62cf   kafka               200.85%   385.2MiB / 3.823GiB   9.84%     1.73MB / 3.34MB   0B / 238kB   111
CONTAINER ID   NAME                CPU %     MEM USAGE / LIMIT     MEM %     NET I/O           BLOCK I/O    PIDS
860517acb542   productor           0.32%     211.4MiB / 3.823GiB   5.40%     11.7kB / 1.59MB   0B / 0B      2
40a7d96ff35d   cliente_historico   0.09%     25.62MiB / 3.823GiB   0.65%     15.1kB / 6.3kB    0B / 0B      4
886b94cdcddd   consumidor_redis1   0.56%     20.03MiB / 3.823GiB   0.51%     2.14MB / 3.41MB   0B / 0B      2
ed31fdfa6e8f   consumidor_mongo1   0.44%     31.83MiB / 3.823GiB   0.81%     2.38MB / 2.64MB   0B / 0B      8
48e73dd4ab5d   sectorizador        0.00%     24.26MiB / 3.823GiB   0.62%     1.35MB / 1.33MB   0B / 0B      4
c46f710821e4   cliente_atm         0.02%     23.65MiB / 3.823GiB   0.60%     29.2kB / 45.8kB   0B / 0B      1
cd6bfe45793d   kafka_ui            0.16%     240.9MiB / 3.823GiB   6.15%     67.1kB / 7.36kB   0B / 209kB   35
0802920a6c28   redis               0.67%     10.73MiB / 3.823GiB   0.27%     4.7MB / 1.87MB    0B / 0B      6
f29aad2c7381   mongodb             0.62%     99.4MiB / 3.823GiB    2.54%     2.58MB / 754kB    0B / 0B      36
f790aa9a62cf   kafka               41.36%    382.7MiB / 3.823GiB   9.78%     1.73MB / 3.34MB   0B / 238kB   103
CONTAINER ID   NAME                CPU %     MEM USAGE / LIMIT     MEM %     NET I/O           BLOCK I/O    PIDS
860517acb542   productor           0.72%     211.4MiB / 3.823GiB   5.40%     12.9kB / 1.78MB   0B / 0B      2
40a7d96ff35d   cliente_historico   0.14%     25.62MiB / 3.823GiB   0.65%     15.8kB / 6.57kB   0B / 0B      4
886b94cdcddd   consumidor_redis1   34.86%    19.71MiB / 3.823GiB   0.50%     2.4MB / 3.83MB    0B / 0B      2
ed31fdfa6e8f   consumidor_mongo1   100.74%   31.84MiB / 3.823GiB   0.81%     2.62MB / 2.78MB   0B / 0B      8
48e73dd4ab5d   sectorizador        0.00%     24.26MiB / 3.823GiB   0.62%     1.35MB / 1.33MB   0B / 0B      4
c46f710821e4   cliente_atm         0.03%     23.65MiB / 3.823GiB   0.60%     30.6kB / 48.1kB   0B / 0B      1
cd6bfe45793d   kafka_ui            0.51%     240.9MiB / 3.823GiB   6.15%     67.1kB / 7.36kB   0B / 221kB   35
0802920a6c28   redis               10.21%    10.76MiB / 3.823GiB   0.27%     5.12MB / 1.93MB   0B / 0B      6
f29aad2c7381   mongodb             171.17%   133MiB / 3.823GiB     3.40%     2.73MB / 804kB    0B / 0B      43
f790aa9a62cf   kafka               327.02%   482MiB / 3.823GiB     12.31%    1.93MB / 3.74MB   0B / 238kB   153
CONTAINER ID   NAME                CPU %     MEM USAGE / LIMIT     MEM %     NET I/O           BLOCK I/O    PIDS
860517acb542   productor           0.73%     211.4MiB / 3.823GiB   5.40%     12.9kB / 1.78MB   0B / 0B      2
40a7d96ff35d   cliente_historico   0.18%     25.62MiB / 3.823GiB   0.65%     15.8kB / 6.57kB   0B / 0B      4
886b94cdcddd   consumidor_redis1   2.19%     19.71MiB / 3.823GiB   0.50%     2.4MB / 3.83MB    0B / 0B      2
ed31fdfa6e8f   consumidor_mongo1   0.47%     31.83MiB / 3.823GiB   0.81%     2.67MB / 2.96MB   0B / 0B      8
48e73dd4ab5d   sectorizador        53.69%    24.26MiB / 3.823GiB   0.62%     1.62MB / 1.59MB   0B / 0B      4
c46f710821e4   cliente_atm         0.18%     23.65MiB / 3.823GiB   0.60%     31.9kB / 50.3kB   0B / 0B      1
cd6bfe45793d   kafka_ui            0.16%     240.9MiB / 3.823GiB   6.15%     67.1kB / 7.36kB   0B / 221kB   35
0802920a6c28   redis               1.21%     10.83MiB / 3.823GiB   0.28%     5.38MB / 2.2MB    0B / 0B      6
f29aad2c7381   mongodb             0.94%     101.4MiB / 3.823GiB   2.59%     2.9MB / 845kB     0B / 0B      36
f790aa9a62cf   kafka               319.62%   428.5MiB / 3.823GiB   10.95%    1.93MB / 3.75MB   0B / 238kB   133
CONTAINER ID   NAME                CPU %     MEM USAGE / LIMIT     MEM %     NET I/O           BLOCK I/O    PIDS
860517acb542   productor           0.78%     211.4MiB / 3.823GiB   5.40%     14.1kB / 1.98MB   0B / 0B      2
40a7d96ff35d   cliente_historico   0.13%     25.62MiB / 3.823GiB   0.65%     16.6kB / 6.82kB   0B / 0B      4
886b94cdcddd   consumidor_redis1   55.95%    20.19MiB / 3.823GiB   0.52%     2.65MB / 4.18MB   0B / 0B      2
ed31fdfa6e8f   consumidor_mongo1   92.87%    31.84MiB / 3.823GiB   0.81%     2.9MB / 3.09MB    0B / 0B      8
48e73dd4ab5d   sectorizador        0.00%     24.26MiB / 3.823GiB   0.62%     1.62MB / 1.59MB   0B / 0B      4
c46f710821e4   cliente_atm         0.15%     23.65MiB / 3.823GiB   0.60%     33.2kB / 52.5kB   0B / 0B      1
cd6bfe45793d   kafka_ui            3.51%     240.9MiB / 3.823GiB   6.15%     67.1kB / 7.36kB   0B / 221kB   35
0802920a6c28   redis               17.99%    10.79MiB / 3.823GiB   0.28%     5.72MB / 2.25MB   0B / 0B      6
f29aad2c7381   mongodb             29.40%    101.4MiB / 3.823GiB   2.59%     3.03MB / 883kB    0B / 0B      36
f790aa9a62cf   kafka               477.42%   592.3MiB / 3.823GiB   15.13%    2.13MB / 4.14MB   0B / 238kB   176
CONTAINER ID   NAME                CPU %     MEM USAGE / LIMIT     MEM %     NET I/O           BLOCK I/O    PIDS
860517acb542   productor           0.29%     211.4MiB / 3.823GiB   5.40%     14.1kB / 1.98MB   0B / 0B      2
40a7d96ff35d   cliente_historico   0.12%     25.62MiB / 3.823GiB   0.65%     16.6kB / 6.82kB   0B / 0B      4
886b94cdcddd   consumidor_redis1   0.42%     19.71MiB / 3.823GiB   0.50%     2.66MB / 4.25MB   0B / 0B      2
ed31fdfa6e8f   consumidor_mongo1   0.51%     31.83MiB / 3.823GiB   0.81%     2.96MB / 3.28MB   0B / 0B      8
48e73dd4ab5d   sectorizador        19.33%    24.27MiB / 3.823GiB   0.62%     1.76MB / 1.63MB   0B / 0B      4
c46f710821e4   cliente_atm         0.01%     23.65MiB / 3.823GiB   0.60%     34.5kB / 54.7kB   0B / 0B      1
cd6bfe45793d   kafka_ui            16.15%    241MiB / 3.823GiB     6.16%     78.2kB / 8.4kB    0B / 225kB   35
0802920a6c28   redis               21.87%    10.8MiB / 3.823GiB    0.28%     6.04MB / 2.52MB   0B / 0B      6
f29aad2c7381   mongodb             0.74%     103.4MiB / 3.823GiB   2.64%     3.22MB / 936kB    0B / 0B      36
f790aa9a62cf   kafka               307.14%   461.8MiB / 3.823GiB   11.80%    2.14MB / 4.16MB   0B / 238kB   146
CONTAINER ID   NAME                CPU %     MEM USAGE / LIMIT     MEM %     NET I/O           BLOCK I/O    PIDS
860517acb542   productor           28.26%    211.4MiB / 3.823GiB   5.40%     15.2kB / 2.18MB   0B / 0B      2
40a7d96ff35d   cliente_historico   0.28%     25.62MiB / 3.823GiB   0.65%     17.3kB / 7.08kB   0B / 0B      4
886b94cdcddd   consumidor_redis1   29.07%    21.6MiB / 3.823GiB    0.55%     2.89MB / 4.42MB   0B / 0B      8
ed31fdfa6e8f   consumidor_mongo1   27.95%    32.43MiB / 3.823GiB   0.83%     3.01MB / 3.3MB    0B / 0B      14
48e73dd4ab5d   sectorizador        0.00%     24.27MiB / 3.823GiB   0.62%     1.89MB / 1.85MB   0B / 0B      4
c46f710821e4   cliente_atm         0.08%     23.65MiB / 3.823GiB   0.60%     35.8kB / 56.9kB   0B / 0B      1
cd6bfe45793d   kafka_ui            0.13%     241MiB / 3.823GiB     6.16%     78.2kB / 8.4kB    0B / 225kB   35
0802920a6c28   redis               5.30%     10.77MiB / 3.823GiB   0.28%     6.23MB / 2.56MB   0B / 0B      6
f29aad2c7381   mongodb             123.61%   146.3MiB / 3.823GiB   3.74%     3.23MB / 950kB    0B / 0B      48
f790aa9a62cf   kafka               70.75%    385.6MiB / 3.823GiB   9.85%     2.34MB / 4.4MB    0B / 238kB   107
CONTAINER ID   NAME                CPU %     MEM USAGE / LIMIT     MEM %     NET I/O           BLOCK I/O    PIDS
860517acb542   productor           0.41%     211.4MiB / 3.823GiB   5.40%     15.2kB / 2.18MB   0B / 0B      2
40a7d96ff35d   cliente_historico   0.11%     25.62MiB / 3.823GiB   0.65%     17.3kB / 7.08kB   0B / 0B      4
886b94cdcddd   consumidor_redis1   0.88%     19.71MiB / 3.823GiB   0.50%     2.93MB / 4.68MB   0B / 0B      2
ed31fdfa6e8f   consumidor_mongo1   1.16%     31.83MiB / 3.823GiB   0.81%     3.25MB / 3.6MB    0B / 0B      8
48e73dd4ab5d   sectorizador        0.00%     24.27MiB / 3.823GiB   0.62%     1.89MB / 1.85MB   0B / 0B      4
c46f710821e4   cliente_atm         0.04%     23.65MiB / 3.823GiB   0.60%     37.2kB / 59.3kB   0B / 0B      1
cd6bfe45793d   kafka_ui            0.17%     241MiB / 3.823GiB     6.16%     78.2kB / 8.4kB    0B / 225kB   35
0802920a6c28   redis               0.88%     10.8MiB / 3.823GiB    0.28%     6.48MB / 2.6MB    0B / 0B      6
f29aad2c7381   mongodb             0.84%     105.4MiB / 3.823GiB   2.69%     3.54MB / 1.03MB   0B / 0B      36
f790aa9a62cf   kafka               410.66%   477MiB / 3.823GiB     12.19%    2.34MB / 4.56MB   0B / 238kB   152
CONTAINER ID   NAME                CPU %     MEM USAGE / LIMIT     MEM %     NET I/O           BLOCK I/O    PIDS
860517acb542   productor           31.75%    211.4MiB / 3.823GiB   5.40%     16.4kB / 2.37MB   0B / 0B      2
40a7d96ff35d   cliente_historico   0.80%     25.62MiB / 3.823GiB   0.65%     17.3kB / 7.08kB   0B / 0B      4
886b94cdcddd   consumidor_redis1   15.15%    20.2MiB / 3.823GiB    0.52%     3.14MB / 4.77MB   0B / 0B      2
ed31fdfa6e8f   consumidor_mongo1   17.24%    31.83MiB / 3.823GiB   0.81%     3.29MB / 3.61MB   0B / 0B      8
48e73dd4ab5d   sectorizador        55.40%    24.27MiB / 3.823GiB   0.62%     2.16MB / 2.11MB   0B / 0B      4
c46f710821e4   cliente_atm         2.81%     23.65MiB / 3.823GiB   0.60%     38.5kB / 61.5kB   0B / 0B      1
cd6bfe45793d   kafka_ui            0.30%     241MiB / 3.823GiB     6.16%     78.2kB / 8.4kB    0B / 238kB   35
0802920a6c28   redis               11.60%    10.81MiB / 3.823GiB   0.28%     6.84MB / 2.88MB   0B / 0B      6
f29aad2c7381   mongodb             11.57%    105.4MiB / 3.823GiB   2.69%     3.54MB / 1.04MB   0B / 0B      36
f790aa9a62cf   kafka               304.32%   387.6MiB / 3.823GiB   9.90%     2.54MB / 4.8MB    0B / 238kB   112
CONTAINER ID   NAME                CPU %     MEM USAGE / LIMIT     MEM %     NET I/O           BLOCK I/O    PIDS
860517acb542   productor           1.07%     211.4MiB / 3.823GiB   5.40%     16.4kB / 2.37MB   0B / 0B      2
40a7d96ff35d   cliente_historico   0.24%     25.62MiB / 3.823GiB   0.65%     18.1kB / 7.33kB   0B / 0B      4
886b94cdcddd   consumidor_redis1   1.13%     20.16MiB / 3.823GiB   0.52%     3.19MB / 5.09MB   0B / 0B      2
ed31fdfa6e8f   consumidor_mongo1   3.31%     31.83MiB / 3.823GiB   0.81%     3.54MB / 3.92MB   0B / 0B      8
48e73dd4ab5d   sectorizador        0.00%     24.27MiB / 3.823GiB   0.62%     2.16MB / 2.11MB   0B / 0B      4
c46f710821e4   cliente_atm         1.81%     23.66MiB / 3.823GiB   0.60%     39.9kB / 63.8kB   0B / 0B      1
cd6bfe45793d   kafka_ui            0.20%     241MiB / 3.823GiB     6.16%     78.2kB / 8.4kB    0B / 238kB   35
0802920a6c28   redis               9.84%     10.82MiB / 3.823GiB   0.28%     7.16MB / 2.93MB   0B / 0B      6
f29aad2c7381   mongodb             1.13%     107.7MiB / 3.823GiB   2.75%     3.85MB / 1.12MB   0B / 0B      36
f790aa9a62cf   kafka               502.58%   519.2MiB / 3.823GiB   13.26%    2.55MB / 4.96MB   0B / 238kB   174
CONTAINER ID   NAME                CPU %     MEM USAGE / LIMIT     MEM %     NET I/O           BLOCK I/O    PIDS
860517acb542   productor           43.52%    211.5MiB / 3.823GiB   5.40%     17kB / 2.49MB     0B / 0B      2
40a7d96ff35d   cliente_historico   3.68%     25.62MiB / 3.823GiB   0.65%     18.5kB / 7.39kB   0B / 0B      4
886b94cdcddd   consumidor_redis1   5.07%     20.41MiB / 3.823GiB   0.52%     3.24MB / 5.1MB    0B / 0B      2
ed31fdfa6e8f   consumidor_mongo1   11.66%    31.84MiB / 3.823GiB   0.81%     3.58MB / 3.92MB   0B / 0B      8
48e73dd4ab5d   sectorizador        0.00%     24.27MiB / 3.823GiB   0.62%     2.16MB / 2.11MB   0B / 0B      4
c46f710821e4   cliente_atm         3.41%     23.67MiB / 3.823GiB   0.60%     41.3kB / 66.2kB   0B / 0B      1
cd6bfe45793d   kafka_ui            0.20%     241MiB / 3.823GiB     6.16%     78.2kB / 8.4kB    0B / 238kB   35
0802920a6c28   redis               63.76%    10.79MiB / 3.823GiB   0.28%     7.21MB / 3.07MB   0B / 0B      6
f29aad2c7381   mongodb             178.17%   140.8MiB / 3.823GiB   3.60%     3.85MB / 1.12MB   0B / 0B      43
f790aa9a62cf   kafka               275.20%   525.3MiB / 3.823GiB   13.42%    2.67MB / 5.04MB   0B / 238kB   143
CONTAINER ID   NAME                CPU %     MEM USAGE / LIMIT     MEM %     NET I/O           BLOCK I/O    PIDS
860517acb542   productor           0.47%     211.5MiB / 3.823GiB   5.40%     17.6kB / 2.57MB   0B / 0B      2
40a7d96ff35d   cliente_historico   0.11%     25.62MiB / 3.823GiB   0.65%     18.8kB / 7.59kB   0B / 0B      4
886b94cdcddd   consumidor_redis1   0.66%     20.17MiB / 3.823GiB   0.52%     3.45MB / 5.51MB   0B / 0B      2
ed31fdfa6e8f   consumidor_mongo1   88.04%    31.84MiB / 3.823GiB   0.81%     3.77MB / 4.05MB   0B / 0B      8
48e73dd4ab5d   sectorizador        83.93%    24.27MiB / 3.823GiB   0.62%     2.42MB / 2.37MB   0B / 0B      4
c46f710821e4   cliente_atm         2.54%     23.67MiB / 3.823GiB   0.60%     42.6kB / 68.4kB   0B / 0B      1
cd6bfe45793d   kafka_ui            0.16%     241MiB / 3.823GiB     6.16%     78.2kB / 8.4kB    0B / 242kB   35
0802920a6c28   redis               26.42%    10.84MiB / 3.823GiB   0.28%     7.84MB / 3.26MB   0B / 0B      6
f29aad2c7381   mongodb             185.91%   175.4MiB / 3.823GiB   4.48%     4.12MB / 1.2MB    0B / 0B      51
f790aa9a62cf   kafka               202.19%   388.3MiB / 3.823GiB   9.92%     2.75MB / 5.36MB   0B / 238kB   112
CONTAINER ID   NAME                CPU %     MEM USAGE / LIMIT     MEM %     NET I/O           BLOCK I/O    PIDS
860517acb542   productor           23.01%    211.5MiB / 3.823GiB   5.40%     18.8kB / 2.77MB   0B / 0B      2
40a7d96ff35d   cliente_historico   0.07%     25.62MiB / 3.823GiB   0.65%     19.2kB / 7.66kB   0B / 0B      4
886b94cdcddd   consumidor_redis1   47.58%    20.35MiB / 3.823GiB   0.52%     3.71MB / 5.92MB   0B / 0B      2
ed31fdfa6e8f   consumidor_mongo1   50.53%    31.84MiB / 3.823GiB   0.81%     4.06MB / 4.33MB   0B / 0B      8
48e73dd4ab5d   sectorizador        0.00%     24.27MiB / 3.823GiB   0.62%     2.42MB / 2.37MB   0B / 0B      4
c46f710821e4   cliente_atm         1.53%     23.67MiB / 3.823GiB   0.60%     44kB / 70.7kB     0B / 0B      1
cd6bfe45793d   kafka_ui            0.18%     241.1MiB / 3.823GiB   6.16%     89.4kB / 9.44kB   0B / 242kB   35
0802920a6c28   redis               10.52%    10.8MiB / 3.823GiB    0.28%     8.25MB / 3.32MB   0B / 0B      6
f29aad2c7381   mongodb             22.44%    109.4MiB / 3.823GiB   2.80%     4.25MB / 1.24MB   0B / 0B      36
f790aa9a62cf   kafka               346.07%   503.7MiB / 3.823GiB   12.87%    2.75MB / 5.37MB   0B / 238kB   153
CONTAINER ID   NAME                CPU %     MEM USAGE / LIMIT     MEM %     NET I/O           BLOCK I/O    PIDS
860517acb542   productor           0.58%     211.5MiB / 3.823GiB   5.40%     18.8kB / 2.77MB   0B / 0B      2
40a7d96ff35d   cliente_historico   0.10%     25.62MiB / 3.823GiB   0.65%     19.6kB / 7.84kB   0B / 0B      4
886b94cdcddd   consumidor_redis1   1.11%     20.34MiB / 3.823GiB   0.52%     3.72MB / 5.93MB   0B / 0B      2
ed31fdfa6e8f   consumidor_mongo1   0.75%     31.84MiB / 3.823GiB   0.81%     4.12MB / 4.56MB   0B / 0B      8
48e73dd4ab5d   sectorizador        1.80%     24.27MiB / 3.823GiB   0.62%     2.42MB / 2.37MB   0B / 0B      4
c46f710821e4   cliente_atm         3.02%     23.67MiB / 3.823GiB   0.60%     45.3kB / 73kB     0B / 0B      1
cd6bfe45793d   kafka_ui            0.29%     241.1MiB / 3.823GiB   6.16%     89.5kB / 9.53kB   0B / 242kB   35
0802920a6c28   redis               13.37%    10.8MiB / 3.823GiB    0.28%     8.25MB / 3.32MB   0B / 0B      6
f29aad2c7381   mongodb             10.40%    111.7MiB / 3.823GiB   2.85%     4.48MB / 1.3MB    0B / 0B      36
f790aa9a62cf   kafka               307.80%   456.1MiB / 3.823GiB   11.65%    2.96MB / 5.77MB   0B / 238kB   151
CONTAINER ID   NAME                CPU %     MEM USAGE / LIMIT     MEM %     NET I/O           BLOCK I/O    PIDS
860517acb542   productor           29.17%    211.5MiB / 3.823GiB   5.40%     19.9kB / 2.97MB   0B / 0B      2
40a7d96ff35d   cliente_historico   0.07%     25.62MiB / 3.823GiB   0.65%     20kB / 7.91kB     0B / 0B      4
886b94cdcddd   consumidor_redis1   36.56%    20.5MiB / 3.823GiB    0.52%     3.94MB / 6.1MB    0B / 0B      2
ed31fdfa6e8f   consumidor_mongo1   33.65%    31.83MiB / 3.823GiB   0.81%     4.17MB / 4.58MB   0B / 0B      8
48e73dd4ab5d   sectorizador        0.00%     24.27MiB / 3.823GiB   0.62%     2.69MB / 2.63MB   0B / 0B      4
c46f710821e4   cliente_atm         3.94%     23.67MiB / 3.823GiB   0.60%     46.7kB / 75.3kB   0B / 0B      1
cd6bfe45793d   kafka_ui            0.50%     241.1MiB / 3.823GiB   6.16%     89.5kB / 9.53kB   0B / 258kB   35
0802920a6c28   redis               9.91%     10.86MiB / 3.823GiB   0.28%     8.69MB / 3.62MB   0B / 0B      6
f29aad2c7381   mongodb             37.18%    113.5MiB / 3.823GiB   2.90%     4.5MB / 1.32MB    0B / 0B      36
f790aa9a62cf   kafka               242.03%   531.9MiB / 3.823GiB   13.59%    3.16MB / 6.01MB   0B / 238kB   153
CONTAINER ID   NAME                CPU %     MEM USAGE / LIMIT     MEM %     NET I/O           BLOCK I/O    PIDS
860517acb542   productor           0.35%     211.5MiB / 3.823GiB   5.40%     19.9kB / 2.97MB   0B / 0B      2
40a7d96ff35d   cliente_historico   0.09%     25.62MiB / 3.823GiB   0.65%     20.4kB / 8.11kB   0B / 0B      4
886b94cdcddd   consumidor_redis1   0.52%     20.5MiB / 3.823GiB    0.52%     3.98MB / 6.35MB   0B / 0B      2
ed31fdfa6e8f   consumidor_mongo1   5.75%     31.83MiB / 3.823GiB   0.81%     4.4MB / 4.88MB    0B / 0B      8
48e73dd4ab5d   sectorizador        0.00%     24.27MiB / 3.823GiB   0.62%     2.69MB / 2.63MB   0B / 0B      4
c46f710821e4   cliente_atm         5.62%     23.67MiB / 3.823GiB   0.60%     48kB / 77.5kB     0B / 0B      1
cd6bfe45793d   kafka_ui            0.15%     241.1MiB / 3.823GiB   6.16%     89.5kB / 9.53kB   0B / 258kB   35
0802920a6c28   redis               9.36%     10.86MiB / 3.823GiB   0.28%     8.93MB / 3.66MB   0B / 0B      6
f29aad2c7381   mongodb             0.89%     113.5MiB / 3.823GiB   2.90%     4.8MB / 1.39MB    0B / 0B      36
f790aa9a62cf   kafka               427.82%   481.9MiB / 3.823GiB   12.31%    3.16MB / 6.17MB   0B / 238kB   152
CONTAINER ID   NAME                CPU %     MEM USAGE / LIMIT     MEM %     NET I/O           BLOCK I/O    PIDS
860517acb542   productor           17.44%    211.5MiB / 3.823GiB   5.40%     21kB / 3.16MB     0B / 0B      2
40a7d96ff35d   cliente_historico   0.20%     25.62MiB / 3.823GiB   0.65%     20.7kB / 8.17kB   0B / 0B      4
886b94cdcddd   consumidor_redis1   0.61%     20.5MiB / 3.823GiB    0.52%     3.98MB / 6.35MB   0B / 0B      2
ed31fdfa6e8f   consumidor_mongo1   22.78%    31.84MiB / 3.823GiB   0.81%     4.46MB / 4.94MB   0B / 0B      8
48e73dd4ab5d   sectorizador        0.00%     24.27MiB / 3.823GiB   0.62%     2.96MB / 2.89MB   0B / 0B      4
c46f710821e4   cliente_atm         0.01%     23.67MiB / 3.823GiB   0.60%     48kB / 77.5kB     0B / 0B      1
cd6bfe45793d   kafka_ui            0.18%     241.1MiB / 3.823GiB   6.16%     89.5kB / 9.53kB   0B / 258kB   35
0802920a6c28   redis               5.71%     10.88MiB / 3.823GiB   0.28%     9.45MB / 3.97MB   0B / 0B      6
f29aad2c7381   mongodb             11.85%    117.5MiB / 3.823GiB   3.00%     4.86MB / 1.41MB   0B / 0B      36
f790aa9a62cf   kafka               257.54%   463.1MiB / 3.823GiB   11.83%    3.36MB / 6.41MB   0B / 238kB   145
CONTAINER ID   NAME                CPU %     MEM USAGE / LIMIT     MEM %     NET I/O           BLOCK I/O    PIDS
860517acb542   productor           0.28%     211.5MiB / 3.823GiB   5.40%     21kB / 3.16MB     0B / 0B      2
40a7d96ff35d   cliente_historico   0.07%     25.63MiB / 3.823GiB   0.65%     21.1kB / 8.36kB   0B / 0B      4
886b94cdcddd   consumidor_redis1   5.89%     20.33MiB / 3.823GiB   0.52%     4.25MB / 6.77MB   0B / 0B      2
ed31fdfa6e8f   consumidor_mongo1   5.53%     31.84MiB / 3.823GiB   0.81%     4.7MB / 5.2MB     0B / 0B      8
48e73dd4ab5d   sectorizador        0.00%     24.27MiB / 3.823GiB   0.62%     2.96MB / 2.89MB   0B / 0B      4
c46f710821e4   cliente_atm         0.01%     23.67MiB / 3.823GiB   0.60%     49.3kB / 79.7kB   0B / 0B      1
cd6bfe45793d   kafka_ui            0.13%     241.1MiB / 3.823GiB   6.16%     89.5kB / 9.53kB   0B / 262kB   35
0802920a6c28   redis               0.59%     10.87MiB / 3.823GiB   0.28%     9.61MB / 3.99MB   0B / 0B      6
f29aad2c7381   mongodb             0.64%     117.5MiB / 3.823GiB   3.00%     5.11MB / 1.48MB   0B / 0B      36
f790aa9a62cf   kafka               114.02%   394MiB / 3.823GiB     10.06%    3.37MB / 6.57MB   0B / 238kB   116
CONTAINER ID   NAME                CPU %     MEM USAGE / LIMIT     MEM %     NET I/O           BLOCK I/O    PIDS
860517acb542   productor           7.52%     211.5MiB / 3.823GiB   5.40%     21.3kB / 3.2MB    0B / 0B      2
40a7d96ff35d   cliente_historico   0.09%     25.63MiB / 3.823GiB   0.65%     21.1kB / 8.36kB   0B / 0B      4
886b94cdcddd   consumidor_redis1   0.62%     20.33MiB / 3.823GiB   0.52%     4.25MB / 6.77MB   0B / 0B      2
ed31fdfa6e8f   consumidor_mongo1   1.33%     31.84MiB / 3.823GiB   0.81%     4.74MB / 5.2MB    0B / 0B      8
48e73dd4ab5d   sectorizador        79.43%    24.27MiB / 3.823GiB   0.62%     3.16MB / 3.05MB   0B / 0B      4
c46f710821e4   cliente_atm         0.02%     23.67MiB / 3.823GiB   0.60%     50.7kB / 82kB     0B / 0B      1
cd6bfe45793d   kafka_ui            0.50%     241.1MiB / 3.823GiB   6.16%     101kB / 10.6kB    0B / 262kB   35
0802920a6c28   redis               20.08%    10.88MiB / 3.823GiB   0.28%     9.77MB / 4.2MB    0B / 0B      6
f29aad2c7381   mongodb             0.96%     117.5MiB / 3.823GiB   3.00%     5.11MB / 1.48MB   0B / 0B      36
f790aa9a62cf   kafka               444.94%   595.2MiB / 3.823GiB   15.21%    3.37MB / 6.59MB   0B / 238kB   177
CONTAINER ID   NAME                CPU %     MEM USAGE / LIMIT     MEM %     NET I/O           BLOCK I/O    PIDS
860517acb542   productor           0.34%     211.5MiB / 3.823GiB   5.40%     22.2kB / 3.36MB   0B / 0B      2
40a7d96ff35d   cliente_historico   0.06%     25.63MiB / 3.823GiB   0.65%     21.9kB / 8.68kB   0B / 0B      4
886b94cdcddd   consumidor_redis1   0.45%     20.33MiB / 3.823GiB   0.52%     4.51MB / 7.18MB   0B / 0B      2
ed31fdfa6e8f   consumidor_mongo1   0.73%     31.84MiB / 3.823GiB   0.81%     4.98MB / 5.51MB   0B / 0B      8
48e73dd4ab5d   sectorizador        0.00%     24.27MiB / 3.823GiB   0.62%     3.22MB / 3.15MB   0B / 0B      4
c46f710821e4   cliente_atm         0.02%     23.67MiB / 3.823GiB   0.60%     52kB / 84.3kB     0B / 0B      1
cd6bfe45793d   kafka_ui            0.17%     241.1MiB / 3.823GiB   6.16%     101kB / 10.6kB    0B / 262kB   35
0802920a6c28   redis               0.67%     10.85MiB / 3.823GiB   0.28%     10.3MB / 4.32MB   0B / 0B      6
f29aad2c7381   mongodb             0.96%     117.5MiB / 3.823GiB   3.00%     5.43MB / 1.57MB   0B / 0B      36
f790aa9a62cf   kafka               372.69%   513.6MiB / 3.823GiB   13.12%    3.57MB / 6.99MB   0B / 238kB   153
CONTAINER ID   NAME                CPU %     MEM USAGE / LIMIT     MEM %     NET I/O           BLOCK I/O    PIDS
860517acb542   productor           0.34%     211.5MiB / 3.823GiB   5.40%     22.2kB / 3.36MB   0B / 0B      2
40a7d96ff35d   cliente_historico   0.16%     25.63MiB / 3.823GiB   0.65%     22.3kB / 8.75kB   0B / 0B      4
886b94cdcddd   consumidor_redis1   0.64%     20.33MiB / 3.823GiB   0.52%     4.51MB / 7.18MB   0B / 0B      2
ed31fdfa6e8f   consumidor_mongo1   0.41%     31.84MiB / 3.823GiB   0.81%     4.99MB / 5.51MB   0B / 0B      8
48e73dd4ab5d   sectorizador        0.00%     24.27MiB / 3.823GiB   0.62%     3.22MB / 3.15MB   0B / 0B      4
c46f710821e4   cliente_atm         0.01%     23.67MiB / 3.823GiB   0.60%     53.3kB / 86.5kB   0B / 0B      1
cd6bfe45793d   kafka_ui            0.18%     241.1MiB / 3.823GiB   6.16%     101kB / 10.6kB    0B / 274kB   35
0802920a6c28   redis               5.32%     10.86MiB / 3.823GiB   0.28%     10.3MB / 4.32MB   0B / 0B      6
f29aad2c7381   mongodb             0.81%     117.5MiB / 3.823GiB   3.00%     5.43MB / 1.57MB   0B / 0B      36
f790aa9a62cf   kafka               343.12%   509.4MiB / 3.823GiB   13.01%    3.57MB / 6.99MB   0B / 238kB   152
CONTAINER ID   NAME                CPU %     MEM USAGE / LIMIT     MEM %     NET I/O           BLOCK I/O    PIDS
860517acb542   productor           0.30%     211.5MiB / 3.823GiB   5.40%     23.3kB / 3.56MB   0B / 0B      2
40a7d96ff35d   cliente_historico   0.06%     25.63MiB / 3.823GiB   0.65%     22.7kB / 8.93kB   0B / 0B      4
886b94cdcddd   consumidor_redis1   0.39%     20.34MiB / 3.823GiB   0.52%     4.77MB / 7.59MB   0B / 0B      2
ed31fdfa6e8f   consumidor_mongo1   0.62%     31.84MiB / 3.823GiB   0.81%     5.27MB / 5.83MB   0B / 0B      8
48e73dd4ab5d   sectorizador        0.00%     24.27MiB / 3.823GiB   0.62%     3.48MB / 3.41MB   0B / 0B      4
c46f710821e4   cliente_atm         0.01%     23.67MiB / 3.823GiB   0.60%     54.7kB / 88.8kB   0B / 0B      1
cd6bfe45793d   kafka_ui            0.12%     241.1MiB / 3.823GiB   6.16%     101kB / 10.6kB    0B / 274kB   35
0802920a6c28   redis               0.76%     10.88MiB / 3.823GiB   0.28%     10.9MB / 4.64MB   0B / 0B      6
f29aad2c7381   mongodb             0.74%     117.5MiB / 3.823GiB   3.00%     5.74MB / 1.66MB   0B / 0B      36
f790aa9a62cf   kafka               289.24%   483.8MiB / 3.823GiB   12.36%    3.78MB / 7.39MB   0B / 238kB   146
CONTAINER ID   NAME                CPU %     MEM USAGE / LIMIT     MEM %     NET I/O           BLOCK I/O    PIDS
860517acb542   productor           0.38%     211.5MiB / 3.823GiB   5.40%     23.3kB / 3.56MB   0B / 0B      2
40a7d96ff35d   cliente_historico   0.30%     25.63MiB / 3.823GiB   0.65%     22.7kB / 8.93kB   0B / 0B      4
886b94cdcddd   consumidor_redis1   1.02%     20.34MiB / 3.823GiB   0.52%     4.77MB / 7.6MB    0B / 0B      2
ed31fdfa6e8f   consumidor_mongo1   0.73%     31.84MiB / 3.823GiB   0.81%     5.28MB / 5.83MB   0B / 0B      8
48e73dd4ab5d   sectorizador        0.00%     24.27MiB / 3.823GiB   0.62%     3.48MB / 3.41MB   0B / 0B      4
c46f710821e4   cliente_atm         0.03%     23.67MiB / 3.823GiB   0.60%     56kB / 91.1kB     0B / 0B      1
cd6bfe45793d   kafka_ui            0.19%     241.1MiB / 3.823GiB   6.16%     101kB / 10.6kB    0B / 274kB   35
0802920a6c28   redis               0.92%     10.88MiB / 3.823GiB   0.28%     10.9MB / 4.64MB   0B / 0B      6
f29aad2c7381   mongodb             0.81%     117.5MiB / 3.823GiB   3.00%     5.74MB / 1.66MB   0B / 0B      36
f790aa9a62cf   kafka               265.05%   483.8MiB / 3.823GiB   12.36%    3.78MB / 7.39MB   0B / 238kB   150
CONTAINER ID   NAME                CPU %     MEM USAGE / LIMIT     MEM %     NET I/O           BLOCK I/O    PIDS
860517acb542   productor           0.33%     211.5MiB / 3.823GiB   5.40%     24.5kB / 3.75MB   0B / 0B      2
40a7d96ff35d   cliente_historico   0.10%     25.63MiB / 3.823GiB   0.65%     23.5kB / 9.2kB    0B / 0B      4
886b94cdcddd   consumidor_redis1   0.31%     20.67MiB / 3.823GiB   0.53%     5.03MB / 8MB      0B / 0B      2
ed31fdfa6e8f   consumidor_mongo1   0.44%     31.84MiB / 3.823GiB   0.81%     5.56MB / 6.14MB   0B / 0B      8
48e73dd4ab5d   sectorizador        81.15%    24.27MiB / 3.823GiB   0.62%     3.75MB / 3.66MB   0B / 0B      4
c46f710821e4   cliente_atm         0.02%     23.68MiB / 3.823GiB   0.60%     57.3kB / 93.5kB   0B / 0B      1
cd6bfe45793d   kafka_ui            0.13%     241.1MiB / 3.823GiB   6.16%     101kB / 10.6kB    0B / 274kB   35
0802920a6c28   redis               21.00%    12.06MiB / 3.823GiB   0.31%     11.6MB / 4.97MB   0B / 0B      7
f29aad2c7381   mongodb             0.71%     117.5MiB / 3.823GiB   3.00%     6.05MB / 1.75MB   0B / 0B      36
f790aa9a62cf   kafka               233.15%   461.1MiB / 3.823GiB   11.78%    3.98MB / 7.79MB   0B / 238kB   128
CONTAINER ID   NAME                CPU %     MEM USAGE / LIMIT     MEM %     NET I/O           BLOCK I/O    PIDS
860517acb542   productor           0.90%     211.5MiB / 3.823GiB   5.40%     24.5kB / 3.75MB   0B / 0B      2
40a7d96ff35d   cliente_historico   0.13%     25.63MiB / 3.823GiB   0.65%     23.5kB / 9.2kB    0B / 0B      4
886b94cdcddd   consumidor_redis1   3.22%     20.67MiB / 3.823GiB   0.53%     5.04MB / 8MB      0B / 0B      2
ed31fdfa6e8f   consumidor_mongo1   0.47%     31.84MiB / 3.823GiB   0.81%     5.56MB / 6.14MB   0B / 0B      8
48e73dd4ab5d   sectorizador        0.00%     24.27MiB / 3.823GiB   0.62%     3.75MB / 3.66MB   0B / 0B      4
c46f710821e4   cliente_atm         0.01%     23.68MiB / 3.823GiB   0.60%     58.5kB / 95.7kB   0B / 0B      1
cd6bfe45793d   kafka_ui            0.15%     241.2MiB / 3.823GiB   6.16%     112kB / 11.7kB    0B / 279kB   35
0802920a6c28   redis               2.08%     10.88MiB / 3.823GiB   0.28%     11.6MB / 4.97MB   0B / 0B      6
f29aad2c7381   mongodb             3.39%     117.5MiB / 3.823GiB   3.00%     6.05MB / 1.75MB   0B / 0B      36
f790aa9a62cf   kafka               295.50%   437MiB / 3.823GiB     11.16%    3.98MB / 7.8MB    0B / 238kB   130
CONTAINER ID   NAME                CPU %     MEM USAGE / LIMIT     MEM %     NET I/O           BLOCK I/O    PIDS
860517acb542   productor           0.32%     211.5MiB / 3.823GiB   5.40%     25.6kB / 3.95MB   0B / 0B      2
40a7d96ff35d   cliente_historico   0.15%     25.63MiB / 3.823GiB   0.65%     24.2kB / 9.45kB   0B / 0B      4
886b94cdcddd   consumidor_redis1   0.46%     20.67MiB / 3.823GiB   0.53%     5.3MB / 8.41MB    0B / 0B      2
ed31fdfa6e8f   consumidor_mongo1   12.95%    31.84MiB / 3.823GiB   0.81%     5.85MB / 6.45MB   0B / 0B      8
48e73dd4ab5d   sectorizador        0.00%     24.27MiB / 3.823GiB   0.62%     3.75MB / 3.66MB   0B / 0B      4
c46f710821e4   cliente_atm         0.01%     23.68MiB / 3.823GiB   0.60%     60kB / 98kB       0B / 0B      1
cd6bfe45793d   kafka_ui            0.13%     241.2MiB / 3.823GiB   6.16%     112kB / 11.7kB    0B / 279kB   35
0802920a6c28   redis               0.82%     10.87MiB / 3.823GiB   0.28%     12MB / 5.03MB     0B / 0B      6
f29aad2c7381   mongodb             8.34%     117.5MiB / 3.823GiB   3.00%     6.35MB / 1.84MB   0B / 0B      36
f790aa9a62cf   kafka               314.30%   457.3MiB / 3.823GiB   11.68%    4.18MB / 8.2MB    0B / 238kB   146
CONTAINER ID   NAME                CPU %     MEM USAGE / LIMIT     MEM %     NET I/O           BLOCK I/O    PIDS
860517acb542   productor           1.09%     211.5MiB / 3.823GiB   5.40%     25.6kB / 3.95MB   0B / 0B      2
40a7d96ff35d   cliente_historico   0.17%     25.63MiB / 3.823GiB   0.65%     24.2kB / 9.45kB   0B / 0B      4
886b94cdcddd   consumidor_redis1   0.73%     20.68MiB / 3.823GiB   0.53%     5.3MB / 8.41MB    0B / 0B      2
ed31fdfa6e8f   consumidor_mongo1   16.18%    31.84MiB / 3.823GiB   0.81%     5.85MB / 6.45MB   0B / 0B      8
48e73dd4ab5d   sectorizador        0.00%     24.27MiB / 3.823GiB   0.62%     4.01MB / 3.92MB   0B / 0B      4
c46f710821e4   cliente_atm         0.03%     23.68MiB / 3.823GiB   0.60%     61.3kB / 100kB    0B / 0B      1
cd6bfe45793d   kafka_ui            1.44%     241.2MiB / 3.823GiB   6.16%     112kB / 11.7kB    0B / 279kB   35
0802920a6c28   redis               1.70%     10.89MiB / 3.823GiB   0.28%     12.3MB / 5.3MB    0B / 0B      6
f29aad2c7381   mongodb             130.47%   147.6MiB / 3.823GiB   3.77%     6.35MB / 1.84MB   0B / 0B      56
f790aa9a62cf   kafka               171.81%   395.8MiB / 3.823GiB   10.11%    4.19MB / 8.2MB    0B / 238kB   111
CONTAINER ID   NAME                CPU %     MEM USAGE / LIMIT     MEM %     NET I/O           BLOCK I/O    PIDS
860517acb542   productor           0.61%     211.6MiB / 3.823GiB   5.40%     26.7kB / 4.15MB   0B / 0B      2
40a7d96ff35d   cliente_historico   0.22%     25.63MiB / 3.823GiB   0.65%     25kB / 9.71kB     0B / 0B      4
886b94cdcddd   consumidor_redis1   9.08%     20.36MiB / 3.823GiB   0.52%     5.56MB / 8.82MB   0B / 0B      2
ed31fdfa6e8f   consumidor_mongo1   71.49%    31.84MiB / 3.823GiB   0.81%     6.14MB / 6.76MB   0B / 0B      8
48e73dd4ab5d   sectorizador        0.00%     24.27MiB / 3.823GiB   0.62%     4.01MB / 3.92MB   0B / 0B      4
c46f710821e4   cliente_atm         2.10%     23.69MiB / 3.823GiB   0.61%     62.6kB / 103kB    0B / 0B      1
cd6bfe45793d   kafka_ui            0.55%     241.2MiB / 3.823GiB   6.16%     112kB / 11.7kB    0B / 291kB   35
0802920a6c28   redis               1.22%     10.89MiB / 3.823GiB   0.28%     12.7MB / 5.36MB   0B / 0B      6
f29aad2c7381   mongodb             138.21%   117.9MiB / 3.823GiB   3.01%     6.67MB / 1.93MB   0B / 0B      36
f790aa9a62cf   kafka               289.85%   500.7MiB / 3.823GiB   12.79%    4.39MB / 8.6MB    0B / 238kB   165
CONTAINER ID   NAME                CPU %     MEM USAGE / LIMIT     MEM %     NET I/O           BLOCK I/O    PIDS
860517acb542   productor           0.31%     211.6MiB / 3.823GiB   5.40%     26.7kB / 4.15MB   0B / 0B      2
40a7d96ff35d   cliente_historico   0.08%     25.63MiB / 3.823GiB   0.65%     25kB / 9.71kB     0B / 0B      4
886b94cdcddd   consumidor_redis1   5.10%     20.36MiB / 3.823GiB   0.52%     5.56MB / 8.83MB   0B / 0B      2
ed31fdfa6e8f   consumidor_mongo1   4.65%     31.84MiB / 3.823GiB   0.81%     6.14MB / 6.77MB   0B / 0B      8
48e73dd4ab5d   sectorizador        0.00%     24.27MiB / 3.823GiB   0.62%     4.27MB / 4.18MB   0B / 0B      4
c46f710821e4   cliente_atm         1.68%     23.69MiB / 3.823GiB   0.61%     63.9kB / 105kB    0B / 0B      1
cd6bfe45793d   kafka_ui            0.16%     241.2MiB / 3.823GiB   6.16%     112kB / 11.7kB    0B / 291kB   35
0802920a6c28   redis               6.16%     11.14MiB / 3.823GiB   0.28%     12.9MB / 5.63MB   0B / 0B      6
f29aad2c7381   mongodb             0.53%     117.9MiB / 3.823GiB   3.01%     6.67MB / 1.93MB   0B / 0B      36
f790aa9a62cf   kafka               8.97%     393.4MiB / 3.823GiB   10.05%    4.39MB / 8.6MB    0B / 238kB   103
CONTAINER ID   NAME                CPU %     MEM USAGE / LIMIT     MEM %     NET I/O           BLOCK I/O    PIDS
860517acb542   productor           0.41%     211.6MiB / 3.823GiB   5.40%     27.8kB / 4.34MB   0B / 0B      2
40a7d96ff35d   cliente_historico   0.07%     25.63MiB / 3.823GiB   0.65%     25.4kB / 9.78kB   0B / 0B      4
886b94cdcddd   consumidor_redis1   27.77%    20.35MiB / 3.823GiB   0.52%     5.82MB / 9.24MB   0B / 0B      2
ed31fdfa6e8f   consumidor_mongo1   77.33%    31.84MiB / 3.823GiB   0.81%     6.41MB / 7.02MB   0B / 0B      8
48e73dd4ab5d   sectorizador        0.00%     24.27MiB / 3.823GiB   0.62%     4.27MB / 4.18MB   0B / 0B      4
c46f710821e4   cliente_atm         0.02%     23.69MiB / 3.823GiB   0.61%     63.9kB / 105kB    0B / 0B      1
cd6bfe45793d   kafka_ui            0.30%     241.2MiB / 3.823GiB   6.16%     112kB / 11.7kB    0B / 291kB   35
0802920a6c28   redis               7.28%     10.88MiB / 3.823GiB   0.28%     13.4MB / 5.69MB   0B / 0B      6
f29aad2c7381   mongodb             42.43%    118MiB / 3.823GiB     3.01%     6.92MB / 2MB      0B / 0B      36
f790aa9a62cf   kafka               292.94%   532.4MiB / 3.823GiB   13.60%    4.59MB / 9MB      0B / 238kB   148
CONTAINER ID   NAME                CPU %     MEM USAGE / LIMIT     MEM %     NET I/O           BLOCK I/O    PIDS
860517acb542   productor           0.40%     211.6MiB / 3.823GiB   5.40%     27.8kB / 4.34MB   0B / 0B      2
40a7d96ff35d   cliente_historico   0.13%     25.63MiB / 3.823GiB   0.65%     25.7kB / 9.96kB   0B / 0B      4
886b94cdcddd   consumidor_redis1   0.64%     20.35MiB / 3.823GiB   0.52%     5.82MB / 9.24MB   0B / 0B      2
ed31fdfa6e8f   consumidor_mongo1   2.62%     31.84MiB / 3.823GiB   0.81%     6.43MB / 7.08MB   0B / 0B      8
48e73dd4ab5d   sectorizador        19.96%    24.27MiB / 3.823GiB   0.62%     4.42MB / 4.22MB   0B / 0B      4
c46f710821e4   cliente_atm         0.01%     23.69MiB / 3.823GiB   0.61%     65.2kB / 107kB    0B / 0B      1
cd6bfe45793d   kafka_ui            4.07%     241.2MiB / 3.823GiB   6.16%     123kB / 12.7kB    0B / 295kB   35
0802920a6c28   redis               6.01%     10.89MiB / 3.823GiB   0.28%     13.4MB / 5.84MB   0B / 0B      6
f29aad2c7381   mongodb             0.89%     118.1MiB / 3.823GiB   3.02%     6.98MB / 2.02MB   0B / 0B      36
f790aa9a62cf   kafka               334.27%   545.1MiB / 3.823GiB   13.93%    4.6MB / 9.01MB    0B / 238kB   147
CONTAINER ID   NAME                CPU %     MEM USAGE / LIMIT     MEM %     NET I/O           BLOCK I/O    PIDS
860517acb542   productor           37.57%    211.6MiB / 3.823GiB   5.40%     29kB / 4.54MB     0B / 0B      2
40a7d96ff35d   cliente_historico   1.32%     25.63MiB / 3.823GiB   0.65%     26.1kB / 10kB     0B / 0B      4
886b94cdcddd   consumidor_redis1   39.32%    20.57MiB / 3.823GiB   0.53%     6MB / 9.33MB      0B / 0B      2
ed31fdfa6e8f   consumidor_mongo1   30.02%    31.84MiB / 3.823GiB   0.81%     6.48MB / 7.1MB    0B / 0B      8
48e73dd4ab5d   sectorizador        0.00%     24.27MiB / 3.823GiB   0.62%     4.54MB / 4.43MB   0B / 0B      4
c46f710821e4   cliente_atm         0.03%     23.69MiB / 3.823GiB   0.61%     66.5kB / 109kB    0B / 0B      1
cd6bfe45793d   kafka_ui            0.11%     241.2MiB / 3.823GiB   6.16%     123kB / 12.7kB    0B / 295kB   35
0802920a6c28   redis               8.44%     10.89MiB / 3.823GiB   0.28%     13.7MB / 5.98MB   0B / 0B      6
f29aad2c7381   mongodb             126.45%   156.5MiB / 3.823GiB   4.00%     6.99MB / 2.03MB   0B / 0B      47
f790aa9a62cf   kafka               195.18%   414.5MiB / 3.823GiB   10.59%    4.8MB / 9.21MB    0B / 238kB   132
CONTAINER ID   NAME                CPU %     MEM USAGE / LIMIT     MEM %     NET I/O           BLOCK I/O    PIDS
860517acb542   productor           0.32%     211.6MiB / 3.823GiB   5.40%     29kB / 4.54MB     0B / 0B      2
40a7d96ff35d   cliente_historico   0.07%     25.63MiB / 3.823GiB   0.65%     26.5kB / 10.2kB   0B / 0B      4
886b94cdcddd   consumidor_redis1   0.42%     20.58MiB / 3.823GiB   0.53%     6.08MB / 9.65MB   0B / 0B      2
ed31fdfa6e8f   consumidor_mongo1   0.60%     31.85MiB / 3.823GiB   0.81%     6.71MB / 7.39MB   0B / 0B      8
48e73dd4ab5d   sectorizador        0.00%     24.27MiB / 3.823GiB   0.62%     4.54MB / 4.43MB   0B / 0B      4
c46f710821e4   cliente_atm         0.04%     23.69MiB / 3.823GiB   0.61%     67.8kB / 111kB    0B / 0B      1
cd6bfe45793d   kafka_ui            0.17%     241.2MiB / 3.823GiB   6.16%     123kB / 12.7kB    0B / 295kB   35
0802920a6c28   redis               0.79%     10.88MiB / 3.823GiB   0.28%     14MB / 6.02MB     0B / 0B      6
f29aad2c7381   mongodb             0.95%     118.7MiB / 3.823GiB   3.03%     7.29MB / 2.11MB   0B / 0B      36
f790aa9a62cf   kafka               455.26%   564.4MiB / 3.823GiB   14.42%    4.8MB / 9.41MB    0B / 238kB   175
CONTAINER ID   NAME                CPU %     MEM USAGE / LIMIT     MEM %     NET I/O           BLOCK I/O    PIDS
860517acb542   productor           0.88%     211.6MiB / 3.823GiB   5.40%     29kB / 4.54MB     0B / 0B      2
40a7d96ff35d   cliente_historico   0.11%     25.63MiB / 3.823GiB   0.65%     26.9kB / 10.3kB   0B / 0B      4
886b94cdcddd   consumidor_redis1   24.46%    20.84MiB / 3.823GiB   0.53%     6.32MB / 9.9MB    0B / 0B      2
ed31fdfa6e8f   consumidor_mongo1   20.69%    31.85MiB / 3.823GiB   0.81%     6.93MB / 7.46MB   0B / 0B      8
48e73dd4ab5d   sectorizador        57.36%    24.27MiB / 3.823GiB   0.62%     4.81MB / 4.69MB   0B / 0B      4
c46f710821e4   cliente_atm         0.02%     23.69MiB / 3.823GiB   0.61%     69.2kB / 114kB    0B / 0B      1
cd6bfe45793d   kafka_ui            0.15%     241.2MiB / 3.823GiB   6.16%     123kB / 12.7kB    0B / 295kB   35
0802920a6c28   redis               23.34%    10.91MiB / 3.823GiB   0.28%     14.5MB / 6.32MB   0B / 0B      6
f29aad2c7381   mongodb             16.10%    127.7MiB / 3.823GiB   3.26%     7.35MB / 2.13MB   0B / 0B      49
f790aa9a62cf   kafka               240.22%   465.3MiB / 3.823GiB   11.89%    5MB / 9.81MB      0B / 238kB   146
CONTAINER ID   NAME                CPU %     MEM USAGE / LIMIT     MEM %     NET I/O           BLOCK I/O    PIDS
860517acb542   productor           0.31%     211.6MiB / 3.823GiB   5.40%     30.2kB / 4.74MB   0B / 0B      2
40a7d96ff35d   cliente_historico   0.08%     25.63MiB / 3.823GiB   0.65%     27.3kB / 10.5kB   0B / 0B      4
886b94cdcddd   consumidor_redis1   0.35%     20.37MiB / 3.823GiB   0.52%     6.34MB / 10.1MB   0B / 0B      2
ed31fdfa6e8f   consumidor_mongo1   0.40%     31.85MiB / 3.823GiB   0.81%     7MB / 7.71MB      0B / 0B      8
48e73dd4ab5d   sectorizador        0.00%     24.27MiB / 3.823GiB   0.62%     4.81MB / 4.69MB   0B / 0B      4
c46f710821e4   cliente_atm         0.03%     23.69MiB / 3.823GiB   0.61%     70.5kB / 116kB    0B / 0B      1
cd6bfe45793d   kafka_ui            0.21%     241.2MiB / 3.823GiB   6.16%     123kB / 12.7kB    0B / 295kB   35
0802920a6c28   redis               0.69%     10.86MiB / 3.823GiB   0.28%     14.7MB / 6.35MB   0B / 0B      6
f29aad2c7381   mongodb             0.56%     119.1MiB / 3.823GiB   3.04%     7.6MB / 2.2MB     0B / 0B      36
f790aa9a62cf   kafka               41.38%    396.1MiB / 3.823GiB   10.12%    5.01MB / 9.81MB   0B / 238kB   113
CONTAINER ID   NAME                CPU %     MEM USAGE / LIMIT     MEM %     NET I/O           BLOCK I/O    PIDS
860517acb542   productor           39.21%    211.6MiB / 3.823GiB   5.40%     31.3kB / 4.93MB   0B / 0B      2
40a7d96ff35d   cliente_historico   0.10%     25.63MiB / 3.823GiB   0.65%     27.6kB / 10.5kB   0B / 0B      4
886b94cdcddd   consumidor_redis1   45.29%    20.84MiB / 3.823GiB   0.53%     6.58MB / 10.3MB   0B / 0B      2
ed31fdfa6e8f   consumidor_mongo1   36.61%    31.85MiB / 3.823GiB   0.81%     7.06MB / 7.78MB   0B / 0B      8
48e73dd4ab5d   sectorizador        68.30%    24.27MiB / 3.823GiB   0.62%     4.97MB / 4.77MB   0B / 0B      4
c46f710821e4   cliente_atm         0.04%     23.69MiB / 3.823GiB   0.61%     71.8kB / 118kB    0B / 0B      1
cd6bfe45793d   kafka_ui            0.23%     241.2MiB / 3.823GiB   6.16%     123kB / 12.7kB    0B / 295kB   35
0802920a6c28   redis               26.17%    10.88MiB / 3.823GiB   0.28%     15MB / 6.55MB     0B / 0B      6
f29aad2c7381   mongodb             84.24%    135.9MiB / 3.823GiB   3.47%     7.6MB / 2.2MB     0B / 0B      43
f790aa9a62cf   kafka               249.07%   504MiB / 3.823GiB     12.88%    5.21MB / 10.1MB   0B / 238kB   153
CONTAINER ID   NAME                CPU %     MEM USAGE / LIMIT     MEM %     NET I/O           BLOCK I/O    PIDS
860517acb542   productor           0.42%     211.6MiB / 3.823GiB   5.40%     31.3kB / 4.93MB   0B / 0B      2
40a7d96ff35d   cliente_historico   0.28%     25.63MiB / 3.823GiB   0.65%     28kB / 10.7kB     0B / 0B      4
886b94cdcddd   consumidor_redis1   0.34%     20.37MiB / 3.823GiB   0.52%     6.6MB / 10.5MB    0B / 0B      2
ed31fdfa6e8f   consumidor_mongo1   0.57%     31.85MiB / 3.823GiB   0.81%     7.29MB / 8.02MB   0B / 0B      8
48e73dd4ab5d   sectorizador        0.00%     24.27MiB / 3.823GiB   0.62%     5.07MB / 4.95MB   0B / 0B      4
c46f710821e4   cliente_atm         0.02%     23.69MiB / 3.823GiB   0.61%     73.1kB / 120kB    0B / 0B      1
cd6bfe45793d   kafka_ui            0.20%     241.2MiB / 3.823GiB   6.16%     123kB / 12.7kB    0B / 295kB   35
0802920a6c28   redis               12.10%    10.87MiB / 3.823GiB   0.28%     15.3MB / 6.67MB   0B / 0B      6
f29aad2c7381   mongodb             0.76%     121.4MiB / 3.823GiB   3.10%     7.9MB / 2.29MB    0B / 0B      36
f790aa9a62cf   kafka               266.21%   440.8MiB / 3.823GiB   11.26%    5.21MB / 10.2MB   0B / 238kB   134
CONTAINER ID   NAME                CPU %     MEM USAGE / LIMIT     MEM %     NET I/O           BLOCK I/O    PIDS
860517acb542   productor           25.15%    211.6MiB / 3.823GiB   5.40%     32.4kB / 5.13MB   0B / 0B      2
40a7d96ff35d   cliente_historico   0.26%     25.63MiB / 3.823GiB   0.65%     28.4kB / 10.8kB   0B / 0B      4
886b94cdcddd   consumidor_redis1   8.94%     20.37MiB / 3.823GiB   0.52%     6.61MB / 10.5MB   0B / 0B      2
ed31fdfa6e8f   consumidor_mongo1   26.37%    31.86MiB / 3.823GiB   0.81%     7.5MB / 8.08MB    0B / 0B      8
48e73dd4ab5d   sectorizador        0.00%     24.27MiB / 3.823GiB   0.62%     5.07MB / 4.95MB   0B / 0B      4
c46f710821e4   cliente_atm         0.02%     23.69MiB / 3.823GiB   0.61%     74.5kB / 123kB    0B / 0B      1
cd6bfe45793d   kafka_ui            0.15%     241.3MiB / 3.823GiB   6.16%     134kB / 13.8kB    0B / 307kB   35
0802920a6c28   redis               8.92%     10.87MiB / 3.823GiB   0.28%     15.5MB / 6.71MB   0B / 0B      6
f29aad2c7381   mongodb             12.46%    121.7MiB / 3.823GiB   3.11%     7.97MB / 2.3MB    0B / 0B      36
f790aa9a62cf   kafka               266.88%   536.3MiB / 3.823GiB   13.70%    5.41MB / 10.6MB   0B / 238kB   153
CONTAINER ID   NAME                CPU %     MEM USAGE / LIMIT     MEM %     NET I/O           BLOCK I/O    PIDS
860517acb542   productor           0.36%     211.6MiB / 3.823GiB   5.40%     32.4kB / 5.13MB   0B / 0B      2
40a7d96ff35d   cliente_historico   0.09%     25.63MiB / 3.823GiB   0.65%     28.8kB / 11kB     0B / 0B      4
886b94cdcddd   consumidor_redis1   0.60%     20.64MiB / 3.823GiB   0.53%     6.86MB / 10.9MB   0B / 0B      2
ed31fdfa6e8f   consumidor_mongo1   0.53%     31.86MiB / 3.823GiB   0.81%     7.58MB / 8.33MB   0B / 0B      8
48e73dd4ab5d   sectorizador        0.00%     24.27MiB / 3.823GiB   0.62%     5.34MB / 5.21MB   0B / 0B      4
c46f710821e4   cliente_atm         0.02%     23.69MiB / 3.823GiB   0.61%     75.9kB / 125kB    0B / 0B      1
cd6bfe45793d   kafka_ui            0.15%     241.3MiB / 3.823GiB   6.16%     134kB / 13.8kB    0B / 307kB   35
0802920a6c28   redis               16.71%    10.88MiB / 3.823GiB   0.28%     16MB / 7MB        0B / 0B      6
f29aad2c7381   mongodb             0.95%     121.5MiB / 3.823GiB   3.10%     8.21MB / 2.37MB   0B / 0B      36
f790aa9a62cf   kafka               384.97%   511.9MiB / 3.823GiB   13.08%    5.41MB / 10.6MB   0B / 238kB   153
CONTAINER ID   NAME                CPU %     MEM USAGE / LIMIT     MEM %     NET I/O           BLOCK I/O    PIDS
860517acb542   productor           16.87%    211.6MiB / 3.823GiB   5.40%     33.1kB / 5.25MB   0B / 0B      2
40a7d96ff35d   cliente_historico   0.12%     25.63MiB / 3.823GiB   0.65%     29.2kB / 11.1kB   0B / 0B      4
886b94cdcddd   consumidor_redis1   4.20%     20.64MiB / 3.823GiB   0.53%     6.91MB / 10.9MB   0B / 0B      2
ed31fdfa6e8f   consumidor_mongo1   11.92%    31.86MiB / 3.823GiB   0.81%     7.62MB / 8.33MB   0B / 0B      8
48e73dd4ab5d   sectorizador        0.00%     24.27MiB / 3.823GiB   0.62%     5.34MB / 5.21MB   0B / 0B      4
c46f710821e4   cliente_atm         0.02%     23.69MiB / 3.823GiB   0.61%     77.3kB / 127kB    0B / 0B      1
cd6bfe45793d   kafka_ui            0.13%     241.3MiB / 3.823GiB   6.16%     134kB / 13.8kB    0B / 307kB   35
0802920a6c28   redis               15.06%    10.89MiB / 3.823GiB   0.28%     16MB / 7.01MB     0B / 0B      6
f29aad2c7381   mongodb             64.25%    144MiB / 3.823GiB     3.68%     8.21MB / 2.38MB   0B / 0B      43
f790aa9a62cf   kafka               218.44%   459.8MiB / 3.823GiB   11.75%    5.54MB / 10.7MB   0B / 238kB   143
CONTAINER ID   NAME                CPU %     MEM USAGE / LIMIT     MEM %     NET I/O           BLOCK I/O    PIDS
860517acb542   productor           0.53%     211.6MiB / 3.823GiB   5.40%     33.5kB / 5.33MB   0B / 0B      2
40a7d96ff35d   cliente_historico   0.11%     25.63MiB / 3.823GiB   0.65%     29.5kB / 11.2kB   0B / 0B      4
886b94cdcddd   consumidor_redis1   8.67%     20.38MiB / 3.823GiB   0.52%     7.13MB / 11.3MB   0B / 0B      2
ed31fdfa6e8f   consumidor_mongo1   8.73%     31.86MiB / 3.823GiB   0.81%     7.86MB / 8.64MB   0B / 0B      8
48e73dd4ab5d   sectorizador        77.64%    24.28MiB / 3.823GiB   0.62%     5.51MB / 5.3MB    0B / 0B      4
c46f710821e4   cliente_atm         0.02%     23.69MiB / 3.823GiB   0.61%     78.7kB / 129kB    0B / 0B      1
cd6bfe45793d   kafka_ui            0.29%     241.3MiB / 3.823GiB   6.16%     134kB / 13.8kB    0B / 307kB   35
0802920a6c28   redis               3.31%     10.89MiB / 3.823GiB   0.28%     16.4MB / 7.07MB   0B / 0B      6
f29aad2c7381   mongodb             121.66%   191MiB / 3.823GiB     4.88%     8.52MB / 2.47MB   0B / 0B      52
f790aa9a62cf   kafka               301.25%   492MiB / 3.823GiB     12.57%    5.62MB / 11MB     0B / 238kB   154
CONTAINER ID   NAME                CPU %     MEM USAGE / LIMIT     MEM %     NET I/O           BLOCK I/O    PIDS
860517acb542   productor           37.62%    211.6MiB / 3.823GiB   5.41%     34.5kB / 5.48MB   0B / 0B      2
40a7d96ff35d   cliente_historico   1.21%     25.63MiB / 3.823GiB   0.65%     29.9kB / 11.3kB   0B / 0B      4
886b94cdcddd   consumidor_redis1   1.96%     20.38MiB / 3.823GiB   0.52%     7.13MB / 11.3MB   0B / 0B      2
ed31fdfa6e8f   consumidor_mongo1   15.50%    31.86MiB / 3.823GiB   0.81%     7.91MB / 8.65MB   0B / 0B      8
48e73dd4ab5d   sectorizador        0.00%     24.27MiB / 3.823GiB   0.62%     5.61MB / 5.47MB   0B / 0B      4
c46f710821e4   cliente_atm         1.90%     23.69MiB / 3.823GiB   0.61%     80.1kB / 132kB    0B / 0B      1
cd6bfe45793d   kafka_ui            0.17%     241.3MiB / 3.823GiB   6.16%     134kB / 13.8kB    0B / 307kB   35
0802920a6c28   redis               3.91%     10.93MiB / 3.823GiB   0.28%     16.8MB / 7.35MB   0B / 0B      6
f29aad2c7381   mongodb             22.82%    122.1MiB / 3.823GiB   3.12%     8.53MB / 2.47MB   0B / 0B      36
f790aa9a62cf   kafka               312.65%   514.7MiB / 3.823GiB   13.15%    5.74MB / 11.1MB   0B / 238kB   145
CONTAINER ID   NAME                CPU %     MEM USAGE / LIMIT     MEM %     NET I/O           BLOCK I/O    PIDS
860517acb542   productor           0.59%     211.6MiB / 3.823GiB   5.40%     34.7kB / 5.52MB   0B / 0B      2
40a7d96ff35d   cliente_historico   0.09%     25.64MiB / 3.823GiB   0.65%     30.3kB / 11.5kB   0B / 0B      4
886b94cdcddd   consumidor_redis1   0.83%     20.38MiB / 3.823GiB   0.52%     7.39MB / 11.7MB   0B / 0B      2
ed31fdfa6e8f   consumidor_mongo1   8.43%     31.86MiB / 3.823GiB   0.81%     8.15MB / 8.95MB   0B / 0B      8
48e73dd4ab5d   sectorizador        0.00%     24.27MiB / 3.823GiB   0.62%     5.61MB / 5.47MB   0B / 0B      4
c46f710821e4   cliente_atm         0.03%     23.69MiB / 3.823GiB   0.61%     81.5kB / 134kB    0B / 0B      1
cd6bfe45793d   kafka_ui            0.18%     241.3MiB / 3.823GiB   6.16%     134kB / 13.8kB    0B / 307kB   35
0802920a6c28   redis               1.44%     11.16MiB / 3.823GiB   0.29%     17.1MB / 7.4MB    0B / 0B      6
f29aad2c7381   mongodb             1.13%     121.9MiB / 3.823GiB   3.11%     8.83MB / 2.55MB   0B / 0B      36
f790aa9a62cf   kafka               302.71%   433MiB / 3.823GiB     11.06%    5.82MB / 11.4MB   0B / 238kB   130
