=== 2025-07-13T18:25:14Z ===
{
  "Hora UTC": "No disponible",
  "Sectorización aplicable": {
    "sector_CZ_Centro": 0,
    "sector_AD": 0,
    "sector_XK": 0,
    "sector_GB_Oeste": 0,
    "sector_BE_Este": 0,
    "sector_PT_Este": 0,
    "sector_TR_Oeste": 0,
    "sector_SE_Oeste": 0,
    "sector_RU_Oeste": 0,
    "sector_IT_Norte": 0
  }
}
=== 2025-07-13T18:25:20Z ===
{
  "Hora UTC": "No disponible",
  "Sectorización aplicable": {
    "sector_CZ_Centro": 0,
    "sector_AD": 0,
    "sector_XK": 0,
    "sector_GB_Oeste": 0,
    "sector_BE_Este": 0,
    "sector_PT_Este": 0,
    "sector_TR_Oeste": 0,
    "sector_SE_Oeste": 0,
    "sector_RU_Oeste": 0,
    "sector_IT_Norte": 0
  }
}
=== 2025-07-13T18:25:25Z ===
{
  "Hora UTC": "No disponible",
  "Sectorización aplicable": {
    "sector_CZ_Centro": 0,
    "sector_AD": 0,
    "sector_XK": 0,
    "sector_GB_Oeste": 0,
    "sector_BE_Este": 0,
    "sector_PT_Este": 0,
    "sector_TR_Oeste": 0,
    "sector_SE_Oeste": 0,
    "sector_RU_Oeste": 0,
    "sector_IT_Norte": 0
  }
}
=== 2025-07-13T18:25:30Z ===
{
  "Hora UTC": "No disponible",
  "Sectorización aplicable": {
    "sector_CZ_Centro": 0,
    "sector_AD": 0,
    "sector_XK": 0,
    "sector_GB_Oeste": 0,
    "sector_BE_Este": 0,
    "sector_PT_Este": 0,
    "sector_TR_Oeste": 0,
    "sector_SE_Oeste": 0,
    "sector_RU_Oeste": 0,
    "sector_IT_Norte": 0
  }
}
=== 2025-07-13T18:25:35Z ===
{
  "Hora UTC": "No disponible",
  "Sectorización aplicable": {
    "sector_CZ_Centro": 0,
    "sector_AD": 0,
    "sector_XK": 0,
    "sector_GB_Oeste": 0,
    "sector_BE_Este": 0,
    "sector_PT_Este": 0,
    "sector_TR_Oeste": 0,
    "sector_SE_Oeste": 0,
    "sector_RU_Oeste": 0,
    "sector_IT_Norte": 0
  }
}
=== 2025-07-13T18:25:40Z ===
{
  "Hora UTC": "No disponible",
  "Sectorización aplicable": {
    "sector_CZ_Centro": 0,
    "sector_AD": 0,
    "sector_XK": 0,
    "sector_GB_Oeste": 0,
    "sector_BE_Este": 0,
    "sector_PT_Este": 0,
    "sector_TR_Oeste": 0,
    "sector_SE_Oeste": 0,
    "sector_RU_Oeste": 0,
    "sector_IT_Norte": 0
  }
}
=== 2025-07-13T18:25:46Z ===
{
  "Hora UTC": "No disponible",
  "Sectorización aplicable": {
    "sector_CZ_Centro": 0,
    "sector_AD": 0,
    "sector_XK": 0,
    "sector_GB_Oeste": 0,
    "sector_BE_Este": 0,
    "sector_PT_Este": 0,
    "sector_TR_Oeste": 0,
    "sector_SE_Oeste": 0,
    "sector_RU_Oeste": 0,
    "sector_IT_Norte": 0
  }
}
=== 2025-07-13T18:25:51Z ===
{
  "Hora UTC": "No disponible",
  "Sectorización aplicable": {
    "sector_CZ_Centro": 2,
    "sector_AD": 0,
    "sector_XK": 0,
    "sector_GB_Oeste": 0,
    "sector_BE_Este": 0,
    "sector_PT_Este": 0,
    "sector_TR_Oeste": 0,
    "sector_SE_Oeste": 0,
    "sector_RU_Oeste": 0,
    "sector_IT_Norte": 0
  }
}
=== 2025-07-13T18:25:56Z ===
{
  "Hora UTC": "No disponible",
  "Sectorización aplicable": {
    "sector_CZ_Centro": 2,
    "sector_AD": 0,
    "sector_XK": 0,
    "sector_GB_Oeste": 0,
    "sector_BE_Este": 0,
    "sector_PT_Este": 0,
    "sector_TR_Oeste": 0,
    "sector_SE_Oeste": 0,
    "sector_RU_Oeste": 0,
    "sector_IT_Norte": 0
  }
}
=== 2025-07-13T18:26:02Z ===
{
  "Hora UTC": "No disponible",
  "Sectorización aplicable": {
    "sector_CZ_Centro": 2,
    "sector_AD": 0,
    "sector_XK": 0,
    "sector_GB_Oeste": 0,
    "sector_BE_Este": 0,
    "sector_PT_Este": 0,
    "sector_TR_Oeste": 0,
    "sector_SE_Oeste": 0,
    "sector_RU_Oeste": 0,
    "sector_IT_Norte": 0
  }
}
=== 2025-07-13T18:26:07Z ===
{
  "Hora UTC": "No disponible",
  "Sectorización aplicable": {
    "sector_CZ_Centro": 2,
    "sector_AD": 0,
    "sector_XK": 0,
    "sector_GB_Oeste": 0,
    "sector_BE_Este": 0,
    "sector_PT_Este": 0,
    "sector_TR_Oeste": 0,
    "sector_SE_Oeste": 0,
    "sector_RU_Oeste": 0,
    "sector_IT_Norte": 0
  }
}
=== 2025-07-13T18:26:13Z ===
{
  "Hora UTC": "No disponible",
  "Sectorización aplicable": {
    "sector_CZ_Centro": 2,
    "sector_AD": 0,
    "sector_XK": 0,
    "sector_GB_Oeste": 0,
    "sector_BE_Este": 0,
    "sector_PT_Este": 0,
    "sector_TR_Oeste": 0,
    "sector_SE_Oeste": 0,
    "sector_RU_Oeste": 0,
    "sector_IT_Norte": 0
  }
}
=== 2025-07-13T18:26:18Z ===
{
  "Hora UTC": "2025-07-13 18:26:15",
  "Sectorización aplicable": {
    "sector_CZ_Centro": 138,
    "sector_AD": 141,
    "sector_XK": 108,
    "sector_GB_Oeste": 156,
    "sector_BE_Este": 176,
    "sector_PT_Este": 72,
    "sector_TR_Oeste": 81,
    "sector_SE_Oeste": 74,
    "sector_RU_Oeste": 37,
    "sector_IT_Norte": 179
  }
}
=== 2025-07-13T18:26:23Z ===
{
  "Hora UTC": "2025-07-13 18:26:15",
  "Sectorización aplicable": {
    "sector_CZ_Centro": 138,
    "sector_AD": 141,
    "sector_XK": 108,
    "sector_GB_Oeste": 156,
    "sector_BE_Este": 176,
    "sector_PT_Este": 72,
    "sector_TR_Oeste": 81,
    "sector_SE_Oeste": 74,
    "sector_RU_Oeste": 37,
    "sector_IT_Norte": 179
  }
}
=== 2025-07-13T18:26:28Z ===
{
  "Hora UTC": "2025-07-13 18:26:15",
  "Sectorización aplicable": {
    "sector_CZ_Centro": 138,
    "sector_AD": 141,
    "sector_XK": 108,
    "sector_GB_Oeste": 156,
    "sector_BE_Este": 176,
    "sector_PT_Este": 72,
    "sector_TR_Oeste": 81,
    "sector_SE_Oeste": 74,
    "sector_RU_Oeste": 37,
    "sector_IT_Norte": 179
  }
}
=== 2025-07-13T18:26:33Z ===
{
  "Hora UTC": "2025-07-13 18:26:29",
  "Sectorización aplicable": {
    "sector_CZ_Centro": 287,
    "sector_AD": 276,
    "sector_XK": 251,
    "sector_GB_Oeste": 320,
    "sector_BE_Este": 361,
    "sector_PT_Este": 162,
    "sector_TR_Oeste": 173,
    "sector_SE_Oeste": 147,
    "sector_RU_Oeste": 70,
    "sector_IT_Norte": 408
  }
}
=== 2025-07-13T18:26:39Z ===
{
  "Hora UTC": "2025-07-13 18:26:29",
  "Sectorización aplicable": {
    "sector_CZ_Centro": 287,
    "sector_AD": 276,
    "sector_XK": 251,
    "sector_GB_Oeste": 320,
    "sector_BE_Este": 361,
    "sector_PT_Este": 162,
    "sector_TR_Oeste": 173,
    "sector_SE_Oeste": 147,
    "sector_RU_Oeste": 70,
    "sector_IT_Norte": 408
  }
}
=== 2025-07-13T18:26:44Z ===
{
  "Hora UTC": "2025-07-13 18:26:29",
  "Sectorización aplicable": {
    "sector_CZ_Centro": 287,
    "sector_AD": 276,
    "sector_XK": 251,
    "sector_GB_Oeste": 320,
    "sector_BE_Este": 361,
    "sector_PT_Este": 162,
    "sector_TR_Oeste": 173,
    "sector_SE_Oeste": 147,
    "sector_RU_Oeste": 70,
    "sector_IT_Norte": 408
  }
}
=== 2025-07-13T18:26:49Z ===
{
  "Hora UTC": "2025-07-13 18:26:45",
  "Sectorización aplicable": {
    "sector_CZ_Centro": 308,
    "sector_AD": 293,
    "sector_XK": 273,
    "sector_GB_Oeste": 346,
    "sector_BE_Este": 382,
    "sector_PT_Este": 172,
    "sector_TR_Oeste": 188,
    "sector_SE_Oeste": 162,
    "sector_RU_Oeste": 77,
    "sector_IT_Norte": 435
  }
}
=== 2025-07-13T18:26:54Z ===
{
  "Hora UTC": "2025-07-13 18:26:45",
  "Sectorización aplicable": {
    "sector_CZ_Centro": 308,
    "sector_AD": 293,
    "sector_XK": 273,
    "sector_GB_Oeste": 346,
    "sector_BE_Este": 382,
    "sector_PT_Este": 172,
    "sector_TR_Oeste": 188,
    "sector_SE_Oeste": 162,
    "sector_RU_Oeste": 77,
    "sector_IT_Norte": 435
  }
}
=== 2025-07-13T18:26:59Z ===
{
  "Hora UTC": "2025-07-13 18:26:59",
  "Sectorización aplicable": {
    "sector_CZ_Centro": 324,
    "sector_AD": 321,
    "sector_XK": 287,
    "sector_GB_Oeste": 366,
    "sector_BE_Este": 410,
    "sector_PT_Este": 187,
    "sector_TR_Oeste": 201,
    "sector_SE_Oeste": 172,
    "sector_RU_Oeste": 83,
    "sector_IT_Norte": 456
  }
}
=== 2025-07-13T18:27:05Z ===
{
  "Hora UTC": "2025-07-13 18:26:59",
  "Sectorización aplicable": {
    "sector_CZ_Centro": 324,
    "sector_AD": 321,
    "sector_XK": 287,
    "sector_GB_Oeste": 366,
    "sector_BE_Este": 410,
    "sector_PT_Este": 187,
    "sector_TR_Oeste": 201,
    "sector_SE_Oeste": 172,
    "sector_RU_Oeste": 83,
    "sector_IT_Norte": 456
  }
}
=== 2025-07-13T18:27:10Z ===
{
  "Hora UTC": "2025-07-13 18:26:59",
  "Sectorización aplicable": {
    "sector_CZ_Centro": 324,
    "sector_AD": 321,
    "sector_XK": 287,
    "sector_GB_Oeste": 366,
    "sector_BE_Este": 410,
    "sector_PT_Este": 187,
    "sector_TR_Oeste": 201,
    "sector_SE_Oeste": 172,
    "sector_RU_Oeste": 83,
    "sector_IT_Norte": 456
  }
}
=== 2025-07-13T18:27:15Z ===
{
  "Hora UTC": "2025-07-13 18:27:15",
  "Sectorización aplicable": {
    "sector_CZ_Centro": 325,
    "sector_AD": 323,
    "sector_XK": 294,
    "sector_GB_Oeste": 365,
    "sector_BE_Este": 410,
    "sector_PT_Este": 193,
    "sector_TR_Oeste": 204,
    "sector_SE_Oeste": 172,
    "sector_RU_Oeste": 86,
    "sector_IT_Norte": 459
  }
}
=== 2025-07-13T18:27:20Z ===
{
  "Hora UTC": "2025-07-13 18:27:15",
  "Sectorización aplicable": {
    "sector_CZ_Centro": 325,
    "sector_AD": 323,
    "sector_XK": 294,
    "sector_GB_Oeste": 365,
    "sector_BE_Este": 410,
    "sector_PT_Este": 193,
    "sector_TR_Oeste": 204,
    "sector_SE_Oeste": 172,
    "sector_RU_Oeste": 86,
    "sector_IT_Norte": 459
  }
}
=== 2025-07-13T18:27:25Z ===
{
  "Hora UTC": "2025-07-13 18:27:15",
  "Sectorización aplicable": {
    "sector_CZ_Centro": 325,
    "sector_AD": 323,
    "sector_XK": 294,
    "sector_GB_Oeste": 365,
    "sector_BE_Este": 410,
    "sector_PT_Este": 193,
    "sector_TR_Oeste": 204,
    "sector_SE_Oeste": 172,
    "sector_RU_Oeste": 86,
    "sector_IT_Norte": 459
  }
}
=== 2025-07-13T18:27:31Z ===
{
  "Hora UTC": "2025-07-13 18:27:29",
  "Sectorización aplicable": {
    "sector_CZ_Centro": 324,
    "sector_AD": 324,
    "sector_XK": 302,
    "sector_GB_Oeste": 364,
    "sector_BE_Este": 417,
    "sector_PT_Este": 198,
    "sector_TR_Oeste": 207,
    "sector_SE_Oeste": 172,
    "sector_RU_Oeste": 88,
    "sector_IT_Norte": 461
  }
}
=== 2025-07-13T18:27:36Z ===
{
  "Hora UTC": "2025-07-13 18:27:29",
  "Sectorización aplicable": {
    "sector_CZ_Centro": 324,
    "sector_AD": 324,
    "sector_XK": 302,
    "sector_GB_Oeste": 364,
    "sector_BE_Este": 417,
    "sector_PT_Este": 198,
    "sector_TR_Oeste": 207,
    "sector_SE_Oeste": 172,
    "sector_RU_Oeste": 88,
    "sector_IT_Norte": 461
  }
}
=== 2025-07-13T18:27:41Z ===
{
  "Hora UTC": "2025-07-13 18:27:29",
  "Sectorización aplicable": {
    "sector_CZ_Centro": 324,
    "sector_AD": 324,
    "sector_XK": 302,
    "sector_GB_Oeste": 364,
    "sector_BE_Este": 417,
    "sector_PT_Este": 198,
    "sector_TR_Oeste": 207,
    "sector_SE_Oeste": 172,
    "sector_RU_Oeste": 88,
    "sector_IT_Norte": 461
  }
}
=== 2025-07-13T18:27:46Z ===
{
  "Hora UTC": "2025-07-13 18:27:42",
  "Sectorización aplicable": {
    "sector_CZ_Centro": 329,
    "sector_AD": 326,
    "sector_XK": 300,
    "sector_GB_Oeste": 363,
    "sector_BE_Este": 420,
    "sector_PT_Este": 198,
    "sector_TR_Oeste": 207,
    "sector_SE_Oeste": 173,
    "sector_RU_Oeste": 88,
    "sector_IT_Norte": 454
  }
}
=== 2025-07-13T18:27:51Z ===
{
  "Hora UTC": "2025-07-13 18:27:42",
  "Sectorización aplicable": {
    "sector_CZ_Centro": 329,
    "sector_AD": 326,
    "sector_XK": 300,
    "sector_GB_Oeste": 363,
    "sector_BE_Este": 420,
    "sector_PT_Este": 198,
    "sector_TR_Oeste": 207,
    "sector_SE_Oeste": 173,
    "sector_RU_Oeste": 88,
    "sector_IT_Norte": 454
  }
}
=== 2025-07-13T18:27:57Z ===
{
  "Hora UTC": "2025-07-13 18:27:56",
  "Sectorización aplicable": {
    "sector_CZ_Centro": 325,
    "sector_AD": 326,
    "sector_XK": 299,
    "sector_GB_Oeste": 363,
    "sector_BE_Este": 421,
    "sector_PT_Este": 201,
    "sector_TR_Oeste": 212,
    "sector_SE_Oeste": 169,
    "sector_RU_Oeste": 90,
    "sector_IT_Norte": 453
  }
}
=== 2025-07-13T18:28:02Z ===
{
  "Hora UTC": "2025-07-13 18:27:56",
  "Sectorización aplicable": {
    "sector_CZ_Centro": 325,
    "sector_AD": 326,
    "sector_XK": 299,
    "sector_GB_Oeste": 363,
    "sector_BE_Este": 421,
    "sector_PT_Este": 201,
    "sector_TR_Oeste": 212,
    "sector_SE_Oeste": 169,
    "sector_RU_Oeste": 90,
    "sector_IT_Norte": 453
  }
}
=== 2025-07-13T18:28:07Z ===
{
  "Hora UTC": "2025-07-13 18:27:56",
  "Sectorización aplicable": {
    "sector_CZ_Centro": 325,
    "sector_AD": 326,
    "sector_XK": 299,
    "sector_GB_Oeste": 363,
    "sector_BE_Este": 421,
    "sector_PT_Este": 201,
    "sector_TR_Oeste": 212,
    "sector_SE_Oeste": 169,
    "sector_RU_Oeste": 90,
    "sector_IT_Norte": 453
  }
}
=== 2025-07-13T18:28:12Z ===
{
  "Hora UTC": "2025-07-13 18:28:10",
  "Sectorización aplicable": {
    "sector_CZ_Centro": 324,
    "sector_AD": 325,
    "sector_XK": 303,
    "sector_GB_Oeste": 365,
    "sector_BE_Este": 422,
    "sector_PT_Este": 202,
    "sector_TR_Oeste": 214,
    "sector_SE_Oeste": 167,
    "sector_RU_Oeste": 89,
    "sector_IT_Norte": 461
  }
}
=== 2025-07-13T18:28:17Z ===
{
  "Hora UTC": "2025-07-13 18:28:10",
  "Sectorización aplicable": {
    "sector_CZ_Centro": 324,
    "sector_AD": 325,
    "sector_XK": 303,
    "sector_GB_Oeste": 365,
    "sector_BE_Este": 422,
    "sector_PT_Este": 202,
    "sector_TR_Oeste": 214,
    "sector_SE_Oeste": 167,
    "sector_RU_Oeste": 89,
    "sector_IT_Norte": 461
  }
}
=== 2025-07-13T18:28:22Z ===
{
  "Hora UTC": "2025-07-13 18:28:10",
  "Sectorización aplicable": {
    "sector_CZ_Centro": 324,
    "sector_AD": 325,
    "sector_XK": 303,
    "sector_GB_Oeste": 365,
    "sector_BE_Este": 422,
    "sector_PT_Este": 202,
    "sector_TR_Oeste": 214,
    "sector_SE_Oeste": 167,
    "sector_RU_Oeste": 89,
    "sector_IT_Norte": 461
  }
}
=== 2025-07-13T18:28:27Z ===
{
  "Hora UTC": "2025-07-13 18:28:24",
  "Sectorización aplicable": {
    "sector_CZ_Centro": 326,
    "sector_AD": 332,
    "sector_XK": 302,
    "sector_GB_Oeste": 367,
    "sector_BE_Este": 425,
    "sector_PT_Este": 202,
    "sector_TR_Oeste": 217,
    "sector_SE_Oeste": 170,
    "sector_RU_Oeste": 88,
    "sector_IT_Norte": 467
  }
}
=== 2025-07-13T18:28:32Z ===
{
  "Hora UTC": "2025-07-13 18:28:24",
  "Sectorización aplicable": {
    "sector_CZ_Centro": 326,
    "sector_AD": 332,
    "sector_XK": 302,
    "sector_GB_Oeste": 367,
    "sector_BE_Este": 425,
    "sector_PT_Este": 202,
    "sector_TR_Oeste": 217,
    "sector_SE_Oeste": 170,
    "sector_RU_Oeste": 88,
    "sector_IT_Norte": 467
  }
}
=== 2025-07-13T18:28:38Z ===
{
  "Hora UTC": "2025-07-13 18:28:24",
  "Sectorización aplicable": {
    "sector_CZ_Centro": 326,
    "sector_AD": 332,
    "sector_XK": 302,
    "sector_GB_Oeste": 367,
    "sector_BE_Este": 425,
    "sector_PT_Este": 202,
    "sector_TR_Oeste": 217,
    "sector_SE_Oeste": 170,
    "sector_RU_Oeste": 88,
    "sector_IT_Norte": 467
  }
}
=== 2025-07-13T18:28:43Z ===
{
  "Hora UTC": "2025-07-13 18:28:39",
  "Sectorización aplicable": {
    "sector_CZ_Centro": 333,
    "sector_AD": 339,
    "sector_XK": 306,
    "sector_GB_Oeste": 368,
    "sector_BE_Este": 417,
    "sector_PT_Este": 203,
    "sector_TR_Oeste": 219,
    "sector_SE_Oeste": 166,
    "sector_RU_Oeste": 86,
    "sector_IT_Norte": 465
  }
}
=== 2025-07-13T18:28:48Z ===
{
  "Hora UTC": "2025-07-13 18:28:39",
  "Sectorización aplicable": {
    "sector_CZ_Centro": 333,
    "sector_AD": 339,
    "sector_XK": 306,
    "sector_GB_Oeste": 368,
    "sector_BE_Este": 417,
    "sector_PT_Este": 203,
    "sector_TR_Oeste": 219,
    "sector_SE_Oeste": 166,
    "sector_RU_Oeste": 86,
    "sector_IT_Norte": 465
  }
}
=== 2025-07-13T18:28:53Z ===
{
  "Hora UTC": "2025-07-13 18:28:52",
  "Sectorización aplicable": {
    "sector_CZ_Centro": 332,
    "sector_AD": 339,
    "sector_XK": 304,
    "sector_GB_Oeste": 366,
    "sector_BE_Este": 414,
    "sector_PT_Este": 204,
    "sector_TR_Oeste": 219,
    "sector_SE_Oeste": 167,
    "sector_RU_Oeste": 85,
    "sector_IT_Norte": 467
  }
}
=== 2025-07-13T18:28:58Z ===
{
  "Hora UTC": "2025-07-13 18:28:52",
  "Sectorización aplicable": {
    "sector_CZ_Centro": 332,
    "sector_AD": 339,
    "sector_XK": 304,
    "sector_GB_Oeste": 366,
    "sector_BE_Este": 414,
    "sector_PT_Este": 204,
    "sector_TR_Oeste": 219,
    "sector_SE_Oeste": 167,
    "sector_RU_Oeste": 85,
    "sector_IT_Norte": 467
  }
}
=== 2025-07-13T18:29:03Z ===
{
  "Hora UTC": "2025-07-13 18:28:52",
  "Sectorización aplicable": {
    "sector_CZ_Centro": 332,
    "sector_AD": 339,
    "sector_XK": 304,
    "sector_GB_Oeste": 366,
    "sector_BE_Este": 414,
    "sector_PT_Este": 204,
    "sector_TR_Oeste": 219,
    "sector_SE_Oeste": 167,
    "sector_RU_Oeste": 85,
    "sector_IT_Norte": 467
  }
}
=== 2025-07-13T18:29:09Z ===
{
  "Hora UTC": "2025-07-13 18:29:05",
  "Sectorización aplicable": {
    "sector_CZ_Centro": 334,
    "sector_AD": 343,
    "sector_XK": 302,
    "sector_GB_Oeste": 368,
    "sector_BE_Este": 425,
    "sector_PT_Este": 204,
    "sector_TR_Oeste": 220,
    "sector_SE_Oeste": 171,
    "sector_RU_Oeste": 86,
    "sector_IT_Norte": 462
  }
}
=== 2025-07-13T18:29:14Z ===
{
  "Hora UTC": "2025-07-13 18:29:05",
  "Sectorización aplicable": {
    "sector_CZ_Centro": 334,
    "sector_AD": 343,
    "sector_XK": 302,
    "sector_GB_Oeste": 368,
    "sector_BE_Este": 425,
    "sector_PT_Este": 204,
    "sector_TR_Oeste": 220,
    "sector_SE_Oeste": 171,
    "sector_RU_Oeste": 86,
    "sector_IT_Norte": 462
  }
}
=== 2025-07-13T18:29:19Z ===
{
  "Hora UTC": "2025-07-13 18:29:05",
  "Sectorización aplicable": {
    "sector_CZ_Centro": 334,
    "sector_AD": 343,
    "sector_XK": 302,
    "sector_GB_Oeste": 368,
    "sector_BE_Este": 425,
    "sector_PT_Este": 204,
    "sector_TR_Oeste": 220,
    "sector_SE_Oeste": 171,
    "sector_RU_Oeste": 86,
    "sector_IT_Norte": 462
  }
}
=== 2025-07-13T18:29:24Z ===
{
  "Hora UTC": "2025-07-13 18:29:19",
  "Sectorización aplicable": {
    "sector_CZ_Centro": 337,
    "sector_AD": 339,
    "sector_XK": 306,
    "sector_GB_Oeste": 371,
    "sector_BE_Este": 429,
    "sector_PT_Este": 207,
    "sector_TR_Oeste": 219,
    "sector_SE_Oeste": 173,
    "sector_RU_Oeste": 87,
    "sector_IT_Norte": 461
  }
}
=== 2025-07-13T18:29:29Z ===
{
  "Hora UTC": "2025-07-13 18:29:19",
  "Sectorización aplicable": {
    "sector_CZ_Centro": 337,
    "sector_AD": 339,
    "sector_XK": 306,
    "sector_GB_Oeste": 371,
    "sector_BE_Este": 429,
    "sector_PT_Este": 207,
    "sector_TR_Oeste": 219,
    "sector_SE_Oeste": 173,
    "sector_RU_Oeste": 87,
    "sector_IT_Norte": 461
  }
}
=== 2025-07-13T18:29:35Z ===
{
  "Hora UTC": "2025-07-13 18:29:33",
  "Sectorización aplicable": {
    "sector_CZ_Centro": 333,
    "sector_AD": 338,
    "sector_XK": 308,
    "sector_GB_Oeste": 365,
    "sector_BE_Este": 432,
    "sector_PT_Este": 207,
    "sector_TR_Oeste": 222,
    "sector_SE_Oeste": 172,
    "sector_RU_Oeste": 88,
    "sector_IT_Norte": 459
  }
}
=== 2025-07-13T18:29:40Z ===
{
  "Hora UTC": "2025-07-13 18:29:33",
  "Sectorización aplicable": {
    "sector_CZ_Centro": 333,
    "sector_AD": 338,
    "sector_XK": 308,
    "sector_GB_Oeste": 365,
    "sector_BE_Este": 432,
    "sector_PT_Este": 207,
    "sector_TR_Oeste": 222,
    "sector_SE_Oeste": 172,
    "sector_RU_Oeste": 88,
    "sector_IT_Norte": 459
  }
}
=== 2025-07-13T18:29:45Z ===
{
  "Hora UTC": "2025-07-13 18:29:33",
  "Sectorización aplicable": {
    "sector_CZ_Centro": 333,
    "sector_AD": 338,
    "sector_XK": 308,
    "sector_GB_Oeste": 365,
    "sector_BE_Este": 432,
    "sector_PT_Este": 207,
    "sector_TR_Oeste": 222,
    "sector_SE_Oeste": 172,
    "sector_RU_Oeste": 88,
    "sector_IT_Norte": 459
  }
}
=== 2025-07-13T18:29:50Z ===
{
  "Hora UTC": "2025-07-13 18:29:49",
  "Sectorización aplicable": {
    "sector_CZ_Centro": 327,
    "sector_AD": 339,
    "sector_XK": 298,
    "sector_GB_Oeste": 366,
    "sector_BE_Este": 426,
    "sector_PT_Este": 210,
    "sector_TR_Oeste": 226,
    "sector_SE_Oeste": 171,
    "sector_RU_Oeste": 91,
    "sector_IT_Norte": 454
  }
}
=== 2025-07-13T18:29:55Z ===
{
  "Hora UTC": "2025-07-13 18:29:49",
  "Sectorización aplicable": {
    "sector_CZ_Centro": 327,
    "sector_AD": 339,
    "sector_XK": 298,
    "sector_GB_Oeste": 366,
    "sector_BE_Este": 426,
    "sector_PT_Este": 210,
    "sector_TR_Oeste": 226,
    "sector_SE_Oeste": 171,
    "sector_RU_Oeste": 91,
    "sector_IT_Norte": 454
  }
}
=== 2025-07-13T18:30:00Z ===
{
  "Hora UTC": "2025-07-13 18:29:49",
  "Sectorización aplicable": {
    "sector_CZ_Centro": 327,
    "sector_AD": 339,
    "sector_XK": 298,
    "sector_GB_Oeste": 366,
    "sector_BE_Este": 426,
    "sector_PT_Este": 210,
    "sector_TR_Oeste": 226,
    "sector_SE_Oeste": 171,
    "sector_RU_Oeste": 91,
    "sector_IT_Norte": 454
  }
}
=== 2025-07-13T18:30:06Z ===
{
  "Hora UTC": "2025-07-13 18:30:05",
  "Sectorización aplicable": {
    "sector_CZ_Centro": 332,
    "sector_AD": 343,
    "sector_XK": 310,
    "sector_GB_Oeste": 369,
    "sector_BE_Este": 430,
    "sector_PT_Este": 212,
    "sector_TR_Oeste": 226,
    "sector_SE_Oeste": 176,
    "sector_RU_Oeste": 89,
    "sector_IT_Norte": 465
  }
}
=== 2025-07-13T18:30:11Z ===
{
  "Hora UTC": "2025-07-13 18:30:05",
  "Sectorización aplicable": {
    "sector_CZ_Centro": 332,
    "sector_AD": 343,
    "sector_XK": 310,
    "sector_GB_Oeste": 369,
    "sector_BE_Este": 430,
    "sector_PT_Este": 212,
    "sector_TR_Oeste": 226,
    "sector_SE_Oeste": 176,
    "sector_RU_Oeste": 89,
    "sector_IT_Norte": 465
  }
}
