2025-07-13 17:53:19,015 - INFO - <BrokerConnection node_id=bootstrap-0 host=kafka:9092 <connecting> [IPv4 ('172.18.0.2', 9092)]>: connecting to kafka:9092 [('172.18.0.2', 9092) IPv4]
2025-07-13 17:53:19,017 - INFO - Probing node bootstrap-0 broker version
2025-07-13 17:53:19,028 - INFO - <BrokerConnection node_id=bootstrap-0 host=kafka:9092 <connecting> [IPv4 ('172.18.0.2', 9092)]>: Connection complete.
2025-07-13 17:53:19,137 - INFO - Broker version identified as 2.5.0
2025-07-13 17:53:19,139 - INFO - Set configuration api_version=(2, 5, 0) to skip auto check_version requests on startup
2025-07-13 17:53:22,907 - INFO - productor: Datos cargados desde /app/data/aeronaves_completo.json.
2025-07-13 17:54:02,979 - INFO - productor: Enviadas 19 aeronaves al topic 'adsb.aeronaves'.
2025-07-13 17:54:02,981 - INFO - <BrokerConnection node_id=1 host=kafka:9092 <connecting> [IPv4 ('172.18.0.2', 9092)]>: connecting to kafka:9092 [('172.18.0.2', 9092) IPv4]
2025-07-13 17:54:02,987 - INFO - <BrokerConnection node_id=1 host=kafka:9092 <connecting> [IPv4 ('172.18.0.2', 9092)]>: Connection complete.
2025-07-13 17:54:02,988 - INFO - <BrokerConnection node_id=bootstrap-0 host=kafka:9092 <connected> [IPv4 ('172.18.0.2', 9092)]>: Closing connection. 
2025-07-13 17:54:12,919 - INFO - productor: Enviadas 100 aeronaves al topic 'adsb.aeronaves'.
2025-07-13 17:54:12,958 - INFO - productor: Enviadas 100 aeronaves al topic 'adsb.aeronaves'.
2025-07-13 17:54:12,996 - INFO - productor: Enviadas 100 aeronaves al topic 'adsb.aeronaves'.
2025-07-13 17:54:13,008 - INFO - productor: Enviadas 100 aeronaves al topic 'adsb.aeronaves'.
2025-07-13 17:54:13,036 - INFO - productor: Enviadas 100 aeronaves al topic 'adsb.aeronaves'.
2025-07-13 17:54:22,923 - INFO - productor: Enviadas 100 aeronaves al topic 'adsb.aeronaves'.
2025-07-13 17:54:22,948 - INFO - productor: Enviadas 100 aeronaves al topic 'adsb.aeronaves'.
2025-07-13 17:54:22,985 - INFO - productor: Enviadas 100 aeronaves al topic 'adsb.aeronaves'.
2025-07-13 17:54:23,034 - INFO - productor: Enviadas 100 aeronaves al topic 'adsb.aeronaves'.
2025-07-13 17:54:23,084 - INFO - productor: Enviadas 100 aeronaves al topic 'adsb.aeronaves'.
2025-07-13 17:54:32,940 - INFO - productor: Enviadas 100 aeronaves al topic 'adsb.aeronaves'.
2025-07-13 17:54:33,041 - INFO - productor: Enviadas 100 aeronaves al topic 'adsb.aeronaves'.
2025-07-13 17:54:33,046 - INFO - productor: Enviadas 100 aeronaves al topic 'adsb.aeronaves'.
2025-07-13 17:54:33,084 - INFO - productor: Enviadas 100 aeronaves al topic 'adsb.aeronaves'.
2025-07-13 17:54:33,140 - INFO - productor: Enviadas 100 aeronaves al topic 'adsb.aeronaves'.
2025-07-13 17:54:42,912 - INFO - productor: Enviadas 100 aeronaves al topic 'adsb.aeronaves'.
2025-07-13 17:54:42,942 - INFO - productor: Enviadas 100 aeronaves al topic 'adsb.aeronaves'.
2025-07-13 17:54:43,008 - INFO - productor: Enviadas 100 aeronaves al topic 'adsb.aeronaves'.
2025-07-13 17:54:43,022 - INFO - productor: Enviadas 100 aeronaves al topic 'adsb.aeronaves'.
2025-07-13 17:54:43,067 - INFO - productor: Enviadas 100 aeronaves al topic 'adsb.aeronaves'.
2025-07-13 17:54:52,917 - INFO - productor: Enviadas 100 aeronaves al topic 'adsb.aeronaves'.
2025-07-13 17:54:52,949 - INFO - productor: Enviadas 100 aeronaves al topic 'adsb.aeronaves'.
2025-07-13 17:54:53,001 - INFO - productor: Enviadas 100 aeronaves al topic 'adsb.aeronaves'.
2025-07-13 17:54:53,017 - INFO - productor: Enviadas 100 aeronaves al topic 'adsb.aeronaves'.
2025-07-13 17:54:53,111 - INFO - productor: Enviadas 100 aeronaves al topic 'adsb.aeronaves'.
2025-07-13 17:55:02,922 - INFO - productor: Enviadas 100 aeronaves al topic 'adsb.aeronaves'.
2025-07-13 17:55:03,011 - INFO - productor: Enviadas 100 aeronaves al topic 'adsb.aeronaves'.
2025-07-13 17:55:03,063 - INFO - productor: Enviadas 100 aeronaves al topic 'adsb.aeronaves'.
2025-07-13 17:55:03,116 - INFO - productor: Enviadas 100 aeronaves al topic 'adsb.aeronaves'.
2025-07-13 17:55:03,153 - INFO - productor: Enviadas 100 aeronaves al topic 'adsb.aeronaves'.
2025-07-13 17:55:12,951 - INFO - productor: Enviadas 100 aeronaves al topic 'adsb.aeronaves'.
2025-07-13 17:55:13,039 - INFO - productor: Enviadas 100 aeronaves al topic 'adsb.aeronaves'.
2025-07-13 17:55:13,114 - INFO - productor: Enviadas 100 aeronaves al topic 'adsb.aeronaves'.
2025-07-13 17:55:13,197 - INFO - productor: Enviadas 100 aeronaves al topic 'adsb.aeronaves'.
2025-07-13 17:55:13,434 - INFO - productor: Enviadas 100 aeronaves al topic 'adsb.aeronaves'.
2025-07-13 17:55:22,922 - INFO - productor: Enviadas 100 aeronaves al topic 'adsb.aeronaves'.
2025-07-13 17:55:22,948 - INFO - productor: Enviadas 100 aeronaves al topic 'adsb.aeronaves'.
2025-07-13 17:55:22,989 - INFO - productor: Enviadas 100 aeronaves al topic 'adsb.aeronaves'.
2025-07-13 17:55:23,140 - INFO - productor: Enviadas 100 aeronaves al topic 'adsb.aeronaves'.
2025-07-13 17:55:23,177 - INFO - productor: Enviadas 100 aeronaves al topic 'adsb.aeronaves'.
2025-07-13 17:55:32,928 - INFO - productor: Enviadas 100 aeronaves al topic 'adsb.aeronaves'.
2025-07-13 17:55:32,971 - INFO - productor: Enviadas 100 aeronaves al topic 'adsb.aeronaves'.
2025-07-13 17:55:33,014 - INFO - productor: Enviadas 100 aeronaves al topic 'adsb.aeronaves'.
2025-07-13 17:55:33,055 - INFO - productor: Enviadas 100 aeronaves al topic 'adsb.aeronaves'.
2025-07-13 17:55:33,105 - INFO - productor: Enviadas 100 aeronaves al topic 'adsb.aeronaves'.
2025-07-13 17:55:42,925 - INFO - productor: Enviadas 100 aeronaves al topic 'adsb.aeronaves'.
2025-07-13 17:55:43,102 - INFO - productor: Enviadas 100 aeronaves al topic 'adsb.aeronaves'.
2025-07-13 17:55:43,174 - INFO - productor: Enviadas 100 aeronaves al topic 'adsb.aeronaves'.
2025-07-13 17:55:43,237 - INFO - productor: Enviadas 100 aeronaves al topic 'adsb.aeronaves'.
2025-07-13 17:55:43,374 - INFO - productor: Enviadas 100 aeronaves al topic 'adsb.aeronaves'.
2025-07-13 17:55:52,923 - INFO - productor: Enviadas 100 aeronaves al topic 'adsb.aeronaves'.
2025-07-13 17:55:52,962 - INFO - productor: Enviadas 100 aeronaves al topic 'adsb.aeronaves'.
2025-07-13 17:55:53,027 - INFO - productor: Enviadas 100 aeronaves al topic 'adsb.aeronaves'.
2025-07-13 17:55:53,040 - INFO - productor: Enviadas 100 aeronaves al topic 'adsb.aeronaves'.
2025-07-13 17:55:53,089 - INFO - productor: Enviadas 100 aeronaves al topic 'adsb.aeronaves'.
2025-07-13 17:56:02,918 - INFO - productor: Enviadas 100 aeronaves al topic 'adsb.aeronaves'.
2025-07-13 17:56:02,989 - INFO - productor: Enviadas 100 aeronaves al topic 'adsb.aeronaves'.
2025-07-13 17:56:03,090 - INFO - productor: Enviadas 100 aeronaves al topic 'adsb.aeronaves'.
2025-07-13 17:56:03,105 - INFO - productor: Enviadas 100 aeronaves al topic 'adsb.aeronaves'.
2025-07-13 17:56:03,143 - INFO - productor: Enviadas 100 aeronaves al topic 'adsb.aeronaves'.
2025-07-13 17:56:12,930 - INFO - productor: Enviadas 100 aeronaves al topic 'adsb.aeronaves'.
2025-07-13 17:56:12,934 - INFO - productor: Enviadas 100 aeronaves al topic 'adsb.aeronaves'.
2025-07-13 17:56:12,938 - INFO - productor: Enviadas 100 aeronaves al topic 'adsb.aeronaves'.
2025-07-13 17:56:12,944 - INFO - productor: Enviadas 100 aeronaves al topic 'adsb.aeronaves'.
2025-07-13 17:56:13,028 - INFO - productor: Enviadas 100 aeronaves al topic 'adsb.aeronaves'.
2025-07-13 17:56:22,918 - INFO - productor: Enviadas 100 aeronaves al topic 'adsb.aeronaves'.
2025-07-13 17:56:22,950 - INFO - productor: Enviadas 100 aeronaves al topic 'adsb.aeronaves'.
2025-07-13 17:56:22,986 - INFO - productor: Enviadas 100 aeronaves al topic 'adsb.aeronaves'.
2025-07-13 17:56:23,060 - INFO - productor: Enviadas 100 aeronaves al topic 'adsb.aeronaves'.
2025-07-13 17:56:23,128 - INFO - productor: Enviadas 100 aeronaves al topic 'adsb.aeronaves'.
2025-07-13 17:56:32,916 - INFO - productor: Enviadas 100 aeronaves al topic 'adsb.aeronaves'.
2025-07-13 17:56:32,974 - INFO - productor: Enviadas 100 aeronaves al topic 'adsb.aeronaves'.
2025-07-13 17:56:32,992 - INFO - productor: Enviadas 100 aeronaves al topic 'adsb.aeronaves'.
2025-07-13 17:56:32,995 - INFO - productor: Enviadas 100 aeronaves al topic 'adsb.aeronaves'.
2025-07-13 17:56:33,052 - INFO - productor: Enviadas 100 aeronaves al topic 'adsb.aeronaves'.
2025-07-13 17:56:42,922 - INFO - productor: Enviadas 100 aeronaves al topic 'adsb.aeronaves'.
2025-07-13 17:56:42,963 - INFO - productor: Enviadas 100 aeronaves al topic 'adsb.aeronaves'.
2025-07-13 17:56:42,983 - INFO - productor: Enviadas 100 aeronaves al topic 'adsb.aeronaves'.
2025-07-13 17:56:43,007 - INFO - productor: Enviadas 100 aeronaves al topic 'adsb.aeronaves'.
2025-07-13 17:56:43,010 - INFO - productor: Enviadas 100 aeronaves al topic 'adsb.aeronaves'.
2025-07-13 17:56:52,928 - INFO - productor: Enviadas 100 aeronaves al topic 'adsb.aeronaves'.
2025-07-13 17:56:53,032 - INFO - productor: Enviadas 100 aeronaves al topic 'adsb.aeronaves'.
2025-07-13 17:56:53,038 - INFO - productor: Enviadas 100 aeronaves al topic 'adsb.aeronaves'.
2025-07-13 17:56:53,048 - INFO - productor: Enviadas 100 aeronaves al topic 'adsb.aeronaves'.
2025-07-13 17:56:53,308 - INFO - productor: Enviadas 100 aeronaves al topic 'adsb.aeronaves'.
2025-07-13 17:57:02,913 - INFO - productor: Enviadas 100 aeronaves al topic 'adsb.aeronaves'.
2025-07-13 17:57:02,972 - INFO - productor: Enviadas 100 aeronaves al topic 'adsb.aeronaves'.
2025-07-13 17:57:03,031 - INFO - productor: Enviadas 100 aeronaves al topic 'adsb.aeronaves'.
2025-07-13 17:57:03,034 - INFO - productor: Enviadas 100 aeronaves al topic 'adsb.aeronaves'.
2025-07-13 17:57:03,067 - INFO - productor: Enviadas 100 aeronaves al topic 'adsb.aeronaves'.
2025-07-13 17:57:12,919 - INFO - productor: Enviadas 100 aeronaves al topic 'adsb.aeronaves'.
2025-07-13 17:57:12,970 - INFO - productor: Enviadas 100 aeronaves al topic 'adsb.aeronaves'.
2025-07-13 17:57:13,011 - INFO - productor: Enviadas 100 aeronaves al topic 'adsb.aeronaves'.
2025-07-13 17:57:13,060 - INFO - productor: Enviadas 100 aeronaves al topic 'adsb.aeronaves'.
2025-07-13 17:57:13,068 - INFO - productor: Enviadas 100 aeronaves al topic 'adsb.aeronaves'.
2025-07-13 17:57:22,917 - INFO - productor: Enviadas 100 aeronaves al topic 'adsb.aeronaves'.
2025-07-13 17:57:22,962 - INFO - productor: Enviadas 100 aeronaves al topic 'adsb.aeronaves'.
2025-07-13 17:57:23,087 - INFO - productor: Enviadas 100 aeronaves al topic 'adsb.aeronaves'.
2025-07-13 17:57:23,214 - INFO - productor: Enviadas 100 aeronaves al topic 'adsb.aeronaves'.
2025-07-13 17:57:23,222 - INFO - productor: Enviadas 100 aeronaves al topic 'adsb.aeronaves'.
2025-07-13 17:57:32,919 - INFO - productor: Enviadas 100 aeronaves al topic 'adsb.aeronaves'.
2025-07-13 17:57:32,965 - INFO - productor: Enviadas 100 aeronaves al topic 'adsb.aeronaves'.
2025-07-13 17:57:32,976 - INFO - productor: Enviadas 100 aeronaves al topic 'adsb.aeronaves'.
2025-07-13 17:57:33,011 - INFO - productor: Enviadas 100 aeronaves al topic 'adsb.aeronaves'.
2025-07-13 17:57:33,026 - INFO - productor: Enviadas 100 aeronaves al topic 'adsb.aeronaves'.
2025-07-13 17:57:42,923 - INFO - productor: Enviadas 100 aeronaves al topic 'adsb.aeronaves'.
2025-07-13 17:57:43,043 - INFO - productor: Enviadas 100 aeronaves al topic 'adsb.aeronaves'.
2025-07-13 17:57:43,046 - INFO - productor: Enviadas 100 aeronaves al topic 'adsb.aeronaves'.
2025-07-13 17:57:43,057 - INFO - productor: Enviadas 100 aeronaves al topic 'adsb.aeronaves'.
2025-07-13 17:57:43,137 - INFO - productor: Enviadas 100 aeronaves al topic 'adsb.aeronaves'.
2025-07-13 17:57:52,926 - INFO - productor: Enviadas 100 aeronaves al topic 'adsb.aeronaves'.
2025-07-13 17:57:52,989 - INFO - productor: Enviadas 100 aeronaves al topic 'adsb.aeronaves'.
2025-07-13 17:57:53,094 - INFO - productor: Enviadas 100 aeronaves al topic 'adsb.aeronaves'.
2025-07-13 17:57:53,099 - INFO - productor: Enviadas 100 aeronaves al topic 'adsb.aeronaves'.
2025-07-13 17:57:53,117 - INFO - productor: Enviadas 100 aeronaves al topic 'adsb.aeronaves'.
2025-07-13 17:58:02,926 - INFO - productor: Enviadas 100 aeronaves al topic 'adsb.aeronaves'.
2025-07-13 17:58:02,932 - INFO - productor: Enviadas 100 aeronaves al topic 'adsb.aeronaves'.
2025-07-13 17:58:02,966 - INFO - productor: Enviadas 100 aeronaves al topic 'adsb.aeronaves'.
2025-07-13 17:58:03,005 - INFO - productor: Enviadas 100 aeronaves al topic 'adsb.aeronaves'.
2025-07-13 17:58:03,051 - INFO - productor: Enviadas 100 aeronaves al topic 'adsb.aeronaves'.
2025-07-13 17:58:12,913 - INFO - productor: Enviadas 100 aeronaves al topic 'adsb.aeronaves'.
2025-07-13 17:58:12,968 - INFO - productor: Enviadas 100 aeronaves al topic 'adsb.aeronaves'.
2025-07-13 17:58:13,056 - INFO - productor: Enviadas 100 aeronaves al topic 'adsb.aeronaves'.
2025-07-13 17:58:13,136 - INFO - productor: Enviadas 100 aeronaves al topic 'adsb.aeronaves'.
2025-07-13 17:58:13,191 - INFO - productor: Enviadas 100 aeronaves al topic 'adsb.aeronaves'.
2025-07-13 17:58:22,922 - INFO - productor: Enviadas 100 aeronaves al topic 'adsb.aeronaves'.
2025-07-13 17:58:22,969 - INFO - productor: Enviadas 100 aeronaves al topic 'adsb.aeronaves'.
2025-07-13 17:58:23,010 - INFO - productor: Enviadas 100 aeronaves al topic 'adsb.aeronaves'.
2025-07-13 17:58:23,088 - INFO - productor: Enviadas 100 aeronaves al topic 'adsb.aeronaves'.
2025-07-13 17:58:23,096 - INFO - productor: Enviadas 100 aeronaves al topic 'adsb.aeronaves'.
2025-07-13 17:58:32,923 - INFO - productor: Enviadas 100 aeronaves al topic 'adsb.aeronaves'.
2025-07-13 17:58:32,997 - INFO - productor: Enviadas 100 aeronaves al topic 'adsb.aeronaves'.
2025-07-13 17:58:33,044 - INFO - productor: Enviadas 100 aeronaves al topic 'adsb.aeronaves'.
2025-07-13 17:58:33,090 - INFO - productor: Enviadas 100 aeronaves al topic 'adsb.aeronaves'.
2025-07-13 17:58:33,262 - INFO - productor: Enviadas 100 aeronaves al topic 'adsb.aeronaves'.
2025-07-13 17:58:42,919 - INFO - productor: Enviadas 100 aeronaves al topic 'adsb.aeronaves'.
2025-07-13 17:58:42,954 - INFO - productor: Enviadas 100 aeronaves al topic 'adsb.aeronaves'.
2025-07-13 17:58:42,992 - INFO - productor: Enviadas 100 aeronaves al topic 'adsb.aeronaves'.
2025-07-13 17:58:43,031 - INFO - productor: Enviadas 100 aeronaves al topic 'adsb.aeronaves'.
2025-07-13 17:58:43,349 - INFO - productor: Enviadas 100 aeronaves al topic 'adsb.aeronaves'.
2025-07-13 17:58:53,010 - INFO - productor: Enviadas 100 aeronaves al topic 'adsb.aeronaves'.
2025-07-13 17:58:53,331 - INFO - productor: Enviadas 100 aeronaves al topic 'adsb.aeronaves'.
2025-07-13 17:58:53,653 - INFO - productor: Enviadas 100 aeronaves al topic 'adsb.aeronaves'.
2025-07-13 17:58:53,860 - INFO - productor: Enviadas 100 aeronaves al topic 'adsb.aeronaves'.
2025-07-13 17:58:53,868 - INFO - productor: Enviadas 100 aeronaves al topic 'adsb.aeronaves'.
2025-07-13 17:59:02,917 - INFO - productor: Enviadas 100 aeronaves al topic 'adsb.aeronaves'.
2025-07-13 17:59:02,956 - INFO - productor: Enviadas 100 aeronaves al topic 'adsb.aeronaves'.
2025-07-13 17:59:03,042 - INFO - productor: Enviadas 100 aeronaves al topic 'adsb.aeronaves'.
2025-07-13 17:59:03,049 - INFO - productor: Enviadas 100 aeronaves al topic 'adsb.aeronaves'.
2025-07-13 17:59:03,061 - INFO - productor: Enviadas 100 aeronaves al topic 'adsb.aeronaves'.
2025-07-13 17:59:12,912 - INFO - productor: Enviadas 100 aeronaves al topic 'adsb.aeronaves'.
2025-07-13 17:59:13,051 - INFO - productor: Enviadas 100 aeronaves al topic 'adsb.aeronaves'.
2025-07-13 17:59:13,110 - INFO - productor: Enviadas 100 aeronaves al topic 'adsb.aeronaves'.
2025-07-13 17:59:13,114 - INFO - productor: Enviadas 100 aeronaves al topic 'adsb.aeronaves'.
2025-07-13 17:59:13,122 - INFO - productor: Enviadas 100 aeronaves al topic 'adsb.aeronaves'.
